mkdir: cannot create directory ‘lib/’: File exists
cp: cannot stat ‘/home/tdurieux/defects4j/framework/projects/Closure/lib/*’: No such file or directory
Running ant (compile)...................................................... OK
Running ant (compile.tests)................................................ OK
Picked up JAVA_TOOL_OPTIONS: -Dfile.encoding=UTF8
Please use CMSClassUnloadingEnabled in place of CMSPermGenSweepingEnabled in the future
Closure Compiler (http://code.google.com/closure/compiler)
Version: Unversioned directory
Built on: 2017/03/02 11:43
Closure Compiler (http://code.google.com/closure/compiler)
Version: Unversioned directory
Built on: 2017/03/02 11:43
java.lang.RuntimeException: java.lang.NullPointerException
	at com.google.javascript.jscomp.Compiler.runCallable(Compiler.java:654)
	at com.google.javascript.jscomp.Compiler.runInCompilerThread(Compiler.java:599)
	at com.google.javascript.jscomp.Compiler.compile(Compiler.java:581)
	at com.google.javascript.jscomp.Compiler.compile(Compiler.java:540)
	at com.google.javascript.jscomp.AbstractCommandLineRunner.doRun(AbstractCommandLineRunner.java:739)
	at com.google.javascript.jscomp.AbstractCommandLineRunner.run(AbstractCommandLineRunner.java:351)
	at com.google.javascript.jscomp.CommandLineRunnerTest.compile(CommandLineRunnerTest.java:1208)
	at com.google.javascript.jscomp.CommandLineRunnerTest.test(CommandLineRunnerTest.java:1091)
	at com.google.javascript.jscomp.CommandLineRunnerTest.test(CommandLineRunnerTest.java:1080)
	at com.google.javascript.jscomp.CommandLineRunnerTest.test(CommandLineRunnerTest.java:1072)
	at com.google.javascript.jscomp.CommandLineRunnerTest.testTransformAMDAndProcessCJS(CommandLineRunnerTest.java:1057)
	at sun.reflect.NativeMethodAccessorImpl.invoke0(Native Method)
	at sun.reflect.NativeMethodAccessorImpl.invoke(NativeMethodAccessorImpl.java:57)
	at sun.reflect.DelegatingMethodAccessorImpl.invoke(DelegatingMethodAccessorImpl.java:43)
	at java.lang.reflect.Method.invoke(Method.java:606)
	at junit.framework.TestCase.runTest(TestCase.java:176)
	at junit.framework.TestCase.runBare(TestCase.java:141)
	at junit.framework.TestResult$1.protect(TestResult.java:122)
	at junit.framework.TestResult.runProtected(TestResult.java:142)
	at junit.framework.TestResult.run(TestResult.java:125)
	at junit.framework.TestCase.run(TestCase.java:129)
	at junit.framework.TestSuite.runTest(TestSuite.java:255)
	at junit.framework.TestSuite.run(TestSuite.java:250)
	at org.junit.internal.runners.JUnit38ClassRunner.run(JUnit38ClassRunner.java:84)
	at org.junit.runner.JUnitCore.run(JUnitCore.java:160)
	at org.junit.runner.JUnitCore.run(JUnitCore.java:138)
	at xxl.java.junit.JUnitSingleTestRunner.call(JUnitSingleTestRunner.java:23)
	at xxl.java.junit.JUnitSingleTestRunner.call(JUnitSingleTestRunner.java:10)
	at java.util.concurrent.FutureTask.run(FutureTask.java:262)
	at java.util.concurrent.ThreadPoolExecutor.runWorker(ThreadPoolExecutor.java:1145)
	at java.util.concurrent.ThreadPoolExecutor$Worker.run(ThreadPoolExecutor.java:615)
	at java.lang.Thread.run(Thread.java:745)
Caused by: java.lang.NullPointerException
	at com.google.javascript.jscomp.Compiler.processAMDAndCommonJSModules(Compiler.java:1485)
	at com.google.javascript.jscomp.Compiler.parseInputs(Compiler.java:1277)
	at com.google.javascript.jscomp.Compiler.parse(Compiler.java:708)
	at com.google.javascript.jscomp.Compiler.compileInternal(Compiler.java:662)
	at com.google.javascript.jscomp.Compiler.access$000(Compiler.java:77)
	at com.google.javascript.jscomp.Compiler$1.call(Compiler.java:584)
	at com.google.javascript.jscomp.Compiler$1.call(Compiler.java:581)
	at com.google.javascript.jscomp.Compiler$2.run(Compiler.java:626)
	... 1 more
java.lang.RuntimeException: java.lang.NullPointerException
	at com.google.javascript.jscomp.Compiler.runCallable(Compiler.java:654)
	at com.google.javascript.jscomp.Compiler.runInCompilerThread(Compiler.java:599)
	at com.google.javascript.jscomp.Compiler.compile(Compiler.java:581)
	at com.google.javascript.jscomp.Compiler.compile(Compiler.java:540)
	at com.google.javascript.jscomp.AbstractCommandLineRunner.doRun(AbstractCommandLineRunner.java:739)
	at com.google.javascript.jscomp.AbstractCommandLineRunner.run(AbstractCommandLineRunner.java:351)
	at com.google.javascript.jscomp.CommandLineRunnerTest.compile(CommandLineRunnerTest.java:1208)
	at com.google.javascript.jscomp.CommandLineRunnerTest.test(CommandLineRunnerTest.java:1091)
	at com.google.javascript.jscomp.CommandLineRunnerTest.test(CommandLineRunnerTest.java:1080)
	at com.google.javascript.jscomp.CommandLineRunnerTest.test(CommandLineRunnerTest.java:1072)
	at com.google.javascript.jscomp.CommandLineRunnerTest.testProcessCJS(CommandLineRunnerTest.java:1048)
	at sun.reflect.NativeMethodAccessorImpl.invoke0(Native Method)
	at sun.reflect.NativeMethodAccessorImpl.invoke(NativeMethodAccessorImpl.java:57)
	at sun.reflect.DelegatingMethodAccessorImpl.invoke(DelegatingMethodAccessorImpl.java:43)
	at java.lang.reflect.Method.invoke(Method.java:606)
	at junit.framework.TestCase.runTest(TestCase.java:176)
	at junit.framework.TestCase.runBare(TestCase.java:141)
	at junit.framework.TestResult$1.protect(TestResult.java:122)
	at junit.framework.TestResult.runProtected(TestResult.java:142)
	at junit.framework.TestResult.run(TestResult.java:125)
	at junit.framework.TestCase.run(TestCase.java:129)
	at junit.framework.TestSuite.runTest(TestSuite.java:255)
	at junit.framework.TestSuite.run(TestSuite.java:250)
	at org.junit.internal.runners.JUnit38ClassRunner.run(JUnit38ClassRunner.java:84)
	at org.junit.runner.JUnitCore.run(JUnitCore.java:160)
	at org.junit.runner.JUnitCore.run(JUnitCore.java:138)
	at xxl.java.junit.JUnitSingleTestRunner.call(JUnitSingleTestRunner.java:23)
	at xxl.java.junit.JUnitSingleTestRunner.call(JUnitSingleTestRunner.java:10)
	at java.util.concurrent.FutureTask.run(FutureTask.java:262)
	at java.util.concurrent.ThreadPoolExecutor.runWorker(ThreadPoolExecutor.java:1145)
	at java.util.concurrent.ThreadPoolExecutor$Worker.run(ThreadPoolExecutor.java:615)
	at java.lang.Thread.run(Thread.java:745)
Caused by: java.lang.NullPointerException
	at com.google.javascript.jscomp.Compiler.processAMDAndCommonJSModules(Compiler.java:1485)
	at com.google.javascript.jscomp.Compiler.parseInputs(Compiler.java:1277)
	at com.google.javascript.jscomp.Compiler.parse(Compiler.java:708)
	at com.google.javascript.jscomp.Compiler.compileInternal(Compiler.java:662)
	at com.google.javascript.jscomp.Compiler.access$000(Compiler.java:77)
	at com.google.javascript.jscomp.Compiler$1.call(Compiler.java:584)
	at com.google.javascript.jscomp.Compiler$1.call(Compiler.java:581)
	at com.google.javascript.jscomp.Compiler$2.run(Compiler.java:626)
	... 1 more
Closure Compiler (http://code.google.com/closure/compiler)
Version: Unversioned directory
Built on: 2017/03/02 11:43
Closure Compiler (http://code.google.com/closure/compiler)
Version: Unversioned directory
Built on: 2017/03/02 11:43
Closure Compiler (http://code.google.com/closure/compiler)
Version: Unversioned directory
Built on: 2017/03/02 11:43
Closure Compiler (http://code.google.com/closure/compiler)
Version: Unversioned directory
Built on: 2017/03/02 11:43
Closure Compiler (http://code.google.com/closure/compiler)
Version: Unversioned directory
Built on: 2017/03/02 11:43
Closure Compiler (http://code.google.com/closure/compiler)
Version: Unversioned directory
Built on: 2017/03/02 11:43
Closure Compiler (http://code.google.com/closure/compiler)
Version: Unversioned directory
Built on: 2017/03/02 11:43
Closure Compiler (http://code.google.com/closure/compiler)
Version: Unversioned directory
Built on: 2017/03/02 11:43
Closure Compiler (http://code.google.com/closure/compiler)
Version: Unversioned directory
Built on: 2017/03/02 11:43
Closure Compiler (http://code.google.com/closure/compiler)
Version: Unversioned directory
Built on: 2017/03/02 11:43
Closure Compiler (http://code.google.com/closure/compiler)
Version: Unversioned directory
Built on: 2017/03/02 11:43
Closure Compiler (http://code.google.com/closure/compiler)
Version: Unversioned directory
Built on: 2017/03/02 11:43
Closure Compiler (http://code.google.com/closure/compiler)
Version: Unversioned directory
Built on: 2017/03/02 11:43
Closure Compiler (http://code.google.com/closure/compiler)
Version: Unversioned directory
Built on: 2017/03/02 11:43
java.lang.RuntimeException: java.lang.NullPointerException
	at com.google.javascript.jscomp.Compiler.runCallable(Compiler.java:654)
	at com.google.javascript.jscomp.Compiler.runInCompilerThread(Compiler.java:599)
	at com.google.javascript.jscomp.Compiler.compile(Compiler.java:581)
	at com.google.javascript.jscomp.Compiler.compile(Compiler.java:540)
	at com.google.javascript.jscomp.AbstractCommandLineRunner.doRun(AbstractCommandLineRunner.java:739)
	at com.google.javascript.jscomp.AbstractCommandLineRunner.run(AbstractCommandLineRunner.java:351)
	at com.google.javascript.jscomp.CommandLineRunnerTest.compile(CommandLineRunnerTest.java:1208)
	at com.google.javascript.jscomp.CommandLineRunnerTest.test(CommandLineRunnerTest.java:1091)
	at com.google.javascript.jscomp.CommandLineRunnerTest.test(CommandLineRunnerTest.java:1080)
	at com.google.javascript.jscomp.CommandLineRunnerTest.test(CommandLineRunnerTest.java:1072)
	at com.google.javascript.jscomp.CommandLineRunnerTest.testTransformAMDAndProcessCJS(CommandLineRunnerTest.java:1057)
	at sun.reflect.NativeMethodAccessorImpl.invoke0(Native Method)
	at sun.reflect.NativeMethodAccessorImpl.invoke(NativeMethodAccessorImpl.java:57)
	at sun.reflect.DelegatingMethodAccessorImpl.invoke(DelegatingMethodAccessorImpl.java:43)
	at java.lang.reflect.Method.invoke(Method.java:606)
	at junit.framework.TestCase.runTest(TestCase.java:176)
	at junit.framework.TestCase.runBare(TestCase.java:141)
	at junit.framework.TestResult$1.protect(TestResult.java:122)
	at junit.framework.TestResult.runProtected(TestResult.java:142)
	at junit.framework.TestResult.run(TestResult.java:125)
	at junit.framework.TestCase.run(TestCase.java:129)
	at junit.framework.TestSuite.runTest(TestSuite.java:255)
	at junit.framework.TestSuite.run(TestSuite.java:250)
	at org.junit.internal.runners.JUnit38ClassRunner.run(JUnit38ClassRunner.java:84)
	at org.junit.runner.JUnitCore.run(JUnitCore.java:160)
	at org.junit.runner.JUnitCore.run(JUnitCore.java:138)
	at xxl.java.junit.JUnitSingleTestRunner.call(JUnitSingleTestRunner.java:23)
	at xxl.java.junit.JUnitSingleTestRunner.call(JUnitSingleTestRunner.java:10)
	at java.util.concurrent.FutureTask.run(FutureTask.java:262)
	at java.util.concurrent.ThreadPoolExecutor.runWorker(ThreadPoolExecutor.java:1145)
	at java.util.concurrent.ThreadPoolExecutor$Worker.run(ThreadPoolExecutor.java:615)
	at java.lang.Thread.run(Thread.java:745)
Caused by: java.lang.NullPointerException
	at com.google.javascript.jscomp.Compiler.processAMDAndCommonJSModules(Compiler.java:1485)
	at com.google.javascript.jscomp.Compiler.parseInputs(Compiler.java:1277)
	at com.google.javascript.jscomp.Compiler.parse(Compiler.java:708)
	at com.google.javascript.jscomp.Compiler.compileInternal(Compiler.java:662)
	at com.google.javascript.jscomp.Compiler.access$000(Compiler.java:77)
	at com.google.javascript.jscomp.Compiler$1.call(Compiler.java:584)
	at com.google.javascript.jscomp.Compiler$1.call(Compiler.java:581)
	at com.google.javascript.jscomp.Compiler$2.run(Compiler.java:626)
	... 1 more
java.lang.RuntimeException: java.lang.NullPointerException
	at com.google.javascript.jscomp.Compiler.runCallable(Compiler.java:654)
	at com.google.javascript.jscomp.Compiler.runInCompilerThread(Compiler.java:599)
	at com.google.javascript.jscomp.Compiler.compile(Compiler.java:581)
	at com.google.javascript.jscomp.Compiler.compile(Compiler.java:540)
	at com.google.javascript.jscomp.AbstractCommandLineRunner.doRun(AbstractCommandLineRunner.java:739)
	at com.google.javascript.jscomp.AbstractCommandLineRunner.run(AbstractCommandLineRunner.java:351)
	at com.google.javascript.jscomp.CommandLineRunnerTest.compile(CommandLineRunnerTest.java:1208)
	at com.google.javascript.jscomp.CommandLineRunnerTest.test(CommandLineRunnerTest.java:1091)
	at com.google.javascript.jscomp.CommandLineRunnerTest.test(CommandLineRunnerTest.java:1080)
	at com.google.javascript.jscomp.CommandLineRunnerTest.test(CommandLineRunnerTest.java:1072)
	at com.google.javascript.jscomp.CommandLineRunnerTest.testProcessCJS(CommandLineRunnerTest.java:1048)
	at sun.reflect.NativeMethodAccessorImpl.invoke0(Native Method)
	at sun.reflect.NativeMethodAccessorImpl.invoke(NativeMethodAccessorImpl.java:57)
	at sun.reflect.DelegatingMethodAccessorImpl.invoke(DelegatingMethodAccessorImpl.java:43)
	at java.lang.reflect.Method.invoke(Method.java:606)
	at junit.framework.TestCase.runTest(TestCase.java:176)
	at junit.framework.TestCase.runBare(TestCase.java:141)
	at junit.framework.TestResult$1.protect(TestResult.java:122)
	at junit.framework.TestResult.runProtected(TestResult.java:142)
	at junit.framework.TestResult.run(TestResult.java:125)
	at junit.framework.TestCase.run(TestCase.java:129)
	at junit.framework.TestSuite.runTest(TestSuite.java:255)
	at junit.framework.TestSuite.run(TestSuite.java:250)
	at org.junit.internal.runners.JUnit38ClassRunner.run(JUnit38ClassRunner.java:84)
	at org.junit.runner.JUnitCore.run(JUnitCore.java:160)
	at org.junit.runner.JUnitCore.run(JUnitCore.java:138)
	at xxl.java.junit.JUnitSingleTestRunner.call(JUnitSingleTestRunner.java:23)
	at xxl.java.junit.JUnitSingleTestRunner.call(JUnitSingleTestRunner.java:10)
	at java.util.concurrent.FutureTask.run(FutureTask.java:262)
	at java.util.concurrent.ThreadPoolExecutor.runWorker(ThreadPoolExecutor.java:1145)
	at java.util.concurrent.ThreadPoolExecutor$Worker.run(ThreadPoolExecutor.java:615)
	at java.lang.Thread.run(Thread.java:745)
Caused by: java.lang.NullPointerException
	at com.google.javascript.jscomp.Compiler.processAMDAndCommonJSModules(Compiler.java:1485)
	at com.google.javascript.jscomp.Compiler.parseInputs(Compiler.java:1277)
	at com.google.javascript.jscomp.Compiler.parse(Compiler.java:708)
	at com.google.javascript.jscomp.Compiler.compileInternal(Compiler.java:662)
	at com.google.javascript.jscomp.Compiler.access$000(Compiler.java:77)
	at com.google.javascript.jscomp.Compiler$1.call(Compiler.java:584)
	at com.google.javascript.jscomp.Compiler$1.call(Compiler.java:581)
	at com.google.javascript.jscomp.Compiler$2.run(Compiler.java:626)
	... 1 more
Closure Compiler (http://code.google.com/closure/compiler)
Version: Unversioned directory
Built on: 2017/03/02 11:43
Closure Compiler (http://code.google.com/closure/compiler)
Version: Unversioned directory
Built on: 2017/03/02 11:43
Closure Compiler (http://code.google.com/closure/compiler)
Version: Unversioned directory
Built on: 2017/03/02 11:43
Closure Compiler (http://code.google.com/closure/compiler)
Version: Unversioned directory
Built on: 2017/03/02 11:43
Closure Compiler (http://code.google.com/closure/compiler)
Version: Unversioned directory
Built on: 2017/03/02 11:43
Closure Compiler (http://code.google.com/closure/compiler)
Version: Unversioned directory
Built on: 2017/03/02 11:43
Closure Compiler (http://code.google.com/closure/compiler)
Version: Unversioned directory
Built on: 2017/03/02 11:43
Closure Compiler (http://code.google.com/closure/compiler)
Version: Unversioned directory
Built on: 2017/03/02 11:43
java.lang.RuntimeException: java.lang.RuntimeException: INTERNAL COMPILER ERROR.
Please report this problem.
null
  Node(NAME exports): foo/bar.js:1:7
define({foo: 1})
  Parent(ASSIGN): foo/bar.js:1:7
define({foo: 1})

	at com.google.javascript.jscomp.Compiler.runCallable(Compiler.java:654)
	at com.google.javascript.jscomp.Compiler.runInCompilerThread(Compiler.java:599)
	at com.google.javascript.jscomp.Compiler.compile(Compiler.java:581)
	at com.google.javascript.jscomp.Compiler.compile(Compiler.java:540)
	at com.google.javascript.jscomp.AbstractCommandLineRunner.doRun(AbstractCommandLineRunner.java:739)
	at com.google.javascript.jscomp.AbstractCommandLineRunner.run(AbstractCommandLineRunner.java:351)
	at com.google.javascript.jscomp.CommandLineRunnerTest.compile(CommandLineRunnerTest.java:1208)
	at com.google.javascript.jscomp.CommandLineRunnerTest.test(CommandLineRunnerTest.java:1091)
	at com.google.javascript.jscomp.CommandLineRunnerTest.test(CommandLineRunnerTest.java:1080)
	at com.google.javascript.jscomp.CommandLineRunnerTest.test(CommandLineRunnerTest.java:1072)
	at com.google.javascript.jscomp.CommandLineRunnerTest.testTransformAMDAndProcessCJS(CommandLineRunnerTest.java:1057)
	at sun.reflect.NativeMethodAccessorImpl.invoke0(Native Method)
	at sun.reflect.NativeMethodAccessorImpl.invoke(NativeMethodAccessorImpl.java:57)
	at sun.reflect.DelegatingMethodAccessorImpl.invoke(DelegatingMethodAccessorImpl.java:43)
	at java.lang.reflect.Method.invoke(Method.java:606)
	at junit.framework.TestCase.runTest(TestCase.java:176)
	at junit.framework.TestCase.runBare(TestCase.java:141)
	at junit.framework.TestResult$1.protect(TestResult.java:122)
	at junit.framework.TestResult.runProtected(TestResult.java:142)
	at junit.framework.TestResult.run(TestResult.java:125)
	at junit.framework.TestCase.run(TestCase.java:129)
	at junit.framework.TestSuite.runTest(TestSuite.java:255)
	at junit.framework.TestSuite.run(TestSuite.java:250)
	at org.junit.internal.runners.JUnit38ClassRunner.run(JUnit38ClassRunner.java:84)
	at org.junit.runner.JUnitCore.run(JUnitCore.java:160)
	at org.junit.runner.JUnitCore.run(JUnitCore.java:138)
	at xxl.java.junit.JUnitSingleTestRunner.call(JUnitSingleTestRunner.java:23)
	at xxl.java.junit.JUnitSingleTestRunner.call(JUnitSingleTestRunner.java:10)
	at java.util.concurrent.FutureTask.run(FutureTask.java:262)
	at java.util.concurrent.ThreadPoolExecutor.runWorker(ThreadPoolExecutor.java:1145)
	at java.util.concurrent.ThreadPoolExecutor$Worker.run(ThreadPoolExecutor.java:615)
	at java.lang.Thread.run(Thread.java:745)
Caused by: java.lang.RuntimeException: INTERNAL COMPILER ERROR.
Please report this problem.
null
  Node(NAME exports): foo/bar.js:1:7
define({foo: 1})
  Parent(ASSIGN): foo/bar.js:1:7
define({foo: 1})

	at com.google.javascript.jscomp.ProcessCommonJSModules$ProcessCommonJsModulesCallback.visitModuleExports(ProcessCommonJSModules.java:140)
	at com.google.javascript.jscomp.ProcessCommonJSModules$ProcessCommonJsModulesCallback.visit(ProcessCommonJSModules.java:99)
	at com.google.javascript.jscomp.NodeTraversal.traverseBranch(NodeTraversal.java:504)
	at com.google.javascript.jscomp.NodeTraversal.traverseBranch(NodeTraversal.java:497)
	at com.google.javascript.jscomp.NodeTraversal.traverseBranch(NodeTraversal.java:497)
	at com.google.javascript.jscomp.NodeTraversal.traverseBranch(NodeTraversal.java:497)
	at com.google.javascript.jscomp.NodeTraversal.traverse(NodeTraversal.java:277)
	at com.google.javascript.jscomp.NodeTraversal.traverse(NodeTraversal.java:455)
	at com.google.javascript.jscomp.ProcessCommonJSModules.process(ProcessCommonJSModules.java:29)
	at com.google.javascript.jscomp.Compiler.processAMDAndCommonJSModules(Compiler.java:1457)
	at com.google.javascript.jscomp.Compiler.parseInputs(Compiler.java:1277)
	at com.google.javascript.jscomp.Compiler.parse(Compiler.java:708)
	at com.google.javascript.jscomp.Compiler.compileInternal(Compiler.java:662)
	at com.google.javascript.jscomp.Compiler.access$000(Compiler.java:77)
	at com.google.javascript.jscomp.Compiler$1.call(Compiler.java:584)
	at com.google.javascript.jscomp.Compiler$1.call(Compiler.java:581)
	at com.google.javascript.jscomp.Compiler$2.run(Compiler.java:626)
	... 1 more
Caused by: java.lang.NullPointerException
	... 18 more
java.lang.RuntimeException: java.lang.RuntimeException: INTERNAL COMPILER ERROR.
Please report this problem.
null
  Node(NAME exports): foo/bar.js:1:0
exports.test = 1
  Parent(GETPROP): foo/bar.js:1:0
exports.test = 1

	at com.google.javascript.jscomp.Compiler.runCallable(Compiler.java:654)
	at com.google.javascript.jscomp.Compiler.runInCompilerThread(Compiler.java:599)
	at com.google.javascript.jscomp.Compiler.compile(Compiler.java:581)
	at com.google.javascript.jscomp.Compiler.compile(Compiler.java:540)
	at com.google.javascript.jscomp.AbstractCommandLineRunner.doRun(AbstractCommandLineRunner.java:739)
	at com.google.javascript.jscomp.AbstractCommandLineRunner.run(AbstractCommandLineRunner.java:351)
	at com.google.javascript.jscomp.CommandLineRunnerTest.compile(CommandLineRunnerTest.java:1208)
	at com.google.javascript.jscomp.CommandLineRunnerTest.test(CommandLineRunnerTest.java:1091)
	at com.google.javascript.jscomp.CommandLineRunnerTest.test(CommandLineRunnerTest.java:1080)
	at com.google.javascript.jscomp.CommandLineRunnerTest.test(CommandLineRunnerTest.java:1072)
	at com.google.javascript.jscomp.CommandLineRunnerTest.testProcessCJS(CommandLineRunnerTest.java:1048)
	at sun.reflect.NativeMethodAccessorImpl.invoke0(Native Method)
	at sun.reflect.NativeMethodAccessorImpl.invoke(NativeMethodAccessorImpl.java:57)
	at sun.reflect.DelegatingMethodAccessorImpl.invoke(DelegatingMethodAccessorImpl.java:43)
	at java.lang.reflect.Method.invoke(Method.java:606)
	at junit.framework.TestCase.runTest(TestCase.java:176)
	at junit.framework.TestCase.runBare(TestCase.java:141)
	at junit.framework.TestResult$1.protect(TestResult.java:122)
	at junit.framework.TestResult.runProtected(TestResult.java:142)
	at junit.framework.TestResult.run(TestResult.java:125)
	at junit.framework.TestCase.run(TestCase.java:129)
	at junit.framework.TestSuite.runTest(TestSuite.java:255)
	at junit.framework.TestSuite.run(TestSuite.java:250)
	at org.junit.internal.runners.JUnit38ClassRunner.run(JUnit38ClassRunner.java:84)
	at org.junit.runner.JUnitCore.run(JUnitCore.java:160)
	at org.junit.runner.JUnitCore.run(JUnitCore.java:138)
	at xxl.java.junit.JUnitSingleTestRunner.call(JUnitSingleTestRunner.java:23)
	at xxl.java.junit.JUnitSingleTestRunner.call(JUnitSingleTestRunner.java:10)
	at java.util.concurrent.FutureTask.run(FutureTask.java:262)
	at java.util.concurrent.ThreadPoolExecutor.runWorker(ThreadPoolExecutor.java:1145)
	at java.util.concurrent.ThreadPoolExecutor$Worker.run(ThreadPoolExecutor.java:615)
	at java.lang.Thread.run(Thread.java:745)
Caused by: java.lang.RuntimeException: INTERNAL COMPILER ERROR.
Please report this problem.
null
  Node(NAME exports): foo/bar.js:1:0
exports.test = 1
  Parent(GETPROP): foo/bar.js:1:0
exports.test = 1

	at com.google.javascript.jscomp.ProcessCommonJSModules$ProcessCommonJsModulesCallback.visitModuleExports(ProcessCommonJSModules.java:140)
	at com.google.javascript.jscomp.ProcessCommonJSModules$ProcessCommonJsModulesCallback.visit(ProcessCommonJSModules.java:99)
	at com.google.javascript.jscomp.NodeTraversal.traverseBranch(NodeTraversal.java:504)
	at com.google.javascript.jscomp.NodeTraversal.traverseBranch(NodeTraversal.java:497)
	at com.google.javascript.jscomp.NodeTraversal.traverseBranch(NodeTraversal.java:497)
	at com.google.javascript.jscomp.NodeTraversal.traverseBranch(NodeTraversal.java:497)
	at com.google.javascript.jscomp.NodeTraversal.traverseBranch(NodeTraversal.java:497)
	at com.google.javascript.jscomp.NodeTraversal.traverse(NodeTraversal.java:277)
	at com.google.javascript.jscomp.NodeTraversal.traverse(NodeTraversal.java:455)
	at com.google.javascript.jscomp.ProcessCommonJSModules.process(ProcessCommonJSModules.java:29)
	at com.google.javascript.jscomp.Compiler.processAMDAndCommonJSModules(Compiler.java:1457)
	at com.google.javascript.jscomp.Compiler.parseInputs(Compiler.java:1277)
	at com.google.javascript.jscomp.Compiler.parse(Compiler.java:708)
	at com.google.javascript.jscomp.Compiler.compileInternal(Compiler.java:662)
	at com.google.javascript.jscomp.Compiler.access$000(Compiler.java:77)
	at com.google.javascript.jscomp.Compiler$1.call(Compiler.java:584)
	at com.google.javascript.jscomp.Compiler$1.call(Compiler.java:581)
	at com.google.javascript.jscomp.Compiler$2.run(Compiler.java:626)
	... 1 more
Caused by: java.lang.NullPointerException
	... 19 more
Closure Compiler (http://code.google.com/closure/compiler)
Version: Unversioned directory
Built on: 2017/03/02 11:43
Closure Compiler (http://code.google.com/closure/compiler)
Version: Unversioned directory
Built on: 2017/03/02 11:43
java.lang.RuntimeException: java.lang.NullPointerException
	at com.google.javascript.jscomp.Compiler.runCallable(Compiler.java:654)
	at com.google.javascript.jscomp.Compiler.runInCompilerThread(Compiler.java:599)
	at com.google.javascript.jscomp.Compiler.compile(Compiler.java:581)
	at com.google.javascript.jscomp.Compiler.compile(Compiler.java:540)
	at com.google.javascript.jscomp.AbstractCommandLineRunner.doRun(AbstractCommandLineRunner.java:739)
	at com.google.javascript.jscomp.AbstractCommandLineRunner.run(AbstractCommandLineRunner.java:351)
	at com.google.javascript.jscomp.CommandLineRunnerTest.compile(CommandLineRunnerTest.java:1208)
	at com.google.javascript.jscomp.CommandLineRunnerTest.test(CommandLineRunnerTest.java:1091)
	at com.google.javascript.jscomp.CommandLineRunnerTest.test(CommandLineRunnerTest.java:1080)
	at com.google.javascript.jscomp.CommandLineRunnerTest.test(CommandLineRunnerTest.java:1072)
	at com.google.javascript.jscomp.CommandLineRunnerTest.testTransformAMDAndProcessCJS(CommandLineRunnerTest.java:1057)
	at sun.reflect.NativeMethodAccessorImpl.invoke0(Native Method)
	at sun.reflect.NativeMethodAccessorImpl.invoke(NativeMethodAccessorImpl.java:57)
	at sun.reflect.DelegatingMethodAccessorImpl.invoke(DelegatingMethodAccessorImpl.java:43)
	at java.lang.reflect.Method.invoke(Method.java:606)
	at junit.framework.TestCase.runTest(TestCase.java:176)
	at junit.framework.TestCase.runBare(TestCase.java:141)
	at junit.framework.TestResult$1.protect(TestResult.java:122)
	at junit.framework.TestResult.runProtected(TestResult.java:142)
	at junit.framework.TestResult.run(TestResult.java:125)
	at junit.framework.TestCase.run(TestCase.java:129)
	at junit.framework.TestSuite.runTest(TestSuite.java:255)
	at junit.framework.TestSuite.run(TestSuite.java:250)
	at org.junit.internal.runners.JUnit38ClassRunner.run(JUnit38ClassRunner.java:84)
	at org.junit.runner.JUnitCore.run(JUnitCore.java:160)
	at org.junit.runner.JUnitCore.run(JUnitCore.java:138)
	at xxl.java.junit.JUnitSingleTestRunner.call(JUnitSingleTestRunner.java:23)
	at xxl.java.junit.JUnitSingleTestRunner.call(JUnitSingleTestRunner.java:10)
	at java.util.concurrent.FutureTask.run(FutureTask.java:262)
	at java.util.concurrent.ThreadPoolExecutor.runWorker(ThreadPoolExecutor.java:1145)
	at java.util.concurrent.ThreadPoolExecutor$Worker.run(ThreadPoolExecutor.java:615)
	at java.lang.Thread.run(Thread.java:745)
Caused by: java.lang.NullPointerException
	at com.google.javascript.jscomp.Compiler.processAMDAndCommonJSModules(Compiler.java:1485)
	at com.google.javascript.jscomp.Compiler.parseInputs(Compiler.java:1277)
	at com.google.javascript.jscomp.Compiler.parse(Compiler.java:708)
	at com.google.javascript.jscomp.Compiler.compileInternal(Compiler.java:662)
	at com.google.javascript.jscomp.Compiler.access$000(Compiler.java:77)
	at com.google.javascript.jscomp.Compiler$1.call(Compiler.java:584)
	at com.google.javascript.jscomp.Compiler$1.call(Compiler.java:581)
	at com.google.javascript.jscomp.Compiler$2.run(Compiler.java:626)
	... 1 more
java.lang.RuntimeException: java.lang.NullPointerException
	at com.google.javascript.jscomp.Compiler.runCallable(Compiler.java:654)
	at com.google.javascript.jscomp.Compiler.runInCompilerThread(Compiler.java:599)
	at com.google.javascript.jscomp.Compiler.compile(Compiler.java:581)
	at com.google.javascript.jscomp.Compiler.compile(Compiler.java:540)
	at com.google.javascript.jscomp.AbstractCommandLineRunner.doRun(AbstractCommandLineRunner.java:739)
	at com.google.javascript.jscomp.AbstractCommandLineRunner.run(AbstractCommandLineRunner.java:351)
	at com.google.javascript.jscomp.CommandLineRunnerTest.compile(CommandLineRunnerTest.java:1208)
	at com.google.javascript.jscomp.CommandLineRunnerTest.test(CommandLineRunnerTest.java:1091)
	at com.google.javascript.jscomp.CommandLineRunnerTest.test(CommandLineRunnerTest.java:1080)
	at com.google.javascript.jscomp.CommandLineRunnerTest.test(CommandLineRunnerTest.java:1072)
	at com.google.javascript.jscomp.CommandLineRunnerTest.testProcessCJS(CommandLineRunnerTest.java:1048)
	at sun.reflect.NativeMethodAccessorImpl.invoke0(Native Method)
	at sun.reflect.NativeMethodAccessorImpl.invoke(NativeMethodAccessorImpl.java:57)
	at sun.reflect.DelegatingMethodAccessorImpl.invoke(DelegatingMethodAccessorImpl.java:43)
	at java.lang.reflect.Method.invoke(Method.java:606)
	at junit.framework.TestCase.runTest(TestCase.java:176)
	at junit.framework.TestCase.runBare(TestCase.java:141)
	at junit.framework.TestResult$1.protect(TestResult.java:122)
	at junit.framework.TestResult.runProtected(TestResult.java:142)
	at junit.framework.TestResult.run(TestResult.java:125)
	at junit.framework.TestCase.run(TestCase.java:129)
	at junit.framework.TestSuite.runTest(TestSuite.java:255)
	at junit.framework.TestSuite.run(TestSuite.java:250)
	at org.junit.internal.runners.JUnit38ClassRunner.run(JUnit38ClassRunner.java:84)
	at org.junit.runner.JUnitCore.run(JUnitCore.java:160)
	at org.junit.runner.JUnitCore.run(JUnitCore.java:138)
	at xxl.java.junit.JUnitSingleTestRunner.call(JUnitSingleTestRunner.java:23)
	at xxl.java.junit.JUnitSingleTestRunner.call(JUnitSingleTestRunner.java:10)
	at java.util.concurrent.FutureTask.run(FutureTask.java:262)
	at java.util.concurrent.ThreadPoolExecutor.runWorker(ThreadPoolExecutor.java:1145)
	at java.util.concurrent.ThreadPoolExecutor$Worker.run(ThreadPoolExecutor.java:615)
	at java.lang.Thread.run(Thread.java:745)
Caused by: java.lang.NullPointerException
	at com.google.javascript.jscomp.Compiler.processAMDAndCommonJSModules(Compiler.java:1485)
	at com.google.javascript.jscomp.Compiler.parseInputs(Compiler.java:1277)
	at com.google.javascript.jscomp.Compiler.parse(Compiler.java:708)
	at com.google.javascript.jscomp.Compiler.compileInternal(Compiler.java:662)
	at com.google.javascript.jscomp.Compiler.access$000(Compiler.java:77)
	at com.google.javascript.jscomp.Compiler$1.call(Compiler.java:584)
	at com.google.javascript.jscomp.Compiler$1.call(Compiler.java:581)
	at com.google.javascript.jscomp.Compiler$2.run(Compiler.java:626)
	... 1 more
Closure Compiler (http://code.google.com/closure/compiler)
Version: Unversioned directory
Built on: 2017/03/02 11:43
Closure Compiler (http://code.google.com/closure/compiler)
Version: Unversioned directory
Built on: 2017/03/02 11:43
java.lang.RuntimeException: java.lang.RuntimeException: INTERNAL COMPILER ERROR.
Please report this problem.
ProcessCommonJSModules supports only one invocation per CompilerInput / script node
  Node(SCRIPT): foo/bar.js:1:0
define({foo: 1})
  Parent: NULL
	at com.google.javascript.jscomp.Compiler.runCallable(Compiler.java:654)
	at com.google.javascript.jscomp.Compiler.runInCompilerThread(Compiler.java:599)
	at com.google.javascript.jscomp.Compiler.compile(Compiler.java:581)
	at com.google.javascript.jscomp.Compiler.compile(Compiler.java:540)
	at com.google.javascript.jscomp.AbstractCommandLineRunner.doRun(AbstractCommandLineRunner.java:739)
	at com.google.javascript.jscomp.AbstractCommandLineRunner.run(AbstractCommandLineRunner.java:351)
	at com.google.javascript.jscomp.CommandLineRunnerTest.compile(CommandLineRunnerTest.java:1208)
	at com.google.javascript.jscomp.CommandLineRunnerTest.test(CommandLineRunnerTest.java:1091)
	at com.google.javascript.jscomp.CommandLineRunnerTest.test(CommandLineRunnerTest.java:1080)
	at com.google.javascript.jscomp.CommandLineRunnerTest.test(CommandLineRunnerTest.java:1072)
	at com.google.javascript.jscomp.CommandLineRunnerTest.testTransformAMDAndProcessCJS(CommandLineRunnerTest.java:1057)
	at sun.reflect.NativeMethodAccessorImpl.invoke0(Native Method)
	at sun.reflect.NativeMethodAccessorImpl.invoke(NativeMethodAccessorImpl.java:57)
	at sun.reflect.DelegatingMethodAccessorImpl.invoke(DelegatingMethodAccessorImpl.java:43)
	at java.lang.reflect.Method.invoke(Method.java:606)
	at junit.framework.TestCase.runTest(TestCase.java:176)
	at junit.framework.TestCase.runBare(TestCase.java:141)
	at junit.framework.TestResult$1.protect(TestResult.java:122)
	at junit.framework.TestResult.runProtected(TestResult.java:142)
	at junit.framework.TestResult.run(TestResult.java:125)
	at junit.framework.TestCase.run(TestCase.java:129)
	at junit.framework.TestSuite.runTest(TestSuite.java:255)
	at junit.framework.TestSuite.run(TestSuite.java:250)
	at org.junit.internal.runners.JUnit38ClassRunner.run(JUnit38ClassRunner.java:84)
	at org.junit.runner.JUnitCore.run(JUnitCore.java:160)
	at org.junit.runner.JUnitCore.run(JUnitCore.java:138)
	at xxl.java.junit.JUnitSingleTestRunner.call(JUnitSingleTestRunner.java:23)
	at xxl.java.junit.JUnitSingleTestRunner.call(JUnitSingleTestRunner.java:10)
	at java.util.concurrent.FutureTask.run(FutureTask.java:262)
	at java.util.concurrent.ThreadPoolExecutor.runWorker(ThreadPoolExecutor.java:1145)
	at java.util.concurrent.ThreadPoolExecutor$Worker.run(ThreadPoolExecutor.java:615)
	at java.lang.Thread.run(Thread.java:745)
Caused by: java.lang.RuntimeException: INTERNAL COMPILER ERROR.
Please report this problem.
ProcessCommonJSModules supports only one invocation per CompilerInput / script node
  Node(SCRIPT): foo/bar.js:1:0
define({foo: 1})
  Parent: NULL
	at com.google.common.base.Preconditions.checkArgument(Preconditions.java:93)
	at com.google.javascript.jscomp.ProcessCommonJSModules$ProcessCommonJsModulesCallback.visitScript(ProcessCommonJSModules.java:118)
	at com.google.javascript.jscomp.ProcessCommonJSModules$ProcessCommonJsModulesCallback.visit(ProcessCommonJSModules.java:98)
	at com.google.javascript.jscomp.NodeTraversal.traverseBranch(NodeTraversal.java:504)
	at com.google.javascript.jscomp.NodeTraversal.traverse(NodeTraversal.java:277)
	at com.google.javascript.jscomp.NodeTraversal.traverse(NodeTraversal.java:455)
	at com.google.javascript.jscomp.ProcessCommonJSModules.process(ProcessCommonJSModules.java:29)
	at com.google.javascript.jscomp.Compiler.processAMDAndCommonJSModules(Compiler.java:1457)
	at com.google.javascript.jscomp.Compiler.parseInputs(Compiler.java:1277)
	at com.google.javascript.jscomp.Compiler.parse(Compiler.java:708)
	at com.google.javascript.jscomp.Compiler.compileInternal(Compiler.java:662)
	at com.google.javascript.jscomp.Compiler.access$000(Compiler.java:77)
	at com.google.javascript.jscomp.Compiler$1.call(Compiler.java:584)
	at com.google.javascript.jscomp.Compiler$1.call(Compiler.java:581)
	at com.google.javascript.jscomp.Compiler$2.run(Compiler.java:626)
	... 1 more
Caused by: java.lang.IllegalArgumentException: ProcessCommonJSModules supports only one invocation per CompilerInput / script node
	... 16 more
java.lang.RuntimeException: java.lang.RuntimeException: INTERNAL COMPILER ERROR.
Please report this problem.
ProcessCommonJSModules supports only one invocation per CompilerInput / script node
  Node(SCRIPT): foo/bar.js:1:0
exports.test = 1
  Parent: NULL
	at com.google.javascript.jscomp.Compiler.runCallable(Compiler.java:654)
	at com.google.javascript.jscomp.Compiler.runInCompilerThread(Compiler.java:599)
	at com.google.javascript.jscomp.Compiler.compile(Compiler.java:581)
	at com.google.javascript.jscomp.Compiler.compile(Compiler.java:540)
	at com.google.javascript.jscomp.AbstractCommandLineRunner.doRun(AbstractCommandLineRunner.java:739)
	at com.google.javascript.jscomp.AbstractCommandLineRunner.run(AbstractCommandLineRunner.java:351)
	at com.google.javascript.jscomp.CommandLineRunnerTest.compile(CommandLineRunnerTest.java:1208)
	at com.google.javascript.jscomp.CommandLineRunnerTest.test(CommandLineRunnerTest.java:1091)
	at com.google.javascript.jscomp.CommandLineRunnerTest.test(CommandLineRunnerTest.java:1080)
	at com.google.javascript.jscomp.CommandLineRunnerTest.test(CommandLineRunnerTest.java:1072)
	at com.google.javascript.jscomp.CommandLineRunnerTest.testProcessCJS(CommandLineRunnerTest.java:1048)
	at sun.reflect.NativeMethodAccessorImpl.invoke0(Native Method)
	at sun.reflect.NativeMethodAccessorImpl.invoke(NativeMethodAccessorImpl.java:57)
	at sun.reflect.DelegatingMethodAccessorImpl.invoke(DelegatingMethodAccessorImpl.java:43)
	at java.lang.reflect.Method.invoke(Method.java:606)
	at junit.framework.TestCase.runTest(TestCase.java:176)
	at junit.framework.TestCase.runBare(TestCase.java:141)
	at junit.framework.TestResult$1.protect(TestResult.java:122)
	at junit.framework.TestResult.runProtected(TestResult.java:142)
	at junit.framework.TestResult.run(TestResult.java:125)
	at junit.framework.TestCase.run(TestCase.java:129)
	at junit.framework.TestSuite.runTest(TestSuite.java:255)
	at junit.framework.TestSuite.run(TestSuite.java:250)
	at org.junit.internal.runners.JUnit38ClassRunner.run(JUnit38ClassRunner.java:84)
	at org.junit.runner.JUnitCore.run(JUnitCore.java:160)
	at org.junit.runner.JUnitCore.run(JUnitCore.java:138)
	at xxl.java.junit.JUnitSingleTestRunner.call(JUnitSingleTestRunner.java:23)
	at xxl.java.junit.JUnitSingleTestRunner.call(JUnitSingleTestRunner.java:10)
	at java.util.concurrent.FutureTask.run(FutureTask.java:262)
	at java.util.concurrent.ThreadPoolExecutor.runWorker(ThreadPoolExecutor.java:1145)
	at java.util.concurrent.ThreadPoolExecutor$Worker.run(ThreadPoolExecutor.java:615)
	at java.lang.Thread.run(Thread.java:745)
Caused by: java.lang.RuntimeException: INTERNAL COMPILER ERROR.
Please report this problem.
ProcessCommonJSModules supports only one invocation per CompilerInput / script node
  Node(SCRIPT): foo/bar.js:1:0
exports.test = 1
  Parent: NULL
	at com.google.common.base.Preconditions.checkArgument(Preconditions.java:93)
	at com.google.javascript.jscomp.ProcessCommonJSModules$ProcessCommonJsModulesCallback.visitScript(ProcessCommonJSModules.java:118)
	at com.google.javascript.jscomp.ProcessCommonJSModules$ProcessCommonJsModulesCallback.visit(ProcessCommonJSModules.java:98)
	at com.google.javascript.jscomp.NodeTraversal.traverseBranch(NodeTraversal.java:504)
	at com.google.javascript.jscomp.NodeTraversal.traverse(NodeTraversal.java:277)
	at com.google.javascript.jscomp.NodeTraversal.traverse(NodeTraversal.java:455)
	at com.google.javascript.jscomp.ProcessCommonJSModules.process(ProcessCommonJSModules.java:29)
	at com.google.javascript.jscomp.Compiler.processAMDAndCommonJSModules(Compiler.java:1457)
	at com.google.javascript.jscomp.Compiler.parseInputs(Compiler.java:1277)
	at com.google.javascript.jscomp.Compiler.parse(Compiler.java:708)
	at com.google.javascript.jscomp.Compiler.compileInternal(Compiler.java:662)
	at com.google.javascript.jscomp.Compiler.access$000(Compiler.java:77)
	at com.google.javascript.jscomp.Compiler$1.call(Compiler.java:584)
	at com.google.javascript.jscomp.Compiler$1.call(Compiler.java:581)
	at com.google.javascript.jscomp.Compiler$2.run(Compiler.java:626)
	... 1 more
Caused by: java.lang.IllegalArgumentException: ProcessCommonJSModules supports only one invocation per CompilerInput / script node
	... 16 more
Closure Compiler (http://code.google.com/closure/compiler)
Version: Unversioned directory
Built on: 2017/03/02 11:43
Closure Compiler (http://code.google.com/closure/compiler)
Version: Unversioned directory
Built on: 2017/03/02 11:43
java.lang.RuntimeException: java.lang.NullPointerException
	at com.google.javascript.jscomp.Compiler.runCallable(Compiler.java:654)
	at com.google.javascript.jscomp.Compiler.runInCompilerThread(Compiler.java:599)
	at com.google.javascript.jscomp.Compiler.compile(Compiler.java:581)
	at com.google.javascript.jscomp.Compiler.compile(Compiler.java:540)
	at com.google.javascript.jscomp.AbstractCommandLineRunner.doRun(AbstractCommandLineRunner.java:739)
	at com.google.javascript.jscomp.AbstractCommandLineRunner.run(AbstractCommandLineRunner.java:351)
	at com.google.javascript.jscomp.CommandLineRunnerTest.compile(CommandLineRunnerTest.java:1208)
	at com.google.javascript.jscomp.CommandLineRunnerTest.test(CommandLineRunnerTest.java:1091)
	at com.google.javascript.jscomp.CommandLineRunnerTest.test(CommandLineRunnerTest.java:1080)
	at com.google.javascript.jscomp.CommandLineRunnerTest.test(CommandLineRunnerTest.java:1072)
	at com.google.javascript.jscomp.CommandLineRunnerTest.testTransformAMDAndProcessCJS(CommandLineRunnerTest.java:1057)
	at sun.reflect.NativeMethodAccessorImpl.invoke0(Native Method)
	at sun.reflect.NativeMethodAccessorImpl.invoke(NativeMethodAccessorImpl.java:57)
	at sun.reflect.DelegatingMethodAccessorImpl.invoke(DelegatingMethodAccessorImpl.java:43)
	at java.lang.reflect.Method.invoke(Method.java:606)
	at junit.framework.TestCase.runTest(TestCase.java:176)
	at junit.framework.TestCase.runBare(TestCase.java:141)
	at junit.framework.TestResult$1.protect(TestResult.java:122)
	at junit.framework.TestResult.runProtected(TestResult.java:142)
	at junit.framework.TestResult.run(TestResult.java:125)
	at junit.framework.TestCase.run(TestCase.java:129)
	at junit.framework.TestSuite.runTest(TestSuite.java:255)
	at junit.framework.TestSuite.run(TestSuite.java:250)
	at org.junit.internal.runners.JUnit38ClassRunner.run(JUnit38ClassRunner.java:84)
	at org.junit.runner.JUnitCore.run(JUnitCore.java:160)
	at org.junit.runner.JUnitCore.run(JUnitCore.java:138)
	at xxl.java.junit.JUnitSingleTestRunner.call(JUnitSingleTestRunner.java:23)
	at xxl.java.junit.JUnitSingleTestRunner.call(JUnitSingleTestRunner.java:10)
	at java.util.concurrent.FutureTask.run(FutureTask.java:262)
	at java.util.concurrent.ThreadPoolExecutor.runWorker(ThreadPoolExecutor.java:1145)
	at java.util.concurrent.ThreadPoolExecutor$Worker.run(ThreadPoolExecutor.java:615)
	at java.lang.Thread.run(Thread.java:745)
Caused by: java.lang.NullPointerException
	at com.google.javascript.jscomp.Compiler.processAMDAndCommonJSModules(Compiler.java:1485)
	at com.google.javascript.jscomp.Compiler.parseInputs(Compiler.java:1277)
	at com.google.javascript.jscomp.Compiler.parse(Compiler.java:708)
	at com.google.javascript.jscomp.Compiler.compileInternal(Compiler.java:662)
	at com.google.javascript.jscomp.Compiler.access$000(Compiler.java:77)
	at com.google.javascript.jscomp.Compiler$1.call(Compiler.java:584)
	at com.google.javascript.jscomp.Compiler$1.call(Compiler.java:581)
	at com.google.javascript.jscomp.Compiler$2.run(Compiler.java:626)
	... 1 more
java.lang.RuntimeException: java.lang.NullPointerException
	at com.google.javascript.jscomp.Compiler.runCallable(Compiler.java:654)
	at com.google.javascript.jscomp.Compiler.runInCompilerThread(Compiler.java:599)
	at com.google.javascript.jscomp.Compiler.compile(Compiler.java:581)
	at com.google.javascript.jscomp.Compiler.compile(Compiler.java:540)
	at com.google.javascript.jscomp.AbstractCommandLineRunner.doRun(AbstractCommandLineRunner.java:739)
	at com.google.javascript.jscomp.AbstractCommandLineRunner.run(AbstractCommandLineRunner.java:351)
	at com.google.javascript.jscomp.CommandLineRunnerTest.compile(CommandLineRunnerTest.java:1208)
	at com.google.javascript.jscomp.CommandLineRunnerTest.test(CommandLineRunnerTest.java:1091)
	at com.google.javascript.jscomp.CommandLineRunnerTest.test(CommandLineRunnerTest.java:1080)
	at com.google.javascript.jscomp.CommandLineRunnerTest.test(CommandLineRunnerTest.java:1072)
	at com.google.javascript.jscomp.CommandLineRunnerTest.testProcessCJS(CommandLineRunnerTest.java:1048)
	at sun.reflect.NativeMethodAccessorImpl.invoke0(Native Method)
	at sun.reflect.NativeMethodAccessorImpl.invoke(NativeMethodAccessorImpl.java:57)
	at sun.reflect.DelegatingMethodAccessorImpl.invoke(DelegatingMethodAccessorImpl.java:43)
	at java.lang.reflect.Method.invoke(Method.java:606)
	at junit.framework.TestCase.runTest(TestCase.java:176)
	at junit.framework.TestCase.runBare(TestCase.java:141)
	at junit.framework.TestResult$1.protect(TestResult.java:122)
	at junit.framework.TestResult.runProtected(TestResult.java:142)
	at junit.framework.TestResult.run(TestResult.java:125)
	at junit.framework.TestCase.run(TestCase.java:129)
	at junit.framework.TestSuite.runTest(TestSuite.java:255)
	at junit.framework.TestSuite.run(TestSuite.java:250)
	at org.junit.internal.runners.JUnit38ClassRunner.run(JUnit38ClassRunner.java:84)
	at org.junit.runner.JUnitCore.run(JUnitCore.java:160)
	at org.junit.runner.JUnitCore.run(JUnitCore.java:138)
	at xxl.java.junit.JUnitSingleTestRunner.call(JUnitSingleTestRunner.java:23)
	at xxl.java.junit.JUnitSingleTestRunner.call(JUnitSingleTestRunner.java:10)
	at java.util.concurrent.FutureTask.run(FutureTask.java:262)
	at java.util.concurrent.ThreadPoolExecutor.runWorker(ThreadPoolExecutor.java:1145)
	at java.util.concurrent.ThreadPoolExecutor$Worker.run(ThreadPoolExecutor.java:615)
	at java.lang.Thread.run(Thread.java:745)
Caused by: java.lang.NullPointerException
	at com.google.javascript.jscomp.Compiler.processAMDAndCommonJSModules(Compiler.java:1485)
	at com.google.javascript.jscomp.Compiler.parseInputs(Compiler.java:1277)
	at com.google.javascript.jscomp.Compiler.parse(Compiler.java:708)
	at com.google.javascript.jscomp.Compiler.compileInternal(Compiler.java:662)
	at com.google.javascript.jscomp.Compiler.access$000(Compiler.java:77)
	at com.google.javascript.jscomp.Compiler$1.call(Compiler.java:584)
	at com.google.javascript.jscomp.Compiler$1.call(Compiler.java:581)
	at com.google.javascript.jscomp.Compiler$2.run(Compiler.java:626)
	... 1 more
Closure Compiler (http://code.google.com/closure/compiler)
Version: Unversioned directory
Built on: 2017/03/02 11:43
Closure Compiler (http://code.google.com/closure/compiler)
Version: Unversioned directory
Built on: 2017/03/02 11:43
java.lang.RuntimeException: java.lang.RuntimeException: INTERNAL COMPILER ERROR.
Please report this problem.
ProcessCommonJSModules supports only one invocation per CompilerInput / script node
  Node(NUMBER 1.0): foo/bar.js:1:13
define({foo: 1})
  Parent(STRING_KEY foo): foo/bar.js:1:8
define({foo: 1})

	at com.google.javascript.jscomp.Compiler.runCallable(Compiler.java:654)
	at com.google.javascript.jscomp.Compiler.runInCompilerThread(Compiler.java:599)
	at com.google.javascript.jscomp.Compiler.compile(Compiler.java:581)
	at com.google.javascript.jscomp.Compiler.compile(Compiler.java:540)
	at com.google.javascript.jscomp.AbstractCommandLineRunner.doRun(AbstractCommandLineRunner.java:739)
	at com.google.javascript.jscomp.AbstractCommandLineRunner.run(AbstractCommandLineRunner.java:351)
	at com.google.javascript.jscomp.CommandLineRunnerTest.compile(CommandLineRunnerTest.java:1208)
	at com.google.javascript.jscomp.CommandLineRunnerTest.test(CommandLineRunnerTest.java:1091)
	at com.google.javascript.jscomp.CommandLineRunnerTest.test(CommandLineRunnerTest.java:1080)
	at com.google.javascript.jscomp.CommandLineRunnerTest.test(CommandLineRunnerTest.java:1072)
	at com.google.javascript.jscomp.CommandLineRunnerTest.testTransformAMDAndProcessCJS(CommandLineRunnerTest.java:1057)
	at sun.reflect.NativeMethodAccessorImpl.invoke0(Native Method)
	at sun.reflect.NativeMethodAccessorImpl.invoke(NativeMethodAccessorImpl.java:57)
	at sun.reflect.DelegatingMethodAccessorImpl.invoke(DelegatingMethodAccessorImpl.java:43)
	at java.lang.reflect.Method.invoke(Method.java:606)
	at junit.framework.TestCase.runTest(TestCase.java:176)
	at junit.framework.TestCase.runBare(TestCase.java:141)
	at junit.framework.TestResult$1.protect(TestResult.java:122)
	at junit.framework.TestResult.runProtected(TestResult.java:142)
	at junit.framework.TestResult.run(TestResult.java:125)
	at junit.framework.TestCase.run(TestCase.java:129)
	at junit.framework.TestSuite.runTest(TestSuite.java:255)
	at junit.framework.TestSuite.run(TestSuite.java:250)
	at org.junit.internal.runners.JUnit38ClassRunner.run(JUnit38ClassRunner.java:84)
	at org.junit.runner.JUnitCore.run(JUnitCore.java:160)
	at org.junit.runner.JUnitCore.run(JUnitCore.java:138)
	at xxl.java.junit.JUnitSingleTestRunner.call(JUnitSingleTestRunner.java:23)
	at xxl.java.junit.JUnitSingleTestRunner.call(JUnitSingleTestRunner.java:10)
	at java.util.concurrent.FutureTask.run(FutureTask.java:262)
	at java.util.concurrent.ThreadPoolExecutor.runWorker(ThreadPoolExecutor.java:1145)
	at java.util.concurrent.ThreadPoolExecutor$Worker.run(ThreadPoolExecutor.java:615)
	at java.lang.Thread.run(Thread.java:745)
Caused by: java.lang.RuntimeException: INTERNAL COMPILER ERROR.
Please report this problem.
ProcessCommonJSModules supports only one invocation per CompilerInput / script node
  Node(NUMBER 1.0): foo/bar.js:1:13
define({foo: 1})
  Parent(STRING_KEY foo): foo/bar.js:1:8
define({foo: 1})

	at com.google.common.base.Preconditions.checkArgument(Preconditions.java:93)
	at com.google.javascript.jscomp.ProcessCommonJSModules$ProcessCommonJsModulesCallback.visitScript(ProcessCommonJSModules.java:116)
	at com.google.javascript.jscomp.ProcessCommonJSModules$ProcessCommonJsModulesCallback.visit(ProcessCommonJSModules.java:96)
	at com.google.javascript.jscomp.NodeTraversal.traverseBranch(NodeTraversal.java:504)
	at com.google.javascript.jscomp.NodeTraversal.traverseBranch(NodeTraversal.java:497)
	at com.google.javascript.jscomp.NodeTraversal.traverseBranch(NodeTraversal.java:497)
	at com.google.javascript.jscomp.NodeTraversal.traverseBranch(NodeTraversal.java:497)
	at com.google.javascript.jscomp.NodeTraversal.traverseBranch(NodeTraversal.java:497)
	at com.google.javascript.jscomp.NodeTraversal.traverseBranch(NodeTraversal.java:497)
	at com.google.javascript.jscomp.NodeTraversal.traverse(NodeTraversal.java:277)
	at com.google.javascript.jscomp.NodeTraversal.traverse(NodeTraversal.java:455)
	at com.google.javascript.jscomp.ProcessCommonJSModules.process(ProcessCommonJSModules.java:29)
	at com.google.javascript.jscomp.Compiler.processAMDAndCommonJSModules(Compiler.java:1457)
	at com.google.javascript.jscomp.Compiler.parseInputs(Compiler.java:1277)
	at com.google.javascript.jscomp.Compiler.parse(Compiler.java:708)
	at com.google.javascript.jscomp.Compiler.compileInternal(Compiler.java:662)
	at com.google.javascript.jscomp.Compiler.access$000(Compiler.java:77)
	at com.google.javascript.jscomp.Compiler$1.call(Compiler.java:584)
	at com.google.javascript.jscomp.Compiler$1.call(Compiler.java:581)
	at com.google.javascript.jscomp.Compiler$2.run(Compiler.java:626)
	... 1 more
Caused by: java.lang.IllegalArgumentException: ProcessCommonJSModules supports only one invocation per CompilerInput / script node
	... 21 more
java.lang.RuntimeException: java.lang.RuntimeException: INTERNAL COMPILER ERROR.
Please report this problem.
ProcessCommonJSModules supports only one invocation per CompilerInput / script node
  Node(STRING test): foo/bar.js:1:8
exports.test = 1
  Parent(GETPROP): foo/bar.js:1:0
exports.test = 1

	at com.google.javascript.jscomp.Compiler.runCallable(Compiler.java:654)
	at com.google.javascript.jscomp.Compiler.runInCompilerThread(Compiler.java:599)
	at com.google.javascript.jscomp.Compiler.compile(Compiler.java:581)
	at com.google.javascript.jscomp.Compiler.compile(Compiler.java:540)
	at com.google.javascript.jscomp.AbstractCommandLineRunner.doRun(AbstractCommandLineRunner.java:739)
	at com.google.javascript.jscomp.AbstractCommandLineRunner.run(AbstractCommandLineRunner.java:351)
	at com.google.javascript.jscomp.CommandLineRunnerTest.compile(CommandLineRunnerTest.java:1208)
	at com.google.javascript.jscomp.CommandLineRunnerTest.test(CommandLineRunnerTest.java:1091)
	at com.google.javascript.jscomp.CommandLineRunnerTest.test(CommandLineRunnerTest.java:1080)
	at com.google.javascript.jscomp.CommandLineRunnerTest.test(CommandLineRunnerTest.java:1072)
	at com.google.javascript.jscomp.CommandLineRunnerTest.testProcessCJS(CommandLineRunnerTest.java:1048)
	at sun.reflect.NativeMethodAccessorImpl.invoke0(Native Method)
	at sun.reflect.NativeMethodAccessorImpl.invoke(NativeMethodAccessorImpl.java:57)
	at sun.reflect.DelegatingMethodAccessorImpl.invoke(DelegatingMethodAccessorImpl.java:43)
	at java.lang.reflect.Method.invoke(Method.java:606)
	at junit.framework.TestCase.runTest(TestCase.java:176)
	at junit.framework.TestCase.runBare(TestCase.java:141)
	at junit.framework.TestResult$1.protect(TestResult.java:122)
	at junit.framework.TestResult.runProtected(TestResult.java:142)
	at junit.framework.TestResult.run(TestResult.java:125)
	at junit.framework.TestCase.run(TestCase.java:129)
	at junit.framework.TestSuite.runTest(TestSuite.java:255)
	at junit.framework.TestSuite.run(TestSuite.java:250)
	at org.junit.internal.runners.JUnit38ClassRunner.run(JUnit38ClassRunner.java:84)
	at org.junit.runner.JUnitCore.run(JUnitCore.java:160)
	at org.junit.runner.JUnitCore.run(JUnitCore.java:138)
	at xxl.java.junit.JUnitSingleTestRunner.call(JUnitSingleTestRunner.java:23)
	at xxl.java.junit.JUnitSingleTestRunner.call(JUnitSingleTestRunner.java:10)
	at java.util.concurrent.FutureTask.run(FutureTask.java:262)
	at java.util.concurrent.ThreadPoolExecutor.runWorker(ThreadPoolExecutor.java:1145)
	at java.util.concurrent.ThreadPoolExecutor$Worker.run(ThreadPoolExecutor.java:615)
	at java.lang.Thread.run(Thread.java:745)
Caused by: java.lang.RuntimeException: INTERNAL COMPILER ERROR.
Please report this problem.
ProcessCommonJSModules supports only one invocation per CompilerInput / script node
  Node(STRING test): foo/bar.js:1:8
exports.test = 1
  Parent(GETPROP): foo/bar.js:1:0
exports.test = 1

	at com.google.common.base.Preconditions.checkArgument(Preconditions.java:93)
	at com.google.javascript.jscomp.ProcessCommonJSModules$ProcessCommonJsModulesCallback.visitScript(ProcessCommonJSModules.java:116)
	at com.google.javascript.jscomp.ProcessCommonJSModules$ProcessCommonJsModulesCallback.visit(ProcessCommonJSModules.java:96)
	at com.google.javascript.jscomp.NodeTraversal.traverseBranch(NodeTraversal.java:504)
	at com.google.javascript.jscomp.NodeTraversal.traverseBranch(NodeTraversal.java:497)
	at com.google.javascript.jscomp.NodeTraversal.traverseBranch(NodeTraversal.java:497)
	at com.google.javascript.jscomp.NodeTraversal.traverseBranch(NodeTraversal.java:497)
	at com.google.javascript.jscomp.NodeTraversal.traverseBranch(NodeTraversal.java:497)
	at com.google.javascript.jscomp.NodeTraversal.traverse(NodeTraversal.java:277)
	at com.google.javascript.jscomp.NodeTraversal.traverse(NodeTraversal.java:455)
	at com.google.javascript.jscomp.ProcessCommonJSModules.process(ProcessCommonJSModules.java:29)
	at com.google.javascript.jscomp.Compiler.processAMDAndCommonJSModules(Compiler.java:1457)
	at com.google.javascript.jscomp.Compiler.parseInputs(Compiler.java:1277)
	at com.google.javascript.jscomp.Compiler.parse(Compiler.java:708)
	at com.google.javascript.jscomp.Compiler.compileInternal(Compiler.java:662)
	at com.google.javascript.jscomp.Compiler.access$000(Compiler.java:77)
	at com.google.javascript.jscomp.Compiler$1.call(Compiler.java:584)
	at com.google.javascript.jscomp.Compiler$1.call(Compiler.java:581)
	at com.google.javascript.jscomp.Compiler$2.run(Compiler.java:626)
	... 1 more
Caused by: java.lang.IllegalArgumentException: ProcessCommonJSModules supports only one invocation per CompilerInput / script node
	... 20 more
java.lang.RuntimeException: java.lang.NullPointerException
	at com.google.javascript.jscomp.Compiler.runCallable(Compiler.java:654)
	at com.google.javascript.jscomp.Compiler.runInCompilerThread(Compiler.java:599)
	at com.google.javascript.jscomp.Compiler.compile(Compiler.java:581)
	at com.google.javascript.jscomp.Compiler.compile(Compiler.java:540)
	at com.google.javascript.jscomp.AbstractCommandLineRunner.doRun(AbstractCommandLineRunner.java:739)
	at com.google.javascript.jscomp.AbstractCommandLineRunner.run(AbstractCommandLineRunner.java:351)
	at com.google.javascript.jscomp.CommandLineRunnerTest.compile(CommandLineRunnerTest.java:1208)
	at com.google.javascript.jscomp.CommandLineRunnerTest.test(CommandLineRunnerTest.java:1091)
	at com.google.javascript.jscomp.CommandLineRunnerTest.test(CommandLineRunnerTest.java:1080)
	at com.google.javascript.jscomp.CommandLineRunnerTest.test(CommandLineRunnerTest.java:1072)
	at com.google.javascript.jscomp.CommandLineRunnerTest.testTransformAMDAndProcessCJS(CommandLineRunnerTest.java:1057)
	at sun.reflect.NativeMethodAccessorImpl.invoke0(Native Method)
	at sun.reflect.NativeMethodAccessorImpl.invoke(NativeMethodAccessorImpl.java:57)
	at sun.reflect.DelegatingMethodAccessorImpl.invoke(DelegatingMethodAccessorImpl.java:43)
	at java.lang.reflect.Method.invoke(Method.java:606)
	at junit.framework.TestCase.runTest(TestCase.java:176)
	at junit.framework.TestCase.runBare(TestCase.java:141)
	at junit.framework.TestResult$1.protect(TestResult.java:122)
	at junit.framework.TestResult.runProtected(TestResult.java:142)
	at junit.framework.TestResult.run(TestResult.java:125)
	at junit.framework.TestCase.run(TestCase.java:129)
	at junit.framework.TestSuite.runTest(TestSuite.java:255)
	at junit.framework.TestSuite.run(TestSuite.java:250)
	at org.junit.internal.runners.JUnit38ClassRunner.run(JUnit38ClassRunner.java:84)
	at org.junit.runner.JUnitCore.run(JUnitCore.java:160)
	at org.junit.runner.JUnitCore.run(JUnitCore.java:138)
	at xxl.java.junit.JUnitSingleTestRunner.call(JUnitSingleTestRunner.java:23)
	at xxl.java.junit.JUnitSingleTestRunner.call(JUnitSingleTestRunner.java:10)
	at java.util.concurrent.FutureTask.run(FutureTask.java:262)
	at java.util.concurrent.ThreadPoolExecutor.runWorker(ThreadPoolExecutor.java:1145)
	at java.util.concurrent.ThreadPoolExecutor$Worker.run(ThreadPoolExecutor.java:615)
	at java.lang.Thread.run(Thread.java:745)
Caused by: java.lang.NullPointerException
	at com.google.javascript.jscomp.Compiler.processAMDAndCommonJSModules(Compiler.java:1485)
	at com.google.javascript.jscomp.Compiler.parseInputs(Compiler.java:1277)
	at com.google.javascript.jscomp.Compiler.parse(Compiler.java:708)
	at com.google.javascript.jscomp.Compiler.compileInternal(Compiler.java:662)
	at com.google.javascript.jscomp.Compiler.access$000(Compiler.java:77)
	at com.google.javascript.jscomp.Compiler$1.call(Compiler.java:584)
	at com.google.javascript.jscomp.Compiler$1.call(Compiler.java:581)
	at com.google.javascript.jscomp.Compiler$2.run(Compiler.java:626)
	... 1 more
java.lang.RuntimeException: java.lang.NullPointerException
	at com.google.javascript.jscomp.Compiler.runCallable(Compiler.java:654)
	at com.google.javascript.jscomp.Compiler.runInCompilerThread(Compiler.java:599)
	at com.google.javascript.jscomp.Compiler.compile(Compiler.java:581)
	at com.google.javascript.jscomp.Compiler.compile(Compiler.java:540)
	at com.google.javascript.jscomp.AbstractCommandLineRunner.doRun(AbstractCommandLineRunner.java:739)
	at com.google.javascript.jscomp.AbstractCommandLineRunner.run(AbstractCommandLineRunner.java:351)
	at com.google.javascript.jscomp.CommandLineRunnerTest.compile(CommandLineRunnerTest.java:1208)
	at com.google.javascript.jscomp.CommandLineRunnerTest.test(CommandLineRunnerTest.java:1091)
	at com.google.javascript.jscomp.CommandLineRunnerTest.test(CommandLineRunnerTest.java:1080)
	at com.google.javascript.jscomp.CommandLineRunnerTest.test(CommandLineRunnerTest.java:1072)
	at com.google.javascript.jscomp.CommandLineRunnerTest.testProcessCJS(CommandLineRunnerTest.java:1048)
	at sun.reflect.NativeMethodAccessorImpl.invoke0(Native Method)
	at sun.reflect.NativeMethodAccessorImpl.invoke(NativeMethodAccessorImpl.java:57)
	at sun.reflect.DelegatingMethodAccessorImpl.invoke(DelegatingMethodAccessorImpl.java:43)
	at java.lang.reflect.Method.invoke(Method.java:606)
	at junit.framework.TestCase.runTest(TestCase.java:176)
	at junit.framework.TestCase.runBare(TestCase.java:141)
	at junit.framework.TestResult$1.protect(TestResult.java:122)
	at junit.framework.TestResult.runProtected(TestResult.java:142)
	at junit.framework.TestResult.run(TestResult.java:125)
	at junit.framework.TestCase.run(TestCase.java:129)
	at junit.framework.TestSuite.runTest(TestSuite.java:255)
	at junit.framework.TestSuite.run(TestSuite.java:250)
	at org.junit.internal.runners.JUnit38ClassRunner.run(JUnit38ClassRunner.java:84)
	at org.junit.runner.JUnitCore.run(JUnitCore.java:160)
	at org.junit.runner.JUnitCore.run(JUnitCore.java:138)
	at xxl.java.junit.JUnitSingleTestRunner.call(JUnitSingleTestRunner.java:23)
	at xxl.java.junit.JUnitSingleTestRunner.call(JUnitSingleTestRunner.java:10)
	at java.util.concurrent.FutureTask.run(FutureTask.java:262)
	at java.util.concurrent.ThreadPoolExecutor.runWorker(ThreadPoolExecutor.java:1145)
	at java.util.concurrent.ThreadPoolExecutor$Worker.run(ThreadPoolExecutor.java:615)
	at java.lang.Thread.run(Thread.java:745)
Caused by: java.lang.NullPointerException
	at com.google.javascript.jscomp.Compiler.processAMDAndCommonJSModules(Compiler.java:1485)
	at com.google.javascript.jscomp.Compiler.parseInputs(Compiler.java:1277)
	at com.google.javascript.jscomp.Compiler.parse(Compiler.java:708)
	at com.google.javascript.jscomp.Compiler.compileInternal(Compiler.java:662)
	at com.google.javascript.jscomp.Compiler.access$000(Compiler.java:77)
	at com.google.javascript.jscomp.Compiler$1.call(Compiler.java:584)
	at com.google.javascript.jscomp.Compiler$1.call(Compiler.java:581)
	at com.google.javascript.jscomp.Compiler$2.run(Compiler.java:626)
	... 1 more
Closure Compiler (http://code.google.com/closure/compiler)
Version: Unversioned directory
Built on: 2017/03/02 11:43
Closure Compiler (http://code.google.com/closure/compiler)
Version: Unversioned directory
Built on: 2017/03/02 11:43
Closure Compiler (http://code.google.com/closure/compiler)
Version: Unversioned directory
Built on: 2017/03/02 11:43
Closure Compiler (http://code.google.com/closure/compiler)
Version: Unversioned directory
Built on: 2017/03/02 11:43
java.lang.RuntimeException: java.lang.RuntimeException: INTERNAL COMPILER ERROR.
Please report this problem.
null
  Node(NAME exports): foo/bar.js:1:7
define({foo: 1})
  Parent(ASSIGN): foo/bar.js:1:7
define({foo: 1})

	at com.google.javascript.jscomp.Compiler.runCallable(Compiler.java:654)
	at com.google.javascript.jscomp.Compiler.runInCompilerThread(Compiler.java:599)
	at com.google.javascript.jscomp.Compiler.compile(Compiler.java:581)
	at com.google.javascript.jscomp.Compiler.compile(Compiler.java:540)
	at com.google.javascript.jscomp.AbstractCommandLineRunner.doRun(AbstractCommandLineRunner.java:739)
	at com.google.javascript.jscomp.AbstractCommandLineRunner.run(AbstractCommandLineRunner.java:351)
	at com.google.javascript.jscomp.CommandLineRunnerTest.compile(CommandLineRunnerTest.java:1208)
	at com.google.javascript.jscomp.CommandLineRunnerTest.test(CommandLineRunnerTest.java:1091)
	at com.google.javascript.jscomp.CommandLineRunnerTest.test(CommandLineRunnerTest.java:1080)
	at com.google.javascript.jscomp.CommandLineRunnerTest.test(CommandLineRunnerTest.java:1072)
	at com.google.javascript.jscomp.CommandLineRunnerTest.testTransformAMDAndProcessCJS(CommandLineRunnerTest.java:1057)
	at sun.reflect.NativeMethodAccessorImpl.invoke0(Native Method)
	at sun.reflect.NativeMethodAccessorImpl.invoke(NativeMethodAccessorImpl.java:57)
	at sun.reflect.DelegatingMethodAccessorImpl.invoke(DelegatingMethodAccessorImpl.java:43)
	at java.lang.reflect.Method.invoke(Method.java:606)
	at junit.framework.TestCase.runTest(TestCase.java:176)
	at junit.framework.TestCase.runBare(TestCase.java:141)
	at junit.framework.TestResult$1.protect(TestResult.java:122)
	at junit.framework.TestResult.runProtected(TestResult.java:142)
	at junit.framework.TestResult.run(TestResult.java:125)
	at junit.framework.TestCase.run(TestCase.java:129)
	at junit.framework.TestSuite.runTest(TestSuite.java:255)
	at junit.framework.TestSuite.run(TestSuite.java:250)
	at org.junit.internal.runners.JUnit38ClassRunner.run(JUnit38ClassRunner.java:84)
	at org.junit.runner.JUnitCore.run(JUnitCore.java:160)
	at org.junit.runner.JUnitCore.run(JUnitCore.java:138)
	at xxl.java.junit.JUnitSingleTestRunner.call(JUnitSingleTestRunner.java:23)
	at xxl.java.junit.JUnitSingleTestRunner.call(JUnitSingleTestRunner.java:10)
	at java.util.concurrent.FutureTask.run(FutureTask.java:262)
	at java.util.concurrent.ThreadPoolExecutor.runWorker(ThreadPoolExecutor.java:1145)
	at java.util.concurrent.ThreadPoolExecutor$Worker.run(ThreadPoolExecutor.java:615)
	at java.lang.Thread.run(Thread.java:745)
Caused by: java.lang.RuntimeException: INTERNAL COMPILER ERROR.
Please report this problem.
null
  Node(NAME exports): foo/bar.js:1:7
define({foo: 1})
  Parent(ASSIGN): foo/bar.js:1:7
define({foo: 1})

	at com.google.javascript.rhino.Node.getChildAtIndex(Node.java:569)
	at com.google.javascript.jscomp.ProcessCommonJSModules$ProcessCommonJsModulesCallback.visitRequireCall(ProcessCommonJSModules.java:105)
	at com.google.javascript.jscomp.ProcessCommonJSModules$ProcessCommonJsModulesCallback.visit(ProcessCommonJSModules.java:93)
	at com.google.javascript.jscomp.NodeTraversal.traverseBranch(NodeTraversal.java:504)
	at com.google.javascript.jscomp.NodeTraversal.traverseBranch(NodeTraversal.java:497)
	at com.google.javascript.jscomp.NodeTraversal.traverseBranch(NodeTraversal.java:497)
	at com.google.javascript.jscomp.NodeTraversal.traverseBranch(NodeTraversal.java:497)
	at com.google.javascript.jscomp.NodeTraversal.traverse(NodeTraversal.java:277)
	at com.google.javascript.jscomp.NodeTraversal.traverse(NodeTraversal.java:455)
	at com.google.javascript.jscomp.ProcessCommonJSModules.process(ProcessCommonJSModules.java:29)
	at com.google.javascript.jscomp.Compiler.processAMDAndCommonJSModules(Compiler.java:1457)
	at com.google.javascript.jscomp.Compiler.parseInputs(Compiler.java:1277)
	at com.google.javascript.jscomp.Compiler.parse(Compiler.java:708)
	at com.google.javascript.jscomp.Compiler.compileInternal(Compiler.java:662)
	at com.google.javascript.jscomp.Compiler.access$000(Compiler.java:77)
	at com.google.javascript.jscomp.Compiler$1.call(Compiler.java:584)
	at com.google.javascript.jscomp.Compiler$1.call(Compiler.java:581)
	at com.google.javascript.jscomp.Compiler$2.run(Compiler.java:626)
	... 1 more
Caused by: java.lang.NullPointerException
	... 19 more
java.lang.RuntimeException: java.lang.RuntimeException: INTERNAL COMPILER ERROR.
Please report this problem.
null
  Node(NAME exports): foo/bar.js:1:0
exports.test = 1
  Parent(GETPROP): foo/bar.js:1:0
exports.test = 1

	at com.google.javascript.jscomp.Compiler.runCallable(Compiler.java:654)
	at com.google.javascript.jscomp.Compiler.runInCompilerThread(Compiler.java:599)
	at com.google.javascript.jscomp.Compiler.compile(Compiler.java:581)
	at com.google.javascript.jscomp.Compiler.compile(Compiler.java:540)
	at com.google.javascript.jscomp.AbstractCommandLineRunner.doRun(AbstractCommandLineRunner.java:739)
	at com.google.javascript.jscomp.AbstractCommandLineRunner.run(AbstractCommandLineRunner.java:351)
	at com.google.javascript.jscomp.CommandLineRunnerTest.compile(CommandLineRunnerTest.java:1208)
	at com.google.javascript.jscomp.CommandLineRunnerTest.test(CommandLineRunnerTest.java:1091)
	at com.google.javascript.jscomp.CommandLineRunnerTest.test(CommandLineRunnerTest.java:1080)
	at com.google.javascript.jscomp.CommandLineRunnerTest.test(CommandLineRunnerTest.java:1072)
	at com.google.javascript.jscomp.CommandLineRunnerTest.testProcessCJS(CommandLineRunnerTest.java:1048)
	at sun.reflect.NativeMethodAccessorImpl.invoke0(Native Method)
	at sun.reflect.NativeMethodAccessorImpl.invoke(NativeMethodAccessorImpl.java:57)
	at sun.reflect.DelegatingMethodAccessorImpl.invoke(DelegatingMethodAccessorImpl.java:43)
	at java.lang.reflect.Method.invoke(Method.java:606)
	at junit.framework.TestCase.runTest(TestCase.java:176)
	at junit.framework.TestCase.runBare(TestCase.java:141)
	at junit.framework.TestResult$1.protect(TestResult.java:122)
	at junit.framework.TestResult.runProtected(TestResult.java:142)
	at junit.framework.TestResult.run(TestResult.java:125)
	at junit.framework.TestCase.run(TestCase.java:129)
	at junit.framework.TestSuite.runTest(TestSuite.java:255)
	at junit.framework.TestSuite.run(TestSuite.java:250)
	at org.junit.internal.runners.JUnit38ClassRunner.run(JUnit38ClassRunner.java:84)
	at org.junit.runner.JUnitCore.run(JUnitCore.java:160)
	at org.junit.runner.JUnitCore.run(JUnitCore.java:138)
	at xxl.java.junit.JUnitSingleTestRunner.call(JUnitSingleTestRunner.java:23)
	at xxl.java.junit.JUnitSingleTestRunner.call(JUnitSingleTestRunner.java:10)
	at java.util.concurrent.FutureTask.run(FutureTask.java:262)
	at java.util.concurrent.ThreadPoolExecutor.runWorker(ThreadPoolExecutor.java:1145)
	at java.util.concurrent.ThreadPoolExecutor$Worker.run(ThreadPoolExecutor.java:615)
	at java.lang.Thread.run(Thread.java:745)
Caused by: java.lang.RuntimeException: INTERNAL COMPILER ERROR.
Please report this problem.
null
  Node(NAME exports): foo/bar.js:1:0
exports.test = 1
  Parent(GETPROP): foo/bar.js:1:0
exports.test = 1

	at com.google.javascript.rhino.Node.getChildAtIndex(Node.java:569)
	at com.google.javascript.jscomp.ProcessCommonJSModules$ProcessCommonJsModulesCallback.visitRequireCall(ProcessCommonJSModules.java:105)
	at com.google.javascript.jscomp.ProcessCommonJSModules$ProcessCommonJsModulesCallback.visit(ProcessCommonJSModules.java:93)
	at com.google.javascript.jscomp.NodeTraversal.traverseBranch(NodeTraversal.java:504)
	at com.google.javascript.jscomp.NodeTraversal.traverseBranch(NodeTraversal.java:497)
	at com.google.javascript.jscomp.NodeTraversal.traverseBranch(NodeTraversal.java:497)
	at com.google.javascript.jscomp.NodeTraversal.traverseBranch(NodeTraversal.java:497)
	at com.google.javascript.jscomp.NodeTraversal.traverseBranch(NodeTraversal.java:497)
	at com.google.javascript.jscomp.NodeTraversal.traverse(NodeTraversal.java:277)
	at com.google.javascript.jscomp.NodeTraversal.traverse(NodeTraversal.java:455)
	at com.google.javascript.jscomp.ProcessCommonJSModules.process(ProcessCommonJSModules.java:29)
	at com.google.javascript.jscomp.Compiler.processAMDAndCommonJSModules(Compiler.java:1457)
	at com.google.javascript.jscomp.Compiler.parseInputs(Compiler.java:1277)
	at com.google.javascript.jscomp.Compiler.parse(Compiler.java:708)
	at com.google.javascript.jscomp.Compiler.compileInternal(Compiler.java:662)
	at com.google.javascript.jscomp.Compiler.access$000(Compiler.java:77)
	at com.google.javascript.jscomp.Compiler$1.call(Compiler.java:584)
	at com.google.javascript.jscomp.Compiler$1.call(Compiler.java:581)
	at com.google.javascript.jscomp.Compiler$2.run(Compiler.java:626)
	... 1 more
Caused by: java.lang.NullPointerException
	... 20 more
Closure Compiler (http://code.google.com/closure/compiler)
Version: Unversioned directory
Built on: 2017/03/02 11:43
Closure Compiler (http://code.google.com/closure/compiler)
Version: Unversioned directory
Built on: 2017/03/02 11:43
Closure Compiler (http://code.google.com/closure/compiler)
Version: Unversioned directory
Built on: 2017/03/02 11:43
Closure Compiler (http://code.google.com/closure/compiler)
Version: Unversioned directory
Built on: 2017/03/02 11:43
Closure Compiler (http://code.google.com/closure/compiler)
Version: Unversioned directory
Built on: 2017/03/02 11:43
Closure Compiler (http://code.google.com/closure/compiler)
Version: Unversioned directory
Built on: 2017/03/02 11:43
Closure Compiler (http://code.google.com/closure/compiler)
Version: Unversioned directory
Built on: 2017/03/02 11:43
Closure Compiler (http://code.google.com/closure/compiler)
Version: Unversioned directory
Built on: 2017/03/02 11:43
Closure Compiler (http://code.google.com/closure/compiler)
Version: Unversioned directory
Built on: 2017/03/02 11:43
Closure Compiler (http://code.google.com/closure/compiler)
Version: Unversioned directory
Built on: 2017/03/02 11:43
Closure Compiler (http://code.google.com/closure/compiler)
Version: Unversioned directory
Built on: 2017/03/02 11:43
Closure Compiler (http://code.google.com/closure/compiler)
Version: Unversioned directory
Built on: 2017/03/02 11:43
Closure Compiler (http://code.google.com/closure/compiler)
Version: Unversioned directory
Built on: 2017/03/02 11:43
Closure Compiler (http://code.google.com/closure/compiler)
Version: Unversioned directory
Built on: 2017/03/02 11:43
Closure Compiler (http://code.google.com/closure/compiler)
Version: Unversioned directory
Built on: 2017/03/02 11:43
Closure Compiler (http://code.google.com/closure/compiler)
Version: Unversioned directory
Built on: 2017/03/02 11:43
Closure Compiler (http://code.google.com/closure/compiler)
Version: Unversioned directory
Built on: 2017/03/02 11:43
Closure Compiler (http://code.google.com/closure/compiler)
Version: Unversioned directory
Built on: 2017/03/02 11:43
java.lang.RuntimeException: java.lang.RuntimeException: INTERNAL COMPILER ERROR.
Please report this problem.
INTERNAL COMPILER ERROR.
Please report this problem.
GETPROP 1 [source_file: foo/bar.js] is not a string node
  Node(GETPROP): foo/bar.js:1:0
define({foo: 1})
  Parent(CALL): foo/bar.js:1:0
define({foo: 1})

  Node(SCRIPT): foo/bar.js:1:0
define({foo: 1})
  Parent: NULL
	at com.google.javascript.jscomp.Compiler.runCallable(Compiler.java:654)
	at com.google.javascript.jscomp.Compiler.runInCompilerThread(Compiler.java:599)
	at com.google.javascript.jscomp.Compiler.compile(Compiler.java:581)
	at com.google.javascript.jscomp.Compiler.compile(Compiler.java:540)
	at com.google.javascript.jscomp.AbstractCommandLineRunner.doRun(AbstractCommandLineRunner.java:739)
	at com.google.javascript.jscomp.AbstractCommandLineRunner.run(AbstractCommandLineRunner.java:351)
	at com.google.javascript.jscomp.CommandLineRunnerTest.compile(CommandLineRunnerTest.java:1208)
	at com.google.javascript.jscomp.CommandLineRunnerTest.test(CommandLineRunnerTest.java:1091)
	at com.google.javascript.jscomp.CommandLineRunnerTest.test(CommandLineRunnerTest.java:1080)
	at com.google.javascript.jscomp.CommandLineRunnerTest.test(CommandLineRunnerTest.java:1072)
	at com.google.javascript.jscomp.CommandLineRunnerTest.testTransformAMDAndProcessCJS(CommandLineRunnerTest.java:1057)
	at sun.reflect.NativeMethodAccessorImpl.invoke0(Native Method)
	at sun.reflect.NativeMethodAccessorImpl.invoke(NativeMethodAccessorImpl.java:57)
	at sun.reflect.DelegatingMethodAccessorImpl.invoke(DelegatingMethodAccessorImpl.java:43)
	at java.lang.reflect.Method.invoke(Method.java:606)
	at junit.framework.TestCase.runTest(TestCase.java:176)
	at junit.framework.TestCase.runBare(TestCase.java:141)
	at junit.framework.TestResult$1.protect(TestResult.java:122)
	at junit.framework.TestResult.runProtected(TestResult.java:142)
	at junit.framework.TestResult.run(TestResult.java:125)
	at junit.framework.TestCase.run(TestCase.java:129)
	at junit.framework.TestSuite.runTest(TestSuite.java:255)
	at junit.framework.TestSuite.run(TestSuite.java:250)
	at org.junit.internal.runners.JUnit38ClassRunner.run(JUnit38ClassRunner.java:84)
	at org.junit.runner.JUnitCore.run(JUnitCore.java:160)
	at org.junit.runner.JUnitCore.run(JUnitCore.java:138)
	at xxl.java.junit.JUnitSingleTestRunner.call(JUnitSingleTestRunner.java:23)
	at xxl.java.junit.JUnitSingleTestRunner.call(JUnitSingleTestRunner.java:10)
	at java.util.concurrent.FutureTask.run(FutureTask.java:262)
	at java.util.concurrent.ThreadPoolExecutor.runWorker(ThreadPoolExecutor.java:1145)
	at java.util.concurrent.ThreadPoolExecutor$Worker.run(ThreadPoolExecutor.java:615)
	at java.lang.Thread.run(Thread.java:745)
Caused by: java.lang.RuntimeException: INTERNAL COMPILER ERROR.
Please report this problem.
INTERNAL COMPILER ERROR.
Please report this problem.
GETPROP 1 [source_file: foo/bar.js] is not a string node
  Node(GETPROP): foo/bar.js:1:0
define({foo: 1})
  Parent(CALL): foo/bar.js:1:0
define({foo: 1})

  Node(SCRIPT): foo/bar.js:1:0
define({foo: 1})
  Parent: NULL
	at com.google.javascript.rhino.Node.getString(Node.java:920)
	at com.google.javascript.jscomp.ProcessCommonJSModules$SuffixVarsCallback.visit(ProcessCommonJSModules.java:170)
	at com.google.javascript.jscomp.NodeTraversal.traverseBranch(NodeTraversal.java:504)
	at com.google.javascript.jscomp.NodeTraversal.traverseBranch(NodeTraversal.java:497)
	at com.google.javascript.jscomp.NodeTraversal.traverseBranch(NodeTraversal.java:497)
	at com.google.javascript.jscomp.NodeTraversal.traverseBranch(NodeTraversal.java:497)
	at com.google.javascript.jscomp.NodeTraversal.traverse(NodeTraversal.java:277)
	at com.google.javascript.jscomp.NodeTraversal.traverse(NodeTraversal.java:455)
	at com.google.javascript.jscomp.ProcessCommonJSModules$ProcessCommonJsModulesCallback.visitScript(ProcessCommonJSModules.java:106)
	at com.google.javascript.jscomp.ProcessCommonJSModules$ProcessCommonJsModulesCallback.visit(ProcessCommonJSModules.java:74)
	at com.google.javascript.jscomp.NodeTraversal.traverseBranch(NodeTraversal.java:504)
	at com.google.javascript.jscomp.NodeTraversal.traverse(NodeTraversal.java:277)
	at com.google.javascript.jscomp.NodeTraversal.traverse(NodeTraversal.java:455)
	at com.google.javascript.jscomp.ProcessCommonJSModules.process(ProcessCommonJSModules.java:29)
	at com.google.javascript.jscomp.Compiler.processAMDAndCommonJSModules(Compiler.java:1457)
	at com.google.javascript.jscomp.Compiler.parseInputs(Compiler.java:1277)
	at com.google.javascript.jscomp.Compiler.parse(Compiler.java:708)
	at com.google.javascript.jscomp.Compiler.compileInternal(Compiler.java:662)
	at com.google.javascript.jscomp.Compiler.access$000(Compiler.java:77)
	at com.google.javascript.jscomp.Compiler$1.call(Compiler.java:584)
	at com.google.javascript.jscomp.Compiler$1.call(Compiler.java:581)
	at com.google.javascript.jscomp.Compiler$2.run(Compiler.java:626)
	... 1 more
Caused by: java.lang.RuntimeException: INTERNAL COMPILER ERROR.
Please report this problem.
GETPROP 1 [source_file: foo/bar.js] is not a string node
  Node(GETPROP): foo/bar.js:1:0
define({foo: 1})
  Parent(CALL): foo/bar.js:1:0
define({foo: 1})

	... 23 more
Caused by: java.lang.UnsupportedOperationException: GETPROP 1 [source_file: foo/bar.js] is not a string node
	... 23 more
java.lang.RuntimeException: java.lang.RuntimeException: INTERNAL COMPILER ERROR.
Please report this problem.
INTERNAL COMPILER ERROR.
Please report this problem.
GETPROP 1 [source_file: foo/bar.js] is not a string node
  Node(GETPROP): foo/bar.js:1:0
exports.test = 1
  Parent(CALL): foo/bar.js:1:0
exports.test = 1

  Node(SCRIPT): foo/bar.js:1:0
exports.test = 1
  Parent: NULL
	at com.google.javascript.jscomp.Compiler.runCallable(Compiler.java:654)
	at com.google.javascript.jscomp.Compiler.runInCompilerThread(Compiler.java:599)
	at com.google.javascript.jscomp.Compiler.compile(Compiler.java:581)
	at com.google.javascript.jscomp.Compiler.compile(Compiler.java:540)
	at com.google.javascript.jscomp.AbstractCommandLineRunner.doRun(AbstractCommandLineRunner.java:739)
	at com.google.javascript.jscomp.AbstractCommandLineRunner.run(AbstractCommandLineRunner.java:351)
	at com.google.javascript.jscomp.CommandLineRunnerTest.compile(CommandLineRunnerTest.java:1208)
	at com.google.javascript.jscomp.CommandLineRunnerTest.test(CommandLineRunnerTest.java:1091)
	at com.google.javascript.jscomp.CommandLineRunnerTest.test(CommandLineRunnerTest.java:1080)
	at com.google.javascript.jscomp.CommandLineRunnerTest.test(CommandLineRunnerTest.java:1072)
	at com.google.javascript.jscomp.CommandLineRunnerTest.testProcessCJS(CommandLineRunnerTest.java:1048)
	at sun.reflect.NativeMethodAccessorImpl.invoke0(Native Method)
	at sun.reflect.NativeMethodAccessorImpl.invoke(NativeMethodAccessorImpl.java:57)
	at sun.reflect.DelegatingMethodAccessorImpl.invoke(DelegatingMethodAccessorImpl.java:43)
	at java.lang.reflect.Method.invoke(Method.java:606)
	at junit.framework.TestCase.runTest(TestCase.java:176)
	at junit.framework.TestCase.runBare(TestCase.java:141)
	at junit.framework.TestResult$1.protect(TestResult.java:122)
	at junit.framework.TestResult.runProtected(TestResult.java:142)
	at junit.framework.TestResult.run(TestResult.java:125)
	at junit.framework.TestCase.run(TestCase.java:129)
	at junit.framework.TestSuite.runTest(TestSuite.java:255)
	at junit.framework.TestSuite.run(TestSuite.java:250)
	at org.junit.internal.runners.JUnit38ClassRunner.run(JUnit38ClassRunner.java:84)
	at org.junit.runner.JUnitCore.run(JUnitCore.java:160)
	at org.junit.runner.JUnitCore.run(JUnitCore.java:138)
	at xxl.java.junit.JUnitSingleTestRunner.call(JUnitSingleTestRunner.java:23)
	at xxl.java.junit.JUnitSingleTestRunner.call(JUnitSingleTestRunner.java:10)
	at java.util.concurrent.FutureTask.run(FutureTask.java:262)
	at java.util.concurrent.ThreadPoolExecutor.runWorker(ThreadPoolExecutor.java:1145)
	at java.util.concurrent.ThreadPoolExecutor$Worker.run(ThreadPoolExecutor.java:615)
	at java.lang.Thread.run(Thread.java:745)
Caused by: java.lang.RuntimeException: INTERNAL COMPILER ERROR.
Please report this problem.
INTERNAL COMPILER ERROR.
Please report this problem.
GETPROP 1 [source_file: foo/bar.js] is not a string node
  Node(GETPROP): foo/bar.js:1:0
exports.test = 1
  Parent(CALL): foo/bar.js:1:0
exports.test = 1

  Node(SCRIPT): foo/bar.js:1:0
exports.test = 1
  Parent: NULL
	at com.google.javascript.rhino.Node.getString(Node.java:920)
	at com.google.javascript.jscomp.ProcessCommonJSModules$SuffixVarsCallback.visit(ProcessCommonJSModules.java:170)
	at com.google.javascript.jscomp.NodeTraversal.traverseBranch(NodeTraversal.java:504)
	at com.google.javascript.jscomp.NodeTraversal.traverseBranch(NodeTraversal.java:497)
	at com.google.javascript.jscomp.NodeTraversal.traverseBranch(NodeTraversal.java:497)
	at com.google.javascript.jscomp.NodeTraversal.traverseBranch(NodeTraversal.java:497)
	at com.google.javascript.jscomp.NodeTraversal.traverse(NodeTraversal.java:277)
	at com.google.javascript.jscomp.NodeTraversal.traverse(NodeTraversal.java:455)
	at com.google.javascript.jscomp.ProcessCommonJSModules$ProcessCommonJsModulesCallback.visitScript(ProcessCommonJSModules.java:106)
	at com.google.javascript.jscomp.ProcessCommonJSModules$ProcessCommonJsModulesCallback.visit(ProcessCommonJSModules.java:74)
	at com.google.javascript.jscomp.NodeTraversal.traverseBranch(NodeTraversal.java:504)
	at com.google.javascript.jscomp.NodeTraversal.traverse(NodeTraversal.java:277)
	at com.google.javascript.jscomp.NodeTraversal.traverse(NodeTraversal.java:455)
	at com.google.javascript.jscomp.ProcessCommonJSModules.process(ProcessCommonJSModules.java:29)
	at com.google.javascript.jscomp.Compiler.processAMDAndCommonJSModules(Compiler.java:1457)
	at com.google.javascript.jscomp.Compiler.parseInputs(Compiler.java:1277)
	at com.google.javascript.jscomp.Compiler.parse(Compiler.java:708)
	at com.google.javascript.jscomp.Compiler.compileInternal(Compiler.java:662)
	at com.google.javascript.jscomp.Compiler.access$000(Compiler.java:77)
	at com.google.javascript.jscomp.Compiler$1.call(Compiler.java:584)
	at com.google.javascript.jscomp.Compiler$1.call(Compiler.java:581)
	at com.google.javascript.jscomp.Compiler$2.run(Compiler.java:626)
	... 1 more
Caused by: java.lang.RuntimeException: INTERNAL COMPILER ERROR.
Please report this problem.
GETPROP 1 [source_file: foo/bar.js] is not a string node
  Node(GETPROP): foo/bar.js:1:0
exports.test = 1
  Parent(CALL): foo/bar.js:1:0
exports.test = 1

	... 23 more
Caused by: java.lang.UnsupportedOperationException: GETPROP 1 [source_file: foo/bar.js] is not a string node
	... 23 more
Closure Compiler (http://code.google.com/closure/compiler)
Version: Unversioned directory
Built on: 2017/03/02 11:43
Closure Compiler (http://code.google.com/closure/compiler)
Version: Unversioned directory
Built on: 2017/03/02 11:43
Closure Compiler (http://code.google.com/closure/compiler)
Version: Unversioned directory
Built on: 2017/03/02 11:43
Closure Compiler (http://code.google.com/closure/compiler)
Version: Unversioned directory
Built on: 2017/03/02 11:43
java.lang.RuntimeException: java.lang.RuntimeException: com.google.javascript.jscomp.deps.SortedDependencies$MissingProvideException: module$foo$bar
	at com.google.javascript.jscomp.Compiler.runCallable(Compiler.java:654)
	at com.google.javascript.jscomp.Compiler.runInCompilerThread(Compiler.java:599)
	at com.google.javascript.jscomp.Compiler.compile(Compiler.java:581)
	at com.google.javascript.jscomp.Compiler.compile(Compiler.java:540)
	at com.google.javascript.jscomp.AbstractCommandLineRunner.doRun(AbstractCommandLineRunner.java:739)
	at com.google.javascript.jscomp.AbstractCommandLineRunner.run(AbstractCommandLineRunner.java:351)
	at com.google.javascript.jscomp.CommandLineRunnerTest.compile(CommandLineRunnerTest.java:1208)
	at com.google.javascript.jscomp.CommandLineRunnerTest.test(CommandLineRunnerTest.java:1091)
	at com.google.javascript.jscomp.CommandLineRunnerTest.test(CommandLineRunnerTest.java:1080)
	at com.google.javascript.jscomp.CommandLineRunnerTest.test(CommandLineRunnerTest.java:1072)
	at com.google.javascript.jscomp.CommandLineRunnerTest.testTransformAMDAndProcessCJS(CommandLineRunnerTest.java:1057)
	at sun.reflect.NativeMethodAccessorImpl.invoke0(Native Method)
	at sun.reflect.NativeMethodAccessorImpl.invoke(NativeMethodAccessorImpl.java:57)
	at sun.reflect.DelegatingMethodAccessorImpl.invoke(DelegatingMethodAccessorImpl.java:43)
	at java.lang.reflect.Method.invoke(Method.java:606)
	at junit.framework.TestCase.runTest(TestCase.java:176)
	at junit.framework.TestCase.runBare(TestCase.java:141)
	at junit.framework.TestResult$1.protect(TestResult.java:122)
	at junit.framework.TestResult.runProtected(TestResult.java:142)
	at junit.framework.TestResult.run(TestResult.java:125)
	at junit.framework.TestCase.run(TestCase.java:129)
	at junit.framework.TestSuite.runTest(TestSuite.java:255)
	at junit.framework.TestSuite.run(TestSuite.java:250)
	at org.junit.internal.runners.JUnit38ClassRunner.run(JUnit38ClassRunner.java:84)
	at org.junit.runner.JUnitCore.run(JUnitCore.java:160)
	at org.junit.runner.JUnitCore.run(JUnitCore.java:138)
	at xxl.java.junit.JUnitSingleTestRunner.call(JUnitSingleTestRunner.java:23)
	at xxl.java.junit.JUnitSingleTestRunner.call(JUnitSingleTestRunner.java:10)
	at java.util.concurrent.FutureTask.run(FutureTask.java:262)
	at java.util.concurrent.ThreadPoolExecutor.runWorker(ThreadPoolExecutor.java:1145)
	at java.util.concurrent.ThreadPoolExecutor$Worker.run(ThreadPoolExecutor.java:615)
	at java.lang.Thread.run(Thread.java:745)
Caused by: java.lang.RuntimeException: com.google.javascript.jscomp.deps.SortedDependencies$MissingProvideException: module$foo$bar
	at com.google.common.base.Throwables.propagate(Throwables.java:160)
	at com.google.javascript.jscomp.Compiler.processAMDAndCommonJSModules(Compiler.java:1492)
	at com.google.javascript.jscomp.Compiler.parseInputs(Compiler.java:1277)
	at com.google.javascript.jscomp.Compiler.parse(Compiler.java:708)
	at com.google.javascript.jscomp.Compiler.compileInternal(Compiler.java:662)
	at com.google.javascript.jscomp.Compiler.access$000(Compiler.java:77)
	at com.google.javascript.jscomp.Compiler$1.call(Compiler.java:584)
	at com.google.javascript.jscomp.Compiler$1.call(Compiler.java:581)
	at com.google.javascript.jscomp.Compiler$2.run(Compiler.java:626)
	... 1 more
Caused by: com.google.javascript.jscomp.deps.SortedDependencies$MissingProvideException: module$foo$bar
	at com.google.javascript.jscomp.deps.SortedDependencies.getInputProviding(SortedDependencies.java:120)
	at com.google.javascript.jscomp.JSModuleGraph.manageDependencies(JSModuleGraph.java:325)
	at com.google.javascript.jscomp.Compiler.processAMDAndCommonJSModules(Compiler.java:1485)
	... 8 more
java.lang.RuntimeException: java.lang.RuntimeException: com.google.javascript.jscomp.deps.SortedDependencies$MissingProvideException: module$foo$bar
	at com.google.javascript.jscomp.Compiler.runCallable(Compiler.java:654)
	at com.google.javascript.jscomp.Compiler.runInCompilerThread(Compiler.java:599)
	at com.google.javascript.jscomp.Compiler.compile(Compiler.java:581)
	at com.google.javascript.jscomp.Compiler.compile(Compiler.java:540)
	at com.google.javascript.jscomp.AbstractCommandLineRunner.doRun(AbstractCommandLineRunner.java:739)
	at com.google.javascript.jscomp.AbstractCommandLineRunner.run(AbstractCommandLineRunner.java:351)
	at com.google.javascript.jscomp.CommandLineRunnerTest.compile(CommandLineRunnerTest.java:1208)
	at com.google.javascript.jscomp.CommandLineRunnerTest.test(CommandLineRunnerTest.java:1091)
	at com.google.javascript.jscomp.CommandLineRunnerTest.test(CommandLineRunnerTest.java:1080)
	at com.google.javascript.jscomp.CommandLineRunnerTest.test(CommandLineRunnerTest.java:1072)
	at com.google.javascript.jscomp.CommandLineRunnerTest.testProcessCJS(CommandLineRunnerTest.java:1048)
	at sun.reflect.NativeMethodAccessorImpl.invoke0(Native Method)
	at sun.reflect.NativeMethodAccessorImpl.invoke(NativeMethodAccessorImpl.java:57)
	at sun.reflect.DelegatingMethodAccessorImpl.invoke(DelegatingMethodAccessorImpl.java:43)
	at java.lang.reflect.Method.invoke(Method.java:606)
	at junit.framework.TestCase.runTest(TestCase.java:176)
	at junit.framework.TestCase.runBare(TestCase.java:141)
	at junit.framework.TestResult$1.protect(TestResult.java:122)
	at junit.framework.TestResult.runProtected(TestResult.java:142)
	at junit.framework.TestResult.run(TestResult.java:125)
	at junit.framework.TestCase.run(TestCase.java:129)
	at junit.framework.TestSuite.runTest(TestSuite.java:255)
	at junit.framework.TestSuite.run(TestSuite.java:250)
	at org.junit.internal.runners.JUnit38ClassRunner.run(JUnit38ClassRunner.java:84)
	at org.junit.runner.JUnitCore.run(JUnitCore.java:160)
	at org.junit.runner.JUnitCore.run(JUnitCore.java:138)
	at xxl.java.junit.JUnitSingleTestRunner.call(JUnitSingleTestRunner.java:23)
	at xxl.java.junit.JUnitSingleTestRunner.call(JUnitSingleTestRunner.java:10)
	at java.util.concurrent.FutureTask.run(FutureTask.java:262)
	at java.util.concurrent.ThreadPoolExecutor.runWorker(ThreadPoolExecutor.java:1145)
	at java.util.concurrent.ThreadPoolExecutor$Worker.run(ThreadPoolExecutor.java:615)
	at java.lang.Thread.run(Thread.java:745)
Caused by: java.lang.RuntimeException: com.google.javascript.jscomp.deps.SortedDependencies$MissingProvideException: module$foo$bar
	at com.google.common.base.Throwables.propagate(Throwables.java:160)
	at com.google.javascript.jscomp.Compiler.processAMDAndCommonJSModules(Compiler.java:1492)
	at com.google.javascript.jscomp.Compiler.parseInputs(Compiler.java:1277)
	at com.google.javascript.jscomp.Compiler.parse(Compiler.java:708)
	at com.google.javascript.jscomp.Compiler.compileInternal(Compiler.java:662)
	at com.google.javascript.jscomp.Compiler.access$000(Compiler.java:77)
	at com.google.javascript.jscomp.Compiler$1.call(Compiler.java:584)
	at com.google.javascript.jscomp.Compiler$1.call(Compiler.java:581)
	at com.google.javascript.jscomp.Compiler$2.run(Compiler.java:626)
	... 1 more
Caused by: com.google.javascript.jscomp.deps.SortedDependencies$MissingProvideException: module$foo$bar
	at com.google.javascript.jscomp.deps.SortedDependencies.getInputProviding(SortedDependencies.java:120)
	at com.google.javascript.jscomp.JSModuleGraph.manageDependencies(JSModuleGraph.java:325)
	at com.google.javascript.jscomp.Compiler.processAMDAndCommonJSModules(Compiler.java:1485)
	... 8 more
Closure Compiler (http://code.google.com/closure/compiler)
Version: Unversioned directory
Built on: 2017/03/02 11:43
Closure Compiler (http://code.google.com/closure/compiler)
Version: Unversioned directory
Built on: 2017/03/02 11:43
Closure Compiler (http://code.google.com/closure/compiler)
Version: Unversioned directory
Built on: 2017/03/02 11:43
Closure Compiler (http://code.google.com/closure/compiler)
Version: Unversioned directory
Built on: 2017/03/02 11:43
Closure Compiler (http://code.google.com/closure/compiler)
Version: Unversioned directory
Built on: 2017/03/02 11:43
Closure Compiler (http://code.google.com/closure/compiler)
Version: Unversioned directory
Built on: 2017/03/02 11:43
473.46user 10.19system 3:42.58elapsed 217%CPU (0avgtext+0avgdata 4050992maxresident)k
1072inputs+15096outputs (0major+2078510minor)pagefaults 0swaps
