mkdir: cannot create directory ‘lib/’: File exists
cp: cannot stat ‘/home/tdurieux/defects4j/framework/projects/Closure/lib/*’: No such file or directory
Running ant (compile)...................................................... OK
Running ant (compile.tests)................................................ OK
Picked up JAVA_TOOL_OPTIONS: -Dfile.encoding=UTF8
Please use CMSClassUnloadingEnabled in place of CMSPermGenSweepingEnabled in the future
Closure Compiler (http://code.google.com/closure/compiler)
Version: Unversioned directory
Built on: 2017/03/03 22:03
Closure Compiler (http://code.google.com/closure/compiler)
Version: Unversioned directory
Built on: 2017/03/03 22:03
java.lang.RuntimeException: java.lang.RuntimeException: INTERNAL COMPILER ERROR.
Please report this problem.
null
  Node(NAME f): input0:1:9
[source unknown]
  Parent(FUNCTION f): input0:1:9
[source unknown]

	at com.google.javascript.jscomp.Compiler.runCallable(Compiler.java:626)
	at com.google.javascript.jscomp.Compiler.runInCompilerThread(Compiler.java:572)
	at com.google.javascript.jscomp.Compiler.compile(Compiler.java:555)
	at com.google.javascript.jscomp.Compiler.compile(Compiler.java:514)
	at com.google.javascript.jscomp.AbstractCommandLineRunner.doRun(AbstractCommandLineRunner.java:653)
	at com.google.javascript.jscomp.AbstractCommandLineRunner.run(AbstractCommandLineRunner.java:294)
	at com.google.javascript.jscomp.CommandLineRunnerTest.compile(CommandLineRunnerTest.java:975)
	at com.google.javascript.jscomp.CommandLineRunnerTest.test(CommandLineRunnerTest.java:858)
	at com.google.javascript.jscomp.CommandLineRunnerTest.test(CommandLineRunnerTest.java:847)
	at com.google.javascript.jscomp.CommandLineRunnerTest.testSame(CommandLineRunnerTest.java:835)
	at com.google.javascript.jscomp.CommandLineRunnerTest.testSame(CommandLineRunnerTest.java:831)
	at com.google.javascript.jscomp.CommandLineRunnerTest.testCheckGlobalThisOff(CommandLineRunnerTest.java:160)
	at sun.reflect.NativeMethodAccessorImpl.invoke0(Native Method)
	at sun.reflect.NativeMethodAccessorImpl.invoke(NativeMethodAccessorImpl.java:57)
	at sun.reflect.DelegatingMethodAccessorImpl.invoke(DelegatingMethodAccessorImpl.java:43)
	at java.lang.reflect.Method.invoke(Method.java:606)
	at junit.framework.TestCase.runTest(TestCase.java:176)
	at junit.framework.TestCase.runBare(TestCase.java:141)
	at junit.framework.TestResult$1.protect(TestResult.java:122)
	at junit.framework.TestResult.runProtected(TestResult.java:142)
	at junit.framework.TestResult.run(TestResult.java:125)
	at junit.framework.TestCase.run(TestCase.java:129)
	at junit.framework.TestSuite.runTest(TestSuite.java:255)
	at junit.framework.TestSuite.run(TestSuite.java:250)
	at org.junit.internal.runners.JUnit38ClassRunner.run(JUnit38ClassRunner.java:84)
	at org.junit.runner.JUnitCore.run(JUnitCore.java:160)
	at org.junit.runner.JUnitCore.run(JUnitCore.java:138)
	at xxl.java.junit.JUnitSingleTestRunner.call(JUnitSingleTestRunner.java:23)
	at xxl.java.junit.JUnitSingleTestRunner.call(JUnitSingleTestRunner.java:10)
	at java.util.concurrent.FutureTask.run(FutureTask.java:262)
	at java.util.concurrent.ThreadPoolExecutor.runWorker(ThreadPoolExecutor.java:1145)
	at java.util.concurrent.ThreadPoolExecutor$Worker.run(ThreadPoolExecutor.java:615)
	at java.lang.Thread.run(Thread.java:745)
Caused by: java.lang.RuntimeException: INTERNAL COMPILER ERROR.
Please report this problem.
null
  Node(NAME f): input0:1:9
[source unknown]
  Parent(FUNCTION f): input0:1:9
[source unknown]

	at com.google.javascript.jscomp.CollapseVariableDeclarations$GatherCollapses.canBeRedeclared(CollapseVariableDeclarations.java:94)
	at com.google.javascript.jscomp.CollapseVariableDeclarations$GatherCollapses.visit(CollapseVariableDeclarations.java:45)
	at com.google.javascript.jscomp.NodeTraversal.traverseBranch(NodeTraversal.java:464)
	at com.google.javascript.jscomp.NodeTraversal.traverseFunction(NodeTraversal.java:481)
	at com.google.javascript.jscomp.NodeTraversal.traverseBranch(NodeTraversal.java:449)
	at com.google.javascript.jscomp.NodeTraversal.traverseBranch(NodeTraversal.java:457)
	at com.google.javascript.jscomp.NodeTraversal.traverseBranch(NodeTraversal.java:457)
	at com.google.javascript.jscomp.NodeTraversal.traverse(NodeTraversal.java:249)
	at com.google.javascript.jscomp.NodeTraversal.traverse(NodeTraversal.java:422)
	at com.google.javascript.jscomp.CollapseVariableDeclarations.process(CollapseVariableDeclarations.java:31)
	at com.google.javascript.jscomp.PhaseOptimizer$PassFactoryDelegate.processInternal(PhaseOptimizer.java:271)
	at com.google.javascript.jscomp.PhaseOptimizer$NamedPass.process(PhaseOptimizer.java:248)
	at com.google.javascript.jscomp.PhaseOptimizer.process(PhaseOptimizer.java:167)
	at com.google.javascript.jscomp.Compiler.optimize(Compiler.java:1601)
	at com.google.javascript.jscomp.Compiler.compileInternal(Compiler.java:661)
	at com.google.javascript.jscomp.Compiler.access$000(Compiler.java:68)
	at com.google.javascript.jscomp.Compiler$1.call(Compiler.java:557)
	at com.google.javascript.jscomp.Compiler$1.call(Compiler.java:555)
	at com.google.javascript.jscomp.Compiler$2.run(Compiler.java:598)
	... 1 more
Caused by: java.lang.NullPointerException
	... 20 more
Closure Compiler (http://code.google.com/closure/compiler)
Version: Unversioned directory
Built on: 2017/03/03 22:03
Closure Compiler (http://code.google.com/closure/compiler)
Version: Unversioned directory
Built on: 2017/03/03 22:03
Closure Compiler (http://code.google.com/closure/compiler)
Version: Unversioned directory
Built on: 2017/03/03 22:03
Closure Compiler (http://code.google.com/closure/compiler)
Version: Unversioned directory
Built on: 2017/03/03 22:03
Closure Compiler (http://code.google.com/closure/compiler)
Version: Unversioned directory
Built on: 2017/03/03 22:03
Closure Compiler (http://code.google.com/closure/compiler)
Version: Unversioned directory
Built on: 2017/03/03 22:03
Closure Compiler (http://code.google.com/closure/compiler)
Version: Unversioned directory
Built on: 2017/03/03 22:03
Closure Compiler (http://code.google.com/closure/compiler)
Version: Unversioned directory
Built on: 2017/03/03 22:03
Closure Compiler (http://code.google.com/closure/compiler)
Version: Unversioned directory
Built on: 2017/03/03 22:03
Closure Compiler (http://code.google.com/closure/compiler)
Version: Unversioned directory
Built on: 2017/03/03 22:03
Closure Compiler (http://code.google.com/closure/compiler)
Version: Unversioned directory
Built on: 2017/03/03 22:03
Closure Compiler (http://code.google.com/closure/compiler)
Version: Unversioned directory
Built on: 2017/03/03 22:03
Closure Compiler (http://code.google.com/closure/compiler)
Version: Unversioned directory
Built on: 2017/03/03 22:03
Closure Compiler (http://code.google.com/closure/compiler)
Version: Unversioned directory
Built on: 2017/03/03 22:03
Closure Compiler (http://code.google.com/closure/compiler)
Version: Unversioned directory
Built on: 2017/03/03 22:03
Closure Compiler (http://code.google.com/closure/compiler)
Version: Unversioned directory
Built on: 2017/03/03 22:03
Closure Compiler (http://code.google.com/closure/compiler)
Version: Unversioned directory
Built on: 2017/03/03 22:03
Closure Compiler (http://code.google.com/closure/compiler)
Version: Unversioned directory
Built on: 2017/03/03 22:03
Closure Compiler (http://code.google.com/closure/compiler)
Version: Unversioned directory
Built on: 2017/03/03 22:03
Closure Compiler (http://code.google.com/closure/compiler)
Version: Unversioned directory
Built on: 2017/03/03 22:03
Closure Compiler (http://code.google.com/closure/compiler)
Version: Unversioned directory
Built on: 2017/03/03 22:03
Closure Compiler (http://code.google.com/closure/compiler)
Version: Unversioned directory
Built on: 2017/03/03 22:03
Closure Compiler (http://code.google.com/closure/compiler)
Version: Unversioned directory
Built on: 2017/03/03 22:03
Closure Compiler (http://code.google.com/closure/compiler)
Version: Unversioned directory
Built on: 2017/03/03 22:03
Closure Compiler (http://code.google.com/closure/compiler)
Version: Unversioned directory
Built on: 2017/03/03 22:03
Closure Compiler (http://code.google.com/closure/compiler)
Version: Unversioned directory
Built on: 2017/03/03 22:03
Closure Compiler (http://code.google.com/closure/compiler)
Version: Unversioned directory
Built on: 2017/03/03 22:03
Closure Compiler (http://code.google.com/closure/compiler)
Version: Unversioned directory
Built on: 2017/03/03 22:03
Closure Compiler (http://code.google.com/closure/compiler)
Version: Unversioned directory
Built on: 2017/03/03 22:03
Closure Compiler (http://code.google.com/closure/compiler)
Version: Unversioned directory
Built on: 2017/03/03 22:03
Closure Compiler (http://code.google.com/closure/compiler)
Version: Unversioned directory
Built on: 2017/03/03 22:03
Closure Compiler (http://code.google.com/closure/compiler)
Version: Unversioned directory
Built on: 2017/03/03 22:03
Closure Compiler (http://code.google.com/closure/compiler)
Version: Unversioned directory
Built on: 2017/03/03 22:03
Closure Compiler (http://code.google.com/closure/compiler)
Version: Unversioned directory
Built on: 2017/03/03 22:03
Closure Compiler (http://code.google.com/closure/compiler)
Version: Unversioned directory
Built on: 2017/03/03 22:03
Closure Compiler (http://code.google.com/closure/compiler)
Version: Unversioned directory
Built on: 2017/03/03 22:03
Closure Compiler (http://code.google.com/closure/compiler)
Version: Unversioned directory
Built on: 2017/03/03 22:03
Closure Compiler (http://code.google.com/closure/compiler)
Version: Unversioned directory
Built on: 2017/03/03 22:03
java.lang.RuntimeException: java.lang.RuntimeException: INTERNAL COMPILER ERROR.
Please report this problem.
GETPROP 1 [source_file: input0] : number is not a string node
  Node(EXPR_RESULT): input0:1:15
[source unknown]
  Parent(BLOCK): input0:1:13
[source unknown]

	at com.google.javascript.jscomp.Compiler.runCallable(Compiler.java:626)
	at com.google.javascript.jscomp.Compiler.runInCompilerThread(Compiler.java:572)
	at com.google.javascript.jscomp.Compiler.compile(Compiler.java:555)
	at com.google.javascript.jscomp.Compiler.compile(Compiler.java:514)
	at com.google.javascript.jscomp.AbstractCommandLineRunner.doRun(AbstractCommandLineRunner.java:653)
	at com.google.javascript.jscomp.AbstractCommandLineRunner.run(AbstractCommandLineRunner.java:294)
	at com.google.javascript.jscomp.CommandLineRunnerTest.compile(CommandLineRunnerTest.java:975)
	at com.google.javascript.jscomp.CommandLineRunnerTest.test(CommandLineRunnerTest.java:858)
	at com.google.javascript.jscomp.CommandLineRunnerTest.test(CommandLineRunnerTest.java:847)
	at com.google.javascript.jscomp.CommandLineRunnerTest.testSame(CommandLineRunnerTest.java:835)
	at com.google.javascript.jscomp.CommandLineRunnerTest.testSame(CommandLineRunnerTest.java:831)
	at com.google.javascript.jscomp.CommandLineRunnerTest.testCheckGlobalThisOff(CommandLineRunnerTest.java:160)
	at sun.reflect.NativeMethodAccessorImpl.invoke0(Native Method)
	at sun.reflect.NativeMethodAccessorImpl.invoke(NativeMethodAccessorImpl.java:57)
	at sun.reflect.DelegatingMethodAccessorImpl.invoke(DelegatingMethodAccessorImpl.java:43)
	at java.lang.reflect.Method.invoke(Method.java:606)
	at junit.framework.TestCase.runTest(TestCase.java:176)
	at junit.framework.TestCase.runBare(TestCase.java:141)
	at junit.framework.TestResult$1.protect(TestResult.java:122)
	at junit.framework.TestResult.runProtected(TestResult.java:142)
	at junit.framework.TestResult.run(TestResult.java:125)
	at junit.framework.TestCase.run(TestCase.java:129)
	at junit.framework.TestSuite.runTest(TestSuite.java:255)
	at junit.framework.TestSuite.run(TestSuite.java:250)
	at org.junit.internal.runners.JUnit38ClassRunner.run(JUnit38ClassRunner.java:84)
	at org.junit.runner.JUnitCore.run(JUnitCore.java:160)
	at org.junit.runner.JUnitCore.run(JUnitCore.java:138)
	at xxl.java.junit.JUnitSingleTestRunner.call(JUnitSingleTestRunner.java:23)
	at xxl.java.junit.JUnitSingleTestRunner.call(JUnitSingleTestRunner.java:10)
	at java.util.concurrent.FutureTask.run(FutureTask.java:262)
	at java.util.concurrent.ThreadPoolExecutor.runWorker(ThreadPoolExecutor.java:1145)
	at java.util.concurrent.ThreadPoolExecutor$Worker.run(ThreadPoolExecutor.java:615)
	at java.lang.Thread.run(Thread.java:745)
Caused by: java.lang.RuntimeException: INTERNAL COMPILER ERROR.
Please report this problem.
GETPROP 1 [source_file: input0] : number is not a string node
  Node(EXPR_RESULT): input0:1:15
[source unknown]
  Parent(BLOCK): input0:1:13
[source unknown]

	at com.google.javascript.rhino.Node.getString(Node.java:995)
	at com.google.javascript.jscomp.CollapseVariableDeclarations$GatherCollapses.canBeRedeclared(CollapseVariableDeclarations.java:96)
	at com.google.javascript.jscomp.CollapseVariableDeclarations$GatherCollapses.visit(CollapseVariableDeclarations.java:45)
	at com.google.javascript.jscomp.NodeTraversal.traverseBranch(NodeTraversal.java:464)
	at com.google.javascript.jscomp.NodeTraversal.traverseBranch(NodeTraversal.java:457)
	at com.google.javascript.jscomp.NodeTraversal.traverseFunction(NodeTraversal.java:502)
	at com.google.javascript.jscomp.NodeTraversal.traverseBranch(NodeTraversal.java:449)
	at com.google.javascript.jscomp.NodeTraversal.traverseBranch(NodeTraversal.java:457)
	at com.google.javascript.jscomp.NodeTraversal.traverseBranch(NodeTraversal.java:457)
	at com.google.javascript.jscomp.NodeTraversal.traverse(NodeTraversal.java:249)
	at com.google.javascript.jscomp.NodeTraversal.traverse(NodeTraversal.java:422)
	at com.google.javascript.jscomp.CollapseVariableDeclarations.process(CollapseVariableDeclarations.java:31)
	at com.google.javascript.jscomp.PhaseOptimizer$PassFactoryDelegate.processInternal(PhaseOptimizer.java:271)
	at com.google.javascript.jscomp.PhaseOptimizer$NamedPass.process(PhaseOptimizer.java:248)
	at com.google.javascript.jscomp.PhaseOptimizer.process(PhaseOptimizer.java:167)
	at com.google.javascript.jscomp.Compiler.optimize(Compiler.java:1601)
	at com.google.javascript.jscomp.Compiler.compileInternal(Compiler.java:661)
	at com.google.javascript.jscomp.Compiler.access$000(Compiler.java:68)
	at com.google.javascript.jscomp.Compiler$1.call(Compiler.java:557)
	at com.google.javascript.jscomp.Compiler$1.call(Compiler.java:555)
	at com.google.javascript.jscomp.Compiler$2.run(Compiler.java:598)
	... 1 more
Caused by: java.lang.UnsupportedOperationException: GETPROP 1 [source_file: input0] : number is not a string node
	... 22 more
Closure Compiler (http://code.google.com/closure/compiler)
Version: Unversioned directory
Built on: 2017/03/03 22:03
Closure Compiler (http://code.google.com/closure/compiler)
Version: Unversioned directory
Built on: 2017/03/03 22:03
java.lang.RuntimeException: java.lang.RuntimeException: INTERNAL COMPILER ERROR.
Please report this problem.
GETPROP 1 [source_file: input0] : number is not a string node
  Node(EXPR_RESULT): input0:1:15
[source unknown]
  Parent(BLOCK): input0:1:13
[source unknown]

	at com.google.javascript.jscomp.Compiler.runCallable(Compiler.java:626)
	at com.google.javascript.jscomp.Compiler.runInCompilerThread(Compiler.java:572)
	at com.google.javascript.jscomp.Compiler.compile(Compiler.java:555)
	at com.google.javascript.jscomp.Compiler.compile(Compiler.java:514)
	at com.google.javascript.jscomp.AbstractCommandLineRunner.doRun(AbstractCommandLineRunner.java:653)
	at com.google.javascript.jscomp.AbstractCommandLineRunner.run(AbstractCommandLineRunner.java:294)
	at com.google.javascript.jscomp.CommandLineRunnerTest.compile(CommandLineRunnerTest.java:975)
	at com.google.javascript.jscomp.CommandLineRunnerTest.test(CommandLineRunnerTest.java:858)
	at com.google.javascript.jscomp.CommandLineRunnerTest.test(CommandLineRunnerTest.java:847)
	at com.google.javascript.jscomp.CommandLineRunnerTest.testSame(CommandLineRunnerTest.java:835)
	at com.google.javascript.jscomp.CommandLineRunnerTest.testSame(CommandLineRunnerTest.java:831)
	at com.google.javascript.jscomp.CommandLineRunnerTest.testCheckGlobalThisOff(CommandLineRunnerTest.java:160)
	at sun.reflect.NativeMethodAccessorImpl.invoke0(Native Method)
	at sun.reflect.NativeMethodAccessorImpl.invoke(NativeMethodAccessorImpl.java:57)
	at sun.reflect.DelegatingMethodAccessorImpl.invoke(DelegatingMethodAccessorImpl.java:43)
	at java.lang.reflect.Method.invoke(Method.java:606)
	at junit.framework.TestCase.runTest(TestCase.java:176)
	at junit.framework.TestCase.runBare(TestCase.java:141)
	at junit.framework.TestResult$1.protect(TestResult.java:122)
	at junit.framework.TestResult.runProtected(TestResult.java:142)
	at junit.framework.TestResult.run(TestResult.java:125)
	at junit.framework.TestCase.run(TestCase.java:129)
	at junit.framework.TestSuite.runTest(TestSuite.java:255)
	at junit.framework.TestSuite.run(TestSuite.java:250)
	at org.junit.internal.runners.JUnit38ClassRunner.run(JUnit38ClassRunner.java:84)
	at org.junit.runner.JUnitCore.run(JUnitCore.java:160)
	at org.junit.runner.JUnitCore.run(JUnitCore.java:138)
	at xxl.java.junit.JUnitSingleTestRunner.call(JUnitSingleTestRunner.java:23)
	at xxl.java.junit.JUnitSingleTestRunner.call(JUnitSingleTestRunner.java:10)
	at java.util.concurrent.FutureTask.run(FutureTask.java:262)
	at java.util.concurrent.ThreadPoolExecutor.runWorker(ThreadPoolExecutor.java:1145)
	at java.util.concurrent.ThreadPoolExecutor$Worker.run(ThreadPoolExecutor.java:615)
	at java.lang.Thread.run(Thread.java:745)
Caused by: java.lang.RuntimeException: INTERNAL COMPILER ERROR.
Please report this problem.
GETPROP 1 [source_file: input0] : number is not a string node
  Node(EXPR_RESULT): input0:1:15
[source unknown]
  Parent(BLOCK): input0:1:13
[source unknown]

	at com.google.javascript.rhino.Node.getString(Node.java:995)
	at com.google.javascript.jscomp.CollapseVariableDeclarations$GatherCollapses.canBeRedeclared(CollapseVariableDeclarations.java:96)
	at com.google.javascript.jscomp.CollapseVariableDeclarations$GatherCollapses.visit(CollapseVariableDeclarations.java:45)
	at com.google.javascript.jscomp.NodeTraversal.traverseBranch(NodeTraversal.java:464)
	at com.google.javascript.jscomp.NodeTraversal.traverseBranch(NodeTraversal.java:457)
	at com.google.javascript.jscomp.NodeTraversal.traverseFunction(NodeTraversal.java:502)
	at com.google.javascript.jscomp.NodeTraversal.traverseBranch(NodeTraversal.java:449)
	at com.google.javascript.jscomp.NodeTraversal.traverseBranch(NodeTraversal.java:457)
	at com.google.javascript.jscomp.NodeTraversal.traverseBranch(NodeTraversal.java:457)
	at com.google.javascript.jscomp.NodeTraversal.traverse(NodeTraversal.java:249)
	at com.google.javascript.jscomp.NodeTraversal.traverse(NodeTraversal.java:422)
	at com.google.javascript.jscomp.CollapseVariableDeclarations.process(CollapseVariableDeclarations.java:31)
	at com.google.javascript.jscomp.PhaseOptimizer$PassFactoryDelegate.processInternal(PhaseOptimizer.java:271)
	at com.google.javascript.jscomp.PhaseOptimizer$NamedPass.process(PhaseOptimizer.java:248)
	at com.google.javascript.jscomp.PhaseOptimizer.process(PhaseOptimizer.java:167)
	at com.google.javascript.jscomp.Compiler.optimize(Compiler.java:1601)
	at com.google.javascript.jscomp.Compiler.compileInternal(Compiler.java:661)
	at com.google.javascript.jscomp.Compiler.access$000(Compiler.java:68)
	at com.google.javascript.jscomp.Compiler$1.call(Compiler.java:557)
	at com.google.javascript.jscomp.Compiler$1.call(Compiler.java:555)
	at com.google.javascript.jscomp.Compiler$2.run(Compiler.java:598)
	... 1 more
Caused by: java.lang.UnsupportedOperationException: GETPROP 1 [source_file: input0] : number is not a string node
	... 22 more
Closure Compiler (http://code.google.com/closure/compiler)
Version: Unversioned directory
Built on: 2017/03/03 22:03
Closure Compiler (http://code.google.com/closure/compiler)
Version: Unversioned directory
Built on: 2017/03/03 22:03
Closure Compiler (http://code.google.com/closure/compiler)
Version: Unversioned directory
Built on: 2017/03/03 22:03
Closure Compiler (http://code.google.com/closure/compiler)
Version: Unversioned directory
Built on: 2017/03/03 22:03
Closure Compiler (http://code.google.com/closure/compiler)
Version: Unversioned directory
Built on: 2017/03/03 22:03
Closure Compiler (http://code.google.com/closure/compiler)
Version: Unversioned directory
Built on: 2017/03/03 22:03
Closure Compiler (http://code.google.com/closure/compiler)
Version: Unversioned directory
Built on: 2017/03/03 22:03
Closure Compiler (http://code.google.com/closure/compiler)
Version: Unversioned directory
Built on: 2017/03/03 22:03
Closure Compiler (http://code.google.com/closure/compiler)
Version: Unversioned directory
Built on: 2017/03/03 22:03
Closure Compiler (http://code.google.com/closure/compiler)
Version: Unversioned directory
Built on: 2017/03/03 22:03
Closure Compiler (http://code.google.com/closure/compiler)
Version: Unversioned directory
Built on: 2017/03/03 22:03
Closure Compiler (http://code.google.com/closure/compiler)
Version: Unversioned directory
Built on: 2017/03/03 22:03
Closure Compiler (http://code.google.com/closure/compiler)
Version: Unversioned directory
Built on: 2017/03/03 22:03
Closure Compiler (http://code.google.com/closure/compiler)
Version: Unversioned directory
Built on: 2017/03/03 22:03
Closure Compiler (http://code.google.com/closure/compiler)
Version: Unversioned directory
Built on: 2017/03/03 22:03
Closure Compiler (http://code.google.com/closure/compiler)
Version: Unversioned directory
Built on: 2017/03/03 22:03
Closure Compiler (http://code.google.com/closure/compiler)
Version: Unversioned directory
Built on: 2017/03/03 22:03
Closure Compiler (http://code.google.com/closure/compiler)
Version: Unversioned directory
Built on: 2017/03/03 22:03
Closure Compiler (http://code.google.com/closure/compiler)
Version: Unversioned directory
Built on: 2017/03/03 22:03
Closure Compiler (http://code.google.com/closure/compiler)
Version: Unversioned directory
Built on: 2017/03/03 22:03
Closure Compiler (http://code.google.com/closure/compiler)
Version: Unversioned directory
Built on: 2017/03/03 22:03
Closure Compiler (http://code.google.com/closure/compiler)
Version: Unversioned directory
Built on: 2017/03/03 22:03
Closure Compiler (http://code.google.com/closure/compiler)
Version: Unversioned directory
Built on: 2017/03/03 22:03
Closure Compiler (http://code.google.com/closure/compiler)
Version: Unversioned directory
Built on: 2017/03/03 22:03
Closure Compiler (http://code.google.com/closure/compiler)
Version: Unversioned directory
Built on: 2017/03/03 22:03
Closure Compiler (http://code.google.com/closure/compiler)
Version: Unversioned directory
Built on: 2017/03/03 22:03
Closure Compiler (http://code.google.com/closure/compiler)
Version: Unversioned directory
Built on: 2017/03/03 22:03
Closure Compiler (http://code.google.com/closure/compiler)
Version: Unversioned directory
Built on: 2017/03/03 22:03
Closure Compiler (http://code.google.com/closure/compiler)
Version: Unversioned directory
Built on: 2017/03/03 22:03
Closure Compiler (http://code.google.com/closure/compiler)
Version: Unversioned directory
Built on: 2017/03/03 22:03
Closure Compiler (http://code.google.com/closure/compiler)
Version: Unversioned directory
Built on: 2017/03/03 22:03
Closure Compiler (http://code.google.com/closure/compiler)
Version: Unversioned directory
Built on: 2017/03/03 22:03
668.81user 19.64system 4:50.71elapsed 236%CPU (0avgtext+0avgdata 3860108maxresident)k
128inputs+7040outputs (0major+1929412minor)pagefaults 0swaps
