mkdir: cannot create directory ‘lib/’: File exists
cp: cannot stat ‘/home/tdurieux/defects4j/framework/projects/Closure/lib/*’: No such file or directory
Running ant (compile)...................................................... OK
Running ant (compile.tests)................................................ OK
Picked up JAVA_TOOL_OPTIONS: -Dfile.encoding=UTF8
OpenJDK 64-Bit Server VM warning: ignoring option MaxPermSize=1024m; support was removed in 8.0
java.lang.NullPointerException
	at fr.inria.lille.repair.synthesis.DynamothCodeGenesisImpl.processBreakPointEvents(DynamothCodeGenesisImpl.java:289)
	at fr.inria.lille.repair.synthesis.DynamothCodeGenesisImpl.processVMEvents(DynamothCodeGenesisImpl.java:187)
	at fr.inria.lille.repair.synthesis.DynamothCodeGenesisImpl.run(DynamothCodeGenesisImpl.java:156)
	at fr.inria.lille.repair.nopol.synth.dynamoth.DynamothSynthesizer.buildPatch(DynamothSynthesizer.java:150)
	at fr.inria.lille.repair.nopol.NoPol.runNopolProcessor(NoPol.java:287)
	at fr.inria.lille.repair.nopol.NoPol.access$000(NoPol.java:90)
	at fr.inria.lille.repair.nopol.NoPol$1.call(NoPol.java:254)
	at java.util.concurrent.FutureTask.run(FutureTask.java:266)
	at java.util.concurrent.ThreadPoolExecutor.runWorker(ThreadPoolExecutor.java:1149)
	at java.util.concurrent.ThreadPoolExecutor$Worker.run(ThreadPoolExecutor.java:624)
	at java.lang.Thread.run(Thread.java:748)
java.lang.IllegalStateException: FAILED ASSERTION
	at com.google.javascript.rhino.head.Kit.codeBug(Kit.java:417)
	at com.google.javascript.rhino.head.TokenStream.<init>(TokenStream.java:44)
	at com.google.javascript.rhino.head.Parser.parse(Parser.java:468)
	at com.google.javascript.jscomp.parsing.ParserRunner.parse(ParserRunner.java:81)
	at com.google.javascript.jscomp.JsAst.parse(JsAst.java:55)
	at com.google.javascript.jscomp.JsAst.getAstRoot(JsAst.java:24)
	at com.google.javascript.jscomp.CompilerInput.getAstRoot(CompilerInput.java:101)
	at com.google.javascript.jscomp.Compiler.parseInputs(Compiler.java:907)
	at com.google.javascript.jscomp.CompilerTestCase.test(CompilerTestCase.java:776)
	at com.google.javascript.jscomp.CompilerTestCase.test(CompilerTestCase.java:477)
	at com.google.javascript.jscomp.CompilerTestCase.test(CompilerTestCase.java:403)
	at com.google.javascript.jscomp.CompilerTestCase.test(CompilerTestCase.java:372)
	at com.google.javascript.jscomp.CompilerTestCase.test(CompilerTestCase.java:360)
	at com.google.javascript.jscomp.DisambiguatePropertiesTest.testSets(DisambiguatePropertiesTest.java:1371)
	at com.google.javascript.jscomp.DisambiguatePropertiesTest.testTwoTypes4(DisambiguatePropertiesTest.java:258)
	at sun.reflect.NativeMethodAccessorImpl.invoke0(Native Method)
	at sun.reflect.NativeMethodAccessorImpl.invoke(NativeMethodAccessorImpl.java:62)
	at sun.reflect.DelegatingMethodAccessorImpl.invoke(DelegatingMethodAccessorImpl.java:43)
	at java.lang.reflect.Method.invoke(Method.java:498)
	at junit.framework.TestCase.runTest(TestCase.java:176)
	at junit.framework.TestCase.runBare(TestCase.java:141)
	at junit.framework.TestResult$1.protect(TestResult.java:122)
	at junit.framework.TestResult.runProtected(TestResult.java:142)
	at junit.framework.TestResult.run(TestResult.java:125)
	at junit.framework.TestCase.run(TestCase.java:129)
	at junit.framework.TestSuite.runTest(TestSuite.java:255)
	at junit.framework.TestSuite.run(TestSuite.java:250)
	at org.junit.internal.runners.JUnit38ClassRunner.run(JUnit38ClassRunner.java:84)
	at org.junit.runner.JUnitCore.run(JUnitCore.java:160)
	at org.junit.runner.JUnitCore.run(JUnitCore.java:138)
	at xxl.java.junit.JUnitSingleTestRunner.call(JUnitSingleTestRunner.java:23)
	at xxl.java.junit.JUnitSingleTestRunner.call(JUnitSingleTestRunner.java:10)
	at java.util.concurrent.FutureTask.run(FutureTask.java:266)
	at java.util.concurrent.ThreadPoolExecutor.runWorker(ThreadPoolExecutor.java:1149)
	at java.util.concurrent.ThreadPoolExecutor$Worker.run(ThreadPoolExecutor.java:624)
	at java.lang.Thread.run(Thread.java:748)
java.lang.IllegalStateException: FAILED ASSERTION
	at com.google.javascript.rhino.head.Kit.codeBug(Kit.java:417)
	at com.google.javascript.rhino.head.TokenStream.<init>(TokenStream.java:44)
	at com.google.javascript.rhino.head.Parser.parse(Parser.java:468)
	at com.google.javascript.jscomp.parsing.ParserRunner.parse(ParserRunner.java:81)
	at com.google.javascript.jscomp.JsAst.parse(JsAst.java:55)
	at com.google.javascript.jscomp.JsAst.getAstRoot(JsAst.java:24)
	at com.google.javascript.jscomp.CompilerInput.getAstRoot(CompilerInput.java:101)
	at com.google.javascript.jscomp.Compiler.parseInputs(Compiler.java:907)
	at com.google.javascript.jscomp.CompilerTestCase.test(CompilerTestCase.java:776)
	at com.google.javascript.jscomp.CompilerTestCase.test(CompilerTestCase.java:753)
	at com.google.javascript.jscomp.CompilerTestCase.test(CompilerTestCase.java:590)
	at com.google.javascript.jscomp.CompilerTestCase.test(CompilerTestCase.java:570)
	at com.google.javascript.jscomp.CompilerTestCase.test(CompilerTestCase.java:557)
	at com.google.javascript.jscomp.CrossModuleMethodMotionTest.testTwoMethods(CrossModuleMethodMotionTest.java:224)
	at sun.reflect.NativeMethodAccessorImpl.invoke0(Native Method)
	at sun.reflect.NativeMethodAccessorImpl.invoke(NativeMethodAccessorImpl.java:62)
	at sun.reflect.DelegatingMethodAccessorImpl.invoke(DelegatingMethodAccessorImpl.java:43)
	at java.lang.reflect.Method.invoke(Method.java:498)
	at junit.framework.TestCase.runTest(TestCase.java:176)
	at junit.framework.TestCase.runBare(TestCase.java:141)
	at junit.framework.TestResult$1.protect(TestResult.java:122)
	at junit.framework.TestResult.runProtected(TestResult.java:142)
	at junit.framework.TestResult.run(TestResult.java:125)
	at junit.framework.TestCase.run(TestCase.java:129)
	at junit.framework.TestSuite.runTest(TestSuite.java:255)
	at junit.framework.TestSuite.run(TestSuite.java:250)
	at org.junit.internal.runners.JUnit38ClassRunner.run(JUnit38ClassRunner.java:84)
	at org.junit.runner.JUnitCore.run(JUnitCore.java:160)
	at org.junit.runner.JUnitCore.run(JUnitCore.java:138)
	at xxl.java.junit.JUnitSingleTestRunner.call(JUnitSingleTestRunner.java:23)
	at xxl.java.junit.JUnitSingleTestRunner.call(JUnitSingleTestRunner.java:10)
	at java.util.concurrent.FutureTask.run(FutureTask.java:266)
	at java.util.concurrent.ThreadPoolExecutor.runWorker(ThreadPoolExecutor.java:1149)
	at java.util.concurrent.ThreadPoolExecutor$Worker.run(ThreadPoolExecutor.java:624)
	at java.lang.Thread.run(Thread.java:748)
java.lang.IllegalStateException: FAILED ASSERTION
	at com.google.javascript.rhino.head.Kit.codeBug(Kit.java:417)
	at com.google.javascript.rhino.head.TokenStream.<init>(TokenStream.java:44)
	at com.google.javascript.rhino.head.Parser.parse(Parser.java:468)
	at com.google.javascript.jscomp.parsing.ParserRunner.parse(ParserRunner.java:81)
	at com.google.javascript.jscomp.JsAst.parse(JsAst.java:55)
	at com.google.javascript.jscomp.JsAst.getAstRoot(JsAst.java:24)
	at com.google.javascript.jscomp.CompilerInput.getAstRoot(CompilerInput.java:101)
	at com.google.javascript.jscomp.Compiler.parseInputs(Compiler.java:907)
	at com.google.javascript.jscomp.CompilerTestCase.test(CompilerTestCase.java:776)
	at com.google.javascript.jscomp.CompilerTestCase.test(CompilerTestCase.java:477)
	at com.google.javascript.jscomp.CompilerTestCase.test(CompilerTestCase.java:403)
	at com.google.javascript.jscomp.CompilerTestCase.test(CompilerTestCase.java:372)
	at com.google.javascript.jscomp.CompilerTestCase.test(CompilerTestCase.java:360)
	at com.google.javascript.jscomp.DisambiguatePropertiesTest.testSets(DisambiguatePropertiesTest.java:1371)
	at com.google.javascript.jscomp.DisambiguatePropertiesTest.testOneType4(DisambiguatePropertiesTest.java:128)
	at sun.reflect.NativeMethodAccessorImpl.invoke0(Native Method)
	at sun.reflect.NativeMethodAccessorImpl.invoke(NativeMethodAccessorImpl.java:62)
	at sun.reflect.DelegatingMethodAccessorImpl.invoke(DelegatingMethodAccessorImpl.java:43)
	at java.lang.reflect.Method.invoke(Method.java:498)
	at junit.framework.TestCase.runTest(TestCase.java:176)
	at junit.framework.TestCase.runBare(TestCase.java:141)
	at junit.framework.TestResult$1.protect(TestResult.java:122)
	at junit.framework.TestResult.runProtected(TestResult.java:142)
	at junit.framework.TestResult.run(TestResult.java:125)
	at junit.framework.TestCase.run(TestCase.java:129)
	at junit.framework.TestSuite.runTest(TestSuite.java:255)
	at junit.framework.TestSuite.run(TestSuite.java:250)
	at org.junit.internal.runners.JUnit38ClassRunner.run(JUnit38ClassRunner.java:84)
	at org.junit.runner.JUnitCore.run(JUnitCore.java:160)
	at org.junit.runner.JUnitCore.run(JUnitCore.java:138)
	at xxl.java.junit.JUnitSingleTestRunner.call(JUnitSingleTestRunner.java:23)
	at xxl.java.junit.JUnitSingleTestRunner.call(JUnitSingleTestRunner.java:10)
	at java.util.concurrent.FutureTask.run(FutureTask.java:266)
	at java.util.concurrent.ThreadPoolExecutor.runWorker(ThreadPoolExecutor.java:1149)
	at java.util.concurrent.ThreadPoolExecutor$Worker.run(ThreadPoolExecutor.java:624)
	at java.lang.Thread.run(Thread.java:748)
java.lang.IllegalStateException: FAILED ASSERTION
	at com.google.javascript.rhino.head.Kit.codeBug(Kit.java:417)
	at com.google.javascript.rhino.head.TokenStream.<init>(TokenStream.java:44)
	at com.google.javascript.rhino.head.Parser.parse(Parser.java:468)
	at com.google.javascript.jscomp.parsing.ParserRunner.parse(ParserRunner.java:81)
	at com.google.javascript.jscomp.JsAst.parse(JsAst.java:55)
	at com.google.javascript.jscomp.JsAst.getAstRoot(JsAst.java:24)
	at com.google.javascript.jscomp.CompilerInput.getAstRoot(CompilerInput.java:101)
	at com.google.javascript.jscomp.Compiler.parseInputs(Compiler.java:907)
	at com.google.javascript.jscomp.CompilerTestCase.test(CompilerTestCase.java:776)
	at com.google.javascript.jscomp.CompilerTestCase.test(CompilerTestCase.java:753)
	at com.google.javascript.jscomp.CompilerTestCase.test(CompilerTestCase.java:590)
	at com.google.javascript.jscomp.CompilerTestCase.test(CompilerTestCase.java:570)
	at com.google.javascript.jscomp.CompilerTestCase.test(CompilerTestCase.java:557)
	at com.google.javascript.jscomp.CrossModuleMethodMotionTest.testClosureVariableReads3(CrossModuleMethodMotionTest.java:338)
	at sun.reflect.NativeMethodAccessorImpl.invoke0(Native Method)
	at sun.reflect.NativeMethodAccessorImpl.invoke(NativeMethodAccessorImpl.java:62)
	at sun.reflect.DelegatingMethodAccessorImpl.invoke(DelegatingMethodAccessorImpl.java:43)
	at java.lang.reflect.Method.invoke(Method.java:498)
	at junit.framework.TestCase.runTest(TestCase.java:176)
	at junit.framework.TestCase.runBare(TestCase.java:141)
	at junit.framework.TestResult$1.protect(TestResult.java:122)
	at junit.framework.TestResult.runProtected(TestResult.java:142)
	at junit.framework.TestResult.run(TestResult.java:125)
	at junit.framework.TestCase.run(TestCase.java:129)
	at junit.framework.TestSuite.runTest(TestSuite.java:255)
	at junit.framework.TestSuite.run(TestSuite.java:250)
	at org.junit.internal.runners.JUnit38ClassRunner.run(JUnit38ClassRunner.java:84)
	at org.junit.runner.JUnitCore.run(JUnitCore.java:160)
	at org.junit.runner.JUnitCore.run(JUnitCore.java:138)
	at xxl.java.junit.JUnitSingleTestRunner.call(JUnitSingleTestRunner.java:23)
	at xxl.java.junit.JUnitSingleTestRunner.call(JUnitSingleTestRunner.java:10)
	at java.util.concurrent.FutureTask.run(FutureTask.java:266)
	at java.util.concurrent.ThreadPoolExecutor.runWorker(ThreadPoolExecutor.java:1149)
	at java.util.concurrent.ThreadPoolExecutor$Worker.run(ThreadPoolExecutor.java:624)
	at java.lang.Thread.run(Thread.java:748)
## OAR [2017-11-28 11:24:04] Job 1443183 KILLED ##
