Running ant (compile)...................................................... OK
Running ant (compile.tests)................................................ OK
mkdir: cannot create directory ‘lib/’: File exists
cp: cannot stat ‘/home/tdurieux/defects4j/framework/projects/Closure/lib/*’: No such file or directory
Picked up JAVA_TOOL_OPTIONS: -Dfile.encoding=UTF8
xxl.java.compiler.DynamicCompilationException: Aborting: dynamic compilation failed
	at xxl.java.compiler.DynamicClassCompiler.runCompilationTask(DynamicClassCompiler.java:88)
	at xxl.java.compiler.DynamicClassCompiler.javaBytecodeFor(DynamicClassCompiler.java:56)
	at fr.inria.lille.commons.spoon.SpoonedFile.compilationFor(SpoonedFile.java:177)
	at fr.inria.lille.commons.spoon.SpoonedFile.compileModelledClasses(SpoonedFile.java:154)
	at fr.inria.lille.commons.spoon.SpoonedFile.processModelledClasses(SpoonedFile.java:138)
	at fr.inria.lille.commons.spoon.SpoonedFile.process(SpoonedFile.java:128)
	at fr.inria.lille.commons.spoon.SpoonedFile.processedAndDumpedToClassLoader(SpoonedFile.java:119)
	at fr.inria.lille.commons.spoon.SpoonedFile.processedAndDumpedToClassLoader(SpoonedFile.java:115)
	at fr.inria.lille.repair.nopol.synth.ConstraintModelBuilder.<init>(ConstraintModelBuilder.java:57)
	at fr.inria.lille.repair.nopol.synth.SynthesizerFactory.getFor(SynthesizerFactory.java:122)
	at fr.inria.lille.repair.nopol.NoPol.solveWithMultipleBuild(NoPol.java:164)
	at fr.inria.lille.repair.nopol.NoPol.build(NoPol.java:119)
	at fr.inria.lille.repair.nopol.NoPol.build(NoPol.java:89)
	at fr.inria.lille.repair.nopol.NoPolLauncher.launch(NoPolLauncher.java:84)
	at fr.inria.lille.repair.Main.main(Main.java:61)
May 16, 2016 6:54:22 PM com.google.javascript.jscomp.parsing.ParserRunner parse
INFO: Error parsing testcode: Compilation produced 1 syntax errors. (testcode#1)
May 16, 2016 6:54:22 PM com.google.javascript.jscomp.parsing.ParserRunner parse
INFO: Error parsing testcode: Compilation produced 1 syntax errors. (testcode#1)
May 16, 2016 6:54:22 PM com.google.javascript.jscomp.parsing.ParserRunner parse
INFO: Error parsing testcode: Compilation produced 1 syntax errors. (testcode#1)
May 16, 2016 6:54:22 PM com.google.javascript.jscomp.parsing.ParserRunner parse
INFO: Error parsing testcode: Compilation produced 1 syntax errors. (testcode#1)
May 16, 2016 6:54:22 PM com.google.javascript.jscomp.parsing.ParserRunner parse
INFO: Error parsing testcode: Compilation produced 1 syntax errors. (testcode#1)
May 16, 2016 6:54:22 PM com.google.javascript.jscomp.parsing.ParserRunner parse
INFO: Error parsing testcode: Compilation produced 1 syntax errors. (testcode#1)
May 16, 2016 6:54:25 PM com.google.javascript.jscomp.parsing.ParserRunner parse
INFO: Error parsing testcode: Compilation produced 1 syntax errors. (testcode#1)
May 16, 2016 6:54:25 PM com.google.javascript.jscomp.parsing.ParserRunner parse
INFO: Error parsing testcode: Compilation produced 1 syntax errors. (testcode#1)
May 16, 2016 6:54:25 PM com.google.javascript.jscomp.parsing.ParserRunner parse
INFO: Error parsing testcode: Compilation produced 1 syntax errors. (testcode#1)
May 16, 2016 6:54:25 PM com.google.javascript.jscomp.parsing.ParserRunner parse
INFO: Error parsing testcode: Compilation produced 1 syntax errors. (testcode#1)
May 16, 2016 6:54:25 PM com.google.javascript.jscomp.parsing.ParserRunner parse
INFO: Error parsing testcode: Compilation produced 1 syntax errors. (testcode#1)
May 16, 2016 6:54:25 PM com.google.javascript.jscomp.parsing.ParserRunner parse
INFO: Error parsing testcode: Compilation produced 1 syntax errors. (testcode#1)
May 16, 2016 6:54:25 PM com.google.javascript.jscomp.parsing.ParserRunner parse
INFO: Error parsing testcode: Compilation produced 1 syntax errors. (testcode#1)
May 16, 2016 6:54:25 PM com.google.javascript.jscomp.parsing.ParserRunner parse
INFO: Error parsing testcode: Compilation produced 1 syntax errors. (testcode#1)
May 16, 2016 6:54:25 PM com.google.javascript.jscomp.parsing.ParserRunner parse
INFO: Error parsing testcode: Compilation produced 1 syntax errors. (testcode#1)
May 16, 2016 6:54:25 PM com.google.javascript.jscomp.parsing.ParserRunner parse
INFO: Error parsing testcode: Compilation produced 1 syntax errors. (testcode#1)
May 16, 2016 6:54:25 PM com.google.javascript.jscomp.parsing.ParserRunner parse
INFO: Error parsing testcode: Compilation produced 1 syntax errors. (testcode#1)
May 16, 2016 6:54:25 PM com.google.javascript.jscomp.parsing.ParserRunner parse
INFO: Error parsing testcode: Compilation produced 1 syntax errors. (testcode#1)
May 16, 2016 6:54:26 PM com.google.javascript.jscomp.parsing.ParserRunner parse
INFO: Error parsing testcode: Compilation produced 1 syntax errors. (testcode#1)
May 16, 2016 6:54:26 PM com.google.javascript.jscomp.parsing.ParserRunner parse
INFO: Error parsing testcode: Compilation produced 1 syntax errors. (testcode#1)
May 16, 2016 6:54:26 PM com.google.javascript.jscomp.parsing.ParserRunner parse
INFO: Error parsing testcode: Compilation produced 1 syntax errors. (testcode#1)
May 16, 2016 6:54:26 PM com.google.javascript.jscomp.parsing.ParserRunner parse
INFO: Error parsing testcode: Compilation produced 1 syntax errors. (testcode#1)
May 16, 2016 6:54:26 PM com.google.javascript.jscomp.parsing.ParserRunner parse
INFO: Error parsing testcode: Compilation produced 1 syntax errors. (testcode#1)
May 16, 2016 6:54:26 PM com.google.javascript.jscomp.parsing.ParserRunner parse
INFO: Error parsing testcode: Compilation produced 1 syntax errors. (testcode#1)
May 16, 2016 6:54:27 PM com.google.javascript.jscomp.parsing.ParserRunner parse
INFO: Error parsing testcode: Compilation produced 1 syntax errors. (testcode#1)
May 16, 2016 6:54:27 PM com.google.javascript.jscomp.parsing.ParserRunner parse
INFO: Error parsing testcode: Compilation produced 1 syntax errors. (testcode#1)
May 16, 2016 6:54:27 PM com.google.javascript.jscomp.parsing.ParserRunner parse
INFO: Error parsing testcode: Compilation produced 1 syntax errors. (testcode#1)
May 16, 2016 6:54:27 PM com.google.javascript.jscomp.parsing.ParserRunner parse
INFO: Error parsing testcode: Compilation produced 1 syntax errors. (testcode#1)
May 16, 2016 6:54:27 PM com.google.javascript.jscomp.parsing.ParserRunner parse
INFO: Error parsing testcode: Compilation produced 1 syntax errors. (testcode#1)
May 16, 2016 6:54:27 PM com.google.javascript.jscomp.parsing.ParserRunner parse
INFO: Error parsing testcode: Compilation produced 1 syntax errors. (testcode#1)
May 16, 2016 6:54:28 PM com.google.javascript.jscomp.parsing.ParserRunner parse
INFO: Error parsing testcode: Compilation produced 1 syntax errors. (testcode#1)
May 16, 2016 6:54:28 PM com.google.javascript.jscomp.parsing.ParserRunner parse
INFO: Error parsing testcode: Compilation produced 1 syntax errors. (testcode#1)
May 16, 2016 6:54:28 PM com.google.javascript.jscomp.parsing.ParserRunner parse
INFO: Error parsing testcode: Compilation produced 1 syntax errors. (testcode#1)
May 16, 2016 6:54:28 PM com.google.javascript.jscomp.parsing.ParserRunner parse
INFO: Error parsing testcode: Compilation produced 1 syntax errors. (testcode#1)
May 16, 2016 6:54:28 PM com.google.javascript.jscomp.parsing.ParserRunner parse
INFO: Error parsing testcode: Compilation produced 1 syntax errors. (testcode#1)
May 16, 2016 6:54:28 PM com.google.javascript.jscomp.parsing.ParserRunner parse
INFO: Error parsing testcode: Compilation produced 1 syntax errors. (testcode#1)
May 16, 2016 6:54:28 PM com.google.javascript.jscomp.parsing.ParserRunner parse
INFO: Error parsing testcode: Compilation produced 1 syntax errors. (testcode#1)
May 16, 2016 6:54:28 PM com.google.javascript.jscomp.parsing.ParserRunner parse
INFO: Error parsing testcode: Compilation produced 1 syntax errors. (testcode#1)
May 16, 2016 6:54:29 PM com.google.javascript.jscomp.parsing.ParserRunner parse
INFO: Error parsing testcode: Compilation produced 1 syntax errors. (testcode#1)
May 16, 2016 6:54:29 PM com.google.javascript.jscomp.parsing.ParserRunner parse
INFO: Error parsing testcode: Compilation produced 1 syntax errors. (testcode#1)
May 16, 2016 6:54:29 PM com.google.javascript.jscomp.parsing.ParserRunner parse
INFO: Error parsing testcode: Compilation produced 1 syntax errors. (testcode#1)
May 16, 2016 6:54:29 PM com.google.javascript.jscomp.parsing.ParserRunner parse
INFO: Error parsing testcode: Compilation produced 1 syntax errors. (testcode#1)
May 16, 2016 6:54:30 PM com.google.javascript.jscomp.parsing.ParserRunner parse
INFO: Error parsing testcode: Compilation produced 1 syntax errors. (testcode#1)
May 16, 2016 6:54:30 PM com.google.javascript.jscomp.parsing.ParserRunner parse
INFO: Error parsing testcode: Compilation produced 1 syntax errors. (testcode#1)
May 16, 2016 6:54:30 PM com.google.javascript.jscomp.parsing.ParserRunner parse
INFO: Error parsing testcode: Compilation produced 1 syntax errors. (testcode#1)
May 16, 2016 6:54:30 PM com.google.javascript.jscomp.parsing.ParserRunner parse
INFO: Error parsing testcode: Compilation produced 1 syntax errors. (testcode#1)
May 16, 2016 6:54:30 PM com.google.javascript.jscomp.parsing.ParserRunner parse
INFO: Error parsing testcode: Compilation produced 1 syntax errors. (testcode#1)
May 16, 2016 6:54:30 PM com.google.javascript.jscomp.parsing.ParserRunner parse
INFO: Error parsing testcode: Compilation produced 1 syntax errors. (testcode#1)
May 16, 2016 6:54:32 PM com.google.javascript.jscomp.parsing.ParserRunner parse
INFO: Error parsing testcode: Compilation produced 1 syntax errors. (testcode#1)
May 16, 2016 6:54:32 PM com.google.javascript.jscomp.parsing.ParserRunner parse
INFO: Error parsing testcode: Compilation produced 1 syntax errors. (testcode#1)
May 16, 2016 6:54:32 PM com.google.javascript.jscomp.parsing.ParserRunner parse
INFO: Error parsing testcode: Compilation produced 1 syntax errors. (testcode#1)
May 16, 2016 6:54:32 PM com.google.javascript.jscomp.parsing.ParserRunner parse
INFO: Error parsing testcode: Compilation produced 1 syntax errors. (testcode#1)
May 16, 2016 6:54:32 PM com.google.javascript.jscomp.parsing.ParserRunner parse
INFO: Error parsing testcode: Compilation produced 1 syntax errors. (testcode#1)
May 16, 2016 6:54:32 PM com.google.javascript.jscomp.parsing.ParserRunner parse
INFO: Error parsing testcode: Compilation produced 1 syntax errors. (testcode#1)
May 16, 2016 6:54:33 PM com.google.javascript.jscomp.parsing.ParserRunner parse
INFO: Error parsing testcode: Compilation produced 1 syntax errors. (testcode#1)
May 16, 2016 6:54:33 PM com.google.javascript.jscomp.parsing.ParserRunner parse
INFO: Error parsing testcode: Compilation produced 1 syntax errors. (testcode#1)
May 16, 2016 6:54:33 PM com.google.javascript.jscomp.parsing.ParserRunner parse
INFO: Error parsing testcode: Compilation produced 1 syntax errors. (testcode#1)
May 16, 2016 6:54:33 PM com.google.javascript.jscomp.parsing.ParserRunner parse
INFO: Error parsing testcode: Compilation produced 1 syntax errors. (testcode#1)
May 16, 2016 6:54:33 PM com.google.javascript.jscomp.parsing.ParserRunner parse
INFO: Error parsing testcode: Compilation produced 1 syntax errors. (testcode#1)
May 16, 2016 6:54:33 PM com.google.javascript.jscomp.parsing.ParserRunner parse
INFO: Error parsing testcode: Compilation produced 1 syntax errors. (testcode#1)
May 16, 2016 6:54:35 PM com.google.javascript.jscomp.parsing.ParserRunner parse
INFO: Error parsing testcode: Compilation produced 1 syntax errors. (testcode#1)
May 16, 2016 6:54:35 PM com.google.javascript.jscomp.parsing.ParserRunner parse
INFO: Error parsing testcode: Compilation produced 1 syntax errors. (testcode#1)
May 16, 2016 6:54:35 PM com.google.javascript.jscomp.parsing.ParserRunner parse
INFO: Error parsing testcode: Compilation produced 1 syntax errors. (testcode#1)
May 16, 2016 6:54:35 PM com.google.javascript.jscomp.parsing.ParserRunner parse
INFO: Error parsing testcode: Compilation produced 1 syntax errors. (testcode#1)
May 16, 2016 6:54:35 PM com.google.javascript.jscomp.parsing.ParserRunner parse
INFO: Error parsing testcode: Compilation produced 1 syntax errors. (testcode#1)
May 16, 2016 6:54:35 PM com.google.javascript.jscomp.parsing.ParserRunner parse
INFO: Error parsing testcode: Compilation produced 1 syntax errors. (testcode#1)
May 16, 2016 6:54:37 PM com.google.javascript.jscomp.parsing.ParserRunner parse
INFO: Error parsing testcode: Compilation produced 1 syntax errors. (testcode#1)
May 16, 2016 6:54:37 PM com.google.javascript.jscomp.parsing.ParserRunner parse
INFO: Error parsing testcode: Compilation produced 1 syntax errors. (testcode#1)
May 16, 2016 6:54:37 PM com.google.javascript.jscomp.parsing.ParserRunner parse
INFO: Error parsing testcode: Compilation produced 1 syntax errors. (testcode#1)
May 16, 2016 6:54:37 PM com.google.javascript.jscomp.parsing.ParserRunner parse
INFO: Error parsing testcode: Compilation produced 1 syntax errors. (testcode#1)
May 16, 2016 6:54:37 PM com.google.javascript.jscomp.parsing.ParserRunner parse
INFO: Error parsing testcode: Compilation produced 1 syntax errors. (testcode#1)
May 16, 2016 6:54:37 PM com.google.javascript.jscomp.parsing.ParserRunner parse
INFO: Error parsing testcode: Compilation produced 1 syntax errors. (testcode#1)
May 16, 2016 6:54:39 PM com.google.javascript.jscomp.parsing.ParserRunner parse
INFO: Error parsing testcode: Compilation produced 1 syntax errors. (testcode#1)
May 16, 2016 6:54:39 PM com.google.javascript.jscomp.parsing.ParserRunner parse
INFO: Error parsing testcode: Compilation produced 1 syntax errors. (testcode#1)
May 16, 2016 6:54:39 PM com.google.javascript.jscomp.parsing.ParserRunner parse
INFO: Error parsing testcode: Compilation produced 1 syntax errors. (testcode#1)
May 16, 2016 6:54:39 PM com.google.javascript.jscomp.parsing.ParserRunner parse
INFO: Error parsing testcode: Compilation produced 1 syntax errors. (testcode#1)
May 16, 2016 6:54:39 PM com.google.javascript.jscomp.parsing.ParserRunner parse
INFO: Error parsing testcode: Compilation produced 1 syntax errors. (testcode#1)
May 16, 2016 6:54:39 PM com.google.javascript.jscomp.parsing.ParserRunner parse
INFO: Error parsing testcode: Compilation produced 1 syntax errors. (testcode#1)
May 16, 2016 6:54:40 PM com.google.javascript.jscomp.parsing.ParserRunner parse
INFO: Error parsing testcode: Compilation produced 1 syntax errors. (testcode#1)
May 16, 2016 6:54:40 PM com.google.javascript.jscomp.parsing.ParserRunner parse
INFO: Error parsing testcode: Compilation produced 1 syntax errors. (testcode#1)
May 16, 2016 6:54:40 PM com.google.javascript.jscomp.parsing.ParserRunner parse
INFO: Error parsing testcode: Compilation produced 1 syntax errors. (testcode#1)
May 16, 2016 6:54:40 PM com.google.javascript.jscomp.parsing.ParserRunner parse
INFO: Error parsing testcode: Compilation produced 1 syntax errors. (testcode#1)
May 16, 2016 6:54:40 PM com.google.javascript.jscomp.parsing.ParserRunner parse
INFO: Error parsing testcode: Compilation produced 1 syntax errors. (testcode#1)
May 16, 2016 6:54:40 PM com.google.javascript.jscomp.parsing.ParserRunner parse
INFO: Error parsing testcode: Compilation produced 1 syntax errors. (testcode#1)
May 16, 2016 6:54:41 PM com.google.javascript.jscomp.parsing.ParserRunner parse
INFO: Error parsing testcode: Compilation produced 1 syntax errors. (testcode#1)
May 16, 2016 6:54:41 PM com.google.javascript.jscomp.parsing.ParserRunner parse
INFO: Error parsing testcode: Compilation produced 1 syntax errors. (testcode#1)
May 16, 2016 6:54:41 PM com.google.javascript.jscomp.parsing.ParserRunner parse
INFO: Error parsing testcode: Compilation produced 1 syntax errors. (testcode#1)
May 16, 2016 6:54:41 PM com.google.javascript.jscomp.parsing.ParserRunner parse
INFO: Error parsing testcode: Compilation produced 1 syntax errors. (testcode#1)
May 16, 2016 6:54:41 PM com.google.javascript.jscomp.parsing.ParserRunner parse
INFO: Error parsing testcode: Compilation produced 1 syntax errors. (testcode#1)
May 16, 2016 6:54:41 PM com.google.javascript.jscomp.parsing.ParserRunner parse
INFO: Error parsing testcode: Compilation produced 1 syntax errors. (testcode#1)
May 16, 2016 6:54:43 PM com.google.javascript.jscomp.parsing.ParserRunner parse
INFO: Error parsing testcode: Compilation produced 1 syntax errors. (testcode#1)
May 16, 2016 6:54:43 PM com.google.javascript.jscomp.parsing.ParserRunner parse
INFO: Error parsing testcode: Compilation produced 1 syntax errors. (testcode#1)
May 16, 2016 6:54:43 PM com.google.javascript.jscomp.parsing.ParserRunner parse
INFO: Error parsing testcode: Compilation produced 1 syntax errors. (testcode#1)
May 16, 2016 6:54:43 PM com.google.javascript.jscomp.parsing.ParserRunner parse
INFO: Error parsing testcode: Compilation produced 1 syntax errors. (testcode#1)
May 16, 2016 6:54:43 PM com.google.javascript.jscomp.parsing.ParserRunner parse
INFO: Error parsing testcode: Compilation produced 1 syntax errors. (testcode#1)
May 16, 2016 6:54:43 PM com.google.javascript.jscomp.parsing.ParserRunner parse
INFO: Error parsing testcode: Compilation produced 1 syntax errors. (testcode#1)
May 16, 2016 6:54:43 PM com.google.javascript.jscomp.parsing.ParserRunner parse
INFO: Error parsing testcode: Compilation produced 1 syntax errors. (testcode#1)
May 16, 2016 6:54:43 PM com.google.javascript.jscomp.parsing.ParserRunner parse
INFO: Error parsing testcode: Compilation produced 1 syntax errors. (testcode#1)
May 16, 2016 6:54:43 PM com.google.javascript.jscomp.parsing.ParserRunner parse
INFO: Error parsing testcode: Compilation produced 1 syntax errors. (testcode#1)
May 16, 2016 6:54:43 PM com.google.javascript.jscomp.parsing.ParserRunner parse
INFO: Error parsing testcode: Compilation produced 1 syntax errors. (testcode#1)
May 16, 2016 6:54:43 PM com.google.javascript.jscomp.parsing.ParserRunner parse
INFO: Error parsing testcode: Compilation produced 1 syntax errors. (testcode#1)
May 16, 2016 6:54:43 PM com.google.javascript.jscomp.parsing.ParserRunner parse
INFO: Error parsing testcode: Compilation produced 1 syntax errors. (testcode#1)
May 16, 2016 6:54:44 PM com.google.javascript.jscomp.parsing.ParserRunner parse
INFO: Error parsing testcode: Compilation produced 1 syntax errors. (testcode#1)
May 16, 2016 6:54:44 PM com.google.javascript.jscomp.parsing.ParserRunner parse
INFO: Error parsing testcode: Compilation produced 1 syntax errors. (testcode#1)
May 16, 2016 6:54:44 PM com.google.javascript.jscomp.parsing.ParserRunner parse
INFO: Error parsing testcode: Compilation produced 1 syntax errors. (testcode#1)
May 16, 2016 6:54:44 PM com.google.javascript.jscomp.parsing.ParserRunner parse
INFO: Error parsing testcode: Compilation produced 1 syntax errors. (testcode#1)
May 16, 2016 6:54:44 PM com.google.javascript.jscomp.parsing.ParserRunner parse
INFO: Error parsing testcode: Compilation produced 1 syntax errors. (testcode#1)
May 16, 2016 6:54:44 PM com.google.javascript.jscomp.parsing.ParserRunner parse
INFO: Error parsing testcode: Compilation produced 1 syntax errors. (testcode#1)
May 16, 2016 6:54:44 PM com.google.javascript.jscomp.parsing.ParserRunner parse
INFO: Error parsing testcode: Compilation produced 1 syntax errors. (testcode#1)
May 16, 2016 6:54:44 PM com.google.javascript.jscomp.parsing.ParserRunner parse
INFO: Error parsing testcode: Compilation produced 1 syntax errors. (testcode#1)
May 16, 2016 6:54:44 PM com.google.javascript.jscomp.parsing.ParserRunner parse
INFO: Error parsing testcode: Compilation produced 1 syntax errors. (testcode#1)
May 16, 2016 6:54:44 PM com.google.javascript.jscomp.parsing.ParserRunner parse
INFO: Error parsing testcode: Compilation produced 1 syntax errors. (testcode#1)
May 16, 2016 6:54:44 PM com.google.javascript.jscomp.parsing.ParserRunner parse
INFO: Error parsing testcode: Compilation produced 1 syntax errors. (testcode#1)
May 16, 2016 6:54:44 PM com.google.javascript.jscomp.parsing.ParserRunner parse
INFO: Error parsing testcode: Compilation produced 1 syntax errors. (testcode#1)
May 16, 2016 6:54:46 PM com.google.javascript.jscomp.parsing.ParserRunner parse
INFO: Error parsing testcode: Compilation produced 1 syntax errors. (testcode#1)
May 16, 2016 6:54:46 PM com.google.javascript.jscomp.parsing.ParserRunner parse
INFO: Error parsing testcode: Compilation produced 1 syntax errors. (testcode#1)
May 16, 2016 6:54:46 PM com.google.javascript.jscomp.parsing.ParserRunner parse
INFO: Error parsing testcode: Compilation produced 1 syntax errors. (testcode#1)
May 16, 2016 6:54:46 PM com.google.javascript.jscomp.parsing.ParserRunner parse
INFO: Error parsing testcode: Compilation produced 1 syntax errors. (testcode#1)
May 16, 2016 6:54:46 PM com.google.javascript.jscomp.parsing.ParserRunner parse
INFO: Error parsing testcode: Compilation produced 1 syntax errors. (testcode#1)
May 16, 2016 6:54:46 PM com.google.javascript.jscomp.parsing.ParserRunner parse
INFO: Error parsing testcode: Compilation produced 1 syntax errors. (testcode#1)
May 16, 2016 6:54:46 PM com.google.javascript.jscomp.parsing.ParserRunner parse
INFO: Error parsing testcode: Compilation produced 1 syntax errors. (testcode#1)
May 16, 2016 6:54:46 PM com.google.javascript.jscomp.parsing.ParserRunner parse
INFO: Error parsing testcode: Compilation produced 1 syntax errors. (testcode#1)
May 16, 2016 6:54:46 PM com.google.javascript.jscomp.parsing.ParserRunner parse
INFO: Error parsing testcode: Compilation produced 1 syntax errors. (testcode#1)
May 16, 2016 6:54:46 PM com.google.javascript.jscomp.parsing.ParserRunner parse
INFO: Error parsing testcode: Compilation produced 1 syntax errors. (testcode#1)
May 16, 2016 6:54:46 PM com.google.javascript.jscomp.parsing.ParserRunner parse
INFO: Error parsing testcode: Compilation produced 1 syntax errors. (testcode#1)
May 16, 2016 6:54:46 PM com.google.javascript.jscomp.parsing.ParserRunner parse
INFO: Error parsing testcode: Compilation produced 1 syntax errors. (testcode#1)
May 16, 2016 6:54:46 PM com.google.javascript.jscomp.parsing.ParserRunner parse
INFO: Error parsing testcode: Compilation produced 1 syntax errors. (testcode#1)
May 16, 2016 6:54:46 PM com.google.javascript.jscomp.parsing.ParserRunner parse
INFO: Error parsing testcode: Compilation produced 1 syntax errors. (testcode#1)
May 16, 2016 6:54:46 PM com.google.javascript.jscomp.parsing.ParserRunner parse
INFO: Error parsing testcode: Compilation produced 1 syntax errors. (testcode#1)
May 16, 2016 6:54:46 PM com.google.javascript.jscomp.parsing.ParserRunner parse
INFO: Error parsing testcode: Compilation produced 1 syntax errors. (testcode#1)
May 16, 2016 6:54:46 PM com.google.javascript.jscomp.parsing.ParserRunner parse
INFO: Error parsing testcode: Compilation produced 1 syntax errors. (testcode#1)
May 16, 2016 6:54:47 PM com.google.javascript.jscomp.parsing.ParserRunner parse
INFO: Error parsing testcode: Compilation produced 1 syntax errors. (testcode#1)
May 16, 2016 6:54:47 PM com.google.javascript.jscomp.parsing.ParserRunner parse
INFO: Error parsing testcode: Compilation produced 1 syntax errors. (testcode#1)
May 16, 2016 6:54:47 PM com.google.javascript.jscomp.parsing.ParserRunner parse
INFO: Error parsing testcode: Compilation produced 1 syntax errors. (testcode#1)
May 16, 2016 6:54:47 PM com.google.javascript.jscomp.parsing.ParserRunner parse
INFO: Error parsing testcode: Compilation produced 1 syntax errors. (testcode#1)
May 16, 2016 6:54:47 PM com.google.javascript.jscomp.parsing.ParserRunner parse
INFO: Error parsing testcode: Compilation produced 1 syntax errors. (testcode#1)
May 16, 2016 6:54:47 PM com.google.javascript.jscomp.parsing.ParserRunner parse
INFO: Error parsing testcode: Compilation produced 1 syntax errors. (testcode#1)
May 16, 2016 6:54:47 PM com.google.javascript.jscomp.parsing.ParserRunner parse
INFO: Error parsing testcode: Compilation produced 1 syntax errors. (testcode#1)
May 16, 2016 6:54:47 PM com.google.javascript.jscomp.parsing.ParserRunner parse
INFO: Error parsing testcode: Compilation produced 1 syntax errors. (testcode#1)
May 16, 2016 6:54:47 PM com.google.javascript.jscomp.parsing.ParserRunner parse
INFO: Error parsing testcode: Compilation produced 1 syntax errors. (testcode#1)
May 16, 2016 6:54:47 PM com.google.javascript.jscomp.parsing.ParserRunner parse
INFO: Error parsing testcode: Compilation produced 1 syntax errors. (testcode#1)
May 16, 2016 6:54:47 PM com.google.javascript.jscomp.parsing.ParserRunner parse
INFO: Error parsing testcode: Compilation produced 1 syntax errors. (testcode#1)
May 16, 2016 6:54:47 PM com.google.javascript.jscomp.parsing.ParserRunner parse
INFO: Error parsing testcode: Compilation produced 1 syntax errors. (testcode#1)
May 16, 2016 6:54:47 PM com.google.javascript.jscomp.parsing.ParserRunner parse
INFO: Error parsing testcode: Compilation produced 1 syntax errors. (testcode#1)
May 16, 2016 6:54:48 PM com.google.javascript.jscomp.parsing.ParserRunner parse
INFO: Error parsing testcode: Compilation produced 1 syntax errors. (testcode#1)
May 16, 2016 6:54:48 PM com.google.javascript.jscomp.parsing.ParserRunner parse
INFO: Error parsing testcode: Compilation produced 1 syntax errors. (testcode#1)
May 16, 2016 6:54:48 PM com.google.javascript.jscomp.parsing.ParserRunner parse
INFO: Error parsing testcode: Compilation produced 1 syntax errors. (testcode#1)
May 16, 2016 6:54:48 PM com.google.javascript.jscomp.parsing.ParserRunner parse
INFO: Error parsing testcode: Compilation produced 1 syntax errors. (testcode#1)
May 16, 2016 6:54:48 PM com.google.javascript.jscomp.parsing.ParserRunner parse
INFO: Error parsing testcode: Compilation produced 1 syntax errors. (testcode#1)
May 16, 2016 6:54:48 PM com.google.javascript.jscomp.parsing.ParserRunner parse
INFO: Error parsing testcode: Compilation produced 1 syntax errors. (testcode#1)
May 16, 2016 6:54:49 PM com.google.javascript.jscomp.parsing.ParserRunner parse
INFO: Error parsing testcode: Compilation produced 1 syntax errors. (testcode#1)
May 16, 2016 6:54:49 PM com.google.javascript.jscomp.parsing.ParserRunner parse
INFO: Error parsing testcode: Compilation produced 1 syntax errors. (testcode#1)
May 16, 2016 6:54:49 PM com.google.javascript.jscomp.parsing.ParserRunner parse
INFO: Error parsing testcode: Compilation produced 1 syntax errors. (testcode#1)
May 16, 2016 6:54:49 PM com.google.javascript.jscomp.parsing.ParserRunner parse
INFO: Error parsing testcode: Compilation produced 1 syntax errors. (testcode#1)
May 16, 2016 6:54:49 PM com.google.javascript.jscomp.parsing.ParserRunner parse
INFO: Error parsing testcode: Compilation produced 1 syntax errors. (testcode#1)
May 16, 2016 6:54:49 PM com.google.javascript.jscomp.parsing.ParserRunner parse
INFO: Error parsing testcode: Compilation produced 1 syntax errors. (testcode#1)
May 16, 2016 6:54:50 PM com.google.javascript.jscomp.parsing.ParserRunner parse
INFO: Error parsing testcode: Compilation produced 1 syntax errors. (testcode#1)
May 16, 2016 6:54:50 PM com.google.javascript.jscomp.parsing.ParserRunner parse
INFO: Error parsing testcode: Compilation produced 1 syntax errors. (testcode#1)
May 16, 2016 6:54:50 PM com.google.javascript.jscomp.parsing.ParserRunner parse
INFO: Error parsing testcode: Compilation produced 1 syntax errors. (testcode#1)
May 16, 2016 6:54:50 PM com.google.javascript.jscomp.parsing.ParserRunner parse
INFO: Error parsing testcode: Compilation produced 1 syntax errors. (testcode#1)
May 16, 2016 6:54:50 PM com.google.javascript.jscomp.parsing.ParserRunner parse
INFO: Error parsing testcode: Compilation produced 1 syntax errors. (testcode#1)
May 16, 2016 6:54:50 PM com.google.javascript.jscomp.parsing.ParserRunner parse
INFO: Error parsing testcode: Compilation produced 1 syntax errors. (testcode#1)
May 16, 2016 6:54:52 PM com.google.javascript.jscomp.parsing.ParserRunner parse
INFO: Error parsing testcode: Compilation produced 1 syntax errors. (testcode#1)
May 16, 2016 6:54:52 PM com.google.javascript.jscomp.parsing.ParserRunner parse
INFO: Error parsing testcode: Compilation produced 1 syntax errors. (testcode#1)
May 16, 2016 6:54:52 PM com.google.javascript.jscomp.parsing.ParserRunner parse
INFO: Error parsing testcode: Compilation produced 1 syntax errors. (testcode#1)
May 16, 2016 6:54:52 PM com.google.javascript.jscomp.parsing.ParserRunner parse
INFO: Error parsing testcode: Compilation produced 1 syntax errors. (testcode#1)
May 16, 2016 6:54:54 PM com.google.javascript.jscomp.parsing.ParserRunner parse
INFO: Error parsing testcode: Compilation produced 1 syntax errors. (testcode#1)
May 16, 2016 6:54:54 PM com.google.javascript.jscomp.parsing.ParserRunner parse
INFO: Error parsing testcode: Compilation produced 1 syntax errors. (testcode#1)
May 16, 2016 6:54:54 PM com.google.javascript.jscomp.parsing.ParserRunner parse
INFO: Error parsing testcode: Compilation produced 1 syntax errors. (testcode#1)
May 16, 2016 6:54:54 PM com.google.javascript.jscomp.parsing.ParserRunner parse
INFO: Error parsing testcode: Compilation produced 1 syntax errors. (testcode#1)
May 16, 2016 6:54:54 PM com.google.javascript.jscomp.parsing.ParserRunner parse
INFO: Error parsing testcode: Compilation produced 1 syntax errors. (testcode#1)
May 16, 2016 6:54:54 PM com.google.javascript.jscomp.parsing.ParserRunner parse
INFO: Error parsing testcode: Compilation produced 1 syntax errors. (testcode#1)
May 16, 2016 6:54:55 PM com.google.javascript.jscomp.parsing.ParserRunner parse
INFO: Error parsing testcode: Compilation produced 1 syntax errors. (testcode#1)
May 16, 2016 6:54:55 PM com.google.javascript.jscomp.parsing.ParserRunner parse
INFO: Error parsing testcode: Compilation produced 1 syntax errors. (testcode#1)
May 16, 2016 6:54:56 PM com.google.javascript.jscomp.parsing.ParserRunner parse
INFO: Error parsing testcode: Compilation produced 1 syntax errors. (testcode#1)
May 16, 2016 6:54:56 PM com.google.javascript.jscomp.parsing.ParserRunner parse
INFO: Error parsing testcode: Compilation produced 1 syntax errors. (testcode#1)
May 16, 2016 6:54:57 PM com.google.javascript.jscomp.parsing.ParserRunner parse
INFO: Error parsing testcode: Compilation produced 1 syntax errors. (testcode#1)
May 16, 2016 6:54:57 PM com.google.javascript.jscomp.parsing.ParserRunner parse
INFO: Error parsing testcode: Compilation produced 1 syntax errors. (testcode#1)
May 16, 2016 6:54:57 PM com.google.javascript.jscomp.parsing.ParserRunner parse
INFO: Error parsing testcode: Compilation produced 1 syntax errors. (testcode#1)
May 16, 2016 6:54:57 PM com.google.javascript.jscomp.parsing.ParserRunner parse
INFO: Error parsing testcode: Compilation produced 1 syntax errors. (testcode#1)
May 16, 2016 6:54:57 PM com.google.javascript.jscomp.parsing.ParserRunner parse
INFO: Error parsing testcode: Compilation produced 1 syntax errors. (testcode#1)
May 16, 2016 6:54:57 PM com.google.javascript.jscomp.parsing.ParserRunner parse
INFO: Error parsing testcode: Compilation produced 1 syntax errors. (testcode#1)
May 16, 2016 6:54:59 PM com.google.javascript.jscomp.parsing.ParserRunner parse
INFO: Error parsing testcode: Compilation produced 1 syntax errors. (testcode#1)
May 16, 2016 6:54:59 PM com.google.javascript.jscomp.parsing.ParserRunner parse
INFO: Error parsing testcode: Compilation produced 1 syntax errors. (testcode#1)
May 16, 2016 6:54:59 PM com.google.javascript.jscomp.parsing.ParserRunner parse
INFO: Error parsing testcode: Compilation produced 1 syntax errors. (testcode#1)
May 16, 2016 6:54:59 PM com.google.javascript.jscomp.parsing.ParserRunner parse
INFO: Error parsing testcode: Compilation produced 1 syntax errors. (testcode#1)
May 16, 2016 6:54:59 PM com.google.javascript.jscomp.parsing.ParserRunner parse
INFO: Error parsing testcode: Compilation produced 1 syntax errors. (testcode#1)
May 16, 2016 6:54:59 PM com.google.javascript.jscomp.parsing.ParserRunner parse
INFO: Error parsing testcode: Compilation produced 1 syntax errors. (testcode#1)
May 16, 2016 6:55:01 PM com.google.javascript.jscomp.parsing.ParserRunner parse
INFO: Error parsing testcode: Compilation produced 1 syntax errors. (testcode#1)
May 16, 2016 6:55:01 PM com.google.javascript.jscomp.parsing.ParserRunner parse
INFO: Error parsing testcode: Compilation produced 1 syntax errors. (testcode#1)
May 16, 2016 6:55:01 PM com.google.javascript.jscomp.parsing.ParserRunner parse
INFO: Error parsing testcode: Compilation produced 1 syntax errors. (testcode#1)
May 16, 2016 6:55:01 PM com.google.javascript.jscomp.parsing.ParserRunner parse
INFO: Error parsing testcode: Compilation produced 1 syntax errors. (testcode#1)
May 16, 2016 6:55:01 PM com.google.javascript.jscomp.parsing.ParserRunner parse
INFO: Error parsing testcode: Compilation produced 1 syntax errors. (testcode#1)
May 16, 2016 6:55:01 PM com.google.javascript.jscomp.parsing.ParserRunner parse
INFO: Error parsing testcode: Compilation produced 1 syntax errors. (testcode#1)
May 16, 2016 6:55:04 PM com.google.javascript.jscomp.parsing.ParserRunner parse
INFO: Error parsing testcode: Compilation produced 1 syntax errors. (testcode#1)
May 16, 2016 6:55:04 PM com.google.javascript.jscomp.parsing.ParserRunner parse
INFO: Error parsing testcode: Compilation produced 1 syntax errors. (testcode#1)
May 16, 2016 6:55:04 PM com.google.javascript.jscomp.parsing.ParserRunner parse
INFO: Error parsing testcode: Compilation produced 1 syntax errors. (testcode#1)
May 16, 2016 6:55:04 PM com.google.javascript.jscomp.parsing.ParserRunner parse
INFO: Error parsing testcode: Compilation produced 1 syntax errors. (testcode#1)
May 16, 2016 6:55:04 PM com.google.javascript.jscomp.parsing.ParserRunner parse
INFO: Error parsing testcode: Compilation produced 1 syntax errors. (testcode#1)
May 16, 2016 6:55:04 PM com.google.javascript.jscomp.parsing.ParserRunner parse
INFO: Error parsing testcode: Compilation produced 1 syntax errors. (testcode#1)
May 16, 2016 6:55:05 PM com.google.javascript.jscomp.parsing.ParserRunner parse
INFO: Error parsing testcode: Compilation produced 1 syntax errors. (testcode#1)
May 16, 2016 6:55:05 PM com.google.javascript.jscomp.parsing.ParserRunner parse
INFO: Error parsing testcode: Compilation produced 1 syntax errors. (testcode#1)
May 16, 2016 6:55:05 PM com.google.javascript.jscomp.parsing.ParserRunner parse
INFO: Error parsing testcode: Compilation produced 1 syntax errors. (testcode#1)
May 16, 2016 6:55:05 PM com.google.javascript.jscomp.parsing.ParserRunner parse
INFO: Error parsing testcode: Compilation produced 1 syntax errors. (testcode#1)
May 16, 2016 6:55:05 PM com.google.javascript.jscomp.parsing.ParserRunner parse
INFO: Error parsing testcode: Compilation produced 1 syntax errors. (testcode#1)
May 16, 2016 6:55:05 PM com.google.javascript.jscomp.parsing.ParserRunner parse
INFO: Error parsing testcode: Compilation produced 1 syntax errors. (testcode#1)
May 16, 2016 6:55:06 PM com.google.javascript.jscomp.parsing.ParserRunner parse
INFO: Error parsing testcode: Compilation produced 1 syntax errors. (testcode#1)
May 16, 2016 6:55:06 PM com.google.javascript.jscomp.parsing.ParserRunner parse
INFO: Error parsing testcode: Compilation produced 1 syntax errors. (testcode#1)
May 16, 2016 6:55:07 PM com.google.javascript.jscomp.parsing.ParserRunner parse
INFO: Error parsing testcode: Compilation produced 1 syntax errors. (testcode#1)
May 16, 2016 6:55:07 PM com.google.javascript.jscomp.parsing.ParserRunner parse
INFO: Error parsing testcode: Compilation produced 1 syntax errors. (testcode#1)
May 16, 2016 6:55:09 PM com.google.javascript.jscomp.parsing.ParserRunner parse
INFO: Error parsing testcode: Compilation produced 1 syntax errors. (testcode#1)
May 16, 2016 6:55:09 PM com.google.javascript.jscomp.parsing.ParserRunner parse
INFO: Error parsing testcode: Compilation produced 1 syntax errors. (testcode#1)
May 16, 2016 6:55:09 PM com.google.javascript.jscomp.parsing.ParserRunner parse
INFO: Error parsing testcode: Compilation produced 1 syntax errors. (testcode#1)
May 16, 2016 6:55:09 PM com.google.javascript.jscomp.parsing.ParserRunner parse
INFO: Error parsing testcode: Compilation produced 1 syntax errors. (testcode#1)
May 16, 2016 6:55:09 PM com.google.javascript.jscomp.parsing.ParserRunner parse
INFO: Error parsing testcode: Compilation produced 1 syntax errors. (testcode#1)
May 16, 2016 6:55:09 PM com.google.javascript.jscomp.parsing.ParserRunner parse
INFO: Error parsing testcode: Compilation produced 1 syntax errors. (testcode#1)
May 16, 2016 6:55:10 PM com.google.javascript.jscomp.parsing.ParserRunner parse
INFO: Error parsing testcode: Compilation produced 1 syntax errors. (testcode#1)
May 16, 2016 6:55:10 PM com.google.javascript.jscomp.parsing.ParserRunner parse
INFO: Error parsing testcode: Compilation produced 1 syntax errors. (testcode#1)
May 16, 2016 6:55:10 PM com.google.javascript.jscomp.parsing.ParserRunner parse
INFO: Error parsing testcode: Compilation produced 1 syntax errors. (testcode#1)
May 16, 2016 6:55:10 PM com.google.javascript.jscomp.parsing.ParserRunner parse
INFO: Error parsing testcode: Compilation produced 1 syntax errors. (testcode#1)
May 16, 2016 6:55:10 PM com.google.javascript.jscomp.parsing.ParserRunner parse
INFO: Error parsing testcode: Compilation produced 1 syntax errors. (testcode#1)
May 16, 2016 6:55:10 PM com.google.javascript.jscomp.parsing.ParserRunner parse
INFO: Error parsing testcode: Compilation produced 1 syntax errors. (testcode#1)
May 16, 2016 6:55:12 PM com.google.javascript.jscomp.parsing.ParserRunner parse
INFO: Error parsing testcode: Compilation produced 1 syntax errors. (testcode#1)
May 16, 2016 6:55:12 PM com.google.javascript.jscomp.parsing.ParserRunner parse
INFO: Error parsing testcode: Compilation produced 1 syntax errors. (testcode#1)
May 16, 2016 6:55:12 PM com.google.javascript.jscomp.parsing.ParserRunner parse
INFO: Error parsing testcode: Compilation produced 1 syntax errors. (testcode#1)
May 16, 2016 6:55:12 PM com.google.javascript.jscomp.parsing.ParserRunner parse
INFO: Error parsing testcode: Compilation produced 1 syntax errors. (testcode#1)
May 16, 2016 6:55:12 PM com.google.javascript.jscomp.parsing.ParserRunner parse
INFO: Error parsing testcode: Compilation produced 1 syntax errors. (testcode#1)
May 16, 2016 6:55:12 PM com.google.javascript.jscomp.parsing.ParserRunner parse
INFO: Error parsing testcode: Compilation produced 1 syntax errors. (testcode#1)
May 16, 2016 6:55:13 PM com.google.javascript.jscomp.parsing.ParserRunner parse
INFO: Error parsing testcode: Compilation produced 1 syntax errors. (testcode#1)
May 16, 2016 6:55:13 PM com.google.javascript.jscomp.parsing.ParserRunner parse
INFO: Error parsing testcode: Compilation produced 1 syntax errors. (testcode#1)
May 16, 2016 6:55:13 PM com.google.javascript.jscomp.parsing.ParserRunner parse
INFO: Error parsing testcode: Compilation produced 1 syntax errors. (testcode#1)
May 16, 2016 6:55:13 PM com.google.javascript.jscomp.parsing.ParserRunner parse
INFO: Error parsing testcode: Compilation produced 1 syntax errors. (testcode#1)
May 16, 2016 6:55:13 PM com.google.javascript.jscomp.parsing.ParserRunner parse
INFO: Error parsing testcode: Compilation produced 1 syntax errors. (testcode#1)
May 16, 2016 6:55:13 PM com.google.javascript.jscomp.parsing.ParserRunner parse
INFO: Error parsing testcode: Compilation produced 1 syntax errors. (testcode#1)
May 16, 2016 6:55:16 PM com.google.javascript.jscomp.parsing.ParserRunner parse
INFO: Error parsing testcode: Compilation produced 1 syntax errors. (testcode#1)
May 16, 2016 6:55:16 PM com.google.javascript.jscomp.parsing.ParserRunner parse
INFO: Error parsing testcode: Compilation produced 1 syntax errors. (testcode#1)
May 16, 2016 6:55:17 PM com.google.javascript.jscomp.parsing.ParserRunner parse
INFO: Error parsing testcode: Compilation produced 1 syntax errors. (testcode#1)
May 16, 2016 6:55:17 PM com.google.javascript.jscomp.parsing.ParserRunner parse
INFO: Error parsing testcode: Compilation produced 1 syntax errors. (testcode#1)
May 16, 2016 6:55:17 PM com.google.javascript.jscomp.parsing.ParserRunner parse
INFO: Error parsing testcode: Compilation produced 1 syntax errors. (testcode#1)
May 16, 2016 6:55:17 PM com.google.javascript.jscomp.parsing.ParserRunner parse
INFO: Error parsing testcode: Compilation produced 1 syntax errors. (testcode#1)
May 16, 2016 6:55:18 PM com.google.javascript.jscomp.parsing.ParserRunner parse
INFO: Error parsing testcode: Compilation produced 1 syntax errors. (testcode#1)
May 16, 2016 6:55:18 PM com.google.javascript.jscomp.parsing.ParserRunner parse
INFO: Error parsing testcode: Compilation produced 1 syntax errors. (testcode#1)
May 16, 2016 6:55:18 PM com.google.javascript.jscomp.parsing.ParserRunner parse
INFO: Error parsing testcode: Compilation produced 1 syntax errors. (testcode#1)
May 16, 2016 6:55:18 PM com.google.javascript.jscomp.parsing.ParserRunner parse
INFO: Error parsing testcode: Compilation produced 1 syntax errors. (testcode#1)
May 16, 2016 6:55:18 PM com.google.javascript.jscomp.parsing.ParserRunner parse
INFO: Error parsing testcode: Compilation produced 1 syntax errors. (testcode#1)
May 16, 2016 6:55:18 PM com.google.javascript.jscomp.parsing.ParserRunner parse
INFO: Error parsing testcode: Compilation produced 1 syntax errors. (testcode#1)
May 16, 2016 6:55:19 PM com.google.javascript.jscomp.parsing.ParserRunner parse
INFO: Error parsing testcode: Compilation produced 1 syntax errors. (testcode#1)
May 16, 2016 6:55:19 PM com.google.javascript.jscomp.parsing.ParserRunner parse
INFO: Error parsing testcode: Compilation produced 1 syntax errors. (testcode#1)
May 16, 2016 6:55:20 PM com.google.javascript.jscomp.parsing.ParserRunner parse
INFO: Error parsing testcode: Compilation produced 1 syntax errors. (testcode#1)
May 16, 2016 6:55:20 PM com.google.javascript.jscomp.parsing.ParserRunner parse
INFO: Error parsing testcode: Compilation produced 1 syntax errors. (testcode#1)
May 16, 2016 6:55:20 PM com.google.javascript.jscomp.parsing.ParserRunner parse
INFO: Error parsing testcode: Compilation produced 1 syntax errors. (testcode#1)
May 16, 2016 6:55:20 PM com.google.javascript.jscomp.parsing.ParserRunner parse
INFO: Error parsing testcode: Compilation produced 1 syntax errors. (testcode#1)
May 16, 2016 6:55:21 PM com.google.javascript.jscomp.parsing.ParserRunner parse
INFO: Error parsing testcode: Compilation produced 1 syntax errors. (testcode#1)
May 16, 2016 6:55:21 PM com.google.javascript.jscomp.parsing.ParserRunner parse
INFO: Error parsing testcode: Compilation produced 1 syntax errors. (testcode#1)
May 16, 2016 6:55:21 PM com.google.javascript.jscomp.parsing.ParserRunner parse
INFO: Error parsing testcode: Compilation produced 1 syntax errors. (testcode#1)
May 16, 2016 6:55:21 PM com.google.javascript.jscomp.parsing.ParserRunner parse
INFO: Error parsing testcode: Compilation produced 1 syntax errors. (testcode#1)
May 16, 2016 6:55:21 PM com.google.javascript.jscomp.parsing.ParserRunner parse
INFO: Error parsing testcode: Compilation produced 1 syntax errors. (testcode#1)
May 16, 2016 6:55:21 PM com.google.javascript.jscomp.parsing.ParserRunner parse
INFO: Error parsing testcode: Compilation produced 1 syntax errors. (testcode#1)
May 16, 2016 6:55:22 PM com.google.javascript.jscomp.parsing.ParserRunner parse
INFO: Error parsing testcode: Compilation produced 1 syntax errors. (testcode#1)
May 16, 2016 6:55:22 PM com.google.javascript.jscomp.parsing.ParserRunner parse
INFO: Error parsing testcode: Compilation produced 1 syntax errors. (testcode#1)
May 16, 2016 6:55:22 PM com.google.javascript.jscomp.parsing.ParserRunner parse
INFO: Error parsing testcode: Compilation produced 1 syntax errors. (testcode#1)
May 16, 2016 6:55:22 PM com.google.javascript.jscomp.parsing.ParserRunner parse
INFO: Error parsing testcode: Compilation produced 1 syntax errors. (testcode#1)
May 16, 2016 6:55:22 PM com.google.javascript.jscomp.parsing.ParserRunner parse
INFO: Error parsing testcode: Compilation produced 1 syntax errors. (testcode#1)
May 16, 2016 6:55:22 PM com.google.javascript.jscomp.parsing.ParserRunner parse
INFO: Error parsing testcode: Compilation produced 1 syntax errors. (testcode#1)
May 16, 2016 6:55:25 PM com.google.javascript.jscomp.parsing.ParserRunner parse
INFO: Error parsing testcode: Compilation produced 1 syntax errors. (testcode#1)
May 16, 2016 6:55:25 PM com.google.javascript.jscomp.parsing.ParserRunner parse
INFO: Error parsing testcode: Compilation produced 1 syntax errors. (testcode#1)
May 16, 2016 6:55:25 PM com.google.javascript.jscomp.parsing.ParserRunner parse
INFO: Error parsing testcode: Compilation produced 1 syntax errors. (testcode#1)
May 16, 2016 6:55:25 PM com.google.javascript.jscomp.parsing.ParserRunner parse
INFO: Error parsing testcode: Compilation produced 1 syntax errors. (testcode#1)
May 16, 2016 6:55:25 PM com.google.javascript.jscomp.parsing.ParserRunner parse
INFO: Error parsing testcode: Compilation produced 1 syntax errors. (testcode#1)
May 16, 2016 6:55:25 PM com.google.javascript.jscomp.parsing.ParserRunner parse
INFO: Error parsing testcode: Compilation produced 1 syntax errors. (testcode#1)
May 16, 2016 6:55:26 PM com.google.javascript.jscomp.parsing.ParserRunner parse
INFO: Error parsing testcode: Compilation produced 1 syntax errors. (testcode#1)
May 16, 2016 6:55:26 PM com.google.javascript.jscomp.parsing.ParserRunner parse
INFO: Error parsing testcode: Compilation produced 1 syntax errors. (testcode#1)
May 16, 2016 6:55:26 PM com.google.javascript.jscomp.parsing.ParserRunner parse
INFO: Error parsing testcode: Compilation produced 1 syntax errors. (testcode#1)
May 16, 2016 6:55:26 PM com.google.javascript.jscomp.parsing.ParserRunner parse
INFO: Error parsing testcode: Compilation produced 1 syntax errors. (testcode#1)
May 16, 2016 6:55:26 PM com.google.javascript.jscomp.parsing.ParserRunner parse
INFO: Error parsing testcode: Compilation produced 1 syntax errors. (testcode#1)
May 16, 2016 6:55:26 PM com.google.javascript.jscomp.parsing.ParserRunner parse
INFO: Error parsing testcode: Compilation produced 1 syntax errors. (testcode#1)
May 16, 2016 6:55:27 PM com.google.javascript.jscomp.parsing.ParserRunner parse
INFO: Error parsing testcode: Compilation produced 1 syntax errors. (testcode#1)
May 16, 2016 6:55:27 PM com.google.javascript.jscomp.parsing.ParserRunner parse
INFO: Error parsing testcode: Compilation produced 1 syntax errors. (testcode#1)
May 16, 2016 6:55:28 PM com.google.javascript.jscomp.parsing.ParserRunner parse
INFO: Error parsing testcode: Compilation produced 1 syntax errors. (testcode#1)
May 16, 2016 6:55:28 PM com.google.javascript.jscomp.parsing.ParserRunner parse
INFO: Error parsing testcode: Compilation produced 1 syntax errors. (testcode#1)
May 16, 2016 6:55:28 PM com.google.javascript.jscomp.parsing.ParserRunner parse
INFO: Error parsing testcode: Compilation produced 1 syntax errors. (testcode#1)
May 16, 2016 6:55:28 PM com.google.javascript.jscomp.parsing.ParserRunner parse
INFO: Error parsing testcode: Compilation produced 1 syntax errors. (testcode#1)
May 16, 2016 6:55:29 PM com.google.javascript.jscomp.parsing.ParserRunner parse
INFO: Error parsing testcode: Compilation produced 1 syntax errors. (testcode#1)
May 16, 2016 6:55:29 PM com.google.javascript.jscomp.parsing.ParserRunner parse
INFO: Error parsing testcode: Compilation produced 1 syntax errors. (testcode#1)
May 16, 2016 6:55:29 PM com.google.javascript.jscomp.parsing.ParserRunner parse
INFO: Error parsing testcode: Compilation produced 1 syntax errors. (testcode#1)
May 16, 2016 6:55:29 PM com.google.javascript.jscomp.parsing.ParserRunner parse
INFO: Error parsing testcode: Compilation produced 1 syntax errors. (testcode#1)
May 16, 2016 6:55:30 PM com.google.javascript.jscomp.parsing.ParserRunner parse
INFO: Error parsing testcode: Compilation produced 1 syntax errors. (testcode#1)
May 16, 2016 6:55:30 PM com.google.javascript.jscomp.parsing.ParserRunner parse
INFO: Error parsing testcode: Compilation produced 1 syntax errors. (testcode#1)
May 16, 2016 6:55:30 PM com.google.javascript.jscomp.parsing.ParserRunner parse
INFO: Error parsing testcode: Compilation produced 1 syntax errors. (testcode#1)
May 16, 2016 6:55:30 PM com.google.javascript.jscomp.parsing.ParserRunner parse
INFO: Error parsing testcode: Compilation produced 1 syntax errors. (testcode#1)
May 16, 2016 6:55:30 PM com.google.javascript.jscomp.parsing.ParserRunner parse
INFO: Error parsing testcode: Compilation produced 1 syntax errors. (testcode#1)
May 16, 2016 6:55:30 PM com.google.javascript.jscomp.parsing.ParserRunner parse
INFO: Error parsing testcode: Compilation produced 1 syntax errors. (testcode#1)
May 16, 2016 6:55:31 PM com.google.javascript.jscomp.parsing.ParserRunner parse
INFO: Error parsing testcode: Compilation produced 1 syntax errors. (testcode#1)
May 16, 2016 6:55:31 PM com.google.javascript.jscomp.parsing.ParserRunner parse
INFO: Error parsing testcode: Compilation produced 1 syntax errors. (testcode#1)
May 16, 2016 6:55:31 PM com.google.javascript.jscomp.parsing.ParserRunner parse
INFO: Error parsing testcode: Compilation produced 1 syntax errors. (testcode#1)
May 16, 2016 6:55:31 PM com.google.javascript.jscomp.parsing.ParserRunner parse
INFO: Error parsing testcode: Compilation produced 1 syntax errors. (testcode#1)
May 16, 2016 6:55:31 PM com.google.javascript.jscomp.parsing.ParserRunner parse
INFO: Error parsing testcode: Compilation produced 1 syntax errors. (testcode#1)
May 16, 2016 6:55:31 PM com.google.javascript.jscomp.parsing.ParserRunner parse
INFO: Error parsing testcode: Compilation produced 1 syntax errors. (testcode#1)
May 16, 2016 6:55:32 PM com.google.javascript.jscomp.parsing.ParserRunner parse
INFO: Error parsing testcode: Compilation produced 1 syntax errors. (testcode#1)
May 16, 2016 6:55:32 PM com.google.javascript.jscomp.parsing.ParserRunner parse
INFO: Error parsing testcode: Compilation produced 1 syntax errors. (testcode#1)
May 16, 2016 6:55:32 PM com.google.javascript.jscomp.parsing.ParserRunner parse
INFO: Error parsing testcode: Compilation produced 1 syntax errors. (testcode#1)
May 16, 2016 6:55:32 PM com.google.javascript.jscomp.parsing.ParserRunner parse
INFO: Error parsing testcode: Compilation produced 1 syntax errors. (testcode#1)
May 16, 2016 6:55:34 PM com.google.javascript.jscomp.parsing.ParserRunner parse
INFO: Error parsing testcode: Compilation produced 1 syntax errors. (testcode#1)
May 16, 2016 6:55:34 PM com.google.javascript.jscomp.parsing.ParserRunner parse
INFO: Error parsing testcode: Compilation produced 1 syntax errors. (testcode#1)
May 16, 2016 6:55:34 PM com.google.javascript.jscomp.parsing.ParserRunner parse
INFO: Error parsing testcode: Compilation produced 1 syntax errors. (testcode#1)
May 16, 2016 6:55:34 PM com.google.javascript.jscomp.parsing.ParserRunner parse
INFO: Error parsing testcode: Compilation produced 1 syntax errors. (testcode#1)
May 16, 2016 6:55:34 PM com.google.javascript.jscomp.parsing.ParserRunner parse
INFO: Error parsing testcode: Compilation produced 1 syntax errors. (testcode#1)
May 16, 2016 6:55:34 PM com.google.javascript.jscomp.parsing.ParserRunner parse
INFO: Error parsing testcode: Compilation produced 1 syntax errors. (testcode#1)
May 16, 2016 6:55:35 PM com.google.javascript.jscomp.parsing.ParserRunner parse
INFO: Error parsing testcode: Compilation produced 1 syntax errors. (testcode#1)
May 16, 2016 6:55:35 PM com.google.javascript.jscomp.parsing.ParserRunner parse
INFO: Error parsing testcode: Compilation produced 1 syntax errors. (testcode#1)
May 16, 2016 6:55:35 PM com.google.javascript.jscomp.parsing.ParserRunner parse
INFO: Error parsing testcode: Compilation produced 1 syntax errors. (testcode#1)
May 16, 2016 6:55:35 PM com.google.javascript.jscomp.parsing.ParserRunner parse
INFO: Error parsing testcode: Compilation produced 1 syntax errors. (testcode#1)
May 16, 2016 6:55:35 PM com.google.javascript.jscomp.parsing.ParserRunner parse
INFO: Error parsing testcode: Compilation produced 1 syntax errors. (testcode#1)
May 16, 2016 6:55:35 PM com.google.javascript.jscomp.parsing.ParserRunner parse
INFO: Error parsing testcode: Compilation produced 1 syntax errors. (testcode#1)
May 16, 2016 6:55:36 PM com.google.javascript.jscomp.parsing.ParserRunner parse
INFO: Error parsing testcode: Compilation produced 1 syntax errors. (testcode#1)
May 16, 2016 6:55:36 PM com.google.javascript.jscomp.parsing.ParserRunner parse
INFO: Error parsing testcode: Compilation produced 1 syntax errors. (testcode#1)
May 16, 2016 6:55:36 PM com.google.javascript.jscomp.parsing.ParserRunner parse
INFO: Error parsing testcode: Compilation produced 1 syntax errors. (testcode#1)
May 16, 2016 6:55:36 PM com.google.javascript.jscomp.parsing.ParserRunner parse
INFO: Error parsing testcode: Compilation produced 1 syntax errors. (testcode#1)
May 16, 2016 6:55:37 PM com.google.javascript.jscomp.parsing.ParserRunner parse
INFO: Error parsing testcode: Compilation produced 1 syntax errors. (testcode#1)
May 16, 2016 6:55:37 PM com.google.javascript.jscomp.parsing.ParserRunner parse
INFO: Error parsing testcode: Compilation produced 1 syntax errors. (testcode#1)
May 16, 2016 6:55:37 PM com.google.javascript.jscomp.parsing.ParserRunner parse
INFO: Error parsing testcode: Compilation produced 1 syntax errors. (testcode#1)
May 16, 2016 6:55:37 PM com.google.javascript.jscomp.parsing.ParserRunner parse
INFO: Error parsing testcode: Compilation produced 1 syntax errors. (testcode#1)
May 16, 2016 6:55:37 PM com.google.javascript.jscomp.parsing.ParserRunner parse
INFO: Error parsing testcode: Compilation produced 1 syntax errors. (testcode#1)
May 16, 2016 6:55:37 PM com.google.javascript.jscomp.parsing.ParserRunner parse
INFO: Error parsing testcode: Compilation produced 1 syntax errors. (testcode#1)
May 16, 2016 6:55:37 PM com.google.javascript.jscomp.parsing.ParserRunner parse
INFO: Error parsing testcode: Compilation produced 1 syntax errors. (testcode#1)
May 16, 2016 6:55:37 PM com.google.javascript.jscomp.parsing.ParserRunner parse
INFO: Error parsing testcode: Compilation produced 1 syntax errors. (testcode#1)
May 16, 2016 6:55:37 PM com.google.javascript.jscomp.parsing.ParserRunner parse
INFO: Error parsing testcode: Compilation produced 1 syntax errors. (testcode#1)
May 16, 2016 6:55:37 PM com.google.javascript.jscomp.parsing.ParserRunner parse
INFO: Error parsing testcode: Compilation produced 1 syntax errors. (testcode#1)
May 16, 2016 6:55:37 PM com.google.javascript.jscomp.parsing.ParserRunner parse
INFO: Error parsing testcode: Compilation produced 1 syntax errors. (testcode#1)
May 16, 2016 6:55:37 PM com.google.javascript.jscomp.parsing.ParserRunner parse
INFO: Error parsing testcode: Compilation produced 1 syntax errors. (testcode#1)
May 16, 2016 6:55:38 PM com.google.javascript.jscomp.parsing.ParserRunner parse
INFO: Error parsing testcode: Compilation produced 1 syntax errors. (testcode#1)
May 16, 2016 6:55:38 PM com.google.javascript.jscomp.parsing.ParserRunner parse
INFO: Error parsing testcode: Compilation produced 1 syntax errors. (testcode#1)
May 16, 2016 6:55:38 PM com.google.javascript.jscomp.parsing.ParserRunner parse
INFO: Error parsing testcode: Compilation produced 1 syntax errors. (testcode#1)
May 16, 2016 6:55:38 PM com.google.javascript.jscomp.parsing.ParserRunner parse
INFO: Error parsing testcode: Compilation produced 1 syntax errors. (testcode#1)
May 16, 2016 6:55:38 PM com.google.javascript.jscomp.parsing.ParserRunner parse
INFO: Error parsing testcode: Compilation produced 1 syntax errors. (testcode#1)
May 16, 2016 6:55:38 PM com.google.javascript.jscomp.parsing.ParserRunner parse
INFO: Error parsing testcode: Compilation produced 1 syntax errors. (testcode#1)
May 16, 2016 6:55:38 PM com.google.javascript.jscomp.parsing.ParserRunner parse
INFO: Error parsing testcode: Compilation produced 1 syntax errors. (testcode#1)
May 16, 2016 6:55:38 PM com.google.javascript.jscomp.parsing.ParserRunner parse
INFO: Error parsing testcode: Compilation produced 1 syntax errors. (testcode#1)
May 16, 2016 6:55:38 PM com.google.javascript.jscomp.parsing.ParserRunner parse
INFO: Error parsing testcode: Compilation produced 1 syntax errors. (testcode#1)
May 16, 2016 6:55:38 PM com.google.javascript.jscomp.parsing.ParserRunner parse
INFO: Error parsing testcode: Compilation produced 1 syntax errors. (testcode#1)
May 16, 2016 6:55:38 PM com.google.javascript.jscomp.parsing.ParserRunner parse
INFO: Error parsing testcode: Compilation produced 1 syntax errors. (testcode#1)
May 16, 2016 6:55:38 PM com.google.javascript.jscomp.parsing.ParserRunner parse
INFO: Error parsing testcode: Compilation produced 1 syntax errors. (testcode#1)
May 16, 2016 6:55:39 PM com.google.javascript.jscomp.parsing.ParserRunner parse
INFO: Error parsing testcode: Compilation produced 1 syntax errors. (testcode#1)
May 16, 2016 6:55:39 PM com.google.javascript.jscomp.parsing.ParserRunner parse
INFO: Error parsing testcode: Compilation produced 1 syntax errors. (testcode#1)
May 16, 2016 6:55:39 PM com.google.javascript.jscomp.parsing.ParserRunner parse
INFO: Error parsing testcode: Compilation produced 1 syntax errors. (testcode#1)
May 16, 2016 6:55:39 PM com.google.javascript.jscomp.parsing.ParserRunner parse
INFO: Error parsing testcode: Compilation produced 1 syntax errors. (testcode#1)
May 16, 2016 6:55:39 PM com.google.javascript.jscomp.parsing.ParserRunner parse
INFO: Error parsing testcode: Compilation produced 1 syntax errors. (testcode#1)
May 16, 2016 6:55:39 PM com.google.javascript.jscomp.parsing.ParserRunner parse
INFO: Error parsing testcode: Compilation produced 1 syntax errors. (testcode#1)
May 16, 2016 6:55:40 PM com.google.javascript.jscomp.parsing.ParserRunner parse
INFO: Error parsing testcode: Compilation produced 1 syntax errors. (testcode#1)
May 16, 2016 6:55:40 PM com.google.javascript.jscomp.parsing.ParserRunner parse
INFO: Error parsing testcode: Compilation produced 1 syntax errors. (testcode#1)
May 16, 2016 6:55:40 PM com.google.javascript.jscomp.parsing.ParserRunner parse
INFO: Error parsing testcode: Compilation produced 1 syntax errors. (testcode#1)
May 16, 2016 6:55:40 PM com.google.javascript.jscomp.parsing.ParserRunner parse
INFO: Error parsing testcode: Compilation produced 1 syntax errors. (testcode#1)
May 16, 2016 6:55:40 PM com.google.javascript.jscomp.parsing.ParserRunner parse
INFO: Error parsing testcode: Compilation produced 1 syntax errors. (testcode#1)
May 16, 2016 6:55:40 PM com.google.javascript.jscomp.parsing.ParserRunner parse
INFO: Error parsing testcode: Compilation produced 1 syntax errors. (testcode#1)
May 16, 2016 6:55:41 PM com.google.javascript.jscomp.parsing.ParserRunner parse
INFO: Error parsing testcode: Compilation produced 1 syntax errors. (testcode#1)
May 16, 2016 6:55:41 PM com.google.javascript.jscomp.parsing.ParserRunner parse
INFO: Error parsing testcode: Compilation produced 1 syntax errors. (testcode#1)
May 16, 2016 6:55:42 PM com.google.javascript.jscomp.parsing.ParserRunner parse
INFO: Error parsing testcode: Compilation produced 1 syntax errors. (testcode#1)
May 16, 2016 6:55:42 PM com.google.javascript.jscomp.parsing.ParserRunner parse
INFO: Error parsing testcode: Compilation produced 1 syntax errors. (testcode#1)
May 16, 2016 6:55:43 PM com.google.javascript.jscomp.parsing.ParserRunner parse
INFO: Error parsing testcode: Compilation produced 1 syntax errors. (testcode#1)
May 16, 2016 6:55:43 PM com.google.javascript.jscomp.parsing.ParserRunner parse
INFO: Error parsing testcode: Compilation produced 1 syntax errors. (testcode#1)
May 16, 2016 6:55:43 PM com.google.javascript.jscomp.parsing.ParserRunner parse
INFO: Error parsing testcode: Compilation produced 1 syntax errors. (testcode#1)
May 16, 2016 6:55:43 PM com.google.javascript.jscomp.parsing.ParserRunner parse
INFO: Error parsing testcode: Compilation produced 1 syntax errors. (testcode#1)
May 16, 2016 6:55:43 PM com.google.javascript.jscomp.parsing.ParserRunner parse
INFO: Error parsing testcode: Compilation produced 1 syntax errors. (testcode#1)
May 16, 2016 6:55:43 PM com.google.javascript.jscomp.parsing.ParserRunner parse
INFO: Error parsing testcode: Compilation produced 1 syntax errors. (testcode#1)
May 16, 2016 6:55:44 PM com.google.javascript.jscomp.parsing.ParserRunner parse
INFO: Error parsing testcode: Compilation produced 1 syntax errors. (testcode#1)
May 16, 2016 6:55:44 PM com.google.javascript.jscomp.parsing.ParserRunner parse
INFO: Error parsing testcode: Compilation produced 1 syntax errors. (testcode#1)
java.lang.IllegalStateException: FAILED ASSERTION
	at com.google.javascript.jscomp.mozilla.rhino.Kit.codeBug(Kit.java:449)
	at com.google.javascript.jscomp.mozilla.rhino.TokenStream.<init>(TokenStream.java:83)
	at com.google.javascript.jscomp.mozilla.rhino.Parser.parse(Parser.java:514)
	at com.google.javascript.jscomp.parsing.ParserRunner.parse(ParserRunner.java:133)
	at com.google.javascript.jscomp.JsAst.parse(JsAst.java:87)
	at com.google.javascript.jscomp.JsAst.getAstRoot(JsAst.java:53)
	at com.google.javascript.jscomp.JsMessageExtractor.extractMessages(JsMessageExtractor.java:127)
	at com.google.javascript.jscomp.JsMessageExtractor.extractMessages(JsMessageExtractor.java:100)
	at com.google.javascript.jscomp.JsMessageExtractorTest.extractMessages(JsMessageExtractorTest.java:40)
	at com.google.javascript.jscomp.JsMessageExtractorTest.extractMessage(JsMessageExtractorTest.java:49)
	at com.google.javascript.jscomp.JsMessageExtractorTest.testSyntaxError1(JsMessageExtractorTest.java:56)
	at sun.reflect.NativeMethodAccessorImpl.invoke0(Native Method)
	at sun.reflect.NativeMethodAccessorImpl.invoke(NativeMethodAccessorImpl.java:57)
	at sun.reflect.DelegatingMethodAccessorImpl.invoke(DelegatingMethodAccessorImpl.java:43)
	at java.lang.reflect.Method.invoke(Method.java:606)
	at junit.framework.TestCase.runTest(TestCase.java:176)
	at junit.framework.TestCase.runBare(TestCase.java:141)
	at junit.framework.TestResult$1.protect(TestResult.java:122)
	at junit.framework.TestResult.runProtected(TestResult.java:142)
	at junit.framework.TestResult.run(TestResult.java:125)
	at junit.framework.TestCase.run(TestCase.java:129)
	at junit.framework.TestSuite.runTest(TestSuite.java:255)
	at junit.framework.TestSuite.run(TestSuite.java:250)
	at org.junit.internal.runners.JUnit38ClassRunner.run(JUnit38ClassRunner.java:84)
	at org.junit.runner.JUnitCore.run(JUnitCore.java:160)
	at org.junit.runner.JUnitCore.run(JUnitCore.java:138)
	at xxl.java.junit.JUnitSingleTestRunner.call(JUnitSingleTestRunner.java:23)
	at xxl.java.junit.JUnitSingleTestRunner.call(JUnitSingleTestRunner.java:10)
	at java.util.concurrent.FutureTask.run(FutureTask.java:262)
	at java.util.concurrent.ThreadPoolExecutor.runWorker(ThreadPoolExecutor.java:1145)
	at java.util.concurrent.ThreadPoolExecutor$Worker.run(ThreadPoolExecutor.java:615)
	at java.lang.Thread.run(Thread.java:745)
java.lang.IllegalStateException: FAILED ASSERTION
	at com.google.javascript.jscomp.mozilla.rhino.Kit.codeBug(Kit.java:449)
	at com.google.javascript.jscomp.mozilla.rhino.TokenStream.<init>(TokenStream.java:83)
	at com.google.javascript.jscomp.mozilla.rhino.Parser.parse(Parser.java:514)
	at com.google.javascript.jscomp.parsing.ParserRunner.parse(ParserRunner.java:133)
	at com.google.javascript.jscomp.JsAst.parse(JsAst.java:87)
	at com.google.javascript.jscomp.JsAst.getAstRoot(JsAst.java:53)
	at com.google.javascript.jscomp.JsMessageExtractor.extractMessages(JsMessageExtractor.java:127)
	at com.google.javascript.jscomp.JsMessageExtractor.extractMessages(JsMessageExtractor.java:100)
	at com.google.javascript.jscomp.JsMessageExtractorTest.extractMessages(JsMessageExtractorTest.java:40)
	at com.google.javascript.jscomp.JsMessageExtractorTest.extractMessage(JsMessageExtractorTest.java:49)
	at com.google.javascript.jscomp.JsMessageExtractorTest.testSyntaxError2(JsMessageExtractorTest.java:68)
	at sun.reflect.NativeMethodAccessorImpl.invoke0(Native Method)
	at sun.reflect.NativeMethodAccessorImpl.invoke(NativeMethodAccessorImpl.java:57)
	at sun.reflect.DelegatingMethodAccessorImpl.invoke(DelegatingMethodAccessorImpl.java:43)
	at java.lang.reflect.Method.invoke(Method.java:606)
	at junit.framework.TestCase.runTest(TestCase.java:176)
	at junit.framework.TestCase.runBare(TestCase.java:141)
	at junit.framework.TestResult$1.protect(TestResult.java:122)
	at junit.framework.TestResult.runProtected(TestResult.java:142)
	at junit.framework.TestResult.run(TestResult.java:125)
	at junit.framework.TestCase.run(TestCase.java:129)
	at junit.framework.TestSuite.runTest(TestSuite.java:255)
	at junit.framework.TestSuite.run(TestSuite.java:250)
	at org.junit.internal.runners.JUnit38ClassRunner.run(JUnit38ClassRunner.java:84)
	at org.junit.runner.JUnitCore.run(JUnitCore.java:160)
	at org.junit.runner.JUnitCore.run(JUnitCore.java:138)
	at xxl.java.junit.JUnitSingleTestRunner.call(JUnitSingleTestRunner.java:23)
	at xxl.java.junit.JUnitSingleTestRunner.call(JUnitSingleTestRunner.java:10)
	at java.util.concurrent.FutureTask.run(FutureTask.java:262)
	at java.util.concurrent.ThreadPoolExecutor.runWorker(ThreadPoolExecutor.java:1145)
	at java.util.concurrent.ThreadPoolExecutor$Worker.run(ThreadPoolExecutor.java:615)
	at java.lang.Thread.run(Thread.java:745)
May 16, 2016 6:55:44 PM com.google.javascript.jscomp.parsing.ParserRunner parse
INFO: Error parsing testcode: Compilation produced 1 syntax errors. (testcode#1)
May 16, 2016 6:55:44 PM com.google.javascript.jscomp.parsing.ParserRunner parse
INFO: Error parsing testcode: Compilation produced 1 syntax errors. (testcode#1)
May 16, 2016 6:55:44 PM com.google.javascript.jscomp.parsing.ParserRunner parse
INFO: Error parsing testcode: Compilation produced 1 syntax errors. (testcode#1)
May 16, 2016 6:55:44 PM com.google.javascript.jscomp.parsing.ParserRunner parse
INFO: Error parsing testcode: Compilation produced 1 syntax errors. (testcode#1)
May 16, 2016 6:55:44 PM com.google.javascript.jscomp.parsing.ParserRunner parse
INFO: Error parsing testcode: Compilation produced 1 syntax errors. (testcode#1)
May 16, 2016 6:55:44 PM com.google.javascript.jscomp.parsing.ParserRunner parse
INFO: Error parsing testcode: Compilation produced 1 syntax errors. (testcode#1)
May 16, 2016 6:55:44 PM com.google.javascript.jscomp.parsing.ParserRunner parse
INFO: Error parsing testcode: Compilation produced 1 syntax errors. (testcode#1)
May 16, 2016 6:55:44 PM com.google.javascript.jscomp.parsing.ParserRunner parse
INFO: Error parsing testcode: Compilation produced 1 syntax errors. (testcode#1)
May 16, 2016 6:55:45 PM com.google.javascript.jscomp.parsing.ParserRunner parse
INFO: Error parsing testcode: Compilation produced 1 syntax errors. (testcode#1)
May 16, 2016 6:55:45 PM com.google.javascript.jscomp.parsing.ParserRunner parse
INFO: Error parsing testcode: Compilation produced 1 syntax errors. (testcode#1)
May 16, 2016 6:55:45 PM com.google.javascript.jscomp.parsing.ParserRunner parse
INFO: Error parsing testcode: Compilation produced 1 syntax errors. (testcode#1)
May 16, 2016 6:55:45 PM com.google.javascript.jscomp.parsing.ParserRunner parse
INFO: Error parsing testcode: Compilation produced 1 syntax errors. (testcode#1)
May 16, 2016 6:55:45 PM com.google.javascript.jscomp.parsing.ParserRunner parse
INFO: Error parsing testcode: Compilation produced 1 syntax errors. (testcode#1)
May 16, 2016 6:55:45 PM com.google.javascript.jscomp.parsing.ParserRunner parse
INFO: Error parsing testcode: Compilation produced 1 syntax errors. (testcode#1)
May 16, 2016 6:55:45 PM com.google.javascript.jscomp.parsing.ParserRunner parse
INFO: Error parsing testcode: Compilation produced 1 syntax errors. (testcode#1)
May 16, 2016 6:55:45 PM com.google.javascript.jscomp.parsing.ParserRunner parse
INFO: Error parsing testcode: Compilation produced 1 syntax errors. (testcode#1)
May 16, 2016 6:55:45 PM com.google.javascript.jscomp.parsing.ParserRunner parse
INFO: Error parsing testcode: Compilation produced 1 syntax errors. (testcode#1)
May 16, 2016 6:55:45 PM com.google.javascript.jscomp.parsing.ParserRunner parse
INFO: Error parsing testcode: Compilation produced 1 syntax errors. (testcode#1)
May 16, 2016 6:55:45 PM com.google.javascript.jscomp.parsing.ParserRunner parse
INFO: Error parsing testcode: Compilation produced 1 syntax errors. (testcode#1)
May 16, 2016 6:55:45 PM com.google.javascript.jscomp.parsing.ParserRunner parse
INFO: Error parsing testcode: Compilation produced 1 syntax errors. (testcode#1)
May 16, 2016 6:55:48 PM com.google.javascript.jscomp.parsing.ParserRunner parse
INFO: Error parsing testcode: Compilation produced 1 syntax errors. (testcode#1)
May 16, 2016 6:55:48 PM com.google.javascript.jscomp.parsing.ParserRunner parse
INFO: Error parsing testcode: Compilation produced 1 syntax errors. (testcode#1)
May 16, 2016 6:55:48 PM com.google.javascript.jscomp.parsing.ParserRunner parse
INFO: Error parsing testcode: Compilation produced 1 syntax errors. (testcode#1)
May 16, 2016 6:55:48 PM com.google.javascript.jscomp.parsing.ParserRunner parse
INFO: Error parsing testcode: Compilation produced 1 syntax errors. (testcode#1)
May 16, 2016 6:55:48 PM com.google.javascript.jscomp.parsing.ParserRunner parse
INFO: Error parsing testcode: Compilation produced 1 syntax errors. (testcode#1)
May 16, 2016 6:55:48 PM com.google.javascript.jscomp.parsing.ParserRunner parse
INFO: Error parsing testcode: Compilation produced 1 syntax errors. (testcode#1)
May 16, 2016 6:55:50 PM com.google.javascript.jscomp.parsing.ParserRunner parse
INFO: Error parsing testcode: Compilation produced 1 syntax errors. (testcode#1)
May 16, 2016 6:55:50 PM com.google.javascript.jscomp.parsing.ParserRunner parse
INFO: Error parsing testcode: Compilation produced 1 syntax errors. (testcode#1)
May 16, 2016 6:55:50 PM com.google.javascript.jscomp.parsing.ParserRunner parse
INFO: Error parsing testcode: Compilation produced 1 syntax errors. (testcode#1)
May 16, 2016 6:55:50 PM com.google.javascript.jscomp.parsing.ParserRunner parse
INFO: Error parsing testcode: Compilation produced 1 syntax errors. (testcode#1)
May 16, 2016 6:55:50 PM com.google.javascript.jscomp.parsing.ParserRunner parse
INFO: Error parsing testcode: Compilation produced 1 syntax errors. (testcode#1)
May 16, 2016 6:55:50 PM com.google.javascript.jscomp.parsing.ParserRunner parse
INFO: Error parsing testcode: Compilation produced 1 syntax errors. (testcode#1)
May 16, 2016 6:55:51 PM com.google.javascript.jscomp.parsing.ParserRunner parse
INFO: Error parsing testcode: Compilation produced 1 syntax errors. (testcode#1)
May 16, 2016 6:55:51 PM com.google.javascript.jscomp.parsing.ParserRunner parse
INFO: Error parsing testcode: Compilation produced 1 syntax errors. (testcode#1)
May 16, 2016 6:55:51 PM com.google.javascript.jscomp.parsing.ParserRunner parse
INFO: Error parsing testcode: Compilation produced 1 syntax errors. (testcode#1)
May 16, 2016 6:55:51 PM com.google.javascript.jscomp.parsing.ParserRunner parse
INFO: Error parsing testcode: Compilation produced 1 syntax errors. (testcode#1)
May 16, 2016 6:55:51 PM com.google.javascript.jscomp.parsing.ParserRunner parse
INFO: Error parsing testcode: Compilation produced 1 syntax errors. (testcode#1)
May 16, 2016 6:55:51 PM com.google.javascript.jscomp.parsing.ParserRunner parse
INFO: Error parsing testcode: Compilation produced 1 syntax errors. (testcode#1)
May 16, 2016 6:55:52 PM com.google.javascript.jscomp.parsing.ParserRunner parse
INFO: Error parsing testcode: Compilation produced 1 syntax errors. (testcode#1)
May 16, 2016 6:55:52 PM com.google.javascript.jscomp.parsing.ParserRunner parse
INFO: Error parsing testcode: Compilation produced 1 syntax errors. (testcode#1)
May 16, 2016 6:55:52 PM com.google.javascript.jscomp.parsing.ParserRunner parse
INFO: Error parsing testcode: Compilation produced 1 syntax errors. (testcode#1)
May 16, 2016 6:55:52 PM com.google.javascript.jscomp.parsing.ParserRunner parse
INFO: Error parsing testcode: Compilation produced 1 syntax errors. (testcode#1)
May 16, 2016 6:55:56 PM com.google.javascript.jscomp.parsing.ParserRunner parse
INFO: Error parsing testcode: Compilation produced 1 syntax errors. (testcode#1)
May 16, 2016 6:55:56 PM com.google.javascript.jscomp.parsing.ParserRunner parse
INFO: Error parsing testcode: Compilation produced 1 syntax errors. (testcode#1)
May 16, 2016 6:55:56 PM com.google.javascript.jscomp.parsing.ParserRunner parse
INFO: Error parsing testcode: Compilation produced 1 syntax errors. (testcode#1)
May 16, 2016 6:55:56 PM com.google.javascript.jscomp.parsing.ParserRunner parse
INFO: Error parsing testcode: Compilation produced 1 syntax errors. (testcode#1)
May 16, 2016 6:55:56 PM com.google.javascript.jscomp.parsing.ParserRunner parse
INFO: Error parsing testcode: Compilation produced 1 syntax errors. (testcode#1)
May 16, 2016 6:55:56 PM com.google.javascript.jscomp.parsing.ParserRunner parse
INFO: Error parsing testcode: Compilation produced 1 syntax errors. (testcode#1)
May 16, 2016 6:55:57 PM com.google.javascript.jscomp.parsing.ParserRunner parse
INFO: Error parsing testcode: Compilation produced 1 syntax errors. (testcode#1)
May 16, 2016 6:55:57 PM com.google.javascript.jscomp.parsing.ParserRunner parse
INFO: Error parsing testcode: Compilation produced 1 syntax errors. (testcode#1)
May 16, 2016 6:55:57 PM com.google.javascript.jscomp.parsing.ParserRunner parse
INFO: Error parsing testcode: Compilation produced 1 syntax errors. (testcode#1)
May 16, 2016 6:55:57 PM com.google.javascript.jscomp.parsing.ParserRunner parse
INFO: Error parsing testcode: Compilation produced 1 syntax errors. (testcode#1)
May 16, 2016 6:55:57 PM com.google.javascript.jscomp.parsing.ParserRunner parse
INFO: Error parsing testcode: Compilation produced 1 syntax errors. (testcode#1)
May 16, 2016 6:55:57 PM com.google.javascript.jscomp.parsing.ParserRunner parse
INFO: Error parsing testcode: Compilation produced 1 syntax errors. (testcode#1)
May 16, 2016 6:55:58 PM com.google.javascript.jscomp.parsing.ParserRunner parse
INFO: Error parsing testcode: Compilation produced 1 syntax errors. (testcode#1)
May 16, 2016 6:55:58 PM com.google.javascript.jscomp.parsing.ParserRunner parse
INFO: Error parsing testcode: Compilation produced 1 syntax errors. (testcode#1)
May 16, 2016 6:55:59 PM com.google.javascript.jscomp.parsing.ParserRunner parse
INFO: Error parsing testcode: Compilation produced 1 syntax errors. (testcode#1)
May 16, 2016 6:55:59 PM com.google.javascript.jscomp.parsing.ParserRunner parse
INFO: Error parsing testcode: Compilation produced 1 syntax errors. (testcode#1)
May 16, 2016 6:55:59 PM com.google.javascript.jscomp.parsing.ParserRunner parse
INFO: Error parsing testcode: Compilation produced 1 syntax errors. (testcode#1)
May 16, 2016 6:55:59 PM com.google.javascript.jscomp.parsing.ParserRunner parse
INFO: Error parsing testcode: Compilation produced 1 syntax errors. (testcode#1)
May 16, 2016 6:56:00 PM com.google.javascript.jscomp.parsing.ParserRunner parse
INFO: Error parsing testcode: Compilation produced 1 syntax errors. (testcode#1)
May 16, 2016 6:56:00 PM com.google.javascript.jscomp.parsing.ParserRunner parse
INFO: Error parsing testcode: Compilation produced 1 syntax errors. (testcode#1)
May 16, 2016 6:56:00 PM com.google.javascript.jscomp.parsing.ParserRunner parse
INFO: Error parsing testcode: Compilation produced 1 syntax errors. (testcode#1)
May 16, 2016 6:56:00 PM com.google.javascript.jscomp.parsing.ParserRunner parse
INFO: Error parsing testcode: Compilation produced 1 syntax errors. (testcode#1)
May 16, 2016 6:56:00 PM com.google.javascript.jscomp.parsing.ParserRunner parse
INFO: Error parsing testcode: Compilation produced 1 syntax errors. (testcode#1)
May 16, 2016 6:56:00 PM com.google.javascript.jscomp.parsing.ParserRunner parse
INFO: Error parsing testcode: Compilation produced 1 syntax errors. (testcode#1)
May 16, 2016 6:56:01 PM com.google.javascript.jscomp.parsing.ParserRunner parse
INFO: Error parsing testcode: Compilation produced 1 syntax errors. (testcode#1)
May 16, 2016 6:56:01 PM com.google.javascript.jscomp.parsing.ParserRunner parse
INFO: Error parsing testcode: Compilation produced 1 syntax errors. (testcode#1)
May 16, 2016 6:56:01 PM com.google.javascript.jscomp.parsing.ParserRunner parse
INFO: Error parsing testcode: Compilation produced 1 syntax errors. (testcode#1)
May 16, 2016 6:56:02 PM com.google.javascript.jscomp.parsing.ParserRunner parse
INFO: Error parsing testcode: Compilation produced 1 syntax errors. (testcode#1)
May 16, 2016 6:56:02 PM com.google.javascript.jscomp.parsing.ParserRunner parse
INFO: Error parsing testcode: Compilation produced 1 syntax errors. (testcode#1)
May 16, 2016 6:56:02 PM com.google.javascript.jscomp.parsing.ParserRunner parse
INFO: Error parsing testcode: Compilation produced 1 syntax errors. (testcode#1)
May 16, 2016 6:56:03 PM com.google.javascript.jscomp.parsing.ParserRunner parse
INFO: Error parsing testcode: Compilation produced 1 syntax errors. (testcode#1)
May 16, 2016 6:56:03 PM com.google.javascript.jscomp.parsing.ParserRunner parse
INFO: Error parsing testcode: Compilation produced 1 syntax errors. (testcode#1)
May 16, 2016 6:56:03 PM com.google.javascript.jscomp.parsing.ParserRunner parse
INFO: Error parsing testcode: Compilation produced 1 syntax errors. (testcode#1)
May 16, 2016 6:56:03 PM com.google.javascript.jscomp.parsing.ParserRunner parse
INFO: Error parsing testcode: Compilation produced 1 syntax errors. (testcode#1)
May 16, 2016 6:56:03 PM com.google.javascript.jscomp.parsing.ParserRunner parse
INFO: Error parsing testcode: Compilation produced 1 syntax errors. (testcode#1)
May 16, 2016 6:56:03 PM com.google.javascript.jscomp.parsing.ParserRunner parse
INFO: Error parsing testcode: Compilation produced 1 syntax errors. (testcode#1)
May 16, 2016 6:56:04 PM com.google.javascript.jscomp.parsing.ParserRunner parse
INFO: Error parsing testcode: Compilation produced 1 syntax errors. (testcode#1)
May 16, 2016 6:56:04 PM com.google.javascript.jscomp.parsing.ParserRunner parse
INFO: Error parsing testcode: Compilation produced 1 syntax errors. (testcode#1)
May 16, 2016 6:56:04 PM com.google.javascript.jscomp.parsing.ParserRunner parse
INFO: Error parsing testcode: Compilation produced 1 syntax errors. (testcode#1)
May 16, 2016 6:56:04 PM com.google.javascript.jscomp.parsing.ParserRunner parse
INFO: Error parsing testcode: Compilation produced 1 syntax errors. (testcode#1)
May 16, 2016 6:56:04 PM com.google.javascript.jscomp.parsing.ParserRunner parse
INFO: Error parsing testcode: Compilation produced 1 syntax errors. (testcode#1)
May 16, 2016 6:56:04 PM com.google.javascript.jscomp.parsing.ParserRunner parse
INFO: Error parsing testcode: Compilation produced 1 syntax errors. (testcode#1)
May 16, 2016 6:56:05 PM com.google.javascript.jscomp.parsing.ParserRunner parse
INFO: Error parsing testcode: Compilation produced 1 syntax errors. (testcode#1)
May 16, 2016 6:56:05 PM com.google.javascript.jscomp.parsing.ParserRunner parse
INFO: Error parsing testcode: Compilation produced 1 syntax errors. (testcode#1)
May 16, 2016 6:56:05 PM com.google.javascript.jscomp.parsing.ParserRunner parse
INFO: Error parsing testcode: Compilation produced 1 syntax errors. (testcode#1)
May 16, 2016 6:56:05 PM com.google.javascript.jscomp.parsing.ParserRunner parse
INFO: Error parsing testcode: Compilation produced 1 syntax errors. (testcode#1)
May 16, 2016 6:56:06 PM com.google.javascript.jscomp.parsing.ParserRunner parse
INFO: Error parsing testcode: Compilation produced 1 syntax errors. (testcode#1)
May 16, 2016 6:56:06 PM com.google.javascript.jscomp.parsing.ParserRunner parse
INFO: Error parsing testcode: Compilation produced 1 syntax errors. (testcode#1)
May 16, 2016 6:56:06 PM com.google.javascript.jscomp.parsing.ParserRunner parse
INFO: Error parsing testcode: Compilation produced 1 syntax errors. (testcode#1)
May 16, 2016 6:56:06 PM com.google.javascript.jscomp.parsing.ParserRunner parse
INFO: Error parsing testcode: Compilation produced 1 syntax errors. (testcode#1)
May 16, 2016 6:56:08 PM com.google.javascript.jscomp.parsing.ParserRunner parse
INFO: Error parsing testcode: Compilation produced 1 syntax errors. (testcode#1)
May 16, 2016 6:56:08 PM com.google.javascript.jscomp.parsing.ParserRunner parse
INFO: Error parsing testcode: Compilation produced 1 syntax errors. (testcode#1)
May 16, 2016 6:56:08 PM com.google.javascript.jscomp.parsing.ParserRunner parse
INFO: Error parsing testcode: Compilation produced 1 syntax errors. (testcode#1)
May 16, 2016 6:56:08 PM com.google.javascript.jscomp.parsing.ParserRunner parse
INFO: Error parsing testcode: Compilation produced 1 syntax errors. (testcode#1)
May 16, 2016 6:56:09 PM com.google.javascript.jscomp.parsing.ParserRunner parse
INFO: Error parsing testcode: Compilation produced 1 syntax errors. (testcode#1)
May 16, 2016 6:56:09 PM com.google.javascript.jscomp.parsing.ParserRunner parse
INFO: Error parsing testcode: Compilation produced 1 syntax errors. (testcode#1)
May 16, 2016 6:56:09 PM com.google.javascript.jscomp.parsing.ParserRunner parse
INFO: Error parsing testcode: Compilation produced 1 syntax errors. (testcode#1)
May 16, 2016 6:56:09 PM com.google.javascript.jscomp.parsing.ParserRunner parse
INFO: Error parsing testcode: Compilation produced 1 syntax errors. (testcode#1)
May 16, 2016 6:56:09 PM com.google.javascript.jscomp.parsing.ParserRunner parse
INFO: Error parsing testcode: Compilation produced 1 syntax errors. (testcode#1)
May 16, 2016 6:56:09 PM com.google.javascript.jscomp.parsing.ParserRunner parse
INFO: Error parsing testcode: Compilation produced 1 syntax errors. (testcode#1)
May 16, 2016 6:56:10 PM com.google.javascript.jscomp.parsing.ParserRunner parse
INFO: Error parsing testcode: Compilation produced 1 syntax errors. (testcode#1)
May 16, 2016 6:56:10 PM com.google.javascript.jscomp.parsing.ParserRunner parse
INFO: Error parsing testcode: Compilation produced 1 syntax errors. (testcode#1)
May 16, 2016 6:56:10 PM com.google.javascript.jscomp.parsing.ParserRunner parse
INFO: Error parsing testcode: Compilation produced 1 syntax errors. (testcode#1)
May 16, 2016 6:56:10 PM com.google.javascript.jscomp.parsing.ParserRunner parse
INFO: Error parsing testcode: Compilation produced 1 syntax errors. (testcode#1)
May 16, 2016 6:56:10 PM com.google.javascript.jscomp.parsing.ParserRunner parse
INFO: Error parsing testcode: Compilation produced 1 syntax errors. (testcode#1)
May 16, 2016 6:56:10 PM com.google.javascript.jscomp.parsing.ParserRunner parse
INFO: Error parsing testcode: Compilation produced 1 syntax errors. (testcode#1)
May 16, 2016 6:56:10 PM com.google.javascript.jscomp.parsing.ParserRunner parse
INFO: Error parsing testcode: Compilation produced 1 syntax errors. (testcode#1)
May 16, 2016 6:56:10 PM com.google.javascript.jscomp.parsing.ParserRunner parse
INFO: Error parsing testcode: Compilation produced 1 syntax errors. (testcode#1)
May 16, 2016 6:56:10 PM com.google.javascript.jscomp.parsing.ParserRunner parse
INFO: Error parsing testcode: Compilation produced 1 syntax errors. (testcode#1)
May 16, 2016 6:56:10 PM com.google.javascript.jscomp.parsing.ParserRunner parse
INFO: Error parsing testcode: Compilation produced 1 syntax errors. (testcode#1)
May 16, 2016 6:56:10 PM com.google.javascript.jscomp.parsing.ParserRunner parse
INFO: Error parsing testcode: Compilation produced 1 syntax errors. (testcode#1)
May 16, 2016 6:56:10 PM com.google.javascript.jscomp.parsing.ParserRunner parse
INFO: Error parsing testcode: Compilation produced 1 syntax errors. (testcode#1)
May 16, 2016 6:56:10 PM com.google.javascript.jscomp.parsing.ParserRunner parse
INFO: Error parsing testcode: Compilation produced 1 syntax errors. (testcode#1)
May 16, 2016 6:56:10 PM com.google.javascript.jscomp.parsing.ParserRunner parse
INFO: Error parsing testcode: Compilation produced 1 syntax errors. (testcode#1)
May 16, 2016 6:56:11 PM com.google.javascript.jscomp.parsing.ParserRunner parse
INFO: Error parsing testcode: Compilation produced 1 syntax errors. (testcode#1)
May 16, 2016 6:56:11 PM com.google.javascript.jscomp.parsing.ParserRunner parse
INFO: Error parsing testcode: Compilation produced 1 syntax errors. (testcode#1)
May 16, 2016 6:56:11 PM com.google.javascript.jscomp.parsing.ParserRunner parse
INFO: Error parsing testcode: Compilation produced 1 syntax errors. (testcode#1)
May 16, 2016 6:56:11 PM com.google.javascript.jscomp.parsing.ParserRunner parse
INFO: Error parsing testcode: Compilation produced 1 syntax errors. (testcode#1)
May 16, 2016 6:56:14 PM com.google.javascript.jscomp.parsing.ParserRunner parse
INFO: Error parsing testcode: Compilation produced 1 syntax errors. (testcode#1)
May 16, 2016 6:56:14 PM com.google.javascript.jscomp.parsing.ParserRunner parse
INFO: Error parsing testcode: Compilation produced 1 syntax errors. (testcode#1)
May 16, 2016 6:56:14 PM com.google.javascript.jscomp.parsing.ParserRunner parse
INFO: Error parsing testcode: Compilation produced 1 syntax errors. (testcode#1)
May 16, 2016 6:56:14 PM com.google.javascript.jscomp.parsing.ParserRunner parse
INFO: Error parsing testcode: Compilation produced 1 syntax errors. (testcode#1)
May 16, 2016 6:56:14 PM com.google.javascript.jscomp.parsing.ParserRunner parse
INFO: Error parsing testcode: Compilation produced 1 syntax errors. (testcode#1)
May 16, 2016 6:56:14 PM com.google.javascript.jscomp.parsing.ParserRunner parse
INFO: Error parsing testcode: Compilation produced 1 syntax errors. (testcode#1)
May 16, 2016 6:56:15 PM com.google.javascript.jscomp.parsing.ParserRunner parse
INFO: Error parsing testcode: Compilation produced 1 syntax errors. (testcode#1)
May 16, 2016 6:56:15 PM com.google.javascript.jscomp.parsing.ParserRunner parse
INFO: Error parsing testcode: Compilation produced 1 syntax errors. (testcode#1)
May 16, 2016 6:56:15 PM com.google.javascript.jscomp.parsing.ParserRunner parse
INFO: Error parsing testcode: Compilation produced 1 syntax errors. (testcode#1)
May 16, 2016 6:56:15 PM com.google.javascript.jscomp.parsing.ParserRunner parse
INFO: Error parsing testcode: Compilation produced 1 syntax errors. (testcode#1)
May 16, 2016 6:56:15 PM com.google.javascript.jscomp.parsing.ParserRunner parse
INFO: Error parsing testcode: Compilation produced 1 syntax errors. (testcode#1)
May 16, 2016 6:56:15 PM com.google.javascript.jscomp.parsing.ParserRunner parse
INFO: Error parsing testcode: Compilation produced 1 syntax errors. (testcode#1)
May 16, 2016 6:56:15 PM com.google.javascript.jscomp.parsing.ParserRunner parse
INFO: Error parsing testcode: Compilation produced 1 syntax errors. (testcode#1)
May 16, 2016 6:56:15 PM com.google.javascript.jscomp.parsing.ParserRunner parse
INFO: Error parsing testcode: Compilation produced 1 syntax errors. (testcode#1)
May 16, 2016 6:56:15 PM com.google.javascript.jscomp.parsing.ParserRunner parse
INFO: Error parsing testcode: Compilation produced 1 syntax errors. (testcode#1)
May 16, 2016 6:56:15 PM com.google.javascript.jscomp.parsing.ParserRunner parse
INFO: Error parsing testcode: Compilation produced 1 syntax errors. (testcode#1)
May 16, 2016 6:56:15 PM com.google.javascript.jscomp.parsing.ParserRunner parse
INFO: Error parsing testcode: Compilation produced 1 syntax errors. (testcode#1)
May 16, 2016 6:56:15 PM com.google.javascript.jscomp.parsing.ParserRunner parse
INFO: Error parsing testcode: Compilation produced 1 syntax errors. (testcode#1)
May 16, 2016 6:56:16 PM com.google.javascript.jscomp.parsing.ParserRunner parse
INFO: Error parsing testcode: Compilation produced 1 syntax errors. (testcode#1)
May 16, 2016 6:56:16 PM com.google.javascript.jscomp.parsing.ParserRunner parse
INFO: Error parsing testcode: Compilation produced 1 syntax errors. (testcode#1)
May 16, 2016 6:56:16 PM com.google.javascript.jscomp.parsing.ParserRunner parse
INFO: Error parsing testcode: Compilation produced 1 syntax errors. (testcode#1)
May 16, 2016 6:56:16 PM com.google.javascript.jscomp.parsing.ParserRunner parse
INFO: Error parsing testcode: Compilation produced 1 syntax errors. (testcode#1)
May 16, 2016 6:56:17 PM com.google.javascript.jscomp.parsing.ParserRunner parse
INFO: Error parsing testcode: Compilation produced 1 syntax errors. (testcode#1)
May 16, 2016 6:56:17 PM com.google.javascript.jscomp.parsing.ParserRunner parse
INFO: Error parsing testcode: Compilation produced 1 syntax errors. (testcode#1)
May 16, 2016 6:56:17 PM com.google.javascript.jscomp.parsing.ParserRunner parse
INFO: Error parsing testcode: Compilation produced 1 syntax errors. (testcode#1)
May 16, 2016 6:56:17 PM com.google.javascript.jscomp.parsing.ParserRunner parse
INFO: Error parsing testcode: Compilation produced 1 syntax errors. (testcode#1)
May 16, 2016 6:56:17 PM com.google.javascript.jscomp.parsing.ParserRunner parse
INFO: Error parsing testcode: Compilation produced 1 syntax errors. (testcode#1)
May 16, 2016 6:56:17 PM com.google.javascript.jscomp.parsing.ParserRunner parse
INFO: Error parsing testcode: Compilation produced 1 syntax errors. (testcode#1)
May 16, 2016 6:56:17 PM com.google.javascript.jscomp.parsing.ParserRunner parse
INFO: Error parsing testcode: Compilation produced 1 syntax errors. (testcode#1)
May 16, 2016 6:56:17 PM com.google.javascript.jscomp.parsing.ParserRunner parse
INFO: Error parsing testcode: Compilation produced 1 syntax errors. (testcode#1)
May 16, 2016 6:56:17 PM com.google.javascript.jscomp.parsing.ParserRunner parse
INFO: Error parsing testcode: Compilation produced 1 syntax errors. (testcode#1)
May 16, 2016 6:56:17 PM com.google.javascript.jscomp.parsing.ParserRunner parse
INFO: Error parsing testcode: Compilation produced 1 syntax errors. (testcode#1)
May 16, 2016 6:56:17 PM com.google.javascript.jscomp.parsing.ParserRunner parse
INFO: Error parsing testcode: Compilation produced 1 syntax errors. (testcode#1)
May 16, 2016 6:56:17 PM com.google.javascript.jscomp.parsing.ParserRunner parse
INFO: Error parsing testcode: Compilation produced 1 syntax errors. (testcode#1)
May 16, 2016 6:56:18 PM com.google.javascript.jscomp.parsing.ParserRunner parse
INFO: Error parsing testcode: Compilation produced 1 syntax errors. (testcode#1)
May 16, 2016 6:56:18 PM com.google.javascript.jscomp.parsing.ParserRunner parse
INFO: Error parsing testcode: Compilation produced 1 syntax errors. (testcode#1)
May 16, 2016 6:56:18 PM com.google.javascript.jscomp.parsing.ParserRunner parse
INFO: Error parsing testcode: Compilation produced 1 syntax errors. (testcode#1)
May 16, 2016 6:56:18 PM com.google.javascript.jscomp.parsing.ParserRunner parse
INFO: Error parsing testcode: Compilation produced 1 syntax errors. (testcode#1)
May 16, 2016 6:56:18 PM com.google.javascript.jscomp.parsing.ParserRunner parse
INFO: Error parsing testcode: Compilation produced 1 syntax errors. (testcode#1)
May 16, 2016 6:56:18 PM com.google.javascript.jscomp.parsing.ParserRunner parse
INFO: Error parsing testcode: Compilation produced 1 syntax errors. (testcode#1)
May 16, 2016 6:56:20 PM com.google.javascript.jscomp.parsing.ParserRunner parse
INFO: Error parsing testcode: Compilation produced 1 syntax errors. (testcode#1)
May 16, 2016 6:56:20 PM com.google.javascript.jscomp.parsing.ParserRunner parse
INFO: Error parsing testcode: Compilation produced 1 syntax errors. (testcode#1)
May 16, 2016 6:56:20 PM com.google.javascript.jscomp.parsing.ParserRunner parse
INFO: Error parsing testcode: Compilation produced 1 syntax errors. (testcode#1)
May 16, 2016 6:56:20 PM com.google.javascript.jscomp.parsing.ParserRunner parse
INFO: Error parsing testcode: Compilation produced 1 syntax errors. (testcode#1)
May 16, 2016 6:56:20 PM com.google.javascript.jscomp.parsing.ParserRunner parse
INFO: Error parsing testcode: Compilation produced 1 syntax errors. (testcode#1)
May 16, 2016 6:56:20 PM com.google.javascript.jscomp.parsing.ParserRunner parse
INFO: Error parsing testcode: Compilation produced 1 syntax errors. (testcode#1)
May 16, 2016 6:56:20 PM com.google.javascript.jscomp.parsing.ParserRunner parse
INFO: Error parsing testcode: Compilation produced 1 syntax errors. (testcode#1)
May 16, 2016 6:56:20 PM com.google.javascript.jscomp.parsing.ParserRunner parse
INFO: Error parsing testcode: Compilation produced 1 syntax errors. (testcode#1)
May 16, 2016 6:56:20 PM com.google.javascript.jscomp.parsing.ParserRunner parse
INFO: Error parsing testcode: Compilation produced 1 syntax errors. (testcode#1)
May 16, 2016 6:56:20 PM com.google.javascript.jscomp.parsing.ParserRunner parse
INFO: Error parsing testcode: Compilation produced 1 syntax errors. (testcode#1)
May 16, 2016 6:56:21 PM com.google.javascript.jscomp.parsing.ParserRunner parse
INFO: Error parsing testcode: Compilation produced 1 syntax errors. (testcode#1)
May 16, 2016 6:56:21 PM com.google.javascript.jscomp.parsing.ParserRunner parse
INFO: Error parsing testcode: Compilation produced 1 syntax errors. (testcode#1)
May 16, 2016 6:56:21 PM com.google.javascript.jscomp.parsing.ParserRunner parse
INFO: Error parsing testcode: Compilation produced 1 syntax errors. (testcode#1)
May 16, 2016 6:56:21 PM com.google.javascript.jscomp.parsing.ParserRunner parse
INFO: Error parsing testcode: Compilation produced 1 syntax errors. (testcode#1)
May 16, 2016 6:56:21 PM com.google.javascript.jscomp.parsing.ParserRunner parse
INFO: Error parsing testcode: Compilation produced 1 syntax errors. (testcode#1)
May 16, 2016 6:56:21 PM com.google.javascript.jscomp.parsing.ParserRunner parse
INFO: Error parsing testcode: Compilation produced 1 syntax errors. (testcode#1)
xxl.java.compiler.DynamicCompilationException: Aborting: dynamic compilation failed
	at xxl.java.compiler.DynamicClassCompiler.runCompilationTask(DynamicClassCompiler.java:88)
	at xxl.java.compiler.DynamicClassCompiler.javaBytecodeFor(DynamicClassCompiler.java:56)
	at fr.inria.lille.commons.spoon.SpoonedFile.compilationFor(SpoonedFile.java:177)
	at fr.inria.lille.commons.spoon.SpoonedFile.compileModelledClasses(SpoonedFile.java:154)
	at fr.inria.lille.commons.spoon.SpoonedFile.processModelledClasses(SpoonedFile.java:138)
	at fr.inria.lille.commons.spoon.SpoonedFile.process(SpoonedFile.java:128)
	at fr.inria.lille.commons.spoon.SpoonedFile.processedAndDumpedToClassLoader(SpoonedFile.java:119)
	at fr.inria.lille.commons.spoon.SpoonedFile.processedAndDumpedToClassLoader(SpoonedFile.java:115)
	at fr.inria.lille.repair.nopol.synth.ConstraintModelBuilder.<init>(ConstraintModelBuilder.java:57)
	at fr.inria.lille.repair.nopol.synth.SynthesizerFactory.getFor(SynthesizerFactory.java:122)
	at fr.inria.lille.repair.nopol.NoPol.solveWithMultipleBuild(NoPol.java:164)
	at fr.inria.lille.repair.nopol.NoPol.build(NoPol.java:119)
	at fr.inria.lille.repair.nopol.NoPol.build(NoPol.java:89)
	at fr.inria.lille.repair.nopol.NoPolLauncher.launch(NoPolLauncher.java:84)
	at fr.inria.lille.repair.Main.main(Main.java:61)

real	3m54.416s
user	10m16.268s
sys	0m11.940s
