Running ant (compile)...................................................... OK
Running ant (compile.tests)................................................ OK
mkdir: cannot create directory ‘lib/’: File exists
cp: cannot stat ‘/home/tdurieux/defects4j/framework/projects/Closure/lib/*’: No such file or directory
Picked up JAVA_TOOL_OPTIONS: -Dfile.encoding=UTF8
java.lang.NullPointerException
	at com.google.javascript.rhino.JSDocInfo.getImplementedInterfaces(JSDocInfo.java:697)
	at com.google.javascript.jscomp.FunctionTypeBuilder.inferInheritance(FunctionTypeBuilder.java:369)
	at com.google.javascript.jscomp.TypedScopeCreator$AbstractScopeBuilder.createFunctionTypeFromNodes(TypedScopeCreator.java:836)
	at com.google.javascript.jscomp.TypedScopeCreator$AbstractScopeBuilder.defineFunctionLiteral(TypedScopeCreator.java:695)
	at com.google.javascript.jscomp.TypedScopeCreator$AbstractScopeBuilder.shouldTraverse(TypedScopeCreator.java:434)
	at com.google.javascript.jscomp.NodeTraversal.traverseBranch(NodeTraversal.java:445)
	at com.google.javascript.jscomp.NodeTraversal.traverseBranch(NodeTraversal.java:457)
	at com.google.javascript.jscomp.NodeTraversal.traverseBranch(NodeTraversal.java:457)
	at com.google.javascript.jscomp.NodeTraversal.traverse(NodeTraversal.java:249)
	at com.google.javascript.jscomp.NodeTraversal.traverse(NodeTraversal.java:422)
	at com.google.javascript.jscomp.TypedScopeCreator.createScope(TypedScopeCreator.java:192)
	at com.google.javascript.jscomp.MemoizedScopeCreator.createScope(MemoizedScopeCreator.java:53)
	at com.google.javascript.jscomp.TypeCheck.processForTesting(TypeCheck.java:355)
	at com.google.javascript.jscomp.CompilerTestCase.test(CompilerTestCase.java:750)
	at com.google.javascript.jscomp.CompilerTestCase.test(CompilerTestCase.java:486)
	at com.google.javascript.jscomp.CompilerTestCase.test(CompilerTestCase.java:460)
	at com.google.javascript.jscomp.CompilerTestCase.test(CompilerTestCase.java:445)
	at com.google.javascript.jscomp.CheckAccessControlsTest.testNoPrivateAccessForProperties6(CheckAccessControlsTest.java:402)
	at sun.reflect.NativeMethodAccessorImpl.invoke0(Native Method)
	at sun.reflect.NativeMethodAccessorImpl.invoke(NativeMethodAccessorImpl.java:57)
	at sun.reflect.DelegatingMethodAccessorImpl.invoke(DelegatingMethodAccessorImpl.java:43)
	at java.lang.reflect.Method.invoke(Method.java:606)
	at junit.framework.TestCase.runTest(TestCase.java:176)
	at junit.framework.TestCase.runBare(TestCase.java:141)
	at junit.framework.TestResult$1.protect(TestResult.java:122)
	at junit.framework.TestResult.runProtected(TestResult.java:142)
	at junit.framework.TestResult.run(TestResult.java:125)
	at junit.framework.TestCase.run(TestCase.java:129)
	at junit.framework.TestSuite.runTest(TestSuite.java:255)
	at junit.framework.TestSuite.run(TestSuite.java:250)
	at org.junit.internal.runners.JUnit38ClassRunner.run(JUnit38ClassRunner.java:84)
	at org.junit.runner.JUnitCore.run(JUnitCore.java:160)
	at org.junit.runner.JUnitCore.run(JUnitCore.java:138)
	at xxl.java.junit.JUnitSingleTestRunner.call(JUnitSingleTestRunner.java:23)
	at xxl.java.junit.JUnitSingleTestRunner.call(JUnitSingleTestRunner.java:10)
	at java.util.concurrent.FutureTask.run(FutureTask.java:262)
	at java.util.concurrent.ThreadPoolExecutor.runWorker(ThreadPoolExecutor.java:1145)
	at java.util.concurrent.ThreadPoolExecutor$Worker.run(ThreadPoolExecutor.java:615)
	at java.lang.Thread.run(Thread.java:745)
java.lang.NullPointerException
	at com.google.javascript.rhino.JSDocInfo.getImplementedInterfaces(JSDocInfo.java:697)
	at com.google.javascript.jscomp.FunctionTypeBuilder.inferInheritance(FunctionTypeBuilder.java:369)
	at com.google.javascript.jscomp.TypedScopeCreator$AbstractScopeBuilder.createFunctionTypeFromNodes(TypedScopeCreator.java:836)
	at com.google.javascript.jscomp.TypedScopeCreator$AbstractScopeBuilder.defineFunctionLiteral(TypedScopeCreator.java:695)
	at com.google.javascript.jscomp.TypedScopeCreator$AbstractScopeBuilder.shouldTraverse(TypedScopeCreator.java:434)
	at com.google.javascript.jscomp.NodeTraversal.traverseBranch(NodeTraversal.java:445)
	at com.google.javascript.jscomp.NodeTraversal.traverseBranch(NodeTraversal.java:457)
	at com.google.javascript.jscomp.NodeTraversal.traverseBranch(NodeTraversal.java:457)
	at com.google.javascript.jscomp.NodeTraversal.traverse(NodeTraversal.java:249)
	at com.google.javascript.jscomp.NodeTraversal.traverse(NodeTraversal.java:422)
	at com.google.javascript.jscomp.TypedScopeCreator.createScope(TypedScopeCreator.java:192)
	at com.google.javascript.jscomp.MemoizedScopeCreator.createScope(MemoizedScopeCreator.java:53)
	at com.google.javascript.jscomp.TypeCheck.processForTesting(TypeCheck.java:355)
	at com.google.javascript.jscomp.CompilerTestCase.test(CompilerTestCase.java:750)
	at com.google.javascript.jscomp.CompilerTestCase.test(CompilerTestCase.java:486)
	at com.google.javascript.jscomp.CompilerTestCase.test(CompilerTestCase.java:460)
	at com.google.javascript.jscomp.CompilerTestCase.test(CompilerTestCase.java:445)
	at com.google.javascript.jscomp.CheckAccessControlsTest.testNoPrivateAccessForProperties8(CheckAccessControlsTest.java:425)
	at sun.reflect.NativeMethodAccessorImpl.invoke0(Native Method)
	at sun.reflect.NativeMethodAccessorImpl.invoke(NativeMethodAccessorImpl.java:57)
	at sun.reflect.DelegatingMethodAccessorImpl.invoke(DelegatingMethodAccessorImpl.java:43)
	at java.lang.reflect.Method.invoke(Method.java:606)
	at junit.framework.TestCase.runTest(TestCase.java:176)
	at junit.framework.TestCase.runBare(TestCase.java:141)
	at junit.framework.TestResult$1.protect(TestResult.java:122)
	at junit.framework.TestResult.runProtected(TestResult.java:142)
	at junit.framework.TestResult.run(TestResult.java:125)
	at junit.framework.TestCase.run(TestCase.java:129)
	at junit.framework.TestSuite.runTest(TestSuite.java:255)
	at junit.framework.TestSuite.run(TestSuite.java:250)
	at org.junit.internal.runners.JUnit38ClassRunner.run(JUnit38ClassRunner.java:84)
	at org.junit.runner.JUnitCore.run(JUnitCore.java:160)
	at org.junit.runner.JUnitCore.run(JUnitCore.java:138)
	at xxl.java.junit.JUnitSingleTestRunner.call(JUnitSingleTestRunner.java:23)
	at xxl.java.junit.JUnitSingleTestRunner.call(JUnitSingleTestRunner.java:10)
	at java.util.concurrent.FutureTask.run(FutureTask.java:262)
	at java.util.concurrent.ThreadPoolExecutor.runWorker(ThreadPoolExecutor.java:1145)
	at java.util.concurrent.ThreadPoolExecutor$Worker.run(ThreadPoolExecutor.java:615)
	at java.lang.Thread.run(Thread.java:745)
java.lang.NullPointerException
	at com.google.javascript.rhino.JSDocInfo.getImplementedInterfaces(JSDocInfo.java:697)
	at com.google.javascript.jscomp.FunctionTypeBuilder.inferInheritance(FunctionTypeBuilder.java:369)
	at com.google.javascript.jscomp.TypedScopeCreator$AbstractScopeBuilder.createFunctionTypeFromNodes(TypedScopeCreator.java:836)
	at com.google.javascript.jscomp.TypedScopeCreator$AbstractScopeBuilder.defineFunctionLiteral(TypedScopeCreator.java:695)
	at com.google.javascript.jscomp.TypedScopeCreator$AbstractScopeBuilder.shouldTraverse(TypedScopeCreator.java:434)
	at com.google.javascript.jscomp.NodeTraversal.traverseBranch(NodeTraversal.java:445)
	at com.google.javascript.jscomp.NodeTraversal.traverseBranch(NodeTraversal.java:457)
	at com.google.javascript.jscomp.NodeTraversal.traverseBranch(NodeTraversal.java:457)
	at com.google.javascript.jscomp.NodeTraversal.traverse(NodeTraversal.java:249)
	at com.google.javascript.jscomp.NodeTraversal.traverse(NodeTraversal.java:422)
	at com.google.javascript.jscomp.TypedScopeCreator.createScope(TypedScopeCreator.java:192)
	at com.google.javascript.jscomp.MemoizedScopeCreator.createScope(MemoizedScopeCreator.java:53)
	at com.google.javascript.jscomp.TypeCheck.processForTesting(TypeCheck.java:355)
	at com.google.javascript.jscomp.CompilerTestCase.test(CompilerTestCase.java:750)
	at com.google.javascript.jscomp.CompilerTestCase.test(CompilerTestCase.java:486)
	at com.google.javascript.jscomp.CompilerTestCase.test(CompilerTestCase.java:460)
	at com.google.javascript.jscomp.CompilerTestCase.test(CompilerTestCase.java:445)
	at com.google.javascript.jscomp.CheckAccessControlsTest.testNoPrivateAccessForProperties6(CheckAccessControlsTest.java:402)
	at sun.reflect.NativeMethodAccessorImpl.invoke0(Native Method)
	at sun.reflect.NativeMethodAccessorImpl.invoke(NativeMethodAccessorImpl.java:57)
	at sun.reflect.DelegatingMethodAccessorImpl.invoke(DelegatingMethodAccessorImpl.java:43)
	at java.lang.reflect.Method.invoke(Method.java:606)
	at junit.framework.TestCase.runTest(TestCase.java:176)
	at junit.framework.TestCase.runBare(TestCase.java:141)
	at junit.framework.TestResult$1.protect(TestResult.java:122)
	at junit.framework.TestResult.runProtected(TestResult.java:142)
	at junit.framework.TestResult.run(TestResult.java:125)
	at junit.framework.TestCase.run(TestCase.java:129)
	at junit.framework.TestSuite.runTest(TestSuite.java:255)
	at junit.framework.TestSuite.run(TestSuite.java:250)
	at org.junit.internal.runners.JUnit38ClassRunner.run(JUnit38ClassRunner.java:84)
	at org.junit.runner.JUnitCore.run(JUnitCore.java:160)
	at org.junit.runner.JUnitCore.run(JUnitCore.java:138)
	at xxl.java.junit.JUnitSingleTestRunner.call(JUnitSingleTestRunner.java:23)
	at xxl.java.junit.JUnitSingleTestRunner.call(JUnitSingleTestRunner.java:10)
	at java.util.concurrent.FutureTask.run(FutureTask.java:262)
	at java.util.concurrent.ThreadPoolExecutor.runWorker(ThreadPoolExecutor.java:1145)
	at java.util.concurrent.ThreadPoolExecutor$Worker.run(ThreadPoolExecutor.java:615)
	at java.lang.Thread.run(Thread.java:745)
java.lang.NullPointerException
	at com.google.javascript.rhino.JSDocInfo.getImplementedInterfaces(JSDocInfo.java:697)
	at com.google.javascript.jscomp.FunctionTypeBuilder.inferInheritance(FunctionTypeBuilder.java:369)
	at com.google.javascript.jscomp.TypedScopeCreator$AbstractScopeBuilder.createFunctionTypeFromNodes(TypedScopeCreator.java:836)
	at com.google.javascript.jscomp.TypedScopeCreator$AbstractScopeBuilder.defineFunctionLiteral(TypedScopeCreator.java:695)
	at com.google.javascript.jscomp.TypedScopeCreator$AbstractScopeBuilder.shouldTraverse(TypedScopeCreator.java:434)
	at com.google.javascript.jscomp.NodeTraversal.traverseBranch(NodeTraversal.java:445)
	at com.google.javascript.jscomp.NodeTraversal.traverseBranch(NodeTraversal.java:457)
	at com.google.javascript.jscomp.NodeTraversal.traverseBranch(NodeTraversal.java:457)
	at com.google.javascript.jscomp.NodeTraversal.traverse(NodeTraversal.java:249)
	at com.google.javascript.jscomp.NodeTraversal.traverse(NodeTraversal.java:422)
	at com.google.javascript.jscomp.TypedScopeCreator.createScope(TypedScopeCreator.java:192)
	at com.google.javascript.jscomp.MemoizedScopeCreator.createScope(MemoizedScopeCreator.java:53)
	at com.google.javascript.jscomp.TypeCheck.processForTesting(TypeCheck.java:355)
	at com.google.javascript.jscomp.CompilerTestCase.test(CompilerTestCase.java:750)
	at com.google.javascript.jscomp.CompilerTestCase.test(CompilerTestCase.java:486)
	at com.google.javascript.jscomp.CompilerTestCase.test(CompilerTestCase.java:460)
	at com.google.javascript.jscomp.CompilerTestCase.test(CompilerTestCase.java:445)
	at com.google.javascript.jscomp.CheckAccessControlsTest.testNoPrivateAccessForProperties8(CheckAccessControlsTest.java:425)
	at sun.reflect.NativeMethodAccessorImpl.invoke0(Native Method)
	at sun.reflect.NativeMethodAccessorImpl.invoke(NativeMethodAccessorImpl.java:57)
	at sun.reflect.DelegatingMethodAccessorImpl.invoke(DelegatingMethodAccessorImpl.java:43)
	at java.lang.reflect.Method.invoke(Method.java:606)
	at junit.framework.TestCase.runTest(TestCase.java:176)
	at junit.framework.TestCase.runBare(TestCase.java:141)
	at junit.framework.TestResult$1.protect(TestResult.java:122)
	at junit.framework.TestResult.runProtected(TestResult.java:142)
	at junit.framework.TestResult.run(TestResult.java:125)
	at junit.framework.TestCase.run(TestCase.java:129)
	at junit.framework.TestSuite.runTest(TestSuite.java:255)
	at junit.framework.TestSuite.run(TestSuite.java:250)
	at org.junit.internal.runners.JUnit38ClassRunner.run(JUnit38ClassRunner.java:84)
	at org.junit.runner.JUnitCore.run(JUnitCore.java:160)
	at org.junit.runner.JUnitCore.run(JUnitCore.java:138)
	at xxl.java.junit.JUnitSingleTestRunner.call(JUnitSingleTestRunner.java:23)
	at xxl.java.junit.JUnitSingleTestRunner.call(JUnitSingleTestRunner.java:10)
	at java.util.concurrent.FutureTask.run(FutureTask.java:262)
	at java.util.concurrent.ThreadPoolExecutor.runWorker(ThreadPoolExecutor.java:1145)
	at java.util.concurrent.ThreadPoolExecutor$Worker.run(ThreadPoolExecutor.java:615)
	at java.lang.Thread.run(Thread.java:745)
java.lang.NullPointerException
	at com.google.javascript.rhino.JSDocInfo.getParameterNames(JSDocInfo.java:531)
	at com.google.javascript.jscomp.FunctionTypeBuilder.inferParameterTypes(FunctionTypeBuilder.java:487)
	at com.google.javascript.jscomp.TypedScopeCreator$AbstractScopeBuilder.createFunctionTypeFromNodes(TypedScopeCreator.java:864)
	at com.google.javascript.jscomp.TypedScopeCreator$AbstractScopeBuilder.defineFunctionLiteral(TypedScopeCreator.java:695)
	at com.google.javascript.jscomp.TypedScopeCreator$AbstractScopeBuilder.shouldTraverse(TypedScopeCreator.java:434)
	at com.google.javascript.jscomp.NodeTraversal.traverseBranch(NodeTraversal.java:445)
	at com.google.javascript.jscomp.NodeTraversal.traverseBranch(NodeTraversal.java:457)
	at com.google.javascript.jscomp.NodeTraversal.traverseBranch(NodeTraversal.java:457)
	at com.google.javascript.jscomp.NodeTraversal.traverse(NodeTraversal.java:249)
	at com.google.javascript.jscomp.NodeTraversal.traverse(NodeTraversal.java:422)
	at com.google.javascript.jscomp.TypedScopeCreator.createScope(TypedScopeCreator.java:192)
	at com.google.javascript.jscomp.MemoizedScopeCreator.createScope(MemoizedScopeCreator.java:53)
	at com.google.javascript.jscomp.TypeCheck.processForTesting(TypeCheck.java:355)
	at com.google.javascript.jscomp.CompilerTestCase.test(CompilerTestCase.java:750)
	at com.google.javascript.jscomp.CompilerTestCase.test(CompilerTestCase.java:486)
	at com.google.javascript.jscomp.CompilerTestCase.test(CompilerTestCase.java:460)
	at com.google.javascript.jscomp.CompilerTestCase.test(CompilerTestCase.java:445)
	at com.google.javascript.jscomp.CheckAccessControlsTest.testNoPrivateAccessForProperties6(CheckAccessControlsTest.java:402)
	at sun.reflect.NativeMethodAccessorImpl.invoke0(Native Method)
	at sun.reflect.NativeMethodAccessorImpl.invoke(NativeMethodAccessorImpl.java:57)
	at sun.reflect.DelegatingMethodAccessorImpl.invoke(DelegatingMethodAccessorImpl.java:43)
	at java.lang.reflect.Method.invoke(Method.java:606)
	at junit.framework.TestCase.runTest(TestCase.java:176)
	at junit.framework.TestCase.runBare(TestCase.java:141)
	at junit.framework.TestResult$1.protect(TestResult.java:122)
	at junit.framework.TestResult.runProtected(TestResult.java:142)
	at junit.framework.TestResult.run(TestResult.java:125)
	at junit.framework.TestCase.run(TestCase.java:129)
	at junit.framework.TestSuite.runTest(TestSuite.java:255)
	at junit.framework.TestSuite.run(TestSuite.java:250)
	at org.junit.internal.runners.JUnit38ClassRunner.run(JUnit38ClassRunner.java:84)
	at org.junit.runner.JUnitCore.run(JUnitCore.java:160)
	at org.junit.runner.JUnitCore.run(JUnitCore.java:138)
	at xxl.java.junit.JUnitSingleTestRunner.call(JUnitSingleTestRunner.java:23)
	at xxl.java.junit.JUnitSingleTestRunner.call(JUnitSingleTestRunner.java:10)
	at java.util.concurrent.FutureTask.run(FutureTask.java:262)
	at java.util.concurrent.ThreadPoolExecutor.runWorker(ThreadPoolExecutor.java:1145)
	at java.util.concurrent.ThreadPoolExecutor$Worker.run(ThreadPoolExecutor.java:615)
	at java.lang.Thread.run(Thread.java:745)
java.lang.NullPointerException
	at com.google.javascript.rhino.JSDocInfo.getParameterNames(JSDocInfo.java:531)
	at com.google.javascript.jscomp.FunctionTypeBuilder.inferParameterTypes(FunctionTypeBuilder.java:487)
	at com.google.javascript.jscomp.TypedScopeCreator$AbstractScopeBuilder.createFunctionTypeFromNodes(TypedScopeCreator.java:864)
	at com.google.javascript.jscomp.TypedScopeCreator$AbstractScopeBuilder.defineFunctionLiteral(TypedScopeCreator.java:695)
	at com.google.javascript.jscomp.TypedScopeCreator$AbstractScopeBuilder.shouldTraverse(TypedScopeCreator.java:434)
	at com.google.javascript.jscomp.NodeTraversal.traverseBranch(NodeTraversal.java:445)
	at com.google.javascript.jscomp.NodeTraversal.traverseBranch(NodeTraversal.java:457)
	at com.google.javascript.jscomp.NodeTraversal.traverseBranch(NodeTraversal.java:457)
	at com.google.javascript.jscomp.NodeTraversal.traverse(NodeTraversal.java:249)
	at com.google.javascript.jscomp.NodeTraversal.traverse(NodeTraversal.java:422)
	at com.google.javascript.jscomp.TypedScopeCreator.createScope(TypedScopeCreator.java:192)
	at com.google.javascript.jscomp.MemoizedScopeCreator.createScope(MemoizedScopeCreator.java:53)
	at com.google.javascript.jscomp.TypeCheck.processForTesting(TypeCheck.java:355)
	at com.google.javascript.jscomp.CompilerTestCase.test(CompilerTestCase.java:750)
	at com.google.javascript.jscomp.CompilerTestCase.test(CompilerTestCase.java:486)
	at com.google.javascript.jscomp.CompilerTestCase.test(CompilerTestCase.java:460)
	at com.google.javascript.jscomp.CompilerTestCase.test(CompilerTestCase.java:445)
	at com.google.javascript.jscomp.CheckAccessControlsTest.testNoPrivateAccessForProperties8(CheckAccessControlsTest.java:425)
	at sun.reflect.NativeMethodAccessorImpl.invoke0(Native Method)
	at sun.reflect.NativeMethodAccessorImpl.invoke(NativeMethodAccessorImpl.java:57)
	at sun.reflect.DelegatingMethodAccessorImpl.invoke(DelegatingMethodAccessorImpl.java:43)
	at java.lang.reflect.Method.invoke(Method.java:606)
	at junit.framework.TestCase.runTest(TestCase.java:176)
	at junit.framework.TestCase.runBare(TestCase.java:141)
	at junit.framework.TestResult$1.protect(TestResult.java:122)
	at junit.framework.TestResult.runProtected(TestResult.java:142)
	at junit.framework.TestResult.run(TestResult.java:125)
	at junit.framework.TestCase.run(TestCase.java:129)
	at junit.framework.TestSuite.runTest(TestSuite.java:255)
	at junit.framework.TestSuite.run(TestSuite.java:250)
	at org.junit.internal.runners.JUnit38ClassRunner.run(JUnit38ClassRunner.java:84)
	at org.junit.runner.JUnitCore.run(JUnitCore.java:160)
	at org.junit.runner.JUnitCore.run(JUnitCore.java:138)
	at xxl.java.junit.JUnitSingleTestRunner.call(JUnitSingleTestRunner.java:23)
	at xxl.java.junit.JUnitSingleTestRunner.call(JUnitSingleTestRunner.java:10)
	at java.util.concurrent.FutureTask.run(FutureTask.java:262)
	at java.util.concurrent.ThreadPoolExecutor.runWorker(ThreadPoolExecutor.java:1145)
	at java.util.concurrent.ThreadPoolExecutor$Worker.run(ThreadPoolExecutor.java:615)
	at java.lang.Thread.run(Thread.java:745)
java.lang.NullPointerException
	at com.google.javascript.rhino.JSDocInfo.getParameterNames(JSDocInfo.java:531)
	at com.google.javascript.jscomp.FunctionTypeBuilder.inferParameterTypes(FunctionTypeBuilder.java:487)
	at com.google.javascript.jscomp.TypedScopeCreator$AbstractScopeBuilder.createFunctionTypeFromNodes(TypedScopeCreator.java:864)
	at com.google.javascript.jscomp.TypedScopeCreator$AbstractScopeBuilder.defineFunctionLiteral(TypedScopeCreator.java:695)
	at com.google.javascript.jscomp.TypedScopeCreator$AbstractScopeBuilder.shouldTraverse(TypedScopeCreator.java:434)
	at com.google.javascript.jscomp.NodeTraversal.traverseBranch(NodeTraversal.java:445)
	at com.google.javascript.jscomp.NodeTraversal.traverseBranch(NodeTraversal.java:457)
	at com.google.javascript.jscomp.NodeTraversal.traverseBranch(NodeTraversal.java:457)
	at com.google.javascript.jscomp.NodeTraversal.traverse(NodeTraversal.java:249)
	at com.google.javascript.jscomp.NodeTraversal.traverse(NodeTraversal.java:422)
	at com.google.javascript.jscomp.TypedScopeCreator.createScope(TypedScopeCreator.java:192)
	at com.google.javascript.jscomp.MemoizedScopeCreator.createScope(MemoizedScopeCreator.java:53)
	at com.google.javascript.jscomp.TypeCheck.processForTesting(TypeCheck.java:355)
	at com.google.javascript.jscomp.CompilerTestCase.test(CompilerTestCase.java:750)
	at com.google.javascript.jscomp.CompilerTestCase.test(CompilerTestCase.java:486)
	at com.google.javascript.jscomp.CompilerTestCase.test(CompilerTestCase.java:460)
	at com.google.javascript.jscomp.CompilerTestCase.test(CompilerTestCase.java:445)
	at com.google.javascript.jscomp.CheckAccessControlsTest.testNoPrivateAccessForProperties6(CheckAccessControlsTest.java:402)
	at sun.reflect.NativeMethodAccessorImpl.invoke0(Native Method)
	at sun.reflect.NativeMethodAccessorImpl.invoke(NativeMethodAccessorImpl.java:57)
	at sun.reflect.DelegatingMethodAccessorImpl.invoke(DelegatingMethodAccessorImpl.java:43)
	at java.lang.reflect.Method.invoke(Method.java:606)
	at junit.framework.TestCase.runTest(TestCase.java:176)
	at junit.framework.TestCase.runBare(TestCase.java:141)
	at junit.framework.TestResult$1.protect(TestResult.java:122)
	at junit.framework.TestResult.runProtected(TestResult.java:142)
	at junit.framework.TestResult.run(TestResult.java:125)
	at junit.framework.TestCase.run(TestCase.java:129)
	at junit.framework.TestSuite.runTest(TestSuite.java:255)
	at junit.framework.TestSuite.run(TestSuite.java:250)
	at org.junit.internal.runners.JUnit38ClassRunner.run(JUnit38ClassRunner.java:84)
	at org.junit.runner.JUnitCore.run(JUnitCore.java:160)
	at org.junit.runner.JUnitCore.run(JUnitCore.java:138)
	at xxl.java.junit.JUnitSingleTestRunner.call(JUnitSingleTestRunner.java:23)
	at xxl.java.junit.JUnitSingleTestRunner.call(JUnitSingleTestRunner.java:10)
	at java.util.concurrent.FutureTask.run(FutureTask.java:262)
	at java.util.concurrent.ThreadPoolExecutor.runWorker(ThreadPoolExecutor.java:1145)
	at java.util.concurrent.ThreadPoolExecutor$Worker.run(ThreadPoolExecutor.java:615)
	at java.lang.Thread.run(Thread.java:745)
java.lang.NullPointerException
	at com.google.javascript.rhino.JSDocInfo.getParameterNames(JSDocInfo.java:531)
	at com.google.javascript.jscomp.FunctionTypeBuilder.inferParameterTypes(FunctionTypeBuilder.java:487)
	at com.google.javascript.jscomp.TypedScopeCreator$AbstractScopeBuilder.createFunctionTypeFromNodes(TypedScopeCreator.java:864)
	at com.google.javascript.jscomp.TypedScopeCreator$AbstractScopeBuilder.defineFunctionLiteral(TypedScopeCreator.java:695)
	at com.google.javascript.jscomp.TypedScopeCreator$AbstractScopeBuilder.visit(TypedScopeCreator.java:459)
	at com.google.javascript.jscomp.TypedScopeCreator$GlobalScopeBuilder.visit(TypedScopeCreator.java:1573)
	at com.google.javascript.jscomp.NodeTraversal.traverseBranch(NodeTraversal.java:464)
	at com.google.javascript.jscomp.NodeTraversal.traverseBranch(NodeTraversal.java:457)
	at com.google.javascript.jscomp.NodeTraversal.traverseBranch(NodeTraversal.java:457)
	at com.google.javascript.jscomp.NodeTraversal.traverseBranch(NodeTraversal.java:457)
	at com.google.javascript.jscomp.NodeTraversal.traverseBranch(NodeTraversal.java:457)
	at com.google.javascript.jscomp.NodeTraversal.traverseBranch(NodeTraversal.java:457)
	at com.google.javascript.jscomp.NodeTraversal.traverse(NodeTraversal.java:249)
	at com.google.javascript.jscomp.NodeTraversal.traverse(NodeTraversal.java:422)
	at com.google.javascript.jscomp.TypedScopeCreator.createScope(TypedScopeCreator.java:192)
	at com.google.javascript.jscomp.MemoizedScopeCreator.createScope(MemoizedScopeCreator.java:53)
	at com.google.javascript.jscomp.TypeCheck.processForTesting(TypeCheck.java:355)
	at com.google.javascript.jscomp.CompilerTestCase.test(CompilerTestCase.java:750)
	at com.google.javascript.jscomp.CompilerTestCase.test(CompilerTestCase.java:486)
	at com.google.javascript.jscomp.CompilerTestCase.test(CompilerTestCase.java:460)
	at com.google.javascript.jscomp.CompilerTestCase.test(CompilerTestCase.java:445)
	at com.google.javascript.jscomp.CheckAccessControlsTest.testNoPrivateAccessForProperties6(CheckAccessControlsTest.java:402)
	at sun.reflect.NativeMethodAccessorImpl.invoke0(Native Method)
	at sun.reflect.NativeMethodAccessorImpl.invoke(NativeMethodAccessorImpl.java:57)
	at sun.reflect.DelegatingMethodAccessorImpl.invoke(DelegatingMethodAccessorImpl.java:43)
	at java.lang.reflect.Method.invoke(Method.java:606)
	at junit.framework.TestCase.runTest(TestCase.java:176)
	at junit.framework.TestCase.runBare(TestCase.java:141)
	at junit.framework.TestResult$1.protect(TestResult.java:122)
	at junit.framework.TestResult.runProtected(TestResult.java:142)
	at junit.framework.TestResult.run(TestResult.java:125)
	at junit.framework.TestCase.run(TestCase.java:129)
	at junit.framework.TestSuite.runTest(TestSuite.java:255)
	at junit.framework.TestSuite.run(TestSuite.java:250)
	at org.junit.internal.runners.JUnit38ClassRunner.run(JUnit38ClassRunner.java:84)
	at org.junit.runner.JUnitCore.run(JUnitCore.java:160)
	at org.junit.runner.JUnitCore.run(JUnitCore.java:138)
	at xxl.java.junit.JUnitSingleTestRunner.call(JUnitSingleTestRunner.java:23)
	at xxl.java.junit.JUnitSingleTestRunner.call(JUnitSingleTestRunner.java:10)
	at java.util.concurrent.FutureTask.run(FutureTask.java:262)
	at java.util.concurrent.ThreadPoolExecutor.runWorker(ThreadPoolExecutor.java:1145)
	at java.util.concurrent.ThreadPoolExecutor$Worker.run(ThreadPoolExecutor.java:615)
	at java.lang.Thread.run(Thread.java:745)
java.lang.NullPointerException
	at com.google.javascript.rhino.JSDocInfo.getParameterNames(JSDocInfo.java:531)
	at com.google.javascript.jscomp.FunctionTypeBuilder.inferParameterTypes(FunctionTypeBuilder.java:487)
	at com.google.javascript.jscomp.TypedScopeCreator$AbstractScopeBuilder.createFunctionTypeFromNodes(TypedScopeCreator.java:864)
	at com.google.javascript.jscomp.TypedScopeCreator$AbstractScopeBuilder.defineFunctionLiteral(TypedScopeCreator.java:695)
	at com.google.javascript.jscomp.TypedScopeCreator$AbstractScopeBuilder.shouldTraverse(TypedScopeCreator.java:434)
	at com.google.javascript.jscomp.NodeTraversal.traverseBranch(NodeTraversal.java:445)
	at com.google.javascript.jscomp.NodeTraversal.traverseBranch(NodeTraversal.java:457)
	at com.google.javascript.jscomp.NodeTraversal.traverseBranch(NodeTraversal.java:457)
	at com.google.javascript.jscomp.NodeTraversal.traverse(NodeTraversal.java:249)
	at com.google.javascript.jscomp.NodeTraversal.traverse(NodeTraversal.java:422)
	at com.google.javascript.jscomp.TypedScopeCreator.createScope(TypedScopeCreator.java:192)
	at com.google.javascript.jscomp.MemoizedScopeCreator.createScope(MemoizedScopeCreator.java:53)
	at com.google.javascript.jscomp.TypeCheck.processForTesting(TypeCheck.java:355)
	at com.google.javascript.jscomp.CompilerTestCase.test(CompilerTestCase.java:750)
	at com.google.javascript.jscomp.CompilerTestCase.test(CompilerTestCase.java:486)
	at com.google.javascript.jscomp.CompilerTestCase.test(CompilerTestCase.java:460)
	at com.google.javascript.jscomp.CompilerTestCase.test(CompilerTestCase.java:445)
	at com.google.javascript.jscomp.CheckAccessControlsTest.testNoPrivateAccessForProperties8(CheckAccessControlsTest.java:425)
	at sun.reflect.NativeMethodAccessorImpl.invoke0(Native Method)
	at sun.reflect.NativeMethodAccessorImpl.invoke(NativeMethodAccessorImpl.java:57)
	at sun.reflect.DelegatingMethodAccessorImpl.invoke(DelegatingMethodAccessorImpl.java:43)
	at java.lang.reflect.Method.invoke(Method.java:606)
	at junit.framework.TestCase.runTest(TestCase.java:176)
	at junit.framework.TestCase.runBare(TestCase.java:141)
	at junit.framework.TestResult$1.protect(TestResult.java:122)
	at junit.framework.TestResult.runProtected(TestResult.java:142)
	at junit.framework.TestResult.run(TestResult.java:125)
	at junit.framework.TestCase.run(TestCase.java:129)
	at junit.framework.TestSuite.runTest(TestSuite.java:255)
	at junit.framework.TestSuite.run(TestSuite.java:250)
	at org.junit.internal.runners.JUnit38ClassRunner.run(JUnit38ClassRunner.java:84)
	at org.junit.runner.JUnitCore.run(JUnitCore.java:160)
	at org.junit.runner.JUnitCore.run(JUnitCore.java:138)
	at xxl.java.junit.JUnitSingleTestRunner.call(JUnitSingleTestRunner.java:23)
	at xxl.java.junit.JUnitSingleTestRunner.call(JUnitSingleTestRunner.java:10)
	at java.util.concurrent.FutureTask.run(FutureTask.java:262)
	at java.util.concurrent.ThreadPoolExecutor.runWorker(ThreadPoolExecutor.java:1145)
	at java.util.concurrent.ThreadPoolExecutor$Worker.run(ThreadPoolExecutor.java:615)
	at java.lang.Thread.run(Thread.java:745)
java.lang.RuntimeException: java.util.concurrent.TimeoutException
	at xxl.java.junit.TestSuiteExecution.executionResult(TestSuiteExecution.java:97)
	at xxl.java.junit.TestSuiteExecution.runTestCase(TestSuiteExecution.java:36)
	at xxl.java.junit.TestSuiteExecution.runTestCases(TestSuiteExecution.java:81)
	at fr.inria.lille.repair.nopol.synth.ConstraintModelBuilder.buildFor(ConstraintModelBuilder.java:78)
	at fr.inria.lille.repair.nopol.synth.DefaultSynthesizer.buildPatch(DefaultSynthesizer.java:67)
	at fr.inria.lille.repair.nopol.NoPol.solveWithMultipleBuild(NoPol.java:185)
	at fr.inria.lille.repair.nopol.NoPol.build(NoPol.java:119)
	at fr.inria.lille.repair.nopol.NoPol.build(NoPol.java:89)
	at fr.inria.lille.repair.nopol.NoPolLauncher.launch(NoPolLauncher.java:84)
	at fr.inria.lille.repair.Main.main(Main.java:61)
Caused by: java.util.concurrent.TimeoutException
	at java.util.concurrent.FutureTask.get(FutureTask.java:201)
	at xxl.java.junit.TestSuiteExecution.executionResult(TestSuiteExecution.java:90)
	... 9 more
java.lang.RuntimeException: java.util.concurrent.TimeoutException
	at xxl.java.junit.TestSuiteExecution.executionResult(TestSuiteExecution.java:97)
	at xxl.java.junit.TestSuiteExecution.runTestCase(TestSuiteExecution.java:36)
	at xxl.java.junit.TestSuiteExecution.runTestCases(TestSuiteExecution.java:81)
	at fr.inria.lille.repair.nopol.synth.ConstraintModelBuilder.buildFor(ConstraintModelBuilder.java:82)
	at fr.inria.lille.repair.nopol.synth.DefaultSynthesizer.buildPatch(DefaultSynthesizer.java:67)
	at fr.inria.lille.repair.nopol.NoPol.solveWithMultipleBuild(NoPol.java:185)
	at fr.inria.lille.repair.nopol.NoPol.build(NoPol.java:119)
	at fr.inria.lille.repair.nopol.NoPol.build(NoPol.java:89)
	at fr.inria.lille.repair.nopol.NoPolLauncher.launch(NoPolLauncher.java:84)
	at fr.inria.lille.repair.Main.main(Main.java:61)
Caused by: java.util.concurrent.TimeoutException
	at java.util.concurrent.FutureTask.get(FutureTask.java:201)
	at xxl.java.junit.TestSuiteExecution.executionResult(TestSuiteExecution.java:90)
	... 9 more
java.lang.NullPointerException
	at com.google.javascript.rhino.JSDocInfo.getParameterCount(JSDocInfo.java:538)
	at com.google.javascript.jscomp.FunctionTypeBuilder.isFunctionTypeDeclaration(FunctionTypeBuilder.java:734)
	at com.google.javascript.jscomp.TypedScopeCreator$AbstractScopeBuilder.maybeDeclareQualifiedName(TypedScopeCreator.java:1383)
	at com.google.javascript.jscomp.TypedScopeCreator$GlobalScopeBuilder.maybeDeclareQualifiedName(TypedScopeCreator.java:1597)
	at com.google.javascript.jscomp.TypedScopeCreator$AbstractScopeBuilder.visit(TypedScopeCreator.java:468)
	at com.google.javascript.jscomp.TypedScopeCreator$GlobalScopeBuilder.visit(TypedScopeCreator.java:1573)
	at com.google.javascript.jscomp.NodeTraversal.traverseBranch(NodeTraversal.java:464)
	at com.google.javascript.jscomp.NodeTraversal.traverseBranch(NodeTraversal.java:457)
	at com.google.javascript.jscomp.NodeTraversal.traverseBranch(NodeTraversal.java:457)
	at com.google.javascript.jscomp.NodeTraversal.traverseBranch(NodeTraversal.java:457)
	at com.google.javascript.jscomp.NodeTraversal.traverseBranch(NodeTraversal.java:457)
	at com.google.javascript.jscomp.NodeTraversal.traverse(NodeTraversal.java:249)
	at com.google.javascript.jscomp.NodeTraversal.traverse(NodeTraversal.java:422)
	at com.google.javascript.jscomp.TypedScopeCreator.createScope(TypedScopeCreator.java:192)
	at com.google.javascript.jscomp.MemoizedScopeCreator.createScope(MemoizedScopeCreator.java:53)
	at com.google.javascript.jscomp.TypeCheck.processForTesting(TypeCheck.java:355)
	at com.google.javascript.jscomp.CompilerTestCase.test(CompilerTestCase.java:750)
	at com.google.javascript.jscomp.CompilerTestCase.test(CompilerTestCase.java:486)
	at com.google.javascript.jscomp.CompilerTestCase.test(CompilerTestCase.java:460)
	at com.google.javascript.jscomp.CompilerTestCase.test(CompilerTestCase.java:445)
	at com.google.javascript.jscomp.CheckAccessControlsTest.testNoPrivateAccessForProperties6(CheckAccessControlsTest.java:402)
	at sun.reflect.NativeMethodAccessorImpl.invoke0(Native Method)
	at sun.reflect.NativeMethodAccessorImpl.invoke(NativeMethodAccessorImpl.java:57)
	at sun.reflect.DelegatingMethodAccessorImpl.invoke(DelegatingMethodAccessorImpl.java:43)
	at java.lang.reflect.Method.invoke(Method.java:606)
	at junit.framework.TestCase.runTest(TestCase.java:176)
	at junit.framework.TestCase.runBare(TestCase.java:141)
	at junit.framework.TestResult$1.protect(TestResult.java:122)
	at junit.framework.TestResult.runProtected(TestResult.java:142)
	at junit.framework.TestResult.run(TestResult.java:125)
	at junit.framework.TestCase.run(TestCase.java:129)
	at junit.framework.TestSuite.runTest(TestSuite.java:255)
	at junit.framework.TestSuite.run(TestSuite.java:250)
	at org.junit.internal.runners.JUnit38ClassRunner.run(JUnit38ClassRunner.java:84)
	at org.junit.runner.JUnitCore.run(JUnitCore.java:160)
	at org.junit.runner.JUnitCore.run(JUnitCore.java:138)
	at xxl.java.junit.JUnitSingleTestRunner.call(JUnitSingleTestRunner.java:23)
	at xxl.java.junit.JUnitSingleTestRunner.call(JUnitSingleTestRunner.java:10)
	at java.util.concurrent.FutureTask.run(FutureTask.java:262)
	at java.util.concurrent.ThreadPoolExecutor.runWorker(ThreadPoolExecutor.java:1145)
	at java.util.concurrent.ThreadPoolExecutor$Worker.run(ThreadPoolExecutor.java:615)
	at java.lang.Thread.run(Thread.java:745)
java.lang.NullPointerException
	at com.google.javascript.rhino.JSDocInfo.getParameterCount(JSDocInfo.java:538)
	at com.google.javascript.jscomp.FunctionTypeBuilder.isFunctionTypeDeclaration(FunctionTypeBuilder.java:734)
	at com.google.javascript.jscomp.TypedScopeCreator$AbstractScopeBuilder.getDeclaredTypeInAnnotation(TypedScopeCreator.java:636)
	at com.google.javascript.jscomp.TypedScopeCreator$AbstractScopeBuilder.getDeclaredType(TypedScopeCreator.java:1203)
	at com.google.javascript.jscomp.TypedScopeCreator$AbstractScopeBuilder.access$1600(TypedScopeCreator.java:358)
	at com.google.javascript.jscomp.TypedScopeCreator$AbstractScopeBuilder$CollectProperties.maybeCollectMember(TypedScopeCreator.java:1525)
	at com.google.javascript.jscomp.TypedScopeCreator$AbstractScopeBuilder$CollectProperties.visit(TypedScopeCreator.java:1501)
	at com.google.javascript.jscomp.NodeTraversal.traverseBranch(NodeTraversal.java:464)
	at com.google.javascript.jscomp.NodeTraversal.traverseBranch(NodeTraversal.java:457)
	at com.google.javascript.jscomp.NodeTraversal.traverse(NodeTraversal.java:249)
	at com.google.javascript.jscomp.NodeTraversal.traverse(NodeTraversal.java:422)
	at com.google.javascript.jscomp.TypedScopeCreator.createScope(TypedScopeCreator.java:212)
	at com.google.javascript.jscomp.MemoizedScopeCreator.createScope(MemoizedScopeCreator.java:53)
	at com.google.javascript.jscomp.TypeCheck.processForTesting(TypeCheck.java:355)
	at com.google.javascript.jscomp.CompilerTestCase.test(CompilerTestCase.java:750)
	at com.google.javascript.jscomp.CompilerTestCase.test(CompilerTestCase.java:486)
	at com.google.javascript.jscomp.CompilerTestCase.test(CompilerTestCase.java:460)
	at com.google.javascript.jscomp.CompilerTestCase.test(CompilerTestCase.java:445)
	at com.google.javascript.jscomp.CheckAccessControlsTest.testNoPrivateAccessForProperties8(CheckAccessControlsTest.java:425)
	at sun.reflect.NativeMethodAccessorImpl.invoke0(Native Method)
	at sun.reflect.NativeMethodAccessorImpl.invoke(NativeMethodAccessorImpl.java:57)
	at sun.reflect.DelegatingMethodAccessorImpl.invoke(DelegatingMethodAccessorImpl.java:43)
	at java.lang.reflect.Method.invoke(Method.java:606)
	at junit.framework.TestCase.runTest(TestCase.java:176)
	at junit.framework.TestCase.runBare(TestCase.java:141)
	at junit.framework.TestResult$1.protect(TestResult.java:122)
	at junit.framework.TestResult.runProtected(TestResult.java:142)
	at junit.framework.TestResult.run(TestResult.java:125)
	at junit.framework.TestCase.run(TestCase.java:129)
	at junit.framework.TestSuite.runTest(TestSuite.java:255)
	at junit.framework.TestSuite.run(TestSuite.java:250)
	at org.junit.internal.runners.JUnit38ClassRunner.run(JUnit38ClassRunner.java:84)
	at org.junit.runner.JUnitCore.run(JUnitCore.java:160)
	at org.junit.runner.JUnitCore.run(JUnitCore.java:138)
	at xxl.java.junit.JUnitSingleTestRunner.call(JUnitSingleTestRunner.java:23)
	at xxl.java.junit.JUnitSingleTestRunner.call(JUnitSingleTestRunner.java:10)
	at java.util.concurrent.FutureTask.run(FutureTask.java:262)
	at java.util.concurrent.ThreadPoolExecutor.runWorker(ThreadPoolExecutor.java:1145)
	at java.util.concurrent.ThreadPoolExecutor$Worker.run(ThreadPoolExecutor.java:615)
	at java.lang.Thread.run(Thread.java:745)
java.lang.NullPointerException
	at com.google.javascript.rhino.JSDocInfo.getParameterCount(JSDocInfo.java:538)
	at com.google.javascript.jscomp.FunctionTypeBuilder.isFunctionTypeDeclaration(FunctionTypeBuilder.java:734)
	at com.google.javascript.jscomp.TypedScopeCreator$AbstractScopeBuilder.maybeDeclareQualifiedName(TypedScopeCreator.java:1383)
	at com.google.javascript.jscomp.TypedScopeCreator$GlobalScopeBuilder.maybeDeclareQualifiedName(TypedScopeCreator.java:1597)
	at com.google.javascript.jscomp.TypedScopeCreator$AbstractScopeBuilder.visit(TypedScopeCreator.java:468)
	at com.google.javascript.jscomp.TypedScopeCreator$GlobalScopeBuilder.visit(TypedScopeCreator.java:1573)
	at com.google.javascript.jscomp.NodeTraversal.traverseBranch(NodeTraversal.java:464)
	at com.google.javascript.jscomp.NodeTraversal.traverseBranch(NodeTraversal.java:457)
	at com.google.javascript.jscomp.NodeTraversal.traverseBranch(NodeTraversal.java:457)
	at com.google.javascript.jscomp.NodeTraversal.traverseBranch(NodeTraversal.java:457)
	at com.google.javascript.jscomp.NodeTraversal.traverseBranch(NodeTraversal.java:457)
	at com.google.javascript.jscomp.NodeTraversal.traverse(NodeTraversal.java:249)
	at com.google.javascript.jscomp.NodeTraversal.traverse(NodeTraversal.java:422)
	at com.google.javascript.jscomp.TypedScopeCreator.createScope(TypedScopeCreator.java:192)
	at com.google.javascript.jscomp.MemoizedScopeCreator.createScope(MemoizedScopeCreator.java:53)
	at com.google.javascript.jscomp.TypeCheck.processForTesting(TypeCheck.java:355)
	at com.google.javascript.jscomp.CompilerTestCase.test(CompilerTestCase.java:750)
	at com.google.javascript.jscomp.CompilerTestCase.test(CompilerTestCase.java:486)
	at com.google.javascript.jscomp.CompilerTestCase.test(CompilerTestCase.java:460)
	at com.google.javascript.jscomp.CompilerTestCase.test(CompilerTestCase.java:445)
	at com.google.javascript.jscomp.CheckAccessControlsTest.testNoPrivateAccessForProperties6(CheckAccessControlsTest.java:402)
	at sun.reflect.NativeMethodAccessorImpl.invoke0(Native Method)
	at sun.reflect.NativeMethodAccessorImpl.invoke(NativeMethodAccessorImpl.java:57)
	at sun.reflect.DelegatingMethodAccessorImpl.invoke(DelegatingMethodAccessorImpl.java:43)
	at java.lang.reflect.Method.invoke(Method.java:606)
	at junit.framework.TestCase.runTest(TestCase.java:176)
	at junit.framework.TestCase.runBare(TestCase.java:141)
	at junit.framework.TestResult$1.protect(TestResult.java:122)
	at junit.framework.TestResult.runProtected(TestResult.java:142)
	at junit.framework.TestResult.run(TestResult.java:125)
	at junit.framework.TestCase.run(TestCase.java:129)
	at junit.framework.TestSuite.runTest(TestSuite.java:255)
	at junit.framework.TestSuite.run(TestSuite.java:250)
	at org.junit.internal.runners.JUnit38ClassRunner.run(JUnit38ClassRunner.java:84)
	at org.junit.runner.JUnitCore.run(JUnitCore.java:160)
	at org.junit.runner.JUnitCore.run(JUnitCore.java:138)
	at xxl.java.junit.JUnitSingleTestRunner.call(JUnitSingleTestRunner.java:23)
	at xxl.java.junit.JUnitSingleTestRunner.call(JUnitSingleTestRunner.java:10)
	at java.util.concurrent.FutureTask.run(FutureTask.java:262)
	at java.util.concurrent.ThreadPoolExecutor.runWorker(ThreadPoolExecutor.java:1145)
	at java.util.concurrent.ThreadPoolExecutor$Worker.run(ThreadPoolExecutor.java:615)
	at java.lang.Thread.run(Thread.java:745)
java.lang.NullPointerException
	at com.google.javascript.rhino.JSDocInfo.getParameterCount(JSDocInfo.java:538)
	at com.google.javascript.jscomp.FunctionTypeBuilder.isFunctionTypeDeclaration(FunctionTypeBuilder.java:734)
	at com.google.javascript.jscomp.TypedScopeCreator$AbstractScopeBuilder.getDeclaredTypeInAnnotation(TypedScopeCreator.java:636)
	at com.google.javascript.jscomp.TypedScopeCreator$AbstractScopeBuilder.getDeclaredType(TypedScopeCreator.java:1203)
	at com.google.javascript.jscomp.TypedScopeCreator$AbstractScopeBuilder.access$1600(TypedScopeCreator.java:358)
	at com.google.javascript.jscomp.TypedScopeCreator$AbstractScopeBuilder$CollectProperties.maybeCollectMember(TypedScopeCreator.java:1525)
	at com.google.javascript.jscomp.TypedScopeCreator$AbstractScopeBuilder$CollectProperties.visit(TypedScopeCreator.java:1501)
	at com.google.javascript.jscomp.NodeTraversal.traverseBranch(NodeTraversal.java:464)
	at com.google.javascript.jscomp.NodeTraversal.traverseBranch(NodeTraversal.java:457)
	at com.google.javascript.jscomp.NodeTraversal.traverse(NodeTraversal.java:249)
	at com.google.javascript.jscomp.NodeTraversal.traverse(NodeTraversal.java:422)
	at com.google.javascript.jscomp.TypedScopeCreator.createScope(TypedScopeCreator.java:212)
	at com.google.javascript.jscomp.MemoizedScopeCreator.createScope(MemoizedScopeCreator.java:53)
	at com.google.javascript.jscomp.TypeCheck.processForTesting(TypeCheck.java:355)
	at com.google.javascript.jscomp.CompilerTestCase.test(CompilerTestCase.java:750)
	at com.google.javascript.jscomp.CompilerTestCase.test(CompilerTestCase.java:486)
	at com.google.javascript.jscomp.CompilerTestCase.test(CompilerTestCase.java:460)
	at com.google.javascript.jscomp.CompilerTestCase.test(CompilerTestCase.java:445)
	at com.google.javascript.jscomp.CheckAccessControlsTest.testNoPrivateAccessForProperties8(CheckAccessControlsTest.java:425)
	at sun.reflect.NativeMethodAccessorImpl.invoke0(Native Method)
	at sun.reflect.NativeMethodAccessorImpl.invoke(NativeMethodAccessorImpl.java:57)
	at sun.reflect.DelegatingMethodAccessorImpl.invoke(DelegatingMethodAccessorImpl.java:43)
	at java.lang.reflect.Method.invoke(Method.java:606)
	at junit.framework.TestCase.runTest(TestCase.java:176)
	at junit.framework.TestCase.runBare(TestCase.java:141)
	at junit.framework.TestResult$1.protect(TestResult.java:122)
	at junit.framework.TestResult.runProtected(TestResult.java:142)
	at junit.framework.TestResult.run(TestResult.java:125)
	at junit.framework.TestCase.run(TestCase.java:129)
	at junit.framework.TestSuite.runTest(TestSuite.java:255)
	at junit.framework.TestSuite.run(TestSuite.java:250)
	at org.junit.internal.runners.JUnit38ClassRunner.run(JUnit38ClassRunner.java:84)
	at org.junit.runner.JUnitCore.run(JUnitCore.java:160)
	at org.junit.runner.JUnitCore.run(JUnitCore.java:138)
	at xxl.java.junit.JUnitSingleTestRunner.call(JUnitSingleTestRunner.java:23)
	at xxl.java.junit.JUnitSingleTestRunner.call(JUnitSingleTestRunner.java:10)
	at java.util.concurrent.FutureTask.run(FutureTask.java:262)
	at java.util.concurrent.ThreadPoolExecutor.runWorker(ThreadPoolExecutor.java:1145)
	at java.util.concurrent.ThreadPoolExecutor$Worker.run(ThreadPoolExecutor.java:615)
	at java.lang.Thread.run(Thread.java:745)
java.lang.NullPointerException
	at com.google.javascript.rhino.JSDocInfo.getParameterCount(JSDocInfo.java:538)
	at com.google.javascript.jscomp.FunctionTypeBuilder.isFunctionTypeDeclaration(FunctionTypeBuilder.java:734)
	at com.google.javascript.jscomp.TypedScopeCreator$AbstractScopeBuilder.getDeclaredTypeInAnnotation(TypedScopeCreator.java:636)
	at com.google.javascript.jscomp.TypedScopeCreator$AbstractScopeBuilder.getDeclaredType(TypedScopeCreator.java:1203)
	at com.google.javascript.jscomp.TypedScopeCreator$AbstractScopeBuilder.access$1600(TypedScopeCreator.java:358)
	at com.google.javascript.jscomp.TypedScopeCreator$AbstractScopeBuilder$CollectProperties.maybeCollectMember(TypedScopeCreator.java:1525)
	at com.google.javascript.jscomp.TypedScopeCreator$AbstractScopeBuilder$CollectProperties.visit(TypedScopeCreator.java:1501)
	at com.google.javascript.jscomp.NodeTraversal.traverseBranch(NodeTraversal.java:464)
	at com.google.javascript.jscomp.NodeTraversal.traverseBranch(NodeTraversal.java:457)
	at com.google.javascript.jscomp.NodeTraversal.traverse(NodeTraversal.java:249)
	at com.google.javascript.jscomp.NodeTraversal.traverse(NodeTraversal.java:422)
	at com.google.javascript.jscomp.TypedScopeCreator.createScope(TypedScopeCreator.java:212)
	at com.google.javascript.jscomp.MemoizedScopeCreator.createScope(MemoizedScopeCreator.java:53)
	at com.google.javascript.jscomp.TypeCheck.processForTesting(TypeCheck.java:355)
	at com.google.javascript.jscomp.CompilerTestCase.test(CompilerTestCase.java:750)
	at com.google.javascript.jscomp.CompilerTestCase.test(CompilerTestCase.java:486)
	at com.google.javascript.jscomp.CompilerTestCase.test(CompilerTestCase.java:460)
	at com.google.javascript.jscomp.CompilerTestCase.test(CompilerTestCase.java:445)
	at com.google.javascript.jscomp.CheckAccessControlsTest.testNoPrivateAccessForProperties8(CheckAccessControlsTest.java:425)
	at sun.reflect.NativeMethodAccessorImpl.invoke0(Native Method)
	at sun.reflect.NativeMethodAccessorImpl.invoke(NativeMethodAccessorImpl.java:57)
	at sun.reflect.DelegatingMethodAccessorImpl.invoke(DelegatingMethodAccessorImpl.java:43)
	at java.lang.reflect.Method.invoke(Method.java:606)
	at junit.framework.TestCase.runTest(TestCase.java:176)
	at junit.framework.TestCase.runBare(TestCase.java:141)
	at junit.framework.TestResult$1.protect(TestResult.java:122)
	at junit.framework.TestResult.runProtected(TestResult.java:142)
	at junit.framework.TestResult.run(TestResult.java:125)
	at junit.framework.TestCase.run(TestCase.java:129)
	at junit.framework.TestSuite.runTest(TestSuite.java:255)
	at junit.framework.TestSuite.run(TestSuite.java:250)
	at org.junit.internal.runners.JUnit38ClassRunner.run(JUnit38ClassRunner.java:84)
	at org.junit.runner.JUnitCore.run(JUnitCore.java:160)
	at org.junit.runner.JUnitCore.run(JUnitCore.java:138)
	at xxl.java.junit.JUnitSingleTestRunner.call(JUnitSingleTestRunner.java:23)
	at xxl.java.junit.JUnitSingleTestRunner.call(JUnitSingleTestRunner.java:10)
	at java.util.concurrent.FutureTask.run(FutureTask.java:262)
	at java.util.concurrent.ThreadPoolExecutor.runWorker(ThreadPoolExecutor.java:1145)
	at java.util.concurrent.ThreadPoolExecutor$Worker.run(ThreadPoolExecutor.java:615)
	at java.lang.Thread.run(Thread.java:745)
java.lang.NullPointerException
	at com.google.javascript.rhino.JSDocInfo.getParameterCount(JSDocInfo.java:538)
	at com.google.javascript.jscomp.FunctionTypeBuilder.isFunctionTypeDeclaration(FunctionTypeBuilder.java:734)
	at com.google.javascript.jscomp.TypedScopeCreator$AbstractScopeBuilder.getDeclaredTypeInAnnotation(TypedScopeCreator.java:636)
	at com.google.javascript.jscomp.TypedScopeCreator$AbstractScopeBuilder.getDeclaredType(TypedScopeCreator.java:1203)
	at com.google.javascript.jscomp.TypedScopeCreator$AbstractScopeBuilder.maybeDeclareQualifiedName(TypedScopeCreator.java:1363)
	at com.google.javascript.jscomp.TypedScopeCreator$AbstractScopeBuilder.visit(TypedScopeCreator.java:468)
	at com.google.javascript.jscomp.TypedScopeCreator$LocalScopeBuilder.visit(TypedScopeCreator.java:1706)
	at com.google.javascript.jscomp.NodeTraversal.traverseBranch(NodeTraversal.java:464)
	at com.google.javascript.jscomp.NodeTraversal.traverseBranch(NodeTraversal.java:457)
	at com.google.javascript.jscomp.NodeTraversal.traverseBranch(NodeTraversal.java:457)
	at com.google.javascript.jscomp.NodeTraversal.traverseFunction(NodeTraversal.java:502)
	at com.google.javascript.jscomp.NodeTraversal.traverseBranch(NodeTraversal.java:449)
	at com.google.javascript.jscomp.NodeTraversal.traverse(NodeTraversal.java:249)
	at com.google.javascript.jscomp.NodeTraversal.traverse(NodeTraversal.java:422)
	at com.google.javascript.jscomp.TypedScopeCreator$LocalScopeBuilder.build(TypedScopeCreator.java:1687)
	at com.google.javascript.jscomp.TypedScopeCreator.createScope(TypedScopeCreator.java:197)
	at com.google.javascript.jscomp.MemoizedScopeCreator.createScope(MemoizedScopeCreator.java:53)
	at com.google.javascript.jscomp.NodeTraversal.getScope(NodeTraversal.java:563)
	at com.google.javascript.jscomp.TypeInferencePass$TypeInferringCallback.enterScope(TypeInferencePass.java:121)
	at com.google.javascript.jscomp.NodeTraversal.pushScope(NodeTraversal.java:527)
	at com.google.javascript.jscomp.NodeTraversal.traverseFunction(NodeTraversal.java:485)
	at com.google.javascript.jscomp.NodeTraversal.traverseBranch(NodeTraversal.java:449)
	at com.google.javascript.jscomp.NodeTraversal.traverseBranch(NodeTraversal.java:457)
	at com.google.javascript.jscomp.NodeTraversal.traverseBranch(NodeTraversal.java:457)
	at com.google.javascript.jscomp.NodeTraversal.traverseBranch(NodeTraversal.java:457)
	at com.google.javascript.jscomp.NodeTraversal.traverseWithScope(NodeTraversal.java:312)
	at com.google.javascript.jscomp.TypeInferencePass.inferTypes(TypeInferencePass.java:90)
	at com.google.javascript.jscomp.TypeInferencePass.process(TypeInferencePass.java:83)
	at com.google.javascript.jscomp.TypeCheck.processForTesting(TypeCheck.java:360)
	at com.google.javascript.jscomp.CompilerTestCase.test(CompilerTestCase.java:750)
	at com.google.javascript.jscomp.CompilerTestCase.test(CompilerTestCase.java:486)
	at com.google.javascript.jscomp.CompilerTestCase.test(CompilerTestCase.java:460)
	at com.google.javascript.jscomp.CompilerTestCase.test(CompilerTestCase.java:445)
	at com.google.javascript.jscomp.CheckAccessControlsTest.testNoPrivateAccessForProperties8(CheckAccessControlsTest.java:425)
	at sun.reflect.NativeMethodAccessorImpl.invoke0(Native Method)
	at sun.reflect.NativeMethodAccessorImpl.invoke(NativeMethodAccessorImpl.java:57)
	at sun.reflect.DelegatingMethodAccessorImpl.invoke(DelegatingMethodAccessorImpl.java:43)
	at java.lang.reflect.Method.invoke(Method.java:606)
	at junit.framework.TestCase.runTest(TestCase.java:176)
	at junit.framework.TestCase.runBare(TestCase.java:141)
	at junit.framework.TestResult$1.protect(TestResult.java:122)
	at junit.framework.TestResult.runProtected(TestResult.java:142)
	at junit.framework.TestResult.run(TestResult.java:125)
	at junit.framework.TestCase.run(TestCase.java:129)
	at junit.framework.TestSuite.runTest(TestSuite.java:255)
	at junit.framework.TestSuite.run(TestSuite.java:250)
	at org.junit.internal.runners.JUnit38ClassRunner.run(JUnit38ClassRunner.java:84)
	at org.junit.runner.JUnitCore.run(JUnitCore.java:160)
	at org.junit.runner.JUnitCore.run(JUnitCore.java:138)
	at xxl.java.junit.JUnitSingleTestRunner.call(JUnitSingleTestRunner.java:23)
	at xxl.java.junit.JUnitSingleTestRunner.call(JUnitSingleTestRunner.java:10)
	at java.util.concurrent.FutureTask.run(FutureTask.java:262)
	at java.util.concurrent.ThreadPoolExecutor.runWorker(ThreadPoolExecutor.java:1145)
	at java.util.concurrent.ThreadPoolExecutor$Worker.run(ThreadPoolExecutor.java:615)
	at java.lang.Thread.run(Thread.java:745)
java.lang.NullPointerException
	at com.google.javascript.rhino.JSDocInfo.getParameterCount(JSDocInfo.java:538)
	at com.google.javascript.jscomp.FunctionTypeBuilder.isFunctionTypeDeclaration(FunctionTypeBuilder.java:734)
	at com.google.javascript.jscomp.TypedScopeCreator$AbstractScopeBuilder.maybeDeclareQualifiedName(TypedScopeCreator.java:1383)
	at com.google.javascript.jscomp.TypedScopeCreator$AbstractScopeBuilder.visit(TypedScopeCreator.java:468)
	at com.google.javascript.jscomp.TypedScopeCreator$LocalScopeBuilder.visit(TypedScopeCreator.java:1706)
	at com.google.javascript.jscomp.NodeTraversal.traverseBranch(NodeTraversal.java:464)
	at com.google.javascript.jscomp.NodeTraversal.traverseBranch(NodeTraversal.java:457)
	at com.google.javascript.jscomp.NodeTraversal.traverseBranch(NodeTraversal.java:457)
	at com.google.javascript.jscomp.NodeTraversal.traverseFunction(NodeTraversal.java:502)
	at com.google.javascript.jscomp.NodeTraversal.traverseBranch(NodeTraversal.java:449)
	at com.google.javascript.jscomp.NodeTraversal.traverse(NodeTraversal.java:249)
	at com.google.javascript.jscomp.NodeTraversal.traverse(NodeTraversal.java:422)
	at com.google.javascript.jscomp.TypedScopeCreator$LocalScopeBuilder.build(TypedScopeCreator.java:1687)
	at com.google.javascript.jscomp.TypedScopeCreator.createScope(TypedScopeCreator.java:197)
	at com.google.javascript.jscomp.MemoizedScopeCreator.createScope(MemoizedScopeCreator.java:53)
	at com.google.javascript.jscomp.NodeTraversal.getScope(NodeTraversal.java:563)
	at com.google.javascript.jscomp.TypeInferencePass$TypeInferringCallback.enterScope(TypeInferencePass.java:121)
	at com.google.javascript.jscomp.NodeTraversal.pushScope(NodeTraversal.java:527)
	at com.google.javascript.jscomp.NodeTraversal.traverseFunction(NodeTraversal.java:485)
	at com.google.javascript.jscomp.NodeTraversal.traverseBranch(NodeTraversal.java:449)
	at com.google.javascript.jscomp.NodeTraversal.traverseBranch(NodeTraversal.java:457)
	at com.google.javascript.jscomp.NodeTraversal.traverseBranch(NodeTraversal.java:457)
	at com.google.javascript.jscomp.NodeTraversal.traverseBranch(NodeTraversal.java:457)
	at com.google.javascript.jscomp.NodeTraversal.traverseWithScope(NodeTraversal.java:312)
	at com.google.javascript.jscomp.TypeInferencePass.inferTypes(TypeInferencePass.java:90)
	at com.google.javascript.jscomp.TypeInferencePass.process(TypeInferencePass.java:83)
	at com.google.javascript.jscomp.TypeCheck.processForTesting(TypeCheck.java:360)
	at com.google.javascript.jscomp.CompilerTestCase.test(CompilerTestCase.java:750)
	at com.google.javascript.jscomp.CompilerTestCase.test(CompilerTestCase.java:486)
	at com.google.javascript.jscomp.CompilerTestCase.test(CompilerTestCase.java:460)
	at com.google.javascript.jscomp.CompilerTestCase.test(CompilerTestCase.java:445)
	at com.google.javascript.jscomp.CheckAccessControlsTest.testNoPrivateAccessForProperties8(CheckAccessControlsTest.java:425)
	at sun.reflect.NativeMethodAccessorImpl.invoke0(Native Method)
	at sun.reflect.NativeMethodAccessorImpl.invoke(NativeMethodAccessorImpl.java:57)
	at sun.reflect.DelegatingMethodAccessorImpl.invoke(DelegatingMethodAccessorImpl.java:43)
	at java.lang.reflect.Method.invoke(Method.java:606)
	at junit.framework.TestCase.runTest(TestCase.java:176)
	at junit.framework.TestCase.runBare(TestCase.java:141)
	at junit.framework.TestResult$1.protect(TestResult.java:122)
	at junit.framework.TestResult.runProtected(TestResult.java:142)
	at junit.framework.TestResult.run(TestResult.java:125)
	at junit.framework.TestCase.run(TestCase.java:129)
	at junit.framework.TestSuite.runTest(TestSuite.java:255)
	at junit.framework.TestSuite.run(TestSuite.java:250)
	at org.junit.internal.runners.JUnit38ClassRunner.run(JUnit38ClassRunner.java:84)
	at org.junit.runner.JUnitCore.run(JUnitCore.java:160)
	at org.junit.runner.JUnitCore.run(JUnitCore.java:138)
	at xxl.java.junit.JUnitSingleTestRunner.call(JUnitSingleTestRunner.java:23)
	at xxl.java.junit.JUnitSingleTestRunner.call(JUnitSingleTestRunner.java:10)
	at java.util.concurrent.FutureTask.run(FutureTask.java:262)
	at java.util.concurrent.ThreadPoolExecutor.runWorker(ThreadPoolExecutor.java:1145)
	at java.util.concurrent.ThreadPoolExecutor$Worker.run(ThreadPoolExecutor.java:615)
	at java.lang.Thread.run(Thread.java:745)
java.lang.NullPointerException
	at com.google.javascript.rhino.JSDocInfo.getParameterCount(JSDocInfo.java:538)
	at com.google.javascript.jscomp.FunctionTypeBuilder.isFunctionTypeDeclaration(FunctionTypeBuilder.java:734)
	at com.google.javascript.jscomp.TypedScopeCreator$AbstractScopeBuilder.getDeclaredTypeInAnnotation(TypedScopeCreator.java:636)
	at com.google.javascript.jscomp.TypedScopeCreator$AbstractScopeBuilder.getDeclaredType(TypedScopeCreator.java:1203)
	at com.google.javascript.jscomp.TypedScopeCreator$AbstractScopeBuilder.maybeDeclareQualifiedName(TypedScopeCreator.java:1363)
	at com.google.javascript.jscomp.TypedScopeCreator$AbstractScopeBuilder.visit(TypedScopeCreator.java:468)
	at com.google.javascript.jscomp.TypedScopeCreator$LocalScopeBuilder.visit(TypedScopeCreator.java:1706)
	at com.google.javascript.jscomp.NodeTraversal.traverseBranch(NodeTraversal.java:464)
	at com.google.javascript.jscomp.NodeTraversal.traverseBranch(NodeTraversal.java:457)
	at com.google.javascript.jscomp.NodeTraversal.traverseBranch(NodeTraversal.java:457)
	at com.google.javascript.jscomp.NodeTraversal.traverseFunction(NodeTraversal.java:502)
	at com.google.javascript.jscomp.NodeTraversal.traverseBranch(NodeTraversal.java:449)
	at com.google.javascript.jscomp.NodeTraversal.traverse(NodeTraversal.java:249)
	at com.google.javascript.jscomp.NodeTraversal.traverse(NodeTraversal.java:422)
	at com.google.javascript.jscomp.TypedScopeCreator$LocalScopeBuilder.build(TypedScopeCreator.java:1687)
	at com.google.javascript.jscomp.TypedScopeCreator.createScope(TypedScopeCreator.java:197)
	at com.google.javascript.jscomp.MemoizedScopeCreator.createScope(MemoizedScopeCreator.java:53)
	at com.google.javascript.jscomp.NodeTraversal.getScope(NodeTraversal.java:563)
	at com.google.javascript.jscomp.TypeInferencePass$TypeInferringCallback.enterScope(TypeInferencePass.java:121)
	at com.google.javascript.jscomp.NodeTraversal.pushScope(NodeTraversal.java:527)
	at com.google.javascript.jscomp.NodeTraversal.traverseFunction(NodeTraversal.java:485)
	at com.google.javascript.jscomp.NodeTraversal.traverseBranch(NodeTraversal.java:449)
	at com.google.javascript.jscomp.NodeTraversal.traverseBranch(NodeTraversal.java:457)
	at com.google.javascript.jscomp.NodeTraversal.traverseBranch(NodeTraversal.java:457)
	at com.google.javascript.jscomp.NodeTraversal.traverseBranch(NodeTraversal.java:457)
	at com.google.javascript.jscomp.NodeTraversal.traverseWithScope(NodeTraversal.java:312)
	at com.google.javascript.jscomp.TypeInferencePass.inferTypes(TypeInferencePass.java:90)
	at com.google.javascript.jscomp.TypeInferencePass.process(TypeInferencePass.java:83)
	at com.google.javascript.jscomp.TypeCheck.processForTesting(TypeCheck.java:360)
	at com.google.javascript.jscomp.CompilerTestCase.test(CompilerTestCase.java:750)
	at com.google.javascript.jscomp.CompilerTestCase.test(CompilerTestCase.java:486)
	at com.google.javascript.jscomp.CompilerTestCase.test(CompilerTestCase.java:460)
	at com.google.javascript.jscomp.CompilerTestCase.test(CompilerTestCase.java:445)
	at com.google.javascript.jscomp.CheckAccessControlsTest.testNoPrivateAccessForProperties8(CheckAccessControlsTest.java:425)
	at sun.reflect.NativeMethodAccessorImpl.invoke0(Native Method)
	at sun.reflect.NativeMethodAccessorImpl.invoke(NativeMethodAccessorImpl.java:57)
	at sun.reflect.DelegatingMethodAccessorImpl.invoke(DelegatingMethodAccessorImpl.java:43)
	at java.lang.reflect.Method.invoke(Method.java:606)
	at junit.framework.TestCase.runTest(TestCase.java:176)
	at junit.framework.TestCase.runBare(TestCase.java:141)
	at junit.framework.TestResult$1.protect(TestResult.java:122)
	at junit.framework.TestResult.runProtected(TestResult.java:142)
	at junit.framework.TestResult.run(TestResult.java:125)
	at junit.framework.TestCase.run(TestCase.java:129)
	at junit.framework.TestSuite.runTest(TestSuite.java:255)
	at junit.framework.TestSuite.run(TestSuite.java:250)
	at org.junit.internal.runners.JUnit38ClassRunner.run(JUnit38ClassRunner.java:84)
	at org.junit.runner.JUnitCore.run(JUnitCore.java:160)
	at org.junit.runner.JUnitCore.run(JUnitCore.java:138)
	at xxl.java.junit.JUnitSingleTestRunner.call(JUnitSingleTestRunner.java:23)
	at xxl.java.junit.JUnitSingleTestRunner.call(JUnitSingleTestRunner.java:10)
	at java.util.concurrent.FutureTask.run(FutureTask.java:262)
	at java.util.concurrent.ThreadPoolExecutor.runWorker(ThreadPoolExecutor.java:1145)
	at java.util.concurrent.ThreadPoolExecutor$Worker.run(ThreadPoolExecutor.java:615)
	at java.lang.Thread.run(Thread.java:745)
java.lang.NullPointerException
	at com.google.javascript.rhino.JSDocInfo.getParameterCount(JSDocInfo.java:538)
	at com.google.javascript.jscomp.FunctionTypeBuilder.isFunctionTypeDeclaration(FunctionTypeBuilder.java:734)
	at com.google.javascript.jscomp.TypedScopeCreator$AbstractScopeBuilder.maybeDeclareQualifiedName(TypedScopeCreator.java:1383)
	at com.google.javascript.jscomp.TypedScopeCreator$AbstractScopeBuilder.visit(TypedScopeCreator.java:468)
	at com.google.javascript.jscomp.TypedScopeCreator$LocalScopeBuilder.visit(TypedScopeCreator.java:1706)
	at com.google.javascript.jscomp.NodeTraversal.traverseBranch(NodeTraversal.java:464)
	at com.google.javascript.jscomp.NodeTraversal.traverseBranch(NodeTraversal.java:457)
	at com.google.javascript.jscomp.NodeTraversal.traverseBranch(NodeTraversal.java:457)
	at com.google.javascript.jscomp.NodeTraversal.traverseFunction(NodeTraversal.java:502)
	at com.google.javascript.jscomp.NodeTraversal.traverseBranch(NodeTraversal.java:449)
	at com.google.javascript.jscomp.NodeTraversal.traverse(NodeTraversal.java:249)
	at com.google.javascript.jscomp.NodeTraversal.traverse(NodeTraversal.java:422)
	at com.google.javascript.jscomp.TypedScopeCreator$LocalScopeBuilder.build(TypedScopeCreator.java:1687)
	at com.google.javascript.jscomp.TypedScopeCreator.createScope(TypedScopeCreator.java:197)
	at com.google.javascript.jscomp.MemoizedScopeCreator.createScope(MemoizedScopeCreator.java:53)
	at com.google.javascript.jscomp.NodeTraversal.getScope(NodeTraversal.java:563)
	at com.google.javascript.jscomp.TypeInferencePass$TypeInferringCallback.enterScope(TypeInferencePass.java:121)
	at com.google.javascript.jscomp.NodeTraversal.pushScope(NodeTraversal.java:527)
	at com.google.javascript.jscomp.NodeTraversal.traverseFunction(NodeTraversal.java:485)
	at com.google.javascript.jscomp.NodeTraversal.traverseBranch(NodeTraversal.java:449)
	at com.google.javascript.jscomp.NodeTraversal.traverseBranch(NodeTraversal.java:457)
	at com.google.javascript.jscomp.NodeTraversal.traverseBranch(NodeTraversal.java:457)
	at com.google.javascript.jscomp.NodeTraversal.traverseBranch(NodeTraversal.java:457)
	at com.google.javascript.jscomp.NodeTraversal.traverseWithScope(NodeTraversal.java:312)
	at com.google.javascript.jscomp.TypeInferencePass.inferTypes(TypeInferencePass.java:90)
	at com.google.javascript.jscomp.TypeInferencePass.process(TypeInferencePass.java:83)
	at com.google.javascript.jscomp.TypeCheck.processForTesting(TypeCheck.java:360)
	at com.google.javascript.jscomp.CompilerTestCase.test(CompilerTestCase.java:750)
	at com.google.javascript.jscomp.CompilerTestCase.test(CompilerTestCase.java:486)
	at com.google.javascript.jscomp.CompilerTestCase.test(CompilerTestCase.java:460)
	at com.google.javascript.jscomp.CompilerTestCase.test(CompilerTestCase.java:445)
	at com.google.javascript.jscomp.CheckAccessControlsTest.testNoPrivateAccessForProperties8(CheckAccessControlsTest.java:425)
	at sun.reflect.NativeMethodAccessorImpl.invoke0(Native Method)
	at sun.reflect.NativeMethodAccessorImpl.invoke(NativeMethodAccessorImpl.java:57)
	at sun.reflect.DelegatingMethodAccessorImpl.invoke(DelegatingMethodAccessorImpl.java:43)
	at java.lang.reflect.Method.invoke(Method.java:606)
	at junit.framework.TestCase.runTest(TestCase.java:176)
	at junit.framework.TestCase.runBare(TestCase.java:141)
	at junit.framework.TestResult$1.protect(TestResult.java:122)
	at junit.framework.TestResult.runProtected(TestResult.java:142)
	at junit.framework.TestResult.run(TestResult.java:125)
	at junit.framework.TestCase.run(TestCase.java:129)
	at junit.framework.TestSuite.runTest(TestSuite.java:255)
	at junit.framework.TestSuite.run(TestSuite.java:250)
	at org.junit.internal.runners.JUnit38ClassRunner.run(JUnit38ClassRunner.java:84)
	at org.junit.runner.JUnitCore.run(JUnitCore.java:160)
	at org.junit.runner.JUnitCore.run(JUnitCore.java:138)
	at xxl.java.junit.JUnitSingleTestRunner.call(JUnitSingleTestRunner.java:23)
	at xxl.java.junit.JUnitSingleTestRunner.call(JUnitSingleTestRunner.java:10)
	at java.util.concurrent.FutureTask.run(FutureTask.java:262)
	at java.util.concurrent.ThreadPoolExecutor.runWorker(ThreadPoolExecutor.java:1145)
	at java.util.concurrent.ThreadPoolExecutor$Worker.run(ThreadPoolExecutor.java:615)
	at java.lang.Thread.run(Thread.java:745)
java.lang.RuntimeException: java.util.concurrent.TimeoutException
	at xxl.java.junit.TestSuiteExecution.executionResult(TestSuiteExecution.java:97)
	at xxl.java.junit.TestSuiteExecution.runTestCase(TestSuiteExecution.java:36)
	at xxl.java.junit.TestSuiteExecution.runTestCases(TestSuiteExecution.java:81)
	at fr.inria.lille.repair.nopol.synth.ConstraintModelBuilder.buildFor(ConstraintModelBuilder.java:78)
	at fr.inria.lille.repair.nopol.synth.DefaultSynthesizer.buildPatch(DefaultSynthesizer.java:67)
	at fr.inria.lille.repair.nopol.NoPol.solveWithMultipleBuild(NoPol.java:185)
	at fr.inria.lille.repair.nopol.NoPol.build(NoPol.java:119)
	at fr.inria.lille.repair.nopol.NoPol.build(NoPol.java:89)
	at fr.inria.lille.repair.nopol.NoPolLauncher.launch(NoPolLauncher.java:84)
	at fr.inria.lille.repair.Main.main(Main.java:61)
Caused by: java.util.concurrent.TimeoutException
	at java.util.concurrent.FutureTask.get(FutureTask.java:201)
	at xxl.java.junit.TestSuiteExecution.executionResult(TestSuiteExecution.java:90)
	... 9 more
java.lang.RuntimeException: java.util.concurrent.TimeoutException
	at xxl.java.junit.TestSuiteExecution.executionResult(TestSuiteExecution.java:97)
	at xxl.java.junit.TestSuiteExecution.runTestCase(TestSuiteExecution.java:36)
	at xxl.java.junit.TestSuiteExecution.runTestCases(TestSuiteExecution.java:81)
	at fr.inria.lille.repair.nopol.synth.ConstraintModelBuilder.buildFor(ConstraintModelBuilder.java:82)
	at fr.inria.lille.repair.nopol.synth.DefaultSynthesizer.buildPatch(DefaultSynthesizer.java:67)
	at fr.inria.lille.repair.nopol.NoPol.solveWithMultipleBuild(NoPol.java:185)
	at fr.inria.lille.repair.nopol.NoPol.build(NoPol.java:119)
	at fr.inria.lille.repair.nopol.NoPol.build(NoPol.java:89)
	at fr.inria.lille.repair.nopol.NoPolLauncher.launch(NoPolLauncher.java:84)
	at fr.inria.lille.repair.Main.main(Main.java:61)
Caused by: java.util.concurrent.TimeoutException
	at java.util.concurrent.FutureTask.get(FutureTask.java:201)
	at xxl.java.junit.TestSuiteExecution.executionResult(TestSuiteExecution.java:90)
	... 9 more
Exception in thread "main" java.lang.OutOfMemoryError: Java heap space
	at java.io.UnixFileSystem.resolve(UnixFileSystem.java:108)
	at java.io.File.<init>(File.java:262)
	at java.io.File.listFiles(File.java:1206)
	at spoon.support.compiler.FileSystemFolder.getSubFolders(FileSystemFolder.java:78)
	at spoon.support.compiler.FileSystemFolder.getAllJavaFiles(FileSystemFolder.java:106)
	at spoon.support.compiler.FileSystemFolder.getAllJavaFiles(FileSystemFolder.java:107)
	at spoon.support.compiler.FileSystemFolder.getAllJavaFiles(FileSystemFolder.java:107)
	at spoon.support.compiler.FileSystemFolder.getAllJavaFiles(FileSystemFolder.java:107)
	at spoon.support.compiler.FileSystemFolder.getAllJavaFiles(FileSystemFolder.java:107)
	at spoon.support.StandardEnvironment.verifySourceClasspath(StandardEnvironment.java:421)
	at spoon.support.StandardEnvironment.setSourceClasspath(StandardEnvironment.java:405)
	at spoon.support.compiler.jdt.JDTBasedSpoonCompiler.setSourceClasspath(JDTBasedSpoonCompiler.java:369)
	at fr.inria.lille.commons.spoon.util.SpoonModelLibrary.modelFor(SpoonModelLibrary.java:38)
	at fr.inria.lille.commons.spoon.SpoonedFile.<init>(SpoonedFile.java:50)
	at fr.inria.lille.commons.spoon.SpoonedClass.<init>(SpoonedClass.java:13)
	at fr.inria.lille.commons.spoon.SpoonedProject.forked(SpoonedProject.java:42)
	at fr.inria.lille.repair.nopol.synth.SynthesizerFactory.getFor(SynthesizerFactory.java:65)
	at fr.inria.lille.repair.nopol.NoPol.solveWithMultipleBuild(NoPol.java:164)
	at fr.inria.lille.repair.nopol.NoPol.build(NoPol.java:119)
	at fr.inria.lille.repair.nopol.NoPol.build(NoPol.java:89)
	at fr.inria.lille.repair.nopol.NoPolLauncher.launch(NoPolLauncher.java:84)
	at fr.inria.lille.repair.Main.main(Main.java:61)

real	34m51.697s
user	174m6.796s
sys	0m42.416s
