Running ant (compile)...................................................... OK
Running ant (compile.tests)................................................ OK
Picked up JAVA_TOOL_OPTIONS: -Dfile.encoding=UTF8
OpenJDK 64-Bit Server VM warning: ignoring option MaxPermSize=1024m; support was removed in 8.0
Exception in thread "pool-25947-thread-1" java.io.IOException: Resource not found: "org/joda/time/tz/data/US/Central" ClassLoader: xxl.java.compiler.BytecodeClassLoader@46367bfb
	at org.joda.time.tz.ZoneInfoProvider.openResource(ZoneInfoProvider.java:102)
	at org.joda.time.tz.ZoneInfoProvider.loadZoneData(ZoneInfoProvider.java:111)
	at org.joda.time.tz.ZoneInfoProvider.getZone(ZoneInfoProvider.java:66)
	at org.joda.time.DateTimeZone.forID(DateTimeZone.java:103)
	at org.joda.time.TestDateTimeZoneCutover.testBug2182444_usCentral(TestDateTimeZoneCutover.java:1176)
	at sun.reflect.NativeMethodAccessorImpl.invoke0(Native Method)
	at sun.reflect.NativeMethodAccessorImpl.invoke(NativeMethodAccessorImpl.java:62)
	at sun.reflect.DelegatingMethodAccessorImpl.invoke(DelegatingMethodAccessorImpl.java:43)
	at java.lang.reflect.Method.invoke(Method.java:498)
	at junit.framework.TestCase.runTest(TestCase.java:176)
	at junit.framework.TestCase.runBare(TestCase.java:141)
	at junit.framework.TestResult$1.protect(TestResult.java:122)
	at junit.framework.TestResult.runProtected(TestResult.java:142)
	at junit.framework.TestResult.run(TestResult.java:125)
	at junit.framework.TestCase.run(TestCase.java:129)
	at junit.framework.TestSuite.runTest(TestSuite.java:255)
	at junit.framework.TestSuite.run(TestSuite.java:250)
	at org.junit.internal.runners.JUnit38ClassRunner.run(JUnit38ClassRunner.java:84)
	at org.junit.runner.JUnitCore.run(JUnitCore.java:160)
	at org.junit.runner.JUnitCore.run(JUnitCore.java:138)
	at xxl.java.junit.JUnitSingleTestResultRunner.call(JUnitSingleTestResultRunner.java:27)
	at xxl.java.junit.JUnitSingleTestResultRunner.call(JUnitSingleTestResultRunner.java:10)
	at java.util.concurrent.FutureTask.run(FutureTask.java:266)
	at java.util.concurrent.ThreadPoolExecutor.runWorker(ThreadPoolExecutor.java:1149)
	at java.util.concurrent.ThreadPoolExecutor$Worker.run(ThreadPoolExecutor.java:624)
	at java.lang.Thread.run(Thread.java:748)
Exception in thread "pool-26074-thread-1" java.io.IOException: Resource not found: "org/joda/time/tz/data/Australia/NSW" ClassLoader: xxl.java.compiler.BytecodeClassLoader@46367bfb
	at org.joda.time.tz.ZoneInfoProvider.openResource(ZoneInfoProvider.java:102)
	at org.joda.time.tz.ZoneInfoProvider.loadZoneData(ZoneInfoProvider.java:111)
	at org.joda.time.tz.ZoneInfoProvider.getZone(ZoneInfoProvider.java:66)
	at org.joda.time.DateTimeZone.forID(DateTimeZone.java:103)
	at org.joda.time.TestDateTimeZoneCutover.testBug2182444_ausNSW(TestDateTimeZoneCutover.java:1195)
	at sun.reflect.NativeMethodAccessorImpl.invoke0(Native Method)
	at sun.reflect.NativeMethodAccessorImpl.invoke(NativeMethodAccessorImpl.java:62)
	at sun.reflect.DelegatingMethodAccessorImpl.invoke(DelegatingMethodAccessorImpl.java:43)
	at java.lang.reflect.Method.invoke(Method.java:498)
	at junit.framework.TestCase.runTest(TestCase.java:176)
	at junit.framework.TestCase.runBare(TestCase.java:141)
	at junit.framework.TestResult$1.protect(TestResult.java:122)
	at junit.framework.TestResult.runProtected(TestResult.java:142)
	at junit.framework.TestResult.run(TestResult.java:125)
	at junit.framework.TestCase.run(TestCase.java:129)
	at junit.framework.TestSuite.runTest(TestSuite.java:255)
	at junit.framework.TestSuite.run(TestSuite.java:250)
	at org.junit.internal.runners.JUnit38ClassRunner.run(JUnit38ClassRunner.java:84)
	at org.junit.runner.JUnitCore.run(JUnitCore.java:160)
	at org.junit.runner.JUnitCore.run(JUnitCore.java:138)
	at xxl.java.junit.JUnitSingleTestResultRunner.call(JUnitSingleTestResultRunner.java:27)
	at xxl.java.junit.JUnitSingleTestResultRunner.call(JUnitSingleTestResultRunner.java:10)
	at java.util.concurrent.FutureTask.run(FutureTask.java:266)
	at java.util.concurrent.ThreadPoolExecutor.runWorker(ThreadPoolExecutor.java:1149)
	at java.util.concurrent.ThreadPoolExecutor$Worker.run(ThreadPoolExecutor.java:624)
	at java.lang.Thread.run(Thread.java:748)
Exception in thread "pool-26377-thread-1" java.io.IOException: Resource not found: "org/joda/time/tz/data/ZoneInfoMap" ClassLoader: xxl.java.compiler.BytecodeClassLoader@614dd491
	at org.joda.time.tz.ZoneInfoProvider.openResource(ZoneInfoProvider.java:102)
	at org.joda.time.tz.ZoneInfoProvider.<init>(ZoneInfoProvider.java:48)
	at org.joda.time.tz.ZoneInfoProvider.<init>(ZoneInfoProvider.java:28)
	at org.joda.time.DateTimeZone.getDefaultProvider(DateTimeZone.java:264)
	at org.joda.time.DateTimeZone.setProvider0(DateTimeZone.java:232)
	at org.joda.time.DateTimeZone.<clinit>(DateTimeZone.java:46)
	at org.joda.time.TestDateTimeZone.<clinit>(TestDateTimeZone.java:70)
	at sun.reflect.NativeMethodAccessorImpl.invoke0(Native Method)
	at sun.reflect.NativeMethodAccessorImpl.invoke(NativeMethodAccessorImpl.java:62)
	at sun.reflect.DelegatingMethodAccessorImpl.invoke(DelegatingMethodAccessorImpl.java:43)
	at java.lang.reflect.Method.invoke(Method.java:498)
	at org.junit.internal.runners.SuiteMethod.testFromSuiteMethod(SuiteMethod.java:35)
	at org.junit.internal.runners.SuiteMethod.<init>(SuiteMethod.java:24)
	at org.junit.internal.builders.SuiteMethodBuilder.runnerForClass(SuiteMethodBuilder.java:11)
	at org.junit.runners.model.RunnerBuilder.safeRunnerForClass(RunnerBuilder.java:59)
	at org.junit.internal.builders.AllDefaultPossibilitiesBuilder.runnerForClass(AllDefaultPossibilitiesBuilder.java:26)
	at org.junit.runners.model.RunnerBuilder.safeRunnerForClass(RunnerBuilder.java:59)
	at org.junit.internal.requests.ClassRequest.getRunner(ClassRequest.java:26)
	at org.junit.internal.requests.FilterRequest.getRunner(FilterRequest.java:31)
	at org.junit.runner.JUnitCore.run(JUnitCore.java:138)
	at xxl.java.junit.JUnitSingleTestRunner.call(JUnitSingleTestRunner.java:23)
	at xxl.java.junit.JUnitSingleTestRunner.call(JUnitSingleTestRunner.java:10)
	at java.util.concurrent.FutureTask.run(FutureTask.java:266)
	at java.util.concurrent.ThreadPoolExecutor.runWorker(ThreadPoolExecutor.java:1149)
	at java.util.concurrent.ThreadPoolExecutor$Worker.run(ThreadPoolExecutor.java:624)
	at java.lang.Thread.run(Thread.java:748)
Exception in thread "pool-26622-thread-1" java.io.IOException: Invalid encoding
	at org.joda.time.tz.DateTimeZoneBuilder$PrecalculatedZone.readFrom(DateTimeZoneBuilder.java:707)
	at org.joda.time.tz.DateTimeZoneBuilder.readFrom(DateTimeZoneBuilder.java:1004)
	at org.joda.time.tz.DateTimeZoneBuilder.readFrom(DateTimeZoneBuilder.java:991)
	at org.joda.time.tz.ZoneInfoProvider.loadZoneData(ZoneInfoProvider.java:106)
	at org.joda.time.tz.ZoneInfoProvider.getZone(ZoneInfoProvider.java:60)
	at org.joda.time.DateTimeZone.forID(DateTimeZone.java:103)
	at org.joda.time.TestDateTimeZone.<clinit>(TestDateTimeZone.java:70)
	at sun.reflect.NativeMethodAccessorImpl.invoke0(Native Method)
	at sun.reflect.NativeMethodAccessorImpl.invoke(NativeMethodAccessorImpl.java:62)
	at sun.reflect.DelegatingMethodAccessorImpl.invoke(DelegatingMethodAccessorImpl.java:43)
	at java.lang.reflect.Method.invoke(Method.java:498)
	at org.junit.internal.runners.SuiteMethod.testFromSuiteMethod(SuiteMethod.java:35)
	at org.junit.internal.runners.SuiteMethod.<init>(SuiteMethod.java:24)
	at org.junit.internal.builders.SuiteMethodBuilder.runnerForClass(SuiteMethodBuilder.java:11)
	at org.junit.runners.model.RunnerBuilder.safeRunnerForClass(RunnerBuilder.java:59)
	at org.junit.internal.builders.AllDefaultPossibilitiesBuilder.runnerForClass(AllDefaultPossibilitiesBuilder.java:26)
	at org.junit.runners.model.RunnerBuilder.safeRunnerForClass(RunnerBuilder.java:59)
	at org.junit.internal.requests.ClassRequest.getRunner(ClassRequest.java:26)
	at org.junit.internal.requests.FilterRequest.getRunner(FilterRequest.java:31)
	at org.junit.runner.JUnitCore.run(JUnitCore.java:138)
	at xxl.java.junit.JUnitSingleTestRunner.call(JUnitSingleTestRunner.java:23)
	at xxl.java.junit.JUnitSingleTestRunner.call(JUnitSingleTestRunner.java:10)
	at java.util.concurrent.FutureTask.run(FutureTask.java:266)
	at java.util.concurrent.ThreadPoolExecutor.runWorker(ThreadPoolExecutor.java:1149)
	at java.util.concurrent.ThreadPoolExecutor$Worker.run(ThreadPoolExecutor.java:624)
	at java.lang.Thread.run(Thread.java:748)
Exception in thread "pool-26743-thread-1" java.io.IOException: Invalid encoding
	at org.joda.time.tz.DateTimeZoneBuilder$PrecalculatedZone.readFrom(DateTimeZoneBuilder.java:701)
	at org.joda.time.tz.DateTimeZoneBuilder.readFrom(DateTimeZoneBuilder.java:998)
	at org.joda.time.tz.DateTimeZoneBuilder.readFrom(DateTimeZoneBuilder.java:985)
	at org.joda.time.tz.ZoneInfoProvider.loadZoneData(ZoneInfoProvider.java:106)
	at org.joda.time.tz.ZoneInfoProvider.getZone(ZoneInfoProvider.java:60)
	at org.joda.time.DateTimeZone.forID(DateTimeZone.java:103)
	at org.joda.time.DateTimeZone.getDefault(DateTimeZone.java:63)
	at org.joda.time.format.TestISODateTimeFormatParsing.setUp(TestISODateTimeFormatParsing.java:51)
	at junit.framework.TestCase.runBare(TestCase.java:139)
	at junit.framework.TestResult$1.protect(TestResult.java:122)
	at junit.framework.TestResult.runProtected(TestResult.java:142)
	at junit.framework.TestResult.run(TestResult.java:125)
	at junit.framework.TestCase.run(TestCase.java:129)
	at junit.framework.TestSuite.runTest(TestSuite.java:255)
	at junit.framework.TestSuite.run(TestSuite.java:250)
	at org.junit.internal.runners.JUnit38ClassRunner.run(JUnit38ClassRunner.java:84)
	at org.junit.runner.JUnitCore.run(JUnitCore.java:160)
	at org.junit.runner.JUnitCore.run(JUnitCore.java:138)
	at xxl.java.junit.JUnitSingleTestResultRunner.call(JUnitSingleTestResultRunner.java:27)
	at xxl.java.junit.JUnitSingleTestResultRunner.call(JUnitSingleTestResultRunner.java:10)
	at java.util.concurrent.FutureTask.run(FutureTask.java:266)
	at java.util.concurrent.ThreadPoolExecutor.runWorker(ThreadPoolExecutor.java:1149)
	at java.util.concurrent.ThreadPoolExecutor$Worker.run(ThreadPoolExecutor.java:624)
	at java.lang.Thread.run(Thread.java:748)
Exception in thread "pool-26743-thread-1" java.io.IOException: Invalid encoding
	at org.joda.time.tz.DateTimeZoneBuilder$PrecalculatedZone.readFrom(DateTimeZoneBuilder.java:701)
	at org.joda.time.tz.DateTimeZoneBuilder.readFrom(DateTimeZoneBuilder.java:998)
	at org.joda.time.tz.DateTimeZoneBuilder.readFrom(DateTimeZoneBuilder.java:985)
	at org.joda.time.tz.ZoneInfoProvider.loadZoneData(ZoneInfoProvider.java:106)
	at org.joda.time.tz.ZoneInfoProvider.getZone(ZoneInfoProvider.java:60)
	at org.joda.time.DateTimeZone.forID(DateTimeZone.java:103)
	at org.joda.time.format.TestISODateTimeFormatParsing.setUp(TestISODateTimeFormatParsing.java:54)
	at junit.framework.TestCase.runBare(TestCase.java:139)
	at junit.framework.TestResult$1.protect(TestResult.java:122)
	at junit.framework.TestResult.runProtected(TestResult.java:142)
	at junit.framework.TestResult.run(TestResult.java:125)
	at junit.framework.TestCase.run(TestCase.java:129)
	at junit.framework.TestSuite.runTest(TestSuite.java:255)
	at junit.framework.TestSuite.run(TestSuite.java:250)
	at org.junit.internal.runners.JUnit38ClassRunner.run(JUnit38ClassRunner.java:84)
	at org.junit.runner.JUnitCore.run(JUnitCore.java:160)
	at org.junit.runner.JUnitCore.run(JUnitCore.java:138)
	at xxl.java.junit.JUnitSingleTestResultRunner.call(JUnitSingleTestResultRunner.java:27)
	at xxl.java.junit.JUnitSingleTestResultRunner.call(JUnitSingleTestResultRunner.java:10)
	at java.util.concurrent.FutureTask.run(FutureTask.java:266)
	at java.util.concurrent.ThreadPoolExecutor.runWorker(ThreadPoolExecutor.java:1149)
	at java.util.concurrent.ThreadPoolExecutor$Worker.run(ThreadPoolExecutor.java:624)
	at java.lang.Thread.run(Thread.java:748)
Exception in thread "pool-26748-thread-1" java.io.IOException: Invalid encoding
	at org.joda.time.tz.DateTimeZoneBuilder$PrecalculatedZone.readFrom(DateTimeZoneBuilder.java:701)
	at org.joda.time.tz.DateTimeZoneBuilder.readFrom(DateTimeZoneBuilder.java:998)
	at org.joda.time.tz.DateTimeZoneBuilder.readFrom(DateTimeZoneBuilder.java:985)
	at org.joda.time.tz.ZoneInfoProvider.loadZoneData(ZoneInfoProvider.java:106)
	at org.joda.time.tz.ZoneInfoProvider.getZone(ZoneInfoProvider.java:60)
	at org.joda.time.DateTimeZone.forID(DateTimeZone.java:103)
	at org.joda.time.TestDateTime_Properties.<clinit>(TestDateTime_Properties.java:37)
	at sun.reflect.NativeMethodAccessorImpl.invoke0(Native Method)
	at sun.reflect.NativeMethodAccessorImpl.invoke(NativeMethodAccessorImpl.java:62)
	at sun.reflect.DelegatingMethodAccessorImpl.invoke(DelegatingMethodAccessorImpl.java:43)
	at java.lang.reflect.Method.invoke(Method.java:498)
	at org.junit.internal.runners.SuiteMethod.testFromSuiteMethod(SuiteMethod.java:35)
	at org.junit.internal.runners.SuiteMethod.<init>(SuiteMethod.java:24)
	at org.junit.internal.builders.SuiteMethodBuilder.runnerForClass(SuiteMethodBuilder.java:11)
	at org.junit.runners.model.RunnerBuilder.safeRunnerForClass(RunnerBuilder.java:59)
	at org.junit.internal.builders.AllDefaultPossibilitiesBuilder.runnerForClass(AllDefaultPossibilitiesBuilder.java:26)
	at org.junit.runners.model.RunnerBuilder.safeRunnerForClass(RunnerBuilder.java:59)
	at org.junit.internal.requests.ClassRequest.getRunner(ClassRequest.java:26)
	at org.junit.internal.requests.FilterRequest.getRunner(FilterRequest.java:31)
	at org.junit.runner.JUnitCore.run(JUnitCore.java:138)
	at xxl.java.junit.JUnitSingleTestResultRunner.call(JUnitSingleTestResultRunner.java:27)
	at xxl.java.junit.JUnitSingleTestResultRunner.call(JUnitSingleTestResultRunner.java:10)
	at java.util.concurrent.FutureTask.run(FutureTask.java:266)
	at java.util.concurrent.ThreadPoolExecutor.runWorker(ThreadPoolExecutor.java:1149)
	at java.util.concurrent.ThreadPoolExecutor$Worker.run(ThreadPoolExecutor.java:624)
	at java.lang.Thread.run(Thread.java:748)
Exception in thread "pool-26766-thread-1" java.io.IOException: Invalid encoding
	at org.joda.time.tz.DateTimeZoneBuilder$PrecalculatedZone.readFrom(DateTimeZoneBuilder.java:701)
	at org.joda.time.tz.DateTimeZoneBuilder.readFrom(DateTimeZoneBuilder.java:998)
	at org.joda.time.tz.DateTimeZoneBuilder.readFrom(DateTimeZoneBuilder.java:985)
	at org.joda.time.tz.ZoneInfoProvider.loadZoneData(ZoneInfoProvider.java:106)
	at org.joda.time.tz.ZoneInfoProvider.getZone(ZoneInfoProvider.java:60)
	at org.joda.time.DateTimeZone.forID(DateTimeZone.java:103)
	at org.joda.time.DateTimeUtils.put(DateTimeUtils.java:61)
	at org.joda.time.DateTimeUtils.<clinit>(DateTimeUtils.java:50)
	at org.joda.time.tz.DateTimeZoneBuilder$RuleSet.<clinit>(DateTimeZoneBuilder.java:387)
	at org.joda.time.tz.DateTimeZoneBuilder.addCutover(DateTimeZoneBuilder.java:1075)
	at org.joda.time.tz.TestBuilder.buildAmericaLosAngelesBuilder(TestBuilder.java:166)
	at org.joda.time.tz.TestBuilder.testSerialization(TestBuilder.java:278)
	at sun.reflect.NativeMethodAccessorImpl.invoke0(Native Method)
	at sun.reflect.NativeMethodAccessorImpl.invoke(NativeMethodAccessorImpl.java:62)
	at sun.reflect.DelegatingMethodAccessorImpl.invoke(DelegatingMethodAccessorImpl.java:43)
	at java.lang.reflect.Method.invoke(Method.java:498)
	at junit.framework.TestCase.runTest(TestCase.java:176)
	at junit.framework.TestCase.runBare(TestCase.java:141)
	at junit.framework.TestResult$1.protect(TestResult.java:122)
	at junit.framework.TestResult.runProtected(TestResult.java:142)
	at junit.framework.TestResult.run(TestResult.java:125)
	at junit.framework.TestCase.run(TestCase.java:129)
	at junit.framework.TestSuite.runTest(TestSuite.java:255)
	at junit.framework.TestSuite.run(TestSuite.java:250)
	at org.junit.internal.runners.JUnit38ClassRunner.run(JUnit38ClassRunner.java:84)
	at org.junit.runner.JUnitCore.run(JUnitCore.java:160)
	at org.junit.runner.JUnitCore.run(JUnitCore.java:138)
	at xxl.java.junit.JUnitSingleTestResultRunner.call(JUnitSingleTestResultRunner.java:27)
	at xxl.java.junit.JUnitSingleTestResultRunner.call(JUnitSingleTestResultRunner.java:10)
	at java.util.concurrent.FutureTask.run(FutureTask.java:266)
	at java.util.concurrent.ThreadPoolExecutor.runWorker(ThreadPoolExecutor.java:1149)
	at java.util.concurrent.ThreadPoolExecutor$Worker.run(ThreadPoolExecutor.java:624)
	at java.lang.Thread.run(Thread.java:748)
Exception in thread "pool-26766-thread-1" java.io.IOException: Invalid encoding
	at org.joda.time.tz.DateTimeZoneBuilder$PrecalculatedZone.readFrom(DateTimeZoneBuilder.java:701)
	at org.joda.time.tz.DateTimeZoneBuilder.readFrom(DateTimeZoneBuilder.java:998)
	at org.joda.time.tz.DateTimeZoneBuilder.readFrom(DateTimeZoneBuilder.java:985)
	at org.joda.time.tz.ZoneInfoProvider.loadZoneData(ZoneInfoProvider.java:106)
	at org.joda.time.tz.ZoneInfoProvider.getZone(ZoneInfoProvider.java:60)
	at org.joda.time.DateTimeZone.forID(DateTimeZone.java:103)
	at org.joda.time.DateTimeUtils.put(DateTimeUtils.java:61)
	at org.joda.time.DateTimeUtils.<clinit>(DateTimeUtils.java:52)
	at org.joda.time.tz.DateTimeZoneBuilder$RuleSet.<clinit>(DateTimeZoneBuilder.java:387)
	at org.joda.time.tz.DateTimeZoneBuilder.addCutover(DateTimeZoneBuilder.java:1075)
	at org.joda.time.tz.TestBuilder.buildAmericaLosAngelesBuilder(TestBuilder.java:166)
	at org.joda.time.tz.TestBuilder.testSerialization(TestBuilder.java:278)
	at sun.reflect.NativeMethodAccessorImpl.invoke0(Native Method)
	at sun.reflect.NativeMethodAccessorImpl.invoke(NativeMethodAccessorImpl.java:62)
	at sun.reflect.DelegatingMethodAccessorImpl.invoke(DelegatingMethodAccessorImpl.java:43)
	at java.lang.reflect.Method.invoke(Method.java:498)
	at junit.framework.TestCase.runTest(TestCase.java:176)
	at junit.framework.TestCase.runBare(TestCase.java:141)
	at junit.framework.TestResult$1.protect(TestResult.java:122)
	at junit.framework.TestResult.runProtected(TestResult.java:142)
	at junit.framework.TestResult.run(TestResult.java:125)
	at junit.framework.TestCase.run(TestCase.java:129)
	at junit.framework.TestSuite.runTest(TestSuite.java:255)
	at junit.framework.TestSuite.run(TestSuite.java:250)
	at org.junit.internal.runners.JUnit38ClassRunner.run(JUnit38ClassRunner.java:84)
	at org.junit.runner.JUnitCore.run(JUnitCore.java:160)
	at org.junit.runner.JUnitCore.run(JUnitCore.java:138)
	at xxl.java.junit.JUnitSingleTestResultRunner.call(JUnitSingleTestResultRunner.java:27)
	at xxl.java.junit.JUnitSingleTestResultRunner.call(JUnitSingleTestResultRunner.java:10)
	at java.util.concurrent.FutureTask.run(FutureTask.java:266)
	at java.util.concurrent.ThreadPoolExecutor.runWorker(ThreadPoolExecutor.java:1149)
	at java.util.concurrent.ThreadPoolExecutor$Worker.run(ThreadPoolExecutor.java:624)
	at java.lang.Thread.run(Thread.java:748)
Exception in thread "pool-26766-thread-1" java.io.IOException: Invalid encoding
	at org.joda.time.tz.DateTimeZoneBuilder$PrecalculatedZone.readFrom(DateTimeZoneBuilder.java:701)
	at org.joda.time.tz.DateTimeZoneBuilder.readFrom(DateTimeZoneBuilder.java:998)
	at org.joda.time.tz.DateTimeZoneBuilder.readFrom(DateTimeZoneBuilder.java:985)
	at org.joda.time.tz.ZoneInfoProvider.loadZoneData(ZoneInfoProvider.java:106)
	at org.joda.time.tz.ZoneInfoProvider.getZone(ZoneInfoProvider.java:60)
	at org.joda.time.DateTimeZone.forID(DateTimeZone.java:103)
	at org.joda.time.DateTimeUtils.put(DateTimeUtils.java:61)
	at org.joda.time.DateTimeUtils.<clinit>(DateTimeUtils.java:54)
	at org.joda.time.tz.DateTimeZoneBuilder$RuleSet.<clinit>(DateTimeZoneBuilder.java:387)
	at org.joda.time.tz.DateTimeZoneBuilder.addCutover(DateTimeZoneBuilder.java:1075)
	at org.joda.time.tz.TestBuilder.buildAmericaLosAngelesBuilder(TestBuilder.java:166)
	at org.joda.time.tz.TestBuilder.testSerialization(TestBuilder.java:278)
	at sun.reflect.NativeMethodAccessorImpl.invoke0(Native Method)
	at sun.reflect.NativeMethodAccessorImpl.invoke(NativeMethodAccessorImpl.java:62)
	at sun.reflect.DelegatingMethodAccessorImpl.invoke(DelegatingMethodAccessorImpl.java:43)
	at java.lang.reflect.Method.invoke(Method.java:498)
	at junit.framework.TestCase.runTest(TestCase.java:176)
	at junit.framework.TestCase.runBare(TestCase.java:141)
	at junit.framework.TestResult$1.protect(TestResult.java:122)
	at junit.framework.TestResult.runProtected(TestResult.java:142)
	at junit.framework.TestResult.run(TestResult.java:125)
	at junit.framework.TestCase.run(TestCase.java:129)
	at junit.framework.TestSuite.runTest(TestSuite.java:255)
	at junit.framework.TestSuite.run(TestSuite.java:250)
	at org.junit.internal.runners.JUnit38ClassRunner.run(JUnit38ClassRunner.java:84)
	at org.junit.runner.JUnitCore.run(JUnitCore.java:160)
	at org.junit.runner.JUnitCore.run(JUnitCore.java:138)
	at xxl.java.junit.JUnitSingleTestResultRunner.call(JUnitSingleTestResultRunner.java:27)
	at xxl.java.junit.JUnitSingleTestResultRunner.call(JUnitSingleTestResultRunner.java:10)
	at java.util.concurrent.FutureTask.run(FutureTask.java:266)
	at java.util.concurrent.ThreadPoolExecutor.runWorker(ThreadPoolExecutor.java:1149)
	at java.util.concurrent.ThreadPoolExecutor$Worker.run(ThreadPoolExecutor.java:624)
	at java.lang.Thread.run(Thread.java:748)
Exception in thread "pool-26767-thread-1" java.io.IOException: Invalid encoding
	at org.joda.time.tz.DateTimeZoneBuilder$PrecalculatedZone.readFrom(DateTimeZoneBuilder.java:701)
	at org.joda.time.tz.DateTimeZoneBuilder.readFrom(DateTimeZoneBuilder.java:998)
	at org.joda.time.tz.DateTimeZoneBuilder.readFrom(DateTimeZoneBuilder.java:985)
	at org.joda.time.tz.ZoneInfoProvider.loadZoneData(ZoneInfoProvider.java:106)
	at org.joda.time.tz.ZoneInfoProvider.getZone(ZoneInfoProvider.java:60)
	at org.joda.time.DateTimeZone.forID(DateTimeZone.java:103)
	at org.joda.time.tz.TestCompiler.test_Amman_2003(TestCompiler.java:197)
	at sun.reflect.NativeMethodAccessorImpl.invoke0(Native Method)
	at sun.reflect.NativeMethodAccessorImpl.invoke(NativeMethodAccessorImpl.java:62)
	at sun.reflect.DelegatingMethodAccessorImpl.invoke(DelegatingMethodAccessorImpl.java:43)
	at java.lang.reflect.Method.invoke(Method.java:498)
	at junit.framework.TestCase.runTest(TestCase.java:176)
	at junit.framework.TestCase.runBare(TestCase.java:141)
	at junit.framework.TestResult$1.protect(TestResult.java:122)
	at junit.framework.TestResult.runProtected(TestResult.java:142)
	at junit.framework.TestResult.run(TestResult.java:125)
	at junit.framework.TestCase.run(TestCase.java:129)
	at junit.framework.TestSuite.runTest(TestSuite.java:255)
	at junit.framework.TestSuite.run(TestSuite.java:250)
	at org.junit.internal.runners.JUnit38ClassRunner.run(JUnit38ClassRunner.java:84)
	at org.junit.runner.JUnitCore.run(JUnitCore.java:160)
	at org.junit.runner.JUnitCore.run(JUnitCore.java:138)
	at xxl.java.junit.JUnitSingleTestResultRunner.call(JUnitSingleTestResultRunner.java:27)
	at xxl.java.junit.JUnitSingleTestResultRunner.call(JUnitSingleTestResultRunner.java:10)
	at java.util.concurrent.FutureTask.run(FutureTask.java:266)
	at java.util.concurrent.ThreadPoolExecutor.runWorker(ThreadPoolExecutor.java:1149)
	at java.util.concurrent.ThreadPoolExecutor$Worker.run(ThreadPoolExecutor.java:624)
	at java.lang.Thread.run(Thread.java:748)
Exception in thread "pool-26800-thread-1" java.io.IOException: Invalid encoding
	at org.joda.time.tz.DateTimeZoneBuilder$PrecalculatedZone.readFrom(DateTimeZoneBuilder.java:709)
	at org.joda.time.tz.DateTimeZoneBuilder.readFrom(DateTimeZoneBuilder.java:1006)
	at org.joda.time.tz.DateTimeZoneBuilder.readFrom(DateTimeZoneBuilder.java:993)
	at org.joda.time.tz.ZoneInfoProvider.loadZoneData(ZoneInfoProvider.java:106)
	at org.joda.time.tz.ZoneInfoProvider.getZone(ZoneInfoProvider.java:60)
	at org.joda.time.DateTimeZone.forID(DateTimeZone.java:103)
	at org.joda.time.TestDateTimeZone.<clinit>(TestDateTimeZone.java:70)
	at sun.reflect.NativeMethodAccessorImpl.invoke0(Native Method)
	at sun.reflect.NativeMethodAccessorImpl.invoke(NativeMethodAccessorImpl.java:62)
	at sun.reflect.DelegatingMethodAccessorImpl.invoke(DelegatingMethodAccessorImpl.java:43)
	at java.lang.reflect.Method.invoke(Method.java:498)
	at org.junit.internal.runners.SuiteMethod.testFromSuiteMethod(SuiteMethod.java:35)
	at org.junit.internal.runners.SuiteMethod.<init>(SuiteMethod.java:24)
	at org.junit.internal.builders.SuiteMethodBuilder.runnerForClass(SuiteMethodBuilder.java:11)
	at org.junit.runners.model.RunnerBuilder.safeRunnerForClass(RunnerBuilder.java:59)
	at org.junit.internal.builders.AllDefaultPossibilitiesBuilder.runnerForClass(AllDefaultPossibilitiesBuilder.java:26)
	at org.junit.runners.model.RunnerBuilder.safeRunnerForClass(RunnerBuilder.java:59)
	at org.junit.internal.requests.ClassRequest.getRunner(ClassRequest.java:26)
	at org.junit.internal.requests.FilterRequest.getRunner(FilterRequest.java:31)
	at org.junit.runner.JUnitCore.run(JUnitCore.java:138)
	at xxl.java.junit.JUnitSingleTestRunner.call(JUnitSingleTestRunner.java:23)
	at xxl.java.junit.JUnitSingleTestRunner.call(JUnitSingleTestRunner.java:10)
	at java.util.concurrent.FutureTask.run(FutureTask.java:266)
	at java.util.concurrent.ThreadPoolExecutor.runWorker(ThreadPoolExecutor.java:1149)
	at java.util.concurrent.ThreadPoolExecutor$Worker.run(ThreadPoolExecutor.java:624)
	at java.lang.Thread.run(Thread.java:748)
Exception in thread "pool-26921-thread-1" java.io.IOException: Invalid encoding
	at org.joda.time.tz.DateTimeZoneBuilder$PrecalculatedZone.readFrom(DateTimeZoneBuilder.java:703)
	at org.joda.time.tz.DateTimeZoneBuilder.readFrom(DateTimeZoneBuilder.java:1000)
	at org.joda.time.tz.DateTimeZoneBuilder.readFrom(DateTimeZoneBuilder.java:987)
	at org.joda.time.tz.ZoneInfoProvider.loadZoneData(ZoneInfoProvider.java:106)
	at org.joda.time.tz.ZoneInfoProvider.getZone(ZoneInfoProvider.java:60)
	at org.joda.time.DateTimeZone.forID(DateTimeZone.java:103)
	at org.joda.time.DateTimeZone.getDefault(DateTimeZone.java:63)
	at org.joda.time.format.TestISODateTimeFormatParsing.setUp(TestISODateTimeFormatParsing.java:51)
	at junit.framework.TestCase.runBare(TestCase.java:139)
	at junit.framework.TestResult$1.protect(TestResult.java:122)
	at junit.framework.TestResult.runProtected(TestResult.java:142)
	at junit.framework.TestResult.run(TestResult.java:125)
	at junit.framework.TestCase.run(TestCase.java:129)
	at junit.framework.TestSuite.runTest(TestSuite.java:255)
	at junit.framework.TestSuite.run(TestSuite.java:250)
	at org.junit.internal.runners.JUnit38ClassRunner.run(JUnit38ClassRunner.java:84)
	at org.junit.runner.JUnitCore.run(JUnitCore.java:160)
	at org.junit.runner.JUnitCore.run(JUnitCore.java:138)
	at xxl.java.junit.JUnitSingleTestResultRunner.call(JUnitSingleTestResultRunner.java:27)
	at xxl.java.junit.JUnitSingleTestResultRunner.call(JUnitSingleTestResultRunner.java:10)
	at java.util.concurrent.FutureTask.run(FutureTask.java:266)
	at java.util.concurrent.ThreadPoolExecutor.runWorker(ThreadPoolExecutor.java:1149)
	at java.util.concurrent.ThreadPoolExecutor$Worker.run(ThreadPoolExecutor.java:624)
	at java.lang.Thread.run(Thread.java:748)
Exception in thread "pool-26921-thread-1" java.io.IOException: Invalid encoding
	at org.joda.time.tz.DateTimeZoneBuilder$PrecalculatedZone.readFrom(DateTimeZoneBuilder.java:703)
	at org.joda.time.tz.DateTimeZoneBuilder.readFrom(DateTimeZoneBuilder.java:1000)
	at org.joda.time.tz.DateTimeZoneBuilder.readFrom(DateTimeZoneBuilder.java:987)
	at org.joda.time.tz.ZoneInfoProvider.loadZoneData(ZoneInfoProvider.java:106)
	at org.joda.time.tz.ZoneInfoProvider.getZone(ZoneInfoProvider.java:60)
	at org.joda.time.DateTimeZone.forID(DateTimeZone.java:103)
	at org.joda.time.format.TestISODateTimeFormatParsing.setUp(TestISODateTimeFormatParsing.java:54)
	at junit.framework.TestCase.runBare(TestCase.java:139)
	at junit.framework.TestResult$1.protect(TestResult.java:122)
	at junit.framework.TestResult.runProtected(TestResult.java:142)
	at junit.framework.TestResult.run(TestResult.java:125)
	at junit.framework.TestCase.run(TestCase.java:129)
	at junit.framework.TestSuite.runTest(TestSuite.java:255)
	at junit.framework.TestSuite.run(TestSuite.java:250)
	at org.junit.internal.runners.JUnit38ClassRunner.run(JUnit38ClassRunner.java:84)
	at org.junit.runner.JUnitCore.run(JUnitCore.java:160)
	at org.junit.runner.JUnitCore.run(JUnitCore.java:138)
	at xxl.java.junit.JUnitSingleTestResultRunner.call(JUnitSingleTestResultRunner.java:27)
	at xxl.java.junit.JUnitSingleTestResultRunner.call(JUnitSingleTestResultRunner.java:10)
	at java.util.concurrent.FutureTask.run(FutureTask.java:266)
	at java.util.concurrent.ThreadPoolExecutor.runWorker(ThreadPoolExecutor.java:1149)
	at java.util.concurrent.ThreadPoolExecutor$Worker.run(ThreadPoolExecutor.java:624)
	at java.lang.Thread.run(Thread.java:748)
Exception in thread "pool-26926-thread-1" java.io.IOException: Invalid encoding
	at org.joda.time.tz.DateTimeZoneBuilder$PrecalculatedZone.readFrom(DateTimeZoneBuilder.java:703)
	at org.joda.time.tz.DateTimeZoneBuilder.readFrom(DateTimeZoneBuilder.java:1000)
	at org.joda.time.tz.DateTimeZoneBuilder.readFrom(DateTimeZoneBuilder.java:987)
	at org.joda.time.tz.ZoneInfoProvider.loadZoneData(ZoneInfoProvider.java:106)
	at org.joda.time.tz.ZoneInfoProvider.getZone(ZoneInfoProvider.java:60)
	at org.joda.time.DateTimeZone.forID(DateTimeZone.java:103)
	at org.joda.time.TestDateTime_Properties.<clinit>(TestDateTime_Properties.java:37)
	at sun.reflect.NativeMethodAccessorImpl.invoke0(Native Method)
	at sun.reflect.NativeMethodAccessorImpl.invoke(NativeMethodAccessorImpl.java:62)
	at sun.reflect.DelegatingMethodAccessorImpl.invoke(DelegatingMethodAccessorImpl.java:43)
	at java.lang.reflect.Method.invoke(Method.java:498)
	at org.junit.internal.runners.SuiteMethod.testFromSuiteMethod(SuiteMethod.java:35)
	at org.junit.internal.runners.SuiteMethod.<init>(SuiteMethod.java:24)
	at org.junit.internal.builders.SuiteMethodBuilder.runnerForClass(SuiteMethodBuilder.java:11)
	at org.junit.runners.model.RunnerBuilder.safeRunnerForClass(RunnerBuilder.java:59)
	at org.junit.internal.builders.AllDefaultPossibilitiesBuilder.runnerForClass(AllDefaultPossibilitiesBuilder.java:26)
	at org.junit.runners.model.RunnerBuilder.safeRunnerForClass(RunnerBuilder.java:59)
	at org.junit.internal.requests.ClassRequest.getRunner(ClassRequest.java:26)
	at org.junit.internal.requests.FilterRequest.getRunner(FilterRequest.java:31)
	at org.junit.runner.JUnitCore.run(JUnitCore.java:138)
	at xxl.java.junit.JUnitSingleTestResultRunner.call(JUnitSingleTestResultRunner.java:27)
	at xxl.java.junit.JUnitSingleTestResultRunner.call(JUnitSingleTestResultRunner.java:10)
	at java.util.concurrent.FutureTask.run(FutureTask.java:266)
	at java.util.concurrent.ThreadPoolExecutor.runWorker(ThreadPoolExecutor.java:1149)
	at java.util.concurrent.ThreadPoolExecutor$Worker.run(ThreadPoolExecutor.java:624)
	at java.lang.Thread.run(Thread.java:748)
Exception in thread "pool-26944-thread-1" java.io.IOException: Invalid encoding
	at org.joda.time.tz.DateTimeZoneBuilder$PrecalculatedZone.readFrom(DateTimeZoneBuilder.java:703)
	at org.joda.time.tz.DateTimeZoneBuilder.readFrom(DateTimeZoneBuilder.java:1000)
	at org.joda.time.tz.DateTimeZoneBuilder.readFrom(DateTimeZoneBuilder.java:987)
	at org.joda.time.tz.ZoneInfoProvider.loadZoneData(ZoneInfoProvider.java:106)
	at org.joda.time.tz.ZoneInfoProvider.getZone(ZoneInfoProvider.java:60)
	at org.joda.time.DateTimeZone.forID(DateTimeZone.java:103)
	at org.joda.time.DateTimeUtils.put(DateTimeUtils.java:61)
	at org.joda.time.DateTimeUtils.<clinit>(DateTimeUtils.java:50)
	at org.joda.time.tz.DateTimeZoneBuilder$RuleSet.<clinit>(DateTimeZoneBuilder.java:387)
	at org.joda.time.tz.DateTimeZoneBuilder.addCutover(DateTimeZoneBuilder.java:1077)
	at org.joda.time.tz.TestBuilder.buildAmericaLosAngelesBuilder(TestBuilder.java:166)
	at org.joda.time.tz.TestBuilder.testSerialization(TestBuilder.java:278)
	at sun.reflect.NativeMethodAccessorImpl.invoke0(Native Method)
	at sun.reflect.NativeMethodAccessorImpl.invoke(NativeMethodAccessorImpl.java:62)
	at sun.reflect.DelegatingMethodAccessorImpl.invoke(DelegatingMethodAccessorImpl.java:43)
	at java.lang.reflect.Method.invoke(Method.java:498)
	at junit.framework.TestCase.runTest(TestCase.java:176)
	at junit.framework.TestCase.runBare(TestCase.java:141)
	at junit.framework.TestResult$1.protect(TestResult.java:122)
	at junit.framework.TestResult.runProtected(TestResult.java:142)
	at junit.framework.TestResult.run(TestResult.java:125)
	at junit.framework.TestCase.run(TestCase.java:129)
	at junit.framework.TestSuite.runTest(TestSuite.java:255)
	at junit.framework.TestSuite.run(TestSuite.java:250)
	at org.junit.internal.runners.JUnit38ClassRunner.run(JUnit38ClassRunner.java:84)
	at org.junit.runner.JUnitCore.run(JUnitCore.java:160)
	at org.junit.runner.JUnitCore.run(JUnitCore.java:138)
	at xxl.java.junit.JUnitSingleTestResultRunner.call(JUnitSingleTestResultRunner.java:27)
	at xxl.java.junit.JUnitSingleTestResultRunner.call(JUnitSingleTestResultRunner.java:10)
	at java.util.concurrent.FutureTask.run(FutureTask.java:266)
	at java.util.concurrent.ThreadPoolExecutor.runWorker(ThreadPoolExecutor.java:1149)
	at java.util.concurrent.ThreadPoolExecutor$Worker.run(ThreadPoolExecutor.java:624)
	at java.lang.Thread.run(Thread.java:748)
Exception in thread "pool-26944-thread-1" java.io.IOException: Invalid encoding
	at org.joda.time.tz.DateTimeZoneBuilder$PrecalculatedZone.readFrom(DateTimeZoneBuilder.java:703)
	at org.joda.time.tz.DateTimeZoneBuilder.readFrom(DateTimeZoneBuilder.java:1000)
	at org.joda.time.tz.DateTimeZoneBuilder.readFrom(DateTimeZoneBuilder.java:987)
	at org.joda.time.tz.ZoneInfoProvider.loadZoneData(ZoneInfoProvider.java:106)
	at org.joda.time.tz.ZoneInfoProvider.getZone(ZoneInfoProvider.java:60)
	at org.joda.time.DateTimeZone.forID(DateTimeZone.java:103)
	at org.joda.time.DateTimeUtils.put(DateTimeUtils.java:61)
	at org.joda.time.DateTimeUtils.<clinit>(DateTimeUtils.java:52)
	at org.joda.time.tz.DateTimeZoneBuilder$RuleSet.<clinit>(DateTimeZoneBuilder.java:387)
	at org.joda.time.tz.DateTimeZoneBuilder.addCutover(DateTimeZoneBuilder.java:1077)
	at org.joda.time.tz.TestBuilder.buildAmericaLosAngelesBuilder(TestBuilder.java:166)
	at org.joda.time.tz.TestBuilder.testSerialization(TestBuilder.java:278)
	at sun.reflect.NativeMethodAccessorImpl.invoke0(Native Method)
	at sun.reflect.NativeMethodAccessorImpl.invoke(NativeMethodAccessorImpl.java:62)
	at sun.reflect.DelegatingMethodAccessorImpl.invoke(DelegatingMethodAccessorImpl.java:43)
	at java.lang.reflect.Method.invoke(Method.java:498)
	at junit.framework.TestCase.runTest(TestCase.java:176)
	at junit.framework.TestCase.runBare(TestCase.java:141)
	at junit.framework.TestResult$1.protect(TestResult.java:122)
	at junit.framework.TestResult.runProtected(TestResult.java:142)
	at junit.framework.TestResult.run(TestResult.java:125)
	at junit.framework.TestCase.run(TestCase.java:129)
	at junit.framework.TestSuite.runTest(TestSuite.java:255)
	at junit.framework.TestSuite.run(TestSuite.java:250)
	at org.junit.internal.runners.JUnit38ClassRunner.run(JUnit38ClassRunner.java:84)
	at org.junit.runner.JUnitCore.run(JUnitCore.java:160)
	at org.junit.runner.JUnitCore.run(JUnitCore.java:138)
	at xxl.java.junit.JUnitSingleTestResultRunner.call(JUnitSingleTestResultRunner.java:27)
	at xxl.java.junit.JUnitSingleTestResultRunner.call(JUnitSingleTestResultRunner.java:10)
	at java.util.concurrent.FutureTask.run(FutureTask.java:266)
	at java.util.concurrent.ThreadPoolExecutor.runWorker(ThreadPoolExecutor.java:1149)
	at java.util.concurrent.ThreadPoolExecutor$Worker.run(ThreadPoolExecutor.java:624)
	at java.lang.Thread.run(Thread.java:748)
Exception in thread "pool-26944-thread-1" java.io.IOException: Invalid encoding
	at org.joda.time.tz.DateTimeZoneBuilder$PrecalculatedZone.readFrom(DateTimeZoneBuilder.java:703)
	at org.joda.time.tz.DateTimeZoneBuilder.readFrom(DateTimeZoneBuilder.java:1000)
	at org.joda.time.tz.DateTimeZoneBuilder.readFrom(DateTimeZoneBuilder.java:987)
	at org.joda.time.tz.ZoneInfoProvider.loadZoneData(ZoneInfoProvider.java:106)
	at org.joda.time.tz.ZoneInfoProvider.getZone(ZoneInfoProvider.java:60)
	at org.joda.time.DateTimeZone.forID(DateTimeZone.java:103)
	at org.joda.time.DateTimeUtils.put(DateTimeUtils.java:61)
	at org.joda.time.DateTimeUtils.<clinit>(DateTimeUtils.java:54)
	at org.joda.time.tz.DateTimeZoneBuilder$RuleSet.<clinit>(DateTimeZoneBuilder.java:387)
	at org.joda.time.tz.DateTimeZoneBuilder.addCutover(DateTimeZoneBuilder.java:1077)
	at org.joda.time.tz.TestBuilder.buildAmericaLosAngelesBuilder(TestBuilder.java:166)
	at org.joda.time.tz.TestBuilder.testSerialization(TestBuilder.java:278)
	at sun.reflect.NativeMethodAccessorImpl.invoke0(Native Method)
	at sun.reflect.NativeMethodAccessorImpl.invoke(NativeMethodAccessorImpl.java:62)
	at sun.reflect.DelegatingMethodAccessorImpl.invoke(DelegatingMethodAccessorImpl.java:43)
	at java.lang.reflect.Method.invoke(Method.java:498)
	at junit.framework.TestCase.runTest(TestCase.java:176)
	at junit.framework.TestCase.runBare(TestCase.java:141)
	at junit.framework.TestResult$1.protect(TestResult.java:122)
	at junit.framework.TestResult.runProtected(TestResult.java:142)
	at junit.framework.TestResult.run(TestResult.java:125)
	at junit.framework.TestCase.run(TestCase.java:129)
	at junit.framework.TestSuite.runTest(TestSuite.java:255)
	at junit.framework.TestSuite.run(TestSuite.java:250)
	at org.junit.internal.runners.JUnit38ClassRunner.run(JUnit38ClassRunner.java:84)
	at org.junit.runner.JUnitCore.run(JUnitCore.java:160)
	at org.junit.runner.JUnitCore.run(JUnitCore.java:138)
	at xxl.java.junit.JUnitSingleTestResultRunner.call(JUnitSingleTestResultRunner.java:27)
	at xxl.java.junit.JUnitSingleTestResultRunner.call(JUnitSingleTestResultRunner.java:10)
	at java.util.concurrent.FutureTask.run(FutureTask.java:266)
	at java.util.concurrent.ThreadPoolExecutor.runWorker(ThreadPoolExecutor.java:1149)
	at java.util.concurrent.ThreadPoolExecutor$Worker.run(ThreadPoolExecutor.java:624)
	at java.lang.Thread.run(Thread.java:748)
Exception in thread "pool-26945-thread-1" java.io.IOException: Invalid encoding
	at org.joda.time.tz.DateTimeZoneBuilder$PrecalculatedZone.readFrom(DateTimeZoneBuilder.java:703)
	at org.joda.time.tz.DateTimeZoneBuilder.readFrom(DateTimeZoneBuilder.java:1000)
	at org.joda.time.tz.DateTimeZoneBuilder.readFrom(DateTimeZoneBuilder.java:987)
	at org.joda.time.tz.ZoneInfoProvider.loadZoneData(ZoneInfoProvider.java:106)
	at org.joda.time.tz.ZoneInfoProvider.getZone(ZoneInfoProvider.java:60)
	at org.joda.time.DateTimeZone.forID(DateTimeZone.java:103)
	at org.joda.time.tz.TestCompiler.test_Amman_2003(TestCompiler.java:197)
	at sun.reflect.NativeMethodAccessorImpl.invoke0(Native Method)
	at sun.reflect.NativeMethodAccessorImpl.invoke(NativeMethodAccessorImpl.java:62)
	at sun.reflect.DelegatingMethodAccessorImpl.invoke(DelegatingMethodAccessorImpl.java:43)
	at java.lang.reflect.Method.invoke(Method.java:498)
	at junit.framework.TestCase.runTest(TestCase.java:176)
	at junit.framework.TestCase.runBare(TestCase.java:141)
	at junit.framework.TestResult$1.protect(TestResult.java:122)
	at junit.framework.TestResult.runProtected(TestResult.java:142)
	at junit.framework.TestResult.run(TestResult.java:125)
	at junit.framework.TestCase.run(TestCase.java:129)
	at junit.framework.TestSuite.runTest(TestSuite.java:255)
	at junit.framework.TestSuite.run(TestSuite.java:250)
	at org.junit.internal.runners.JUnit38ClassRunner.run(JUnit38ClassRunner.java:84)
	at org.junit.runner.JUnitCore.run(JUnitCore.java:160)
	at org.junit.runner.JUnitCore.run(JUnitCore.java:138)
	at xxl.java.junit.JUnitSingleTestResultRunner.call(JUnitSingleTestResultRunner.java:27)
	at xxl.java.junit.JUnitSingleTestResultRunner.call(JUnitSingleTestResultRunner.java:10)
	at java.util.concurrent.FutureTask.run(FutureTask.java:266)
	at java.util.concurrent.ThreadPoolExecutor.runWorker(ThreadPoolExecutor.java:1149)
	at java.util.concurrent.ThreadPoolExecutor$Worker.run(ThreadPoolExecutor.java:624)
	at java.lang.Thread.run(Thread.java:748)
Exception in thread "pool-26978-thread-1" java.io.IOException: Invalid encoding
	at org.joda.time.tz.DateTimeZoneBuilder$PrecalculatedZone.readFrom(DateTimeZoneBuilder.java:709)
	at org.joda.time.tz.DateTimeZoneBuilder.readFrom(DateTimeZoneBuilder.java:1006)
	at org.joda.time.tz.DateTimeZoneBuilder.readFrom(DateTimeZoneBuilder.java:993)
	at org.joda.time.tz.ZoneInfoProvider.loadZoneData(ZoneInfoProvider.java:106)
	at org.joda.time.tz.ZoneInfoProvider.getZone(ZoneInfoProvider.java:60)
	at org.joda.time.DateTimeZone.forID(DateTimeZone.java:103)
	at org.joda.time.TestDateTimeZone.<clinit>(TestDateTimeZone.java:70)
	at sun.reflect.NativeMethodAccessorImpl.invoke0(Native Method)
	at sun.reflect.NativeMethodAccessorImpl.invoke(NativeMethodAccessorImpl.java:62)
	at sun.reflect.DelegatingMethodAccessorImpl.invoke(DelegatingMethodAccessorImpl.java:43)
	at java.lang.reflect.Method.invoke(Method.java:498)
	at org.junit.internal.runners.SuiteMethod.testFromSuiteMethod(SuiteMethod.java:35)
	at org.junit.internal.runners.SuiteMethod.<init>(SuiteMethod.java:24)
	at org.junit.internal.builders.SuiteMethodBuilder.runnerForClass(SuiteMethodBuilder.java:11)
	at org.junit.runners.model.RunnerBuilder.safeRunnerForClass(RunnerBuilder.java:59)
	at org.junit.internal.builders.AllDefaultPossibilitiesBuilder.runnerForClass(AllDefaultPossibilitiesBuilder.java:26)
	at org.junit.runners.model.RunnerBuilder.safeRunnerForClass(RunnerBuilder.java:59)
	at org.junit.internal.requests.ClassRequest.getRunner(ClassRequest.java:26)
	at org.junit.internal.requests.FilterRequest.getRunner(FilterRequest.java:31)
	at org.junit.runner.JUnitCore.run(JUnitCore.java:138)
	at xxl.java.junit.JUnitSingleTestRunner.call(JUnitSingleTestRunner.java:23)
	at xxl.java.junit.JUnitSingleTestRunner.call(JUnitSingleTestRunner.java:10)
	at java.util.concurrent.FutureTask.run(FutureTask.java:266)
	at java.util.concurrent.ThreadPoolExecutor.runWorker(ThreadPoolExecutor.java:1149)
	at java.util.concurrent.ThreadPoolExecutor$Worker.run(ThreadPoolExecutor.java:624)
	at java.lang.Thread.run(Thread.java:748)
Exception in thread "pool-27099-thread-1" java.io.IOException: Invalid encoding
	at org.joda.time.tz.DateTimeZoneBuilder$PrecalculatedZone.readFrom(DateTimeZoneBuilder.java:703)
	at org.joda.time.tz.DateTimeZoneBuilder.readFrom(DateTimeZoneBuilder.java:1000)
	at org.joda.time.tz.DateTimeZoneBuilder.readFrom(DateTimeZoneBuilder.java:987)
	at org.joda.time.tz.ZoneInfoProvider.loadZoneData(ZoneInfoProvider.java:106)
	at org.joda.time.tz.ZoneInfoProvider.getZone(ZoneInfoProvider.java:60)
	at org.joda.time.DateTimeZone.forID(DateTimeZone.java:103)
	at org.joda.time.DateTimeZone.getDefault(DateTimeZone.java:63)
	at org.joda.time.format.TestISODateTimeFormatParsing.setUp(TestISODateTimeFormatParsing.java:51)
	at junit.framework.TestCase.runBare(TestCase.java:139)
	at junit.framework.TestResult$1.protect(TestResult.java:122)
	at junit.framework.TestResult.runProtected(TestResult.java:142)
	at junit.framework.TestResult.run(TestResult.java:125)
	at junit.framework.TestCase.run(TestCase.java:129)
	at junit.framework.TestSuite.runTest(TestSuite.java:255)
	at junit.framework.TestSuite.run(TestSuite.java:250)
	at org.junit.internal.runners.JUnit38ClassRunner.run(JUnit38ClassRunner.java:84)
	at org.junit.runner.JUnitCore.run(JUnitCore.java:160)
	at org.junit.runner.JUnitCore.run(JUnitCore.java:138)
	at xxl.java.junit.JUnitSingleTestResultRunner.call(JUnitSingleTestResultRunner.java:27)
	at xxl.java.junit.JUnitSingleTestResultRunner.call(JUnitSingleTestResultRunner.java:10)
	at java.util.concurrent.FutureTask.run(FutureTask.java:266)
	at java.util.concurrent.ThreadPoolExecutor.runWorker(ThreadPoolExecutor.java:1149)
	at java.util.concurrent.ThreadPoolExecutor$Worker.run(ThreadPoolExecutor.java:624)
	at java.lang.Thread.run(Thread.java:748)
Exception in thread "pool-27099-thread-1" java.io.IOException: Invalid encoding
	at org.joda.time.tz.DateTimeZoneBuilder$PrecalculatedZone.readFrom(DateTimeZoneBuilder.java:703)
	at org.joda.time.tz.DateTimeZoneBuilder.readFrom(DateTimeZoneBuilder.java:1000)
	at org.joda.time.tz.DateTimeZoneBuilder.readFrom(DateTimeZoneBuilder.java:987)
	at org.joda.time.tz.ZoneInfoProvider.loadZoneData(ZoneInfoProvider.java:106)
	at org.joda.time.tz.ZoneInfoProvider.getZone(ZoneInfoProvider.java:60)
	at org.joda.time.DateTimeZone.forID(DateTimeZone.java:103)
	at org.joda.time.format.TestISODateTimeFormatParsing.setUp(TestISODateTimeFormatParsing.java:54)
	at junit.framework.TestCase.runBare(TestCase.java:139)
	at junit.framework.TestResult$1.protect(TestResult.java:122)
	at junit.framework.TestResult.runProtected(TestResult.java:142)
	at junit.framework.TestResult.run(TestResult.java:125)
	at junit.framework.TestCase.run(TestCase.java:129)
	at junit.framework.TestSuite.runTest(TestSuite.java:255)
	at junit.framework.TestSuite.run(TestSuite.java:250)
	at org.junit.internal.runners.JUnit38ClassRunner.run(JUnit38ClassRunner.java:84)
	at org.junit.runner.JUnitCore.run(JUnitCore.java:160)
	at org.junit.runner.JUnitCore.run(JUnitCore.java:138)
	at xxl.java.junit.JUnitSingleTestResultRunner.call(JUnitSingleTestResultRunner.java:27)
	at xxl.java.junit.JUnitSingleTestResultRunner.call(JUnitSingleTestResultRunner.java:10)
	at java.util.concurrent.FutureTask.run(FutureTask.java:266)
	at java.util.concurrent.ThreadPoolExecutor.runWorker(ThreadPoolExecutor.java:1149)
	at java.util.concurrent.ThreadPoolExecutor$Worker.run(ThreadPoolExecutor.java:624)
	at java.lang.Thread.run(Thread.java:748)
Exception in thread "pool-27104-thread-1" java.io.IOException: Invalid encoding
	at org.joda.time.tz.DateTimeZoneBuilder$PrecalculatedZone.readFrom(DateTimeZoneBuilder.java:703)
	at org.joda.time.tz.DateTimeZoneBuilder.readFrom(DateTimeZoneBuilder.java:1000)
	at org.joda.time.tz.DateTimeZoneBuilder.readFrom(DateTimeZoneBuilder.java:987)
	at org.joda.time.tz.ZoneInfoProvider.loadZoneData(ZoneInfoProvider.java:106)
	at org.joda.time.tz.ZoneInfoProvider.getZone(ZoneInfoProvider.java:60)
	at org.joda.time.DateTimeZone.forID(DateTimeZone.java:103)
	at org.joda.time.TestDateTime_Properties.<clinit>(TestDateTime_Properties.java:37)
	at sun.reflect.NativeMethodAccessorImpl.invoke0(Native Method)
	at sun.reflect.NativeMethodAccessorImpl.invoke(NativeMethodAccessorImpl.java:62)
	at sun.reflect.DelegatingMethodAccessorImpl.invoke(DelegatingMethodAccessorImpl.java:43)
	at java.lang.reflect.Method.invoke(Method.java:498)
	at org.junit.internal.runners.SuiteMethod.testFromSuiteMethod(SuiteMethod.java:35)
	at org.junit.internal.runners.SuiteMethod.<init>(SuiteMethod.java:24)
	at org.junit.internal.builders.SuiteMethodBuilder.runnerForClass(SuiteMethodBuilder.java:11)
	at org.junit.runners.model.RunnerBuilder.safeRunnerForClass(RunnerBuilder.java:59)
	at org.junit.internal.builders.AllDefaultPossibilitiesBuilder.runnerForClass(AllDefaultPossibilitiesBuilder.java:26)
	at org.junit.runners.model.RunnerBuilder.safeRunnerForClass(RunnerBuilder.java:59)
	at org.junit.internal.requests.ClassRequest.getRunner(ClassRequest.java:26)
	at org.junit.internal.requests.FilterRequest.getRunner(FilterRequest.java:31)
	at org.junit.runner.JUnitCore.run(JUnitCore.java:138)
	at xxl.java.junit.JUnitSingleTestResultRunner.call(JUnitSingleTestResultRunner.java:27)
	at xxl.java.junit.JUnitSingleTestResultRunner.call(JUnitSingleTestResultRunner.java:10)
	at java.util.concurrent.FutureTask.run(FutureTask.java:266)
	at java.util.concurrent.ThreadPoolExecutor.runWorker(ThreadPoolExecutor.java:1149)
	at java.util.concurrent.ThreadPoolExecutor$Worker.run(ThreadPoolExecutor.java:624)
	at java.lang.Thread.run(Thread.java:748)
Exception in thread "pool-27122-thread-1" java.io.IOException: Invalid encoding
	at org.joda.time.tz.DateTimeZoneBuilder$PrecalculatedZone.readFrom(DateTimeZoneBuilder.java:703)
	at org.joda.time.tz.DateTimeZoneBuilder.readFrom(DateTimeZoneBuilder.java:1000)
	at org.joda.time.tz.DateTimeZoneBuilder.readFrom(DateTimeZoneBuilder.java:987)
	at org.joda.time.tz.ZoneInfoProvider.loadZoneData(ZoneInfoProvider.java:106)
	at org.joda.time.tz.ZoneInfoProvider.getZone(ZoneInfoProvider.java:60)
	at org.joda.time.DateTimeZone.forID(DateTimeZone.java:103)
	at org.joda.time.DateTimeUtils.put(DateTimeUtils.java:61)
	at org.joda.time.DateTimeUtils.<clinit>(DateTimeUtils.java:50)
	at org.joda.time.tz.DateTimeZoneBuilder$RuleSet.<clinit>(DateTimeZoneBuilder.java:387)
	at org.joda.time.tz.DateTimeZoneBuilder.addCutover(DateTimeZoneBuilder.java:1077)
	at org.joda.time.tz.TestBuilder.buildAmericaLosAngelesBuilder(TestBuilder.java:166)
	at org.joda.time.tz.TestBuilder.testSerialization(TestBuilder.java:278)
	at sun.reflect.NativeMethodAccessorImpl.invoke0(Native Method)
	at sun.reflect.NativeMethodAccessorImpl.invoke(NativeMethodAccessorImpl.java:62)
	at sun.reflect.DelegatingMethodAccessorImpl.invoke(DelegatingMethodAccessorImpl.java:43)
	at java.lang.reflect.Method.invoke(Method.java:498)
	at junit.framework.TestCase.runTest(TestCase.java:176)
	at junit.framework.TestCase.runBare(TestCase.java:141)
	at junit.framework.TestResult$1.protect(TestResult.java:122)
	at junit.framework.TestResult.runProtected(TestResult.java:142)
	at junit.framework.TestResult.run(TestResult.java:125)
	at junit.framework.TestCase.run(TestCase.java:129)
	at junit.framework.TestSuite.runTest(TestSuite.java:255)
	at junit.framework.TestSuite.run(TestSuite.java:250)
	at org.junit.internal.runners.JUnit38ClassRunner.run(JUnit38ClassRunner.java:84)
	at org.junit.runner.JUnitCore.run(JUnitCore.java:160)
	at org.junit.runner.JUnitCore.run(JUnitCore.java:138)
	at xxl.java.junit.JUnitSingleTestResultRunner.call(JUnitSingleTestResultRunner.java:27)
	at xxl.java.junit.JUnitSingleTestResultRunner.call(JUnitSingleTestResultRunner.java:10)
	at java.util.concurrent.FutureTask.run(FutureTask.java:266)
	at java.util.concurrent.ThreadPoolExecutor.runWorker(ThreadPoolExecutor.java:1149)
	at java.util.concurrent.ThreadPoolExecutor$Worker.run(ThreadPoolExecutor.java:624)
	at java.lang.Thread.run(Thread.java:748)
Exception in thread "pool-27122-thread-1" java.io.IOException: Invalid encoding
	at org.joda.time.tz.DateTimeZoneBuilder$PrecalculatedZone.readFrom(DateTimeZoneBuilder.java:703)
	at org.joda.time.tz.DateTimeZoneBuilder.readFrom(DateTimeZoneBuilder.java:1000)
	at org.joda.time.tz.DateTimeZoneBuilder.readFrom(DateTimeZoneBuilder.java:987)
	at org.joda.time.tz.ZoneInfoProvider.loadZoneData(ZoneInfoProvider.java:106)
	at org.joda.time.tz.ZoneInfoProvider.getZone(ZoneInfoProvider.java:60)
	at org.joda.time.DateTimeZone.forID(DateTimeZone.java:103)
	at org.joda.time.DateTimeUtils.put(DateTimeUtils.java:61)
	at org.joda.time.DateTimeUtils.<clinit>(DateTimeUtils.java:52)
	at org.joda.time.tz.DateTimeZoneBuilder$RuleSet.<clinit>(DateTimeZoneBuilder.java:387)
	at org.joda.time.tz.DateTimeZoneBuilder.addCutover(DateTimeZoneBuilder.java:1077)
	at org.joda.time.tz.TestBuilder.buildAmericaLosAngelesBuilder(TestBuilder.java:166)
	at org.joda.time.tz.TestBuilder.testSerialization(TestBuilder.java:278)
	at sun.reflect.NativeMethodAccessorImpl.invoke0(Native Method)
	at sun.reflect.NativeMethodAccessorImpl.invoke(NativeMethodAccessorImpl.java:62)
	at sun.reflect.DelegatingMethodAccessorImpl.invoke(DelegatingMethodAccessorImpl.java:43)
	at java.lang.reflect.Method.invoke(Method.java:498)
	at junit.framework.TestCase.runTest(TestCase.java:176)
	at junit.framework.TestCase.runBare(TestCase.java:141)
	at junit.framework.TestResult$1.protect(TestResult.java:122)
	at junit.framework.TestResult.runProtected(TestResult.java:142)
	at junit.framework.TestResult.run(TestResult.java:125)
	at junit.framework.TestCase.run(TestCase.java:129)
	at junit.framework.TestSuite.runTest(TestSuite.java:255)
	at junit.framework.TestSuite.run(TestSuite.java:250)
	at org.junit.internal.runners.JUnit38ClassRunner.run(JUnit38ClassRunner.java:84)
	at org.junit.runner.JUnitCore.run(JUnitCore.java:160)
	at org.junit.runner.JUnitCore.run(JUnitCore.java:138)
	at xxl.java.junit.JUnitSingleTestResultRunner.call(JUnitSingleTestResultRunner.java:27)
	at xxl.java.junit.JUnitSingleTestResultRunner.call(JUnitSingleTestResultRunner.java:10)
	at java.util.concurrent.FutureTask.run(FutureTask.java:266)
	at java.util.concurrent.ThreadPoolExecutor.runWorker(ThreadPoolExecutor.java:1149)
	at java.util.concurrent.ThreadPoolExecutor$Worker.run(ThreadPoolExecutor.java:624)
	at java.lang.Thread.run(Thread.java:748)
Exception in thread "pool-27122-thread-1" java.io.IOException: Invalid encoding
	at org.joda.time.tz.DateTimeZoneBuilder$PrecalculatedZone.readFrom(DateTimeZoneBuilder.java:703)
	at org.joda.time.tz.DateTimeZoneBuilder.readFrom(DateTimeZoneBuilder.java:1000)
	at org.joda.time.tz.DateTimeZoneBuilder.readFrom(DateTimeZoneBuilder.java:987)
	at org.joda.time.tz.ZoneInfoProvider.loadZoneData(ZoneInfoProvider.java:106)
	at org.joda.time.tz.ZoneInfoProvider.getZone(ZoneInfoProvider.java:60)
	at org.joda.time.DateTimeZone.forID(DateTimeZone.java:103)
	at org.joda.time.DateTimeUtils.put(DateTimeUtils.java:61)
	at org.joda.time.DateTimeUtils.<clinit>(DateTimeUtils.java:54)
	at org.joda.time.tz.DateTimeZoneBuilder$RuleSet.<clinit>(DateTimeZoneBuilder.java:387)
	at org.joda.time.tz.DateTimeZoneBuilder.addCutover(DateTimeZoneBuilder.java:1077)
	at org.joda.time.tz.TestBuilder.buildAmericaLosAngelesBuilder(TestBuilder.java:166)
	at org.joda.time.tz.TestBuilder.testSerialization(TestBuilder.java:278)
	at sun.reflect.NativeMethodAccessorImpl.invoke0(Native Method)
	at sun.reflect.NativeMethodAccessorImpl.invoke(NativeMethodAccessorImpl.java:62)
	at sun.reflect.DelegatingMethodAccessorImpl.invoke(DelegatingMethodAccessorImpl.java:43)
	at java.lang.reflect.Method.invoke(Method.java:498)
	at junit.framework.TestCase.runTest(TestCase.java:176)
	at junit.framework.TestCase.runBare(TestCase.java:141)
	at junit.framework.TestResult$1.protect(TestResult.java:122)
	at junit.framework.TestResult.runProtected(TestResult.java:142)
	at junit.framework.TestResult.run(TestResult.java:125)
	at junit.framework.TestCase.run(TestCase.java:129)
	at junit.framework.TestSuite.runTest(TestSuite.java:255)
	at junit.framework.TestSuite.run(TestSuite.java:250)
	at org.junit.internal.runners.JUnit38ClassRunner.run(JUnit38ClassRunner.java:84)
	at org.junit.runner.JUnitCore.run(JUnitCore.java:160)
	at org.junit.runner.JUnitCore.run(JUnitCore.java:138)
	at xxl.java.junit.JUnitSingleTestResultRunner.call(JUnitSingleTestResultRunner.java:27)
	at xxl.java.junit.JUnitSingleTestResultRunner.call(JUnitSingleTestResultRunner.java:10)
	at java.util.concurrent.FutureTask.run(FutureTask.java:266)
	at java.util.concurrent.ThreadPoolExecutor.runWorker(ThreadPoolExecutor.java:1149)
	at java.util.concurrent.ThreadPoolExecutor$Worker.run(ThreadPoolExecutor.java:624)
	at java.lang.Thread.run(Thread.java:748)
Exception in thread "pool-27123-thread-1" java.io.IOException: Invalid encoding
	at org.joda.time.tz.DateTimeZoneBuilder$PrecalculatedZone.readFrom(DateTimeZoneBuilder.java:703)
	at org.joda.time.tz.DateTimeZoneBuilder.readFrom(DateTimeZoneBuilder.java:1000)
	at org.joda.time.tz.DateTimeZoneBuilder.readFrom(DateTimeZoneBuilder.java:987)
	at org.joda.time.tz.ZoneInfoProvider.loadZoneData(ZoneInfoProvider.java:106)
	at org.joda.time.tz.ZoneInfoProvider.getZone(ZoneInfoProvider.java:60)
	at org.joda.time.DateTimeZone.forID(DateTimeZone.java:103)
	at org.joda.time.tz.TestCompiler.test_Amman_2003(TestCompiler.java:197)
	at sun.reflect.NativeMethodAccessorImpl.invoke0(Native Method)
	at sun.reflect.NativeMethodAccessorImpl.invoke(NativeMethodAccessorImpl.java:62)
	at sun.reflect.DelegatingMethodAccessorImpl.invoke(DelegatingMethodAccessorImpl.java:43)
	at java.lang.reflect.Method.invoke(Method.java:498)
	at junit.framework.TestCase.runTest(TestCase.java:176)
	at junit.framework.TestCase.runBare(TestCase.java:141)
	at junit.framework.TestResult$1.protect(TestResult.java:122)
	at junit.framework.TestResult.runProtected(TestResult.java:142)
	at junit.framework.TestResult.run(TestResult.java:125)
	at junit.framework.TestCase.run(TestCase.java:129)
	at junit.framework.TestSuite.runTest(TestSuite.java:255)
	at junit.framework.TestSuite.run(TestSuite.java:250)
	at org.junit.internal.runners.JUnit38ClassRunner.run(JUnit38ClassRunner.java:84)
	at org.junit.runner.JUnitCore.run(JUnitCore.java:160)
	at org.junit.runner.JUnitCore.run(JUnitCore.java:138)
	at xxl.java.junit.JUnitSingleTestResultRunner.call(JUnitSingleTestResultRunner.java:27)
	at xxl.java.junit.JUnitSingleTestResultRunner.call(JUnitSingleTestResultRunner.java:10)
	at java.util.concurrent.FutureTask.run(FutureTask.java:266)
	at java.util.concurrent.ThreadPoolExecutor.runWorker(ThreadPoolExecutor.java:1149)
	at java.util.concurrent.ThreadPoolExecutor$Worker.run(ThreadPoolExecutor.java:624)
	at java.lang.Thread.run(Thread.java:748)
Exception in thread "pool-27156-thread-1" java.io.IOException: Invalid encoding
	at org.joda.time.tz.DateTimeZoneBuilder$PrecalculatedZone.readFrom(DateTimeZoneBuilder.java:709)
	at org.joda.time.tz.DateTimeZoneBuilder.readFrom(DateTimeZoneBuilder.java:1006)
	at org.joda.time.tz.DateTimeZoneBuilder.readFrom(DateTimeZoneBuilder.java:993)
	at org.joda.time.tz.ZoneInfoProvider.loadZoneData(ZoneInfoProvider.java:106)
	at org.joda.time.tz.ZoneInfoProvider.getZone(ZoneInfoProvider.java:60)
	at org.joda.time.DateTimeZone.forID(DateTimeZone.java:103)
	at org.joda.time.TestDateTimeZone.<clinit>(TestDateTimeZone.java:70)
	at sun.reflect.NativeMethodAccessorImpl.invoke0(Native Method)
	at sun.reflect.NativeMethodAccessorImpl.invoke(NativeMethodAccessorImpl.java:62)
	at sun.reflect.DelegatingMethodAccessorImpl.invoke(DelegatingMethodAccessorImpl.java:43)
	at java.lang.reflect.Method.invoke(Method.java:498)
	at org.junit.internal.runners.SuiteMethod.testFromSuiteMethod(SuiteMethod.java:35)
	at org.junit.internal.runners.SuiteMethod.<init>(SuiteMethod.java:24)
	at org.junit.internal.builders.SuiteMethodBuilder.runnerForClass(SuiteMethodBuilder.java:11)
	at org.junit.runners.model.RunnerBuilder.safeRunnerForClass(RunnerBuilder.java:59)
	at org.junit.internal.builders.AllDefaultPossibilitiesBuilder.runnerForClass(AllDefaultPossibilitiesBuilder.java:26)
	at org.junit.runners.model.RunnerBuilder.safeRunnerForClass(RunnerBuilder.java:59)
	at org.junit.internal.requests.ClassRequest.getRunner(ClassRequest.java:26)
	at org.junit.internal.requests.FilterRequest.getRunner(FilterRequest.java:31)
	at org.junit.runner.JUnitCore.run(JUnitCore.java:138)
	at xxl.java.junit.JUnitSingleTestRunner.call(JUnitSingleTestRunner.java:23)
	at xxl.java.junit.JUnitSingleTestRunner.call(JUnitSingleTestRunner.java:10)
	at java.util.concurrent.FutureTask.run(FutureTask.java:266)
	at java.util.concurrent.ThreadPoolExecutor.runWorker(ThreadPoolExecutor.java:1149)
	at java.util.concurrent.ThreadPoolExecutor$Worker.run(ThreadPoolExecutor.java:624)
	at java.lang.Thread.run(Thread.java:748)
Exception in thread "pool-27277-thread-1" java.io.IOException: Invalid encoding
	at org.joda.time.tz.DateTimeZoneBuilder$PrecalculatedZone.readFrom(DateTimeZoneBuilder.java:703)
	at org.joda.time.tz.DateTimeZoneBuilder.readFrom(DateTimeZoneBuilder.java:1000)
	at org.joda.time.tz.DateTimeZoneBuilder.readFrom(DateTimeZoneBuilder.java:987)
	at org.joda.time.tz.ZoneInfoProvider.loadZoneData(ZoneInfoProvider.java:106)
	at org.joda.time.tz.ZoneInfoProvider.getZone(ZoneInfoProvider.java:60)
	at org.joda.time.DateTimeZone.forID(DateTimeZone.java:103)
	at org.joda.time.DateTimeZone.getDefault(DateTimeZone.java:63)
	at org.joda.time.format.TestISODateTimeFormatParsing.setUp(TestISODateTimeFormatParsing.java:51)
	at junit.framework.TestCase.runBare(TestCase.java:139)
	at junit.framework.TestResult$1.protect(TestResult.java:122)
	at junit.framework.TestResult.runProtected(TestResult.java:142)
	at junit.framework.TestResult.run(TestResult.java:125)
	at junit.framework.TestCase.run(TestCase.java:129)
	at junit.framework.TestSuite.runTest(TestSuite.java:255)
	at junit.framework.TestSuite.run(TestSuite.java:250)
	at org.junit.internal.runners.JUnit38ClassRunner.run(JUnit38ClassRunner.java:84)
	at org.junit.runner.JUnitCore.run(JUnitCore.java:160)
	at org.junit.runner.JUnitCore.run(JUnitCore.java:138)
	at xxl.java.junit.JUnitSingleTestResultRunner.call(JUnitSingleTestResultRunner.java:27)
	at xxl.java.junit.JUnitSingleTestResultRunner.call(JUnitSingleTestResultRunner.java:10)
	at java.util.concurrent.FutureTask.run(FutureTask.java:266)
	at java.util.concurrent.ThreadPoolExecutor.runWorker(ThreadPoolExecutor.java:1149)
	at java.util.concurrent.ThreadPoolExecutor$Worker.run(ThreadPoolExecutor.java:624)
	at java.lang.Thread.run(Thread.java:748)
Exception in thread "pool-27277-thread-1" java.io.IOException: Invalid encoding
	at org.joda.time.tz.DateTimeZoneBuilder$PrecalculatedZone.readFrom(DateTimeZoneBuilder.java:703)
	at org.joda.time.tz.DateTimeZoneBuilder.readFrom(DateTimeZoneBuilder.java:1000)
	at org.joda.time.tz.DateTimeZoneBuilder.readFrom(DateTimeZoneBuilder.java:987)
	at org.joda.time.tz.ZoneInfoProvider.loadZoneData(ZoneInfoProvider.java:106)
	at org.joda.time.tz.ZoneInfoProvider.getZone(ZoneInfoProvider.java:60)
	at org.joda.time.DateTimeZone.forID(DateTimeZone.java:103)
	at org.joda.time.format.TestISODateTimeFormatParsing.setUp(TestISODateTimeFormatParsing.java:54)
	at junit.framework.TestCase.runBare(TestCase.java:139)
	at junit.framework.TestResult$1.protect(TestResult.java:122)
	at junit.framework.TestResult.runProtected(TestResult.java:142)
	at junit.framework.TestResult.run(TestResult.java:125)
	at junit.framework.TestCase.run(TestCase.java:129)
	at junit.framework.TestSuite.runTest(TestSuite.java:255)
	at junit.framework.TestSuite.run(TestSuite.java:250)
	at org.junit.internal.runners.JUnit38ClassRunner.run(JUnit38ClassRunner.java:84)
	at org.junit.runner.JUnitCore.run(JUnitCore.java:160)
	at org.junit.runner.JUnitCore.run(JUnitCore.java:138)
	at xxl.java.junit.JUnitSingleTestResultRunner.call(JUnitSingleTestResultRunner.java:27)
	at xxl.java.junit.JUnitSingleTestResultRunner.call(JUnitSingleTestResultRunner.java:10)
	at java.util.concurrent.FutureTask.run(FutureTask.java:266)
	at java.util.concurrent.ThreadPoolExecutor.runWorker(ThreadPoolExecutor.java:1149)
	at java.util.concurrent.ThreadPoolExecutor$Worker.run(ThreadPoolExecutor.java:624)
	at java.lang.Thread.run(Thread.java:748)
Exception in thread "pool-27282-thread-1" java.io.IOException: Invalid encoding
	at org.joda.time.tz.DateTimeZoneBuilder$PrecalculatedZone.readFrom(DateTimeZoneBuilder.java:703)
	at org.joda.time.tz.DateTimeZoneBuilder.readFrom(DateTimeZoneBuilder.java:1000)
	at org.joda.time.tz.DateTimeZoneBuilder.readFrom(DateTimeZoneBuilder.java:987)
	at org.joda.time.tz.ZoneInfoProvider.loadZoneData(ZoneInfoProvider.java:106)
	at org.joda.time.tz.ZoneInfoProvider.getZone(ZoneInfoProvider.java:60)
	at org.joda.time.DateTimeZone.forID(DateTimeZone.java:103)
	at org.joda.time.TestDateTime_Properties.<clinit>(TestDateTime_Properties.java:37)
	at sun.reflect.NativeMethodAccessorImpl.invoke0(Native Method)
	at sun.reflect.NativeMethodAccessorImpl.invoke(NativeMethodAccessorImpl.java:62)
	at sun.reflect.DelegatingMethodAccessorImpl.invoke(DelegatingMethodAccessorImpl.java:43)
	at java.lang.reflect.Method.invoke(Method.java:498)
	at org.junit.internal.runners.SuiteMethod.testFromSuiteMethod(SuiteMethod.java:35)
	at org.junit.internal.runners.SuiteMethod.<init>(SuiteMethod.java:24)
	at org.junit.internal.builders.SuiteMethodBuilder.runnerForClass(SuiteMethodBuilder.java:11)
	at org.junit.runners.model.RunnerBuilder.safeRunnerForClass(RunnerBuilder.java:59)
	at org.junit.internal.builders.AllDefaultPossibilitiesBuilder.runnerForClass(AllDefaultPossibilitiesBuilder.java:26)
	at org.junit.runners.model.RunnerBuilder.safeRunnerForClass(RunnerBuilder.java:59)
	at org.junit.internal.requests.ClassRequest.getRunner(ClassRequest.java:26)
	at org.junit.internal.requests.FilterRequest.getRunner(FilterRequest.java:31)
	at org.junit.runner.JUnitCore.run(JUnitCore.java:138)
	at xxl.java.junit.JUnitSingleTestResultRunner.call(JUnitSingleTestResultRunner.java:27)
	at xxl.java.junit.JUnitSingleTestResultRunner.call(JUnitSingleTestResultRunner.java:10)
	at java.util.concurrent.FutureTask.run(FutureTask.java:266)
	at java.util.concurrent.ThreadPoolExecutor.runWorker(ThreadPoolExecutor.java:1149)
	at java.util.concurrent.ThreadPoolExecutor$Worker.run(ThreadPoolExecutor.java:624)
	at java.lang.Thread.run(Thread.java:748)
Exception in thread "pool-27300-thread-1" java.io.IOException: Invalid encoding
	at org.joda.time.tz.DateTimeZoneBuilder$PrecalculatedZone.readFrom(DateTimeZoneBuilder.java:703)
	at org.joda.time.tz.DateTimeZoneBuilder.readFrom(DateTimeZoneBuilder.java:1000)
	at org.joda.time.tz.DateTimeZoneBuilder.readFrom(DateTimeZoneBuilder.java:987)
	at org.joda.time.tz.ZoneInfoProvider.loadZoneData(ZoneInfoProvider.java:106)
	at org.joda.time.tz.ZoneInfoProvider.getZone(ZoneInfoProvider.java:60)
	at org.joda.time.DateTimeZone.forID(DateTimeZone.java:103)
	at org.joda.time.DateTimeUtils.put(DateTimeUtils.java:61)
	at org.joda.time.DateTimeUtils.<clinit>(DateTimeUtils.java:50)
	at org.joda.time.tz.DateTimeZoneBuilder$RuleSet.<clinit>(DateTimeZoneBuilder.java:387)
	at org.joda.time.tz.DateTimeZoneBuilder.addCutover(DateTimeZoneBuilder.java:1077)
	at org.joda.time.tz.TestBuilder.buildAmericaLosAngelesBuilder(TestBuilder.java:166)
	at org.joda.time.tz.TestBuilder.testSerialization(TestBuilder.java:278)
	at sun.reflect.NativeMethodAccessorImpl.invoke0(Native Method)
	at sun.reflect.NativeMethodAccessorImpl.invoke(NativeMethodAccessorImpl.java:62)
	at sun.reflect.DelegatingMethodAccessorImpl.invoke(DelegatingMethodAccessorImpl.java:43)
	at java.lang.reflect.Method.invoke(Method.java:498)
	at junit.framework.TestCase.runTest(TestCase.java:176)
	at junit.framework.TestCase.runBare(TestCase.java:141)
	at junit.framework.TestResult$1.protect(TestResult.java:122)
	at junit.framework.TestResult.runProtected(TestResult.java:142)
	at junit.framework.TestResult.run(TestResult.java:125)
	at junit.framework.TestCase.run(TestCase.java:129)
	at junit.framework.TestSuite.runTest(TestSuite.java:255)
	at junit.framework.TestSuite.run(TestSuite.java:250)
	at org.junit.internal.runners.JUnit38ClassRunner.run(JUnit38ClassRunner.java:84)
	at org.junit.runner.JUnitCore.run(JUnitCore.java:160)
	at org.junit.runner.JUnitCore.run(JUnitCore.java:138)
	at xxl.java.junit.JUnitSingleTestResultRunner.call(JUnitSingleTestResultRunner.java:27)
	at xxl.java.junit.JUnitSingleTestResultRunner.call(JUnitSingleTestResultRunner.java:10)
	at java.util.concurrent.FutureTask.run(FutureTask.java:266)
	at java.util.concurrent.ThreadPoolExecutor.runWorker(ThreadPoolExecutor.java:1149)
	at java.util.concurrent.ThreadPoolExecutor$Worker.run(ThreadPoolExecutor.java:624)
	at java.lang.Thread.run(Thread.java:748)
Exception in thread "pool-27300-thread-1" java.io.IOException: Invalid encoding
	at org.joda.time.tz.DateTimeZoneBuilder$PrecalculatedZone.readFrom(DateTimeZoneBuilder.java:703)
	at org.joda.time.tz.DateTimeZoneBuilder.readFrom(DateTimeZoneBuilder.java:1000)
	at org.joda.time.tz.DateTimeZoneBuilder.readFrom(DateTimeZoneBuilder.java:987)
	at org.joda.time.tz.ZoneInfoProvider.loadZoneData(ZoneInfoProvider.java:106)
	at org.joda.time.tz.ZoneInfoProvider.getZone(ZoneInfoProvider.java:60)
	at org.joda.time.DateTimeZone.forID(DateTimeZone.java:103)
	at org.joda.time.DateTimeUtils.put(DateTimeUtils.java:61)
	at org.joda.time.DateTimeUtils.<clinit>(DateTimeUtils.java:52)
	at org.joda.time.tz.DateTimeZoneBuilder$RuleSet.<clinit>(DateTimeZoneBuilder.java:387)
	at org.joda.time.tz.DateTimeZoneBuilder.addCutover(DateTimeZoneBuilder.java:1077)
	at org.joda.time.tz.TestBuilder.buildAmericaLosAngelesBuilder(TestBuilder.java:166)
	at org.joda.time.tz.TestBuilder.testSerialization(TestBuilder.java:278)
	at sun.reflect.NativeMethodAccessorImpl.invoke0(Native Method)
	at sun.reflect.NativeMethodAccessorImpl.invoke(NativeMethodAccessorImpl.java:62)
	at sun.reflect.DelegatingMethodAccessorImpl.invoke(DelegatingMethodAccessorImpl.java:43)
	at java.lang.reflect.Method.invoke(Method.java:498)
	at junit.framework.TestCase.runTest(TestCase.java:176)
	at junit.framework.TestCase.runBare(TestCase.java:141)
	at junit.framework.TestResult$1.protect(TestResult.java:122)
	at junit.framework.TestResult.runProtected(TestResult.java:142)
	at junit.framework.TestResult.run(TestResult.java:125)
	at junit.framework.TestCase.run(TestCase.java:129)
	at junit.framework.TestSuite.runTest(TestSuite.java:255)
	at junit.framework.TestSuite.run(TestSuite.java:250)
	at org.junit.internal.runners.JUnit38ClassRunner.run(JUnit38ClassRunner.java:84)
	at org.junit.runner.JUnitCore.run(JUnitCore.java:160)
	at org.junit.runner.JUnitCore.run(JUnitCore.java:138)
	at xxl.java.junit.JUnitSingleTestResultRunner.call(JUnitSingleTestResultRunner.java:27)
	at xxl.java.junit.JUnitSingleTestResultRunner.call(JUnitSingleTestResultRunner.java:10)
	at java.util.concurrent.FutureTask.run(FutureTask.java:266)
	at java.util.concurrent.ThreadPoolExecutor.runWorker(ThreadPoolExecutor.java:1149)
	at java.util.concurrent.ThreadPoolExecutor$Worker.run(ThreadPoolExecutor.java:624)
	at java.lang.Thread.run(Thread.java:748)
Exception in thread "pool-27300-thread-1" java.io.IOException: Invalid encoding
	at org.joda.time.tz.DateTimeZoneBuilder$PrecalculatedZone.readFrom(DateTimeZoneBuilder.java:703)
	at org.joda.time.tz.DateTimeZoneBuilder.readFrom(DateTimeZoneBuilder.java:1000)
	at org.joda.time.tz.DateTimeZoneBuilder.readFrom(DateTimeZoneBuilder.java:987)
	at org.joda.time.tz.ZoneInfoProvider.loadZoneData(ZoneInfoProvider.java:106)
	at org.joda.time.tz.ZoneInfoProvider.getZone(ZoneInfoProvider.java:60)
	at org.joda.time.DateTimeZone.forID(DateTimeZone.java:103)
	at org.joda.time.DateTimeUtils.put(DateTimeUtils.java:61)
	at org.joda.time.DateTimeUtils.<clinit>(DateTimeUtils.java:54)
	at org.joda.time.tz.DateTimeZoneBuilder$RuleSet.<clinit>(DateTimeZoneBuilder.java:387)
	at org.joda.time.tz.DateTimeZoneBuilder.addCutover(DateTimeZoneBuilder.java:1077)
	at org.joda.time.tz.TestBuilder.buildAmericaLosAngelesBuilder(TestBuilder.java:166)
	at org.joda.time.tz.TestBuilder.testSerialization(TestBuilder.java:278)
	at sun.reflect.NativeMethodAccessorImpl.invoke0(Native Method)
	at sun.reflect.NativeMethodAccessorImpl.invoke(NativeMethodAccessorImpl.java:62)
	at sun.reflect.DelegatingMethodAccessorImpl.invoke(DelegatingMethodAccessorImpl.java:43)
	at java.lang.reflect.Method.invoke(Method.java:498)
	at junit.framework.TestCase.runTest(TestCase.java:176)
	at junit.framework.TestCase.runBare(TestCase.java:141)
	at junit.framework.TestResult$1.protect(TestResult.java:122)
	at junit.framework.TestResult.runProtected(TestResult.java:142)
	at junit.framework.TestResult.run(TestResult.java:125)
	at junit.framework.TestCase.run(TestCase.java:129)
	at junit.framework.TestSuite.runTest(TestSuite.java:255)
	at junit.framework.TestSuite.run(TestSuite.java:250)
	at org.junit.internal.runners.JUnit38ClassRunner.run(JUnit38ClassRunner.java:84)
	at org.junit.runner.JUnitCore.run(JUnitCore.java:160)
	at org.junit.runner.JUnitCore.run(JUnitCore.java:138)
	at xxl.java.junit.JUnitSingleTestResultRunner.call(JUnitSingleTestResultRunner.java:27)
	at xxl.java.junit.JUnitSingleTestResultRunner.call(JUnitSingleTestResultRunner.java:10)
	at java.util.concurrent.FutureTask.run(FutureTask.java:266)
	at java.util.concurrent.ThreadPoolExecutor.runWorker(ThreadPoolExecutor.java:1149)
	at java.util.concurrent.ThreadPoolExecutor$Worker.run(ThreadPoolExecutor.java:624)
	at java.lang.Thread.run(Thread.java:748)
Exception in thread "pool-27301-thread-1" java.io.IOException: Invalid encoding
	at org.joda.time.tz.DateTimeZoneBuilder$PrecalculatedZone.readFrom(DateTimeZoneBuilder.java:703)
	at org.joda.time.tz.DateTimeZoneBuilder.readFrom(DateTimeZoneBuilder.java:1000)
	at org.joda.time.tz.DateTimeZoneBuilder.readFrom(DateTimeZoneBuilder.java:987)
	at org.joda.time.tz.ZoneInfoProvider.loadZoneData(ZoneInfoProvider.java:106)
	at org.joda.time.tz.ZoneInfoProvider.getZone(ZoneInfoProvider.java:60)
	at org.joda.time.DateTimeZone.forID(DateTimeZone.java:103)
	at org.joda.time.tz.TestCompiler.test_Amman_2003(TestCompiler.java:197)
	at sun.reflect.NativeMethodAccessorImpl.invoke0(Native Method)
	at sun.reflect.NativeMethodAccessorImpl.invoke(NativeMethodAccessorImpl.java:62)
	at sun.reflect.DelegatingMethodAccessorImpl.invoke(DelegatingMethodAccessorImpl.java:43)
	at java.lang.reflect.Method.invoke(Method.java:498)
	at junit.framework.TestCase.runTest(TestCase.java:176)
	at junit.framework.TestCase.runBare(TestCase.java:141)
	at junit.framework.TestResult$1.protect(TestResult.java:122)
	at junit.framework.TestResult.runProtected(TestResult.java:142)
	at junit.framework.TestResult.run(TestResult.java:125)
	at junit.framework.TestCase.run(TestCase.java:129)
	at junit.framework.TestSuite.runTest(TestSuite.java:255)
	at junit.framework.TestSuite.run(TestSuite.java:250)
	at org.junit.internal.runners.JUnit38ClassRunner.run(JUnit38ClassRunner.java:84)
	at org.junit.runner.JUnitCore.run(JUnitCore.java:160)
	at org.junit.runner.JUnitCore.run(JUnitCore.java:138)
	at xxl.java.junit.JUnitSingleTestResultRunner.call(JUnitSingleTestResultRunner.java:27)
	at xxl.java.junit.JUnitSingleTestResultRunner.call(JUnitSingleTestResultRunner.java:10)
	at java.util.concurrent.FutureTask.run(FutureTask.java:266)
	at java.util.concurrent.ThreadPoolExecutor.runWorker(ThreadPoolExecutor.java:1149)
	at java.util.concurrent.ThreadPoolExecutor$Worker.run(ThreadPoolExecutor.java:624)
	at java.lang.Thread.run(Thread.java:748)
Exception in thread "pool-27513-thread-1" java.io.IOException: Invalid encoding
	at org.joda.time.tz.DateTimeZoneBuilder$PrecalculatedZone.readFrom(DateTimeZoneBuilder.java:709)
	at org.joda.time.tz.DateTimeZoneBuilder.readFrom(DateTimeZoneBuilder.java:1006)
	at org.joda.time.tz.DateTimeZoneBuilder.readFrom(DateTimeZoneBuilder.java:993)
	at org.joda.time.tz.ZoneInfoProvider.loadZoneData(ZoneInfoProvider.java:106)
	at org.joda.time.tz.ZoneInfoProvider.getZone(ZoneInfoProvider.java:60)
	at org.joda.time.DateTimeZone.forID(DateTimeZone.java:103)
	at org.joda.time.TestDateTimeZone.<clinit>(TestDateTimeZone.java:70)
	at sun.reflect.NativeMethodAccessorImpl.invoke0(Native Method)
	at sun.reflect.NativeMethodAccessorImpl.invoke(NativeMethodAccessorImpl.java:62)
	at sun.reflect.DelegatingMethodAccessorImpl.invoke(DelegatingMethodAccessorImpl.java:43)
	at java.lang.reflect.Method.invoke(Method.java:498)
	at org.junit.internal.runners.SuiteMethod.testFromSuiteMethod(SuiteMethod.java:35)
	at org.junit.internal.runners.SuiteMethod.<init>(SuiteMethod.java:24)
	at org.junit.internal.builders.SuiteMethodBuilder.runnerForClass(SuiteMethodBuilder.java:11)
	at org.junit.runners.model.RunnerBuilder.safeRunnerForClass(RunnerBuilder.java:59)
	at org.junit.internal.builders.AllDefaultPossibilitiesBuilder.runnerForClass(AllDefaultPossibilitiesBuilder.java:26)
	at org.junit.runners.model.RunnerBuilder.safeRunnerForClass(RunnerBuilder.java:59)
	at org.junit.internal.requests.ClassRequest.getRunner(ClassRequest.java:26)
	at org.junit.internal.requests.FilterRequest.getRunner(FilterRequest.java:31)
	at org.junit.runner.JUnitCore.run(JUnitCore.java:138)
	at xxl.java.junit.JUnitSingleTestRunner.call(JUnitSingleTestRunner.java:23)
	at xxl.java.junit.JUnitSingleTestRunner.call(JUnitSingleTestRunner.java:10)
	at java.util.concurrent.FutureTask.run(FutureTask.java:266)
	at java.util.concurrent.ThreadPoolExecutor.runWorker(ThreadPoolExecutor.java:1149)
	at java.util.concurrent.ThreadPoolExecutor$Worker.run(ThreadPoolExecutor.java:624)
	at java.lang.Thread.run(Thread.java:748)
Exception in thread "pool-27634-thread-1" java.io.EOFException
	at java.io.DataInputStream.readFully(DataInputStream.java:197)
	at java.io.DataInputStream.readUTF(DataInputStream.java:609)
	at java.io.DataInputStream.readUTF(DataInputStream.java:564)
	at org.joda.time.tz.DateTimeZoneBuilder$PrecalculatedZone.readFrom(DateTimeZoneBuilder.java:682)
	at org.joda.time.tz.DateTimeZoneBuilder.readFrom(DateTimeZoneBuilder.java:1000)
	at org.joda.time.tz.DateTimeZoneBuilder.readFrom(DateTimeZoneBuilder.java:987)
	at org.joda.time.tz.ZoneInfoProvider.loadZoneData(ZoneInfoProvider.java:106)
	at org.joda.time.tz.ZoneInfoProvider.getZone(ZoneInfoProvider.java:60)
	at org.joda.time.DateTimeZone.forID(DateTimeZone.java:103)
	at org.joda.time.DateTimeZone.getDefault(DateTimeZone.java:63)
	at org.joda.time.format.TestISODateTimeFormatParsing.setUp(TestISODateTimeFormatParsing.java:51)
	at junit.framework.TestCase.runBare(TestCase.java:139)
	at junit.framework.TestResult$1.protect(TestResult.java:122)
	at junit.framework.TestResult.runProtected(TestResult.java:142)
	at junit.framework.TestResult.run(TestResult.java:125)
	at junit.framework.TestCase.run(TestCase.java:129)
	at junit.framework.TestSuite.runTest(TestSuite.java:255)
	at junit.framework.TestSuite.run(TestSuite.java:250)
	at org.junit.internal.runners.JUnit38ClassRunner.run(JUnit38ClassRunner.java:84)
	at org.junit.runner.JUnitCore.run(JUnitCore.java:160)
	at org.junit.runner.JUnitCore.run(JUnitCore.java:138)
	at xxl.java.junit.JUnitSingleTestResultRunner.call(JUnitSingleTestResultRunner.java:27)
	at xxl.java.junit.JUnitSingleTestResultRunner.call(JUnitSingleTestResultRunner.java:10)
	at java.util.concurrent.FutureTask.run(FutureTask.java:266)
	at java.util.concurrent.ThreadPoolExecutor.runWorker(ThreadPoolExecutor.java:1149)
	at java.util.concurrent.ThreadPoolExecutor$Worker.run(ThreadPoolExecutor.java:624)
	at java.lang.Thread.run(Thread.java:748)
Exception in thread "pool-27634-thread-1" java.io.EOFException
	at java.io.DataInputStream.readFully(DataInputStream.java:197)
	at java.io.DataInputStream.readUTF(DataInputStream.java:609)
	at java.io.DataInputStream.readUTF(DataInputStream.java:564)
	at org.joda.time.tz.DateTimeZoneBuilder$PrecalculatedZone.readFrom(DateTimeZoneBuilder.java:682)
	at org.joda.time.tz.DateTimeZoneBuilder.readFrom(DateTimeZoneBuilder.java:1000)
	at org.joda.time.tz.DateTimeZoneBuilder.readFrom(DateTimeZoneBuilder.java:987)
	at org.joda.time.tz.ZoneInfoProvider.loadZoneData(ZoneInfoProvider.java:106)
	at org.joda.time.tz.ZoneInfoProvider.getZone(ZoneInfoProvider.java:60)
	at org.joda.time.DateTimeZone.forID(DateTimeZone.java:103)
	at org.joda.time.format.TestISODateTimeFormatParsing.setUp(TestISODateTimeFormatParsing.java:54)
	at junit.framework.TestCase.runBare(TestCase.java:139)
	at junit.framework.TestResult$1.protect(TestResult.java:122)
	at junit.framework.TestResult.runProtected(TestResult.java:142)
	at junit.framework.TestResult.run(TestResult.java:125)
	at junit.framework.TestCase.run(TestCase.java:129)
	at junit.framework.TestSuite.runTest(TestSuite.java:255)
	at junit.framework.TestSuite.run(TestSuite.java:250)
	at org.junit.internal.runners.JUnit38ClassRunner.run(JUnit38ClassRunner.java:84)
	at org.junit.runner.JUnitCore.run(JUnitCore.java:160)
	at org.junit.runner.JUnitCore.run(JUnitCore.java:138)
	at xxl.java.junit.JUnitSingleTestResultRunner.call(JUnitSingleTestResultRunner.java:27)
	at xxl.java.junit.JUnitSingleTestResultRunner.call(JUnitSingleTestResultRunner.java:10)
	at java.util.concurrent.FutureTask.run(FutureTask.java:266)
	at java.util.concurrent.ThreadPoolExecutor.runWorker(ThreadPoolExecutor.java:1149)
	at java.util.concurrent.ThreadPoolExecutor$Worker.run(ThreadPoolExecutor.java:624)
	at java.lang.Thread.run(Thread.java:748)
Exception in thread "pool-27639-thread-1" java.io.EOFException
	at java.io.DataInputStream.readFully(DataInputStream.java:197)
	at java.io.DataInputStream.readUTF(DataInputStream.java:609)
	at java.io.DataInputStream.readUTF(DataInputStream.java:564)
	at org.joda.time.tz.DateTimeZoneBuilder$PrecalculatedZone.readFrom(DateTimeZoneBuilder.java:682)
	at org.joda.time.tz.DateTimeZoneBuilder.readFrom(DateTimeZoneBuilder.java:1000)
	at org.joda.time.tz.DateTimeZoneBuilder.readFrom(DateTimeZoneBuilder.java:987)
	at org.joda.time.tz.ZoneInfoProvider.loadZoneData(ZoneInfoProvider.java:106)
	at org.joda.time.tz.ZoneInfoProvider.getZone(ZoneInfoProvider.java:60)
	at org.joda.time.DateTimeZone.forID(DateTimeZone.java:103)
	at org.joda.time.TestDateTime_Properties.<clinit>(TestDateTime_Properties.java:37)
	at sun.reflect.NativeMethodAccessorImpl.invoke0(Native Method)
	at sun.reflect.NativeMethodAccessorImpl.invoke(NativeMethodAccessorImpl.java:62)
	at sun.reflect.DelegatingMethodAccessorImpl.invoke(DelegatingMethodAccessorImpl.java:43)
	at java.lang.reflect.Method.invoke(Method.java:498)
	at org.junit.internal.runners.SuiteMethod.testFromSuiteMethod(SuiteMethod.java:35)
	at org.junit.internal.runners.SuiteMethod.<init>(SuiteMethod.java:24)
	at org.junit.internal.builders.SuiteMethodBuilder.runnerForClass(SuiteMethodBuilder.java:11)
	at org.junit.runners.model.RunnerBuilder.safeRunnerForClass(RunnerBuilder.java:59)
	at org.junit.internal.builders.AllDefaultPossibilitiesBuilder.runnerForClass(AllDefaultPossibilitiesBuilder.java:26)
	at org.junit.runners.model.RunnerBuilder.safeRunnerForClass(RunnerBuilder.java:59)
	at org.junit.internal.requests.ClassRequest.getRunner(ClassRequest.java:26)
	at org.junit.internal.requests.FilterRequest.getRunner(FilterRequest.java:31)
	at org.junit.runner.JUnitCore.run(JUnitCore.java:138)
	at xxl.java.junit.JUnitSingleTestResultRunner.call(JUnitSingleTestResultRunner.java:27)
	at xxl.java.junit.JUnitSingleTestResultRunner.call(JUnitSingleTestResultRunner.java:10)
	at java.util.concurrent.FutureTask.run(FutureTask.java:266)
	at java.util.concurrent.ThreadPoolExecutor.runWorker(ThreadPoolExecutor.java:1149)
	at java.util.concurrent.ThreadPoolExecutor$Worker.run(ThreadPoolExecutor.java:624)
	at java.lang.Thread.run(Thread.java:748)
Exception in thread "pool-27657-thread-1" java.io.EOFException
	at java.io.DataInputStream.readFully(DataInputStream.java:197)
	at java.io.DataInputStream.readUTF(DataInputStream.java:609)
	at java.io.DataInputStream.readUTF(DataInputStream.java:564)
	at org.joda.time.tz.DateTimeZoneBuilder$PrecalculatedZone.readFrom(DateTimeZoneBuilder.java:682)
	at org.joda.time.tz.DateTimeZoneBuilder.readFrom(DateTimeZoneBuilder.java:1000)
	at org.joda.time.tz.DateTimeZoneBuilder.readFrom(DateTimeZoneBuilder.java:987)
	at org.joda.time.tz.ZoneInfoProvider.loadZoneData(ZoneInfoProvider.java:106)
	at org.joda.time.tz.ZoneInfoProvider.getZone(ZoneInfoProvider.java:60)
	at org.joda.time.DateTimeZone.forID(DateTimeZone.java:103)
	at org.joda.time.DateTimeUtils.put(DateTimeUtils.java:61)
	at org.joda.time.DateTimeUtils.<clinit>(DateTimeUtils.java:50)
	at org.joda.time.tz.DateTimeZoneBuilder$RuleSet.<clinit>(DateTimeZoneBuilder.java:387)
	at org.joda.time.tz.DateTimeZoneBuilder.addCutover(DateTimeZoneBuilder.java:1077)
	at org.joda.time.tz.TestBuilder.buildAmericaLosAngelesBuilder(TestBuilder.java:166)
	at org.joda.time.tz.TestBuilder.testSerialization(TestBuilder.java:278)
	at sun.reflect.NativeMethodAccessorImpl.invoke0(Native Method)
	at sun.reflect.NativeMethodAccessorImpl.invoke(NativeMethodAccessorImpl.java:62)
	at sun.reflect.DelegatingMethodAccessorImpl.invoke(DelegatingMethodAccessorImpl.java:43)
	at java.lang.reflect.Method.invoke(Method.java:498)
	at junit.framework.TestCase.runTest(TestCase.java:176)
	at junit.framework.TestCase.runBare(TestCase.java:141)
	at junit.framework.TestResult$1.protect(TestResult.java:122)
	at junit.framework.TestResult.runProtected(TestResult.java:142)
	at junit.framework.TestResult.run(TestResult.java:125)
	at junit.framework.TestCase.run(TestCase.java:129)
	at junit.framework.TestSuite.runTest(TestSuite.java:255)
	at junit.framework.TestSuite.run(TestSuite.java:250)
	at org.junit.internal.runners.JUnit38ClassRunner.run(JUnit38ClassRunner.java:84)
	at org.junit.runner.JUnitCore.run(JUnitCore.java:160)
	at org.junit.runner.JUnitCore.run(JUnitCore.java:138)
	at xxl.java.junit.JUnitSingleTestResultRunner.call(JUnitSingleTestResultRunner.java:27)
	at xxl.java.junit.JUnitSingleTestResultRunner.call(JUnitSingleTestResultRunner.java:10)
	at java.util.concurrent.FutureTask.run(FutureTask.java:266)
	at java.util.concurrent.ThreadPoolExecutor.runWorker(ThreadPoolExecutor.java:1149)
	at java.util.concurrent.ThreadPoolExecutor$Worker.run(ThreadPoolExecutor.java:624)
	at java.lang.Thread.run(Thread.java:748)
Exception in thread "pool-27657-thread-1" java.io.EOFException
	at java.io.DataInputStream.readFully(DataInputStream.java:197)
	at java.io.DataInputStream.readUTF(DataInputStream.java:609)
	at java.io.DataInputStream.readUTF(DataInputStream.java:564)
	at org.joda.time.tz.DateTimeZoneBuilder$PrecalculatedZone.readFrom(DateTimeZoneBuilder.java:682)
	at org.joda.time.tz.DateTimeZoneBuilder.readFrom(DateTimeZoneBuilder.java:1000)
	at org.joda.time.tz.DateTimeZoneBuilder.readFrom(DateTimeZoneBuilder.java:987)
	at org.joda.time.tz.ZoneInfoProvider.loadZoneData(ZoneInfoProvider.java:106)
	at org.joda.time.tz.ZoneInfoProvider.getZone(ZoneInfoProvider.java:60)
	at org.joda.time.DateTimeZone.forID(DateTimeZone.java:103)
	at org.joda.time.DateTimeUtils.put(DateTimeUtils.java:61)
	at org.joda.time.DateTimeUtils.<clinit>(DateTimeUtils.java:52)
	at org.joda.time.tz.DateTimeZoneBuilder$RuleSet.<clinit>(DateTimeZoneBuilder.java:387)
	at org.joda.time.tz.DateTimeZoneBuilder.addCutover(DateTimeZoneBuilder.java:1077)
	at org.joda.time.tz.TestBuilder.buildAmericaLosAngelesBuilder(TestBuilder.java:166)
	at org.joda.time.tz.TestBuilder.testSerialization(TestBuilder.java:278)
	at sun.reflect.NativeMethodAccessorImpl.invoke0(Native Method)
	at sun.reflect.NativeMethodAccessorImpl.invoke(NativeMethodAccessorImpl.java:62)
	at sun.reflect.DelegatingMethodAccessorImpl.invoke(DelegatingMethodAccessorImpl.java:43)
	at java.lang.reflect.Method.invoke(Method.java:498)
	at junit.framework.TestCase.runTest(TestCase.java:176)
	at junit.framework.TestCase.runBare(TestCase.java:141)
	at junit.framework.TestResult$1.protect(TestResult.java:122)
	at junit.framework.TestResult.runProtected(TestResult.java:142)
	at junit.framework.TestResult.run(TestResult.java:125)
	at junit.framework.TestCase.run(TestCase.java:129)
	at junit.framework.TestSuite.runTest(TestSuite.java:255)
	at junit.framework.TestSuite.run(TestSuite.java:250)
	at org.junit.internal.runners.JUnit38ClassRunner.run(JUnit38ClassRunner.java:84)
	at org.junit.runner.JUnitCore.run(JUnitCore.java:160)
	at org.junit.runner.JUnitCore.run(JUnitCore.java:138)
	at xxl.java.junit.JUnitSingleTestResultRunner.call(JUnitSingleTestResultRunner.java:27)
	at xxl.java.junit.JUnitSingleTestResultRunner.call(JUnitSingleTestResultRunner.java:10)
	at java.util.concurrent.FutureTask.run(FutureTask.java:266)
	at java.util.concurrent.ThreadPoolExecutor.runWorker(ThreadPoolExecutor.java:1149)
	at java.util.concurrent.ThreadPoolExecutor$Worker.run(ThreadPoolExecutor.java:624)
	at java.lang.Thread.run(Thread.java:748)
Exception in thread "pool-27657-thread-1" java.io.EOFException
	at java.io.DataInputStream.readFully(DataInputStream.java:197)
	at java.io.DataInputStream.readUTF(DataInputStream.java:609)
	at java.io.DataInputStream.readUTF(DataInputStream.java:564)
	at org.joda.time.tz.DateTimeZoneBuilder$PrecalculatedZone.readFrom(DateTimeZoneBuilder.java:682)
	at org.joda.time.tz.DateTimeZoneBuilder.readFrom(DateTimeZoneBuilder.java:1000)
	at org.joda.time.tz.DateTimeZoneBuilder.readFrom(DateTimeZoneBuilder.java:987)
	at org.joda.time.tz.ZoneInfoProvider.loadZoneData(ZoneInfoProvider.java:106)
	at org.joda.time.tz.ZoneInfoProvider.getZone(ZoneInfoProvider.java:60)
	at org.joda.time.DateTimeZone.forID(DateTimeZone.java:103)
	at org.joda.time.DateTimeUtils.put(DateTimeUtils.java:61)
	at org.joda.time.DateTimeUtils.<clinit>(DateTimeUtils.java:54)
	at org.joda.time.tz.DateTimeZoneBuilder$RuleSet.<clinit>(DateTimeZoneBuilder.java:387)
	at org.joda.time.tz.DateTimeZoneBuilder.addCutover(DateTimeZoneBuilder.java:1077)
	at org.joda.time.tz.TestBuilder.buildAmericaLosAngelesBuilder(TestBuilder.java:166)
	at org.joda.time.tz.TestBuilder.testSerialization(TestBuilder.java:278)
	at sun.reflect.NativeMethodAccessorImpl.invoke0(Native Method)
	at sun.reflect.NativeMethodAccessorImpl.invoke(NativeMethodAccessorImpl.java:62)
	at sun.reflect.DelegatingMethodAccessorImpl.invoke(DelegatingMethodAccessorImpl.java:43)
	at java.lang.reflect.Method.invoke(Method.java:498)
	at junit.framework.TestCase.runTest(TestCase.java:176)
	at junit.framework.TestCase.runBare(TestCase.java:141)
	at junit.framework.TestResult$1.protect(TestResult.java:122)
	at junit.framework.TestResult.runProtected(TestResult.java:142)
	at junit.framework.TestResult.run(TestResult.java:125)
	at junit.framework.TestCase.run(TestCase.java:129)
	at junit.framework.TestSuite.runTest(TestSuite.java:255)
	at junit.framework.TestSuite.run(TestSuite.java:250)
	at org.junit.internal.runners.JUnit38ClassRunner.run(JUnit38ClassRunner.java:84)
	at org.junit.runner.JUnitCore.run(JUnitCore.java:160)
	at org.junit.runner.JUnitCore.run(JUnitCore.java:138)
	at xxl.java.junit.JUnitSingleTestResultRunner.call(JUnitSingleTestResultRunner.java:27)
	at xxl.java.junit.JUnitSingleTestResultRunner.call(JUnitSingleTestResultRunner.java:10)
	at java.util.concurrent.FutureTask.run(FutureTask.java:266)
	at java.util.concurrent.ThreadPoolExecutor.runWorker(ThreadPoolExecutor.java:1149)
	at java.util.concurrent.ThreadPoolExecutor$Worker.run(ThreadPoolExecutor.java:624)
	at java.lang.Thread.run(Thread.java:748)
Exception in thread "pool-27658-thread-1" java.io.EOFException
	at java.io.DataInputStream.readFully(DataInputStream.java:197)
	at java.io.DataInputStream.readUTF(DataInputStream.java:609)
	at java.io.DataInputStream.readUTF(DataInputStream.java:564)
	at org.joda.time.tz.DateTimeZoneBuilder$PrecalculatedZone.readFrom(DateTimeZoneBuilder.java:682)
	at org.joda.time.tz.DateTimeZoneBuilder.readFrom(DateTimeZoneBuilder.java:1000)
	at org.joda.time.tz.DateTimeZoneBuilder.readFrom(DateTimeZoneBuilder.java:987)
	at org.joda.time.tz.ZoneInfoProvider.loadZoneData(ZoneInfoProvider.java:106)
	at org.joda.time.tz.ZoneInfoProvider.getZone(ZoneInfoProvider.java:60)
	at org.joda.time.DateTimeZone.forID(DateTimeZone.java:103)
	at org.joda.time.tz.TestCompiler.test_Amman_2003(TestCompiler.java:197)
	at sun.reflect.NativeMethodAccessorImpl.invoke0(Native Method)
	at sun.reflect.NativeMethodAccessorImpl.invoke(NativeMethodAccessorImpl.java:62)
	at sun.reflect.DelegatingMethodAccessorImpl.invoke(DelegatingMethodAccessorImpl.java:43)
	at java.lang.reflect.Method.invoke(Method.java:498)
	at junit.framework.TestCase.runTest(TestCase.java:176)
	at junit.framework.TestCase.runBare(TestCase.java:141)
	at junit.framework.TestResult$1.protect(TestResult.java:122)
	at junit.framework.TestResult.runProtected(TestResult.java:142)
	at junit.framework.TestResult.run(TestResult.java:125)
	at junit.framework.TestCase.run(TestCase.java:129)
	at junit.framework.TestSuite.runTest(TestSuite.java:255)
	at junit.framework.TestSuite.run(TestSuite.java:250)
	at org.junit.internal.runners.JUnit38ClassRunner.run(JUnit38ClassRunner.java:84)
	at org.junit.runner.JUnitCore.run(JUnitCore.java:160)
	at org.junit.runner.JUnitCore.run(JUnitCore.java:138)
	at xxl.java.junit.JUnitSingleTestResultRunner.call(JUnitSingleTestResultRunner.java:27)
	at xxl.java.junit.JUnitSingleTestResultRunner.call(JUnitSingleTestResultRunner.java:10)
	at java.util.concurrent.FutureTask.run(FutureTask.java:266)
	at java.util.concurrent.ThreadPoolExecutor.runWorker(ThreadPoolExecutor.java:1149)
	at java.util.concurrent.ThreadPoolExecutor$Worker.run(ThreadPoolExecutor.java:624)
	at java.lang.Thread.run(Thread.java:748)
Exception in thread "pool-27691-thread-1" java.io.IOException: Invalid encoding
	at org.joda.time.tz.DateTimeZoneBuilder$PrecalculatedZone.readFrom(DateTimeZoneBuilder.java:709)
	at org.joda.time.tz.DateTimeZoneBuilder.readFrom(DateTimeZoneBuilder.java:1006)
	at org.joda.time.tz.DateTimeZoneBuilder.readFrom(DateTimeZoneBuilder.java:993)
	at org.joda.time.tz.ZoneInfoProvider.loadZoneData(ZoneInfoProvider.java:106)
	at org.joda.time.tz.ZoneInfoProvider.getZone(ZoneInfoProvider.java:60)
	at org.joda.time.DateTimeZone.forID(DateTimeZone.java:103)
	at org.joda.time.TestDateTimeZone.<clinit>(TestDateTimeZone.java:70)
	at sun.reflect.NativeMethodAccessorImpl.invoke0(Native Method)
	at sun.reflect.NativeMethodAccessorImpl.invoke(NativeMethodAccessorImpl.java:62)
	at sun.reflect.DelegatingMethodAccessorImpl.invoke(DelegatingMethodAccessorImpl.java:43)
	at java.lang.reflect.Method.invoke(Method.java:498)
	at org.junit.internal.runners.SuiteMethod.testFromSuiteMethod(SuiteMethod.java:35)
	at org.junit.internal.runners.SuiteMethod.<init>(SuiteMethod.java:24)
	at org.junit.internal.builders.SuiteMethodBuilder.runnerForClass(SuiteMethodBuilder.java:11)
	at org.junit.runners.model.RunnerBuilder.safeRunnerForClass(RunnerBuilder.java:59)
	at org.junit.internal.builders.AllDefaultPossibilitiesBuilder.runnerForClass(AllDefaultPossibilitiesBuilder.java:26)
	at org.junit.runners.model.RunnerBuilder.safeRunnerForClass(RunnerBuilder.java:59)
	at org.junit.internal.requests.ClassRequest.getRunner(ClassRequest.java:26)
	at org.junit.internal.requests.FilterRequest.getRunner(FilterRequest.java:31)
	at org.junit.runner.JUnitCore.run(JUnitCore.java:138)
	at xxl.java.junit.JUnitSingleTestRunner.call(JUnitSingleTestRunner.java:23)
	at xxl.java.junit.JUnitSingleTestRunner.call(JUnitSingleTestRunner.java:10)
	at java.util.concurrent.FutureTask.run(FutureTask.java:266)
	at java.util.concurrent.ThreadPoolExecutor.runWorker(ThreadPoolExecutor.java:1149)
	at java.util.concurrent.ThreadPoolExecutor$Worker.run(ThreadPoolExecutor.java:624)
	at java.lang.Thread.run(Thread.java:748)
Exception in thread "pool-27812-thread-1" java.io.IOException: Invalid encoding
	at org.joda.time.tz.DateTimeZoneBuilder$PrecalculatedZone.readFrom(DateTimeZoneBuilder.java:703)
	at org.joda.time.tz.DateTimeZoneBuilder.readFrom(DateTimeZoneBuilder.java:1000)
	at org.joda.time.tz.DateTimeZoneBuilder.readFrom(DateTimeZoneBuilder.java:987)
	at org.joda.time.tz.ZoneInfoProvider.loadZoneData(ZoneInfoProvider.java:106)
	at org.joda.time.tz.ZoneInfoProvider.getZone(ZoneInfoProvider.java:60)
	at org.joda.time.DateTimeZone.forID(DateTimeZone.java:103)
	at org.joda.time.DateTimeZone.getDefault(DateTimeZone.java:63)
	at org.joda.time.format.TestISODateTimeFormatParsing.setUp(TestISODateTimeFormatParsing.java:51)
	at junit.framework.TestCase.runBare(TestCase.java:139)
	at junit.framework.TestResult$1.protect(TestResult.java:122)
	at junit.framework.TestResult.runProtected(TestResult.java:142)
	at junit.framework.TestResult.run(TestResult.java:125)
	at junit.framework.TestCase.run(TestCase.java:129)
	at junit.framework.TestSuite.runTest(TestSuite.java:255)
	at junit.framework.TestSuite.run(TestSuite.java:250)
	at org.junit.internal.runners.JUnit38ClassRunner.run(JUnit38ClassRunner.java:84)
	at org.junit.runner.JUnitCore.run(JUnitCore.java:160)
	at org.junit.runner.JUnitCore.run(JUnitCore.java:138)
	at xxl.java.junit.JUnitSingleTestResultRunner.call(JUnitSingleTestResultRunner.java:27)
	at xxl.java.junit.JUnitSingleTestResultRunner.call(JUnitSingleTestResultRunner.java:10)
	at java.util.concurrent.FutureTask.run(FutureTask.java:266)
	at java.util.concurrent.ThreadPoolExecutor.runWorker(ThreadPoolExecutor.java:1149)
	at java.util.concurrent.ThreadPoolExecutor$Worker.run(ThreadPoolExecutor.java:624)
	at java.lang.Thread.run(Thread.java:748)
Exception in thread "pool-27812-thread-1" java.io.IOException: Invalid encoding
	at org.joda.time.tz.DateTimeZoneBuilder$PrecalculatedZone.readFrom(DateTimeZoneBuilder.java:703)
	at org.joda.time.tz.DateTimeZoneBuilder.readFrom(DateTimeZoneBuilder.java:1000)
	at org.joda.time.tz.DateTimeZoneBuilder.readFrom(DateTimeZoneBuilder.java:987)
	at org.joda.time.tz.ZoneInfoProvider.loadZoneData(ZoneInfoProvider.java:106)
	at org.joda.time.tz.ZoneInfoProvider.getZone(ZoneInfoProvider.java:60)
	at org.joda.time.DateTimeZone.forID(DateTimeZone.java:103)
	at org.joda.time.format.TestISODateTimeFormatParsing.setUp(TestISODateTimeFormatParsing.java:54)
	at junit.framework.TestCase.runBare(TestCase.java:139)
	at junit.framework.TestResult$1.protect(TestResult.java:122)
	at junit.framework.TestResult.runProtected(TestResult.java:142)
	at junit.framework.TestResult.run(TestResult.java:125)
	at junit.framework.TestCase.run(TestCase.java:129)
	at junit.framework.TestSuite.runTest(TestSuite.java:255)
	at junit.framework.TestSuite.run(TestSuite.java:250)
	at org.junit.internal.runners.JUnit38ClassRunner.run(JUnit38ClassRunner.java:84)
	at org.junit.runner.JUnitCore.run(JUnitCore.java:160)
	at org.junit.runner.JUnitCore.run(JUnitCore.java:138)
	at xxl.java.junit.JUnitSingleTestResultRunner.call(JUnitSingleTestResultRunner.java:27)
	at xxl.java.junit.JUnitSingleTestResultRunner.call(JUnitSingleTestResultRunner.java:10)
	at java.util.concurrent.FutureTask.run(FutureTask.java:266)
	at java.util.concurrent.ThreadPoolExecutor.runWorker(ThreadPoolExecutor.java:1149)
	at java.util.concurrent.ThreadPoolExecutor$Worker.run(ThreadPoolExecutor.java:624)
	at java.lang.Thread.run(Thread.java:748)
Exception in thread "pool-27817-thread-1" java.io.IOException: Invalid encoding
	at org.joda.time.tz.DateTimeZoneBuilder$PrecalculatedZone.readFrom(DateTimeZoneBuilder.java:703)
	at org.joda.time.tz.DateTimeZoneBuilder.readFrom(DateTimeZoneBuilder.java:1000)
	at org.joda.time.tz.DateTimeZoneBuilder.readFrom(DateTimeZoneBuilder.java:987)
	at org.joda.time.tz.ZoneInfoProvider.loadZoneData(ZoneInfoProvider.java:106)
	at org.joda.time.tz.ZoneInfoProvider.getZone(ZoneInfoProvider.java:60)
	at org.joda.time.DateTimeZone.forID(DateTimeZone.java:103)
	at org.joda.time.TestDateTime_Properties.<clinit>(TestDateTime_Properties.java:37)
	at sun.reflect.NativeMethodAccessorImpl.invoke0(Native Method)
	at sun.reflect.NativeMethodAccessorImpl.invoke(NativeMethodAccessorImpl.java:62)
	at sun.reflect.DelegatingMethodAccessorImpl.invoke(DelegatingMethodAccessorImpl.java:43)
	at java.lang.reflect.Method.invoke(Method.java:498)
	at org.junit.internal.runners.SuiteMethod.testFromSuiteMethod(SuiteMethod.java:35)
	at org.junit.internal.runners.SuiteMethod.<init>(SuiteMethod.java:24)
	at org.junit.internal.builders.SuiteMethodBuilder.runnerForClass(SuiteMethodBuilder.java:11)
	at org.junit.runners.model.RunnerBuilder.safeRunnerForClass(RunnerBuilder.java:59)
	at org.junit.internal.builders.AllDefaultPossibilitiesBuilder.runnerForClass(AllDefaultPossibilitiesBuilder.java:26)
	at org.junit.runners.model.RunnerBuilder.safeRunnerForClass(RunnerBuilder.java:59)
	at org.junit.internal.requests.ClassRequest.getRunner(ClassRequest.java:26)
	at org.junit.internal.requests.FilterRequest.getRunner(FilterRequest.java:31)
	at org.junit.runner.JUnitCore.run(JUnitCore.java:138)
	at xxl.java.junit.JUnitSingleTestResultRunner.call(JUnitSingleTestResultRunner.java:27)
	at xxl.java.junit.JUnitSingleTestResultRunner.call(JUnitSingleTestResultRunner.java:10)
	at java.util.concurrent.FutureTask.run(FutureTask.java:266)
	at java.util.concurrent.ThreadPoolExecutor.runWorker(ThreadPoolExecutor.java:1149)
	at java.util.concurrent.ThreadPoolExecutor$Worker.run(ThreadPoolExecutor.java:624)
	at java.lang.Thread.run(Thread.java:748)
Exception in thread "pool-27835-thread-1" java.io.IOException: Invalid encoding
	at org.joda.time.tz.DateTimeZoneBuilder$PrecalculatedZone.readFrom(DateTimeZoneBuilder.java:703)
	at org.joda.time.tz.DateTimeZoneBuilder.readFrom(DateTimeZoneBuilder.java:1000)
	at org.joda.time.tz.DateTimeZoneBuilder.readFrom(DateTimeZoneBuilder.java:987)
	at org.joda.time.tz.ZoneInfoProvider.loadZoneData(ZoneInfoProvider.java:106)
	at org.joda.time.tz.ZoneInfoProvider.getZone(ZoneInfoProvider.java:60)
	at org.joda.time.DateTimeZone.forID(DateTimeZone.java:103)
	at org.joda.time.DateTimeUtils.put(DateTimeUtils.java:61)
	at org.joda.time.DateTimeUtils.<clinit>(DateTimeUtils.java:50)
	at org.joda.time.tz.DateTimeZoneBuilder$RuleSet.<clinit>(DateTimeZoneBuilder.java:387)
	at org.joda.time.tz.DateTimeZoneBuilder.addCutover(DateTimeZoneBuilder.java:1077)
	at org.joda.time.tz.TestBuilder.buildAmericaLosAngelesBuilder(TestBuilder.java:166)
	at org.joda.time.tz.TestBuilder.testSerialization(TestBuilder.java:278)
	at sun.reflect.NativeMethodAccessorImpl.invoke0(Native Method)
	at sun.reflect.NativeMethodAccessorImpl.invoke(NativeMethodAccessorImpl.java:62)
	at sun.reflect.DelegatingMethodAccessorImpl.invoke(DelegatingMethodAccessorImpl.java:43)
	at java.lang.reflect.Method.invoke(Method.java:498)
	at junit.framework.TestCase.runTest(TestCase.java:176)
	at junit.framework.TestCase.runBare(TestCase.java:141)
	at junit.framework.TestResult$1.protect(TestResult.java:122)
	at junit.framework.TestResult.runProtected(TestResult.java:142)
	at junit.framework.TestResult.run(TestResult.java:125)
	at junit.framework.TestCase.run(TestCase.java:129)
	at junit.framework.TestSuite.runTest(TestSuite.java:255)
	at junit.framework.TestSuite.run(TestSuite.java:250)
	at org.junit.internal.runners.JUnit38ClassRunner.run(JUnit38ClassRunner.java:84)
	at org.junit.runner.JUnitCore.run(JUnitCore.java:160)
	at org.junit.runner.JUnitCore.run(JUnitCore.java:138)
	at xxl.java.junit.JUnitSingleTestResultRunner.call(JUnitSingleTestResultRunner.java:27)
	at xxl.java.junit.JUnitSingleTestResultRunner.call(JUnitSingleTestResultRunner.java:10)
	at java.util.concurrent.FutureTask.run(FutureTask.java:266)
	at java.util.concurrent.ThreadPoolExecutor.runWorker(ThreadPoolExecutor.java:1149)
	at java.util.concurrent.ThreadPoolExecutor$Worker.run(ThreadPoolExecutor.java:624)
	at java.lang.Thread.run(Thread.java:748)
Exception in thread "pool-27835-thread-1" java.io.IOException: Invalid encoding
	at org.joda.time.tz.DateTimeZoneBuilder$PrecalculatedZone.readFrom(DateTimeZoneBuilder.java:703)
	at org.joda.time.tz.DateTimeZoneBuilder.readFrom(DateTimeZoneBuilder.java:1000)
	at org.joda.time.tz.DateTimeZoneBuilder.readFrom(DateTimeZoneBuilder.java:987)
	at org.joda.time.tz.ZoneInfoProvider.loadZoneData(ZoneInfoProvider.java:106)
	at org.joda.time.tz.ZoneInfoProvider.getZone(ZoneInfoProvider.java:60)
	at org.joda.time.DateTimeZone.forID(DateTimeZone.java:103)
	at org.joda.time.DateTimeUtils.put(DateTimeUtils.java:61)
	at org.joda.time.DateTimeUtils.<clinit>(DateTimeUtils.java:52)
	at org.joda.time.tz.DateTimeZoneBuilder$RuleSet.<clinit>(DateTimeZoneBuilder.java:387)
	at org.joda.time.tz.DateTimeZoneBuilder.addCutover(DateTimeZoneBuilder.java:1077)
	at org.joda.time.tz.TestBuilder.buildAmericaLosAngelesBuilder(TestBuilder.java:166)
	at org.joda.time.tz.TestBuilder.testSerialization(TestBuilder.java:278)
	at sun.reflect.NativeMethodAccessorImpl.invoke0(Native Method)
	at sun.reflect.NativeMethodAccessorImpl.invoke(NativeMethodAccessorImpl.java:62)
	at sun.reflect.DelegatingMethodAccessorImpl.invoke(DelegatingMethodAccessorImpl.java:43)
	at java.lang.reflect.Method.invoke(Method.java:498)
	at junit.framework.TestCase.runTest(TestCase.java:176)
	at junit.framework.TestCase.runBare(TestCase.java:141)
	at junit.framework.TestResult$1.protect(TestResult.java:122)
	at junit.framework.TestResult.runProtected(TestResult.java:142)
	at junit.framework.TestResult.run(TestResult.java:125)
	at junit.framework.TestCase.run(TestCase.java:129)
	at junit.framework.TestSuite.runTest(TestSuite.java:255)
	at junit.framework.TestSuite.run(TestSuite.java:250)
	at org.junit.internal.runners.JUnit38ClassRunner.run(JUnit38ClassRunner.java:84)
	at org.junit.runner.JUnitCore.run(JUnitCore.java:160)
	at org.junit.runner.JUnitCore.run(JUnitCore.java:138)
	at xxl.java.junit.JUnitSingleTestResultRunner.call(JUnitSingleTestResultRunner.java:27)
	at xxl.java.junit.JUnitSingleTestResultRunner.call(JUnitSingleTestResultRunner.java:10)
	at java.util.concurrent.FutureTask.run(FutureTask.java:266)
	at java.util.concurrent.ThreadPoolExecutor.runWorker(ThreadPoolExecutor.java:1149)
	at java.util.concurrent.ThreadPoolExecutor$Worker.run(ThreadPoolExecutor.java:624)
	at java.lang.Thread.run(Thread.java:748)
Exception in thread "pool-27835-thread-1" java.io.IOException: Invalid encoding
	at org.joda.time.tz.DateTimeZoneBuilder$PrecalculatedZone.readFrom(DateTimeZoneBuilder.java:703)
	at org.joda.time.tz.DateTimeZoneBuilder.readFrom(DateTimeZoneBuilder.java:1000)
	at org.joda.time.tz.DateTimeZoneBuilder.readFrom(DateTimeZoneBuilder.java:987)
	at org.joda.time.tz.ZoneInfoProvider.loadZoneData(ZoneInfoProvider.java:106)
	at org.joda.time.tz.ZoneInfoProvider.getZone(ZoneInfoProvider.java:60)
	at org.joda.time.DateTimeZone.forID(DateTimeZone.java:103)
	at org.joda.time.DateTimeUtils.put(DateTimeUtils.java:61)
	at org.joda.time.DateTimeUtils.<clinit>(DateTimeUtils.java:54)
	at org.joda.time.tz.DateTimeZoneBuilder$RuleSet.<clinit>(DateTimeZoneBuilder.java:387)
	at org.joda.time.tz.DateTimeZoneBuilder.addCutover(DateTimeZoneBuilder.java:1077)
	at org.joda.time.tz.TestBuilder.buildAmericaLosAngelesBuilder(TestBuilder.java:166)
	at org.joda.time.tz.TestBuilder.testSerialization(TestBuilder.java:278)
	at sun.reflect.NativeMethodAccessorImpl.invoke0(Native Method)
	at sun.reflect.NativeMethodAccessorImpl.invoke(NativeMethodAccessorImpl.java:62)
	at sun.reflect.DelegatingMethodAccessorImpl.invoke(DelegatingMethodAccessorImpl.java:43)
	at java.lang.reflect.Method.invoke(Method.java:498)
	at junit.framework.TestCase.runTest(TestCase.java:176)
	at junit.framework.TestCase.runBare(TestCase.java:141)
	at junit.framework.TestResult$1.protect(TestResult.java:122)
	at junit.framework.TestResult.runProtected(TestResult.java:142)
	at junit.framework.TestResult.run(TestResult.java:125)
	at junit.framework.TestCase.run(TestCase.java:129)
	at junit.framework.TestSuite.runTest(TestSuite.java:255)
	at junit.framework.TestSuite.run(TestSuite.java:250)
	at org.junit.internal.runners.JUnit38ClassRunner.run(JUnit38ClassRunner.java:84)
	at org.junit.runner.JUnitCore.run(JUnitCore.java:160)
	at org.junit.runner.JUnitCore.run(JUnitCore.java:138)
	at xxl.java.junit.JUnitSingleTestResultRunner.call(JUnitSingleTestResultRunner.java:27)
	at xxl.java.junit.JUnitSingleTestResultRunner.call(JUnitSingleTestResultRunner.java:10)
	at java.util.concurrent.FutureTask.run(FutureTask.java:266)
	at java.util.concurrent.ThreadPoolExecutor.runWorker(ThreadPoolExecutor.java:1149)
	at java.util.concurrent.ThreadPoolExecutor$Worker.run(ThreadPoolExecutor.java:624)
	at java.lang.Thread.run(Thread.java:748)
Exception in thread "pool-27836-thread-1" java.io.IOException: Invalid encoding
	at org.joda.time.tz.DateTimeZoneBuilder$PrecalculatedZone.readFrom(DateTimeZoneBuilder.java:703)
	at org.joda.time.tz.DateTimeZoneBuilder.readFrom(DateTimeZoneBuilder.java:1000)
	at org.joda.time.tz.DateTimeZoneBuilder.readFrom(DateTimeZoneBuilder.java:987)
	at org.joda.time.tz.ZoneInfoProvider.loadZoneData(ZoneInfoProvider.java:106)
	at org.joda.time.tz.ZoneInfoProvider.getZone(ZoneInfoProvider.java:60)
	at org.joda.time.DateTimeZone.forID(DateTimeZone.java:103)
	at org.joda.time.tz.TestCompiler.test_Amman_2003(TestCompiler.java:197)
	at sun.reflect.NativeMethodAccessorImpl.invoke0(Native Method)
	at sun.reflect.NativeMethodAccessorImpl.invoke(NativeMethodAccessorImpl.java:62)
	at sun.reflect.DelegatingMethodAccessorImpl.invoke(DelegatingMethodAccessorImpl.java:43)
	at java.lang.reflect.Method.invoke(Method.java:498)
	at junit.framework.TestCase.runTest(TestCase.java:176)
	at junit.framework.TestCase.runBare(TestCase.java:141)
	at junit.framework.TestResult$1.protect(TestResult.java:122)
	at junit.framework.TestResult.runProtected(TestResult.java:142)
	at junit.framework.TestResult.run(TestResult.java:125)
	at junit.framework.TestCase.run(TestCase.java:129)
	at junit.framework.TestSuite.runTest(TestSuite.java:255)
	at junit.framework.TestSuite.run(TestSuite.java:250)
	at org.junit.internal.runners.JUnit38ClassRunner.run(JUnit38ClassRunner.java:84)
	at org.junit.runner.JUnitCore.run(JUnitCore.java:160)
	at org.junit.runner.JUnitCore.run(JUnitCore.java:138)
	at xxl.java.junit.JUnitSingleTestResultRunner.call(JUnitSingleTestResultRunner.java:27)
	at xxl.java.junit.JUnitSingleTestResultRunner.call(JUnitSingleTestResultRunner.java:10)
	at java.util.concurrent.FutureTask.run(FutureTask.java:266)
	at java.util.concurrent.ThreadPoolExecutor.runWorker(ThreadPoolExecutor.java:1149)
	at java.util.concurrent.ThreadPoolExecutor$Worker.run(ThreadPoolExecutor.java:624)
	at java.lang.Thread.run(Thread.java:748)
Exception in thread "pool-29024-thread-1" java.io.IOException: Resource not found: "org/joda/time/tz/data/UTC" ClassLoader: xxl.java.compiler.BytecodeClassLoader@32d9ef1a
	at org.joda.time.tz.ZoneInfoProvider.openResource(ZoneInfoProvider.java:104)
	at org.joda.time.tz.ZoneInfoProvider.loadZoneData(ZoneInfoProvider.java:113)
	at org.joda.time.tz.ZoneInfoProvider.getZone(ZoneInfoProvider.java:77)
	at org.joda.time.DateTimeZone.setProvider0(DateTimeZone.java:241)
	at org.joda.time.DateTimeZone.<clinit>(DateTimeZone.java:46)
	at org.joda.time.TestDateTimeZone.<clinit>(TestDateTimeZone.java:70)
	at sun.reflect.NativeMethodAccessorImpl.invoke0(Native Method)
	at sun.reflect.NativeMethodAccessorImpl.invoke(NativeMethodAccessorImpl.java:62)
	at sun.reflect.DelegatingMethodAccessorImpl.invoke(DelegatingMethodAccessorImpl.java:43)
	at java.lang.reflect.Method.invoke(Method.java:498)
	at org.junit.internal.runners.SuiteMethod.testFromSuiteMethod(SuiteMethod.java:35)
	at org.junit.internal.runners.SuiteMethod.<init>(SuiteMethod.java:24)
	at org.junit.internal.builders.SuiteMethodBuilder.runnerForClass(SuiteMethodBuilder.java:11)
	at org.junit.runners.model.RunnerBuilder.safeRunnerForClass(RunnerBuilder.java:59)
	at org.junit.internal.builders.AllDefaultPossibilitiesBuilder.runnerForClass(AllDefaultPossibilitiesBuilder.java:26)
	at org.junit.runners.model.RunnerBuilder.safeRunnerForClass(RunnerBuilder.java:59)
	at org.junit.internal.requests.ClassRequest.getRunner(ClassRequest.java:26)
	at org.junit.internal.requests.FilterRequest.getRunner(FilterRequest.java:31)
	at org.junit.runner.JUnitCore.run(JUnitCore.java:138)
	at xxl.java.junit.JUnitSingleTestRunner.call(JUnitSingleTestRunner.java:23)
	at xxl.java.junit.JUnitSingleTestRunner.call(JUnitSingleTestRunner.java:10)
	at java.util.concurrent.FutureTask.run(FutureTask.java:266)
	at java.util.concurrent.ThreadPoolExecutor.runWorker(ThreadPoolExecutor.java:1149)
	at java.util.concurrent.ThreadPoolExecutor$Worker.run(ThreadPoolExecutor.java:624)
	at java.lang.Thread.run(Thread.java:748)
Exception in thread "pool-29474-thread-1" java.io.IOException: Resource not found: "org/joda/time/tz/data/UTC" ClassLoader: xxl.java.compiler.BytecodeClassLoader@4ab1d357
	at org.joda.time.tz.ZoneInfoProvider.openResource(ZoneInfoProvider.java:102)
	at org.joda.time.tz.ZoneInfoProvider.loadZoneData(ZoneInfoProvider.java:111)
	at org.joda.time.tz.ZoneInfoProvider.getZone(ZoneInfoProvider.java:75)
	at org.joda.time.DateTimeZone.setProvider0(DateTimeZone.java:241)
	at org.joda.time.DateTimeZone.<clinit>(DateTimeZone.java:46)
	at org.joda.time.TestDateTimeZone.<clinit>(TestDateTimeZone.java:70)
	at sun.reflect.NativeMethodAccessorImpl.invoke0(Native Method)
	at sun.reflect.NativeMethodAccessorImpl.invoke(NativeMethodAccessorImpl.java:62)
	at sun.reflect.DelegatingMethodAccessorImpl.invoke(DelegatingMethodAccessorImpl.java:43)
	at java.lang.reflect.Method.invoke(Method.java:498)
	at org.junit.internal.runners.SuiteMethod.testFromSuiteMethod(SuiteMethod.java:35)
	at org.junit.internal.runners.SuiteMethod.<init>(SuiteMethod.java:24)
	at org.junit.internal.builders.SuiteMethodBuilder.runnerForClass(SuiteMethodBuilder.java:11)
	at org.junit.runners.model.RunnerBuilder.safeRunnerForClass(RunnerBuilder.java:59)
	at org.junit.internal.builders.AllDefaultPossibilitiesBuilder.runnerForClass(AllDefaultPossibilitiesBuilder.java:26)
	at org.junit.runners.model.RunnerBuilder.safeRunnerForClass(RunnerBuilder.java:59)
	at org.junit.internal.requests.ClassRequest.getRunner(ClassRequest.java:26)
	at org.junit.internal.requests.FilterRequest.getRunner(FilterRequest.java:31)
	at org.junit.runner.JUnitCore.run(JUnitCore.java:138)
	at xxl.java.junit.JUnitSingleTestRunner.call(JUnitSingleTestRunner.java:23)
	at xxl.java.junit.JUnitSingleTestRunner.call(JUnitSingleTestRunner.java:10)
	at java.util.concurrent.FutureTask.run(FutureTask.java:266)
	at java.util.concurrent.ThreadPoolExecutor.runWorker(ThreadPoolExecutor.java:1149)
	at java.util.concurrent.ThreadPoolExecutor$Worker.run(ThreadPoolExecutor.java:624)
	at java.lang.Thread.run(Thread.java:748)
Exception in thread "pool-29924-thread-1" java.io.IOException: Resource not found: "org/joda/time/tz/data/UTC" ClassLoader: xxl.java.compiler.BytecodeClassLoader@1ab2cba3
	at org.joda.time.tz.ZoneInfoProvider.openResource(ZoneInfoProvider.java:102)
	at org.joda.time.tz.ZoneInfoProvider.loadZoneData(ZoneInfoProvider.java:111)
	at org.joda.time.tz.ZoneInfoProvider.getZone(ZoneInfoProvider.java:75)
	at org.joda.time.DateTimeZone.setProvider0(DateTimeZone.java:241)
	at org.joda.time.DateTimeZone.<clinit>(DateTimeZone.java:46)
	at org.joda.time.TestDateTimeZone.<clinit>(TestDateTimeZone.java:70)
	at sun.reflect.NativeMethodAccessorImpl.invoke0(Native Method)
	at sun.reflect.NativeMethodAccessorImpl.invoke(NativeMethodAccessorImpl.java:62)
	at sun.reflect.DelegatingMethodAccessorImpl.invoke(DelegatingMethodAccessorImpl.java:43)
	at java.lang.reflect.Method.invoke(Method.java:498)
	at org.junit.internal.runners.SuiteMethod.testFromSuiteMethod(SuiteMethod.java:35)
	at org.junit.internal.runners.SuiteMethod.<init>(SuiteMethod.java:24)
	at org.junit.internal.builders.SuiteMethodBuilder.runnerForClass(SuiteMethodBuilder.java:11)
	at org.junit.runners.model.RunnerBuilder.safeRunnerForClass(RunnerBuilder.java:59)
	at org.junit.internal.builders.AllDefaultPossibilitiesBuilder.runnerForClass(AllDefaultPossibilitiesBuilder.java:26)
	at org.junit.runners.model.RunnerBuilder.safeRunnerForClass(RunnerBuilder.java:59)
	at org.junit.internal.requests.ClassRequest.getRunner(ClassRequest.java:26)
	at org.junit.internal.requests.FilterRequest.getRunner(FilterRequest.java:31)
	at org.junit.runner.JUnitCore.run(JUnitCore.java:138)
	at xxl.java.junit.JUnitSingleTestRunner.call(JUnitSingleTestRunner.java:23)
	at xxl.java.junit.JUnitSingleTestRunner.call(JUnitSingleTestRunner.java:10)
	at java.util.concurrent.FutureTask.run(FutureTask.java:266)
	at java.util.concurrent.ThreadPoolExecutor.runWorker(ThreadPoolExecutor.java:1149)
	at java.util.concurrent.ThreadPoolExecutor$Worker.run(ThreadPoolExecutor.java:624)
	at java.lang.Thread.run(Thread.java:748)
com.sun.jdi.ClassNotPreparedException
	at com.sun.tools.jdi.JDWPException.toJDIException(JDWPException.java:51)
	at com.sun.tools.jdi.ReferenceTypeImpl.getInterfaces(ReferenceTypeImpl.java:572)
	at com.sun.tools.jdi.ClassTypeImpl.interfaces(ClassTypeImpl.java:70)
	at com.sun.tools.jdi.ClassTypeImpl.addVisibleMethods(ClassTypeImpl.java:392)
	at com.sun.tools.jdi.ReferenceTypeImpl.visibleMethods(ReferenceTypeImpl.java:526)
	at fr.inria.lille.repair.synthesis.collect.DataCollector.getMethods(DataCollector.java:323)
	at fr.inria.lille.repair.synthesis.collect.DataCollector.collectStaticMethods(DataCollector.java:303)
	at fr.inria.lille.repair.synthesis.collect.DataCollector.collect(DataCollector.java:118)
	at fr.inria.lille.repair.synthesis.DynamothCodeGenesisImpl.collectRuntimeValues(DynamothCodeGenesisImpl.java:388)
	at fr.inria.lille.repair.synthesis.DynamothCodeGenesisImpl.processBreakPointEvents(DynamothCodeGenesisImpl.java:290)
	at fr.inria.lille.repair.synthesis.DynamothCodeGenesisImpl.processVMEvents(DynamothCodeGenesisImpl.java:187)
	at fr.inria.lille.repair.synthesis.DynamothCodeGenesisImpl.run(DynamothCodeGenesisImpl.java:156)
	at fr.inria.lille.repair.nopol.synth.dynamoth.DynamothSynthesizer.buildPatch(DynamothSynthesizer.java:150)
	at fr.inria.lille.repair.nopol.NoPol.runNopolProcessor(NoPol.java:287)
	at fr.inria.lille.repair.nopol.NoPol.access$000(NoPol.java:90)
	at fr.inria.lille.repair.nopol.NoPol$1.call(NoPol.java:254)
	at java.util.concurrent.FutureTask.run(FutureTask.java:266)
	at java.util.concurrent.ThreadPoolExecutor.runWorker(ThreadPoolExecutor.java:1149)
	at java.util.concurrent.ThreadPoolExecutor$Worker.run(ThreadPoolExecutor.java:624)
	at java.lang.Thread.run(Thread.java:748)
com.sun.jdi.ClassNotPreparedException
	at com.sun.tools.jdi.JDWPException.toJDIException(JDWPException.java:51)
	at com.sun.tools.jdi.ReferenceTypeImpl.getInterfaces(ReferenceTypeImpl.java:572)
	at com.sun.tools.jdi.ClassTypeImpl.interfaces(ClassTypeImpl.java:70)
	at com.sun.tools.jdi.ClassTypeImpl.addVisibleMethods(ClassTypeImpl.java:392)
	at com.sun.tools.jdi.ReferenceTypeImpl.visibleMethods(ReferenceTypeImpl.java:526)
	at fr.inria.lille.repair.synthesis.collect.DataCollector.getMethods(DataCollector.java:323)
	at fr.inria.lille.repair.synthesis.collect.DataCollector.collectStaticMethods(DataCollector.java:303)
	at fr.inria.lille.repair.synthesis.collect.DataCollector.collect(DataCollector.java:118)
	at fr.inria.lille.repair.synthesis.DynamothCodeGenesisImpl.collectRuntimeValues(DynamothCodeGenesisImpl.java:388)
	at fr.inria.lille.repair.synthesis.DynamothCodeGenesisImpl.processBreakPointEvents(DynamothCodeGenesisImpl.java:290)
	at fr.inria.lille.repair.synthesis.DynamothCodeGenesisImpl.processVMEvents(DynamothCodeGenesisImpl.java:187)
	at fr.inria.lille.repair.synthesis.DynamothCodeGenesisImpl.run(DynamothCodeGenesisImpl.java:156)
	at fr.inria.lille.repair.nopol.synth.dynamoth.DynamothSynthesizer.buildPatch(DynamothSynthesizer.java:150)
	at fr.inria.lille.repair.nopol.NoPol.runNopolProcessor(NoPol.java:287)
	at fr.inria.lille.repair.nopol.NoPol.access$000(NoPol.java:90)
	at fr.inria.lille.repair.nopol.NoPol$1.call(NoPol.java:254)
	at java.util.concurrent.FutureTask.run(FutureTask.java:266)
	at java.util.concurrent.ThreadPoolExecutor.runWorker(ThreadPoolExecutor.java:1149)
	at java.util.concurrent.ThreadPoolExecutor$Worker.run(ThreadPoolExecutor.java:624)
	at java.lang.Thread.run(Thread.java:748)
com.sun.jdi.ClassNotPreparedException
	at com.sun.tools.jdi.JDWPException.toJDIException(JDWPException.java:51)
	at com.sun.tools.jdi.ReferenceTypeImpl.getInterfaces(ReferenceTypeImpl.java:572)
	at com.sun.tools.jdi.ClassTypeImpl.interfaces(ClassTypeImpl.java:70)
	at com.sun.tools.jdi.ClassTypeImpl.addVisibleMethods(ClassTypeImpl.java:392)
	at com.sun.tools.jdi.ReferenceTypeImpl.visibleMethods(ReferenceTypeImpl.java:526)
	at fr.inria.lille.repair.synthesis.collect.DataCollector.getMethods(DataCollector.java:323)
	at fr.inria.lille.repair.synthesis.collect.DataCollector.collectStaticMethods(DataCollector.java:303)
	at fr.inria.lille.repair.synthesis.collect.DataCollector.collect(DataCollector.java:118)
	at fr.inria.lille.repair.synthesis.DynamothCodeGenesisImpl.collectRuntimeValues(DynamothCodeGenesisImpl.java:388)
	at fr.inria.lille.repair.synthesis.DynamothCodeGenesisImpl.processBreakPointEvents(DynamothCodeGenesisImpl.java:290)
	at fr.inria.lille.repair.synthesis.DynamothCodeGenesisImpl.processVMEvents(DynamothCodeGenesisImpl.java:187)
	at fr.inria.lille.repair.synthesis.DynamothCodeGenesisImpl.run(DynamothCodeGenesisImpl.java:156)
	at fr.inria.lille.repair.nopol.synth.dynamoth.DynamothSynthesizer.buildPatch(DynamothSynthesizer.java:150)
	at fr.inria.lille.repair.nopol.NoPol.runNopolProcessor(NoPol.java:287)
	at fr.inria.lille.repair.nopol.NoPol.access$000(NoPol.java:90)
	at fr.inria.lille.repair.nopol.NoPol$1.call(NoPol.java:254)
	at java.util.concurrent.FutureTask.run(FutureTask.java:266)
	at java.util.concurrent.ThreadPoolExecutor.runWorker(ThreadPoolExecutor.java:1149)
	at java.util.concurrent.ThreadPoolExecutor$Worker.run(ThreadPoolExecutor.java:624)
	at java.lang.Thread.run(Thread.java:748)
Command exited with non-zero status 255
8091.94user 873.78system 1:57:27elapsed 127%CPU (0avgtext+0avgdata 5627700maxresident)k
104264inputs+225456outputs (44major+6038017minor)pagefaults 0swaps
