export PATH="/home/tdurieux/defects4j/framework/bin:$PATH";export JAVA_TOOL_OPTIONS=-Dfile.encoding=UTF8;export PATH="/usr/lib/jvm/java-1.7.0-openjdk-amd64/bin/:$PATH";cp -r /home/tdurieux/projects/math/math_48 /tmp/math_48_BrutpolPC;cd /tmp/math_48_BrutpolPC;defects4j compile;mkdir lib/;cp -r /home/tdurieux/defects4j/framework/projects/lib/* lib/;cp -r /home/tdurieux/defects4j/framework/projects/Math/lib/* lib/;find . -type f -name "package-info.java" -delete;
cd /tmp/math_48_BrutpolPC;export JAVA_TOOL_OPTIONS=-Dfile.encoding=UTF8;export PATH="/usr/lib/jvm/java-1.7.0-openjdk-amd64/bin/:$PATH";cp -r /home/tdurieux/defects4j-repair/src/python/core/../../../libs/z3 lib/z3;time java  -cp /home/tdurieux/defects4j-repair/src/python/core/../../..//libs/nopol.jar:/usr/lib/jvm/java-1.7.0-openjdk-amd64/bin//../lib/tools.jar fr.inria.lille.repair.Main --mode repair --type precondition --oracle angelic --synthesis brutpol --solver z3 --solver-path /home/tdurieux/defects4j-repair/src/python/core/../../..//libs/z3/z3 --complianceLevel 5 --source src/main/java/ --classpath target/classes/:target/test-classes/:lib/commons-discovery-0.5.jar:/home/tdurieux/defects4j-repair/src/python/core/../../..//libs/nopol.jar;echo "

Node: `hostname`
";echo "
Date: `date`
";rm -rf /tmp/math_48_BrutpolPC;

01:12:54.648 [Thread-29] DEBUG f.i.l.c.t.SpecificationTestCasesListener - [#2. FAILED]
01:12:54.649 [Thread-29] DEBUG f.i.l.c.t.SpecificationTestCasesListener - Tests run finished (2563654 ms)
<> Total tests run: 1
<> Ignored tests: 0
<> Failed tests: 1
~ testIssue631(org.apache.commons.math.analysis.solvers.RegulaFalsiSolverTest)
[Unexpected exception, expected<org.apache.commons.math.exception.ConvergenceException> but was<java.lang.OutOfMemoryError>]
java.lang.Exception: Unexpected exception, expected<org.apache.commons.math.exception.ConvergenceException> but was<java.lang.OutOfMemoryError>
    at org.junit.internal.runners.statements.ExpectException.evaluate(ExpectException.java:28)
    at org.junit.runners.ParentRunner.runLeaf(ParentRunner.java:271)
    at org.junit.runners.BlockJUnit4ClassRunner.runChild(BlockJUnit4ClassRunner.java:70)
    at org.junit.runners.BlockJUnit4ClassRunner.runChild(BlockJUnit4ClassRunner.java:50)
    at org.junit.runners.ParentRunner$3.run(ParentRunner.java:238)
    at org.junit.runners.ParentRunner$1.schedule(ParentRunner.java:63)
Nb classes : 573
Nb methods : 3594
Nb statements: 23347
Nb statement executed by the passing tests of the patched line: 0
Nb statement executed by the failing tests of the patched line: 0
Nb unit tests : 2995
Nb Statements Analyzed : 19
Nb Statements with Angelic Value Found : 0
Nb run failing test  : [2, 2, 2, 2, 2]
Nb run passing test : [1, 1, 1, 1, 1]
NoPol Execution time : 2727001ms


Node: graphene-99.nancy.grid5000.fr


Date: Thu Aug 20 03:13:08 CEST 2015


