Running ant (compile)...................................................... OK
Running ant (compile.tests)................................................ OK
mkdir: cannot create directory ‘lib/’: File exists
cp: cannot stat ‘/home/tdurieux/defects4j/framework/projects/Closure/lib/*’: No such file or directory
Picked up JAVA_TOOL_OPTIONS: -Dfile.encoding=UTF8
java.lang.NullPointerException
	at spoon.support.compiler.jdt.JDTTreeBuilder.hasTypeInImports(JDTTreeBuilder.java:415)
	at spoon.support.compiler.jdt.JDTTreeBuilder.getQualifiedTypeReference(JDTTreeBuilder.java:530)
	at spoon.support.compiler.jdt.JDTTreeBuilder.visit(JDTTreeBuilder.java:2257)
	at org.eclipse.jdt.internal.compiler.ast.Argument.traverse(Argument.java:230)
	at spoon.support.compiler.jdt.JDTTreeBuilder.visit(JDTTreeBuilder.java:3058)
	at org.eclipse.jdt.internal.compiler.ast.MethodDeclaration.traverse(MethodDeclaration.java:327)
	at spoon.support.compiler.jdt.JDTTreeBuilder.visit(JDTTreeBuilder.java:3800)
	at org.eclipse.jdt.internal.compiler.ast.TypeDeclaration.traverse(TypeDeclaration.java:1319)
	at org.eclipse.jdt.internal.compiler.ast.CompilationUnitDeclaration.traverse(CompilationUnitDeclaration.java:748)
	at org.eclipse.jdt.internal.compiler.ast.CompilationUnitDeclaration.traverse(CompilationUnitDeclaration.java:709)
	at spoon.support.compiler.jdt.JDTBasedSpoonCompiler.buildSources(JDTBasedSpoonCompiler.java:436)
	at spoon.support.compiler.jdt.JDTBasedSpoonCompiler.build(JDTBasedSpoonCompiler.java:124)
	at spoon.support.compiler.jdt.JDTBasedSpoonCompiler.build(JDTBasedSpoonCompiler.java:107)
	at fr.inria.lille.commons.spoon.util.SpoonModelLibrary.modelFor(SpoonModelLibrary.java:44)
	at fr.inria.lille.commons.spoon.SpoonedFile.<init>(SpoonedFile.java:50)
	at fr.inria.lille.commons.spoon.SpoonedProject.<init>(SpoonedProject.java:17)
	at fr.inria.lille.repair.nopol.NoPol.<init>(NoPol.java:78)
	at fr.inria.lille.repair.nopol.NoPol.<init>(NoPol.java:84)
	at fr.inria.lille.repair.nopol.NoPolLauncher.launch(NoPolLauncher.java:78)
	at fr.inria.lille.repair.Main.main(Main.java:61)
Closure Compiler (http://code.google.com/closure/compiler)
Version: Unversioned directory
Built on: 2016/05/16 11:15
Closure Compiler (http://code.google.com/closure/compiler)
Version: Unversioned directory
Built on: 2016/05/16 11:15
Closure Compiler (http://code.google.com/closure/compiler)
Version: Unversioned directory
Built on: 2016/05/16 11:15
Closure Compiler (http://code.google.com/closure/compiler)
Version: Unversioned directory
Built on: 2016/05/16 11:15
Closure Compiler (http://code.google.com/closure/compiler)
Version: Unversioned directory
Built on: 2016/05/16 11:15
Closure Compiler (http://code.google.com/closure/compiler)
Version: Unversioned directory
Built on: 2016/05/16 11:15
Closure Compiler (http://code.google.com/closure/compiler)
Version: Unversioned directory
Built on: 2016/05/16 11:15
Closure Compiler (http://code.google.com/closure/compiler)
Version: Unversioned directory
Built on: 2016/05/16 11:15
Closure Compiler (http://code.google.com/closure/compiler)
Version: Unversioned directory
Built on: 2016/05/16 11:15
Closure Compiler (http://code.google.com/closure/compiler)
Version: Unversioned directory
Built on: 2016/05/16 11:15
Closure Compiler (http://code.google.com/closure/compiler)
Version: Unversioned directory
Built on: 2016/05/16 11:15
Closure Compiler (http://code.google.com/closure/compiler)
Version: Unversioned directory
Built on: 2016/05/16 11:15
java.lang.RuntimeException: java.lang.RuntimeException: java.lang.IllegalStateException: Cannot build without root node being specified
	at com.google.javascript.jscomp.Compiler.runCallable(Compiler.java:654)
	at com.google.javascript.jscomp.Compiler.runInCompilerThread(Compiler.java:599)
	at com.google.javascript.jscomp.Compiler.toSource(Compiler.java:1559)
	at com.google.javascript.jscomp.AbstractCommandLineRunner.processResults(AbstractCommandLineRunner.java:805)
	at com.google.javascript.jscomp.AbstractCommandLineRunner.doRun(AbstractCommandLineRunner.java:743)
	at com.google.javascript.jscomp.AbstractCommandLineRunner.run(AbstractCommandLineRunner.java:351)
	at com.google.javascript.jscomp.CommandLineRunnerTest.compile(CommandLineRunnerTest.java:1208)
	at com.google.javascript.jscomp.CommandLineRunnerTest.test(CommandLineRunnerTest.java:1091)
	at com.google.javascript.jscomp.CommandLineRunnerTest.test(CommandLineRunnerTest.java:1080)
	at com.google.javascript.jscomp.CommandLineRunnerTest.test(CommandLineRunnerTest.java:1072)
	at com.google.javascript.jscomp.CommandLineRunnerTest.testProcessCJS(CommandLineRunnerTest.java:1048)
	at sun.reflect.NativeMethodAccessorImpl.invoke0(Native Method)
	at sun.reflect.NativeMethodAccessorImpl.invoke(NativeMethodAccessorImpl.java:57)
	at sun.reflect.DelegatingMethodAccessorImpl.invoke(DelegatingMethodAccessorImpl.java:43)
	at java.lang.reflect.Method.invoke(Method.java:606)
	at junit.framework.TestCase.runTest(TestCase.java:176)
	at junit.framework.TestCase.runBare(TestCase.java:141)
	at junit.framework.TestResult$1.protect(TestResult.java:122)
	at junit.framework.TestResult.runProtected(TestResult.java:142)
	at junit.framework.TestResult.run(TestResult.java:125)
	at junit.framework.TestCase.run(TestCase.java:129)
	at junit.framework.TestSuite.runTest(TestSuite.java:255)
	at junit.framework.TestSuite.run(TestSuite.java:250)
	at org.junit.internal.runners.JUnit38ClassRunner.run(JUnit38ClassRunner.java:84)
	at org.junit.runner.JUnitCore.run(JUnitCore.java:160)
	at org.junit.runner.JUnitCore.run(JUnitCore.java:138)
	at xxl.java.junit.JUnitSingleTestRunner.call(JUnitSingleTestRunner.java:23)
	at xxl.java.junit.JUnitSingleTestRunner.call(JUnitSingleTestRunner.java:10)
	at java.util.concurrent.FutureTask.run(FutureTask.java:262)
	at java.util.concurrent.ThreadPoolExecutor.runWorker(ThreadPoolExecutor.java:1145)
	at java.util.concurrent.ThreadPoolExecutor$Worker.run(ThreadPoolExecutor.java:615)
	at java.lang.Thread.run(Thread.java:745)
Caused by: java.lang.RuntimeException: java.lang.IllegalStateException: Cannot build without root node being specified
	at com.google.javascript.jscomp.Compiler.runCallable(Compiler.java:654)
	at com.google.javascript.jscomp.Compiler.runInCompilerThread(Compiler.java:599)
	at com.google.javascript.jscomp.Compiler.toSource(Compiler.java:1675)
	at com.google.javascript.jscomp.Compiler$5.call(Compiler.java:1570)
	at com.google.javascript.jscomp.Compiler$5.call(Compiler.java:1559)
	at com.google.javascript.jscomp.Compiler$2.run(Compiler.java:626)
	... 1 more
Caused by: java.lang.IllegalStateException: Cannot build without root node being specified
	at com.google.javascript.jscomp.CodePrinter$Builder.build(CodePrinter.java:449)
	at com.google.javascript.jscomp.Compiler.toSource(Compiler.java:1764)
	at com.google.javascript.jscomp.Compiler.access$400(Compiler.java:77)
	at com.google.javascript.jscomp.Compiler$9.call(Compiler.java:1714)
	at com.google.javascript.jscomp.Compiler$9.call(Compiler.java:1675)
	... 2 more
java.lang.RuntimeException: java.lang.RuntimeException: java.lang.IllegalStateException: Cannot build without root node being specified
	at com.google.javascript.jscomp.Compiler.runCallable(Compiler.java:654)
	at com.google.javascript.jscomp.Compiler.runInCompilerThread(Compiler.java:599)
	at com.google.javascript.jscomp.Compiler.toSource(Compiler.java:1559)
	at com.google.javascript.jscomp.AbstractCommandLineRunner.processResults(AbstractCommandLineRunner.java:805)
	at com.google.javascript.jscomp.AbstractCommandLineRunner.doRun(AbstractCommandLineRunner.java:743)
	at com.google.javascript.jscomp.AbstractCommandLineRunner.run(AbstractCommandLineRunner.java:351)
	at com.google.javascript.jscomp.CommandLineRunnerTest.compile(CommandLineRunnerTest.java:1208)
	at com.google.javascript.jscomp.CommandLineRunnerTest.test(CommandLineRunnerTest.java:1091)
	at com.google.javascript.jscomp.CommandLineRunnerTest.test(CommandLineRunnerTest.java:1080)
	at com.google.javascript.jscomp.CommandLineRunnerTest.test(CommandLineRunnerTest.java:1072)
	at com.google.javascript.jscomp.CommandLineRunnerTest.testTransformAMDAndProcessCJS(CommandLineRunnerTest.java:1057)
	at sun.reflect.NativeMethodAccessorImpl.invoke0(Native Method)
	at sun.reflect.NativeMethodAccessorImpl.invoke(NativeMethodAccessorImpl.java:57)
	at sun.reflect.DelegatingMethodAccessorImpl.invoke(DelegatingMethodAccessorImpl.java:43)
	at java.lang.reflect.Method.invoke(Method.java:606)
	at junit.framework.TestCase.runTest(TestCase.java:176)
	at junit.framework.TestCase.runBare(TestCase.java:141)
	at junit.framework.TestResult$1.protect(TestResult.java:122)
	at junit.framework.TestResult.runProtected(TestResult.java:142)
	at junit.framework.TestResult.run(TestResult.java:125)
	at junit.framework.TestCase.run(TestCase.java:129)
	at junit.framework.TestSuite.runTest(TestSuite.java:255)
	at junit.framework.TestSuite.run(TestSuite.java:250)
	at org.junit.internal.runners.JUnit38ClassRunner.run(JUnit38ClassRunner.java:84)
	at org.junit.runner.JUnitCore.run(JUnitCore.java:160)
	at org.junit.runner.JUnitCore.run(JUnitCore.java:138)
	at xxl.java.junit.JUnitSingleTestRunner.call(JUnitSingleTestRunner.java:23)
	at xxl.java.junit.JUnitSingleTestRunner.call(JUnitSingleTestRunner.java:10)
	at java.util.concurrent.FutureTask.run(FutureTask.java:262)
	at java.util.concurrent.ThreadPoolExecutor.runWorker(ThreadPoolExecutor.java:1145)
	at java.util.concurrent.ThreadPoolExecutor$Worker.run(ThreadPoolExecutor.java:615)
	at java.lang.Thread.run(Thread.java:745)
Caused by: java.lang.RuntimeException: java.lang.IllegalStateException: Cannot build without root node being specified
	at com.google.javascript.jscomp.Compiler.runCallable(Compiler.java:654)
	at com.google.javascript.jscomp.Compiler.runInCompilerThread(Compiler.java:599)
	at com.google.javascript.jscomp.Compiler.toSource(Compiler.java:1675)
	at com.google.javascript.jscomp.Compiler$5.call(Compiler.java:1570)
	at com.google.javascript.jscomp.Compiler$5.call(Compiler.java:1559)
	at com.google.javascript.jscomp.Compiler$2.run(Compiler.java:626)
	... 1 more
Caused by: java.lang.IllegalStateException: Cannot build without root node being specified
	at com.google.javascript.jscomp.CodePrinter$Builder.build(CodePrinter.java:449)
	at com.google.javascript.jscomp.Compiler.toSource(Compiler.java:1764)
	at com.google.javascript.jscomp.Compiler.access$400(Compiler.java:77)
	at com.google.javascript.jscomp.Compiler$9.call(Compiler.java:1714)
	at com.google.javascript.jscomp.Compiler$9.call(Compiler.java:1675)
	... 2 more
Closure Compiler (http://code.google.com/closure/compiler)
Version: Unversioned directory
Built on: 2016/05/16 11:15
Closure Compiler (http://code.google.com/closure/compiler)
Version: Unversioned directory
Built on: 2016/05/16 11:15
Closure Compiler (http://code.google.com/closure/compiler)
Version: Unversioned directory
Built on: 2016/05/16 11:15
Closure Compiler (http://code.google.com/closure/compiler)
Version: Unversioned directory
Built on: 2016/05/16 11:15
Closure Compiler (http://code.google.com/closure/compiler)
Version: Unversioned directory
Built on: 2016/05/16 11:15
Closure Compiler (http://code.google.com/closure/compiler)
Version: Unversioned directory
Built on: 2016/05/16 11:15
java.lang.RuntimeException: java.lang.RuntimeException: java.lang.NullPointerException
	at com.google.javascript.jscomp.Compiler.runCallable(Compiler.java:654)
	at com.google.javascript.jscomp.Compiler.runInCompilerThread(Compiler.java:599)
	at com.google.javascript.jscomp.Compiler.toSource(Compiler.java:1559)
	at com.google.javascript.jscomp.AbstractCommandLineRunner.processResults(AbstractCommandLineRunner.java:805)
	at com.google.javascript.jscomp.AbstractCommandLineRunner.doRun(AbstractCommandLineRunner.java:743)
	at com.google.javascript.jscomp.AbstractCommandLineRunner.run(AbstractCommandLineRunner.java:351)
	at com.google.javascript.jscomp.CommandLineRunnerTest.compile(CommandLineRunnerTest.java:1208)
	at com.google.javascript.jscomp.CommandLineRunnerTest.test(CommandLineRunnerTest.java:1091)
	at com.google.javascript.jscomp.CommandLineRunnerTest.test(CommandLineRunnerTest.java:1080)
	at com.google.javascript.jscomp.CommandLineRunnerTest.test(CommandLineRunnerTest.java:1072)
	at com.google.javascript.jscomp.CommandLineRunnerTest.testProcessCJS(CommandLineRunnerTest.java:1048)
	at sun.reflect.NativeMethodAccessorImpl.invoke0(Native Method)
	at sun.reflect.NativeMethodAccessorImpl.invoke(NativeMethodAccessorImpl.java:57)
	at sun.reflect.DelegatingMethodAccessorImpl.invoke(DelegatingMethodAccessorImpl.java:43)
	at java.lang.reflect.Method.invoke(Method.java:606)
	at junit.framework.TestCase.runTest(TestCase.java:176)
	at junit.framework.TestCase.runBare(TestCase.java:141)
	at junit.framework.TestResult$1.protect(TestResult.java:122)
	at junit.framework.TestResult.runProtected(TestResult.java:142)
	at junit.framework.TestResult.run(TestResult.java:125)
	at junit.framework.TestCase.run(TestCase.java:129)
	at junit.framework.TestSuite.runTest(TestSuite.java:255)
	at junit.framework.TestSuite.run(TestSuite.java:250)
	at org.junit.internal.runners.JUnit38ClassRunner.run(JUnit38ClassRunner.java:84)
	at org.junit.runner.JUnitCore.run(JUnitCore.java:160)
	at org.junit.runner.JUnitCore.run(JUnitCore.java:138)
	at xxl.java.junit.JUnitSingleTestRunner.call(JUnitSingleTestRunner.java:23)
	at xxl.java.junit.JUnitSingleTestRunner.call(JUnitSingleTestRunner.java:10)
	at java.util.concurrent.FutureTask.run(FutureTask.java:262)
	at java.util.concurrent.ThreadPoolExecutor.runWorker(ThreadPoolExecutor.java:1145)
	at java.util.concurrent.ThreadPoolExecutor$Worker.run(ThreadPoolExecutor.java:615)
	at java.lang.Thread.run(Thread.java:745)
Caused by: java.lang.RuntimeException: java.lang.NullPointerException
	at com.google.javascript.jscomp.Compiler.runCallable(Compiler.java:654)
	at com.google.javascript.jscomp.Compiler.runInCompilerThread(Compiler.java:599)
	at com.google.javascript.jscomp.Compiler.toSource(Compiler.java:1675)
	at com.google.javascript.jscomp.Compiler$5.call(Compiler.java:1570)
	at com.google.javascript.jscomp.Compiler$5.call(Compiler.java:1559)
	at com.google.javascript.jscomp.Compiler$2.run(Compiler.java:626)
	... 1 more
Caused by: java.lang.NullPointerException
	at com.google.javascript.jscomp.CodePrinter$MappedCodePrinter.endSourceMapping(CodePrinter.java:68)
	at com.google.javascript.jscomp.CodeGenerator.add(CodeGenerator.java:731)
	at com.google.javascript.jscomp.CodeGenerator.addExpr(CodeGenerator.java:891)
	at com.google.javascript.jscomp.CodeGenerator.add(CodeGenerator.java:684)
	at com.google.javascript.jscomp.CodeGenerator.addExpr(CodeGenerator.java:891)
	at com.google.javascript.jscomp.CodeGenerator.add(CodeGenerator.java:204)
	at com.google.javascript.jscomp.CodeGenerator.addExpr(CodeGenerator.java:891)
	at com.google.javascript.jscomp.CodeGenerator.addList(CodeGenerator.java:908)
	at com.google.javascript.jscomp.CodeGenerator.add(CodeGenerator.java:183)
	at com.google.javascript.jscomp.CodeGenerator.add(CodeGenerator.java:371)
	at com.google.javascript.jscomp.CodeGenerator.add(CodeGenerator.java:82)
	at com.google.javascript.jscomp.CodePrinter.toSource(CodePrinter.java:466)
	at com.google.javascript.jscomp.CodePrinter.access$100(CodePrinter.java:2)
	at com.google.javascript.jscomp.CodePrinter$Builder.build(CodePrinter.java:451)
	at com.google.javascript.jscomp.Compiler.toSource(Compiler.java:1764)
	at com.google.javascript.jscomp.Compiler.access$400(Compiler.java:77)
	at com.google.javascript.jscomp.Compiler$9.call(Compiler.java:1714)
	at com.google.javascript.jscomp.Compiler$9.call(Compiler.java:1675)
	... 2 more
java.lang.RuntimeException: java.lang.RuntimeException: java.lang.NullPointerException
	at com.google.javascript.jscomp.Compiler.runCallable(Compiler.java:654)
	at com.google.javascript.jscomp.Compiler.runInCompilerThread(Compiler.java:599)
	at com.google.javascript.jscomp.Compiler.toSource(Compiler.java:1559)
	at com.google.javascript.jscomp.AbstractCommandLineRunner.processResults(AbstractCommandLineRunner.java:805)
	at com.google.javascript.jscomp.AbstractCommandLineRunner.doRun(AbstractCommandLineRunner.java:743)
	at com.google.javascript.jscomp.AbstractCommandLineRunner.run(AbstractCommandLineRunner.java:351)
	at com.google.javascript.jscomp.CommandLineRunnerTest.compile(CommandLineRunnerTest.java:1208)
	at com.google.javascript.jscomp.CommandLineRunnerTest.test(CommandLineRunnerTest.java:1091)
	at com.google.javascript.jscomp.CommandLineRunnerTest.test(CommandLineRunnerTest.java:1080)
	at com.google.javascript.jscomp.CommandLineRunnerTest.test(CommandLineRunnerTest.java:1072)
	at com.google.javascript.jscomp.CommandLineRunnerTest.testTransformAMDAndProcessCJS(CommandLineRunnerTest.java:1057)
	at sun.reflect.NativeMethodAccessorImpl.invoke0(Native Method)
	at sun.reflect.NativeMethodAccessorImpl.invoke(NativeMethodAccessorImpl.java:57)
	at sun.reflect.DelegatingMethodAccessorImpl.invoke(DelegatingMethodAccessorImpl.java:43)
	at java.lang.reflect.Method.invoke(Method.java:606)
	at junit.framework.TestCase.runTest(TestCase.java:176)
	at junit.framework.TestCase.runBare(TestCase.java:141)
	at junit.framework.TestResult$1.protect(TestResult.java:122)
	at junit.framework.TestResult.runProtected(TestResult.java:142)
	at junit.framework.TestResult.run(TestResult.java:125)
	at junit.framework.TestCase.run(TestCase.java:129)
	at junit.framework.TestSuite.runTest(TestSuite.java:255)
	at junit.framework.TestSuite.run(TestSuite.java:250)
	at org.junit.internal.runners.JUnit38ClassRunner.run(JUnit38ClassRunner.java:84)
	at org.junit.runner.JUnitCore.run(JUnitCore.java:160)
	at org.junit.runner.JUnitCore.run(JUnitCore.java:138)
	at xxl.java.junit.JUnitSingleTestRunner.call(JUnitSingleTestRunner.java:23)
	at xxl.java.junit.JUnitSingleTestRunner.call(JUnitSingleTestRunner.java:10)
	at java.util.concurrent.FutureTask.run(FutureTask.java:262)
	at java.util.concurrent.ThreadPoolExecutor.runWorker(ThreadPoolExecutor.java:1145)
	at java.util.concurrent.ThreadPoolExecutor$Worker.run(ThreadPoolExecutor.java:615)
	at java.lang.Thread.run(Thread.java:745)
Caused by: java.lang.RuntimeException: java.lang.NullPointerException
	at com.google.javascript.jscomp.Compiler.runCallable(Compiler.java:654)
	at com.google.javascript.jscomp.Compiler.runInCompilerThread(Compiler.java:599)
	at com.google.javascript.jscomp.Compiler.toSource(Compiler.java:1675)
	at com.google.javascript.jscomp.Compiler$5.call(Compiler.java:1570)
	at com.google.javascript.jscomp.Compiler$5.call(Compiler.java:1559)
	at com.google.javascript.jscomp.Compiler$2.run(Compiler.java:626)
	... 1 more
Caused by: java.lang.NullPointerException
	at com.google.javascript.jscomp.CodePrinter$MappedCodePrinter.endSourceMapping(CodePrinter.java:68)
	at com.google.javascript.jscomp.CodeGenerator.add(CodeGenerator.java:731)
	at com.google.javascript.jscomp.CodeGenerator.addExpr(CodeGenerator.java:891)
	at com.google.javascript.jscomp.CodeGenerator.add(CodeGenerator.java:204)
	at com.google.javascript.jscomp.CodeGenerator.addExpr(CodeGenerator.java:891)
	at com.google.javascript.jscomp.CodeGenerator.addList(CodeGenerator.java:908)
	at com.google.javascript.jscomp.CodeGenerator.add(CodeGenerator.java:183)
	at com.google.javascript.jscomp.CodeGenerator.add(CodeGenerator.java:371)
	at com.google.javascript.jscomp.CodeGenerator.add(CodeGenerator.java:82)
	at com.google.javascript.jscomp.CodePrinter.toSource(CodePrinter.java:466)
	at com.google.javascript.jscomp.CodePrinter.access$100(CodePrinter.java:2)
	at com.google.javascript.jscomp.CodePrinter$Builder.build(CodePrinter.java:451)
	at com.google.javascript.jscomp.Compiler.toSource(Compiler.java:1764)
	at com.google.javascript.jscomp.Compiler.access$400(Compiler.java:77)
	at com.google.javascript.jscomp.Compiler$9.call(Compiler.java:1714)
	at com.google.javascript.jscomp.Compiler$9.call(Compiler.java:1675)
	... 2 more
Closure Compiler (http://code.google.com/closure/compiler)
Version: Unversioned directory
Built on: 2016/05/16 11:15
Closure Compiler (http://code.google.com/closure/compiler)
Version: Unversioned directory
Built on: 2016/05/16 11:15
java.lang.RuntimeException: java.lang.RuntimeException: java.lang.NullPointerException
	at com.google.javascript.jscomp.Compiler.runCallable(Compiler.java:654)
	at com.google.javascript.jscomp.Compiler.runInCompilerThread(Compiler.java:599)
	at com.google.javascript.jscomp.Compiler.toSource(Compiler.java:1559)
	at com.google.javascript.jscomp.AbstractCommandLineRunner.processResults(AbstractCommandLineRunner.java:805)
	at com.google.javascript.jscomp.AbstractCommandLineRunner.doRun(AbstractCommandLineRunner.java:743)
	at com.google.javascript.jscomp.AbstractCommandLineRunner.run(AbstractCommandLineRunner.java:351)
	at com.google.javascript.jscomp.CommandLineRunnerTest.compile(CommandLineRunnerTest.java:1208)
	at com.google.javascript.jscomp.CommandLineRunnerTest.test(CommandLineRunnerTest.java:1091)
	at com.google.javascript.jscomp.CommandLineRunnerTest.test(CommandLineRunnerTest.java:1080)
	at com.google.javascript.jscomp.CommandLineRunnerTest.test(CommandLineRunnerTest.java:1072)
	at com.google.javascript.jscomp.CommandLineRunnerTest.testProcessCJS(CommandLineRunnerTest.java:1048)
	at sun.reflect.NativeMethodAccessorImpl.invoke0(Native Method)
	at sun.reflect.NativeMethodAccessorImpl.invoke(NativeMethodAccessorImpl.java:57)
	at sun.reflect.DelegatingMethodAccessorImpl.invoke(DelegatingMethodAccessorImpl.java:43)
	at java.lang.reflect.Method.invoke(Method.java:606)
	at junit.framework.TestCase.runTest(TestCase.java:176)
	at junit.framework.TestCase.runBare(TestCase.java:141)
	at junit.framework.TestResult$1.protect(TestResult.java:122)
	at junit.framework.TestResult.runProtected(TestResult.java:142)
	at junit.framework.TestResult.run(TestResult.java:125)
	at junit.framework.TestCase.run(TestCase.java:129)
	at junit.framework.TestSuite.runTest(TestSuite.java:255)
	at junit.framework.TestSuite.run(TestSuite.java:250)
	at org.junit.internal.runners.JUnit38ClassRunner.run(JUnit38ClassRunner.java:84)
	at org.junit.runner.JUnitCore.run(JUnitCore.java:160)
	at org.junit.runner.JUnitCore.run(JUnitCore.java:138)
	at xxl.java.junit.JUnitSingleTestRunner.call(JUnitSingleTestRunner.java:23)
	at xxl.java.junit.JUnitSingleTestRunner.call(JUnitSingleTestRunner.java:10)
	at java.util.concurrent.FutureTask.run(FutureTask.java:262)
	at java.util.concurrent.ThreadPoolExecutor.runWorker(ThreadPoolExecutor.java:1145)
	at java.util.concurrent.ThreadPoolExecutor$Worker.run(ThreadPoolExecutor.java:615)
	at java.lang.Thread.run(Thread.java:745)
Caused by: java.lang.RuntimeException: java.lang.NullPointerException
	at com.google.javascript.jscomp.Compiler.runCallable(Compiler.java:654)
	at com.google.javascript.jscomp.Compiler.runInCompilerThread(Compiler.java:599)
	at com.google.javascript.jscomp.Compiler.toSource(Compiler.java:1675)
	at com.google.javascript.jscomp.Compiler$5.call(Compiler.java:1570)
	at com.google.javascript.jscomp.Compiler$5.call(Compiler.java:1559)
	at com.google.javascript.jscomp.Compiler$2.run(Compiler.java:626)
	... 1 more
Caused by: java.lang.NullPointerException
	at com.google.javascript.jscomp.CodePrinter$MappedCodePrinter.startSourceMapping(CodePrinter.java:62)
	at com.google.javascript.jscomp.CodeGenerator.add(CodeGenerator.java:127)
	at com.google.javascript.jscomp.CodeGenerator.add(CodeGenerator.java:82)
	at com.google.javascript.jscomp.CodePrinter.toSource(CodePrinter.java:468)
	at com.google.javascript.jscomp.CodePrinter.access$100(CodePrinter.java:2)
	at com.google.javascript.jscomp.CodePrinter$Builder.build(CodePrinter.java:453)
	at com.google.javascript.jscomp.Compiler.toSource(Compiler.java:1764)
	at com.google.javascript.jscomp.Compiler.access$400(Compiler.java:77)
	at com.google.javascript.jscomp.Compiler$9.call(Compiler.java:1714)
	at com.google.javascript.jscomp.Compiler$9.call(Compiler.java:1675)
	... 2 more
java.lang.RuntimeException: java.lang.RuntimeException: java.lang.NullPointerException
	at com.google.javascript.jscomp.Compiler.runCallable(Compiler.java:654)
	at com.google.javascript.jscomp.Compiler.runInCompilerThread(Compiler.java:599)
	at com.google.javascript.jscomp.Compiler.toSource(Compiler.java:1559)
	at com.google.javascript.jscomp.AbstractCommandLineRunner.processResults(AbstractCommandLineRunner.java:805)
	at com.google.javascript.jscomp.AbstractCommandLineRunner.doRun(AbstractCommandLineRunner.java:743)
	at com.google.javascript.jscomp.AbstractCommandLineRunner.run(AbstractCommandLineRunner.java:351)
	at com.google.javascript.jscomp.CommandLineRunnerTest.compile(CommandLineRunnerTest.java:1208)
	at com.google.javascript.jscomp.CommandLineRunnerTest.test(CommandLineRunnerTest.java:1091)
	at com.google.javascript.jscomp.CommandLineRunnerTest.test(CommandLineRunnerTest.java:1080)
	at com.google.javascript.jscomp.CommandLineRunnerTest.test(CommandLineRunnerTest.java:1072)
	at com.google.javascript.jscomp.CommandLineRunnerTest.testTransformAMDAndProcessCJS(CommandLineRunnerTest.java:1057)
	at sun.reflect.NativeMethodAccessorImpl.invoke0(Native Method)
	at sun.reflect.NativeMethodAccessorImpl.invoke(NativeMethodAccessorImpl.java:57)
	at sun.reflect.DelegatingMethodAccessorImpl.invoke(DelegatingMethodAccessorImpl.java:43)
	at java.lang.reflect.Method.invoke(Method.java:606)
	at junit.framework.TestCase.runTest(TestCase.java:176)
	at junit.framework.TestCase.runBare(TestCase.java:141)
	at junit.framework.TestResult$1.protect(TestResult.java:122)
	at junit.framework.TestResult.runProtected(TestResult.java:142)
	at junit.framework.TestResult.run(TestResult.java:125)
	at junit.framework.TestCase.run(TestCase.java:129)
	at junit.framework.TestSuite.runTest(TestSuite.java:255)
	at junit.framework.TestSuite.run(TestSuite.java:250)
	at org.junit.internal.runners.JUnit38ClassRunner.run(JUnit38ClassRunner.java:84)
	at org.junit.runner.JUnitCore.run(JUnitCore.java:160)
	at org.junit.runner.JUnitCore.run(JUnitCore.java:138)
	at xxl.java.junit.JUnitSingleTestRunner.call(JUnitSingleTestRunner.java:23)
	at xxl.java.junit.JUnitSingleTestRunner.call(JUnitSingleTestRunner.java:10)
	at java.util.concurrent.FutureTask.run(FutureTask.java:262)
	at java.util.concurrent.ThreadPoolExecutor.runWorker(ThreadPoolExecutor.java:1145)
	at java.util.concurrent.ThreadPoolExecutor$Worker.run(ThreadPoolExecutor.java:615)
	at java.lang.Thread.run(Thread.java:745)
Caused by: java.lang.RuntimeException: java.lang.NullPointerException
	at com.google.javascript.jscomp.Compiler.runCallable(Compiler.java:654)
	at com.google.javascript.jscomp.Compiler.runInCompilerThread(Compiler.java:599)
	at com.google.javascript.jscomp.Compiler.toSource(Compiler.java:1675)
	at com.google.javascript.jscomp.Compiler$5.call(Compiler.java:1570)
	at com.google.javascript.jscomp.Compiler$5.call(Compiler.java:1559)
	at com.google.javascript.jscomp.Compiler$2.run(Compiler.java:626)
	... 1 more
Caused by: java.lang.NullPointerException
	at com.google.javascript.jscomp.CodePrinter$MappedCodePrinter.startSourceMapping(CodePrinter.java:62)
	at com.google.javascript.jscomp.CodeGenerator.add(CodeGenerator.java:127)
	at com.google.javascript.jscomp.CodeGenerator.add(CodeGenerator.java:82)
	at com.google.javascript.jscomp.CodePrinter.toSource(CodePrinter.java:468)
	at com.google.javascript.jscomp.CodePrinter.access$100(CodePrinter.java:2)
	at com.google.javascript.jscomp.CodePrinter$Builder.build(CodePrinter.java:453)
	at com.google.javascript.jscomp.Compiler.toSource(Compiler.java:1764)
	at com.google.javascript.jscomp.Compiler.access$400(Compiler.java:77)
	at com.google.javascript.jscomp.Compiler$9.call(Compiler.java:1714)
	at com.google.javascript.jscomp.Compiler$9.call(Compiler.java:1675)
	... 2 more
Closure Compiler (http://code.google.com/closure/compiler)
Version: Unversioned directory
Built on: 2016/05/16 11:15
Closure Compiler (http://code.google.com/closure/compiler)
Version: Unversioned directory
Built on: 2016/05/16 11:15

real	2m55.200s
user	15m54.160s
sys	0m8.492s
