Running ant (compile)...................................................... OK
Running ant (compile.tests)................................................ OK
Picked up JAVA_TOOL_OPTIONS: -Dfile.encoding=UTF8
OpenJDK 64-Bit Server VM warning: ignoring option MaxPermSize=1024m; support was removed in 8.0
java.io.IOException: Resource not found: "org/joda/time/tz/data/US/Central" ClassLoader: xxl.java.compiler.BytecodeClassLoader@644a6941
	at org.joda.time.tz.ZoneInfoProvider.openResource(ZoneInfoProvider.java:102)
	at org.joda.time.tz.ZoneInfoProvider.loadZoneData(ZoneInfoProvider.java:111)
	at org.joda.time.tz.ZoneInfoProvider.getZone(ZoneInfoProvider.java:66)
	at org.joda.time.DateTimeZone.forID(DateTimeZone.java:103)
	at org.joda.time.TestDateTimeZoneCutover.testBug2182444_usCentral(TestDateTimeZoneCutover.java:1176)
	at sun.reflect.NativeMethodAccessorImpl.invoke0(Native Method)
	at sun.reflect.NativeMethodAccessorImpl.invoke(NativeMethodAccessorImpl.java:62)
	at sun.reflect.DelegatingMethodAccessorImpl.invoke(DelegatingMethodAccessorImpl.java:43)
	at java.lang.reflect.Method.invoke(Method.java:498)
	at junit.framework.TestCase.runTest(TestCase.java:176)
	at junit.framework.TestCase.runBare(TestCase.java:141)
	at junit.framework.TestResult$1.protect(TestResult.java:122)
	at junit.framework.TestResult.runProtected(TestResult.java:142)
	at junit.framework.TestResult.run(TestResult.java:125)
	at junit.framework.TestCase.run(TestCase.java:129)
	at junit.framework.TestSuite.runTest(TestSuite.java:255)
	at junit.framework.TestSuite.run(TestSuite.java:250)
	at org.junit.internal.runners.JUnit38ClassRunner.run(JUnit38ClassRunner.java:84)
	at org.junit.runner.JUnitCore.run(JUnitCore.java:160)
	at org.junit.runner.JUnitCore.run(JUnitCore.java:138)
	at xxl.java.junit.JUnitSingleTestResultRunner.call(JUnitSingleTestResultRunner.java:27)
	at xxl.java.junit.JUnitSingleTestResultRunner.call(JUnitSingleTestResultRunner.java:10)
	at java.util.concurrent.FutureTask.run(FutureTask.java:266)
	at java.util.concurrent.ThreadPoolExecutor.runWorker(ThreadPoolExecutor.java:1149)
	at java.util.concurrent.ThreadPoolExecutor$Worker.run(ThreadPoolExecutor.java:624)
	at java.lang.Thread.run(Thread.java:748)
java.io.IOException: Resource not found: "org/joda/time/tz/data/Australia/NSW" ClassLoader: xxl.java.compiler.BytecodeClassLoader@644a6941
	at org.joda.time.tz.ZoneInfoProvider.openResource(ZoneInfoProvider.java:102)
	at org.joda.time.tz.ZoneInfoProvider.loadZoneData(ZoneInfoProvider.java:111)
	at org.joda.time.tz.ZoneInfoProvider.getZone(ZoneInfoProvider.java:66)
	at org.joda.time.DateTimeZone.forID(DateTimeZone.java:103)
	at org.joda.time.TestDateTimeZoneCutover.testBug2182444_ausNSW(TestDateTimeZoneCutover.java:1195)
	at sun.reflect.NativeMethodAccessorImpl.invoke0(Native Method)
	at sun.reflect.NativeMethodAccessorImpl.invoke(NativeMethodAccessorImpl.java:62)
	at sun.reflect.DelegatingMethodAccessorImpl.invoke(DelegatingMethodAccessorImpl.java:43)
	at java.lang.reflect.Method.invoke(Method.java:498)
	at junit.framework.TestCase.runTest(TestCase.java:176)
	at junit.framework.TestCase.runBare(TestCase.java:141)
	at junit.framework.TestResult$1.protect(TestResult.java:122)
	at junit.framework.TestResult.runProtected(TestResult.java:142)
	at junit.framework.TestResult.run(TestResult.java:125)
	at junit.framework.TestCase.run(TestCase.java:129)
	at junit.framework.TestSuite.runTest(TestSuite.java:255)
	at junit.framework.TestSuite.run(TestSuite.java:250)
	at org.junit.internal.runners.JUnit38ClassRunner.run(JUnit38ClassRunner.java:84)
	at org.junit.runner.JUnitCore.run(JUnitCore.java:160)
	at org.junit.runner.JUnitCore.run(JUnitCore.java:138)
	at xxl.java.junit.JUnitSingleTestResultRunner.call(JUnitSingleTestResultRunner.java:27)
	at xxl.java.junit.JUnitSingleTestResultRunner.call(JUnitSingleTestResultRunner.java:10)
	at java.util.concurrent.FutureTask.run(FutureTask.java:266)
	at java.util.concurrent.ThreadPoolExecutor.runWorker(ThreadPoolExecutor.java:1149)
	at java.util.concurrent.ThreadPoolExecutor$Worker.run(ThreadPoolExecutor.java:624)
	at java.lang.Thread.run(Thread.java:748)
java.io.IOException: Invalid encoding
	at org.joda.time.tz.DateTimeZoneBuilder$PrecalculatedZone.readFrom(DateTimeZoneBuilder.java:710)
	at org.joda.time.tz.DateTimeZoneBuilder.readFrom(DateTimeZoneBuilder.java:1007)
	at org.joda.time.tz.DateTimeZoneBuilder.readFrom(DateTimeZoneBuilder.java:994)
	at org.joda.time.tz.ZoneInfoProvider.loadZoneData(ZoneInfoProvider.java:106)
	at org.joda.time.tz.ZoneInfoProvider.getZone(ZoneInfoProvider.java:60)
	at org.joda.time.DateTimeZone.forID(DateTimeZone.java:103)
	at org.joda.time.TestDateTimeZone.<clinit>(TestDateTimeZone.java:70)
	at sun.reflect.NativeMethodAccessorImpl.invoke0(Native Method)
	at sun.reflect.NativeMethodAccessorImpl.invoke(NativeMethodAccessorImpl.java:62)
	at sun.reflect.DelegatingMethodAccessorImpl.invoke(DelegatingMethodAccessorImpl.java:43)
	at java.lang.reflect.Method.invoke(Method.java:498)
	at org.junit.internal.runners.SuiteMethod.testFromSuiteMethod(SuiteMethod.java:35)
	at org.junit.internal.runners.SuiteMethod.<init>(SuiteMethod.java:24)
	at org.junit.internal.builders.SuiteMethodBuilder.runnerForClass(SuiteMethodBuilder.java:11)
	at org.junit.runners.model.RunnerBuilder.safeRunnerForClass(RunnerBuilder.java:59)
	at org.junit.internal.builders.AllDefaultPossibilitiesBuilder.runnerForClass(AllDefaultPossibilitiesBuilder.java:26)
	at org.junit.runners.model.RunnerBuilder.safeRunnerForClass(RunnerBuilder.java:59)
	at org.junit.internal.requests.ClassRequest.getRunner(ClassRequest.java:26)
	at org.junit.internal.requests.FilterRequest.getRunner(FilterRequest.java:31)
	at org.junit.runner.JUnitCore.run(JUnitCore.java:138)
	at xxl.java.junit.JUnitSingleTestRunner.call(JUnitSingleTestRunner.java:23)
	at xxl.java.junit.JUnitSingleTestRunner.call(JUnitSingleTestRunner.java:10)
	at java.util.concurrent.FutureTask.run(FutureTask.java:266)
	at java.util.concurrent.ThreadPoolExecutor.runWorker(ThreadPoolExecutor.java:1149)
	at java.util.concurrent.ThreadPoolExecutor$Worker.run(ThreadPoolExecutor.java:624)
	at java.lang.Thread.run(Thread.java:748)
java.io.IOException: Invalid encoding
	at org.joda.time.tz.DateTimeZoneBuilder$PrecalculatedZone.readFrom(DateTimeZoneBuilder.java:704)
	at org.joda.time.tz.DateTimeZoneBuilder.readFrom(DateTimeZoneBuilder.java:1001)
	at org.joda.time.tz.DateTimeZoneBuilder.readFrom(DateTimeZoneBuilder.java:988)
	at org.joda.time.tz.ZoneInfoProvider.loadZoneData(ZoneInfoProvider.java:106)
	at org.joda.time.tz.ZoneInfoProvider.getZone(ZoneInfoProvider.java:60)
	at org.joda.time.DateTimeZone.forID(DateTimeZone.java:103)
	at org.joda.time.DateTimeZone.getDefault(DateTimeZone.java:63)
	at org.joda.time.format.TestISODateTimeFormatParsing.setUp(TestISODateTimeFormatParsing.java:51)
	at junit.framework.TestCase.runBare(TestCase.java:139)
	at junit.framework.TestResult$1.protect(TestResult.java:122)
	at junit.framework.TestResult.runProtected(TestResult.java:142)
	at junit.framework.TestResult.run(TestResult.java:125)
	at junit.framework.TestCase.run(TestCase.java:129)
	at junit.framework.TestSuite.runTest(TestSuite.java:255)
	at junit.framework.TestSuite.run(TestSuite.java:250)
	at org.junit.internal.runners.JUnit38ClassRunner.run(JUnit38ClassRunner.java:84)
	at org.junit.runner.JUnitCore.run(JUnitCore.java:160)
	at org.junit.runner.JUnitCore.run(JUnitCore.java:138)
	at xxl.java.junit.JUnitSingleTestResultRunner.call(JUnitSingleTestResultRunner.java:27)
	at xxl.java.junit.JUnitSingleTestResultRunner.call(JUnitSingleTestResultRunner.java:10)
	at java.util.concurrent.FutureTask.run(FutureTask.java:266)
	at java.util.concurrent.ThreadPoolExecutor.runWorker(ThreadPoolExecutor.java:1149)
	at java.util.concurrent.ThreadPoolExecutor$Worker.run(ThreadPoolExecutor.java:624)
	at java.lang.Thread.run(Thread.java:748)
java.io.IOException: Invalid encoding
	at org.joda.time.tz.DateTimeZoneBuilder$PrecalculatedZone.readFrom(DateTimeZoneBuilder.java:704)
	at org.joda.time.tz.DateTimeZoneBuilder.readFrom(DateTimeZoneBuilder.java:1001)
	at org.joda.time.tz.DateTimeZoneBuilder.readFrom(DateTimeZoneBuilder.java:988)
	at org.joda.time.tz.ZoneInfoProvider.loadZoneData(ZoneInfoProvider.java:106)
	at org.joda.time.tz.ZoneInfoProvider.getZone(ZoneInfoProvider.java:60)
	at org.joda.time.DateTimeZone.forID(DateTimeZone.java:103)
	at org.joda.time.format.TestISODateTimeFormatParsing.setUp(TestISODateTimeFormatParsing.java:54)
	at junit.framework.TestCase.runBare(TestCase.java:139)
	at junit.framework.TestResult$1.protect(TestResult.java:122)
	at junit.framework.TestResult.runProtected(TestResult.java:142)
	at junit.framework.TestResult.run(TestResult.java:125)
	at junit.framework.TestCase.run(TestCase.java:129)
	at junit.framework.TestSuite.runTest(TestSuite.java:255)
	at junit.framework.TestSuite.run(TestSuite.java:250)
	at org.junit.internal.runners.JUnit38ClassRunner.run(JUnit38ClassRunner.java:84)
	at org.junit.runner.JUnitCore.run(JUnitCore.java:160)
	at org.junit.runner.JUnitCore.run(JUnitCore.java:138)
	at xxl.java.junit.JUnitSingleTestResultRunner.call(JUnitSingleTestResultRunner.java:27)
	at xxl.java.junit.JUnitSingleTestResultRunner.call(JUnitSingleTestResultRunner.java:10)
	at java.util.concurrent.FutureTask.run(FutureTask.java:266)
	at java.util.concurrent.ThreadPoolExecutor.runWorker(ThreadPoolExecutor.java:1149)
	at java.util.concurrent.ThreadPoolExecutor$Worker.run(ThreadPoolExecutor.java:624)
	at java.lang.Thread.run(Thread.java:748)
java.io.IOException: Invalid encoding
	at org.joda.time.tz.DateTimeZoneBuilder$PrecalculatedZone.readFrom(DateTimeZoneBuilder.java:704)
	at org.joda.time.tz.DateTimeZoneBuilder.readFrom(DateTimeZoneBuilder.java:1001)
	at org.joda.time.tz.DateTimeZoneBuilder.readFrom(DateTimeZoneBuilder.java:988)
	at org.joda.time.tz.ZoneInfoProvider.loadZoneData(ZoneInfoProvider.java:106)
	at org.joda.time.tz.ZoneInfoProvider.getZone(ZoneInfoProvider.java:60)
	at org.joda.time.DateTimeZone.forID(DateTimeZone.java:103)
	at org.joda.time.TestDateTime_Properties.<clinit>(TestDateTime_Properties.java:37)
	at sun.reflect.NativeMethodAccessorImpl.invoke0(Native Method)
	at sun.reflect.NativeMethodAccessorImpl.invoke(NativeMethodAccessorImpl.java:62)
	at sun.reflect.DelegatingMethodAccessorImpl.invoke(DelegatingMethodAccessorImpl.java:43)
	at java.lang.reflect.Method.invoke(Method.java:498)
	at org.junit.internal.runners.SuiteMethod.testFromSuiteMethod(SuiteMethod.java:35)
	at org.junit.internal.runners.SuiteMethod.<init>(SuiteMethod.java:24)
	at org.junit.internal.builders.SuiteMethodBuilder.runnerForClass(SuiteMethodBuilder.java:11)
	at org.junit.runners.model.RunnerBuilder.safeRunnerForClass(RunnerBuilder.java:59)
	at org.junit.internal.builders.AllDefaultPossibilitiesBuilder.runnerForClass(AllDefaultPossibilitiesBuilder.java:26)
	at org.junit.runners.model.RunnerBuilder.safeRunnerForClass(RunnerBuilder.java:59)
	at org.junit.internal.requests.ClassRequest.getRunner(ClassRequest.java:26)
	at org.junit.internal.requests.FilterRequest.getRunner(FilterRequest.java:31)
	at org.junit.runner.JUnitCore.run(JUnitCore.java:138)
	at xxl.java.junit.JUnitSingleTestResultRunner.call(JUnitSingleTestResultRunner.java:27)
	at xxl.java.junit.JUnitSingleTestResultRunner.call(JUnitSingleTestResultRunner.java:10)
	at java.util.concurrent.FutureTask.run(FutureTask.java:266)
	at java.util.concurrent.ThreadPoolExecutor.runWorker(ThreadPoolExecutor.java:1149)
	at java.util.concurrent.ThreadPoolExecutor$Worker.run(ThreadPoolExecutor.java:624)
	at java.lang.Thread.run(Thread.java:748)
java.io.IOException: Invalid encoding
	at org.joda.time.tz.DateTimeZoneBuilder$PrecalculatedZone.readFrom(DateTimeZoneBuilder.java:704)
	at org.joda.time.tz.DateTimeZoneBuilder.readFrom(DateTimeZoneBuilder.java:1001)
	at org.joda.time.tz.DateTimeZoneBuilder.readFrom(DateTimeZoneBuilder.java:988)
	at org.joda.time.tz.ZoneInfoProvider.loadZoneData(ZoneInfoProvider.java:106)
	at org.joda.time.tz.ZoneInfoProvider.getZone(ZoneInfoProvider.java:60)
	at org.joda.time.DateTimeZone.forID(DateTimeZone.java:103)
	at org.joda.time.DateTimeUtils.put(DateTimeUtils.java:61)
	at org.joda.time.DateTimeUtils.<clinit>(DateTimeUtils.java:50)
	at org.joda.time.tz.DateTimeZoneBuilder$RuleSet.<clinit>(DateTimeZoneBuilder.java:389)
	at org.joda.time.tz.DateTimeZoneBuilder.addCutover(DateTimeZoneBuilder.java:1078)
	at org.joda.time.tz.TestBuilder.buildAmericaLosAngelesBuilder(TestBuilder.java:166)
	at org.joda.time.tz.TestBuilder.testSerialization(TestBuilder.java:278)
	at sun.reflect.NativeMethodAccessorImpl.invoke0(Native Method)
	at sun.reflect.NativeMethodAccessorImpl.invoke(NativeMethodAccessorImpl.java:62)
	at sun.reflect.DelegatingMethodAccessorImpl.invoke(DelegatingMethodAccessorImpl.java:43)
	at java.lang.reflect.Method.invoke(Method.java:498)
	at junit.framework.TestCase.runTest(TestCase.java:176)
	at junit.framework.TestCase.runBare(TestCase.java:141)
	at junit.framework.TestResult$1.protect(TestResult.java:122)
	at junit.framework.TestResult.runProtected(TestResult.java:142)
	at junit.framework.TestResult.run(TestResult.java:125)
	at junit.framework.TestCase.run(TestCase.java:129)
	at junit.framework.TestSuite.runTest(TestSuite.java:255)
	at junit.framework.TestSuite.run(TestSuite.java:250)
	at org.junit.internal.runners.JUnit38ClassRunner.run(JUnit38ClassRunner.java:84)
	at org.junit.runner.JUnitCore.run(JUnitCore.java:160)
	at org.junit.runner.JUnitCore.run(JUnitCore.java:138)
	at xxl.java.junit.JUnitSingleTestResultRunner.call(JUnitSingleTestResultRunner.java:27)
	at xxl.java.junit.JUnitSingleTestResultRunner.call(JUnitSingleTestResultRunner.java:10)
	at java.util.concurrent.FutureTask.run(FutureTask.java:266)
	at java.util.concurrent.ThreadPoolExecutor.runWorker(ThreadPoolExecutor.java:1149)
	at java.util.concurrent.ThreadPoolExecutor$Worker.run(ThreadPoolExecutor.java:624)
	at java.lang.Thread.run(Thread.java:748)
java.io.IOException: Invalid encoding
	at org.joda.time.tz.DateTimeZoneBuilder$PrecalculatedZone.readFrom(DateTimeZoneBuilder.java:704)
	at org.joda.time.tz.DateTimeZoneBuilder.readFrom(DateTimeZoneBuilder.java:1001)
	at org.joda.time.tz.DateTimeZoneBuilder.readFrom(DateTimeZoneBuilder.java:988)
	at org.joda.time.tz.ZoneInfoProvider.loadZoneData(ZoneInfoProvider.java:106)
	at org.joda.time.tz.ZoneInfoProvider.getZone(ZoneInfoProvider.java:60)
	at org.joda.time.DateTimeZone.forID(DateTimeZone.java:103)
	at org.joda.time.DateTimeUtils.put(DateTimeUtils.java:61)
	at org.joda.time.DateTimeUtils.<clinit>(DateTimeUtils.java:52)
	at org.joda.time.tz.DateTimeZoneBuilder$RuleSet.<clinit>(DateTimeZoneBuilder.java:389)
	at org.joda.time.tz.DateTimeZoneBuilder.addCutover(DateTimeZoneBuilder.java:1078)
	at org.joda.time.tz.TestBuilder.buildAmericaLosAngelesBuilder(TestBuilder.java:166)
	at org.joda.time.tz.TestBuilder.testSerialization(TestBuilder.java:278)
	at sun.reflect.NativeMethodAccessorImpl.invoke0(Native Method)
	at sun.reflect.NativeMethodAccessorImpl.invoke(NativeMethodAccessorImpl.java:62)
	at sun.reflect.DelegatingMethodAccessorImpl.invoke(DelegatingMethodAccessorImpl.java:43)
	at java.lang.reflect.Method.invoke(Method.java:498)
	at junit.framework.TestCase.runTest(TestCase.java:176)
	at junit.framework.TestCase.runBare(TestCase.java:141)
	at junit.framework.TestResult$1.protect(TestResult.java:122)
	at junit.framework.TestResult.runProtected(TestResult.java:142)
	at junit.framework.TestResult.run(TestResult.java:125)
	at junit.framework.TestCase.run(TestCase.java:129)
	at junit.framework.TestSuite.runTest(TestSuite.java:255)
	at junit.framework.TestSuite.run(TestSuite.java:250)
	at org.junit.internal.runners.JUnit38ClassRunner.run(JUnit38ClassRunner.java:84)
	at org.junit.runner.JUnitCore.run(JUnitCore.java:160)
	at org.junit.runner.JUnitCore.run(JUnitCore.java:138)
	at xxl.java.junit.JUnitSingleTestResultRunner.call(JUnitSingleTestResultRunner.java:27)
	at xxl.java.junit.JUnitSingleTestResultRunner.call(JUnitSingleTestResultRunner.java:10)
	at java.util.concurrent.FutureTask.run(FutureTask.java:266)
	at java.util.concurrent.ThreadPoolExecutor.runWorker(ThreadPoolExecutor.java:1149)
	at java.util.concurrent.ThreadPoolExecutor$Worker.run(ThreadPoolExecutor.java:624)
	at java.lang.Thread.run(Thread.java:748)
java.io.IOException: Invalid encoding
	at org.joda.time.tz.DateTimeZoneBuilder$PrecalculatedZone.readFrom(DateTimeZoneBuilder.java:704)
	at org.joda.time.tz.DateTimeZoneBuilder.readFrom(DateTimeZoneBuilder.java:1001)
	at org.joda.time.tz.DateTimeZoneBuilder.readFrom(DateTimeZoneBuilder.java:988)
	at org.joda.time.tz.ZoneInfoProvider.loadZoneData(ZoneInfoProvider.java:106)
	at org.joda.time.tz.ZoneInfoProvider.getZone(ZoneInfoProvider.java:60)
	at org.joda.time.DateTimeZone.forID(DateTimeZone.java:103)
	at org.joda.time.DateTimeUtils.put(DateTimeUtils.java:61)
	at org.joda.time.DateTimeUtils.<clinit>(DateTimeUtils.java:54)
	at org.joda.time.tz.DateTimeZoneBuilder$RuleSet.<clinit>(DateTimeZoneBuilder.java:389)
	at org.joda.time.tz.DateTimeZoneBuilder.addCutover(DateTimeZoneBuilder.java:1078)
	at org.joda.time.tz.TestBuilder.buildAmericaLosAngelesBuilder(TestBuilder.java:166)
	at org.joda.time.tz.TestBuilder.testSerialization(TestBuilder.java:278)
	at sun.reflect.NativeMethodAccessorImpl.invoke0(Native Method)
	at sun.reflect.NativeMethodAccessorImpl.invoke(NativeMethodAccessorImpl.java:62)
	at sun.reflect.DelegatingMethodAccessorImpl.invoke(DelegatingMethodAccessorImpl.java:43)
	at java.lang.reflect.Method.invoke(Method.java:498)
	at junit.framework.TestCase.runTest(TestCase.java:176)
	at junit.framework.TestCase.runBare(TestCase.java:141)
	at junit.framework.TestResult$1.protect(TestResult.java:122)
	at junit.framework.TestResult.runProtected(TestResult.java:142)
	at junit.framework.TestResult.run(TestResult.java:125)
	at junit.framework.TestCase.run(TestCase.java:129)
	at junit.framework.TestSuite.runTest(TestSuite.java:255)
	at junit.framework.TestSuite.run(TestSuite.java:250)
	at org.junit.internal.runners.JUnit38ClassRunner.run(JUnit38ClassRunner.java:84)
	at org.junit.runner.JUnitCore.run(JUnitCore.java:160)
	at org.junit.runner.JUnitCore.run(JUnitCore.java:138)
	at xxl.java.junit.JUnitSingleTestResultRunner.call(JUnitSingleTestResultRunner.java:27)
	at xxl.java.junit.JUnitSingleTestResultRunner.call(JUnitSingleTestResultRunner.java:10)
	at java.util.concurrent.FutureTask.run(FutureTask.java:266)
	at java.util.concurrent.ThreadPoolExecutor.runWorker(ThreadPoolExecutor.java:1149)
	at java.util.concurrent.ThreadPoolExecutor$Worker.run(ThreadPoolExecutor.java:624)
	at java.lang.Thread.run(Thread.java:748)
java.io.IOException: Invalid encoding
	at org.joda.time.tz.DateTimeZoneBuilder$PrecalculatedZone.readFrom(DateTimeZoneBuilder.java:704)
	at org.joda.time.tz.DateTimeZoneBuilder.readFrom(DateTimeZoneBuilder.java:1001)
	at org.joda.time.tz.DateTimeZoneBuilder.readFrom(DateTimeZoneBuilder.java:988)
	at org.joda.time.tz.ZoneInfoProvider.loadZoneData(ZoneInfoProvider.java:106)
	at org.joda.time.tz.ZoneInfoProvider.getZone(ZoneInfoProvider.java:60)
	at org.joda.time.DateTimeZone.forID(DateTimeZone.java:103)
	at org.joda.time.tz.TestCompiler.test_Amman_2003(TestCompiler.java:197)
	at sun.reflect.NativeMethodAccessorImpl.invoke0(Native Method)
	at sun.reflect.NativeMethodAccessorImpl.invoke(NativeMethodAccessorImpl.java:62)
	at sun.reflect.DelegatingMethodAccessorImpl.invoke(DelegatingMethodAccessorImpl.java:43)
	at java.lang.reflect.Method.invoke(Method.java:498)
	at junit.framework.TestCase.runTest(TestCase.java:176)
	at junit.framework.TestCase.runBare(TestCase.java:141)
	at junit.framework.TestResult$1.protect(TestResult.java:122)
	at junit.framework.TestResult.runProtected(TestResult.java:142)
	at junit.framework.TestResult.run(TestResult.java:125)
	at junit.framework.TestCase.run(TestCase.java:129)
	at junit.framework.TestSuite.runTest(TestSuite.java:255)
	at junit.framework.TestSuite.run(TestSuite.java:250)
	at org.junit.internal.runners.JUnit38ClassRunner.run(JUnit38ClassRunner.java:84)
	at org.junit.runner.JUnitCore.run(JUnitCore.java:160)
	at org.junit.runner.JUnitCore.run(JUnitCore.java:138)
	at xxl.java.junit.JUnitSingleTestResultRunner.call(JUnitSingleTestResultRunner.java:27)
	at xxl.java.junit.JUnitSingleTestResultRunner.call(JUnitSingleTestResultRunner.java:10)
	at java.util.concurrent.FutureTask.run(FutureTask.java:266)
	at java.util.concurrent.ThreadPoolExecutor.runWorker(ThreadPoolExecutor.java:1149)
	at java.util.concurrent.ThreadPoolExecutor$Worker.run(ThreadPoolExecutor.java:624)
	at java.lang.Thread.run(Thread.java:748)
java.io.IOException: Invalid encoding
	at org.joda.time.tz.DateTimeZoneBuilder$PrecalculatedZone.readFrom(DateTimeZoneBuilder.java:712)
	at org.joda.time.tz.DateTimeZoneBuilder.readFrom(DateTimeZoneBuilder.java:1009)
	at org.joda.time.tz.DateTimeZoneBuilder.readFrom(DateTimeZoneBuilder.java:996)
	at org.joda.time.tz.ZoneInfoProvider.loadZoneData(ZoneInfoProvider.java:106)
	at org.joda.time.tz.ZoneInfoProvider.getZone(ZoneInfoProvider.java:60)
	at org.joda.time.DateTimeZone.forID(DateTimeZone.java:103)
	at org.joda.time.TestDateTimeZone.<clinit>(TestDateTimeZone.java:70)
	at sun.reflect.NativeMethodAccessorImpl.invoke0(Native Method)
	at sun.reflect.NativeMethodAccessorImpl.invoke(NativeMethodAccessorImpl.java:62)
	at sun.reflect.DelegatingMethodAccessorImpl.invoke(DelegatingMethodAccessorImpl.java:43)
	at java.lang.reflect.Method.invoke(Method.java:498)
	at org.junit.internal.runners.SuiteMethod.testFromSuiteMethod(SuiteMethod.java:35)
	at org.junit.internal.runners.SuiteMethod.<init>(SuiteMethod.java:24)
	at org.junit.internal.builders.SuiteMethodBuilder.runnerForClass(SuiteMethodBuilder.java:11)
	at org.junit.runners.model.RunnerBuilder.safeRunnerForClass(RunnerBuilder.java:59)
	at org.junit.internal.builders.AllDefaultPossibilitiesBuilder.runnerForClass(AllDefaultPossibilitiesBuilder.java:26)
	at org.junit.runners.model.RunnerBuilder.safeRunnerForClass(RunnerBuilder.java:59)
	at org.junit.internal.requests.ClassRequest.getRunner(ClassRequest.java:26)
	at org.junit.internal.requests.FilterRequest.getRunner(FilterRequest.java:31)
	at org.junit.runner.JUnitCore.run(JUnitCore.java:138)
	at xxl.java.junit.JUnitSingleTestRunner.call(JUnitSingleTestRunner.java:23)
	at xxl.java.junit.JUnitSingleTestRunner.call(JUnitSingleTestRunner.java:10)
	at java.util.concurrent.FutureTask.run(FutureTask.java:266)
	at java.util.concurrent.ThreadPoolExecutor.runWorker(ThreadPoolExecutor.java:1149)
	at java.util.concurrent.ThreadPoolExecutor$Worker.run(ThreadPoolExecutor.java:624)
	at java.lang.Thread.run(Thread.java:748)
java.io.IOException: Invalid encoding
	at org.joda.time.tz.DateTimeZoneBuilder$PrecalculatedZone.readFrom(DateTimeZoneBuilder.java:706)
	at org.joda.time.tz.DateTimeZoneBuilder.readFrom(DateTimeZoneBuilder.java:1003)
	at org.joda.time.tz.DateTimeZoneBuilder.readFrom(DateTimeZoneBuilder.java:990)
	at org.joda.time.tz.ZoneInfoProvider.loadZoneData(ZoneInfoProvider.java:106)
	at org.joda.time.tz.ZoneInfoProvider.getZone(ZoneInfoProvider.java:60)
	at org.joda.time.DateTimeZone.forID(DateTimeZone.java:103)
	at org.joda.time.DateTimeZone.getDefault(DateTimeZone.java:63)
	at org.joda.time.format.TestISODateTimeFormatParsing.setUp(TestISODateTimeFormatParsing.java:51)
	at junit.framework.TestCase.runBare(TestCase.java:139)
	at junit.framework.TestResult$1.protect(TestResult.java:122)
	at junit.framework.TestResult.runProtected(TestResult.java:142)
	at junit.framework.TestResult.run(TestResult.java:125)
	at junit.framework.TestCase.run(TestCase.java:129)
	at junit.framework.TestSuite.runTest(TestSuite.java:255)
	at junit.framework.TestSuite.run(TestSuite.java:250)
	at org.junit.internal.runners.JUnit38ClassRunner.run(JUnit38ClassRunner.java:84)
	at org.junit.runner.JUnitCore.run(JUnitCore.java:160)
	at org.junit.runner.JUnitCore.run(JUnitCore.java:138)
	at xxl.java.junit.JUnitSingleTestResultRunner.call(JUnitSingleTestResultRunner.java:27)
	at xxl.java.junit.JUnitSingleTestResultRunner.call(JUnitSingleTestResultRunner.java:10)
	at java.util.concurrent.FutureTask.run(FutureTask.java:266)
	at java.util.concurrent.ThreadPoolExecutor.runWorker(ThreadPoolExecutor.java:1149)
	at java.util.concurrent.ThreadPoolExecutor$Worker.run(ThreadPoolExecutor.java:624)
	at java.lang.Thread.run(Thread.java:748)
java.io.IOException: Invalid encoding
	at org.joda.time.tz.DateTimeZoneBuilder$PrecalculatedZone.readFrom(DateTimeZoneBuilder.java:706)
	at org.joda.time.tz.DateTimeZoneBuilder.readFrom(DateTimeZoneBuilder.java:1003)
	at org.joda.time.tz.DateTimeZoneBuilder.readFrom(DateTimeZoneBuilder.java:990)
	at org.joda.time.tz.ZoneInfoProvider.loadZoneData(ZoneInfoProvider.java:106)
	at org.joda.time.tz.ZoneInfoProvider.getZone(ZoneInfoProvider.java:60)
	at org.joda.time.DateTimeZone.forID(DateTimeZone.java:103)
	at org.joda.time.format.TestISODateTimeFormatParsing.setUp(TestISODateTimeFormatParsing.java:54)
	at junit.framework.TestCase.runBare(TestCase.java:139)
	at junit.framework.TestResult$1.protect(TestResult.java:122)
	at junit.framework.TestResult.runProtected(TestResult.java:142)
	at junit.framework.TestResult.run(TestResult.java:125)
	at junit.framework.TestCase.run(TestCase.java:129)
	at junit.framework.TestSuite.runTest(TestSuite.java:255)
	at junit.framework.TestSuite.run(TestSuite.java:250)
	at org.junit.internal.runners.JUnit38ClassRunner.run(JUnit38ClassRunner.java:84)
	at org.junit.runner.JUnitCore.run(JUnitCore.java:160)
	at org.junit.runner.JUnitCore.run(JUnitCore.java:138)
	at xxl.java.junit.JUnitSingleTestResultRunner.call(JUnitSingleTestResultRunner.java:27)
	at xxl.java.junit.JUnitSingleTestResultRunner.call(JUnitSingleTestResultRunner.java:10)
	at java.util.concurrent.FutureTask.run(FutureTask.java:266)
	at java.util.concurrent.ThreadPoolExecutor.runWorker(ThreadPoolExecutor.java:1149)
	at java.util.concurrent.ThreadPoolExecutor$Worker.run(ThreadPoolExecutor.java:624)
	at java.lang.Thread.run(Thread.java:748)
java.io.IOException: Invalid encoding
	at org.joda.time.tz.DateTimeZoneBuilder$PrecalculatedZone.readFrom(DateTimeZoneBuilder.java:706)
	at org.joda.time.tz.DateTimeZoneBuilder.readFrom(DateTimeZoneBuilder.java:1003)
	at org.joda.time.tz.DateTimeZoneBuilder.readFrom(DateTimeZoneBuilder.java:990)
	at org.joda.time.tz.ZoneInfoProvider.loadZoneData(ZoneInfoProvider.java:106)
	at org.joda.time.tz.ZoneInfoProvider.getZone(ZoneInfoProvider.java:60)
	at org.joda.time.DateTimeZone.forID(DateTimeZone.java:103)
	at org.joda.time.TestDateTime_Properties.<clinit>(TestDateTime_Properties.java:37)
	at sun.reflect.NativeMethodAccessorImpl.invoke0(Native Method)
	at sun.reflect.NativeMethodAccessorImpl.invoke(NativeMethodAccessorImpl.java:62)
	at sun.reflect.DelegatingMethodAccessorImpl.invoke(DelegatingMethodAccessorImpl.java:43)
	at java.lang.reflect.Method.invoke(Method.java:498)
	at org.junit.internal.runners.SuiteMethod.testFromSuiteMethod(SuiteMethod.java:35)
	at org.junit.internal.runners.SuiteMethod.<init>(SuiteMethod.java:24)
	at org.junit.internal.builders.SuiteMethodBuilder.runnerForClass(SuiteMethodBuilder.java:11)
	at org.junit.runners.model.RunnerBuilder.safeRunnerForClass(RunnerBuilder.java:59)
	at org.junit.internal.builders.AllDefaultPossibilitiesBuilder.runnerForClass(AllDefaultPossibilitiesBuilder.java:26)
	at org.junit.runners.model.RunnerBuilder.safeRunnerForClass(RunnerBuilder.java:59)
	at org.junit.internal.requests.ClassRequest.getRunner(ClassRequest.java:26)
	at org.junit.internal.requests.FilterRequest.getRunner(FilterRequest.java:31)
	at org.junit.runner.JUnitCore.run(JUnitCore.java:138)
	at xxl.java.junit.JUnitSingleTestResultRunner.call(JUnitSingleTestResultRunner.java:27)
	at xxl.java.junit.JUnitSingleTestResultRunner.call(JUnitSingleTestResultRunner.java:10)
	at java.util.concurrent.FutureTask.run(FutureTask.java:266)
	at java.util.concurrent.ThreadPoolExecutor.runWorker(ThreadPoolExecutor.java:1149)
	at java.util.concurrent.ThreadPoolExecutor$Worker.run(ThreadPoolExecutor.java:624)
	at java.lang.Thread.run(Thread.java:748)
java.io.IOException: Invalid encoding
	at org.joda.time.tz.DateTimeZoneBuilder$PrecalculatedZone.readFrom(DateTimeZoneBuilder.java:706)
	at org.joda.time.tz.DateTimeZoneBuilder.readFrom(DateTimeZoneBuilder.java:1003)
	at org.joda.time.tz.DateTimeZoneBuilder.readFrom(DateTimeZoneBuilder.java:990)
	at org.joda.time.tz.ZoneInfoProvider.loadZoneData(ZoneInfoProvider.java:106)
	at org.joda.time.tz.ZoneInfoProvider.getZone(ZoneInfoProvider.java:60)
	at org.joda.time.DateTimeZone.forID(DateTimeZone.java:103)
	at org.joda.time.DateTimeUtils.put(DateTimeUtils.java:61)
	at org.joda.time.DateTimeUtils.<clinit>(DateTimeUtils.java:50)
	at org.joda.time.tz.DateTimeZoneBuilder$RuleSet.<clinit>(DateTimeZoneBuilder.java:389)
	at org.joda.time.tz.DateTimeZoneBuilder.addCutover(DateTimeZoneBuilder.java:1080)
	at org.joda.time.tz.TestBuilder.buildAmericaLosAngelesBuilder(TestBuilder.java:166)
	at org.joda.time.tz.TestBuilder.testSerialization(TestBuilder.java:278)
	at sun.reflect.NativeMethodAccessorImpl.invoke0(Native Method)
	at sun.reflect.NativeMethodAccessorImpl.invoke(NativeMethodAccessorImpl.java:62)
	at sun.reflect.DelegatingMethodAccessorImpl.invoke(DelegatingMethodAccessorImpl.java:43)
	at java.lang.reflect.Method.invoke(Method.java:498)
	at junit.framework.TestCase.runTest(TestCase.java:176)
	at junit.framework.TestCase.runBare(TestCase.java:141)
	at junit.framework.TestResult$1.protect(TestResult.java:122)
	at junit.framework.TestResult.runProtected(TestResult.java:142)
	at junit.framework.TestResult.run(TestResult.java:125)
	at junit.framework.TestCase.run(TestCase.java:129)
	at junit.framework.TestSuite.runTest(TestSuite.java:255)
	at junit.framework.TestSuite.run(TestSuite.java:250)
	at org.junit.internal.runners.JUnit38ClassRunner.run(JUnit38ClassRunner.java:84)
	at org.junit.runner.JUnitCore.run(JUnitCore.java:160)
	at org.junit.runner.JUnitCore.run(JUnitCore.java:138)
	at xxl.java.junit.JUnitSingleTestResultRunner.call(JUnitSingleTestResultRunner.java:27)
	at xxl.java.junit.JUnitSingleTestResultRunner.call(JUnitSingleTestResultRunner.java:10)
	at java.util.concurrent.FutureTask.run(FutureTask.java:266)
	at java.util.concurrent.ThreadPoolExecutor.runWorker(ThreadPoolExecutor.java:1149)
	at java.util.concurrent.ThreadPoolExecutor$Worker.run(ThreadPoolExecutor.java:624)
	at java.lang.Thread.run(Thread.java:748)
java.io.IOException: Invalid encoding
	at org.joda.time.tz.DateTimeZoneBuilder$PrecalculatedZone.readFrom(DateTimeZoneBuilder.java:706)
	at org.joda.time.tz.DateTimeZoneBuilder.readFrom(DateTimeZoneBuilder.java:1003)
	at org.joda.time.tz.DateTimeZoneBuilder.readFrom(DateTimeZoneBuilder.java:990)
	at org.joda.time.tz.ZoneInfoProvider.loadZoneData(ZoneInfoProvider.java:106)
	at org.joda.time.tz.ZoneInfoProvider.getZone(ZoneInfoProvider.java:60)
	at org.joda.time.DateTimeZone.forID(DateTimeZone.java:103)
	at org.joda.time.DateTimeUtils.put(DateTimeUtils.java:61)
	at org.joda.time.DateTimeUtils.<clinit>(DateTimeUtils.java:52)
	at org.joda.time.tz.DateTimeZoneBuilder$RuleSet.<clinit>(DateTimeZoneBuilder.java:389)
	at org.joda.time.tz.DateTimeZoneBuilder.addCutover(DateTimeZoneBuilder.java:1080)
	at org.joda.time.tz.TestBuilder.buildAmericaLosAngelesBuilder(TestBuilder.java:166)
	at org.joda.time.tz.TestBuilder.testSerialization(TestBuilder.java:278)
	at sun.reflect.NativeMethodAccessorImpl.invoke0(Native Method)
	at sun.reflect.NativeMethodAccessorImpl.invoke(NativeMethodAccessorImpl.java:62)
	at sun.reflect.DelegatingMethodAccessorImpl.invoke(DelegatingMethodAccessorImpl.java:43)
	at java.lang.reflect.Method.invoke(Method.java:498)
	at junit.framework.TestCase.runTest(TestCase.java:176)
	at junit.framework.TestCase.runBare(TestCase.java:141)
	at junit.framework.TestResult$1.protect(TestResult.java:122)
	at junit.framework.TestResult.runProtected(TestResult.java:142)
	at junit.framework.TestResult.run(TestResult.java:125)
	at junit.framework.TestCase.run(TestCase.java:129)
	at junit.framework.TestSuite.runTest(TestSuite.java:255)
	at junit.framework.TestSuite.run(TestSuite.java:250)
	at org.junit.internal.runners.JUnit38ClassRunner.run(JUnit38ClassRunner.java:84)
	at org.junit.runner.JUnitCore.run(JUnitCore.java:160)
	at org.junit.runner.JUnitCore.run(JUnitCore.java:138)
	at xxl.java.junit.JUnitSingleTestResultRunner.call(JUnitSingleTestResultRunner.java:27)
	at xxl.java.junit.JUnitSingleTestResultRunner.call(JUnitSingleTestResultRunner.java:10)
	at java.util.concurrent.FutureTask.run(FutureTask.java:266)
	at java.util.concurrent.ThreadPoolExecutor.runWorker(ThreadPoolExecutor.java:1149)
	at java.util.concurrent.ThreadPoolExecutor$Worker.run(ThreadPoolExecutor.java:624)
	at java.lang.Thread.run(Thread.java:748)
java.io.IOException: Invalid encoding
	at org.joda.time.tz.DateTimeZoneBuilder$PrecalculatedZone.readFrom(DateTimeZoneBuilder.java:706)
	at org.joda.time.tz.DateTimeZoneBuilder.readFrom(DateTimeZoneBuilder.java:1003)
	at org.joda.time.tz.DateTimeZoneBuilder.readFrom(DateTimeZoneBuilder.java:990)
	at org.joda.time.tz.ZoneInfoProvider.loadZoneData(ZoneInfoProvider.java:106)
	at org.joda.time.tz.ZoneInfoProvider.getZone(ZoneInfoProvider.java:60)
	at org.joda.time.DateTimeZone.forID(DateTimeZone.java:103)
	at org.joda.time.DateTimeUtils.put(DateTimeUtils.java:61)
	at org.joda.time.DateTimeUtils.<clinit>(DateTimeUtils.java:54)
	at org.joda.time.tz.DateTimeZoneBuilder$RuleSet.<clinit>(DateTimeZoneBuilder.java:389)
	at org.joda.time.tz.DateTimeZoneBuilder.addCutover(DateTimeZoneBuilder.java:1080)
	at org.joda.time.tz.TestBuilder.buildAmericaLosAngelesBuilder(TestBuilder.java:166)
	at org.joda.time.tz.TestBuilder.testSerialization(TestBuilder.java:278)
	at sun.reflect.NativeMethodAccessorImpl.invoke0(Native Method)
	at sun.reflect.NativeMethodAccessorImpl.invoke(NativeMethodAccessorImpl.java:62)
	at sun.reflect.DelegatingMethodAccessorImpl.invoke(DelegatingMethodAccessorImpl.java:43)
	at java.lang.reflect.Method.invoke(Method.java:498)
	at junit.framework.TestCase.runTest(TestCase.java:176)
	at junit.framework.TestCase.runBare(TestCase.java:141)
	at junit.framework.TestResult$1.protect(TestResult.java:122)
	at junit.framework.TestResult.runProtected(TestResult.java:142)
	at junit.framework.TestResult.run(TestResult.java:125)
	at junit.framework.TestCase.run(TestCase.java:129)
	at junit.framework.TestSuite.runTest(TestSuite.java:255)
	at junit.framework.TestSuite.run(TestSuite.java:250)
	at org.junit.internal.runners.JUnit38ClassRunner.run(JUnit38ClassRunner.java:84)
	at org.junit.runner.JUnitCore.run(JUnitCore.java:160)
	at org.junit.runner.JUnitCore.run(JUnitCore.java:138)
	at xxl.java.junit.JUnitSingleTestResultRunner.call(JUnitSingleTestResultRunner.java:27)
	at xxl.java.junit.JUnitSingleTestResultRunner.call(JUnitSingleTestResultRunner.java:10)
	at java.util.concurrent.FutureTask.run(FutureTask.java:266)
	at java.util.concurrent.ThreadPoolExecutor.runWorker(ThreadPoolExecutor.java:1149)
	at java.util.concurrent.ThreadPoolExecutor$Worker.run(ThreadPoolExecutor.java:624)
	at java.lang.Thread.run(Thread.java:748)
java.io.IOException: Invalid encoding
	at org.joda.time.tz.DateTimeZoneBuilder$PrecalculatedZone.readFrom(DateTimeZoneBuilder.java:706)
	at org.joda.time.tz.DateTimeZoneBuilder.readFrom(DateTimeZoneBuilder.java:1003)
	at org.joda.time.tz.DateTimeZoneBuilder.readFrom(DateTimeZoneBuilder.java:990)
	at org.joda.time.tz.ZoneInfoProvider.loadZoneData(ZoneInfoProvider.java:106)
	at org.joda.time.tz.ZoneInfoProvider.getZone(ZoneInfoProvider.java:60)
	at org.joda.time.DateTimeZone.forID(DateTimeZone.java:103)
	at org.joda.time.tz.TestCompiler.test_Amman_2003(TestCompiler.java:197)
	at sun.reflect.NativeMethodAccessorImpl.invoke0(Native Method)
	at sun.reflect.NativeMethodAccessorImpl.invoke(NativeMethodAccessorImpl.java:62)
	at sun.reflect.DelegatingMethodAccessorImpl.invoke(DelegatingMethodAccessorImpl.java:43)
	at java.lang.reflect.Method.invoke(Method.java:498)
	at junit.framework.TestCase.runTest(TestCase.java:176)
	at junit.framework.TestCase.runBare(TestCase.java:141)
	at junit.framework.TestResult$1.protect(TestResult.java:122)
	at junit.framework.TestResult.runProtected(TestResult.java:142)
	at junit.framework.TestResult.run(TestResult.java:125)
	at junit.framework.TestCase.run(TestCase.java:129)
	at junit.framework.TestSuite.runTest(TestSuite.java:255)
	at junit.framework.TestSuite.run(TestSuite.java:250)
	at org.junit.internal.runners.JUnit38ClassRunner.run(JUnit38ClassRunner.java:84)
	at org.junit.runner.JUnitCore.run(JUnitCore.java:160)
	at org.junit.runner.JUnitCore.run(JUnitCore.java:138)
	at xxl.java.junit.JUnitSingleTestResultRunner.call(JUnitSingleTestResultRunner.java:27)
	at xxl.java.junit.JUnitSingleTestResultRunner.call(JUnitSingleTestResultRunner.java:10)
	at java.util.concurrent.FutureTask.run(FutureTask.java:266)
	at java.util.concurrent.ThreadPoolExecutor.runWorker(ThreadPoolExecutor.java:1149)
	at java.util.concurrent.ThreadPoolExecutor$Worker.run(ThreadPoolExecutor.java:624)
	at java.lang.Thread.run(Thread.java:748)
java.io.IOException: Invalid encoding
	at org.joda.time.tz.DateTimeZoneBuilder$PrecalculatedZone.readFrom(DateTimeZoneBuilder.java:712)
	at org.joda.time.tz.DateTimeZoneBuilder.readFrom(DateTimeZoneBuilder.java:1009)
	at org.joda.time.tz.DateTimeZoneBuilder.readFrom(DateTimeZoneBuilder.java:996)
	at org.joda.time.tz.ZoneInfoProvider.loadZoneData(ZoneInfoProvider.java:106)
	at org.joda.time.tz.ZoneInfoProvider.getZone(ZoneInfoProvider.java:60)
	at org.joda.time.DateTimeZone.forID(DateTimeZone.java:103)
	at org.joda.time.TestDateTimeZone.<clinit>(TestDateTimeZone.java:70)
	at sun.reflect.NativeMethodAccessorImpl.invoke0(Native Method)
	at sun.reflect.NativeMethodAccessorImpl.invoke(NativeMethodAccessorImpl.java:62)
	at sun.reflect.DelegatingMethodAccessorImpl.invoke(DelegatingMethodAccessorImpl.java:43)
	at java.lang.reflect.Method.invoke(Method.java:498)
	at org.junit.internal.runners.SuiteMethod.testFromSuiteMethod(SuiteMethod.java:35)
	at org.junit.internal.runners.SuiteMethod.<init>(SuiteMethod.java:24)
	at org.junit.internal.builders.SuiteMethodBuilder.runnerForClass(SuiteMethodBuilder.java:11)
	at org.junit.runners.model.RunnerBuilder.safeRunnerForClass(RunnerBuilder.java:59)
	at org.junit.internal.builders.AllDefaultPossibilitiesBuilder.runnerForClass(AllDefaultPossibilitiesBuilder.java:26)
	at org.junit.runners.model.RunnerBuilder.safeRunnerForClass(RunnerBuilder.java:59)
	at org.junit.internal.requests.ClassRequest.getRunner(ClassRequest.java:26)
	at org.junit.internal.requests.FilterRequest.getRunner(FilterRequest.java:31)
	at org.junit.runner.JUnitCore.run(JUnitCore.java:138)
	at xxl.java.junit.JUnitSingleTestRunner.call(JUnitSingleTestRunner.java:23)
	at xxl.java.junit.JUnitSingleTestRunner.call(JUnitSingleTestRunner.java:10)
	at java.util.concurrent.FutureTask.run(FutureTask.java:266)
	at java.util.concurrent.ThreadPoolExecutor.runWorker(ThreadPoolExecutor.java:1149)
	at java.util.concurrent.ThreadPoolExecutor$Worker.run(ThreadPoolExecutor.java:624)
	at java.lang.Thread.run(Thread.java:748)
java.io.IOException: Invalid encoding
	at org.joda.time.tz.DateTimeZoneBuilder$PrecalculatedZone.readFrom(DateTimeZoneBuilder.java:706)
	at org.joda.time.tz.DateTimeZoneBuilder.readFrom(DateTimeZoneBuilder.java:1003)
	at org.joda.time.tz.DateTimeZoneBuilder.readFrom(DateTimeZoneBuilder.java:990)
	at org.joda.time.tz.ZoneInfoProvider.loadZoneData(ZoneInfoProvider.java:106)
	at org.joda.time.tz.ZoneInfoProvider.getZone(ZoneInfoProvider.java:60)
	at org.joda.time.DateTimeZone.forID(DateTimeZone.java:103)
	at org.joda.time.DateTimeZone.getDefault(DateTimeZone.java:63)
	at org.joda.time.format.TestISODateTimeFormatParsing.setUp(TestISODateTimeFormatParsing.java:51)
	at junit.framework.TestCase.runBare(TestCase.java:139)
	at junit.framework.TestResult$1.protect(TestResult.java:122)
	at junit.framework.TestResult.runProtected(TestResult.java:142)
	at junit.framework.TestResult.run(TestResult.java:125)
	at junit.framework.TestCase.run(TestCase.java:129)
	at junit.framework.TestSuite.runTest(TestSuite.java:255)
	at junit.framework.TestSuite.run(TestSuite.java:250)
	at org.junit.internal.runners.JUnit38ClassRunner.run(JUnit38ClassRunner.java:84)
	at org.junit.runner.JUnitCore.run(JUnitCore.java:160)
	at org.junit.runner.JUnitCore.run(JUnitCore.java:138)
	at xxl.java.junit.JUnitSingleTestResultRunner.call(JUnitSingleTestResultRunner.java:27)
	at xxl.java.junit.JUnitSingleTestResultRunner.call(JUnitSingleTestResultRunner.java:10)
	at java.util.concurrent.FutureTask.run(FutureTask.java:266)
	at java.util.concurrent.ThreadPoolExecutor.runWorker(ThreadPoolExecutor.java:1149)
	at java.util.concurrent.ThreadPoolExecutor$Worker.run(ThreadPoolExecutor.java:624)
	at java.lang.Thread.run(Thread.java:748)
java.io.IOException: Invalid encoding
	at org.joda.time.tz.DateTimeZoneBuilder$PrecalculatedZone.readFrom(DateTimeZoneBuilder.java:706)
	at org.joda.time.tz.DateTimeZoneBuilder.readFrom(DateTimeZoneBuilder.java:1003)
	at org.joda.time.tz.DateTimeZoneBuilder.readFrom(DateTimeZoneBuilder.java:990)
	at org.joda.time.tz.ZoneInfoProvider.loadZoneData(ZoneInfoProvider.java:106)
	at org.joda.time.tz.ZoneInfoProvider.getZone(ZoneInfoProvider.java:60)
	at org.joda.time.DateTimeZone.forID(DateTimeZone.java:103)
	at org.joda.time.format.TestISODateTimeFormatParsing.setUp(TestISODateTimeFormatParsing.java:54)
	at junit.framework.TestCase.runBare(TestCase.java:139)
	at junit.framework.TestResult$1.protect(TestResult.java:122)
	at junit.framework.TestResult.runProtected(TestResult.java:142)
	at junit.framework.TestResult.run(TestResult.java:125)
	at junit.framework.TestCase.run(TestCase.java:129)
	at junit.framework.TestSuite.runTest(TestSuite.java:255)
	at junit.framework.TestSuite.run(TestSuite.java:250)
	at org.junit.internal.runners.JUnit38ClassRunner.run(JUnit38ClassRunner.java:84)
	at org.junit.runner.JUnitCore.run(JUnitCore.java:160)
	at org.junit.runner.JUnitCore.run(JUnitCore.java:138)
	at xxl.java.junit.JUnitSingleTestResultRunner.call(JUnitSingleTestResultRunner.java:27)
	at xxl.java.junit.JUnitSingleTestResultRunner.call(JUnitSingleTestResultRunner.java:10)
	at java.util.concurrent.FutureTask.run(FutureTask.java:266)
	at java.util.concurrent.ThreadPoolExecutor.runWorker(ThreadPoolExecutor.java:1149)
	at java.util.concurrent.ThreadPoolExecutor$Worker.run(ThreadPoolExecutor.java:624)
	at java.lang.Thread.run(Thread.java:748)
java.io.IOException: Invalid encoding
	at org.joda.time.tz.DateTimeZoneBuilder$PrecalculatedZone.readFrom(DateTimeZoneBuilder.java:706)
	at org.joda.time.tz.DateTimeZoneBuilder.readFrom(DateTimeZoneBuilder.java:1003)
	at org.joda.time.tz.DateTimeZoneBuilder.readFrom(DateTimeZoneBuilder.java:990)
	at org.joda.time.tz.ZoneInfoProvider.loadZoneData(ZoneInfoProvider.java:106)
	at org.joda.time.tz.ZoneInfoProvider.getZone(ZoneInfoProvider.java:60)
	at org.joda.time.DateTimeZone.forID(DateTimeZone.java:103)
	at org.joda.time.TestDateTime_Properties.<clinit>(TestDateTime_Properties.java:37)
	at sun.reflect.NativeMethodAccessorImpl.invoke0(Native Method)
	at sun.reflect.NativeMethodAccessorImpl.invoke(NativeMethodAccessorImpl.java:62)
	at sun.reflect.DelegatingMethodAccessorImpl.invoke(DelegatingMethodAccessorImpl.java:43)
	at java.lang.reflect.Method.invoke(Method.java:498)
	at org.junit.internal.runners.SuiteMethod.testFromSuiteMethod(SuiteMethod.java:35)
	at org.junit.internal.runners.SuiteMethod.<init>(SuiteMethod.java:24)
	at org.junit.internal.builders.SuiteMethodBuilder.runnerForClass(SuiteMethodBuilder.java:11)
	at org.junit.runners.model.RunnerBuilder.safeRunnerForClass(RunnerBuilder.java:59)
	at org.junit.internal.builders.AllDefaultPossibilitiesBuilder.runnerForClass(AllDefaultPossibilitiesBuilder.java:26)
	at org.junit.runners.model.RunnerBuilder.safeRunnerForClass(RunnerBuilder.java:59)
	at org.junit.internal.requests.ClassRequest.getRunner(ClassRequest.java:26)
	at org.junit.internal.requests.FilterRequest.getRunner(FilterRequest.java:31)
	at org.junit.runner.JUnitCore.run(JUnitCore.java:138)
	at xxl.java.junit.JUnitSingleTestResultRunner.call(JUnitSingleTestResultRunner.java:27)
	at xxl.java.junit.JUnitSingleTestResultRunner.call(JUnitSingleTestResultRunner.java:10)
	at java.util.concurrent.FutureTask.run(FutureTask.java:266)
	at java.util.concurrent.ThreadPoolExecutor.runWorker(ThreadPoolExecutor.java:1149)
	at java.util.concurrent.ThreadPoolExecutor$Worker.run(ThreadPoolExecutor.java:624)
	at java.lang.Thread.run(Thread.java:748)
java.io.IOException: Invalid encoding
	at org.joda.time.tz.DateTimeZoneBuilder$PrecalculatedZone.readFrom(DateTimeZoneBuilder.java:706)
	at org.joda.time.tz.DateTimeZoneBuilder.readFrom(DateTimeZoneBuilder.java:1003)
	at org.joda.time.tz.DateTimeZoneBuilder.readFrom(DateTimeZoneBuilder.java:990)
	at org.joda.time.tz.ZoneInfoProvider.loadZoneData(ZoneInfoProvider.java:106)
	at org.joda.time.tz.ZoneInfoProvider.getZone(ZoneInfoProvider.java:60)
	at org.joda.time.DateTimeZone.forID(DateTimeZone.java:103)
	at org.joda.time.DateTimeUtils.put(DateTimeUtils.java:61)
	at org.joda.time.DateTimeUtils.<clinit>(DateTimeUtils.java:50)
	at org.joda.time.tz.DateTimeZoneBuilder$RuleSet.<clinit>(DateTimeZoneBuilder.java:389)
	at org.joda.time.tz.DateTimeZoneBuilder.addCutover(DateTimeZoneBuilder.java:1080)
	at org.joda.time.tz.TestBuilder.buildAmericaLosAngelesBuilder(TestBuilder.java:166)
	at org.joda.time.tz.TestBuilder.testSerialization(TestBuilder.java:278)
	at sun.reflect.NativeMethodAccessorImpl.invoke0(Native Method)
	at sun.reflect.NativeMethodAccessorImpl.invoke(NativeMethodAccessorImpl.java:62)
	at sun.reflect.DelegatingMethodAccessorImpl.invoke(DelegatingMethodAccessorImpl.java:43)
	at java.lang.reflect.Method.invoke(Method.java:498)
	at junit.framework.TestCase.runTest(TestCase.java:176)
	at junit.framework.TestCase.runBare(TestCase.java:141)
	at junit.framework.TestResult$1.protect(TestResult.java:122)
	at junit.framework.TestResult.runProtected(TestResult.java:142)
	at junit.framework.TestResult.run(TestResult.java:125)
	at junit.framework.TestCase.run(TestCase.java:129)
	at junit.framework.TestSuite.runTest(TestSuite.java:255)
	at junit.framework.TestSuite.run(TestSuite.java:250)
	at org.junit.internal.runners.JUnit38ClassRunner.run(JUnit38ClassRunner.java:84)
	at org.junit.runner.JUnitCore.run(JUnitCore.java:160)
	at org.junit.runner.JUnitCore.run(JUnitCore.java:138)
	at xxl.java.junit.JUnitSingleTestResultRunner.call(JUnitSingleTestResultRunner.java:27)
	at xxl.java.junit.JUnitSingleTestResultRunner.call(JUnitSingleTestResultRunner.java:10)
	at java.util.concurrent.FutureTask.run(FutureTask.java:266)
	at java.util.concurrent.ThreadPoolExecutor.runWorker(ThreadPoolExecutor.java:1149)
	at java.util.concurrent.ThreadPoolExecutor$Worker.run(ThreadPoolExecutor.java:624)
	at java.lang.Thread.run(Thread.java:748)
java.io.IOException: Invalid encoding
	at org.joda.time.tz.DateTimeZoneBuilder$PrecalculatedZone.readFrom(DateTimeZoneBuilder.java:706)
	at org.joda.time.tz.DateTimeZoneBuilder.readFrom(DateTimeZoneBuilder.java:1003)
	at org.joda.time.tz.DateTimeZoneBuilder.readFrom(DateTimeZoneBuilder.java:990)
	at org.joda.time.tz.ZoneInfoProvider.loadZoneData(ZoneInfoProvider.java:106)
	at org.joda.time.tz.ZoneInfoProvider.getZone(ZoneInfoProvider.java:60)
	at org.joda.time.DateTimeZone.forID(DateTimeZone.java:103)
	at org.joda.time.DateTimeUtils.put(DateTimeUtils.java:61)
	at org.joda.time.DateTimeUtils.<clinit>(DateTimeUtils.java:52)
	at org.joda.time.tz.DateTimeZoneBuilder$RuleSet.<clinit>(DateTimeZoneBuilder.java:389)
	at org.joda.time.tz.DateTimeZoneBuilder.addCutover(DateTimeZoneBuilder.java:1080)
	at org.joda.time.tz.TestBuilder.buildAmericaLosAngelesBuilder(TestBuilder.java:166)
	at org.joda.time.tz.TestBuilder.testSerialization(TestBuilder.java:278)
	at sun.reflect.NativeMethodAccessorImpl.invoke0(Native Method)
	at sun.reflect.NativeMethodAccessorImpl.invoke(NativeMethodAccessorImpl.java:62)
	at sun.reflect.DelegatingMethodAccessorImpl.invoke(DelegatingMethodAccessorImpl.java:43)
	at java.lang.reflect.Method.invoke(Method.java:498)
	at junit.framework.TestCase.runTest(TestCase.java:176)
	at junit.framework.TestCase.runBare(TestCase.java:141)
	at junit.framework.TestResult$1.protect(TestResult.java:122)
	at junit.framework.TestResult.runProtected(TestResult.java:142)
	at junit.framework.TestResult.run(TestResult.java:125)
	at junit.framework.TestCase.run(TestCase.java:129)
	at junit.framework.TestSuite.runTest(TestSuite.java:255)
	at junit.framework.TestSuite.run(TestSuite.java:250)
	at org.junit.internal.runners.JUnit38ClassRunner.run(JUnit38ClassRunner.java:84)
	at org.junit.runner.JUnitCore.run(JUnitCore.java:160)
	at org.junit.runner.JUnitCore.run(JUnitCore.java:138)
	at xxl.java.junit.JUnitSingleTestResultRunner.call(JUnitSingleTestResultRunner.java:27)
	at xxl.java.junit.JUnitSingleTestResultRunner.call(JUnitSingleTestResultRunner.java:10)
	at java.util.concurrent.FutureTask.run(FutureTask.java:266)
	at java.util.concurrent.ThreadPoolExecutor.runWorker(ThreadPoolExecutor.java:1149)
	at java.util.concurrent.ThreadPoolExecutor$Worker.run(ThreadPoolExecutor.java:624)
	at java.lang.Thread.run(Thread.java:748)
java.io.IOException: Invalid encoding
	at org.joda.time.tz.DateTimeZoneBuilder$PrecalculatedZone.readFrom(DateTimeZoneBuilder.java:706)
	at org.joda.time.tz.DateTimeZoneBuilder.readFrom(DateTimeZoneBuilder.java:1003)
	at org.joda.time.tz.DateTimeZoneBuilder.readFrom(DateTimeZoneBuilder.java:990)
	at org.joda.time.tz.ZoneInfoProvider.loadZoneData(ZoneInfoProvider.java:106)
	at org.joda.time.tz.ZoneInfoProvider.getZone(ZoneInfoProvider.java:60)
	at org.joda.time.DateTimeZone.forID(DateTimeZone.java:103)
	at org.joda.time.DateTimeUtils.put(DateTimeUtils.java:61)
	at org.joda.time.DateTimeUtils.<clinit>(DateTimeUtils.java:54)
	at org.joda.time.tz.DateTimeZoneBuilder$RuleSet.<clinit>(DateTimeZoneBuilder.java:389)
	at org.joda.time.tz.DateTimeZoneBuilder.addCutover(DateTimeZoneBuilder.java:1080)
	at org.joda.time.tz.TestBuilder.buildAmericaLosAngelesBuilder(TestBuilder.java:166)
	at org.joda.time.tz.TestBuilder.testSerialization(TestBuilder.java:278)
	at sun.reflect.NativeMethodAccessorImpl.invoke0(Native Method)
	at sun.reflect.NativeMethodAccessorImpl.invoke(NativeMethodAccessorImpl.java:62)
	at sun.reflect.DelegatingMethodAccessorImpl.invoke(DelegatingMethodAccessorImpl.java:43)
	at java.lang.reflect.Method.invoke(Method.java:498)
	at junit.framework.TestCase.runTest(TestCase.java:176)
	at junit.framework.TestCase.runBare(TestCase.java:141)
	at junit.framework.TestResult$1.protect(TestResult.java:122)
	at junit.framework.TestResult.runProtected(TestResult.java:142)
	at junit.framework.TestResult.run(TestResult.java:125)
	at junit.framework.TestCase.run(TestCase.java:129)
	at junit.framework.TestSuite.runTest(TestSuite.java:255)
	at junit.framework.TestSuite.run(TestSuite.java:250)
	at org.junit.internal.runners.JUnit38ClassRunner.run(JUnit38ClassRunner.java:84)
	at org.junit.runner.JUnitCore.run(JUnitCore.java:160)
	at org.junit.runner.JUnitCore.run(JUnitCore.java:138)
	at xxl.java.junit.JUnitSingleTestResultRunner.call(JUnitSingleTestResultRunner.java:27)
	at xxl.java.junit.JUnitSingleTestResultRunner.call(JUnitSingleTestResultRunner.java:10)
	at java.util.concurrent.FutureTask.run(FutureTask.java:266)
	at java.util.concurrent.ThreadPoolExecutor.runWorker(ThreadPoolExecutor.java:1149)
	at java.util.concurrent.ThreadPoolExecutor$Worker.run(ThreadPoolExecutor.java:624)
	at java.lang.Thread.run(Thread.java:748)
java.io.IOException: Invalid encoding
	at org.joda.time.tz.DateTimeZoneBuilder$PrecalculatedZone.readFrom(DateTimeZoneBuilder.java:706)
	at org.joda.time.tz.DateTimeZoneBuilder.readFrom(DateTimeZoneBuilder.java:1003)
	at org.joda.time.tz.DateTimeZoneBuilder.readFrom(DateTimeZoneBuilder.java:990)
	at org.joda.time.tz.ZoneInfoProvider.loadZoneData(ZoneInfoProvider.java:106)
	at org.joda.time.tz.ZoneInfoProvider.getZone(ZoneInfoProvider.java:60)
	at org.joda.time.DateTimeZone.forID(DateTimeZone.java:103)
	at org.joda.time.tz.TestCompiler.test_Amman_2003(TestCompiler.java:197)
	at sun.reflect.NativeMethodAccessorImpl.invoke0(Native Method)
	at sun.reflect.NativeMethodAccessorImpl.invoke(NativeMethodAccessorImpl.java:62)
	at sun.reflect.DelegatingMethodAccessorImpl.invoke(DelegatingMethodAccessorImpl.java:43)
	at java.lang.reflect.Method.invoke(Method.java:498)
	at junit.framework.TestCase.runTest(TestCase.java:176)
	at junit.framework.TestCase.runBare(TestCase.java:141)
	at junit.framework.TestResult$1.protect(TestResult.java:122)
	at junit.framework.TestResult.runProtected(TestResult.java:142)
	at junit.framework.TestResult.run(TestResult.java:125)
	at junit.framework.TestCase.run(TestCase.java:129)
	at junit.framework.TestSuite.runTest(TestSuite.java:255)
	at junit.framework.TestSuite.run(TestSuite.java:250)
	at org.junit.internal.runners.JUnit38ClassRunner.run(JUnit38ClassRunner.java:84)
	at org.junit.runner.JUnitCore.run(JUnitCore.java:160)
	at org.junit.runner.JUnitCore.run(JUnitCore.java:138)
	at xxl.java.junit.JUnitSingleTestResultRunner.call(JUnitSingleTestResultRunner.java:27)
	at xxl.java.junit.JUnitSingleTestResultRunner.call(JUnitSingleTestResultRunner.java:10)
	at java.util.concurrent.FutureTask.run(FutureTask.java:266)
	at java.util.concurrent.ThreadPoolExecutor.runWorker(ThreadPoolExecutor.java:1149)
	at java.util.concurrent.ThreadPoolExecutor$Worker.run(ThreadPoolExecutor.java:624)
	at java.lang.Thread.run(Thread.java:748)
java.io.IOException: Invalid encoding
	at org.joda.time.tz.DateTimeZoneBuilder$PrecalculatedZone.readFrom(DateTimeZoneBuilder.java:712)
	at org.joda.time.tz.DateTimeZoneBuilder.readFrom(DateTimeZoneBuilder.java:1009)
	at org.joda.time.tz.DateTimeZoneBuilder.readFrom(DateTimeZoneBuilder.java:996)
	at org.joda.time.tz.ZoneInfoProvider.loadZoneData(ZoneInfoProvider.java:106)
	at org.joda.time.tz.ZoneInfoProvider.getZone(ZoneInfoProvider.java:60)
	at org.joda.time.DateTimeZone.forID(DateTimeZone.java:103)
	at org.joda.time.TestDateTimeZone.<clinit>(TestDateTimeZone.java:70)
	at sun.reflect.NativeMethodAccessorImpl.invoke0(Native Method)
	at sun.reflect.NativeMethodAccessorImpl.invoke(NativeMethodAccessorImpl.java:62)
	at sun.reflect.DelegatingMethodAccessorImpl.invoke(DelegatingMethodAccessorImpl.java:43)
	at java.lang.reflect.Method.invoke(Method.java:498)
	at org.junit.internal.runners.SuiteMethod.testFromSuiteMethod(SuiteMethod.java:35)
	at org.junit.internal.runners.SuiteMethod.<init>(SuiteMethod.java:24)
	at org.junit.internal.builders.SuiteMethodBuilder.runnerForClass(SuiteMethodBuilder.java:11)
	at org.junit.runners.model.RunnerBuilder.safeRunnerForClass(RunnerBuilder.java:59)
	at org.junit.internal.builders.AllDefaultPossibilitiesBuilder.runnerForClass(AllDefaultPossibilitiesBuilder.java:26)
	at org.junit.runners.model.RunnerBuilder.safeRunnerForClass(RunnerBuilder.java:59)
	at org.junit.internal.requests.ClassRequest.getRunner(ClassRequest.java:26)
	at org.junit.internal.requests.FilterRequest.getRunner(FilterRequest.java:31)
	at org.junit.runner.JUnitCore.run(JUnitCore.java:138)
	at xxl.java.junit.JUnitSingleTestRunner.call(JUnitSingleTestRunner.java:23)
	at xxl.java.junit.JUnitSingleTestRunner.call(JUnitSingleTestRunner.java:10)
	at java.util.concurrent.FutureTask.run(FutureTask.java:266)
	at java.util.concurrent.ThreadPoolExecutor.runWorker(ThreadPoolExecutor.java:1149)
	at java.util.concurrent.ThreadPoolExecutor$Worker.run(ThreadPoolExecutor.java:624)
	at java.lang.Thread.run(Thread.java:748)
java.io.IOException: Invalid encoding
	at org.joda.time.tz.DateTimeZoneBuilder$PrecalculatedZone.readFrom(DateTimeZoneBuilder.java:706)
	at org.joda.time.tz.DateTimeZoneBuilder.readFrom(DateTimeZoneBuilder.java:1003)
	at org.joda.time.tz.DateTimeZoneBuilder.readFrom(DateTimeZoneBuilder.java:990)
	at org.joda.time.tz.ZoneInfoProvider.loadZoneData(ZoneInfoProvider.java:106)
	at org.joda.time.tz.ZoneInfoProvider.getZone(ZoneInfoProvider.java:60)
	at org.joda.time.DateTimeZone.forID(DateTimeZone.java:103)
	at org.joda.time.DateTimeZone.getDefault(DateTimeZone.java:63)
	at org.joda.time.format.TestISODateTimeFormatParsing.setUp(TestISODateTimeFormatParsing.java:51)
	at junit.framework.TestCase.runBare(TestCase.java:139)
	at junit.framework.TestResult$1.protect(TestResult.java:122)
	at junit.framework.TestResult.runProtected(TestResult.java:142)
	at junit.framework.TestResult.run(TestResult.java:125)
	at junit.framework.TestCase.run(TestCase.java:129)
	at junit.framework.TestSuite.runTest(TestSuite.java:255)
	at junit.framework.TestSuite.run(TestSuite.java:250)
	at org.junit.internal.runners.JUnit38ClassRunner.run(JUnit38ClassRunner.java:84)
	at org.junit.runner.JUnitCore.run(JUnitCore.java:160)
	at org.junit.runner.JUnitCore.run(JUnitCore.java:138)
	at xxl.java.junit.JUnitSingleTestResultRunner.call(JUnitSingleTestResultRunner.java:27)
	at xxl.java.junit.JUnitSingleTestResultRunner.call(JUnitSingleTestResultRunner.java:10)
	at java.util.concurrent.FutureTask.run(FutureTask.java:266)
	at java.util.concurrent.ThreadPoolExecutor.runWorker(ThreadPoolExecutor.java:1149)
	at java.util.concurrent.ThreadPoolExecutor$Worker.run(ThreadPoolExecutor.java:624)
	at java.lang.Thread.run(Thread.java:748)
java.io.IOException: Invalid encoding
	at org.joda.time.tz.DateTimeZoneBuilder$PrecalculatedZone.readFrom(DateTimeZoneBuilder.java:706)
	at org.joda.time.tz.DateTimeZoneBuilder.readFrom(DateTimeZoneBuilder.java:1003)
	at org.joda.time.tz.DateTimeZoneBuilder.readFrom(DateTimeZoneBuilder.java:990)
	at org.joda.time.tz.ZoneInfoProvider.loadZoneData(ZoneInfoProvider.java:106)
	at org.joda.time.tz.ZoneInfoProvider.getZone(ZoneInfoProvider.java:60)
	at org.joda.time.DateTimeZone.forID(DateTimeZone.java:103)
	at org.joda.time.format.TestISODateTimeFormatParsing.setUp(TestISODateTimeFormatParsing.java:54)
	at junit.framework.TestCase.runBare(TestCase.java:139)
	at junit.framework.TestResult$1.protect(TestResult.java:122)
	at junit.framework.TestResult.runProtected(TestResult.java:142)
	at junit.framework.TestResult.run(TestResult.java:125)
	at junit.framework.TestCase.run(TestCase.java:129)
	at junit.framework.TestSuite.runTest(TestSuite.java:255)
	at junit.framework.TestSuite.run(TestSuite.java:250)
	at org.junit.internal.runners.JUnit38ClassRunner.run(JUnit38ClassRunner.java:84)
	at org.junit.runner.JUnitCore.run(JUnitCore.java:160)
	at org.junit.runner.JUnitCore.run(JUnitCore.java:138)
	at xxl.java.junit.JUnitSingleTestResultRunner.call(JUnitSingleTestResultRunner.java:27)
	at xxl.java.junit.JUnitSingleTestResultRunner.call(JUnitSingleTestResultRunner.java:10)
	at java.util.concurrent.FutureTask.run(FutureTask.java:266)
	at java.util.concurrent.ThreadPoolExecutor.runWorker(ThreadPoolExecutor.java:1149)
	at java.util.concurrent.ThreadPoolExecutor$Worker.run(ThreadPoolExecutor.java:624)
	at java.lang.Thread.run(Thread.java:748)
java.io.IOException: Invalid encoding
	at org.joda.time.tz.DateTimeZoneBuilder$PrecalculatedZone.readFrom(DateTimeZoneBuilder.java:706)
	at org.joda.time.tz.DateTimeZoneBuilder.readFrom(DateTimeZoneBuilder.java:1003)
	at org.joda.time.tz.DateTimeZoneBuilder.readFrom(DateTimeZoneBuilder.java:990)
	at org.joda.time.tz.ZoneInfoProvider.loadZoneData(ZoneInfoProvider.java:106)
	at org.joda.time.tz.ZoneInfoProvider.getZone(ZoneInfoProvider.java:60)
	at org.joda.time.DateTimeZone.forID(DateTimeZone.java:103)
	at org.joda.time.TestDateTime_Properties.<clinit>(TestDateTime_Properties.java:37)
	at sun.reflect.NativeMethodAccessorImpl.invoke0(Native Method)
	at sun.reflect.NativeMethodAccessorImpl.invoke(NativeMethodAccessorImpl.java:62)
	at sun.reflect.DelegatingMethodAccessorImpl.invoke(DelegatingMethodAccessorImpl.java:43)
	at java.lang.reflect.Method.invoke(Method.java:498)
	at org.junit.internal.runners.SuiteMethod.testFromSuiteMethod(SuiteMethod.java:35)
	at org.junit.internal.runners.SuiteMethod.<init>(SuiteMethod.java:24)
	at org.junit.internal.builders.SuiteMethodBuilder.runnerForClass(SuiteMethodBuilder.java:11)
	at org.junit.runners.model.RunnerBuilder.safeRunnerForClass(RunnerBuilder.java:59)
	at org.junit.internal.builders.AllDefaultPossibilitiesBuilder.runnerForClass(AllDefaultPossibilitiesBuilder.java:26)
	at org.junit.runners.model.RunnerBuilder.safeRunnerForClass(RunnerBuilder.java:59)
	at org.junit.internal.requests.ClassRequest.getRunner(ClassRequest.java:26)
	at org.junit.internal.requests.FilterRequest.getRunner(FilterRequest.java:31)
	at org.junit.runner.JUnitCore.run(JUnitCore.java:138)
	at xxl.java.junit.JUnitSingleTestResultRunner.call(JUnitSingleTestResultRunner.java:27)
	at xxl.java.junit.JUnitSingleTestResultRunner.call(JUnitSingleTestResultRunner.java:10)
	at java.util.concurrent.FutureTask.run(FutureTask.java:266)
	at java.util.concurrent.ThreadPoolExecutor.runWorker(ThreadPoolExecutor.java:1149)
	at java.util.concurrent.ThreadPoolExecutor$Worker.run(ThreadPoolExecutor.java:624)
	at java.lang.Thread.run(Thread.java:748)
java.io.IOException: Invalid encoding
	at org.joda.time.tz.DateTimeZoneBuilder$PrecalculatedZone.readFrom(DateTimeZoneBuilder.java:706)
	at org.joda.time.tz.DateTimeZoneBuilder.readFrom(DateTimeZoneBuilder.java:1003)
	at org.joda.time.tz.DateTimeZoneBuilder.readFrom(DateTimeZoneBuilder.java:990)
	at org.joda.time.tz.ZoneInfoProvider.loadZoneData(ZoneInfoProvider.java:106)
	at org.joda.time.tz.ZoneInfoProvider.getZone(ZoneInfoProvider.java:60)
	at org.joda.time.DateTimeZone.forID(DateTimeZone.java:103)
	at org.joda.time.DateTimeUtils.put(DateTimeUtils.java:61)
	at org.joda.time.DateTimeUtils.<clinit>(DateTimeUtils.java:50)
	at org.joda.time.tz.DateTimeZoneBuilder$RuleSet.<clinit>(DateTimeZoneBuilder.java:389)
	at org.joda.time.tz.DateTimeZoneBuilder.addCutover(DateTimeZoneBuilder.java:1080)
	at org.joda.time.tz.TestBuilder.buildAmericaLosAngelesBuilder(TestBuilder.java:166)
	at org.joda.time.tz.TestBuilder.testSerialization(TestBuilder.java:278)
	at sun.reflect.NativeMethodAccessorImpl.invoke0(Native Method)
	at sun.reflect.NativeMethodAccessorImpl.invoke(NativeMethodAccessorImpl.java:62)
	at sun.reflect.DelegatingMethodAccessorImpl.invoke(DelegatingMethodAccessorImpl.java:43)
	at java.lang.reflect.Method.invoke(Method.java:498)
	at junit.framework.TestCase.runTest(TestCase.java:176)
	at junit.framework.TestCase.runBare(TestCase.java:141)
	at junit.framework.TestResult$1.protect(TestResult.java:122)
	at junit.framework.TestResult.runProtected(TestResult.java:142)
	at junit.framework.TestResult.run(TestResult.java:125)
	at junit.framework.TestCase.run(TestCase.java:129)
	at junit.framework.TestSuite.runTest(TestSuite.java:255)
	at junit.framework.TestSuite.run(TestSuite.java:250)
	at org.junit.internal.runners.JUnit38ClassRunner.run(JUnit38ClassRunner.java:84)
	at org.junit.runner.JUnitCore.run(JUnitCore.java:160)
	at org.junit.runner.JUnitCore.run(JUnitCore.java:138)
	at xxl.java.junit.JUnitSingleTestResultRunner.call(JUnitSingleTestResultRunner.java:27)
	at xxl.java.junit.JUnitSingleTestResultRunner.call(JUnitSingleTestResultRunner.java:10)
	at java.util.concurrent.FutureTask.run(FutureTask.java:266)
	at java.util.concurrent.ThreadPoolExecutor.runWorker(ThreadPoolExecutor.java:1149)
	at java.util.concurrent.ThreadPoolExecutor$Worker.run(ThreadPoolExecutor.java:624)
	at java.lang.Thread.run(Thread.java:748)
java.io.IOException: Invalid encoding
	at org.joda.time.tz.DateTimeZoneBuilder$PrecalculatedZone.readFrom(DateTimeZoneBuilder.java:706)
	at org.joda.time.tz.DateTimeZoneBuilder.readFrom(DateTimeZoneBuilder.java:1003)
	at org.joda.time.tz.DateTimeZoneBuilder.readFrom(DateTimeZoneBuilder.java:990)
	at org.joda.time.tz.ZoneInfoProvider.loadZoneData(ZoneInfoProvider.java:106)
	at org.joda.time.tz.ZoneInfoProvider.getZone(ZoneInfoProvider.java:60)
	at org.joda.time.DateTimeZone.forID(DateTimeZone.java:103)
	at org.joda.time.DateTimeUtils.put(DateTimeUtils.java:61)
	at org.joda.time.DateTimeUtils.<clinit>(DateTimeUtils.java:52)
	at org.joda.time.tz.DateTimeZoneBuilder$RuleSet.<clinit>(DateTimeZoneBuilder.java:389)
	at org.joda.time.tz.DateTimeZoneBuilder.addCutover(DateTimeZoneBuilder.java:1080)
	at org.joda.time.tz.TestBuilder.buildAmericaLosAngelesBuilder(TestBuilder.java:166)
	at org.joda.time.tz.TestBuilder.testSerialization(TestBuilder.java:278)
	at sun.reflect.NativeMethodAccessorImpl.invoke0(Native Method)
	at sun.reflect.NativeMethodAccessorImpl.invoke(NativeMethodAccessorImpl.java:62)
	at sun.reflect.DelegatingMethodAccessorImpl.invoke(DelegatingMethodAccessorImpl.java:43)
	at java.lang.reflect.Method.invoke(Method.java:498)
	at junit.framework.TestCase.runTest(TestCase.java:176)
	at junit.framework.TestCase.runBare(TestCase.java:141)
	at junit.framework.TestResult$1.protect(TestResult.java:122)
	at junit.framework.TestResult.runProtected(TestResult.java:142)
	at junit.framework.TestResult.run(TestResult.java:125)
	at junit.framework.TestCase.run(TestCase.java:129)
	at junit.framework.TestSuite.runTest(TestSuite.java:255)
	at junit.framework.TestSuite.run(TestSuite.java:250)
	at org.junit.internal.runners.JUnit38ClassRunner.run(JUnit38ClassRunner.java:84)
	at org.junit.runner.JUnitCore.run(JUnitCore.java:160)
	at org.junit.runner.JUnitCore.run(JUnitCore.java:138)
	at xxl.java.junit.JUnitSingleTestResultRunner.call(JUnitSingleTestResultRunner.java:27)
	at xxl.java.junit.JUnitSingleTestResultRunner.call(JUnitSingleTestResultRunner.java:10)
	at java.util.concurrent.FutureTask.run(FutureTask.java:266)
	at java.util.concurrent.ThreadPoolExecutor.runWorker(ThreadPoolExecutor.java:1149)
	at java.util.concurrent.ThreadPoolExecutor$Worker.run(ThreadPoolExecutor.java:624)
	at java.lang.Thread.run(Thread.java:748)
java.io.IOException: Invalid encoding
	at org.joda.time.tz.DateTimeZoneBuilder$PrecalculatedZone.readFrom(DateTimeZoneBuilder.java:706)
	at org.joda.time.tz.DateTimeZoneBuilder.readFrom(DateTimeZoneBuilder.java:1003)
	at org.joda.time.tz.DateTimeZoneBuilder.readFrom(DateTimeZoneBuilder.java:990)
	at org.joda.time.tz.ZoneInfoProvider.loadZoneData(ZoneInfoProvider.java:106)
	at org.joda.time.tz.ZoneInfoProvider.getZone(ZoneInfoProvider.java:60)
	at org.joda.time.DateTimeZone.forID(DateTimeZone.java:103)
	at org.joda.time.DateTimeUtils.put(DateTimeUtils.java:61)
	at org.joda.time.DateTimeUtils.<clinit>(DateTimeUtils.java:54)
	at org.joda.time.tz.DateTimeZoneBuilder$RuleSet.<clinit>(DateTimeZoneBuilder.java:389)
	at org.joda.time.tz.DateTimeZoneBuilder.addCutover(DateTimeZoneBuilder.java:1080)
	at org.joda.time.tz.TestBuilder.buildAmericaLosAngelesBuilder(TestBuilder.java:166)
	at org.joda.time.tz.TestBuilder.testSerialization(TestBuilder.java:278)
	at sun.reflect.NativeMethodAccessorImpl.invoke0(Native Method)
	at sun.reflect.NativeMethodAccessorImpl.invoke(NativeMethodAccessorImpl.java:62)
	at sun.reflect.DelegatingMethodAccessorImpl.invoke(DelegatingMethodAccessorImpl.java:43)
	at java.lang.reflect.Method.invoke(Method.java:498)
	at junit.framework.TestCase.runTest(TestCase.java:176)
	at junit.framework.TestCase.runBare(TestCase.java:141)
	at junit.framework.TestResult$1.protect(TestResult.java:122)
	at junit.framework.TestResult.runProtected(TestResult.java:142)
	at junit.framework.TestResult.run(TestResult.java:125)
	at junit.framework.TestCase.run(TestCase.java:129)
	at junit.framework.TestSuite.runTest(TestSuite.java:255)
	at junit.framework.TestSuite.run(TestSuite.java:250)
	at org.junit.internal.runners.JUnit38ClassRunner.run(JUnit38ClassRunner.java:84)
	at org.junit.runner.JUnitCore.run(JUnitCore.java:160)
	at org.junit.runner.JUnitCore.run(JUnitCore.java:138)
	at xxl.java.junit.JUnitSingleTestResultRunner.call(JUnitSingleTestResultRunner.java:27)
	at xxl.java.junit.JUnitSingleTestResultRunner.call(JUnitSingleTestResultRunner.java:10)
	at java.util.concurrent.FutureTask.run(FutureTask.java:266)
	at java.util.concurrent.ThreadPoolExecutor.runWorker(ThreadPoolExecutor.java:1149)
	at java.util.concurrent.ThreadPoolExecutor$Worker.run(ThreadPoolExecutor.java:624)
	at java.lang.Thread.run(Thread.java:748)
java.io.IOException: Invalid encoding
	at org.joda.time.tz.DateTimeZoneBuilder$PrecalculatedZone.readFrom(DateTimeZoneBuilder.java:706)
	at org.joda.time.tz.DateTimeZoneBuilder.readFrom(DateTimeZoneBuilder.java:1003)
	at org.joda.time.tz.DateTimeZoneBuilder.readFrom(DateTimeZoneBuilder.java:990)
	at org.joda.time.tz.ZoneInfoProvider.loadZoneData(ZoneInfoProvider.java:106)
	at org.joda.time.tz.ZoneInfoProvider.getZone(ZoneInfoProvider.java:60)
	at org.joda.time.DateTimeZone.forID(DateTimeZone.java:103)
	at org.joda.time.tz.TestCompiler.test_Amman_2003(TestCompiler.java:197)
	at sun.reflect.NativeMethodAccessorImpl.invoke0(Native Method)
	at sun.reflect.NativeMethodAccessorImpl.invoke(NativeMethodAccessorImpl.java:62)
	at sun.reflect.DelegatingMethodAccessorImpl.invoke(DelegatingMethodAccessorImpl.java:43)
	at java.lang.reflect.Method.invoke(Method.java:498)
	at junit.framework.TestCase.runTest(TestCase.java:176)
	at junit.framework.TestCase.runBare(TestCase.java:141)
	at junit.framework.TestResult$1.protect(TestResult.java:122)
	at junit.framework.TestResult.runProtected(TestResult.java:142)
	at junit.framework.TestResult.run(TestResult.java:125)
	at junit.framework.TestCase.run(TestCase.java:129)
	at junit.framework.TestSuite.runTest(TestSuite.java:255)
	at junit.framework.TestSuite.run(TestSuite.java:250)
	at org.junit.internal.runners.JUnit38ClassRunner.run(JUnit38ClassRunner.java:84)
	at org.junit.runner.JUnitCore.run(JUnitCore.java:160)
	at org.junit.runner.JUnitCore.run(JUnitCore.java:138)
	at xxl.java.junit.JUnitSingleTestResultRunner.call(JUnitSingleTestResultRunner.java:27)
	at xxl.java.junit.JUnitSingleTestResultRunner.call(JUnitSingleTestResultRunner.java:10)
	at java.util.concurrent.FutureTask.run(FutureTask.java:266)
	at java.util.concurrent.ThreadPoolExecutor.runWorker(ThreadPoolExecutor.java:1149)
	at java.util.concurrent.ThreadPoolExecutor$Worker.run(ThreadPoolExecutor.java:624)
	at java.lang.Thread.run(Thread.java:748)
java.io.IOException: Invalid encoding
	at org.joda.time.tz.DateTimeZoneBuilder$PrecalculatedZone.readFrom(DateTimeZoneBuilder.java:712)
	at org.joda.time.tz.DateTimeZoneBuilder.readFrom(DateTimeZoneBuilder.java:1009)
	at org.joda.time.tz.DateTimeZoneBuilder.readFrom(DateTimeZoneBuilder.java:996)
	at org.joda.time.tz.ZoneInfoProvider.loadZoneData(ZoneInfoProvider.java:106)
	at org.joda.time.tz.ZoneInfoProvider.getZone(ZoneInfoProvider.java:60)
	at org.joda.time.DateTimeZone.forID(DateTimeZone.java:103)
	at org.joda.time.TestDateTimeZone.<clinit>(TestDateTimeZone.java:70)
	at sun.reflect.NativeMethodAccessorImpl.invoke0(Native Method)
	at sun.reflect.NativeMethodAccessorImpl.invoke(NativeMethodAccessorImpl.java:62)
	at sun.reflect.DelegatingMethodAccessorImpl.invoke(DelegatingMethodAccessorImpl.java:43)
	at java.lang.reflect.Method.invoke(Method.java:498)
	at org.junit.internal.runners.SuiteMethod.testFromSuiteMethod(SuiteMethod.java:35)
	at org.junit.internal.runners.SuiteMethod.<init>(SuiteMethod.java:24)
	at org.junit.internal.builders.SuiteMethodBuilder.runnerForClass(SuiteMethodBuilder.java:11)
	at org.junit.runners.model.RunnerBuilder.safeRunnerForClass(RunnerBuilder.java:59)
	at org.junit.internal.builders.AllDefaultPossibilitiesBuilder.runnerForClass(AllDefaultPossibilitiesBuilder.java:26)
	at org.junit.runners.model.RunnerBuilder.safeRunnerForClass(RunnerBuilder.java:59)
	at org.junit.internal.requests.ClassRequest.getRunner(ClassRequest.java:26)
	at org.junit.internal.requests.FilterRequest.getRunner(FilterRequest.java:31)
	at org.junit.runner.JUnitCore.run(JUnitCore.java:138)
	at xxl.java.junit.JUnitSingleTestRunner.call(JUnitSingleTestRunner.java:23)
	at xxl.java.junit.JUnitSingleTestRunner.call(JUnitSingleTestRunner.java:10)
	at java.util.concurrent.FutureTask.run(FutureTask.java:266)
	at java.util.concurrent.ThreadPoolExecutor.runWorker(ThreadPoolExecutor.java:1149)
	at java.util.concurrent.ThreadPoolExecutor$Worker.run(ThreadPoolExecutor.java:624)
	at java.lang.Thread.run(Thread.java:748)
java.io.EOFException
	at java.io.DataInputStream.readFully(DataInputStream.java:197)
	at java.io.DataInputStream.readUTF(DataInputStream.java:609)
	at java.io.DataInputStream.readUTF(DataInputStream.java:564)
	at org.joda.time.tz.DateTimeZoneBuilder$PrecalculatedZone.readFrom(DateTimeZoneBuilder.java:685)
	at org.joda.time.tz.DateTimeZoneBuilder.readFrom(DateTimeZoneBuilder.java:1003)
	at org.joda.time.tz.DateTimeZoneBuilder.readFrom(DateTimeZoneBuilder.java:990)
	at org.joda.time.tz.ZoneInfoProvider.loadZoneData(ZoneInfoProvider.java:106)
	at org.joda.time.tz.ZoneInfoProvider.getZone(ZoneInfoProvider.java:60)
	at org.joda.time.DateTimeZone.forID(DateTimeZone.java:103)
	at org.joda.time.DateTimeZone.getDefault(DateTimeZone.java:63)
	at org.joda.time.format.TestISODateTimeFormatParsing.setUp(TestISODateTimeFormatParsing.java:51)
	at junit.framework.TestCase.runBare(TestCase.java:139)
	at junit.framework.TestResult$1.protect(TestResult.java:122)
	at junit.framework.TestResult.runProtected(TestResult.java:142)
	at junit.framework.TestResult.run(TestResult.java:125)
	at junit.framework.TestCase.run(TestCase.java:129)
	at junit.framework.TestSuite.runTest(TestSuite.java:255)
	at junit.framework.TestSuite.run(TestSuite.java:250)
	at org.junit.internal.runners.JUnit38ClassRunner.run(JUnit38ClassRunner.java:84)
	at org.junit.runner.JUnitCore.run(JUnitCore.java:160)
	at org.junit.runner.JUnitCore.run(JUnitCore.java:138)
	at xxl.java.junit.JUnitSingleTestResultRunner.call(JUnitSingleTestResultRunner.java:27)
	at xxl.java.junit.JUnitSingleTestResultRunner.call(JUnitSingleTestResultRunner.java:10)
	at java.util.concurrent.FutureTask.run(FutureTask.java:266)
	at java.util.concurrent.ThreadPoolExecutor.runWorker(ThreadPoolExecutor.java:1149)
	at java.util.concurrent.ThreadPoolExecutor$Worker.run(ThreadPoolExecutor.java:624)
	at java.lang.Thread.run(Thread.java:748)
java.io.EOFException
	at java.io.DataInputStream.readFully(DataInputStream.java:197)
	at java.io.DataInputStream.readUTF(DataInputStream.java:609)
	at java.io.DataInputStream.readUTF(DataInputStream.java:564)
	at org.joda.time.tz.DateTimeZoneBuilder$PrecalculatedZone.readFrom(DateTimeZoneBuilder.java:685)
	at org.joda.time.tz.DateTimeZoneBuilder.readFrom(DateTimeZoneBuilder.java:1003)
	at org.joda.time.tz.DateTimeZoneBuilder.readFrom(DateTimeZoneBuilder.java:990)
	at org.joda.time.tz.ZoneInfoProvider.loadZoneData(ZoneInfoProvider.java:106)
	at org.joda.time.tz.ZoneInfoProvider.getZone(ZoneInfoProvider.java:60)
	at org.joda.time.DateTimeZone.forID(DateTimeZone.java:103)
	at org.joda.time.format.TestISODateTimeFormatParsing.setUp(TestISODateTimeFormatParsing.java:54)
	at junit.framework.TestCase.runBare(TestCase.java:139)
	at junit.framework.TestResult$1.protect(TestResult.java:122)
	at junit.framework.TestResult.runProtected(TestResult.java:142)
	at junit.framework.TestResult.run(TestResult.java:125)
	at junit.framework.TestCase.run(TestCase.java:129)
	at junit.framework.TestSuite.runTest(TestSuite.java:255)
	at junit.framework.TestSuite.run(TestSuite.java:250)
	at org.junit.internal.runners.JUnit38ClassRunner.run(JUnit38ClassRunner.java:84)
	at org.junit.runner.JUnitCore.run(JUnitCore.java:160)
	at org.junit.runner.JUnitCore.run(JUnitCore.java:138)
	at xxl.java.junit.JUnitSingleTestResultRunner.call(JUnitSingleTestResultRunner.java:27)
	at xxl.java.junit.JUnitSingleTestResultRunner.call(JUnitSingleTestResultRunner.java:10)
	at java.util.concurrent.FutureTask.run(FutureTask.java:266)
	at java.util.concurrent.ThreadPoolExecutor.runWorker(ThreadPoolExecutor.java:1149)
	at java.util.concurrent.ThreadPoolExecutor$Worker.run(ThreadPoolExecutor.java:624)
	at java.lang.Thread.run(Thread.java:748)
java.io.EOFException
	at java.io.DataInputStream.readFully(DataInputStream.java:197)
	at java.io.DataInputStream.readUTF(DataInputStream.java:609)
	at java.io.DataInputStream.readUTF(DataInputStream.java:564)
	at org.joda.time.tz.DateTimeZoneBuilder$PrecalculatedZone.readFrom(DateTimeZoneBuilder.java:685)
	at org.joda.time.tz.DateTimeZoneBuilder.readFrom(DateTimeZoneBuilder.java:1003)
	at org.joda.time.tz.DateTimeZoneBuilder.readFrom(DateTimeZoneBuilder.java:990)
	at org.joda.time.tz.ZoneInfoProvider.loadZoneData(ZoneInfoProvider.java:106)
	at org.joda.time.tz.ZoneInfoProvider.getZone(ZoneInfoProvider.java:60)
	at org.joda.time.DateTimeZone.forID(DateTimeZone.java:103)
	at org.joda.time.TestDateTime_Properties.<clinit>(TestDateTime_Properties.java:37)
	at sun.reflect.NativeMethodAccessorImpl.invoke0(Native Method)
	at sun.reflect.NativeMethodAccessorImpl.invoke(NativeMethodAccessorImpl.java:62)
	at sun.reflect.DelegatingMethodAccessorImpl.invoke(DelegatingMethodAccessorImpl.java:43)
	at java.lang.reflect.Method.invoke(Method.java:498)
	at org.junit.internal.runners.SuiteMethod.testFromSuiteMethod(SuiteMethod.java:35)
	at org.junit.internal.runners.SuiteMethod.<init>(SuiteMethod.java:24)
	at org.junit.internal.builders.SuiteMethodBuilder.runnerForClass(SuiteMethodBuilder.java:11)
	at org.junit.runners.model.RunnerBuilder.safeRunnerForClass(RunnerBuilder.java:59)
	at org.junit.internal.builders.AllDefaultPossibilitiesBuilder.runnerForClass(AllDefaultPossibilitiesBuilder.java:26)
	at org.junit.runners.model.RunnerBuilder.safeRunnerForClass(RunnerBuilder.java:59)
	at org.junit.internal.requests.ClassRequest.getRunner(ClassRequest.java:26)
	at org.junit.internal.requests.FilterRequest.getRunner(FilterRequest.java:31)
	at org.junit.runner.JUnitCore.run(JUnitCore.java:138)
	at xxl.java.junit.JUnitSingleTestResultRunner.call(JUnitSingleTestResultRunner.java:27)
	at xxl.java.junit.JUnitSingleTestResultRunner.call(JUnitSingleTestResultRunner.java:10)
	at java.util.concurrent.FutureTask.run(FutureTask.java:266)
	at java.util.concurrent.ThreadPoolExecutor.runWorker(ThreadPoolExecutor.java:1149)
	at java.util.concurrent.ThreadPoolExecutor$Worker.run(ThreadPoolExecutor.java:624)
	at java.lang.Thread.run(Thread.java:748)
java.io.EOFException
	at java.io.DataInputStream.readFully(DataInputStream.java:197)
	at java.io.DataInputStream.readUTF(DataInputStream.java:609)
	at java.io.DataInputStream.readUTF(DataInputStream.java:564)
	at org.joda.time.tz.DateTimeZoneBuilder$PrecalculatedZone.readFrom(DateTimeZoneBuilder.java:685)
	at org.joda.time.tz.DateTimeZoneBuilder.readFrom(DateTimeZoneBuilder.java:1003)
	at org.joda.time.tz.DateTimeZoneBuilder.readFrom(DateTimeZoneBuilder.java:990)
	at org.joda.time.tz.ZoneInfoProvider.loadZoneData(ZoneInfoProvider.java:106)
	at org.joda.time.tz.ZoneInfoProvider.getZone(ZoneInfoProvider.java:60)
	at org.joda.time.DateTimeZone.forID(DateTimeZone.java:103)
	at org.joda.time.DateTimeUtils.put(DateTimeUtils.java:61)
	at org.joda.time.DateTimeUtils.<clinit>(DateTimeUtils.java:50)
	at org.joda.time.tz.DateTimeZoneBuilder$RuleSet.<clinit>(DateTimeZoneBuilder.java:389)
	at org.joda.time.tz.DateTimeZoneBuilder.addCutover(DateTimeZoneBuilder.java:1080)
	at org.joda.time.tz.TestBuilder.buildAmericaLosAngelesBuilder(TestBuilder.java:166)
	at org.joda.time.tz.TestBuilder.testSerialization(TestBuilder.java:278)
	at sun.reflect.NativeMethodAccessorImpl.invoke0(Native Method)
	at sun.reflect.NativeMethodAccessorImpl.invoke(NativeMethodAccessorImpl.java:62)
	at sun.reflect.DelegatingMethodAccessorImpl.invoke(DelegatingMethodAccessorImpl.java:43)
	at java.lang.reflect.Method.invoke(Method.java:498)
	at junit.framework.TestCase.runTest(TestCase.java:176)
	at junit.framework.TestCase.runBare(TestCase.java:141)
	at junit.framework.TestResult$1.protect(TestResult.java:122)
	at junit.framework.TestResult.runProtected(TestResult.java:142)
	at junit.framework.TestResult.run(TestResult.java:125)
	at junit.framework.TestCase.run(TestCase.java:129)
	at junit.framework.TestSuite.runTest(TestSuite.java:255)
	at junit.framework.TestSuite.run(TestSuite.java:250)
	at org.junit.internal.runners.JUnit38ClassRunner.run(JUnit38ClassRunner.java:84)
	at org.junit.runner.JUnitCore.run(JUnitCore.java:160)
	at org.junit.runner.JUnitCore.run(JUnitCore.java:138)
	at xxl.java.junit.JUnitSingleTestResultRunner.call(JUnitSingleTestResultRunner.java:27)
	at xxl.java.junit.JUnitSingleTestResultRunner.call(JUnitSingleTestResultRunner.java:10)
	at java.util.concurrent.FutureTask.run(FutureTask.java:266)
	at java.util.concurrent.ThreadPoolExecutor.runWorker(ThreadPoolExecutor.java:1149)
	at java.util.concurrent.ThreadPoolExecutor$Worker.run(ThreadPoolExecutor.java:624)
	at java.lang.Thread.run(Thread.java:748)
java.io.EOFException
	at java.io.DataInputStream.readFully(DataInputStream.java:197)
	at java.io.DataInputStream.readUTF(DataInputStream.java:609)
	at java.io.DataInputStream.readUTF(DataInputStream.java:564)
	at org.joda.time.tz.DateTimeZoneBuilder$PrecalculatedZone.readFrom(DateTimeZoneBuilder.java:685)
	at org.joda.time.tz.DateTimeZoneBuilder.readFrom(DateTimeZoneBuilder.java:1003)
	at org.joda.time.tz.DateTimeZoneBuilder.readFrom(DateTimeZoneBuilder.java:990)
	at org.joda.time.tz.ZoneInfoProvider.loadZoneData(ZoneInfoProvider.java:106)
	at org.joda.time.tz.ZoneInfoProvider.getZone(ZoneInfoProvider.java:60)
	at org.joda.time.DateTimeZone.forID(DateTimeZone.java:103)
	at org.joda.time.DateTimeUtils.put(DateTimeUtils.java:61)
	at org.joda.time.DateTimeUtils.<clinit>(DateTimeUtils.java:52)
	at org.joda.time.tz.DateTimeZoneBuilder$RuleSet.<clinit>(DateTimeZoneBuilder.java:389)
	at org.joda.time.tz.DateTimeZoneBuilder.addCutover(DateTimeZoneBuilder.java:1080)
	at org.joda.time.tz.TestBuilder.buildAmericaLosAngelesBuilder(TestBuilder.java:166)
	at org.joda.time.tz.TestBuilder.testSerialization(TestBuilder.java:278)
	at sun.reflect.NativeMethodAccessorImpl.invoke0(Native Method)
	at sun.reflect.NativeMethodAccessorImpl.invoke(NativeMethodAccessorImpl.java:62)
	at sun.reflect.DelegatingMethodAccessorImpl.invoke(DelegatingMethodAccessorImpl.java:43)
	at java.lang.reflect.Method.invoke(Method.java:498)
	at junit.framework.TestCase.runTest(TestCase.java:176)
	at junit.framework.TestCase.runBare(TestCase.java:141)
	at junit.framework.TestResult$1.protect(TestResult.java:122)
	at junit.framework.TestResult.runProtected(TestResult.java:142)
	at junit.framework.TestResult.run(TestResult.java:125)
	at junit.framework.TestCase.run(TestCase.java:129)
	at junit.framework.TestSuite.runTest(TestSuite.java:255)
	at junit.framework.TestSuite.run(TestSuite.java:250)
	at org.junit.internal.runners.JUnit38ClassRunner.run(JUnit38ClassRunner.java:84)
	at org.junit.runner.JUnitCore.run(JUnitCore.java:160)
	at org.junit.runner.JUnitCore.run(JUnitCore.java:138)
	at xxl.java.junit.JUnitSingleTestResultRunner.call(JUnitSingleTestResultRunner.java:27)
	at xxl.java.junit.JUnitSingleTestResultRunner.call(JUnitSingleTestResultRunner.java:10)
	at java.util.concurrent.FutureTask.run(FutureTask.java:266)
	at java.util.concurrent.ThreadPoolExecutor.runWorker(ThreadPoolExecutor.java:1149)
	at java.util.concurrent.ThreadPoolExecutor$Worker.run(ThreadPoolExecutor.java:624)
	at java.lang.Thread.run(Thread.java:748)
java.io.EOFException
	at java.io.DataInputStream.readFully(DataInputStream.java:197)
	at java.io.DataInputStream.readUTF(DataInputStream.java:609)
	at java.io.DataInputStream.readUTF(DataInputStream.java:564)
	at org.joda.time.tz.DateTimeZoneBuilder$PrecalculatedZone.readFrom(DateTimeZoneBuilder.java:685)
	at org.joda.time.tz.DateTimeZoneBuilder.readFrom(DateTimeZoneBuilder.java:1003)
	at org.joda.time.tz.DateTimeZoneBuilder.readFrom(DateTimeZoneBuilder.java:990)
	at org.joda.time.tz.ZoneInfoProvider.loadZoneData(ZoneInfoProvider.java:106)
	at org.joda.time.tz.ZoneInfoProvider.getZone(ZoneInfoProvider.java:60)
	at org.joda.time.DateTimeZone.forID(DateTimeZone.java:103)
	at org.joda.time.DateTimeUtils.put(DateTimeUtils.java:61)
	at org.joda.time.DateTimeUtils.<clinit>(DateTimeUtils.java:54)
	at org.joda.time.tz.DateTimeZoneBuilder$RuleSet.<clinit>(DateTimeZoneBuilder.java:389)
	at org.joda.time.tz.DateTimeZoneBuilder.addCutover(DateTimeZoneBuilder.java:1080)
	at org.joda.time.tz.TestBuilder.buildAmericaLosAngelesBuilder(TestBuilder.java:166)
	at org.joda.time.tz.TestBuilder.testSerialization(TestBuilder.java:278)
	at sun.reflect.NativeMethodAccessorImpl.invoke0(Native Method)
	at sun.reflect.NativeMethodAccessorImpl.invoke(NativeMethodAccessorImpl.java:62)
	at sun.reflect.DelegatingMethodAccessorImpl.invoke(DelegatingMethodAccessorImpl.java:43)
	at java.lang.reflect.Method.invoke(Method.java:498)
	at junit.framework.TestCase.runTest(TestCase.java:176)
	at junit.framework.TestCase.runBare(TestCase.java:141)
	at junit.framework.TestResult$1.protect(TestResult.java:122)
	at junit.framework.TestResult.runProtected(TestResult.java:142)
	at junit.framework.TestResult.run(TestResult.java:125)
	at junit.framework.TestCase.run(TestCase.java:129)
	at junit.framework.TestSuite.runTest(TestSuite.java:255)
	at junit.framework.TestSuite.run(TestSuite.java:250)
	at org.junit.internal.runners.JUnit38ClassRunner.run(JUnit38ClassRunner.java:84)
	at org.junit.runner.JUnitCore.run(JUnitCore.java:160)
	at org.junit.runner.JUnitCore.run(JUnitCore.java:138)
	at xxl.java.junit.JUnitSingleTestResultRunner.call(JUnitSingleTestResultRunner.java:27)
	at xxl.java.junit.JUnitSingleTestResultRunner.call(JUnitSingleTestResultRunner.java:10)
	at java.util.concurrent.FutureTask.run(FutureTask.java:266)
	at java.util.concurrent.ThreadPoolExecutor.runWorker(ThreadPoolExecutor.java:1149)
	at java.util.concurrent.ThreadPoolExecutor$Worker.run(ThreadPoolExecutor.java:624)
	at java.lang.Thread.run(Thread.java:748)
java.io.EOFException
	at java.io.DataInputStream.readFully(DataInputStream.java:197)
	at java.io.DataInputStream.readUTF(DataInputStream.java:609)
	at java.io.DataInputStream.readUTF(DataInputStream.java:564)
	at org.joda.time.tz.DateTimeZoneBuilder$PrecalculatedZone.readFrom(DateTimeZoneBuilder.java:685)
	at org.joda.time.tz.DateTimeZoneBuilder.readFrom(DateTimeZoneBuilder.java:1003)
	at org.joda.time.tz.DateTimeZoneBuilder.readFrom(DateTimeZoneBuilder.java:990)
	at org.joda.time.tz.ZoneInfoProvider.loadZoneData(ZoneInfoProvider.java:106)
	at org.joda.time.tz.ZoneInfoProvider.getZone(ZoneInfoProvider.java:60)
	at org.joda.time.DateTimeZone.forID(DateTimeZone.java:103)
	at org.joda.time.tz.TestCompiler.test_Amman_2003(TestCompiler.java:197)
	at sun.reflect.NativeMethodAccessorImpl.invoke0(Native Method)
	at sun.reflect.NativeMethodAccessorImpl.invoke(NativeMethodAccessorImpl.java:62)
	at sun.reflect.DelegatingMethodAccessorImpl.invoke(DelegatingMethodAccessorImpl.java:43)
	at java.lang.reflect.Method.invoke(Method.java:498)
	at junit.framework.TestCase.runTest(TestCase.java:176)
	at junit.framework.TestCase.runBare(TestCase.java:141)
	at junit.framework.TestResult$1.protect(TestResult.java:122)
	at junit.framework.TestResult.runProtected(TestResult.java:142)
	at junit.framework.TestResult.run(TestResult.java:125)
	at junit.framework.TestCase.run(TestCase.java:129)
	at junit.framework.TestSuite.runTest(TestSuite.java:255)
	at junit.framework.TestSuite.run(TestSuite.java:250)
	at org.junit.internal.runners.JUnit38ClassRunner.run(JUnit38ClassRunner.java:84)
	at org.junit.runner.JUnitCore.run(JUnitCore.java:160)
	at org.junit.runner.JUnitCore.run(JUnitCore.java:138)
	at xxl.java.junit.JUnitSingleTestResultRunner.call(JUnitSingleTestResultRunner.java:27)
	at xxl.java.junit.JUnitSingleTestResultRunner.call(JUnitSingleTestResultRunner.java:10)
	at java.util.concurrent.FutureTask.run(FutureTask.java:266)
	at java.util.concurrent.ThreadPoolExecutor.runWorker(ThreadPoolExecutor.java:1149)
	at java.util.concurrent.ThreadPoolExecutor$Worker.run(ThreadPoolExecutor.java:624)
	at java.lang.Thread.run(Thread.java:748)
java.io.IOException: Invalid encoding
	at org.joda.time.tz.DateTimeZoneBuilder$PrecalculatedZone.readFrom(DateTimeZoneBuilder.java:712)
	at org.joda.time.tz.DateTimeZoneBuilder.readFrom(DateTimeZoneBuilder.java:1009)
	at org.joda.time.tz.DateTimeZoneBuilder.readFrom(DateTimeZoneBuilder.java:996)
	at org.joda.time.tz.ZoneInfoProvider.loadZoneData(ZoneInfoProvider.java:106)
	at org.joda.time.tz.ZoneInfoProvider.getZone(ZoneInfoProvider.java:60)
	at org.joda.time.DateTimeZone.forID(DateTimeZone.java:103)
	at org.joda.time.TestDateTimeZone.<clinit>(TestDateTimeZone.java:70)
	at sun.reflect.NativeMethodAccessorImpl.invoke0(Native Method)
	at sun.reflect.NativeMethodAccessorImpl.invoke(NativeMethodAccessorImpl.java:62)
	at sun.reflect.DelegatingMethodAccessorImpl.invoke(DelegatingMethodAccessorImpl.java:43)
	at java.lang.reflect.Method.invoke(Method.java:498)
	at org.junit.internal.runners.SuiteMethod.testFromSuiteMethod(SuiteMethod.java:35)
	at org.junit.internal.runners.SuiteMethod.<init>(SuiteMethod.java:24)
	at org.junit.internal.builders.SuiteMethodBuilder.runnerForClass(SuiteMethodBuilder.java:11)
	at org.junit.runners.model.RunnerBuilder.safeRunnerForClass(RunnerBuilder.java:59)
	at org.junit.internal.builders.AllDefaultPossibilitiesBuilder.runnerForClass(AllDefaultPossibilitiesBuilder.java:26)
	at org.junit.runners.model.RunnerBuilder.safeRunnerForClass(RunnerBuilder.java:59)
	at org.junit.internal.requests.ClassRequest.getRunner(ClassRequest.java:26)
	at org.junit.internal.requests.FilterRequest.getRunner(FilterRequest.java:31)
	at org.junit.runner.JUnitCore.run(JUnitCore.java:138)
	at xxl.java.junit.JUnitSingleTestRunner.call(JUnitSingleTestRunner.java:23)
	at xxl.java.junit.JUnitSingleTestRunner.call(JUnitSingleTestRunner.java:10)
	at java.util.concurrent.FutureTask.run(FutureTask.java:266)
	at java.util.concurrent.ThreadPoolExecutor.runWorker(ThreadPoolExecutor.java:1149)
	at java.util.concurrent.ThreadPoolExecutor$Worker.run(ThreadPoolExecutor.java:624)
	at java.lang.Thread.run(Thread.java:748)
java.io.IOException: Invalid encoding
	at org.joda.time.tz.DateTimeZoneBuilder$PrecalculatedZone.readFrom(DateTimeZoneBuilder.java:706)
	at org.joda.time.tz.DateTimeZoneBuilder.readFrom(DateTimeZoneBuilder.java:1003)
	at org.joda.time.tz.DateTimeZoneBuilder.readFrom(DateTimeZoneBuilder.java:990)
	at org.joda.time.tz.ZoneInfoProvider.loadZoneData(ZoneInfoProvider.java:106)
	at org.joda.time.tz.ZoneInfoProvider.getZone(ZoneInfoProvider.java:60)
	at org.joda.time.DateTimeZone.forID(DateTimeZone.java:103)
	at org.joda.time.DateTimeZone.getDefault(DateTimeZone.java:63)
	at org.joda.time.format.TestISODateTimeFormatParsing.setUp(TestISODateTimeFormatParsing.java:51)
	at junit.framework.TestCase.runBare(TestCase.java:139)
	at junit.framework.TestResult$1.protect(TestResult.java:122)
	at junit.framework.TestResult.runProtected(TestResult.java:142)
	at junit.framework.TestResult.run(TestResult.java:125)
	at junit.framework.TestCase.run(TestCase.java:129)
	at junit.framework.TestSuite.runTest(TestSuite.java:255)
	at junit.framework.TestSuite.run(TestSuite.java:250)
	at org.junit.internal.runners.JUnit38ClassRunner.run(JUnit38ClassRunner.java:84)
	at org.junit.runner.JUnitCore.run(JUnitCore.java:160)
	at org.junit.runner.JUnitCore.run(JUnitCore.java:138)
	at xxl.java.junit.JUnitSingleTestResultRunner.call(JUnitSingleTestResultRunner.java:27)
	at xxl.java.junit.JUnitSingleTestResultRunner.call(JUnitSingleTestResultRunner.java:10)
	at java.util.concurrent.FutureTask.run(FutureTask.java:266)
	at java.util.concurrent.ThreadPoolExecutor.runWorker(ThreadPoolExecutor.java:1149)
	at java.util.concurrent.ThreadPoolExecutor$Worker.run(ThreadPoolExecutor.java:624)
	at java.lang.Thread.run(Thread.java:748)
java.io.IOException: Invalid encoding
	at org.joda.time.tz.DateTimeZoneBuilder$PrecalculatedZone.readFrom(DateTimeZoneBuilder.java:706)
	at org.joda.time.tz.DateTimeZoneBuilder.readFrom(DateTimeZoneBuilder.java:1003)
	at org.joda.time.tz.DateTimeZoneBuilder.readFrom(DateTimeZoneBuilder.java:990)
	at org.joda.time.tz.ZoneInfoProvider.loadZoneData(ZoneInfoProvider.java:106)
	at org.joda.time.tz.ZoneInfoProvider.getZone(ZoneInfoProvider.java:60)
	at org.joda.time.DateTimeZone.forID(DateTimeZone.java:103)
	at org.joda.time.format.TestISODateTimeFormatParsing.setUp(TestISODateTimeFormatParsing.java:54)
	at junit.framework.TestCase.runBare(TestCase.java:139)
	at junit.framework.TestResult$1.protect(TestResult.java:122)
	at junit.framework.TestResult.runProtected(TestResult.java:142)
	at junit.framework.TestResult.run(TestResult.java:125)
	at junit.framework.TestCase.run(TestCase.java:129)
	at junit.framework.TestSuite.runTest(TestSuite.java:255)
	at junit.framework.TestSuite.run(TestSuite.java:250)
	at org.junit.internal.runners.JUnit38ClassRunner.run(JUnit38ClassRunner.java:84)
	at org.junit.runner.JUnitCore.run(JUnitCore.java:160)
	at org.junit.runner.JUnitCore.run(JUnitCore.java:138)
	at xxl.java.junit.JUnitSingleTestResultRunner.call(JUnitSingleTestResultRunner.java:27)
	at xxl.java.junit.JUnitSingleTestResultRunner.call(JUnitSingleTestResultRunner.java:10)
	at java.util.concurrent.FutureTask.run(FutureTask.java:266)
	at java.util.concurrent.ThreadPoolExecutor.runWorker(ThreadPoolExecutor.java:1149)
	at java.util.concurrent.ThreadPoolExecutor$Worker.run(ThreadPoolExecutor.java:624)
	at java.lang.Thread.run(Thread.java:748)
java.io.IOException: Resource not found: "org/joda/time/tz/data/ZoneInfoMap" ClassLoader: xxl.java.compiler.BytecodeClassLoader@670c2345
	at org.joda.time.tz.ZoneInfoProvider.openResource(ZoneInfoProvider.java:102)
	at org.joda.time.tz.ZoneInfoProvider.<init>(ZoneInfoProvider.java:48)
	at org.joda.time.tz.ZoneInfoProvider.<init>(ZoneInfoProvider.java:28)
	at org.joda.time.DateTimeZone.getDefaultProvider(DateTimeZone.java:263)
	at org.joda.time.DateTimeZone.setProvider0(DateTimeZone.java:232)
	at org.joda.time.DateTimeZone.<clinit>(DateTimeZone.java:46)
	at org.joda.time.TestDateTimeZone.<clinit>(TestDateTimeZone.java:70)
	at sun.reflect.NativeMethodAccessorImpl.invoke0(Native Method)
	at sun.reflect.NativeMethodAccessorImpl.invoke(NativeMethodAccessorImpl.java:62)
	at sun.reflect.DelegatingMethodAccessorImpl.invoke(DelegatingMethodAccessorImpl.java:43)
	at java.lang.reflect.Method.invoke(Method.java:498)
	at org.junit.internal.runners.SuiteMethod.testFromSuiteMethod(SuiteMethod.java:35)
	at org.junit.internal.runners.SuiteMethod.<init>(SuiteMethod.java:24)
	at org.junit.internal.builders.SuiteMethodBuilder.runnerForClass(SuiteMethodBuilder.java:11)
	at org.junit.runners.model.RunnerBuilder.safeRunnerForClass(RunnerBuilder.java:59)
	at org.junit.internal.builders.AllDefaultPossibilitiesBuilder.runnerForClass(AllDefaultPossibilitiesBuilder.java:26)
	at org.junit.runners.model.RunnerBuilder.safeRunnerForClass(RunnerBuilder.java:59)
	at org.junit.internal.requests.ClassRequest.getRunner(ClassRequest.java:26)
	at org.junit.internal.requests.FilterRequest.getRunner(FilterRequest.java:31)
	at org.junit.runner.JUnitCore.run(JUnitCore.java:138)
	at xxl.java.junit.JUnitSingleTestRunner.call(JUnitSingleTestRunner.java:23)
	at xxl.java.junit.JUnitSingleTestRunner.call(JUnitSingleTestRunner.java:10)
	at java.util.concurrent.FutureTask.run(FutureTask.java:266)
	at java.util.concurrent.ThreadPoolExecutor.runWorker(ThreadPoolExecutor.java:1149)
	at java.util.concurrent.ThreadPoolExecutor$Worker.run(ThreadPoolExecutor.java:624)
	at java.lang.Thread.run(Thread.java:748)
java.io.IOException: Resource not found: "org/joda/time/tz/data/UTC" ClassLoader: xxl.java.compiler.BytecodeClassLoader@4cae6a4a
	at org.joda.time.tz.ZoneInfoProvider.openResource(ZoneInfoProvider.java:104)
	at org.joda.time.tz.ZoneInfoProvider.loadZoneData(ZoneInfoProvider.java:113)
	at org.joda.time.tz.ZoneInfoProvider.getZone(ZoneInfoProvider.java:77)
	at org.joda.time.DateTimeZone.setProvider0(DateTimeZone.java:241)
	at org.joda.time.DateTimeZone.<clinit>(DateTimeZone.java:46)
	at org.joda.time.TestDateTimeZone.<clinit>(TestDateTimeZone.java:70)
	at sun.reflect.NativeMethodAccessorImpl.invoke0(Native Method)
	at sun.reflect.NativeMethodAccessorImpl.invoke(NativeMethodAccessorImpl.java:62)
	at sun.reflect.DelegatingMethodAccessorImpl.invoke(DelegatingMethodAccessorImpl.java:43)
	at java.lang.reflect.Method.invoke(Method.java:498)
	at org.junit.internal.runners.SuiteMethod.testFromSuiteMethod(SuiteMethod.java:35)
	at org.junit.internal.runners.SuiteMethod.<init>(SuiteMethod.java:24)
	at org.junit.internal.builders.SuiteMethodBuilder.runnerForClass(SuiteMethodBuilder.java:11)
	at org.junit.runners.model.RunnerBuilder.safeRunnerForClass(RunnerBuilder.java:59)
	at org.junit.internal.builders.AllDefaultPossibilitiesBuilder.runnerForClass(AllDefaultPossibilitiesBuilder.java:26)
	at org.junit.runners.model.RunnerBuilder.safeRunnerForClass(RunnerBuilder.java:59)
	at org.junit.internal.requests.ClassRequest.getRunner(ClassRequest.java:26)
	at org.junit.internal.requests.FilterRequest.getRunner(FilterRequest.java:31)
	at org.junit.runner.JUnitCore.run(JUnitCore.java:138)
	at xxl.java.junit.JUnitSingleTestRunner.call(JUnitSingleTestRunner.java:23)
	at xxl.java.junit.JUnitSingleTestRunner.call(JUnitSingleTestRunner.java:10)
	at java.util.concurrent.FutureTask.run(FutureTask.java:266)
	at java.util.concurrent.ThreadPoolExecutor.runWorker(ThreadPoolExecutor.java:1149)
	at java.util.concurrent.ThreadPoolExecutor$Worker.run(ThreadPoolExecutor.java:624)
	at java.lang.Thread.run(Thread.java:748)
java.io.IOException: Resource not found: "org/joda/time/tz/data/UTC" ClassLoader: xxl.java.compiler.BytecodeClassLoader@4ab8a2a9
	at org.joda.time.tz.ZoneInfoProvider.openResource(ZoneInfoProvider.java:102)
	at org.joda.time.tz.ZoneInfoProvider.loadZoneData(ZoneInfoProvider.java:111)
	at org.joda.time.tz.ZoneInfoProvider.getZone(ZoneInfoProvider.java:75)
	at org.joda.time.DateTimeZone.setProvider0(DateTimeZone.java:241)
	at org.joda.time.DateTimeZone.<clinit>(DateTimeZone.java:46)
	at org.joda.time.TestDateTimeZone.<clinit>(TestDateTimeZone.java:70)
	at sun.reflect.NativeMethodAccessorImpl.invoke0(Native Method)
	at sun.reflect.NativeMethodAccessorImpl.invoke(NativeMethodAccessorImpl.java:62)
	at sun.reflect.DelegatingMethodAccessorImpl.invoke(DelegatingMethodAccessorImpl.java:43)
	at java.lang.reflect.Method.invoke(Method.java:498)
	at org.junit.internal.runners.SuiteMethod.testFromSuiteMethod(SuiteMethod.java:35)
	at org.junit.internal.runners.SuiteMethod.<init>(SuiteMethod.java:24)
	at org.junit.internal.builders.SuiteMethodBuilder.runnerForClass(SuiteMethodBuilder.java:11)
	at org.junit.runners.model.RunnerBuilder.safeRunnerForClass(RunnerBuilder.java:59)
	at org.junit.internal.builders.AllDefaultPossibilitiesBuilder.runnerForClass(AllDefaultPossibilitiesBuilder.java:26)
	at org.junit.runners.model.RunnerBuilder.safeRunnerForClass(RunnerBuilder.java:59)
	at org.junit.internal.requests.ClassRequest.getRunner(ClassRequest.java:26)
	at org.junit.internal.requests.FilterRequest.getRunner(FilterRequest.java:31)
	at org.junit.runner.JUnitCore.run(JUnitCore.java:138)
	at xxl.java.junit.JUnitSingleTestRunner.call(JUnitSingleTestRunner.java:23)
	at xxl.java.junit.JUnitSingleTestRunner.call(JUnitSingleTestRunner.java:10)
	at java.util.concurrent.FutureTask.run(FutureTask.java:266)
	at java.util.concurrent.ThreadPoolExecutor.runWorker(ThreadPoolExecutor.java:1149)
	at java.util.concurrent.ThreadPoolExecutor$Worker.run(ThreadPoolExecutor.java:624)
	at java.lang.Thread.run(Thread.java:748)
java.io.IOException: Resource not found: "org/joda/time/tz/data/UTC" ClassLoader: xxl.java.compiler.BytecodeClassLoader@774bd0b
	at org.joda.time.tz.ZoneInfoProvider.openResource(ZoneInfoProvider.java:102)
	at org.joda.time.tz.ZoneInfoProvider.loadZoneData(ZoneInfoProvider.java:111)
	at org.joda.time.tz.ZoneInfoProvider.getZone(ZoneInfoProvider.java:75)
	at org.joda.time.DateTimeZone.setProvider0(DateTimeZone.java:241)
	at org.joda.time.DateTimeZone.<clinit>(DateTimeZone.java:46)
	at org.joda.time.TestDateTimeZone.<clinit>(TestDateTimeZone.java:70)
	at sun.reflect.NativeMethodAccessorImpl.invoke0(Native Method)
	at sun.reflect.NativeMethodAccessorImpl.invoke(NativeMethodAccessorImpl.java:62)
	at sun.reflect.DelegatingMethodAccessorImpl.invoke(DelegatingMethodAccessorImpl.java:43)
	at java.lang.reflect.Method.invoke(Method.java:498)
	at org.junit.internal.runners.SuiteMethod.testFromSuiteMethod(SuiteMethod.java:35)
	at org.junit.internal.runners.SuiteMethod.<init>(SuiteMethod.java:24)
	at org.junit.internal.builders.SuiteMethodBuilder.runnerForClass(SuiteMethodBuilder.java:11)
	at org.junit.runners.model.RunnerBuilder.safeRunnerForClass(RunnerBuilder.java:59)
	at org.junit.internal.builders.AllDefaultPossibilitiesBuilder.runnerForClass(AllDefaultPossibilitiesBuilder.java:26)
	at org.junit.runners.model.RunnerBuilder.safeRunnerForClass(RunnerBuilder.java:59)
	at org.junit.internal.requests.ClassRequest.getRunner(ClassRequest.java:26)
	at org.junit.internal.requests.FilterRequest.getRunner(FilterRequest.java:31)
	at org.junit.runner.JUnitCore.run(JUnitCore.java:138)
	at xxl.java.junit.JUnitSingleTestRunner.call(JUnitSingleTestRunner.java:23)
	at xxl.java.junit.JUnitSingleTestRunner.call(JUnitSingleTestRunner.java:10)
	at java.util.concurrent.FutureTask.run(FutureTask.java:266)
	at java.util.concurrent.ThreadPoolExecutor.runWorker(ThreadPoolExecutor.java:1149)
	at java.util.concurrent.ThreadPoolExecutor$Worker.run(ThreadPoolExecutor.java:624)
	at java.lang.Thread.run(Thread.java:748)
## OAR [2017-11-27 23:04:06] Job 1442360 KILLED ##
