Running ant (compile)...................................................... OK
Running ant (compile.tests)................................................ OK
mkdir: cannot create directory ‘lib/’: File exists
cp: cannot stat ‘/home/tdurieux/defects4j/framework/projects/Closure/lib/*’: No such file or directory
Picked up JAVA_TOOL_OPTIONS: -Dfile.encoding=UTF8
xxl.java.compiler.DynamicCompilationException: Aborting: dynamic compilation failed
	at xxl.java.compiler.DynamicClassCompiler.runCompilationTask(DynamicClassCompiler.java:88)
	at xxl.java.compiler.DynamicClassCompiler.javaBytecodeFor(DynamicClassCompiler.java:56)
	at fr.inria.lille.commons.spoon.SpoonedFile.compilationFor(SpoonedFile.java:177)
	at fr.inria.lille.commons.spoon.SpoonedFile.compileModelledClasses(SpoonedFile.java:154)
	at fr.inria.lille.commons.spoon.SpoonedFile.processModelledClasses(SpoonedFile.java:138)
	at fr.inria.lille.commons.spoon.SpoonedFile.process(SpoonedFile.java:128)
	at fr.inria.lille.commons.spoon.SpoonedFile.processedAndDumpedToClassLoader(SpoonedFile.java:119)
	at fr.inria.lille.commons.spoon.SpoonedFile.processedAndDumpedToClassLoader(SpoonedFile.java:115)
	at fr.inria.lille.repair.nopol.synth.brutpol.BrutSynthesizer.buildPatch(BrutSynthesizer.java:73)
	at fr.inria.lille.repair.nopol.NoPol.solveWithMultipleBuild(NoPol.java:185)
	at fr.inria.lille.repair.nopol.NoPol.build(NoPol.java:119)
	at fr.inria.lille.repair.nopol.NoPol.build(NoPol.java:89)
	at fr.inria.lille.repair.nopol.NoPolLauncher.launch(NoPolLauncher.java:84)
	at fr.inria.lille.repair.Main.main(Main.java:61)
xxl.java.compiler.DynamicCompilationException: Aborting: dynamic compilation failed
	at xxl.java.compiler.DynamicClassCompiler.runCompilationTask(DynamicClassCompiler.java:88)
	at xxl.java.compiler.DynamicClassCompiler.javaBytecodeFor(DynamicClassCompiler.java:56)
	at fr.inria.lille.commons.spoon.SpoonedFile.compilationFor(SpoonedFile.java:177)
	at fr.inria.lille.commons.spoon.SpoonedFile.compileModelledClasses(SpoonedFile.java:154)
	at fr.inria.lille.commons.spoon.SpoonedFile.processModelledClasses(SpoonedFile.java:138)
	at fr.inria.lille.commons.spoon.SpoonedFile.process(SpoonedFile.java:128)
	at fr.inria.lille.commons.spoon.SpoonedFile.processedAndDumpedToClassLoader(SpoonedFile.java:119)
	at fr.inria.lille.commons.spoon.SpoonedFile.processedAndDumpedToClassLoader(SpoonedFile.java:115)
	at fr.inria.lille.repair.nopol.synth.brutpol.BrutSynthesizer.buildPatch(BrutSynthesizer.java:73)
	at fr.inria.lille.repair.nopol.NoPol.solveWithMultipleBuild(NoPol.java:185)
	at fr.inria.lille.repair.nopol.NoPol.build(NoPol.java:119)
	at fr.inria.lille.repair.nopol.NoPol.build(NoPol.java:89)
	at fr.inria.lille.repair.nopol.NoPolLauncher.launch(NoPolLauncher.java:84)
	at fr.inria.lille.repair.Main.main(Main.java:61)
May 16, 2016 10:28:28 PM com.google.javascript.jscomp.parsing.ParserRunner parse
INFO: Error parsing  [testcode] : Compilation produced 1 syntax errors. ( [testcode] #1)
May 16, 2016 10:28:28 PM com.google.javascript.jscomp.parsing.ParserRunner parse
INFO: Error parsing  [testcode] : Compilation produced 1 syntax errors. ( [testcode] #1)
May 16, 2016 10:28:28 PM com.google.javascript.jscomp.parsing.ParserRunner parse
INFO: Error parsing  [testcode] : Compilation produced 1 syntax errors. ( [testcode] #1)
May 16, 2016 10:28:28 PM com.google.javascript.jscomp.parsing.ParserRunner parse
INFO: Error parsing  [testcode] : Compilation produced 1 syntax errors. ( [testcode] #1)
May 16, 2016 10:28:28 PM com.google.javascript.jscomp.parsing.ParserRunner parse
INFO: Error parsing  [testcode] : Compilation produced 1 syntax errors. ( [testcode] #1)
May 16, 2016 10:28:28 PM com.google.javascript.jscomp.parsing.ParserRunner parse
INFO: Error parsing  [testcode] : Compilation produced 1 syntax errors. ( [testcode] #1)
May 16, 2016 10:28:28 PM com.google.javascript.jscomp.parsing.ParserRunner parse
INFO: Error parsing  [testcode] : Compilation produced 1 syntax errors. ( [testcode] #1)
May 16, 2016 10:28:28 PM com.google.javascript.jscomp.parsing.ParserRunner parse
INFO: Error parsing  [testcode] : Compilation produced 1 syntax errors. ( [testcode] #1)
May 16, 2016 10:28:28 PM com.google.javascript.jscomp.parsing.ParserRunner parse
INFO: Error parsing  [testcode] : Compilation produced 1 syntax errors. ( [testcode] #1)
May 16, 2016 10:28:29 PM com.google.javascript.jscomp.PhaseOptimizer$NamedPass process
INFO: processGoogScopeAliases
May 16, 2016 10:28:29 PM com.google.javascript.jscomp.PhaseOptimizer$NamedPass process
INFO: checkRequires
May 16, 2016 10:28:29 PM com.google.javascript.jscomp.PhaseOptimizer$NamedPass process
INFO: processProvidesAndRequires
May 16, 2016 10:28:29 PM com.google.javascript.jscomp.PhaseOptimizer$NamedPass process
INFO: checkVars
May 16, 2016 10:28:29 PM com.google.javascript.jscomp.PhaseOptimizer$NamedPass process
INFO: renameCssNames
May 16, 2016 10:28:29 PM com.google.javascript.jscomp.PhaseOptimizer$NamedPass process
INFO: replaceMessages
May 16, 2016 10:28:29 PM com.google.javascript.jscomp.PhaseOptimizer$NamedPass process
INFO: processDefines
May 16, 2016 10:28:29 PM com.google.javascript.jscomp.Compiler normalize
INFO: Normalizing
May 16, 2016 10:28:29 PM com.google.javascript.jscomp.PhaseOptimizer$NamedPass process
INFO: beforeStandardOptimizations
May 16, 2016 10:28:29 PM com.google.javascript.jscomp.PhaseOptimizer$NamedPass process
INFO: closureCodeRemoval
May 16, 2016 10:28:29 PM com.google.javascript.jscomp.PhaseOptimizer$NamedPass process
INFO: beforeMainOptimizations
May 16, 2016 10:28:29 PM com.google.javascript.jscomp.PhaseOptimizer$NamedPass process
INFO: beforeModuleMotion
May 16, 2016 10:28:29 PM com.google.javascript.jscomp.PhaseOptimizer$NamedPass process
INFO: afterModuleMotion
May 16, 2016 10:28:29 PM com.google.javascript.jscomp.PhaseOptimizer$NamedPass process
INFO: markUnnormalized
May 16, 2016 10:28:29 PM com.google.javascript.jscomp.PhaseOptimizer$NamedPass process
INFO: denormalize
May 16, 2016 10:28:29 PM com.google.javascript.jscomp.PhaseOptimizer$NamedPass process
INFO: invertNames
May 16, 2016 10:28:29 PM com.google.javascript.jscomp.LoggerErrorManager println
WARNING: foo.js:1: WARNING - 'foo.bar.goo' used but not goog.require'd

May 16, 2016 10:28:29 PM com.google.javascript.jscomp.LoggerErrorManager printSummary
WARNING: 0 error(s), 1 warning(s)
May 16, 2016 10:28:29 PM com.google.javascript.jscomp.DisambiguateProperties renameProperties
INFO: Renamed 2 instances of 1 properties.
May 16, 2016 10:28:29 PM com.google.javascript.jscomp.DisambiguateProperties renameProperties
INFO: Skipped renaming 0 invalidated properties, 1 instances of properties that were skipped for specific types and 0 properties that were referenced from only one type.
May 16, 2016 10:28:29 PM com.google.javascript.jscomp.DisambiguateProperties renameProperties
INFO: Renamed 2 instances of 1 properties.
May 16, 2016 10:28:29 PM com.google.javascript.jscomp.DisambiguateProperties renameProperties
INFO: Skipped renaming 0 invalidated properties, 1 instances of properties that were skipped for specific types and 0 properties that were referenced from only one type.
May 16, 2016 10:28:29 PM com.google.javascript.jscomp.DisambiguateProperties renameProperties
INFO: Renamed 0 instances of 0 properties.
May 16, 2016 10:28:29 PM com.google.javascript.jscomp.DisambiguateProperties renameProperties
INFO: Skipped renaming 0 invalidated properties, 2 instances of properties that were skipped for specific types and 0 properties that were referenced from only one type.
May 16, 2016 10:28:29 PM com.google.javascript.jscomp.DisambiguateProperties renameProperties
INFO: Renamed 0 instances of 0 properties.
May 16, 2016 10:28:29 PM com.google.javascript.jscomp.DisambiguateProperties renameProperties
INFO: Skipped renaming 0 invalidated properties, 2 instances of properties that were skipped for specific types and 0 properties that were referenced from only one type.
May 16, 2016 10:28:29 PM com.google.javascript.jscomp.DisambiguateProperties renameProperties
INFO: Renamed 0 instances of 0 properties.
May 16, 2016 10:28:29 PM com.google.javascript.jscomp.DisambiguateProperties renameProperties
INFO: Skipped renaming 0 invalidated properties, 2 instances of properties that were skipped for specific types and 0 properties that were referenced from only one type.
May 16, 2016 10:28:29 PM com.google.javascript.jscomp.DisambiguateProperties renameProperties
INFO: Renamed 0 instances of 0 properties.
May 16, 2016 10:28:29 PM com.google.javascript.jscomp.DisambiguateProperties renameProperties
INFO: Skipped renaming 0 invalidated properties, 1 instances of properties that were skipped for specific types and 1 properties that were referenced from only one type.
May 16, 2016 10:28:29 PM com.google.javascript.jscomp.DisambiguateProperties renameProperties
INFO: Renamed 3 instances of 1 properties.
May 16, 2016 10:28:29 PM com.google.javascript.jscomp.DisambiguateProperties renameProperties
INFO: Skipped renaming 0 invalidated properties, 1 instances of properties that were skipped for specific types and 0 properties that were referenced from only one type.
May 16, 2016 10:28:29 PM com.google.javascript.jscomp.DisambiguateProperties renameProperties
INFO: Renamed 0 instances of 0 properties.
May 16, 2016 10:28:29 PM com.google.javascript.jscomp.DisambiguateProperties renameProperties
INFO: Skipped renaming 0 invalidated properties, 4 instances of properties that were skipped for specific types and 1 properties that were referenced from only one type.
May 16, 2016 10:28:29 PM com.google.javascript.jscomp.DisambiguateProperties renameProperties
INFO: Renamed 6 instances of 1 properties.
May 16, 2016 10:28:29 PM com.google.javascript.jscomp.DisambiguateProperties renameProperties
INFO: Skipped renaming 0 invalidated properties, 2 instances of properties that were skipped for specific types and 2 properties that were referenced from only one type.
May 16, 2016 10:28:29 PM com.google.javascript.jscomp.DisambiguateProperties renameProperties
INFO: Renamed 0 instances of 0 properties.
May 16, 2016 10:28:29 PM com.google.javascript.jscomp.DisambiguateProperties renameProperties
INFO: Skipped renaming 0 invalidated properties, 2 instances of properties that were skipped for specific types and 0 properties that were referenced from only one type.
May 16, 2016 10:28:29 PM com.google.javascript.jscomp.DisambiguateProperties renameProperties
INFO: Renamed 0 instances of 0 properties.
May 16, 2016 10:28:29 PM com.google.javascript.jscomp.DisambiguateProperties renameProperties
INFO: Skipped renaming 0 invalidated properties, 2 instances of properties that were skipped for specific types and 0 properties that were referenced from only one type.
May 16, 2016 10:28:29 PM com.google.javascript.jscomp.PhaseOptimizer$NamedPass process
INFO: checkVars
May 16, 2016 10:28:29 PM com.google.javascript.jscomp.PhaseOptimizer$NamedPass process
INFO: resolveTypes
May 16, 2016 10:28:29 PM com.google.javascript.jscomp.PhaseOptimizer$NamedPass process
INFO: inferTypes
May 16, 2016 10:28:29 PM com.google.javascript.jscomp.PhaseOptimizer$NamedPass process
INFO: checkTypes
May 16, 2016 10:28:29 PM com.google.javascript.jscomp.PhaseOptimizer$NamedPass process
INFO: replaceMessages
May 16, 2016 10:28:29 PM com.google.javascript.jscomp.PhaseOptimizer$NamedPass process
INFO: processDefines
May 16, 2016 10:28:29 PM com.google.javascript.jscomp.Compiler externExports
INFO: Creating extern file for exports
May 16, 2016 10:28:29 PM com.google.javascript.jscomp.LoggerErrorManager println
WARNING: testcode:1: WARNING - Unable to determine type of parameter a.b for exported function p1

May 16, 2016 10:28:29 PM com.google.javascript.jscomp.LoggerErrorManager println
WARNING: testcode:1: WARNING - Unable to determine type of parameter a.b.c for exported function d

May 16, 2016 10:28:29 PM com.google.javascript.jscomp.LoggerErrorManager println
WARNING: testcode:1: WARNING - Unable to determine type of parameter a.b.c for exported function e

May 16, 2016 10:28:29 PM com.google.javascript.jscomp.LoggerErrorManager println
WARNING: testcode:1: WARNING - Unable to determine type of parameter a.b.c for exported function f

May 16, 2016 10:28:29 PM com.google.javascript.jscomp.LoggerErrorManager println
WARNING: testcode:1: WARNING - Unable to determine type of parameter a.b.prototype.c for exported function g

May 16, 2016 10:28:29 PM com.google.javascript.jscomp.LoggerErrorManager println
WARNING: testcode:1: WARNING - Unable to determine type of parameter a.b.prototype.c for exported function h

May 16, 2016 10:28:29 PM com.google.javascript.jscomp.LoggerErrorManager println
WARNING: testcode:1: WARNING - Unable to determine type of parameter a.b.prototype.c for exported function i

May 16, 2016 10:28:29 PM com.google.javascript.jscomp.LoggerErrorManager printSummary
WARNING: 0 error(s), 7 warning(s), 100% typed
May 16, 2016 10:28:29 PM com.google.javascript.jscomp.PhaseOptimizer$NamedPass process
INFO: checkVars
May 16, 2016 10:28:29 PM com.google.javascript.jscomp.PhaseOptimizer$NamedPass process
INFO: resolveTypes
May 16, 2016 10:28:29 PM com.google.javascript.jscomp.PhaseOptimizer$NamedPass process
INFO: inferTypes
May 16, 2016 10:28:29 PM com.google.javascript.jscomp.PhaseOptimizer$NamedPass process
INFO: checkTypes
May 16, 2016 10:28:29 PM com.google.javascript.jscomp.PhaseOptimizer$NamedPass process
INFO: replaceMessages
May 16, 2016 10:28:29 PM com.google.javascript.jscomp.PhaseOptimizer$NamedPass process
INFO: processDefines
May 16, 2016 10:28:29 PM com.google.javascript.jscomp.Compiler externExports
INFO: Creating extern file for exports
May 16, 2016 10:28:29 PM com.google.javascript.jscomp.LoggerErrorManager println
WARNING: testcode:1: WARNING - Unable to determine type of parameter a for exported function d

May 16, 2016 10:28:29 PM com.google.javascript.jscomp.LoggerErrorManager println
WARNING: testcode:1: WARNING - Unable to determine type of parameter a for exported function e

May 16, 2016 10:28:29 PM com.google.javascript.jscomp.LoggerErrorManager println
WARNING: testcode:1: WARNING - Unable to determine type of parameter a for exported function f

May 16, 2016 10:28:29 PM com.google.javascript.jscomp.LoggerErrorManager printSummary
WARNING: 0 error(s), 3 warning(s), 100% typed
May 16, 2016 10:28:29 PM com.google.javascript.jscomp.PhaseOptimizer$NamedPass process
INFO: checkVars
May 16, 2016 10:28:29 PM com.google.javascript.jscomp.PhaseOptimizer$NamedPass process
INFO: resolveTypes
May 16, 2016 10:28:29 PM com.google.javascript.jscomp.PhaseOptimizer$NamedPass process
INFO: inferTypes
May 16, 2016 10:28:29 PM com.google.javascript.jscomp.PhaseOptimizer$NamedPass process
INFO: checkTypes
May 16, 2016 10:28:29 PM com.google.javascript.jscomp.PhaseOptimizer$NamedPass process
INFO: replaceMessages
May 16, 2016 10:28:29 PM com.google.javascript.jscomp.PhaseOptimizer$NamedPass process
INFO: processDefines
May 16, 2016 10:28:29 PM com.google.javascript.jscomp.Compiler externExports
INFO: Creating extern file for exports
May 16, 2016 10:28:29 PM com.google.javascript.jscomp.LoggerErrorManager println
WARNING: testcode:1: WARNING - Unable to determine return type for exported function InternalName

May 16, 2016 10:28:29 PM com.google.javascript.jscomp.LoggerErrorManager printSummary
WARNING: 0 error(s), 1 warning(s), 100% typed
May 16, 2016 10:28:29 PM com.google.javascript.jscomp.PhaseOptimizer$NamedPass process
INFO: checkVars
May 16, 2016 10:28:29 PM com.google.javascript.jscomp.PhaseOptimizer$NamedPass process
INFO: resolveTypes
May 16, 2016 10:28:29 PM com.google.javascript.jscomp.PhaseOptimizer$NamedPass process
INFO: inferTypes
May 16, 2016 10:28:29 PM com.google.javascript.jscomp.PhaseOptimizer$NamedPass process
INFO: checkTypes
May 16, 2016 10:28:29 PM com.google.javascript.jscomp.PhaseOptimizer$NamedPass process
INFO: replaceMessages
May 16, 2016 10:28:29 PM com.google.javascript.jscomp.PhaseOptimizer$NamedPass process
INFO: processDefines
May 16, 2016 10:28:29 PM com.google.javascript.jscomp.Compiler externExports
INFO: Creating extern file for exports
May 16, 2016 10:28:29 PM com.google.javascript.jscomp.LoggerErrorManager println
WARNING: testcode:2: WARNING - element type must match enum's type
found   : number
required: string

May 16, 2016 10:28:29 PM com.google.javascript.jscomp.LoggerErrorManager println
WARNING: testcode:2: WARNING - element type must match enum's type
found   : number
required: string

May 16, 2016 10:28:29 PM com.google.javascript.jscomp.LoggerErrorManager printSummary
WARNING: 0 error(s), 2 warning(s), 88.2% typed
May 16, 2016 10:28:29 PM com.google.javascript.jscomp.PhaseOptimizer$NamedPass process
INFO: checkVars
May 16, 2016 10:28:29 PM com.google.javascript.jscomp.PhaseOptimizer$NamedPass process
INFO: resolveTypes
May 16, 2016 10:28:29 PM com.google.javascript.jscomp.PhaseOptimizer$NamedPass process
INFO: inferTypes
May 16, 2016 10:28:29 PM com.google.javascript.jscomp.PhaseOptimizer$NamedPass process
INFO: checkTypes
May 16, 2016 10:28:29 PM com.google.javascript.jscomp.PhaseOptimizer$NamedPass process
INFO: replaceMessages
May 16, 2016 10:28:29 PM com.google.javascript.jscomp.PhaseOptimizer$NamedPass process
INFO: processDefines
May 16, 2016 10:28:29 PM com.google.javascript.jscomp.Compiler externExports
INFO: Creating extern file for exports
May 16, 2016 10:28:29 PM com.google.javascript.jscomp.LoggerErrorManager println
WARNING: testcode:1: WARNING - Unable to determine type of parameter a.b.c for exported function d

May 16, 2016 10:28:29 PM com.google.javascript.jscomp.LoggerErrorManager println
WARNING: testcode:1: WARNING - Unable to determine type of parameter a.b.c for exported function e

May 16, 2016 10:28:29 PM com.google.javascript.jscomp.LoggerErrorManager println
WARNING: testcode:1: WARNING - Unable to determine type of parameter a.b.c for exported function f

May 16, 2016 10:28:29 PM com.google.javascript.jscomp.LoggerErrorManager printSummary
WARNING: 0 error(s), 3 warning(s), 100% typed
May 16, 2016 10:28:29 PM com.google.javascript.jscomp.PhaseOptimizer$NamedPass process
INFO: checkVars
May 16, 2016 10:28:29 PM com.google.javascript.jscomp.PhaseOptimizer$NamedPass process
INFO: resolveTypes
May 16, 2016 10:28:29 PM com.google.javascript.jscomp.PhaseOptimizer$NamedPass process
INFO: inferTypes
May 16, 2016 10:28:29 PM com.google.javascript.jscomp.PhaseOptimizer$NamedPass process
INFO: checkTypes
May 16, 2016 10:28:29 PM com.google.javascript.jscomp.PhaseOptimizer$NamedPass process
INFO: replaceMessages
May 16, 2016 10:28:29 PM com.google.javascript.jscomp.PhaseOptimizer$NamedPass process
INFO: processDefines
May 16, 2016 10:28:29 PM com.google.javascript.jscomp.Compiler externExports
INFO: Creating extern file for exports
May 16, 2016 10:28:29 PM com.google.javascript.jscomp.LoggerErrorManager println
WARNING: testcode:1: WARNING - Unable to determine type of parameter a.b.c for exported function d

May 16, 2016 10:28:29 PM com.google.javascript.jscomp.LoggerErrorManager println
WARNING: testcode:1: WARNING - Unable to determine type of parameter a.b.c for exported function e

May 16, 2016 10:28:29 PM com.google.javascript.jscomp.LoggerErrorManager println
WARNING: testcode:1: WARNING - Unable to determine type of parameter a.b.c for exported function f

May 16, 2016 10:28:29 PM com.google.javascript.jscomp.LoggerErrorManager println
WARNING: testcode:1: WARNING - Unable to determine type of parameter a.b.prototype.c for exported function g

May 16, 2016 10:28:29 PM com.google.javascript.jscomp.LoggerErrorManager println
WARNING: testcode:1: WARNING - Unable to determine type of parameter a.b.prototype.c for exported function h

May 16, 2016 10:28:29 PM com.google.javascript.jscomp.LoggerErrorManager println
WARNING: testcode:1: WARNING - Unable to determine type of parameter a.b.prototype.c for exported function i

May 16, 2016 10:28:29 PM com.google.javascript.jscomp.LoggerErrorManager printSummary
WARNING: 0 error(s), 6 warning(s), 100% typed
May 16, 2016 10:28:29 PM com.google.javascript.jscomp.PhaseOptimizer$NamedPass process
INFO: checkVars
May 16, 2016 10:28:29 PM com.google.javascript.jscomp.PhaseOptimizer$NamedPass process
INFO: resolveTypes
May 16, 2016 10:28:29 PM com.google.javascript.jscomp.PhaseOptimizer$NamedPass process
INFO: inferTypes
May 16, 2016 10:28:29 PM com.google.javascript.jscomp.PhaseOptimizer$NamedPass process
INFO: checkTypes
May 16, 2016 10:28:29 PM com.google.javascript.jscomp.PhaseOptimizer$NamedPass process
INFO: replaceMessages
May 16, 2016 10:28:29 PM com.google.javascript.jscomp.PhaseOptimizer$NamedPass process
INFO: processDefines
May 16, 2016 10:28:29 PM com.google.javascript.jscomp.Compiler externExports
INFO: Creating extern file for exports
May 16, 2016 10:28:29 PM com.google.javascript.jscomp.LoggerErrorManager println
WARNING: testcode:1: WARNING - Unable to determine type of parameter a.b for exported function p1

May 16, 2016 10:28:29 PM com.google.javascript.jscomp.LoggerErrorManager println
WARNING: testcode:1: WARNING - Unable to determine type of parameter a.b.c for exported function d

May 16, 2016 10:28:29 PM com.google.javascript.jscomp.LoggerErrorManager println
WARNING: testcode:1: WARNING - Unable to determine type of parameter a.b.c for exported function e

May 16, 2016 10:28:29 PM com.google.javascript.jscomp.LoggerErrorManager println
WARNING: testcode:1: WARNING - Unable to determine type of parameter a.b.c for exported function f

May 16, 2016 10:28:29 PM com.google.javascript.jscomp.LoggerErrorManager printSummary
WARNING: 0 error(s), 4 warning(s), 100% typed
May 16, 2016 10:28:29 PM com.google.javascript.jscomp.PhaseOptimizer$NamedPass process
INFO: checkVars
May 16, 2016 10:28:29 PM com.google.javascript.jscomp.PhaseOptimizer$NamedPass process
INFO: resolveTypes
May 16, 2016 10:28:29 PM com.google.javascript.jscomp.PhaseOptimizer$NamedPass process
INFO: inferTypes
May 16, 2016 10:28:29 PM com.google.javascript.jscomp.PhaseOptimizer$NamedPass process
INFO: checkTypes
May 16, 2016 10:28:29 PM com.google.javascript.jscomp.PhaseOptimizer$NamedPass process
INFO: replaceMessages
May 16, 2016 10:28:29 PM com.google.javascript.jscomp.PhaseOptimizer$NamedPass process
INFO: processDefines
May 16, 2016 10:28:29 PM com.google.javascript.jscomp.Compiler externExports
INFO: Creating extern file for exports
May 16, 2016 10:28:29 PM com.google.javascript.jscomp.LoggerErrorManager println
WARNING: testcode:1: WARNING - Unable to determine type of parameter a.b.c for exported function d

May 16, 2016 10:28:29 PM com.google.javascript.jscomp.LoggerErrorManager println
WARNING: testcode:1: WARNING - Unable to determine type of parameter a.b.c for exported function e

May 16, 2016 10:28:29 PM com.google.javascript.jscomp.LoggerErrorManager println
WARNING: testcode:1: WARNING - Unable to determine type of parameter a.b.c for exported function f

May 16, 2016 10:28:29 PM com.google.javascript.jscomp.LoggerErrorManager printSummary
WARNING: 0 error(s), 3 warning(s), 100% typed
May 16, 2016 10:28:29 PM com.google.javascript.jscomp.PhaseOptimizer$NamedPass process
INFO: checkVars
May 16, 2016 10:28:29 PM com.google.javascript.jscomp.PhaseOptimizer$NamedPass process
INFO: resolveTypes
May 16, 2016 10:28:29 PM com.google.javascript.jscomp.PhaseOptimizer$NamedPass process
INFO: inferTypes
May 16, 2016 10:28:29 PM com.google.javascript.jscomp.PhaseOptimizer$NamedPass process
INFO: checkTypes
May 16, 2016 10:28:29 PM com.google.javascript.jscomp.PhaseOptimizer$NamedPass process
INFO: replaceMessages
May 16, 2016 10:28:29 PM com.google.javascript.jscomp.PhaseOptimizer$NamedPass process
INFO: processDefines
May 16, 2016 10:28:29 PM com.google.javascript.jscomp.Compiler externExports
INFO: Creating extern file for exports
May 16, 2016 10:28:30 PM com.google.javascript.jscomp.LoggerErrorManager println
WARNING: testcode:4: WARNING - Unable to determine type of parameter InternalName for exported function b

May 16, 2016 10:28:30 PM com.google.javascript.jscomp.LoggerErrorManager println
WARNING: testcode:4: WARNING - Unable to determine type of parameter InternalName for exported function c

May 16, 2016 10:28:30 PM com.google.javascript.jscomp.LoggerErrorManager printSummary
WARNING: 0 error(s), 2 warning(s), 100% typed
May 16, 2016 10:28:30 PM com.google.javascript.jscomp.PhaseOptimizer$NamedPass process
INFO: checkVars
May 16, 2016 10:28:30 PM com.google.javascript.jscomp.PhaseOptimizer$NamedPass process
INFO: resolveTypes
May 16, 2016 10:28:30 PM com.google.javascript.jscomp.PhaseOptimizer$NamedPass process
INFO: inferTypes
May 16, 2016 10:28:30 PM com.google.javascript.jscomp.PhaseOptimizer$NamedPass process
INFO: checkTypes
May 16, 2016 10:28:30 PM com.google.javascript.jscomp.PhaseOptimizer$NamedPass process
INFO: replaceMessages
May 16, 2016 10:28:30 PM com.google.javascript.jscomp.PhaseOptimizer$NamedPass process
INFO: processDefines
May 16, 2016 10:28:30 PM com.google.javascript.jscomp.Compiler externExports
INFO: Creating extern file for exports
May 16, 2016 10:28:30 PM com.google.javascript.jscomp.LoggerErrorManager println
WARNING: testcode:5: WARNING - Unable to determine return type for exported function internalName
internalName = function(a) {  return 6;
                       ^

May 16, 2016 10:28:30 PM com.google.javascript.jscomp.LoggerErrorManager printSummary
WARNING: 0 error(s), 1 warning(s), 100% typed
May 16, 2016 10:28:45 PM com.google.javascript.jscomp.LoggerErrorManager println
SEVERE: ERROR - Syntax error: Wrong type of child number 1 for VarDecl. Expected: [InitPatt, IdPatt]. Found: IdExpr.

May 16, 2016 10:28:45 PM com.google.javascript.jscomp.LoggerErrorManager printSummary
WARNING: 1 error(s), 0 warning(s)
May 16, 2016 10:28:45 PM com.google.javascript.jscomp.LoggerErrorManager println
WARNING: testcode:1: WARNING - Unable to determine type of parameter a.b.c for exported function d

May 16, 2016 10:28:45 PM com.google.javascript.jscomp.LoggerErrorManager println
WARNING: testcode:1: WARNING - Unable to determine type of parameter a.b.c for exported function e

May 16, 2016 10:28:45 PM com.google.javascript.jscomp.LoggerErrorManager println
WARNING: testcode:1: WARNING - Unable to determine type of parameter a.b.c for exported function f

May 16, 2016 10:28:45 PM com.google.javascript.jscomp.LoggerErrorManager println
WARNING: testcode:1: WARNING - Unable to determine type of parameter a.b.prototype.c for exported function g

May 16, 2016 10:28:45 PM com.google.javascript.jscomp.LoggerErrorManager println
WARNING: testcode:1: WARNING - Unable to determine type of parameter a.b.prototype.c for exported function h

May 16, 2016 10:28:45 PM com.google.javascript.jscomp.LoggerErrorManager println
WARNING: testcode:1: WARNING - Unable to determine type of parameter a.b.prototype.c for exported function i

May 16, 2016 10:28:45 PM com.google.javascript.jscomp.LoggerErrorManager printSummary
WARNING: 6 error(s), 0 warning(s), 100% typed
May 16, 2016 10:28:45 PM com.google.javascript.jscomp.LoggerErrorManager println
WARNING: testcode:1: WARNING - Unable to determine type of parameter a.b for exported function p1

May 16, 2016 10:28:45 PM com.google.javascript.jscomp.LoggerErrorManager println
WARNING: testcode:1: WARNING - Unable to determine type of parameter a.b.c for exported function d

May 16, 2016 10:28:45 PM com.google.javascript.jscomp.LoggerErrorManager println
WARNING: testcode:1: WARNING - Unable to determine type of parameter a.b.c for exported function e

May 16, 2016 10:28:45 PM com.google.javascript.jscomp.LoggerErrorManager println
WARNING: testcode:1: WARNING - Unable to determine type of parameter a.b.c for exported function f

May 16, 2016 10:28:45 PM com.google.javascript.jscomp.LoggerErrorManager printSummary
WARNING: 4 error(s), 0 warning(s), 100% typed
May 16, 2016 10:28:45 PM com.google.javascript.jscomp.LoggerErrorManager println
WARNING: testcode:1: WARNING - Unable to determine type of parameter a.b for exported function p1

May 16, 2016 10:28:45 PM com.google.javascript.jscomp.LoggerErrorManager println
WARNING: testcode:1: WARNING - Unable to determine type of parameter a.b.c for exported function d

May 16, 2016 10:28:45 PM com.google.javascript.jscomp.LoggerErrorManager println
WARNING: testcode:1: WARNING - Unable to determine type of parameter a.b.c for exported function e

May 16, 2016 10:28:45 PM com.google.javascript.jscomp.LoggerErrorManager println
WARNING: testcode:1: WARNING - Unable to determine type of parameter a.b.c for exported function f

May 16, 2016 10:28:45 PM com.google.javascript.jscomp.LoggerErrorManager println
WARNING: testcode:1: WARNING - Unable to determine type of parameter a.b.prototype.c for exported function g

May 16, 2016 10:28:45 PM com.google.javascript.jscomp.LoggerErrorManager println
WARNING: testcode:1: WARNING - Unable to determine type of parameter a.b.prototype.c for exported function h

May 16, 2016 10:28:45 PM com.google.javascript.jscomp.LoggerErrorManager println
WARNING: testcode:1: WARNING - Unable to determine type of parameter a.b.prototype.c for exported function i

May 16, 2016 10:28:45 PM com.google.javascript.jscomp.LoggerErrorManager printSummary
WARNING: 7 error(s), 0 warning(s), 100% typed
May 16, 2016 10:28:46 PM com.google.javascript.jscomp.LoggerErrorManager println
WARNING: testcode:1: WARNING - Unable to determine type of parameter a.b.c for exported function d

May 16, 2016 10:28:46 PM com.google.javascript.jscomp.LoggerErrorManager println
WARNING: testcode:1: WARNING - Unable to determine type of parameter a.b.c for exported function e

May 16, 2016 10:28:46 PM com.google.javascript.jscomp.LoggerErrorManager println
WARNING: testcode:1: WARNING - Unable to determine type of parameter a.b.c for exported function f

May 16, 2016 10:28:46 PM com.google.javascript.jscomp.LoggerErrorManager printSummary
WARNING: 3 error(s), 0 warning(s), 100% typed
May 16, 2016 10:28:48 PM com.google.javascript.jscomp.LoggerErrorManager println
WARNING: testcode:1: WARNING - Unable to determine type of parameter a.b.c for exported function d

May 16, 2016 10:28:48 PM com.google.javascript.jscomp.LoggerErrorManager println
WARNING: testcode:1: WARNING - Unable to determine type of parameter a.b.c for exported function e

May 16, 2016 10:28:48 PM com.google.javascript.jscomp.LoggerErrorManager println
WARNING: testcode:1: WARNING - Unable to determine type of parameter a.b.c for exported function f

May 16, 2016 10:28:48 PM com.google.javascript.jscomp.LoggerErrorManager printSummary
WARNING: 3 error(s), 0 warning(s), 100% typed
May 16, 2016 10:28:50 PM com.google.javascript.jscomp.LoggerErrorManager println
WARNING: testcode:1: WARNING - Unable to determine type of parameter a for exported function d

May 16, 2016 10:28:50 PM com.google.javascript.jscomp.LoggerErrorManager println
WARNING: testcode:1: WARNING - Unable to determine type of parameter a for exported function e

May 16, 2016 10:28:50 PM com.google.javascript.jscomp.LoggerErrorManager println
WARNING: testcode:1: WARNING - Unable to determine type of parameter a for exported function f

May 16, 2016 10:28:50 PM com.google.javascript.jscomp.LoggerErrorManager printSummary
WARNING: 3 error(s), 0 warning(s), 100% typed
May 16, 2016 10:28:51 PM com.google.javascript.jscomp.LoggerErrorManager println
SEVERE: ERROR - Syntax error: Wrong type of child number 1 for VarDecl. Expected: [InitPatt, IdPatt]. Found: IdExpr.

java.lang.RuntimeException: java.lang.RuntimeException: INTERNAL COMPILER ERROR.
Please report this problem.
null
	at com.google.javascript.jscomp.Compiler.runCallable(Compiler.java:610)
	at com.google.javascript.jscomp.Compiler.runInCompilerThread(Compiler.java:556)
	at com.google.javascript.jscomp.Compiler.compile(Compiler.java:539)
	at com.google.javascript.jscomp.Compiler.compile(Compiler.java:498)
	at com.google.javascript.jscomp.AbstractCommandLineRunner.doRun(AbstractCommandLineRunner.java:621)
	at com.google.javascript.jscomp.AbstractCommandLineRunner.run(AbstractCommandLineRunner.java:277)
	at com.google.javascript.jscomp.CommandLineRunnerTest.compile(CommandLineRunnerTest.java:845)
	at com.google.javascript.jscomp.CommandLineRunnerTest.test(CommandLineRunnerTest.java:767)
	at com.google.javascript.jscomp.CommandLineRunnerTest.testSourceSortingCircularDeps2(CommandLineRunnerTest.java:413)
	at sun.reflect.NativeMethodAccessorImpl.invoke0(Native Method)
	at sun.reflect.NativeMethodAccessorImpl.invoke(NativeMethodAccessorImpl.java:57)
	at sun.reflect.DelegatingMethodAccessorImpl.invoke(DelegatingMethodAccessorImpl.java:43)
	at java.lang.reflect.Method.invoke(Method.java:606)
	at junit.framework.TestCase.runTest(TestCase.java:176)
	at junit.framework.TestCase.runBare(TestCase.java:141)
	at junit.framework.TestResult$1.protect(TestResult.java:122)
	at junit.framework.TestResult.runProtected(TestResult.java:142)
	at junit.framework.TestResult.run(TestResult.java:125)
	at junit.framework.TestCase.run(TestCase.java:129)
	at junit.framework.TestSuite.runTest(TestSuite.java:255)
	at junit.framework.TestSuite.run(TestSuite.java:250)
	at org.junit.internal.runners.JUnit38ClassRunner.run(JUnit38ClassRunner.java:84)
	at org.junit.runner.JUnitCore.run(JUnitCore.java:160)
	at org.junit.runner.JUnitCore.run(JUnitCore.java:138)
	at xxl.java.junit.JUnitSingleTestResultRunner.call(JUnitSingleTestResultRunner.java:36)
	at xxl.java.junit.JUnitSingleTestResultRunner.call(JUnitSingleTestResultRunner.java:11)
	at java.util.concurrent.FutureTask.run(FutureTask.java:262)
	at java.util.concurrent.ThreadPoolExecutor.runWorker(ThreadPoolExecutor.java:1145)
	at java.util.concurrent.ThreadPoolExecutor$Worker.run(ThreadPoolExecutor.java:615)
	at java.lang.Thread.run(Thread.java:745)
Caused by: java.lang.RuntimeException: INTERNAL COMPILER ERROR.
Please report this problem.
null
	at com.google.common.base.Preconditions.checkState(Preconditions.java:134)
	at com.google.javascript.jscomp.NodeTraversal.traverseRoots(NodeTraversal.java:267)
	at com.google.javascript.jscomp.NodeTraversal.traverseRoots(NodeTraversal.java:431)
	at com.google.javascript.jscomp.VarCheck.process(VarCheck.java:105)
	at com.google.javascript.jscomp.PhaseOptimizer$PassFactoryDelegate.processInternal(PhaseOptimizer.java:271)
	at com.google.javascript.jscomp.PhaseOptimizer$NamedPass.process(PhaseOptimizer.java:248)
	at com.google.javascript.jscomp.PhaseOptimizer.process(PhaseOptimizer.java:167)
	at com.google.javascript.jscomp.Compiler.check(Compiler.java:714)
	at com.google.javascript.jscomp.Compiler.compileInternal(Compiler.java:633)
	at com.google.javascript.jscomp.Compiler.access$000(Compiler.java:65)
	at com.google.javascript.jscomp.Compiler$1.call(Compiler.java:541)
	at com.google.javascript.jscomp.Compiler$1.call(Compiler.java:539)
	at com.google.javascript.jscomp.Compiler$2.run(Compiler.java:582)
	... 1 more
Caused by: java.lang.IllegalStateException
	... 14 more
java.lang.RuntimeException: java.lang.RuntimeException: INTERNAL COMPILER ERROR.
Please report this problem.
null
	at com.google.javascript.jscomp.Compiler.runCallable(Compiler.java:610)
	at com.google.javascript.jscomp.Compiler.runInCompilerThread(Compiler.java:556)
	at com.google.javascript.jscomp.Compiler.compile(Compiler.java:539)
	at com.google.javascript.jscomp.Compiler.compile(Compiler.java:498)
	at com.google.javascript.jscomp.AbstractCommandLineRunner.doRun(AbstractCommandLineRunner.java:621)
	at com.google.javascript.jscomp.AbstractCommandLineRunner.run(AbstractCommandLineRunner.java:277)
	at com.google.javascript.jscomp.CommandLineRunnerTest.compile(CommandLineRunnerTest.java:845)
	at com.google.javascript.jscomp.CommandLineRunnerTest.test(CommandLineRunnerTest.java:767)
	at com.google.javascript.jscomp.CommandLineRunnerTest.testSourceSortingCircularDeps1(CommandLineRunnerTest.java:403)
	at sun.reflect.NativeMethodAccessorImpl.invoke0(Native Method)
	at sun.reflect.NativeMethodAccessorImpl.invoke(NativeMethodAccessorImpl.java:57)
	at sun.reflect.DelegatingMethodAccessorImpl.invoke(DelegatingMethodAccessorImpl.java:43)
	at java.lang.reflect.Method.invoke(Method.java:606)
	at junit.framework.TestCase.runTest(TestCase.java:176)
	at junit.framework.TestCase.runBare(TestCase.java:141)
	at junit.framework.TestResult$1.protect(TestResult.java:122)
	at junit.framework.TestResult.runProtected(TestResult.java:142)
	at junit.framework.TestResult.run(TestResult.java:125)
	at junit.framework.TestCase.run(TestCase.java:129)
	at junit.framework.TestSuite.runTest(TestSuite.java:255)
	at junit.framework.TestSuite.run(TestSuite.java:250)
	at org.junit.internal.runners.JUnit38ClassRunner.run(JUnit38ClassRunner.java:84)
	at org.junit.runner.JUnitCore.run(JUnitCore.java:160)
	at org.junit.runner.JUnitCore.run(JUnitCore.java:138)
	at xxl.java.junit.JUnitSingleTestResultRunner.call(JUnitSingleTestResultRunner.java:36)
	at xxl.java.junit.JUnitSingleTestResultRunner.call(JUnitSingleTestResultRunner.java:11)
	at java.util.concurrent.FutureTask.run(FutureTask.java:262)
	at java.util.concurrent.ThreadPoolExecutor.runWorker(ThreadPoolExecutor.java:1145)
	at java.util.concurrent.ThreadPoolExecutor$Worker.run(ThreadPoolExecutor.java:615)
	at java.lang.Thread.run(Thread.java:745)
Caused by: java.lang.RuntimeException: INTERNAL COMPILER ERROR.
Please report this problem.
null
	at com.google.common.base.Preconditions.checkState(Preconditions.java:134)
	at com.google.javascript.jscomp.NodeTraversal.traverseRoots(NodeTraversal.java:267)
	at com.google.javascript.jscomp.NodeTraversal.traverseRoots(NodeTraversal.java:431)
	at com.google.javascript.jscomp.VarCheck.process(VarCheck.java:105)
	at com.google.javascript.jscomp.PhaseOptimizer$PassFactoryDelegate.processInternal(PhaseOptimizer.java:271)
	at com.google.javascript.jscomp.PhaseOptimizer$NamedPass.process(PhaseOptimizer.java:248)
	at com.google.javascript.jscomp.PhaseOptimizer.process(PhaseOptimizer.java:167)
	at com.google.javascript.jscomp.Compiler.check(Compiler.java:714)
	at com.google.javascript.jscomp.Compiler.compileInternal(Compiler.java:633)
	at com.google.javascript.jscomp.Compiler.access$000(Compiler.java:65)
	at com.google.javascript.jscomp.Compiler$1.call(Compiler.java:541)
	at com.google.javascript.jscomp.Compiler$1.call(Compiler.java:539)
	at com.google.javascript.jscomp.Compiler$2.run(Compiler.java:582)
	... 1 more
Caused by: java.lang.IllegalStateException
	... 14 more
java.lang.RuntimeException: java.lang.RuntimeException: INTERNAL COMPILER ERROR.
Please report this problem.
OBJECTLIT 1 [sourcename: input0] is not a string node
  Node(FUNCTION ): input0:1:9
[source unknown]
  Parent(SCRIPT): input0:1:0
[source unknown]

	at com.google.javascript.jscomp.Compiler.runCallable(Compiler.java:610)
	at com.google.javascript.jscomp.Compiler.runInCompilerThread(Compiler.java:556)
	at com.google.javascript.jscomp.Compiler.compile(Compiler.java:539)
	at com.google.javascript.jscomp.Compiler.compile(Compiler.java:498)
	at com.google.javascript.jscomp.AbstractCommandLineRunner.doRun(AbstractCommandLineRunner.java:621)
	at com.google.javascript.jscomp.AbstractCommandLineRunner.run(AbstractCommandLineRunner.java:277)
	at com.google.javascript.jscomp.CommandLineRunnerTest.compile(CommandLineRunnerTest.java:845)
	at com.google.javascript.jscomp.CommandLineRunnerTest.test(CommandLineRunnerTest.java:767)
	at com.google.javascript.jscomp.CommandLineRunnerTest.test(CommandLineRunnerTest.java:760)
	at com.google.javascript.jscomp.CommandLineRunnerTest.testIssue70(CommandLineRunnerTest.java:265)
	at sun.reflect.NativeMethodAccessorImpl.invoke0(Native Method)
	at sun.reflect.NativeMethodAccessorImpl.invoke(NativeMethodAccessorImpl.java:57)
	at sun.reflect.DelegatingMethodAccessorImpl.invoke(DelegatingMethodAccessorImpl.java:43)
	at java.lang.reflect.Method.invoke(Method.java:606)
	at junit.framework.TestCase.runTest(TestCase.java:176)
	at junit.framework.TestCase.runBare(TestCase.java:141)
	at junit.framework.TestResult$1.protect(TestResult.java:122)
	at junit.framework.TestResult.runProtected(TestResult.java:142)
	at junit.framework.TestResult.run(TestResult.java:125)
	at junit.framework.TestCase.run(TestCase.java:129)
	at junit.framework.TestSuite.runTest(TestSuite.java:255)
	at junit.framework.TestSuite.run(TestSuite.java:250)
	at org.junit.internal.runners.JUnit38ClassRunner.run(JUnit38ClassRunner.java:84)
	at org.junit.runner.JUnitCore.run(JUnitCore.java:160)
	at org.junit.runner.JUnitCore.run(JUnitCore.java:138)
	at xxl.java.junit.JUnitSingleTestResultRunner.call(JUnitSingleTestResultRunner.java:36)
	at xxl.java.junit.JUnitSingleTestResultRunner.call(JUnitSingleTestResultRunner.java:11)
	at java.util.concurrent.FutureTask.run(FutureTask.java:262)
	at java.util.concurrent.ThreadPoolExecutor.runWorker(ThreadPoolExecutor.java:1145)
	at java.util.concurrent.ThreadPoolExecutor$Worker.run(ThreadPoolExecutor.java:615)
	at java.lang.Thread.run(Thread.java:745)
Caused by: java.lang.RuntimeException: INTERNAL COMPILER ERROR.
Please report this problem.
OBJECTLIT 1 [sourcename: input0] is not a string node
  Node(FUNCTION ): input0:1:9
[source unknown]
  Parent(SCRIPT): input0:1:0
[source unknown]

	at com.google.javascript.rhino.Node.getString(Node.java:892)
	at com.google.javascript.jscomp.PrepareAst$PrepareAnnotations.annotateFunctions(PrepareAst.java:243)
	at com.google.javascript.jscomp.PrepareAst$PrepareAnnotations.visit(PrepareAst.java:156)
	at com.google.javascript.jscomp.NodeTraversal.traverseBranch(NodeTraversal.java:464)
	at com.google.javascript.jscomp.NodeTraversal.traverseBranch(NodeTraversal.java:457)
	at com.google.javascript.jscomp.NodeTraversal.traverse(NodeTraversal.java:249)
	at com.google.javascript.jscomp.NodeTraversal.traverse(NodeTraversal.java:422)
	at com.google.javascript.jscomp.PrepareAst.process(PrepareAst.java:69)
	at com.google.javascript.jscomp.Compiler.prepareAst(Compiler.java:1593)
	at com.google.javascript.jscomp.JsAst.parse(JsAst.java:100)
	at com.google.javascript.jscomp.JsAst.createAst(JsAst.java:77)
	at com.google.javascript.jscomp.JsAst.getAstRoot(JsAst.java:50)
	at com.google.javascript.jscomp.CompilerInput.getAstRoot(CompilerInput.java:102)
	at com.google.javascript.jscomp.Compiler.parseInputs(Compiler.java:1134)
	at com.google.javascript.jscomp.Compiler.parse(Compiler.java:659)
	at com.google.javascript.jscomp.Compiler.compileInternal(Compiler.java:617)
	at com.google.javascript.jscomp.Compiler.access$000(Compiler.java:65)
	at com.google.javascript.jscomp.Compiler$1.call(Compiler.java:541)
	at com.google.javascript.jscomp.Compiler$1.call(Compiler.java:539)
	at com.google.javascript.jscomp.Compiler$2.run(Compiler.java:582)
	... 1 more
Caused by: java.lang.UnsupportedOperationException: OBJECTLIT 1 [sourcename: input0] is not a string node
	... 21 more
May 16, 2016 10:28:54 PM com.google.javascript.jscomp.LoggerErrorManager println
WARNING: testcode:5: WARNING - Unable to determine return type for exported function internalName
internalName = function(a) {  return 6;
                       ^

May 16, 2016 10:28:54 PM com.google.javascript.jscomp.LoggerErrorManager printSummary
WARNING: 1 error(s), 0 warning(s), 100% typed
java.lang.RuntimeException: java.lang.RuntimeException: INTERNAL COMPILER ERROR.
Please report this problem.
null
	at com.google.javascript.jscomp.Compiler.runCallable(Compiler.java:610)
	at com.google.javascript.jscomp.Compiler.runInCompilerThread(Compiler.java:556)
	at com.google.javascript.jscomp.Compiler.compile(Compiler.java:539)
	at com.google.javascript.jscomp.Compiler.compile(Compiler.java:498)
	at com.google.javascript.jscomp.AbstractCommandLineRunner.doRun(AbstractCommandLineRunner.java:621)
	at com.google.javascript.jscomp.AbstractCommandLineRunner.run(AbstractCommandLineRunner.java:277)
	at com.google.javascript.jscomp.CommandLineRunnerTest.compile(CommandLineRunnerTest.java:845)
	at com.google.javascript.jscomp.CommandLineRunnerTest.test(CommandLineRunnerTest.java:767)
	at com.google.javascript.jscomp.CommandLineRunnerTest.testSourcePruningOn5(CommandLineRunnerTest.java:478)
	at sun.reflect.NativeMethodAccessorImpl.invoke0(Native Method)
	at sun.reflect.NativeMethodAccessorImpl.invoke(NativeMethodAccessorImpl.java:57)
	at sun.reflect.DelegatingMethodAccessorImpl.invoke(DelegatingMethodAccessorImpl.java:43)
	at java.lang.reflect.Method.invoke(Method.java:606)
	at junit.framework.TestCase.runTest(TestCase.java:176)
	at junit.framework.TestCase.runBare(TestCase.java:141)
	at junit.framework.TestResult$1.protect(TestResult.java:122)
	at junit.framework.TestResult.runProtected(TestResult.java:142)
	at junit.framework.TestResult.run(TestResult.java:125)
	at junit.framework.TestCase.run(TestCase.java:129)
	at junit.framework.TestSuite.runTest(TestSuite.java:255)
	at junit.framework.TestSuite.run(TestSuite.java:250)
	at org.junit.internal.runners.JUnit38ClassRunner.run(JUnit38ClassRunner.java:84)
	at org.junit.runner.JUnitCore.run(JUnitCore.java:160)
	at org.junit.runner.JUnitCore.run(JUnitCore.java:138)
	at xxl.java.junit.JUnitSingleTestResultRunner.call(JUnitSingleTestResultRunner.java:36)
	at xxl.java.junit.JUnitSingleTestResultRunner.call(JUnitSingleTestResultRunner.java:11)
	at java.util.concurrent.FutureTask.run(FutureTask.java:262)
	at java.util.concurrent.ThreadPoolExecutor.runWorker(ThreadPoolExecutor.java:1145)
	at java.util.concurrent.ThreadPoolExecutor$Worker.run(ThreadPoolExecutor.java:615)
	at java.lang.Thread.run(Thread.java:745)
Caused by: java.lang.RuntimeException: INTERNAL COMPILER ERROR.
Please report this problem.
null
	at com.google.common.base.Preconditions.checkState(Preconditions.java:134)
	at com.google.javascript.jscomp.NodeTraversal.traverseRoots(NodeTraversal.java:267)
	at com.google.javascript.jscomp.NodeTraversal.traverseRoots(NodeTraversal.java:431)
	at com.google.javascript.jscomp.VarCheck.process(VarCheck.java:105)
	at com.google.javascript.jscomp.PhaseOptimizer$PassFactoryDelegate.processInternal(PhaseOptimizer.java:271)
	at com.google.javascript.jscomp.PhaseOptimizer$NamedPass.process(PhaseOptimizer.java:248)
	at com.google.javascript.jscomp.PhaseOptimizer.process(PhaseOptimizer.java:167)
	at com.google.javascript.jscomp.Compiler.check(Compiler.java:714)
	at com.google.javascript.jscomp.Compiler.compileInternal(Compiler.java:633)
	at com.google.javascript.jscomp.Compiler.access$000(Compiler.java:65)
	at com.google.javascript.jscomp.Compiler$1.call(Compiler.java:541)
	at com.google.javascript.jscomp.Compiler$1.call(Compiler.java:539)
	at com.google.javascript.jscomp.Compiler$2.run(Compiler.java:582)
	... 1 more
Caused by: java.lang.IllegalStateException
	... 14 more
May 16, 2016 10:28:55 PM com.google.javascript.jscomp.LoggerErrorManager println
WARNING: testcode:1: WARNING - Unable to determine return type for exported function InternalName

May 16, 2016 10:28:55 PM com.google.javascript.jscomp.LoggerErrorManager printSummary
WARNING: 1 error(s), 0 warning(s), 100% typed
May 16, 2016 10:28:55 PM com.google.javascript.jscomp.LoggerErrorManager println
WARNING: testcode:2: WARNING - element type must match enum's type
found   : number
required: string

May 16, 2016 10:28:55 PM com.google.javascript.jscomp.LoggerErrorManager println
WARNING: testcode:2: WARNING - element type must match enum's type
found   : number
required: string

May 16, 2016 10:28:55 PM com.google.javascript.jscomp.LoggerErrorManager printSummary
WARNING: 2 error(s), 0 warning(s), 88.2% typed
May 16, 2016 10:28:56 PM com.google.javascript.jscomp.LoggerErrorManager println
WARNING: foo.js:1: WARNING - 'foo.bar.goo' used but not goog.require'd

May 16, 2016 10:28:56 PM com.google.javascript.jscomp.LoggerErrorManager printSummary
WARNING: 1 error(s), 0 warning(s)
May 16, 2016 10:28:57 PM com.google.javascript.jscomp.LoggerErrorManager println
WARNING: testcode:4: WARNING - Unable to determine type of parameter InternalName for exported function b

May 16, 2016 10:28:57 PM com.google.javascript.jscomp.LoggerErrorManager println
WARNING: testcode:4: WARNING - Unable to determine type of parameter InternalName for exported function c

May 16, 2016 10:28:57 PM com.google.javascript.jscomp.LoggerErrorManager printSummary
WARNING: 2 error(s), 0 warning(s), 100% typed
May 16, 2016 10:30:50 PM com.google.javascript.jscomp.LoggerErrorManager println
WARNING: foo.js:1: WARNING - 'foo.bar.goo' used but not goog.require'd

May 16, 2016 10:30:50 PM com.google.javascript.jscomp.LoggerErrorManager printSummary
WARNING: 0 error(s), 1 warning(s)
May 16, 2016 10:30:50 PM com.google.javascript.jscomp.LoggerErrorManager println
WARNING: testcode:1: WARNING - Unable to determine type of parameter a.b for exported function p1

May 16, 2016 10:30:50 PM com.google.javascript.jscomp.LoggerErrorManager println
WARNING: testcode:1: WARNING - Unable to determine type of parameter a.b.c for exported function d

May 16, 2016 10:30:50 PM com.google.javascript.jscomp.LoggerErrorManager println
WARNING: testcode:1: WARNING - Unable to determine type of parameter a.b.c for exported function e

May 16, 2016 10:30:50 PM com.google.javascript.jscomp.LoggerErrorManager println
WARNING: testcode:1: WARNING - Unable to determine type of parameter a.b.c for exported function f

May 16, 2016 10:30:50 PM com.google.javascript.jscomp.LoggerErrorManager println
WARNING: testcode:1: WARNING - Unable to determine type of parameter a.b.prototype.c for exported function g

May 16, 2016 10:30:50 PM com.google.javascript.jscomp.LoggerErrorManager println
WARNING: testcode:1: WARNING - Unable to determine type of parameter a.b.prototype.c for exported function h

May 16, 2016 10:30:50 PM com.google.javascript.jscomp.LoggerErrorManager println
WARNING: testcode:1: WARNING - Unable to determine type of parameter a.b.prototype.c for exported function i

May 16, 2016 10:30:50 PM com.google.javascript.jscomp.LoggerErrorManager printSummary
WARNING: 0 error(s), 7 warning(s), 100% typed
May 16, 2016 10:30:50 PM com.google.javascript.jscomp.LoggerErrorManager println
WARNING: testcode:1: WARNING - Unable to determine type of parameter a for exported function d

May 16, 2016 10:30:50 PM com.google.javascript.jscomp.LoggerErrorManager println
WARNING: testcode:1: WARNING - Unable to determine type of parameter a for exported function e

May 16, 2016 10:30:50 PM com.google.javascript.jscomp.LoggerErrorManager println
WARNING: testcode:1: WARNING - Unable to determine type of parameter a for exported function f

May 16, 2016 10:30:50 PM com.google.javascript.jscomp.LoggerErrorManager printSummary
WARNING: 0 error(s), 3 warning(s), 100% typed
May 16, 2016 10:30:50 PM com.google.javascript.jscomp.LoggerErrorManager println
WARNING: testcode:1: WARNING - Unable to determine return type for exported function InternalName

May 16, 2016 10:30:50 PM com.google.javascript.jscomp.LoggerErrorManager printSummary
WARNING: 0 error(s), 1 warning(s), 100% typed
May 16, 2016 10:30:50 PM com.google.javascript.jscomp.LoggerErrorManager println
WARNING: testcode:2: WARNING - element type must match enum's type
found   : number
required: string

May 16, 2016 10:30:50 PM com.google.javascript.jscomp.LoggerErrorManager println
WARNING: testcode:2: WARNING - element type must match enum's type
found   : number
required: string

May 16, 2016 10:30:50 PM com.google.javascript.jscomp.LoggerErrorManager printSummary
WARNING: 0 error(s), 2 warning(s), 88.2% typed
May 16, 2016 10:30:50 PM com.google.javascript.jscomp.LoggerErrorManager println
WARNING: testcode:1: WARNING - Unable to determine type of parameter a.b.c for exported function d

May 16, 2016 10:30:50 PM com.google.javascript.jscomp.LoggerErrorManager println
WARNING: testcode:1: WARNING - Unable to determine type of parameter a.b.c for exported function e

May 16, 2016 10:30:50 PM com.google.javascript.jscomp.LoggerErrorManager println
WARNING: testcode:1: WARNING - Unable to determine type of parameter a.b.c for exported function f

May 16, 2016 10:30:50 PM com.google.javascript.jscomp.LoggerErrorManager printSummary
WARNING: 0 error(s), 3 warning(s), 100% typed
May 16, 2016 10:30:50 PM com.google.javascript.jscomp.LoggerErrorManager println
WARNING: testcode:1: WARNING - Unable to determine type of parameter a.b.c for exported function d

May 16, 2016 10:30:50 PM com.google.javascript.jscomp.LoggerErrorManager println
WARNING: testcode:1: WARNING - Unable to determine type of parameter a.b.c for exported function e

May 16, 2016 10:30:50 PM com.google.javascript.jscomp.LoggerErrorManager println
WARNING: testcode:1: WARNING - Unable to determine type of parameter a.b.c for exported function f

May 16, 2016 10:30:50 PM com.google.javascript.jscomp.LoggerErrorManager println
WARNING: testcode:1: WARNING - Unable to determine type of parameter a.b.prototype.c for exported function g

May 16, 2016 10:30:50 PM com.google.javascript.jscomp.LoggerErrorManager println
WARNING: testcode:1: WARNING - Unable to determine type of parameter a.b.prototype.c for exported function h

May 16, 2016 10:30:50 PM com.google.javascript.jscomp.LoggerErrorManager println
WARNING: testcode:1: WARNING - Unable to determine type of parameter a.b.prototype.c for exported function i

May 16, 2016 10:30:50 PM com.google.javascript.jscomp.LoggerErrorManager printSummary
WARNING: 0 error(s), 6 warning(s), 100% typed
May 16, 2016 10:30:50 PM com.google.javascript.jscomp.LoggerErrorManager println
WARNING: testcode:1: WARNING - Unable to determine type of parameter a.b for exported function p1

May 16, 2016 10:30:50 PM com.google.javascript.jscomp.LoggerErrorManager println
WARNING: testcode:1: WARNING - Unable to determine type of parameter a.b.c for exported function d

May 16, 2016 10:30:50 PM com.google.javascript.jscomp.LoggerErrorManager println
WARNING: testcode:1: WARNING - Unable to determine type of parameter a.b.c for exported function e

May 16, 2016 10:30:50 PM com.google.javascript.jscomp.LoggerErrorManager println
WARNING: testcode:1: WARNING - Unable to determine type of parameter a.b.c for exported function f

May 16, 2016 10:30:50 PM com.google.javascript.jscomp.LoggerErrorManager printSummary
WARNING: 0 error(s), 4 warning(s), 100% typed
May 16, 2016 10:30:50 PM com.google.javascript.jscomp.LoggerErrorManager println
WARNING: testcode:1: WARNING - Unable to determine type of parameter a.b.c for exported function d

May 16, 2016 10:30:50 PM com.google.javascript.jscomp.LoggerErrorManager println
WARNING: testcode:1: WARNING - Unable to determine type of parameter a.b.c for exported function e

May 16, 2016 10:30:50 PM com.google.javascript.jscomp.LoggerErrorManager println
WARNING: testcode:1: WARNING - Unable to determine type of parameter a.b.c for exported function f

May 16, 2016 10:30:50 PM com.google.javascript.jscomp.LoggerErrorManager printSummary
WARNING: 0 error(s), 3 warning(s), 100% typed
May 16, 2016 10:30:50 PM com.google.javascript.jscomp.LoggerErrorManager println
WARNING: testcode:4: WARNING - Unable to determine type of parameter InternalName for exported function b

May 16, 2016 10:30:50 PM com.google.javascript.jscomp.LoggerErrorManager println
WARNING: testcode:4: WARNING - Unable to determine type of parameter InternalName for exported function c

May 16, 2016 10:30:50 PM com.google.javascript.jscomp.LoggerErrorManager printSummary
WARNING: 0 error(s), 2 warning(s), 100% typed
May 16, 2016 10:30:50 PM com.google.javascript.jscomp.LoggerErrorManager println
WARNING: testcode:5: WARNING - Unable to determine return type for exported function internalName
internalName = function(a) {  return 6;
                       ^

May 16, 2016 10:30:50 PM com.google.javascript.jscomp.LoggerErrorManager printSummary
WARNING: 0 error(s), 1 warning(s), 100% typed
May 16, 2016 10:31:03 PM com.google.javascript.jscomp.LoggerErrorManager println
SEVERE: ERROR - Syntax error: Wrong type of child number 1 for VarDecl. Expected: [InitPatt, IdPatt]. Found: IdExpr.

May 16, 2016 10:31:03 PM com.google.javascript.jscomp.LoggerErrorManager printSummary
WARNING: 1 error(s), 0 warning(s)
May 16, 2016 10:31:03 PM com.google.javascript.jscomp.LoggerErrorManager println
WARNING: testcode:1: WARNING - Unable to determine type of parameter a.b.c for exported function d

May 16, 2016 10:31:03 PM com.google.javascript.jscomp.LoggerErrorManager println
WARNING: testcode:1: WARNING - Unable to determine type of parameter a.b.c for exported function e

May 16, 2016 10:31:03 PM com.google.javascript.jscomp.LoggerErrorManager println
WARNING: testcode:1: WARNING - Unable to determine type of parameter a.b.c for exported function f

May 16, 2016 10:31:03 PM com.google.javascript.jscomp.LoggerErrorManager println
WARNING: testcode:1: WARNING - Unable to determine type of parameter a.b.prototype.c for exported function g

May 16, 2016 10:31:03 PM com.google.javascript.jscomp.LoggerErrorManager println
WARNING: testcode:1: WARNING - Unable to determine type of parameter a.b.prototype.c for exported function h

May 16, 2016 10:31:03 PM com.google.javascript.jscomp.LoggerErrorManager println
WARNING: testcode:1: WARNING - Unable to determine type of parameter a.b.prototype.c for exported function i

May 16, 2016 10:31:03 PM com.google.javascript.jscomp.LoggerErrorManager println
WARNING: testcode:1: WARNING - Unable to determine type of parameter a.b for exported function p1

May 16, 2016 10:31:03 PM com.google.javascript.jscomp.LoggerErrorManager println
WARNING: testcode:1: WARNING - Unable to determine type of parameter a.b.c for exported function d

May 16, 2016 10:31:03 PM com.google.javascript.jscomp.LoggerErrorManager println
WARNING: testcode:1: WARNING - Unable to determine type of parameter a.b.c for exported function e

May 16, 2016 10:31:03 PM com.google.javascript.jscomp.LoggerErrorManager println
WARNING: testcode:1: WARNING - Unable to determine type of parameter a.b.c for exported function f

May 16, 2016 10:31:03 PM com.google.javascript.jscomp.LoggerErrorManager println
WARNING: testcode:1: WARNING - Unable to determine type of parameter a.b for exported function p1

May 16, 2016 10:31:03 PM com.google.javascript.jscomp.LoggerErrorManager println
WARNING: testcode:1: WARNING - Unable to determine type of parameter a.b.c for exported function d

May 16, 2016 10:31:03 PM com.google.javascript.jscomp.LoggerErrorManager println
WARNING: testcode:1: WARNING - Unable to determine type of parameter a.b.c for exported function e

May 16, 2016 10:31:03 PM com.google.javascript.jscomp.LoggerErrorManager println
WARNING: testcode:1: WARNING - Unable to determine type of parameter a.b.c for exported function f

May 16, 2016 10:31:03 PM com.google.javascript.jscomp.LoggerErrorManager println
WARNING: testcode:1: WARNING - Unable to determine type of parameter a.b.prototype.c for exported function g

May 16, 2016 10:31:03 PM com.google.javascript.jscomp.LoggerErrorManager println
WARNING: testcode:1: WARNING - Unable to determine type of parameter a.b.prototype.c for exported function h

May 16, 2016 10:31:03 PM com.google.javascript.jscomp.LoggerErrorManager println
WARNING: testcode:1: WARNING - Unable to determine type of parameter a.b.prototype.c for exported function i

May 16, 2016 10:31:04 PM com.google.javascript.jscomp.LoggerErrorManager println
WARNING: testcode:1: WARNING - Unable to determine type of parameter a.b.c for exported function d

May 16, 2016 10:31:04 PM com.google.javascript.jscomp.LoggerErrorManager println
WARNING: testcode:1: WARNING - Unable to determine type of parameter a.b.c for exported function e

May 16, 2016 10:31:04 PM com.google.javascript.jscomp.LoggerErrorManager println
WARNING: testcode:1: WARNING - Unable to determine type of parameter a.b.c for exported function f

May 16, 2016 10:31:05 PM com.google.javascript.jscomp.LoggerErrorManager println
WARNING: testcode:1: WARNING - Unable to determine type of parameter a.b.c for exported function d

May 16, 2016 10:31:05 PM com.google.javascript.jscomp.LoggerErrorManager println
WARNING: testcode:1: WARNING - Unable to determine type of parameter a.b.c for exported function e

May 16, 2016 10:31:05 PM com.google.javascript.jscomp.LoggerErrorManager println
WARNING: testcode:1: WARNING - Unable to determine type of parameter a.b.c for exported function f

May 16, 2016 10:31:07 PM com.google.javascript.jscomp.LoggerErrorManager println
WARNING: testcode:1: WARNING - Unable to determine type of parameter a for exported function d

May 16, 2016 10:31:07 PM com.google.javascript.jscomp.LoggerErrorManager println
WARNING: testcode:1: WARNING - Unable to determine type of parameter a for exported function e

May 16, 2016 10:31:07 PM com.google.javascript.jscomp.LoggerErrorManager println
WARNING: testcode:1: WARNING - Unable to determine type of parameter a for exported function f

May 16, 2016 10:31:08 PM com.google.javascript.jscomp.LoggerErrorManager println
SEVERE: ERROR - Syntax error: Wrong type of child number 1 for VarDecl. Expected: [InitPatt, IdPatt]. Found: IdExpr.

java.lang.RuntimeException: java.lang.RuntimeException: INTERNAL COMPILER ERROR.
Please report this problem.
null
	at com.google.javascript.jscomp.Compiler.runCallable(Compiler.java:345)
	at com.google.javascript.jscomp.Compiler.runInCompilerThread(Compiler.java:302)
	at com.google.javascript.jscomp.Compiler.compile(Compiler.java:289)
	at com.google.javascript.jscomp.Compiler.compile(Compiler.java:261)
	at com.google.javascript.jscomp.AbstractCommandLineRunner.doRun(AbstractCommandLineRunner.java:353)
	at com.google.javascript.jscomp.AbstractCommandLineRunner.run(AbstractCommandLineRunner.java:133)
	at com.google.javascript.jscomp.CommandLineRunnerTest.compile(CommandLineRunnerTest.java:845)
	at com.google.javascript.jscomp.CommandLineRunnerTest.test(CommandLineRunnerTest.java:767)
	at com.google.javascript.jscomp.CommandLineRunnerTest.testSourceSortingCircularDeps2(CommandLineRunnerTest.java:413)
	at sun.reflect.NativeMethodAccessorImpl.invoke0(Native Method)
	at sun.reflect.NativeMethodAccessorImpl.invoke(NativeMethodAccessorImpl.java:57)
	at sun.reflect.DelegatingMethodAccessorImpl.invoke(DelegatingMethodAccessorImpl.java:43)
	at java.lang.reflect.Method.invoke(Method.java:606)
	at junit.framework.TestCase.runTest(TestCase.java:176)
	at junit.framework.TestCase.runBare(TestCase.java:141)
	at junit.framework.TestResult$1.protect(TestResult.java:122)
	at junit.framework.TestResult.runProtected(TestResult.java:142)
	at junit.framework.TestResult.run(TestResult.java:125)
	at junit.framework.TestCase.run(TestCase.java:129)
	at junit.framework.TestSuite.runTest(TestSuite.java:255)
	at junit.framework.TestSuite.run(TestSuite.java:250)
	at org.junit.internal.runners.JUnit38ClassRunner.run(JUnit38ClassRunner.java:84)
	at org.junit.runner.JUnitCore.run(JUnitCore.java:160)
	at org.junit.runner.JUnitCore.run(JUnitCore.java:138)
	at xxl.java.junit.JUnitSingleTestResultRunner.call(JUnitSingleTestResultRunner.java:36)
	at xxl.java.junit.JUnitSingleTestResultRunner.call(JUnitSingleTestResultRunner.java:11)
	at java.util.concurrent.FutureTask.run(FutureTask.java:262)
	at java.util.concurrent.ThreadPoolExecutor.runWorker(ThreadPoolExecutor.java:1145)
	at java.util.concurrent.ThreadPoolExecutor$Worker.run(ThreadPoolExecutor.java:615)
	at java.lang.Thread.run(Thread.java:745)
Caused by: java.lang.RuntimeException: INTERNAL COMPILER ERROR.
Please report this problem.
null
	at com.google.common.base.Preconditions.checkState(Preconditions.java:134)
	at com.google.javascript.jscomp.NodeTraversal.traverseRoots(NodeTraversal.java:123)
	at com.google.javascript.jscomp.NodeTraversal.traverseRoots(NodeTraversal.java:229)
	at com.google.javascript.jscomp.VarCheck.process(VarCheck.java:44)
	at com.google.javascript.jscomp.PhaseOptimizer$PassFactoryDelegate.processInternal(PhaseOptimizer.java:168)
	at com.google.javascript.jscomp.PhaseOptimizer$NamedPass.process(PhaseOptimizer.java:148)
	at com.google.javascript.jscomp.PhaseOptimizer.process(PhaseOptimizer.java:87)
	at com.google.javascript.jscomp.Compiler.check(Compiler.java:416)
	at com.google.javascript.jscomp.Compiler.compileInternal(Compiler.java:363)
	at com.google.javascript.jscomp.Compiler.access$000(Compiler.java:2)
	at com.google.javascript.jscomp.Compiler$1.call(Compiler.java:291)
	at com.google.javascript.jscomp.Compiler$1.call(Compiler.java:289)
	at com.google.javascript.jscomp.Compiler$2.run(Compiler.java:320)
	... 1 more
Caused by: java.lang.IllegalStateException
	... 14 more
java.lang.RuntimeException: java.lang.RuntimeException: INTERNAL COMPILER ERROR.
Please report this problem.
null
	at com.google.javascript.jscomp.Compiler.runCallable(Compiler.java:345)
	at com.google.javascript.jscomp.Compiler.runInCompilerThread(Compiler.java:302)
	at com.google.javascript.jscomp.Compiler.compile(Compiler.java:289)
	at com.google.javascript.jscomp.Compiler.compile(Compiler.java:261)
	at com.google.javascript.jscomp.AbstractCommandLineRunner.doRun(AbstractCommandLineRunner.java:353)
	at com.google.javascript.jscomp.AbstractCommandLineRunner.run(AbstractCommandLineRunner.java:133)
	at com.google.javascript.jscomp.CommandLineRunnerTest.compile(CommandLineRunnerTest.java:845)
	at com.google.javascript.jscomp.CommandLineRunnerTest.test(CommandLineRunnerTest.java:767)
	at com.google.javascript.jscomp.CommandLineRunnerTest.testSourceSortingCircularDeps1(CommandLineRunnerTest.java:403)
	at sun.reflect.NativeMethodAccessorImpl.invoke0(Native Method)
	at sun.reflect.NativeMethodAccessorImpl.invoke(NativeMethodAccessorImpl.java:57)
	at sun.reflect.DelegatingMethodAccessorImpl.invoke(DelegatingMethodAccessorImpl.java:43)
	at java.lang.reflect.Method.invoke(Method.java:606)
	at junit.framework.TestCase.runTest(TestCase.java:176)
	at junit.framework.TestCase.runBare(TestCase.java:141)
	at junit.framework.TestResult$1.protect(TestResult.java:122)
	at junit.framework.TestResult.runProtected(TestResult.java:142)
	at junit.framework.TestResult.run(TestResult.java:125)
	at junit.framework.TestCase.run(TestCase.java:129)
	at junit.framework.TestSuite.runTest(TestSuite.java:255)
	at junit.framework.TestSuite.run(TestSuite.java:250)
	at org.junit.internal.runners.JUnit38ClassRunner.run(JUnit38ClassRunner.java:84)
	at org.junit.runner.JUnitCore.run(JUnitCore.java:160)
	at org.junit.runner.JUnitCore.run(JUnitCore.java:138)
	at xxl.java.junit.JUnitSingleTestResultRunner.call(JUnitSingleTestResultRunner.java:36)
	at xxl.java.junit.JUnitSingleTestResultRunner.call(JUnitSingleTestResultRunner.java:11)
	at java.util.concurrent.FutureTask.run(FutureTask.java:262)
	at java.util.concurrent.ThreadPoolExecutor.runWorker(ThreadPoolExecutor.java:1145)
	at java.util.concurrent.ThreadPoolExecutor$Worker.run(ThreadPoolExecutor.java:615)
	at java.lang.Thread.run(Thread.java:745)
Caused by: java.lang.RuntimeException: INTERNAL COMPILER ERROR.
Please report this problem.
null
	at com.google.common.base.Preconditions.checkState(Preconditions.java:134)
	at com.google.javascript.jscomp.NodeTraversal.traverseRoots(NodeTraversal.java:123)
	at com.google.javascript.jscomp.NodeTraversal.traverseRoots(NodeTraversal.java:229)
	at com.google.javascript.jscomp.VarCheck.process(VarCheck.java:44)
	at com.google.javascript.jscomp.PhaseOptimizer$PassFactoryDelegate.processInternal(PhaseOptimizer.java:168)
	at com.google.javascript.jscomp.PhaseOptimizer$NamedPass.process(PhaseOptimizer.java:148)
	at com.google.javascript.jscomp.PhaseOptimizer.process(PhaseOptimizer.java:87)
	at com.google.javascript.jscomp.Compiler.check(Compiler.java:416)
	at com.google.javascript.jscomp.Compiler.compileInternal(Compiler.java:363)
	at com.google.javascript.jscomp.Compiler.access$000(Compiler.java:2)
	at com.google.javascript.jscomp.Compiler$1.call(Compiler.java:291)
	at com.google.javascript.jscomp.Compiler$1.call(Compiler.java:289)
	at com.google.javascript.jscomp.Compiler$2.run(Compiler.java:320)
	... 1 more
Caused by: java.lang.IllegalStateException
	... 14 more
java.lang.RuntimeException: java.lang.RuntimeException: INTERNAL COMPILER ERROR.
Please report this problem.
OBJECTLIT 1 [sourcename: input0] is not a string node
  Node(FUNCTION ): input0:1:9
[source unknown]
  Parent(SCRIPT): input0:1:0
[source unknown]

	at com.google.javascript.jscomp.Compiler.runCallable(Compiler.java:345)
	at com.google.javascript.jscomp.Compiler.runInCompilerThread(Compiler.java:302)
	at com.google.javascript.jscomp.Compiler.compile(Compiler.java:289)
	at com.google.javascript.jscomp.Compiler.compile(Compiler.java:261)
	at com.google.javascript.jscomp.AbstractCommandLineRunner.doRun(AbstractCommandLineRunner.java:353)
	at com.google.javascript.jscomp.AbstractCommandLineRunner.run(AbstractCommandLineRunner.java:133)
	at com.google.javascript.jscomp.CommandLineRunnerTest.compile(CommandLineRunnerTest.java:845)
	at com.google.javascript.jscomp.CommandLineRunnerTest.test(CommandLineRunnerTest.java:767)
	at com.google.javascript.jscomp.CommandLineRunnerTest.test(CommandLineRunnerTest.java:760)
	at com.google.javascript.jscomp.CommandLineRunnerTest.testIssue70(CommandLineRunnerTest.java:265)
	at sun.reflect.NativeMethodAccessorImpl.invoke0(Native Method)
	at sun.reflect.NativeMethodAccessorImpl.invoke(NativeMethodAccessorImpl.java:57)
	at sun.reflect.DelegatingMethodAccessorImpl.invoke(DelegatingMethodAccessorImpl.java:43)
	at java.lang.reflect.Method.invoke(Method.java:606)
	at junit.framework.TestCase.runTest(TestCase.java:176)
	at junit.framework.TestCase.runBare(TestCase.java:141)
	at junit.framework.TestResult$1.protect(TestResult.java:122)
	at junit.framework.TestResult.runProtected(TestResult.java:142)
	at junit.framework.TestResult.run(TestResult.java:125)
	at junit.framework.TestCase.run(TestCase.java:129)
	at junit.framework.TestSuite.runTest(TestSuite.java:255)
	at junit.framework.TestSuite.run(TestSuite.java:250)
	at org.junit.internal.runners.JUnit38ClassRunner.run(JUnit38ClassRunner.java:84)
	at org.junit.runner.JUnitCore.run(JUnitCore.java:160)
	at org.junit.runner.JUnitCore.run(JUnitCore.java:138)
	at xxl.java.junit.JUnitSingleTestResultRunner.call(JUnitSingleTestResultRunner.java:36)
	at xxl.java.junit.JUnitSingleTestResultRunner.call(JUnitSingleTestResultRunner.java:11)
	at java.util.concurrent.FutureTask.run(FutureTask.java:262)
	at java.util.concurrent.ThreadPoolExecutor.runWorker(ThreadPoolExecutor.java:1145)
	at java.util.concurrent.ThreadPoolExecutor$Worker.run(ThreadPoolExecutor.java:615)
	at java.lang.Thread.run(Thread.java:745)
Caused by: java.lang.RuntimeException: INTERNAL COMPILER ERROR.
Please report this problem.
OBJECTLIT 1 [sourcename: input0] is not a string node
  Node(FUNCTION ): input0:1:9
[source unknown]
  Parent(SCRIPT): input0:1:0
[source unknown]

	at com.google.javascript.rhino.Node.getString(Node.java:814)
	at com.google.javascript.jscomp.PrepareAst$PrepareAnnotations.annotateFunctions(PrepareAst.java:138)
	at com.google.javascript.jscomp.PrepareAst$PrepareAnnotations.visit(PrepareAst.java:92)
	at com.google.javascript.jscomp.NodeTraversal.traverseBranch(NodeTraversal.java:255)
	at com.google.javascript.jscomp.NodeTraversal.traverseBranch(NodeTraversal.java:249)
	at com.google.javascript.jscomp.NodeTraversal.traverse(NodeTraversal.java:106)
	at com.google.javascript.jscomp.NodeTraversal.traverse(NodeTraversal.java:224)
	at com.google.javascript.jscomp.PrepareAst.process(PrepareAst.java:31)
	at com.google.javascript.jscomp.Compiler.prepareAst(Compiler.java:1044)
	at com.google.javascript.jscomp.JsAst.parse(JsAst.java:61)
	at com.google.javascript.jscomp.JsAst.createAst(JsAst.java:45)
	at com.google.javascript.jscomp.JsAst.getAstRoot(JsAst.java:21)
	at com.google.javascript.jscomp.CompilerInput.getAstRoot(CompilerInput.java:59)
	at com.google.javascript.jscomp.Compiler.parseInputs(Compiler.java:710)
	at com.google.javascript.jscomp.Compiler.parse(Compiler.java:383)
	at com.google.javascript.jscomp.Compiler.compileInternal(Compiler.java:351)
	at com.google.javascript.jscomp.Compiler.access$000(Compiler.java:2)
	at com.google.javascript.jscomp.Compiler$1.call(Compiler.java:291)
	at com.google.javascript.jscomp.Compiler$1.call(Compiler.java:289)
	at com.google.javascript.jscomp.Compiler$2.run(Compiler.java:320)
	... 1 more
Caused by: java.lang.UnsupportedOperationException: OBJECTLIT 1 [sourcename: input0] is not a string node
	... 21 more
May 16, 2016 10:31:10 PM com.google.javascript.jscomp.LoggerErrorManager println
WARNING: testcode:5: WARNING - Unable to determine return type for exported function internalName
internalName = function(a) {  return 6;
                       ^

java.lang.RuntimeException: java.lang.RuntimeException: INTERNAL COMPILER ERROR.
Please report this problem.
null
	at com.google.javascript.jscomp.Compiler.runCallable(Compiler.java:345)
	at com.google.javascript.jscomp.Compiler.runInCompilerThread(Compiler.java:302)
	at com.google.javascript.jscomp.Compiler.compile(Compiler.java:289)
	at com.google.javascript.jscomp.Compiler.compile(Compiler.java:261)
	at com.google.javascript.jscomp.AbstractCommandLineRunner.doRun(AbstractCommandLineRunner.java:353)
	at com.google.javascript.jscomp.AbstractCommandLineRunner.run(AbstractCommandLineRunner.java:133)
	at com.google.javascript.jscomp.CommandLineRunnerTest.compile(CommandLineRunnerTest.java:845)
	at com.google.javascript.jscomp.CommandLineRunnerTest.test(CommandLineRunnerTest.java:767)
	at com.google.javascript.jscomp.CommandLineRunnerTest.testSourcePruningOn5(CommandLineRunnerTest.java:478)
	at sun.reflect.NativeMethodAccessorImpl.invoke0(Native Method)
	at sun.reflect.NativeMethodAccessorImpl.invoke(NativeMethodAccessorImpl.java:57)
	at sun.reflect.DelegatingMethodAccessorImpl.invoke(DelegatingMethodAccessorImpl.java:43)
	at java.lang.reflect.Method.invoke(Method.java:606)
	at junit.framework.TestCase.runTest(TestCase.java:176)
	at junit.framework.TestCase.runBare(TestCase.java:141)
	at junit.framework.TestResult$1.protect(TestResult.java:122)
	at junit.framework.TestResult.runProtected(TestResult.java:142)
	at junit.framework.TestResult.run(TestResult.java:125)
	at junit.framework.TestCase.run(TestCase.java:129)
	at junit.framework.TestSuite.runTest(TestSuite.java:255)
	at junit.framework.TestSuite.run(TestSuite.java:250)
	at org.junit.internal.runners.JUnit38ClassRunner.run(JUnit38ClassRunner.java:84)
	at org.junit.runner.JUnitCore.run(JUnitCore.java:160)
	at org.junit.runner.JUnitCore.run(JUnitCore.java:138)
	at xxl.java.junit.JUnitSingleTestResultRunner.call(JUnitSingleTestResultRunner.java:36)
	at xxl.java.junit.JUnitSingleTestResultRunner.call(JUnitSingleTestResultRunner.java:11)
	at java.util.concurrent.FutureTask.run(FutureTask.java:262)
	at java.util.concurrent.ThreadPoolExecutor.runWorker(ThreadPoolExecutor.java:1145)
	at java.util.concurrent.ThreadPoolExecutor$Worker.run(ThreadPoolExecutor.java:615)
	at java.lang.Thread.run(Thread.java:745)
Caused by: java.lang.RuntimeException: INTERNAL COMPILER ERROR.
Please report this problem.
null
	at com.google.common.base.Preconditions.checkState(Preconditions.java:134)
	at com.google.javascript.jscomp.NodeTraversal.traverseRoots(NodeTraversal.java:123)
	at com.google.javascript.jscomp.NodeTraversal.traverseRoots(NodeTraversal.java:229)
	at com.google.javascript.jscomp.VarCheck.process(VarCheck.java:44)
	at com.google.javascript.jscomp.PhaseOptimizer$PassFactoryDelegate.processInternal(PhaseOptimizer.java:168)
	at com.google.javascript.jscomp.PhaseOptimizer$NamedPass.process(PhaseOptimizer.java:148)
	at com.google.javascript.jscomp.PhaseOptimizer.process(PhaseOptimizer.java:87)
	at com.google.javascript.jscomp.Compiler.check(Compiler.java:416)
	at com.google.javascript.jscomp.Compiler.compileInternal(Compiler.java:363)
	at com.google.javascript.jscomp.Compiler.access$000(Compiler.java:2)
	at com.google.javascript.jscomp.Compiler$1.call(Compiler.java:291)
	at com.google.javascript.jscomp.Compiler$1.call(Compiler.java:289)
	at com.google.javascript.jscomp.Compiler$2.run(Compiler.java:320)
	... 1 more
Caused by: java.lang.IllegalStateException
	... 14 more
May 16, 2016 10:31:11 PM com.google.javascript.jscomp.LoggerErrorManager println
WARNING: testcode:1: WARNING - Unable to determine return type for exported function InternalName

May 16, 2016 10:31:11 PM com.google.javascript.jscomp.LoggerErrorManager println
WARNING: testcode:2: WARNING - element type must match enum's type
found   : number
required: string

May 16, 2016 10:31:11 PM com.google.javascript.jscomp.LoggerErrorManager println
WARNING: testcode:2: WARNING - element type must match enum's type
found   : number
required: string

May 16, 2016 10:31:11 PM com.google.javascript.jscomp.LoggerErrorManager println
WARNING: foo.js:1: WARNING - 'foo.bar.goo' used but not goog.require'd

May 16, 2016 10:31:13 PM com.google.javascript.jscomp.LoggerErrorManager println
WARNING: testcode:4: WARNING - Unable to determine type of parameter InternalName for exported function b

May 16, 2016 10:31:13 PM com.google.javascript.jscomp.LoggerErrorManager println
WARNING: testcode:4: WARNING - Unable to determine type of parameter InternalName for exported function c

xxl.java.compiler.DynamicCompilationException: Aborting: dynamic compilation failed
	at xxl.java.compiler.DynamicClassCompiler.runCompilationTask(DynamicClassCompiler.java:88)
	at xxl.java.compiler.DynamicClassCompiler.javaBytecodeFor(DynamicClassCompiler.java:56)
	at fr.inria.lille.commons.spoon.SpoonedFile.compilationFor(SpoonedFile.java:177)
	at fr.inria.lille.commons.spoon.SpoonedFile.compileModelledClasses(SpoonedFile.java:154)
	at fr.inria.lille.commons.spoon.SpoonedFile.processModelledClasses(SpoonedFile.java:138)
	at fr.inria.lille.commons.spoon.SpoonedFile.process(SpoonedFile.java:128)
	at fr.inria.lille.commons.spoon.SpoonedFile.processedAndDumpedToClassLoader(SpoonedFile.java:119)
	at fr.inria.lille.commons.spoon.SpoonedFile.processedAndDumpedToClassLoader(SpoonedFile.java:115)
	at fr.inria.lille.repair.nopol.synth.brutpol.BrutSynthesizer.buildPatch(BrutSynthesizer.java:73)
	at fr.inria.lille.repair.nopol.NoPol.solveWithMultipleBuild(NoPol.java:185)
	at fr.inria.lille.repair.nopol.NoPol.build(NoPol.java:119)
	at fr.inria.lille.repair.nopol.NoPol.build(NoPol.java:89)
	at fr.inria.lille.repair.nopol.NoPolLauncher.launch(NoPolLauncher.java:84)
	at fr.inria.lille.repair.Main.main(Main.java:61)
xxl.java.compiler.DynamicCompilationException: Aborting: dynamic compilation failed
	at xxl.java.compiler.DynamicClassCompiler.runCompilationTask(DynamicClassCompiler.java:88)
	at xxl.java.compiler.DynamicClassCompiler.javaBytecodeFor(DynamicClassCompiler.java:56)
	at fr.inria.lille.commons.spoon.SpoonedFile.compilationFor(SpoonedFile.java:177)
	at fr.inria.lille.commons.spoon.SpoonedFile.compileModelledClasses(SpoonedFile.java:154)
	at fr.inria.lille.commons.spoon.SpoonedFile.processModelledClasses(SpoonedFile.java:138)
	at fr.inria.lille.commons.spoon.SpoonedFile.process(SpoonedFile.java:128)
	at fr.inria.lille.commons.spoon.SpoonedFile.processedAndDumpedToClassLoader(SpoonedFile.java:119)
	at fr.inria.lille.commons.spoon.SpoonedFile.processedAndDumpedToClassLoader(SpoonedFile.java:115)
	at fr.inria.lille.repair.nopol.synth.brutpol.BrutSynthesizer.buildPatch(BrutSynthesizer.java:73)
	at fr.inria.lille.repair.nopol.NoPol.solveWithMultipleBuild(NoPol.java:185)
	at fr.inria.lille.repair.nopol.NoPol.build(NoPol.java:119)
	at fr.inria.lille.repair.nopol.NoPol.build(NoPol.java:89)
	at fr.inria.lille.repair.nopol.NoPolLauncher.launch(NoPolLauncher.java:84)
	at fr.inria.lille.repair.Main.main(Main.java:61)
xxl.java.compiler.DynamicCompilationException: Aborting: dynamic compilation failed
	at xxl.java.compiler.DynamicClassCompiler.runCompilationTask(DynamicClassCompiler.java:88)
	at xxl.java.compiler.DynamicClassCompiler.javaBytecodeFor(DynamicClassCompiler.java:56)
	at fr.inria.lille.commons.spoon.SpoonedFile.compilationFor(SpoonedFile.java:177)
	at fr.inria.lille.commons.spoon.SpoonedFile.compileModelledClasses(SpoonedFile.java:154)
	at fr.inria.lille.commons.spoon.SpoonedFile.processModelledClasses(SpoonedFile.java:138)
	at fr.inria.lille.commons.spoon.SpoonedFile.process(SpoonedFile.java:128)
	at fr.inria.lille.commons.spoon.SpoonedFile.processedAndDumpedToClassLoader(SpoonedFile.java:119)
	at fr.inria.lille.commons.spoon.SpoonedFile.processedAndDumpedToClassLoader(SpoonedFile.java:115)
	at fr.inria.lille.repair.nopol.synth.brutpol.BrutSynthesizer.buildPatch(BrutSynthesizer.java:73)
	at fr.inria.lille.repair.nopol.NoPol.solveWithMultipleBuild(NoPol.java:185)
	at fr.inria.lille.repair.nopol.NoPol.build(NoPol.java:119)
	at fr.inria.lille.repair.nopol.NoPol.build(NoPol.java:89)
	at fr.inria.lille.repair.nopol.NoPolLauncher.launch(NoPolLauncher.java:84)
	at fr.inria.lille.repair.Main.main(Main.java:61)
xxl.java.compiler.DynamicCompilationException: Aborting: dynamic compilation failed
	at xxl.java.compiler.DynamicClassCompiler.runCompilationTask(DynamicClassCompiler.java:88)
	at xxl.java.compiler.DynamicClassCompiler.javaBytecodeFor(DynamicClassCompiler.java:56)
	at fr.inria.lille.commons.spoon.SpoonedFile.compilationFor(SpoonedFile.java:177)
	at fr.inria.lille.commons.spoon.SpoonedFile.compileModelledClasses(SpoonedFile.java:154)
	at fr.inria.lille.commons.spoon.SpoonedFile.processModelledClasses(SpoonedFile.java:138)
	at fr.inria.lille.commons.spoon.SpoonedFile.process(SpoonedFile.java:128)
	at fr.inria.lille.commons.spoon.SpoonedFile.processedAndDumpedToClassLoader(SpoonedFile.java:119)
	at fr.inria.lille.commons.spoon.SpoonedFile.processedAndDumpedToClassLoader(SpoonedFile.java:115)
	at fr.inria.lille.repair.nopol.synth.brutpol.BrutSynthesizer.buildPatch(BrutSynthesizer.java:73)
	at fr.inria.lille.repair.nopol.NoPol.solveWithMultipleBuild(NoPol.java:185)
	at fr.inria.lille.repair.nopol.NoPol.build(NoPol.java:119)
	at fr.inria.lille.repair.nopol.NoPol.build(NoPol.java:89)
	at fr.inria.lille.repair.nopol.NoPolLauncher.launch(NoPolLauncher.java:84)
	at fr.inria.lille.repair.Main.main(Main.java:61)
xxl.java.compiler.DynamicCompilationException: Aborting: dynamic compilation failed
	at xxl.java.compiler.DynamicClassCompiler.runCompilationTask(DynamicClassCompiler.java:88)
	at xxl.java.compiler.DynamicClassCompiler.javaBytecodeFor(DynamicClassCompiler.java:56)
	at fr.inria.lille.commons.spoon.SpoonedFile.compilationFor(SpoonedFile.java:177)
	at fr.inria.lille.commons.spoon.SpoonedFile.compileModelledClasses(SpoonedFile.java:154)
	at fr.inria.lille.commons.spoon.SpoonedFile.processModelledClasses(SpoonedFile.java:138)
	at fr.inria.lille.commons.spoon.SpoonedFile.process(SpoonedFile.java:128)
	at fr.inria.lille.commons.spoon.SpoonedFile.processedAndDumpedToClassLoader(SpoonedFile.java:119)
	at fr.inria.lille.commons.spoon.SpoonedFile.processedAndDumpedToClassLoader(SpoonedFile.java:115)
	at fr.inria.lille.repair.nopol.synth.brutpol.BrutSynthesizer.buildPatch(BrutSynthesizer.java:73)
	at fr.inria.lille.repair.nopol.NoPol.solveWithMultipleBuild(NoPol.java:185)
	at fr.inria.lille.repair.nopol.NoPol.build(NoPol.java:119)
	at fr.inria.lille.repair.nopol.NoPol.build(NoPol.java:89)
	at fr.inria.lille.repair.nopol.NoPolLauncher.launch(NoPolLauncher.java:84)
	at fr.inria.lille.repair.Main.main(Main.java:61)
xxl.java.compiler.DynamicCompilationException: Aborting: dynamic compilation failed
	at xxl.java.compiler.DynamicClassCompiler.runCompilationTask(DynamicClassCompiler.java:88)
	at xxl.java.compiler.DynamicClassCompiler.javaBytecodeFor(DynamicClassCompiler.java:56)
	at fr.inria.lille.commons.spoon.SpoonedFile.compilationFor(SpoonedFile.java:177)
	at fr.inria.lille.commons.spoon.SpoonedFile.compileModelledClasses(SpoonedFile.java:154)
	at fr.inria.lille.commons.spoon.SpoonedFile.processModelledClasses(SpoonedFile.java:138)
	at fr.inria.lille.commons.spoon.SpoonedFile.process(SpoonedFile.java:128)
	at fr.inria.lille.commons.spoon.SpoonedFile.processedAndDumpedToClassLoader(SpoonedFile.java:119)
	at fr.inria.lille.commons.spoon.SpoonedFile.processedAndDumpedToClassLoader(SpoonedFile.java:115)
	at fr.inria.lille.repair.nopol.synth.brutpol.BrutSynthesizer.buildPatch(BrutSynthesizer.java:73)
	at fr.inria.lille.repair.nopol.NoPol.solveWithMultipleBuild(NoPol.java:185)
	at fr.inria.lille.repair.nopol.NoPol.build(NoPol.java:119)
	at fr.inria.lille.repair.nopol.NoPol.build(NoPol.java:89)
	at fr.inria.lille.repair.nopol.NoPolLauncher.launch(NoPolLauncher.java:84)
	at fr.inria.lille.repair.Main.main(Main.java:61)
xxl.java.compiler.DynamicCompilationException: Aborting: dynamic compilation failed
	at xxl.java.compiler.DynamicClassCompiler.runCompilationTask(DynamicClassCompiler.java:88)
	at xxl.java.compiler.DynamicClassCompiler.javaBytecodeFor(DynamicClassCompiler.java:56)
	at fr.inria.lille.commons.spoon.SpoonedFile.compilationFor(SpoonedFile.java:177)
	at fr.inria.lille.commons.spoon.SpoonedFile.compileModelledClasses(SpoonedFile.java:154)
	at fr.inria.lille.commons.spoon.SpoonedFile.processModelledClasses(SpoonedFile.java:138)
	at fr.inria.lille.commons.spoon.SpoonedFile.process(SpoonedFile.java:128)
	at fr.inria.lille.commons.spoon.SpoonedFile.processedAndDumpedToClassLoader(SpoonedFile.java:119)
	at fr.inria.lille.commons.spoon.SpoonedFile.processedAndDumpedToClassLoader(SpoonedFile.java:115)
	at fr.inria.lille.repair.nopol.synth.brutpol.BrutSynthesizer.buildPatch(BrutSynthesizer.java:73)
	at fr.inria.lille.repair.nopol.NoPol.solveWithMultipleBuild(NoPol.java:185)
	at fr.inria.lille.repair.nopol.NoPol.build(NoPol.java:119)
	at fr.inria.lille.repair.nopol.NoPol.build(NoPol.java:89)
	at fr.inria.lille.repair.nopol.NoPolLauncher.launch(NoPolLauncher.java:84)
	at fr.inria.lille.repair.Main.main(Main.java:61)
xxl.java.compiler.DynamicCompilationException: Aborting: dynamic compilation failed
	at xxl.java.compiler.DynamicClassCompiler.runCompilationTask(DynamicClassCompiler.java:88)
	at xxl.java.compiler.DynamicClassCompiler.javaBytecodeFor(DynamicClassCompiler.java:56)
	at fr.inria.lille.commons.spoon.SpoonedFile.compilationFor(SpoonedFile.java:177)
	at fr.inria.lille.commons.spoon.SpoonedFile.compileModelledClasses(SpoonedFile.java:154)
	at fr.inria.lille.commons.spoon.SpoonedFile.processModelledClasses(SpoonedFile.java:138)
	at fr.inria.lille.commons.spoon.SpoonedFile.process(SpoonedFile.java:128)
	at fr.inria.lille.commons.spoon.SpoonedFile.processedAndDumpedToClassLoader(SpoonedFile.java:119)
	at fr.inria.lille.commons.spoon.SpoonedFile.processedAndDumpedToClassLoader(SpoonedFile.java:115)
	at fr.inria.lille.repair.nopol.synth.brutpol.BrutSynthesizer.buildPatch(BrutSynthesizer.java:73)
	at fr.inria.lille.repair.nopol.NoPol.solveWithMultipleBuild(NoPol.java:185)
	at fr.inria.lille.repair.nopol.NoPol.build(NoPol.java:119)
	at fr.inria.lille.repair.nopol.NoPol.build(NoPol.java:89)
	at fr.inria.lille.repair.nopol.NoPolLauncher.launch(NoPolLauncher.java:84)
	at fr.inria.lille.repair.Main.main(Main.java:61)
xxl.java.compiler.DynamicCompilationException: Aborting: dynamic compilation failed
	at xxl.java.compiler.DynamicClassCompiler.runCompilationTask(DynamicClassCompiler.java:88)
	at xxl.java.compiler.DynamicClassCompiler.javaBytecodeFor(DynamicClassCompiler.java:56)
	at fr.inria.lille.commons.spoon.SpoonedFile.compilationFor(SpoonedFile.java:177)
	at fr.inria.lille.commons.spoon.SpoonedFile.compileModelledClasses(SpoonedFile.java:154)
	at fr.inria.lille.commons.spoon.SpoonedFile.processModelledClasses(SpoonedFile.java:138)
	at fr.inria.lille.commons.spoon.SpoonedFile.process(SpoonedFile.java:128)
	at fr.inria.lille.commons.spoon.SpoonedFile.processedAndDumpedToClassLoader(SpoonedFile.java:119)
	at fr.inria.lille.commons.spoon.SpoonedFile.processedAndDumpedToClassLoader(SpoonedFile.java:115)
	at fr.inria.lille.repair.nopol.synth.brutpol.BrutSynthesizer.buildPatch(BrutSynthesizer.java:73)
	at fr.inria.lille.repair.nopol.NoPol.solveWithMultipleBuild(NoPol.java:185)
	at fr.inria.lille.repair.nopol.NoPol.build(NoPol.java:119)
	at fr.inria.lille.repair.nopol.NoPol.build(NoPol.java:89)
	at fr.inria.lille.repair.nopol.NoPolLauncher.launch(NoPolLauncher.java:84)
	at fr.inria.lille.repair.Main.main(Main.java:61)
May 16, 2016 10:36:50 PM com.google.javascript.jscomp.LoggerErrorManager println
WARNING: foo.js:1: WARNING - 'foo.bar.goo' used but not goog.require'd

May 16, 2016 10:36:50 PM com.google.javascript.jscomp.LoggerErrorManager printSummary
WARNING: 0 error(s), 1 warning(s)
May 16, 2016 10:36:51 PM com.google.javascript.jscomp.LoggerErrorManager println
WARNING: testcode:1: WARNING - Unable to determine type of parameter a.b for exported function p1

May 16, 2016 10:36:51 PM com.google.javascript.jscomp.LoggerErrorManager println
WARNING: testcode:1: WARNING - Unable to determine type of parameter a.b.c for exported function d

May 16, 2016 10:36:51 PM com.google.javascript.jscomp.LoggerErrorManager println
WARNING: testcode:1: WARNING - Unable to determine type of parameter a.b.c for exported function e

May 16, 2016 10:36:51 PM com.google.javascript.jscomp.LoggerErrorManager println
WARNING: testcode:1: WARNING - Unable to determine type of parameter a.b.c for exported function f

May 16, 2016 10:36:51 PM com.google.javascript.jscomp.LoggerErrorManager println
WARNING: testcode:1: WARNING - Unable to determine type of parameter a.b.prototype.c for exported function g

May 16, 2016 10:36:51 PM com.google.javascript.jscomp.LoggerErrorManager println
WARNING: testcode:1: WARNING - Unable to determine type of parameter a.b.prototype.c for exported function h

May 16, 2016 10:36:51 PM com.google.javascript.jscomp.LoggerErrorManager println
WARNING: testcode:1: WARNING - Unable to determine type of parameter a.b.prototype.c for exported function i

May 16, 2016 10:36:51 PM com.google.javascript.jscomp.LoggerErrorManager printSummary
WARNING: 0 error(s), 7 warning(s), 100% typed
May 16, 2016 10:36:51 PM com.google.javascript.jscomp.LoggerErrorManager println
WARNING: testcode:1: WARNING - Unable to determine type of parameter a for exported function d

May 16, 2016 10:36:51 PM com.google.javascript.jscomp.LoggerErrorManager println
WARNING: testcode:1: WARNING - Unable to determine type of parameter a for exported function e

May 16, 2016 10:36:51 PM com.google.javascript.jscomp.LoggerErrorManager println
WARNING: testcode:1: WARNING - Unable to determine type of parameter a for exported function f

May 16, 2016 10:36:51 PM com.google.javascript.jscomp.LoggerErrorManager printSummary
WARNING: 0 error(s), 3 warning(s), 100% typed
May 16, 2016 10:36:51 PM com.google.javascript.jscomp.LoggerErrorManager println
WARNING: testcode:1: WARNING - Unable to determine return type for exported function InternalName

May 16, 2016 10:36:51 PM com.google.javascript.jscomp.LoggerErrorManager printSummary
WARNING: 0 error(s), 1 warning(s), 100% typed
May 16, 2016 10:36:51 PM com.google.javascript.jscomp.LoggerErrorManager println
WARNING: testcode:2: WARNING - element type must match enum's type
found   : number
required: string

May 16, 2016 10:36:51 PM com.google.javascript.jscomp.LoggerErrorManager println
WARNING: testcode:2: WARNING - element type must match enum's type
found   : number
required: string

May 16, 2016 10:36:51 PM com.google.javascript.jscomp.LoggerErrorManager printSummary
WARNING: 0 error(s), 2 warning(s), 88.2% typed
May 16, 2016 10:36:51 PM com.google.javascript.jscomp.LoggerErrorManager println
WARNING: testcode:1: WARNING - Unable to determine type of parameter a.b.c for exported function d

May 16, 2016 10:36:51 PM com.google.javascript.jscomp.LoggerErrorManager println
WARNING: testcode:1: WARNING - Unable to determine type of parameter a.b.c for exported function e

May 16, 2016 10:36:51 PM com.google.javascript.jscomp.LoggerErrorManager println
WARNING: testcode:1: WARNING - Unable to determine type of parameter a.b.c for exported function f

May 16, 2016 10:36:51 PM com.google.javascript.jscomp.LoggerErrorManager printSummary
WARNING: 0 error(s), 3 warning(s), 100% typed
May 16, 2016 10:36:51 PM com.google.javascript.jscomp.LoggerErrorManager println
WARNING: testcode:1: WARNING - Unable to determine type of parameter a.b.c for exported function d

May 16, 2016 10:36:51 PM com.google.javascript.jscomp.LoggerErrorManager println
WARNING: testcode:1: WARNING - Unable to determine type of parameter a.b.c for exported function e

May 16, 2016 10:36:51 PM com.google.javascript.jscomp.LoggerErrorManager println
WARNING: testcode:1: WARNING - Unable to determine type of parameter a.b.c for exported function f

May 16, 2016 10:36:51 PM com.google.javascript.jscomp.LoggerErrorManager println
WARNING: testcode:1: WARNING - Unable to determine type of parameter a.b.prototype.c for exported function g

May 16, 2016 10:36:51 PM com.google.javascript.jscomp.LoggerErrorManager println
WARNING: testcode:1: WARNING - Unable to determine type of parameter a.b.prototype.c for exported function h

May 16, 2016 10:36:51 PM com.google.javascript.jscomp.LoggerErrorManager println
WARNING: testcode:1: WARNING - Unable to determine type of parameter a.b.prototype.c for exported function i

May 16, 2016 10:36:51 PM com.google.javascript.jscomp.LoggerErrorManager printSummary
WARNING: 0 error(s), 6 warning(s), 100% typed
May 16, 2016 10:36:51 PM com.google.javascript.jscomp.LoggerErrorManager println
WARNING: testcode:1: WARNING - Unable to determine type of parameter a.b for exported function p1

May 16, 2016 10:36:51 PM com.google.javascript.jscomp.LoggerErrorManager println
WARNING: testcode:1: WARNING - Unable to determine type of parameter a.b.c for exported function d

May 16, 2016 10:36:51 PM com.google.javascript.jscomp.LoggerErrorManager println
WARNING: testcode:1: WARNING - Unable to determine type of parameter a.b.c for exported function e

May 16, 2016 10:36:51 PM com.google.javascript.jscomp.LoggerErrorManager println
WARNING: testcode:1: WARNING - Unable to determine type of parameter a.b.c for exported function f

May 16, 2016 10:36:51 PM com.google.javascript.jscomp.LoggerErrorManager printSummary
WARNING: 0 error(s), 4 warning(s), 100% typed
May 16, 2016 10:36:51 PM com.google.javascript.jscomp.LoggerErrorManager println
WARNING: testcode:1: WARNING - Unable to determine type of parameter a.b.c for exported function d

May 16, 2016 10:36:51 PM com.google.javascript.jscomp.LoggerErrorManager println
WARNING: testcode:1: WARNING - Unable to determine type of parameter a.b.c for exported function e

May 16, 2016 10:36:51 PM com.google.javascript.jscomp.LoggerErrorManager println
WARNING: testcode:1: WARNING - Unable to determine type of parameter a.b.c for exported function f

May 16, 2016 10:36:51 PM com.google.javascript.jscomp.LoggerErrorManager printSummary
WARNING: 0 error(s), 3 warning(s), 100% typed
May 16, 2016 10:36:51 PM com.google.javascript.jscomp.LoggerErrorManager println
WARNING: testcode:4: WARNING - Unable to determine type of parameter InternalName for exported function b

May 16, 2016 10:36:51 PM com.google.javascript.jscomp.LoggerErrorManager println
WARNING: testcode:4: WARNING - Unable to determine type of parameter InternalName for exported function c

May 16, 2016 10:36:51 PM com.google.javascript.jscomp.LoggerErrorManager printSummary
WARNING: 0 error(s), 2 warning(s), 100% typed
May 16, 2016 10:36:51 PM com.google.javascript.jscomp.LoggerErrorManager println
WARNING: testcode:5: WARNING - Unable to determine return type for exported function internalName
internalName = function(a) {  return 6;
                       ^

May 16, 2016 10:36:51 PM com.google.javascript.jscomp.LoggerErrorManager printSummary
WARNING: 0 error(s), 1 warning(s), 100% typed
May 16, 2016 10:37:04 PM com.google.javascript.jscomp.LoggerErrorManager println
SEVERE: ERROR - Syntax error: Wrong type of child number 1 for VarDecl. Expected: [InitPatt, IdPatt]. Found: IdExpr.

May 16, 2016 10:37:04 PM com.google.javascript.jscomp.LoggerErrorManager printSummary
WARNING: 1 error(s), 0 warning(s)
java.lang.RuntimeException: java.lang.RuntimeException: INTERNAL COMPILER ERROR.
Please report this problem.
null
	at com.google.javascript.jscomp.Compiler.runCallable(Compiler.java:345)
	at com.google.javascript.jscomp.Compiler.runInCompilerThread(Compiler.java:302)
	at com.google.javascript.jscomp.Compiler.compile(Compiler.java:289)
	at com.google.javascript.jscomp.Compiler.compile(Compiler.java:261)
	at com.google.javascript.jscomp.AbstractCommandLineRunner.doRun(AbstractCommandLineRunner.java:353)
	at com.google.javascript.jscomp.AbstractCommandLineRunner.run(AbstractCommandLineRunner.java:133)
	at com.google.javascript.jscomp.CommandLineRunnerTest.compile(CommandLineRunnerTest.java:845)
	at com.google.javascript.jscomp.CommandLineRunnerTest.test(CommandLineRunnerTest.java:767)
	at com.google.javascript.jscomp.CommandLineRunnerTest.testSourceSortingCircularDeps2(CommandLineRunnerTest.java:413)
	at sun.reflect.NativeMethodAccessorImpl.invoke0(Native Method)
	at sun.reflect.NativeMethodAccessorImpl.invoke(NativeMethodAccessorImpl.java:57)
	at sun.reflect.DelegatingMethodAccessorImpl.invoke(DelegatingMethodAccessorImpl.java:43)
	at java.lang.reflect.Method.invoke(Method.java:606)
	at junit.framework.TestCase.runTest(TestCase.java:176)
	at junit.framework.TestCase.runBare(TestCase.java:141)
	at junit.framework.TestResult$1.protect(TestResult.java:122)
	at junit.framework.TestResult.runProtected(TestResult.java:142)
	at junit.framework.TestResult.run(TestResult.java:125)
	at junit.framework.TestCase.run(TestCase.java:129)
	at junit.framework.TestSuite.runTest(TestSuite.java:255)
	at junit.framework.TestSuite.run(TestSuite.java:250)
	at org.junit.internal.runners.JUnit38ClassRunner.run(JUnit38ClassRunner.java:84)
	at org.junit.runner.JUnitCore.run(JUnitCore.java:160)
	at org.junit.runner.JUnitCore.run(JUnitCore.java:138)
	at xxl.java.junit.JUnitSingleTestResultRunner.call(JUnitSingleTestResultRunner.java:36)
	at xxl.java.junit.JUnitSingleTestResultRunner.call(JUnitSingleTestResultRunner.java:11)
	at java.util.concurrent.FutureTask.run(FutureTask.java:262)
	at java.util.concurrent.ThreadPoolExecutor.runWorker(ThreadPoolExecutor.java:1145)
	at java.util.concurrent.ThreadPoolExecutor$Worker.run(ThreadPoolExecutor.java:615)
	at java.lang.Thread.run(Thread.java:745)
Caused by: java.lang.RuntimeException: INTERNAL COMPILER ERROR.
Please report this problem.
null
	at com.google.common.base.Preconditions.checkState(Preconditions.java:134)
	at com.google.javascript.jscomp.NodeTraversal.traverseRoots(NodeTraversal.java:123)
	at com.google.javascript.jscomp.NodeTraversal.traverseRoots(NodeTraversal.java:229)
	at com.google.javascript.jscomp.VarCheck.process(VarCheck.java:44)
	at com.google.javascript.jscomp.PhaseOptimizer$PassFactoryDelegate.processInternal(PhaseOptimizer.java:168)
	at com.google.javascript.jscomp.PhaseOptimizer$NamedPass.process(PhaseOptimizer.java:148)
	at com.google.javascript.jscomp.PhaseOptimizer.process(PhaseOptimizer.java:87)
	at com.google.javascript.jscomp.Compiler.check(Compiler.java:416)
	at com.google.javascript.jscomp.Compiler.compileInternal(Compiler.java:363)
	at com.google.javascript.jscomp.Compiler.access$000(Compiler.java:2)
	at com.google.javascript.jscomp.Compiler$1.call(Compiler.java:291)
	at com.google.javascript.jscomp.Compiler$1.call(Compiler.java:289)
	at com.google.javascript.jscomp.Compiler$2.run(Compiler.java:320)
	... 1 more
Caused by: java.lang.IllegalStateException
	... 14 more
java.lang.RuntimeException: java.lang.RuntimeException: INTERNAL COMPILER ERROR.
Please report this problem.
null
	at com.google.javascript.jscomp.Compiler.runCallable(Compiler.java:345)
	at com.google.javascript.jscomp.Compiler.runInCompilerThread(Compiler.java:302)
	at com.google.javascript.jscomp.Compiler.compile(Compiler.java:289)
	at com.google.javascript.jscomp.Compiler.compile(Compiler.java:261)
	at com.google.javascript.jscomp.AbstractCommandLineRunner.doRun(AbstractCommandLineRunner.java:353)
	at com.google.javascript.jscomp.AbstractCommandLineRunner.run(AbstractCommandLineRunner.java:133)
	at com.google.javascript.jscomp.CommandLineRunnerTest.compile(CommandLineRunnerTest.java:845)
	at com.google.javascript.jscomp.CommandLineRunnerTest.test(CommandLineRunnerTest.java:767)
	at com.google.javascript.jscomp.CommandLineRunnerTest.testSourceSortingCircularDeps1(CommandLineRunnerTest.java:403)
	at sun.reflect.NativeMethodAccessorImpl.invoke0(Native Method)
	at sun.reflect.NativeMethodAccessorImpl.invoke(NativeMethodAccessorImpl.java:57)
	at sun.reflect.DelegatingMethodAccessorImpl.invoke(DelegatingMethodAccessorImpl.java:43)
	at java.lang.reflect.Method.invoke(Method.java:606)
	at junit.framework.TestCase.runTest(TestCase.java:176)
	at junit.framework.TestCase.runBare(TestCase.java:141)
	at junit.framework.TestResult$1.protect(TestResult.java:122)
	at junit.framework.TestResult.runProtected(TestResult.java:142)
	at junit.framework.TestResult.run(TestResult.java:125)
	at junit.framework.TestCase.run(TestCase.java:129)
	at junit.framework.TestSuite.runTest(TestSuite.java:255)
	at junit.framework.TestSuite.run(TestSuite.java:250)
	at org.junit.internal.runners.JUnit38ClassRunner.run(JUnit38ClassRunner.java:84)
	at org.junit.runner.JUnitCore.run(JUnitCore.java:160)
	at org.junit.runner.JUnitCore.run(JUnitCore.java:138)
	at xxl.java.junit.JUnitSingleTestResultRunner.call(JUnitSingleTestResultRunner.java:36)
	at xxl.java.junit.JUnitSingleTestResultRunner.call(JUnitSingleTestResultRunner.java:11)
	at java.util.concurrent.FutureTask.run(FutureTask.java:262)
	at java.util.concurrent.ThreadPoolExecutor.runWorker(ThreadPoolExecutor.java:1145)
	at java.util.concurrent.ThreadPoolExecutor$Worker.run(ThreadPoolExecutor.java:615)
	at java.lang.Thread.run(Thread.java:745)
Caused by: java.lang.RuntimeException: INTERNAL COMPILER ERROR.
Please report this problem.
null
	at com.google.common.base.Preconditions.checkState(Preconditions.java:134)
	at com.google.javascript.jscomp.NodeTraversal.traverseRoots(NodeTraversal.java:123)
	at com.google.javascript.jscomp.NodeTraversal.traverseRoots(NodeTraversal.java:229)
	at com.google.javascript.jscomp.VarCheck.process(VarCheck.java:44)
	at com.google.javascript.jscomp.PhaseOptimizer$PassFactoryDelegate.processInternal(PhaseOptimizer.java:168)
	at com.google.javascript.jscomp.PhaseOptimizer$NamedPass.process(PhaseOptimizer.java:148)
	at com.google.javascript.jscomp.PhaseOptimizer.process(PhaseOptimizer.java:87)
	at com.google.javascript.jscomp.Compiler.check(Compiler.java:416)
	at com.google.javascript.jscomp.Compiler.compileInternal(Compiler.java:363)
	at com.google.javascript.jscomp.Compiler.access$000(Compiler.java:2)
	at com.google.javascript.jscomp.Compiler$1.call(Compiler.java:291)
	at com.google.javascript.jscomp.Compiler$1.call(Compiler.java:289)
	at com.google.javascript.jscomp.Compiler$2.run(Compiler.java:320)
	... 1 more
Caused by: java.lang.IllegalStateException
	... 14 more
java.lang.RuntimeException: java.lang.RuntimeException: INTERNAL COMPILER ERROR.
Please report this problem.
OBJECTLIT 1 [sourcename: input0] is not a string node
  Node(FUNCTION ): input0:1:9
[source unknown]
  Parent(SCRIPT): input0:1:0
[source unknown]

	at com.google.javascript.jscomp.Compiler.runCallable(Compiler.java:345)
	at com.google.javascript.jscomp.Compiler.runInCompilerThread(Compiler.java:302)
	at com.google.javascript.jscomp.Compiler.compile(Compiler.java:289)
	at com.google.javascript.jscomp.Compiler.compile(Compiler.java:261)
	at com.google.javascript.jscomp.AbstractCommandLineRunner.doRun(AbstractCommandLineRunner.java:353)
	at com.google.javascript.jscomp.AbstractCommandLineRunner.run(AbstractCommandLineRunner.java:133)
	at com.google.javascript.jscomp.CommandLineRunnerTest.compile(CommandLineRunnerTest.java:845)
	at com.google.javascript.jscomp.CommandLineRunnerTest.test(CommandLineRunnerTest.java:767)
	at com.google.javascript.jscomp.CommandLineRunnerTest.test(CommandLineRunnerTest.java:760)
	at com.google.javascript.jscomp.CommandLineRunnerTest.testIssue70(CommandLineRunnerTest.java:265)
	at sun.reflect.NativeMethodAccessorImpl.invoke0(Native Method)
	at sun.reflect.NativeMethodAccessorImpl.invoke(NativeMethodAccessorImpl.java:57)
	at sun.reflect.DelegatingMethodAccessorImpl.invoke(DelegatingMethodAccessorImpl.java:43)
	at java.lang.reflect.Method.invoke(Method.java:606)
	at junit.framework.TestCase.runTest(TestCase.java:176)
	at junit.framework.TestCase.runBare(TestCase.java:141)
	at junit.framework.TestResult$1.protect(TestResult.java:122)
	at junit.framework.TestResult.runProtected(TestResult.java:142)
	at junit.framework.TestResult.run(TestResult.java:125)
	at junit.framework.TestCase.run(TestCase.java:129)
	at junit.framework.TestSuite.runTest(TestSuite.java:255)
	at junit.framework.TestSuite.run(TestSuite.java:250)
	at org.junit.internal.runners.JUnit38ClassRunner.run(JUnit38ClassRunner.java:84)
	at org.junit.runner.JUnitCore.run(JUnitCore.java:160)
	at org.junit.runner.JUnitCore.run(JUnitCore.java:138)
	at xxl.java.junit.JUnitSingleTestResultRunner.call(JUnitSingleTestResultRunner.java:36)
	at xxl.java.junit.JUnitSingleTestResultRunner.call(JUnitSingleTestResultRunner.java:11)
	at java.util.concurrent.FutureTask.run(FutureTask.java:262)
	at java.util.concurrent.ThreadPoolExecutor.runWorker(ThreadPoolExecutor.java:1145)
	at java.util.concurrent.ThreadPoolExecutor$Worker.run(ThreadPoolExecutor.java:615)
	at java.lang.Thread.run(Thread.java:745)
Caused by: java.lang.RuntimeException: INTERNAL COMPILER ERROR.
Please report this problem.
OBJECTLIT 1 [sourcename: input0] is not a string node
  Node(FUNCTION ): input0:1:9
[source unknown]
  Parent(SCRIPT): input0:1:0
[source unknown]

	at com.google.javascript.rhino.Node.getString(Node.java:814)
	at com.google.javascript.jscomp.PrepareAst$PrepareAnnotations.annotateFunctions(PrepareAst.java:138)
	at com.google.javascript.jscomp.PrepareAst$PrepareAnnotations.visit(PrepareAst.java:92)
	at com.google.javascript.jscomp.NodeTraversal.traverseBranch(NodeTraversal.java:255)
	at com.google.javascript.jscomp.NodeTraversal.traverseBranch(NodeTraversal.java:249)
	at com.google.javascript.jscomp.NodeTraversal.traverse(NodeTraversal.java:106)
	at com.google.javascript.jscomp.NodeTraversal.traverse(NodeTraversal.java:224)
	at com.google.javascript.jscomp.PrepareAst.process(PrepareAst.java:31)
	at com.google.javascript.jscomp.Compiler.prepareAst(Compiler.java:1044)
	at com.google.javascript.jscomp.JsAst.parse(JsAst.java:61)
	at com.google.javascript.jscomp.JsAst.createAst(JsAst.java:45)
	at com.google.javascript.jscomp.JsAst.getAstRoot(JsAst.java:21)
	at com.google.javascript.jscomp.CompilerInput.getAstRoot(CompilerInput.java:59)
	at com.google.javascript.jscomp.Compiler.parseInputs(Compiler.java:710)
	at com.google.javascript.jscomp.Compiler.parse(Compiler.java:383)
	at com.google.javascript.jscomp.Compiler.compileInternal(Compiler.java:351)
	at com.google.javascript.jscomp.Compiler.access$000(Compiler.java:2)
	at com.google.javascript.jscomp.Compiler$1.call(Compiler.java:291)
	at com.google.javascript.jscomp.Compiler$1.call(Compiler.java:289)
	at com.google.javascript.jscomp.Compiler$2.run(Compiler.java:320)
	... 1 more
Caused by: java.lang.UnsupportedOperationException: OBJECTLIT 1 [sourcename: input0] is not a string node
	... 21 more
java.lang.RuntimeException: java.lang.RuntimeException: INTERNAL COMPILER ERROR.
Please report this problem.
null
	at com.google.javascript.jscomp.Compiler.runCallable(Compiler.java:345)
	at com.google.javascript.jscomp.Compiler.runInCompilerThread(Compiler.java:302)
	at com.google.javascript.jscomp.Compiler.compile(Compiler.java:289)
	at com.google.javascript.jscomp.Compiler.compile(Compiler.java:261)
	at com.google.javascript.jscomp.AbstractCommandLineRunner.doRun(AbstractCommandLineRunner.java:353)
	at com.google.javascript.jscomp.AbstractCommandLineRunner.run(AbstractCommandLineRunner.java:133)
	at com.google.javascript.jscomp.CommandLineRunnerTest.compile(CommandLineRunnerTest.java:845)
	at com.google.javascript.jscomp.CommandLineRunnerTest.test(CommandLineRunnerTest.java:767)
	at com.google.javascript.jscomp.CommandLineRunnerTest.testSourcePruningOn5(CommandLineRunnerTest.java:478)
	at sun.reflect.NativeMethodAccessorImpl.invoke0(Native Method)
	at sun.reflect.NativeMethodAccessorImpl.invoke(NativeMethodAccessorImpl.java:57)
	at sun.reflect.DelegatingMethodAccessorImpl.invoke(DelegatingMethodAccessorImpl.java:43)
	at java.lang.reflect.Method.invoke(Method.java:606)
	at junit.framework.TestCase.runTest(TestCase.java:176)
	at junit.framework.TestCase.runBare(TestCase.java:141)
	at junit.framework.TestResult$1.protect(TestResult.java:122)
	at junit.framework.TestResult.runProtected(TestResult.java:142)
	at junit.framework.TestResult.run(TestResult.java:125)
	at junit.framework.TestCase.run(TestCase.java:129)
	at junit.framework.TestSuite.runTest(TestSuite.java:255)
	at junit.framework.TestSuite.run(TestSuite.java:250)
	at org.junit.internal.runners.JUnit38ClassRunner.run(JUnit38ClassRunner.java:84)
	at org.junit.runner.JUnitCore.run(JUnitCore.java:160)
	at org.junit.runner.JUnitCore.run(JUnitCore.java:138)
	at xxl.java.junit.JUnitSingleTestResultRunner.call(JUnitSingleTestResultRunner.java:36)
	at xxl.java.junit.JUnitSingleTestResultRunner.call(JUnitSingleTestResultRunner.java:11)
	at java.util.concurrent.FutureTask.run(FutureTask.java:262)
	at java.util.concurrent.ThreadPoolExecutor.runWorker(ThreadPoolExecutor.java:1145)
	at java.util.concurrent.ThreadPoolExecutor$Worker.run(ThreadPoolExecutor.java:615)
	at java.lang.Thread.run(Thread.java:745)
Caused by: java.lang.RuntimeException: INTERNAL COMPILER ERROR.
Please report this problem.
null
	at com.google.common.base.Preconditions.checkState(Preconditions.java:134)
	at com.google.javascript.jscomp.NodeTraversal.traverseRoots(NodeTraversal.java:123)
	at com.google.javascript.jscomp.NodeTraversal.traverseRoots(NodeTraversal.java:229)
	at com.google.javascript.jscomp.VarCheck.process(VarCheck.java:44)
	at com.google.javascript.jscomp.PhaseOptimizer$PassFactoryDelegate.processInternal(PhaseOptimizer.java:168)
	at com.google.javascript.jscomp.PhaseOptimizer$NamedPass.process(PhaseOptimizer.java:148)
	at com.google.javascript.jscomp.PhaseOptimizer.process(PhaseOptimizer.java:87)
	at com.google.javascript.jscomp.Compiler.check(Compiler.java:416)
	at com.google.javascript.jscomp.Compiler.compileInternal(Compiler.java:363)
	at com.google.javascript.jscomp.Compiler.access$000(Compiler.java:2)
	at com.google.javascript.jscomp.Compiler$1.call(Compiler.java:291)
	at com.google.javascript.jscomp.Compiler$1.call(Compiler.java:289)
	at com.google.javascript.jscomp.Compiler$2.run(Compiler.java:320)
	... 1 more
Caused by: java.lang.IllegalStateException
	... 14 more
