mkdir: cannot create directory ‘lib/’: File exists
cp: cannot stat ‘/home/tdurieux/defects4j/framework/projects/Closure/lib/*’: No such file or directory
Running ant (compile)...................................................... OK
Running ant (compile.tests)................................................ OK
Picked up JAVA_TOOL_OPTIONS: -Dfile.encoding=UTF8
Please use CMSClassUnloadingEnabled in place of CMSPermGenSweepingEnabled in the future
Mar 02, 2017 6:30:01 PM com.google.javascript.jscomp.LoggerErrorManager println
SEVERE: i0:1: ERROR - @export only applies to symbols/properties defined in the global scope.
/** @constructor */ var X = function() {/** @export */ this.abc = 1;};
                                                       ^

Mar 02, 2017 6:30:01 PM com.google.javascript.jscomp.LoggerErrorManager printSummary
WARNING: 1 error(s), 0 warning(s)
Mar 02, 2017 6:30:01 PM com.google.javascript.jscomp.LoggerErrorManager println
SEVERE: ERROR - remove_unused_prototype_properties_in_externs and export_local_property_definitions cannot be used together.

Mar 02, 2017 6:30:01 PM com.google.javascript.jscomp.LoggerErrorManager printSummary
WARNING: 1 error(s), 0 warning(s)
Mar 02, 2017 6:30:01 PM com.google.javascript.jscomp.LoggerErrorManager printSummary
INFO: 0 error(s), 0 warning(s), 83.3% typed
Mar 02, 2017 6:30:01 PM com.google.javascript.jscomp.LoggerErrorManager printSummary
INFO: 0 error(s), 0 warning(s), 100% typed
Mar 02, 2017 6:30:01 PM com.google.javascript.jscomp.LoggerErrorManager printSummary
INFO: 0 error(s), 0 warning(s), 100% typed
Mar 02, 2017 6:30:01 PM com.google.javascript.jscomp.LoggerErrorManager println
WARNING: i0:9: WARNING - actual parameter 1 of C.prototype.someMethod does not match formal parameter
found   : number
required: string
x.someMethod(x.someProperty);
             ^

Mar 02, 2017 6:30:01 PM com.google.javascript.jscomp.LoggerErrorManager printSummary
WARNING: 0 error(s), 1 warning(s), 100% typed
Mar 02, 2017 6:30:02 PM com.google.javascript.jscomp.LoggerErrorManager println
SEVERE: i0:1: ERROR - @export only applies to symbols/properties defined in the global scope.
/** @constructor */ var X = function() {/** @export */ this.abc = 1;};
                                                       ^

Mar 02, 2017 6:30:02 PM com.google.javascript.jscomp.LoggerErrorManager printSummary
WARNING: 1 error(s), 0 warning(s)
Mar 02, 2017 6:30:02 PM com.google.javascript.jscomp.LoggerErrorManager println
SEVERE: ERROR - remove_unused_prototype_properties_in_externs and export_local_property_definitions cannot be used together.

Mar 02, 2017 6:30:02 PM com.google.javascript.jscomp.LoggerErrorManager printSummary
WARNING: 1 error(s), 0 warning(s)
Mar 02, 2017 6:30:02 PM com.google.javascript.jscomp.LoggerErrorManager println
WARNING: i0:9: WARNING - actual parameter 1 of C.prototype.someMethod does not match formal parameter
found   : number
required: string
x.someMethod(x.someProperty);
             ^

Mar 02, 2017 6:30:02 PM com.google.javascript.jscomp.LoggerErrorManager printSummary
WARNING: 0 error(s), 1 warning(s), 100% typed
Mar 02, 2017 6:30:06 PM com.google.javascript.jscomp.LoggerErrorManager println
SEVERE: i0:1: ERROR - @export only applies to symbols/properties defined in the global scope.
/** @constructor */ var X = function() {/** @export */ this.abc = 1;};
                                                       ^

Mar 02, 2017 6:30:06 PM com.google.javascript.jscomp.LoggerErrorManager printSummary
WARNING: 1 error(s), 0 warning(s)
Mar 02, 2017 6:30:06 PM com.google.javascript.jscomp.LoggerErrorManager println
SEVERE: ERROR - remove_unused_prototype_properties_in_externs and export_local_property_definitions cannot be used together.

Mar 02, 2017 6:30:06 PM com.google.javascript.jscomp.LoggerErrorManager printSummary
WARNING: 1 error(s), 0 warning(s)
Mar 02, 2017 6:30:06 PM com.google.javascript.jscomp.LoggerErrorManager println
WARNING: i0:9: WARNING - actual parameter 1 of C.prototype.someMethod does not match formal parameter
found   : number
required: string
x.someMethod(x.someProperty);
             ^

Mar 02, 2017 6:30:06 PM com.google.javascript.jscomp.LoggerErrorManager printSummary
WARNING: 0 error(s), 1 warning(s), 100% typed
Mar 02, 2017 6:30:10 PM com.google.javascript.jscomp.LoggerErrorManager println
SEVERE: i0:1: ERROR - @export only applies to symbols/properties defined in the global scope.
/** @constructor */ var X = function() {/** @export */ this.abc = 1;};
                                                       ^

Mar 02, 2017 6:30:10 PM com.google.javascript.jscomp.LoggerErrorManager printSummary
WARNING: 1 error(s), 0 warning(s)
Mar 02, 2017 6:30:10 PM com.google.javascript.jscomp.LoggerErrorManager println
SEVERE: ERROR - remove_unused_prototype_properties_in_externs and export_local_property_definitions cannot be used together.

Mar 02, 2017 6:30:10 PM com.google.javascript.jscomp.LoggerErrorManager printSummary
WARNING: 1 error(s), 0 warning(s)
Mar 02, 2017 6:30:10 PM com.google.javascript.jscomp.LoggerErrorManager println
WARNING: i0:9: WARNING - actual parameter 1 of C.prototype.someMethod does not match formal parameter
found   : number
required: string
x.someMethod(x.someProperty);
             ^

Mar 02, 2017 6:30:10 PM com.google.javascript.jscomp.LoggerErrorManager printSummary
WARNING: 0 error(s), 1 warning(s), 100% typed
java.lang.RuntimeException: java.lang.RuntimeException: INTERNAL COMPILER ERROR.
Please report this problem.
PARAM_LIST 2 [source_file: input0] is not a string node
  Node(FUNCTION Foo): input0:2:0
function Foo() {}
  Parent(SCRIPT): input0:1:0
/** @constructor */

	at com.google.javascript.jscomp.Compiler.runInCompilerThread(Compiler.java:715)
	at com.google.javascript.jscomp.Compiler.compile(Compiler.java:647)
	at com.google.javascript.jscomp.Compiler.compile(Compiler.java:603)
	at com.google.javascript.jscomp.AbstractCommandLineRunner.doRun(AbstractCommandLineRunner.java:771)
	at com.google.javascript.jscomp.AbstractCommandLineRunner.run(AbstractCommandLineRunner.java:372)
	at com.google.javascript.jscomp.CommandLineRunnerTest.compile(CommandLineRunnerTest.java:1365)
	at com.google.javascript.jscomp.CommandLineRunnerTest.test(CommandLineRunnerTest.java:1248)
	at com.google.javascript.jscomp.CommandLineRunnerTest.test(CommandLineRunnerTest.java:1237)
	at com.google.javascript.jscomp.CommandLineRunnerTest.test(CommandLineRunnerTest.java:1229)
	at com.google.javascript.jscomp.CommandLineRunnerTest.testTypedAdvanced(CommandLineRunnerTest.java:241)
	at sun.reflect.NativeMethodAccessorImpl.invoke0(Native Method)
	at sun.reflect.NativeMethodAccessorImpl.invoke(NativeMethodAccessorImpl.java:57)
	at sun.reflect.DelegatingMethodAccessorImpl.invoke(DelegatingMethodAccessorImpl.java:43)
	at java.lang.reflect.Method.invoke(Method.java:606)
	at junit.framework.TestCase.runTest(TestCase.java:176)
	at junit.framework.TestCase.runBare(TestCase.java:141)
	at junit.framework.TestResult$1.protect(TestResult.java:122)
	at junit.framework.TestResult.runProtected(TestResult.java:142)
	at junit.framework.TestResult.run(TestResult.java:125)
	at junit.framework.TestCase.run(TestCase.java:129)
	at junit.framework.TestSuite.runTest(TestSuite.java:255)
	at junit.framework.TestSuite.run(TestSuite.java:250)
	at org.junit.internal.runners.JUnit38ClassRunner.run(JUnit38ClassRunner.java:84)
	at org.junit.runner.JUnitCore.run(JUnitCore.java:160)
	at org.junit.runner.JUnitCore.run(JUnitCore.java:138)
	at xxl.java.junit.JUnitSingleTestResultRunner.call(JUnitSingleTestResultRunner.java:27)
	at xxl.java.junit.JUnitSingleTestResultRunner.call(JUnitSingleTestResultRunner.java:10)
	at java.util.concurrent.FutureTask.run(FutureTask.java:262)
	at java.util.concurrent.ThreadPoolExecutor.runWorker(ThreadPoolExecutor.java:1145)
	at java.util.concurrent.ThreadPoolExecutor$Worker.run(ThreadPoolExecutor.java:615)
	at java.lang.Thread.run(Thread.java:745)
Caused by: java.lang.RuntimeException: INTERNAL COMPILER ERROR.
Please report this problem.
PARAM_LIST 2 [source_file: input0] is not a string node
  Node(FUNCTION Foo): input0:2:0
function Foo() {}
  Parent(SCRIPT): input0:1:0
/** @constructor */

	at com.google.javascript.rhino.Node.getString(Node.java:915)
	at com.google.javascript.jscomp.DisambiguateProperties$FindRenameableProperties.handleObjectLit(DisambiguateProperties.java:313)
	at com.google.javascript.jscomp.DisambiguateProperties$FindRenameableProperties.visit(DisambiguateProperties.java:276)
	at com.google.javascript.jscomp.NodeTraversal.traverseBranch(NodeTraversal.java:540)
	at com.google.javascript.jscomp.NodeTraversal.traverseBranch(NodeTraversal.java:534)
	at com.google.javascript.jscomp.NodeTraversal.traverseBranch(NodeTraversal.java:534)
	at com.google.javascript.jscomp.NodeTraversal.traverse(NodeTraversal.java:287)
	at com.google.javascript.jscomp.NodeTraversal.traverse(NodeTraversal.java:494)
	at com.google.javascript.jscomp.DisambiguateProperties.process(DisambiguateProperties.java:156)
	at com.google.javascript.jscomp.PhaseOptimizer$NamedPass.process(PhaseOptimizer.java:271)
	at com.google.javascript.jscomp.PhaseOptimizer.process(PhaseOptimizer.java:215)
	at com.google.javascript.jscomp.Compiler.optimize(Compiler.java:1916)
	at com.google.javascript.jscomp.Compiler.compileInternal(Compiler.java:749)
	at com.google.javascript.jscomp.Compiler.access$000(Compiler.java:83)
	at com.google.javascript.jscomp.Compiler$2.call(Compiler.java:650)
	at com.google.javascript.jscomp.Compiler$2.call(Compiler.java:647)
	at com.google.javascript.jscomp.Compiler$3.call(Compiler.java:677)
	... 4 more
Caused by: java.lang.UnsupportedOperationException: PARAM_LIST 2 [source_file: input0] is not a string node
	... 21 more
Mar 02, 2017 6:30:11 PM com.google.javascript.jscomp.LoggerErrorManager println
SEVERE: i0:1: ERROR - @export only applies to symbols/properties defined in the global scope.
/** @constructor */ var X = function() {/** @export */ this.abc = 1;};
                                                       ^

Mar 02, 2017 6:30:11 PM com.google.javascript.jscomp.LoggerErrorManager printSummary
WARNING: 1 error(s), 0 warning(s)
Mar 02, 2017 6:30:11 PM com.google.javascript.jscomp.LoggerErrorManager println
SEVERE: ERROR - remove_unused_prototype_properties_in_externs and export_local_property_definitions cannot be used together.

Mar 02, 2017 6:30:11 PM com.google.javascript.jscomp.LoggerErrorManager printSummary
WARNING: 1 error(s), 0 warning(s)
Mar 02, 2017 6:30:11 PM com.google.javascript.jscomp.LoggerErrorManager println
WARNING: i0:9: WARNING - actual parameter 1 of C.prototype.someMethod does not match formal parameter
found   : number
required: string
x.someMethod(x.someProperty);
             ^

Mar 02, 2017 6:30:11 PM com.google.javascript.jscomp.LoggerErrorManager printSummary
WARNING: 0 error(s), 1 warning(s), 100% typed
Mar 02, 2017 6:30:12 PM com.google.javascript.jscomp.LoggerErrorManager println
SEVERE: i0:1: ERROR - @export only applies to symbols/properties defined in the global scope.
/** @constructor */ var X = function() {/** @export */ this.abc = 1;};
                                                       ^

Mar 02, 2017 6:30:12 PM com.google.javascript.jscomp.LoggerErrorManager printSummary
WARNING: 1 error(s), 0 warning(s)
Mar 02, 2017 6:30:12 PM com.google.javascript.jscomp.LoggerErrorManager println
SEVERE: ERROR - remove_unused_prototype_properties_in_externs and export_local_property_definitions cannot be used together.

Mar 02, 2017 6:30:12 PM com.google.javascript.jscomp.LoggerErrorManager printSummary
WARNING: 1 error(s), 0 warning(s)
Mar 02, 2017 6:30:12 PM com.google.javascript.jscomp.LoggerErrorManager println
WARNING: i0:9: WARNING - actual parameter 1 of C.prototype.someMethod does not match formal parameter
found   : number
required: string
x.someMethod(x.someProperty);
             ^

Mar 02, 2017 6:30:12 PM com.google.javascript.jscomp.LoggerErrorManager printSummary
WARNING: 0 error(s), 1 warning(s), 100% typed
Mar 02, 2017 6:30:14 PM com.google.javascript.jscomp.LoggerErrorManager println
SEVERE: i0:1: ERROR - @export only applies to symbols/properties defined in the global scope.
/** @constructor */ var X = function() {/** @export */ this.abc = 1;};
                                                       ^

Mar 02, 2017 6:30:14 PM com.google.javascript.jscomp.LoggerErrorManager printSummary
WARNING: 1 error(s), 0 warning(s)
Mar 02, 2017 6:30:14 PM com.google.javascript.jscomp.LoggerErrorManager println
SEVERE: ERROR - remove_unused_prototype_properties_in_externs and export_local_property_definitions cannot be used together.

Mar 02, 2017 6:30:14 PM com.google.javascript.jscomp.LoggerErrorManager printSummary
WARNING: 1 error(s), 0 warning(s)
Mar 02, 2017 6:30:14 PM com.google.javascript.jscomp.LoggerErrorManager println
WARNING: i0:9: WARNING - actual parameter 1 of C.prototype.someMethod does not match formal parameter
found   : number
required: string
x.someMethod(x.someProperty);
             ^

Mar 02, 2017 6:30:14 PM com.google.javascript.jscomp.LoggerErrorManager printSummary
WARNING: 0 error(s), 1 warning(s), 100% typed
java.util.concurrent.ExecutionException: java.lang.OutOfMemoryError: Java heap space
	at java.util.concurrent.FutureTask.report(FutureTask.java:122)
	at java.util.concurrent.FutureTask.get(FutureTask.java:202)
	at fr.inria.lille.repair.Main.main(Main.java:98)
Caused by: java.lang.OutOfMemoryError: Java heap space
	at java.lang.StringCoding$StringEncoder.encode(StringCoding.java:300)
	at java.lang.StringCoding.encode(StringCoding.java:344)
	at java.lang.String.getBytes(String.java:916)
	at java.io.UnixFileSystem.getBooleanAttributes0(Native Method)
	at java.io.UnixFileSystem.getBooleanAttributes(UnixFileSystem.java:242)
	at java.io.File.isFile(File.java:876)
	at spoon.support.compiler.FileSystemFolder.getSubFolders(FileSystemFolder.java:86)
	at spoon.support.compiler.FileSystemFolder.getAllJavaFiles(FileSystemFolder.java:113)
	at spoon.support.compiler.FileSystemFolder.getAllJavaFiles(FileSystemFolder.java:114)
	at spoon.support.compiler.FileSystemFolder.getAllJavaFiles(FileSystemFolder.java:114)
	at spoon.support.compiler.FileSystemFolder.getAllJavaFiles(FileSystemFolder.java:114)
	at spoon.support.compiler.FileSystemFolder.getAllJavaFiles(FileSystemFolder.java:114)
	at spoon.support.StandardEnvironment.verifySourceClasspath(StandardEnvironment.java:416)
	at spoon.support.StandardEnvironment.setSourceClasspath(StandardEnvironment.java:400)
	at spoon.support.compiler.jdt.JDTBasedSpoonCompiler.setSourceClasspath(JDTBasedSpoonCompiler.java:309)
	at fr.inria.lille.commons.spoon.util.SpoonModelLibrary.modelFor(SpoonModelLibrary.java:50)
	at fr.inria.lille.commons.spoon.SpoonedFile.<init>(SpoonedFile.java:62)
	at fr.inria.lille.commons.spoon.SpoonedClass.<init>(SpoonedClass.java:14)
	at fr.inria.lille.commons.spoon.SpoonedProject.forked(SpoonedProject.java:47)
	at fr.inria.lille.repair.nopol.NoPol.runOnStatement(NoPol.java:175)
	at fr.inria.lille.repair.nopol.NoPol.solveWithMultipleBuild(NoPol.java:166)
	at fr.inria.lille.repair.nopol.NoPol.build(NoPol.java:133)
	at fr.inria.lille.repair.Main$1.call(Main.java:91)
	at java.util.concurrent.FutureTask.run(FutureTask.java:262)
	at java.util.concurrent.ThreadPoolExecutor.runWorker(ThreadPoolExecutor.java:1145)
	at java.util.concurrent.ThreadPoolExecutor$Worker.run(ThreadPoolExecutor.java:615)
	at java.lang.Thread.run(Thread.java:745)

Usage: java -jar nopol.jar
                          [(-m|--mode) <repair|ranking>] [(-e|--type) <pre_then_cond|loop|condition|precondition|arithmetic>] [(-o|--oracle) <angelic|symbolic>] [(-y|--synthesis) <smt|dynamoth>] [(-l|--solver) <z3|cvc4>] [(-p|--solver-path) <solverPath>] (-s|--source) source1:source2:...:sourceN  (-c|--classpath) <classpath> [(-t|--test) test1:test2:...:testN ] [--complianceLevel <complianceLevel>] [--maxTime <maxTime>] [--maxTimeType <maxTimeType>] [(-z|--flocal) < ochiai|dumb|gzoltar>] [--output <outputFolder>] [--json[:<outputJson>]]

  [(-m|--mode) <repair|ranking>]
        Define the mode of execution. (default: repair)

  [(-e|--type) <pre_then_cond|loop|condition|precondition|arithmetic>]
        The type of statement to analyze (only used with repair mode). (default:
        pre_then_cond)

  [(-o|--oracle) <angelic|symbolic>]
        Define the oracle (only used with repair mode). (default: angelic)

  [(-y|--synthesis) <smt|dynamoth>]
        Define the patch synthesis. (default: smt)

  [(-l|--solver) <z3|cvc4>]
        Define the solver (only used with smt synthesis). (default: z3)

  [(-p|--solver-path) <solverPath>]
        Define the solver binary path (only used with smt synthesis).

  (-s|--source) source1:source2:...:sourceN 
        Define the path to the source code of the project.

  (-c|--classpath) <classpath>
        Define the classpath of the project.

  [(-t|--test) test1:test2:...:testN ]
        Define the tests of the project.

  [--complianceLevel <complianceLevel>]
        The compliance level of the project. (default: 7)

  [--maxTime <maxTime>]
        The maximum time execution in minute for the whole execution of
        Nopol.(default: 10)

  [--maxTimeType <maxTimeType>]
        The maximum time execution in minute for one type of patch. (default: 5)

  [(-z|--flocal) < ochiai|dumb|gzoltar>]
        Define the fault localizer to be used. (default: ochiai)

  [--output <outputFolder>]
        Define the location where the patches will be saved. (default: .)

  [--json[:<outputJson>]]
        Output a json file in the current working directory.

Command exited with non-zero status 255
9820.05user 143.64system 1:02:10elapsed 267%CPU (0avgtext+0avgdata 4792356maxresident)k
6528inputs+64224outputs (0major+2418410minor)pagefaults 0swaps
