mkdir: cannot create directory ‘lib/’: File exists
cp: cannot stat ‘/home/tdurieux/defects4j/framework/projects/Closure/lib/*’: No such file or directory
Running ant (compile)...................................................... OK
Running ant (compile.tests)................................................ OK
Picked up JAVA_TOOL_OPTIONS: -Dfile.encoding=UTF8
Please use CMSClassUnloadingEnabled in place of CMSPermGenSweepingEnabled in the future
Mar 04, 2017 1:21:37 AM com.google.javascript.jscomp.LoggerErrorManager printSummary
INFO: 0 error(s), 0 warning(s), 77.8% typed
Mar 04, 2017 1:21:37 AM com.google.javascript.jscomp.LoggerErrorManager println
WARNING: i0:4: WARNING - Parse error. Cycle detected in inheritance chain of type Foo
 */ Foo = /** @type {function(new:Foo)} */ (AyncTestCase());
                                  ^

Mar 04, 2017 1:21:37 AM com.google.javascript.jscomp.LoggerErrorManager printSummary
WARNING: 0 error(s), 1 warning(s), 60% typed
Mar 04, 2017 1:21:38 AM com.google.javascript.jscomp.LoggerErrorManager println
SEVERE: i0:1: ERROR - variable x is undeclared
x = 3;
^

Mar 04, 2017 1:21:38 AM com.google.javascript.jscomp.LoggerErrorManager printSummary
WARNING: 1 error(s), 0 warning(s)
Mar 04, 2017 1:21:38 AM com.google.javascript.jscomp.LoggerErrorManager printSummary
INFO: 0 error(s), 0 warning(s), 88.9% typed
Mar 04, 2017 1:21:38 AM com.google.javascript.jscomp.LoggerErrorManager println
WARNING: i0:1: WARNING - References to the global RegExp object prevents optimization of regular expressions.
/(a)/.test("a");var a = RegExp.$1
                        ^

Mar 04, 2017 1:21:38 AM com.google.javascript.jscomp.LoggerErrorManager printSummary
WARNING: 0 error(s), 1 warning(s)
Mar 04, 2017 1:21:39 AM com.google.javascript.jscomp.LoggerErrorManager println
WARNING: externs1:3: WARNING - attempted re-definition of type Function
found   : function (new:Function, *): ?
expected: function (new:Function, ...[*]): ?
 * @param {*} var_args */ function Function(var_args) {}/** @type {!Function} */ Function.prototype.apply;/** @type {!Function} */ Function.prototype.bind;/** @type {!Function} */ Function.prototype.call;/** @constructor 
                          ^

Mar 04, 2017 1:21:39 AM com.google.javascript.jscomp.LoggerErrorManager println
WARNING: externs1:8: WARNING - attempted re-definition of type Array
found   : function (new:Array, *): Array
expected: function (new:Array, ...[*]): Array
 @return {!Array} */function Array(var_args) {}
                    ^

Mar 04, 2017 1:21:39 AM com.google.javascript.jscomp.LoggerErrorManager println
WARNING: in1:2: WARNING - Property dom never defined on goog
goog.dom.DomHelper = function(){};
^

Mar 04, 2017 1:21:39 AM com.google.javascript.jscomp.LoggerErrorManager println
WARNING: in1:3: WARNING - Property dom never defined on goog
var y = goog.dom.DomHelper;
        ^

Mar 04, 2017 1:21:39 AM com.google.javascript.jscomp.LoggerErrorManager println
SEVERE: in1:2: ERROR - variable goog is undeclared
goog.dom.DomHelper = function(){};
^

Mar 04, 2017 1:21:39 AM com.google.javascript.jscomp.LoggerErrorManager printSummary
WARNING: 1 error(s), 4 warning(s), 60% typed
Mar 04, 2017 1:21:39 AM com.google.javascript.jscomp.SymbolTable$JSDocInfoCollector visitTypeNode
WARNING: Could not find symbol for type: number
Mar 04, 2017 1:21:39 AM com.google.javascript.jscomp.SymbolTable$JSDocInfoCollector visitTypeNode
WARNING: Could not find symbol for type: number
Mar 04, 2017 1:21:39 AM com.google.javascript.jscomp.SymbolTable$JSDocInfoCollector visitTypeNode
WARNING: Could not find symbol for type: number
Mar 04, 2017 1:21:39 AM com.google.javascript.jscomp.SymbolTable$JSDocInfoCollector visitTypeNode
WARNING: Could not find symbol for type: number
Mar 04, 2017 1:21:39 AM com.google.javascript.jscomp.SymbolTable$JSDocInfoCollector visitTypeNode
WARNING: Could not find symbol for type: length
Mar 04, 2017 1:21:39 AM com.google.javascript.jscomp.SymbolTable$JSDocInfoCollector visitTypeNode
WARNING: Could not find symbol for type: number
Mar 04, 2017 1:21:39 AM com.google.javascript.jscomp.SymbolTable$JSDocInfoCollector visitTypeNode
WARNING: Could not find symbol for type: T
Mar 04, 2017 1:21:39 AM com.google.javascript.jscomp.SymbolTable$JSDocInfoCollector visitTypeNode
WARNING: Could not find symbol for type: T
Mar 04, 2017 1:21:39 AM com.google.javascript.jscomp.SymbolTable$JSDocInfoCollector visitTypeNode
WARNING: Could not find symbol for type: number
Mar 04, 2017 1:21:39 AM com.google.javascript.jscomp.LoggerErrorManager println
WARNING: externs1:3: WARNING - attempted re-definition of type Function
found   : function (new:Function, *): ?
expected: function (new:Function, ...[*]): ?
 * @param {*} var_args */ function Function(var_args) {}/** @type {!Function} */ Function.prototype.apply;/** @type {!Function} */ Function.prototype.bind;/** @type {!Function} */ Function.prototype.call;/** @constructor 
                          ^

Mar 04, 2017 1:21:39 AM com.google.javascript.jscomp.LoggerErrorManager println
WARNING: externs1:8: WARNING - attempted re-definition of type Array
found   : function (new:Array, *): Array
expected: function (new:Array, ...[*]): Array
 @return {!Array} */function Array(var_args) {}
                    ^

Mar 04, 2017 1:21:39 AM com.google.javascript.jscomp.LoggerErrorManager println
WARNING: in1:12: WARNING - Property inherits never defined on goog
goog.inherits(a.b.DerivedClass, a.b.BaseClass);
^

Mar 04, 2017 1:21:39 AM com.google.javascript.jscomp.LoggerErrorManager println
SEVERE: in1:5: ERROR - variable alert is undeclared
  alert('hi');
  ^

Mar 04, 2017 1:21:39 AM com.google.javascript.jscomp.LoggerErrorManager println
SEVERE: in1:12: ERROR - variable goog is undeclared
goog.inherits(a.b.DerivedClass, a.b.BaseClass);
^

Mar 04, 2017 1:21:39 AM com.google.javascript.jscomp.LoggerErrorManager printSummary
WARNING: 2 error(s), 3 warning(s), 92.6% typed
Mar 04, 2017 1:21:39 AM com.google.javascript.jscomp.SymbolTable$JSDocInfoCollector visitTypeNode
WARNING: Could not find symbol for type: number
Mar 04, 2017 1:21:39 AM com.google.javascript.jscomp.SymbolTable$JSDocInfoCollector visitTypeNode
WARNING: Could not find symbol for type: number
Mar 04, 2017 1:21:39 AM com.google.javascript.jscomp.SymbolTable$JSDocInfoCollector visitTypeNode
WARNING: Could not find symbol for type: number
Mar 04, 2017 1:21:39 AM com.google.javascript.jscomp.SymbolTable$JSDocInfoCollector visitTypeNode
WARNING: Could not find symbol for type: number
Mar 04, 2017 1:21:39 AM com.google.javascript.jscomp.SymbolTable$JSDocInfoCollector visitTypeNode
WARNING: Could not find symbol for type: length
Mar 04, 2017 1:21:39 AM com.google.javascript.jscomp.SymbolTable$JSDocInfoCollector visitTypeNode
WARNING: Could not find symbol for type: number
Mar 04, 2017 1:21:39 AM com.google.javascript.jscomp.SymbolTable$JSDocInfoCollector visitTypeNode
WARNING: Could not find symbol for type: T
Mar 04, 2017 1:21:39 AM com.google.javascript.jscomp.SymbolTable$JSDocInfoCollector visitTypeNode
WARNING: Could not find symbol for type: T
Mar 04, 2017 1:21:39 AM com.google.javascript.jscomp.SymbolTable$JSDocInfoCollector visitTypeNode
WARNING: Could not find symbol for type: number
Mar 04, 2017 1:21:39 AM com.google.javascript.jscomp.LoggerErrorManager println
WARNING: externs1:3: WARNING - attempted re-definition of type Function
found   : function (new:Function, *): ?
expected: function (new:Function, ...[*]): ?
 * @param {*} var_args */ function Function(var_args) {}/** @type {!Function} */ Function.prototype.apply;/** @type {!Function} */ Function.prototype.bind;/** @type {!Function} */ Function.prototype.call;/** @constructor 
                          ^

Mar 04, 2017 1:21:39 AM com.google.javascript.jscomp.LoggerErrorManager println
WARNING: externs1:8: WARNING - attempted re-definition of type Array
found   : function (new:Array, *): Array
expected: function (new:Array, ...[*]): Array
 @return {!Array} */function Array(var_args) {}
                    ^

Mar 04, 2017 1:21:39 AM com.google.javascript.jscomp.LoggerErrorManager println
SEVERE: in1:1: ERROR - variable x is undeclared
/** @constructor */ var DomHelper = function(){};DomHelper.prototype.method = function() {   this.field = 3;  return x.field;}
                                                                                                                     ^

Mar 04, 2017 1:21:39 AM com.google.javascript.jscomp.LoggerErrorManager printSummary
WARNING: 1 error(s), 2 warning(s), 83.3% typed
Mar 04, 2017 1:21:39 AM com.google.javascript.jscomp.SymbolTable$JSDocInfoCollector visitTypeNode
WARNING: Could not find symbol for type: number
Mar 04, 2017 1:21:39 AM com.google.javascript.jscomp.SymbolTable$JSDocInfoCollector visitTypeNode
WARNING: Could not find symbol for type: number
Mar 04, 2017 1:21:39 AM com.google.javascript.jscomp.SymbolTable$JSDocInfoCollector visitTypeNode
WARNING: Could not find symbol for type: number
Mar 04, 2017 1:21:39 AM com.google.javascript.jscomp.SymbolTable$JSDocInfoCollector visitTypeNode
WARNING: Could not find symbol for type: number
Mar 04, 2017 1:21:39 AM com.google.javascript.jscomp.SymbolTable$JSDocInfoCollector visitTypeNode
WARNING: Could not find symbol for type: length
Mar 04, 2017 1:21:39 AM com.google.javascript.jscomp.SymbolTable$JSDocInfoCollector visitTypeNode
WARNING: Could not find symbol for type: number
Mar 04, 2017 1:21:39 AM com.google.javascript.jscomp.SymbolTable$JSDocInfoCollector visitTypeNode
WARNING: Could not find symbol for type: T
Mar 04, 2017 1:21:39 AM com.google.javascript.jscomp.SymbolTable$JSDocInfoCollector visitTypeNode
WARNING: Could not find symbol for type: T
Mar 04, 2017 1:21:39 AM com.google.javascript.jscomp.SymbolTable$JSDocInfoCollector visitTypeNode
WARNING: Could not find symbol for type: number
Mar 04, 2017 1:21:39 AM com.google.javascript.jscomp.LoggerErrorManager println
WARNING: externs1:3: WARNING - attempted re-definition of type Function
found   : function (new:Function, *): ?
expected: function (new:Function, ...[*]): ?
 * @param {*} var_args */ function Function(var_args) {}/** @type {!Function} */ Function.prototype.apply;/** @type {!Function} */ Function.prototype.bind;/** @type {!Function} */ Function.prototype.call;/** @constructor 
                          ^

Mar 04, 2017 1:21:39 AM com.google.javascript.jscomp.LoggerErrorManager println
WARNING: externs1:8: WARNING - attempted re-definition of type Array
found   : function (new:Array, *): Array
expected: function (new:Array, ...[*]): Array
 @return {!Array} */function Array(var_args) {}
                    ^

Mar 04, 2017 1:21:39 AM com.google.javascript.jscomp.LoggerErrorManager println
SEVERE: in1:1: ERROR - variable goog is undeclared
/** @constructor */ goog.Foo = function(){};
                    ^

Mar 04, 2017 1:21:39 AM com.google.javascript.jscomp.LoggerErrorManager printSummary
WARNING: 1 error(s), 2 warning(s), 66.7% typed
Mar 04, 2017 1:21:39 AM com.google.javascript.jscomp.SymbolTable$JSDocInfoCollector visitTypeNode
WARNING: Could not find symbol for type: number
Mar 04, 2017 1:21:39 AM com.google.javascript.jscomp.SymbolTable$JSDocInfoCollector visitTypeNode
WARNING: Could not find symbol for type: number
Mar 04, 2017 1:21:39 AM com.google.javascript.jscomp.SymbolTable$JSDocInfoCollector visitTypeNode
WARNING: Could not find symbol for type: number
Mar 04, 2017 1:21:39 AM com.google.javascript.jscomp.SymbolTable$JSDocInfoCollector visitTypeNode
WARNING: Could not find symbol for type: number
Mar 04, 2017 1:21:39 AM com.google.javascript.jscomp.SymbolTable$JSDocInfoCollector visitTypeNode
WARNING: Could not find symbol for type: length
Mar 04, 2017 1:21:39 AM com.google.javascript.jscomp.SymbolTable$JSDocInfoCollector visitTypeNode
WARNING: Could not find symbol for type: number
Mar 04, 2017 1:21:39 AM com.google.javascript.jscomp.SymbolTable$JSDocInfoCollector visitTypeNode
WARNING: Could not find symbol for type: T
Mar 04, 2017 1:21:39 AM com.google.javascript.jscomp.SymbolTable$JSDocInfoCollector visitTypeNode
WARNING: Could not find symbol for type: T
Mar 04, 2017 1:21:39 AM com.google.javascript.jscomp.SymbolTable$JSDocInfoCollector visitTypeNode
WARNING: Could not find symbol for type: number
Mar 04, 2017 1:21:39 AM com.google.javascript.jscomp.LoggerErrorManager println
WARNING: externs1:3: WARNING - attempted re-definition of type Function
found   : function (new:Function, *): ?
expected: function (new:Function, ...[*]): ?
 * @param {*} var_args */ function Function(var_args) {}/** @type {!Function} */ Function.prototype.apply;/** @type {!Function} */ Function.prototype.bind;/** @type {!Function} */ Function.prototype.call;/** @constructor 
                          ^

Mar 04, 2017 1:21:39 AM com.google.javascript.jscomp.LoggerErrorManager println
WARNING: externs1:8: WARNING - attempted re-definition of type Array
found   : function (new:Array, *): Array
expected: function (new:Array, ...[*]): Array
 @return {!Array} */function Array(var_args) {}
                    ^

Mar 04, 2017 1:21:39 AM com.google.javascript.jscomp.LoggerErrorManager println
WARNING: in1:2: WARNING - Property require never defined on goog
goog.require('foo.bar')
^

Mar 04, 2017 1:21:39 AM com.google.javascript.jscomp.LoggerErrorManager println
SEVERE: in1:1: ERROR - variable foo is undeclared
foo.bar = function(){};  // definition
^

Mar 04, 2017 1:21:39 AM com.google.javascript.jscomp.LoggerErrorManager println
SEVERE: in1:2: ERROR - variable goog is undeclared
goog.require('foo.bar')
^

Mar 04, 2017 1:21:39 AM com.google.javascript.jscomp.LoggerErrorManager printSummary
WARNING: 2 error(s), 3 warning(s), 57.1% typed
Mar 04, 2017 1:21:39 AM com.google.javascript.jscomp.SymbolTable$JSDocInfoCollector visitTypeNode
WARNING: Could not find symbol for type: number
Mar 04, 2017 1:21:39 AM com.google.javascript.jscomp.SymbolTable$JSDocInfoCollector visitTypeNode
WARNING: Could not find symbol for type: number
Mar 04, 2017 1:21:39 AM com.google.javascript.jscomp.SymbolTable$JSDocInfoCollector visitTypeNode
WARNING: Could not find symbol for type: number
Mar 04, 2017 1:21:39 AM com.google.javascript.jscomp.SymbolTable$JSDocInfoCollector visitTypeNode
WARNING: Could not find symbol for type: number
Mar 04, 2017 1:21:39 AM com.google.javascript.jscomp.SymbolTable$JSDocInfoCollector visitTypeNode
WARNING: Could not find symbol for type: length
Mar 04, 2017 1:21:39 AM com.google.javascript.jscomp.SymbolTable$JSDocInfoCollector visitTypeNode
WARNING: Could not find symbol for type: number
Mar 04, 2017 1:21:39 AM com.google.javascript.jscomp.SymbolTable$JSDocInfoCollector visitTypeNode
WARNING: Could not find symbol for type: T
Mar 04, 2017 1:21:39 AM com.google.javascript.jscomp.SymbolTable$JSDocInfoCollector visitTypeNode
WARNING: Could not find symbol for type: T
Mar 04, 2017 1:21:39 AM com.google.javascript.jscomp.SymbolTable$JSDocInfoCollector visitTypeNode
WARNING: Could not find symbol for type: number
Mar 04, 2017 1:21:39 AM com.google.javascript.jscomp.LoggerErrorManager println
WARNING: i0:1: WARNING - References to the global RegExp object prevents optimization of regular expressions.
/(a)/.test("a");var a = RegExp.$1
                        ^

Mar 04, 2017 1:21:39 AM com.google.javascript.jscomp.LoggerErrorManager printSummary
WARNING: 0 error(s), 1 warning(s)
Mar 04, 2017 1:21:57 AM com.google.javascript.jscomp.LoggerErrorManager println
WARNING: externs1:3: WARNING - attempted re-definition of type Function
found   : function (new:Function, *): ?
expected: function (new:Function, ...[*]): ?
 * @param {*} var_args */ function Function(var_args) {}/** @type {!Function} */ Function.prototype.apply;/** @type {!Function} */ Function.prototype.bind;/** @type {!Function} */ Function.prototype.call;/** @constructor 
                          ^

Mar 04, 2017 1:21:57 AM com.google.javascript.jscomp.LoggerErrorManager println
WARNING: externs1:8: WARNING - attempted re-definition of type Array
found   : function (new:Array, *): Array
expected: function (new:Array, ...[*]): Array
 @return {!Array} */function Array(var_args) {}
                    ^

Mar 04, 2017 1:21:57 AM com.google.javascript.jscomp.LoggerErrorManager println
WARNING: in1:12: WARNING - Property inherits never defined on goog
goog.inherits(a.b.DerivedClass, a.b.BaseClass);
^

Mar 04, 2017 1:21:57 AM com.google.javascript.jscomp.LoggerErrorManager printSummary
WARNING: 0 error(s), 3 warning(s), 92.6% typed
Mar 04, 2017 1:21:57 AM com.google.javascript.jscomp.SymbolTable$JSDocInfoCollector visitTypeNode
WARNING: Could not find symbol for type: number
Mar 04, 2017 1:21:57 AM com.google.javascript.jscomp.SymbolTable$JSDocInfoCollector visitTypeNode
WARNING: Could not find symbol for type: number
Mar 04, 2017 1:21:57 AM com.google.javascript.jscomp.SymbolTable$JSDocInfoCollector visitTypeNode
WARNING: Could not find symbol for type: number
Mar 04, 2017 1:21:57 AM com.google.javascript.jscomp.SymbolTable$JSDocInfoCollector visitTypeNode
WARNING: Could not find symbol for type: number
Mar 04, 2017 1:21:57 AM com.google.javascript.jscomp.SymbolTable$JSDocInfoCollector visitTypeNode
WARNING: Could not find symbol for type: length
Mar 04, 2017 1:21:57 AM com.google.javascript.jscomp.SymbolTable$JSDocInfoCollector visitTypeNode
WARNING: Could not find symbol for type: number
Mar 04, 2017 1:21:57 AM com.google.javascript.jscomp.SymbolTable$JSDocInfoCollector visitTypeNode
WARNING: Could not find symbol for type: T
Mar 04, 2017 1:21:57 AM com.google.javascript.jscomp.SymbolTable$JSDocInfoCollector visitTypeNode
WARNING: Could not find symbol for type: T
Mar 04, 2017 1:21:57 AM com.google.javascript.jscomp.SymbolTable$JSDocInfoCollector visitTypeNode
WARNING: Could not find symbol for type: number
Mar 04, 2017 1:21:57 AM com.google.javascript.jscomp.LoggerErrorManager println
WARNING: externs1:3: WARNING - attempted re-definition of type Function
found   : function (new:Function, *): ?
expected: function (new:Function, ...[*]): ?
 * @param {*} var_args */ function Function(var_args) {}/** @type {!Function} */ Function.prototype.apply;/** @type {!Function} */ Function.prototype.bind;/** @type {!Function} */ Function.prototype.call;/** @constructor 
                          ^

Mar 04, 2017 1:21:57 AM com.google.javascript.jscomp.LoggerErrorManager println
WARNING: externs1:8: WARNING - attempted re-definition of type Array
found   : function (new:Array, *): Array
expected: function (new:Array, ...[*]): Array
 @return {!Array} */function Array(var_args) {}
                    ^

Mar 04, 2017 1:21:57 AM com.google.javascript.jscomp.LoggerErrorManager println
WARNING: in1:2: WARNING - Property dom never defined on goog
goog.dom.DomHelper = function(){};
^

Mar 04, 2017 1:21:57 AM com.google.javascript.jscomp.LoggerErrorManager println
WARNING: in1:3: WARNING - Property dom never defined on goog
var y = goog.dom.DomHelper;
        ^

Mar 04, 2017 1:21:57 AM com.google.javascript.jscomp.LoggerErrorManager printSummary
WARNING: 0 error(s), 4 warning(s), 60% typed
Mar 04, 2017 1:21:57 AM com.google.javascript.jscomp.SymbolTable$JSDocInfoCollector visitTypeNode
WARNING: Could not find symbol for type: number
Mar 04, 2017 1:21:57 AM com.google.javascript.jscomp.SymbolTable$JSDocInfoCollector visitTypeNode
WARNING: Could not find symbol for type: number
Mar 04, 2017 1:21:57 AM com.google.javascript.jscomp.SymbolTable$JSDocInfoCollector visitTypeNode
WARNING: Could not find symbol for type: number
Mar 04, 2017 1:21:57 AM com.google.javascript.jscomp.SymbolTable$JSDocInfoCollector visitTypeNode
WARNING: Could not find symbol for type: number
Mar 04, 2017 1:21:57 AM com.google.javascript.jscomp.SymbolTable$JSDocInfoCollector visitTypeNode
WARNING: Could not find symbol for type: length
Mar 04, 2017 1:21:57 AM com.google.javascript.jscomp.SymbolTable$JSDocInfoCollector visitTypeNode
WARNING: Could not find symbol for type: number
Mar 04, 2017 1:21:57 AM com.google.javascript.jscomp.SymbolTable$JSDocInfoCollector visitTypeNode
WARNING: Could not find symbol for type: T
Mar 04, 2017 1:21:57 AM com.google.javascript.jscomp.SymbolTable$JSDocInfoCollector visitTypeNode
WARNING: Could not find symbol for type: T
Mar 04, 2017 1:21:57 AM com.google.javascript.jscomp.SymbolTable$JSDocInfoCollector visitTypeNode
WARNING: Could not find symbol for type: number
Mar 04, 2017 1:21:57 AM com.google.javascript.jscomp.LoggerErrorManager println
WARNING: externs1:3: WARNING - attempted re-definition of type Function
found   : function (new:Function, *): ?
expected: function (new:Function, ...[*]): ?
 * @param {*} var_args */ function Function(var_args) {}/** @type {!Function} */ Function.prototype.apply;/** @type {!Function} */ Function.prototype.bind;/** @type {!Function} */ Function.prototype.call;/** @constructor 
                          ^

Mar 04, 2017 1:21:57 AM com.google.javascript.jscomp.LoggerErrorManager println
WARNING: externs1:8: WARNING - attempted re-definition of type Array
found   : function (new:Array, *): Array
expected: function (new:Array, ...[*]): Array
 @return {!Array} */function Array(var_args) {}
                    ^

Mar 04, 2017 1:21:57 AM com.google.javascript.jscomp.LoggerErrorManager printSummary
WARNING: 0 error(s), 2 warning(s), 83.3% typed
Mar 04, 2017 1:21:57 AM com.google.javascript.jscomp.SymbolTable$JSDocInfoCollector visitTypeNode
WARNING: Could not find symbol for type: number
Mar 04, 2017 1:21:57 AM com.google.javascript.jscomp.SymbolTable$JSDocInfoCollector visitTypeNode
WARNING: Could not find symbol for type: number
Mar 04, 2017 1:21:57 AM com.google.javascript.jscomp.SymbolTable$JSDocInfoCollector visitTypeNode
WARNING: Could not find symbol for type: number
Mar 04, 2017 1:21:57 AM com.google.javascript.jscomp.SymbolTable$JSDocInfoCollector visitTypeNode
WARNING: Could not find symbol for type: number
Mar 04, 2017 1:21:57 AM com.google.javascript.jscomp.SymbolTable$JSDocInfoCollector visitTypeNode
WARNING: Could not find symbol for type: length
Mar 04, 2017 1:21:57 AM com.google.javascript.jscomp.SymbolTable$JSDocInfoCollector visitTypeNode
WARNING: Could not find symbol for type: number
Mar 04, 2017 1:21:57 AM com.google.javascript.jscomp.SymbolTable$JSDocInfoCollector visitTypeNode
WARNING: Could not find symbol for type: T
Mar 04, 2017 1:21:57 AM com.google.javascript.jscomp.SymbolTable$JSDocInfoCollector visitTypeNode
WARNING: Could not find symbol for type: T
Mar 04, 2017 1:21:57 AM com.google.javascript.jscomp.SymbolTable$JSDocInfoCollector visitTypeNode
WARNING: Could not find symbol for type: number
Mar 04, 2017 1:21:57 AM com.google.javascript.jscomp.LoggerErrorManager println
WARNING: externs1:3: WARNING - attempted re-definition of type Function
found   : function (new:Function, *): ?
expected: function (new:Function, ...[*]): ?
 * @param {*} var_args */ function Function(var_args) {}/** @type {!Function} */ Function.prototype.apply;/** @type {!Function} */ Function.prototype.bind;/** @type {!Function} */ Function.prototype.call;/** @constructor 
                          ^

Mar 04, 2017 1:21:57 AM com.google.javascript.jscomp.LoggerErrorManager println
WARNING: externs1:8: WARNING - attempted re-definition of type Array
found   : function (new:Array, *): Array
expected: function (new:Array, ...[*]): Array
 @return {!Array} */function Array(var_args) {}
                    ^

Mar 04, 2017 1:21:57 AM com.google.javascript.jscomp.LoggerErrorManager printSummary
WARNING: 0 error(s), 2 warning(s), 66.7% typed
Mar 04, 2017 1:21:57 AM com.google.javascript.jscomp.SymbolTable$JSDocInfoCollector visitTypeNode
WARNING: Could not find symbol for type: number
Mar 04, 2017 1:21:57 AM com.google.javascript.jscomp.SymbolTable$JSDocInfoCollector visitTypeNode
WARNING: Could not find symbol for type: number
Mar 04, 2017 1:21:57 AM com.google.javascript.jscomp.SymbolTable$JSDocInfoCollector visitTypeNode
WARNING: Could not find symbol for type: number
Mar 04, 2017 1:21:57 AM com.google.javascript.jscomp.SymbolTable$JSDocInfoCollector visitTypeNode
WARNING: Could not find symbol for type: number
Mar 04, 2017 1:21:57 AM com.google.javascript.jscomp.SymbolTable$JSDocInfoCollector visitTypeNode
WARNING: Could not find symbol for type: length
Mar 04, 2017 1:21:57 AM com.google.javascript.jscomp.SymbolTable$JSDocInfoCollector visitTypeNode
WARNING: Could not find symbol for type: number
Mar 04, 2017 1:21:57 AM com.google.javascript.jscomp.SymbolTable$JSDocInfoCollector visitTypeNode
WARNING: Could not find symbol for type: T
Mar 04, 2017 1:21:57 AM com.google.javascript.jscomp.SymbolTable$JSDocInfoCollector visitTypeNode
WARNING: Could not find symbol for type: T
Mar 04, 2017 1:21:57 AM com.google.javascript.jscomp.SymbolTable$JSDocInfoCollector visitTypeNode
WARNING: Could not find symbol for type: number
Mar 04, 2017 1:21:57 AM com.google.javascript.jscomp.LoggerErrorManager println
WARNING: i0:4: WARNING - Parse error. Cycle detected in inheritance chain of type Foo
 */ Foo = /** @type {function(new:Foo)} */ (AyncTestCase());
                                  ^

Mar 04, 2017 1:21:57 AM com.google.javascript.jscomp.LoggerErrorManager printSummary
WARNING: 0 error(s), 1 warning(s), 60% typed
Mar 04, 2017 1:21:58 AM com.google.javascript.jscomp.LoggerErrorManager println
WARNING: externs1:3: WARNING - attempted re-definition of type Function
found   : function (new:Function, *): ?
expected: function (new:Function, ...[*]): ?
 * @param {*} var_args */ function Function(var_args) {}/** @type {!Function} */ Function.prototype.apply;/** @type {!Function} */ Function.prototype.bind;/** @type {!Function} */ Function.prototype.call;/** @constructor 
                          ^

Mar 04, 2017 1:21:58 AM com.google.javascript.jscomp.LoggerErrorManager println
WARNING: externs1:8: WARNING - attempted re-definition of type Array
found   : function (new:Array, *): Array
expected: function (new:Array, ...[*]): Array
 @return {!Array} */function Array(var_args) {}
                    ^

Mar 04, 2017 1:21:58 AM com.google.javascript.jscomp.LoggerErrorManager println
WARNING: in1:2: WARNING - Property require never defined on goog
goog.require('foo.bar')
^

Mar 04, 2017 1:21:58 AM com.google.javascript.jscomp.LoggerErrorManager printSummary
WARNING: 0 error(s), 3 warning(s), 57.1% typed
Mar 04, 2017 1:21:58 AM com.google.javascript.jscomp.SymbolTable$JSDocInfoCollector visitTypeNode
WARNING: Could not find symbol for type: number
Mar 04, 2017 1:21:58 AM com.google.javascript.jscomp.SymbolTable$JSDocInfoCollector visitTypeNode
WARNING: Could not find symbol for type: number
Mar 04, 2017 1:21:58 AM com.google.javascript.jscomp.SymbolTable$JSDocInfoCollector visitTypeNode
WARNING: Could not find symbol for type: number
Mar 04, 2017 1:21:58 AM com.google.javascript.jscomp.SymbolTable$JSDocInfoCollector visitTypeNode
WARNING: Could not find symbol for type: number
Mar 04, 2017 1:21:58 AM com.google.javascript.jscomp.SymbolTable$JSDocInfoCollector visitTypeNode
WARNING: Could not find symbol for type: length
Mar 04, 2017 1:21:58 AM com.google.javascript.jscomp.SymbolTable$JSDocInfoCollector visitTypeNode
WARNING: Could not find symbol for type: number
Mar 04, 2017 1:21:58 AM com.google.javascript.jscomp.SymbolTable$JSDocInfoCollector visitTypeNode
WARNING: Could not find symbol for type: T
Mar 04, 2017 1:21:58 AM com.google.javascript.jscomp.SymbolTable$JSDocInfoCollector visitTypeNode
WARNING: Could not find symbol for type: T
Mar 04, 2017 1:21:58 AM com.google.javascript.jscomp.SymbolTable$JSDocInfoCollector visitTypeNode
WARNING: Could not find symbol for type: number
Mar 04, 2017 1:26:55 AM com.google.javascript.jscomp.LoggerErrorManager println
WARNING: i0:4: WARNING - Parse error. Cycle detected in inheritance chain of type Foo
 */ Foo = /** @type {function(new:Foo)} */ (AyncTestCase());
                                  ^

Mar 04, 2017 1:26:55 AM com.google.javascript.jscomp.LoggerErrorManager printSummary
WARNING: 0 error(s), 1 warning(s), 60% typed
Mar 04, 2017 1:26:56 AM com.google.javascript.jscomp.LoggerErrorManager println
SEVERE: i0:1: ERROR - variable x is undeclared
x = 3;
^

Mar 04, 2017 1:26:56 AM com.google.javascript.jscomp.LoggerErrorManager printSummary
WARNING: 1 error(s), 0 warning(s)
Mar 04, 2017 1:26:56 AM com.google.javascript.jscomp.LoggerErrorManager println
WARNING: i0:1: WARNING - References to the global RegExp object prevents optimization of regular expressions.
/(a)/.test("a");var a = RegExp.$1
                        ^

Mar 04, 2017 1:26:56 AM com.google.javascript.jscomp.LoggerErrorManager printSummary
WARNING: 0 error(s), 1 warning(s)
java.lang.RuntimeException: java.lang.InterruptedException
	at com.google.common.base.Throwables.propagate(Throwables.java:160)
	at com.google.javascript.jscomp.Compiler.runInCompilerThread(Compiler.java:704)
	at com.google.javascript.jscomp.Compiler.compile(Compiler.java:647)
	at com.google.javascript.jscomp.Compiler.compile(Compiler.java:603)
	at com.google.javascript.jscomp.AbstractCommandLineRunner.doRun(AbstractCommandLineRunner.java:777)
	at com.google.javascript.jscomp.AbstractCommandLineRunner.run(AbstractCommandLineRunner.java:371)
	at com.google.javascript.jscomp.CommandLineRunnerTest.compile(CommandLineRunnerTest.java:1365)
	at com.google.javascript.jscomp.CommandLineRunnerTest.test(CommandLineRunnerTest.java:1248)
	at com.google.javascript.jscomp.CommandLineRunnerTest.test(CommandLineRunnerTest.java:1237)
	at com.google.javascript.jscomp.CommandLineRunnerTest.test(CommandLineRunnerTest.java:1229)
	at com.google.javascript.jscomp.CommandLineRunnerTest.testES5Strict(CommandLineRunnerTest.java:1112)
	at sun.reflect.NativeMethodAccessorImpl.invoke0(Native Method)
	at sun.reflect.NativeMethodAccessorImpl.invoke(NativeMethodAccessorImpl.java:57)
	at sun.reflect.DelegatingMethodAccessorImpl.invoke(DelegatingMethodAccessorImpl.java:43)
	at java.lang.reflect.Method.invoke(Method.java:606)
	at junit.framework.TestCase.runTest(TestCase.java:176)
	at junit.framework.TestCase.runBare(TestCase.java:141)
	at junit.framework.TestResult$1.protect(TestResult.java:122)
	at junit.framework.TestResult.runProtected(TestResult.java:142)
	at junit.framework.TestResult.run(TestResult.java:125)
	at junit.framework.TestCase.run(TestCase.java:129)
	at junit.framework.TestSuite.runTest(TestSuite.java:255)
	at junit.framework.TestSuite.run(TestSuite.java:250)
	at org.junit.internal.runners.JUnit38ClassRunner.run(JUnit38ClassRunner.java:84)
	at org.junit.runner.JUnitCore.run(JUnitCore.java:160)
	at org.junit.runner.JUnitCore.run(JUnitCore.java:138)
	at xxl.java.junit.JUnitSingleTestResultRunner.call(JUnitSingleTestResultRunner.java:27)
	at xxl.java.junit.JUnitSingleTestResultRunner.call(JUnitSingleTestResultRunner.java:10)
	at java.util.concurrent.FutureTask.run(FutureTask.java:262)
	at java.util.concurrent.ThreadPoolExecutor.runWorker(ThreadPoolExecutor.java:1145)
	at java.util.concurrent.ThreadPoolExecutor$Worker.run(ThreadPoolExecutor.java:615)
	at java.lang.Thread.run(Thread.java:745)
Caused by: java.lang.InterruptedException
	at java.util.concurrent.FutureTask.awaitDone(FutureTask.java:400)
	at java.util.concurrent.FutureTask.get(FutureTask.java:187)
	at com.google.javascript.jscomp.Compiler.runInCompilerThread(Compiler.java:702)
	... 30 more
Mar 04, 2017 1:27:15 AM com.google.javascript.jscomp.LoggerErrorManager println
WARNING: i0:4: WARNING - Parse error. Cycle detected in inheritance chain of type Foo
 */ Foo = /** @type {function(new:Foo)} */ (AyncTestCase());
                                  ^

Mar 04, 2017 1:27:15 AM com.google.javascript.jscomp.LoggerErrorManager printSummary
WARNING: 0 error(s), 1 warning(s), 60% typed
Mar 04, 2017 1:27:15 AM com.google.javascript.jscomp.LoggerErrorManager println
SEVERE: i0:1: ERROR - variable x is undeclared
x = 3;
^

Mar 04, 2017 1:27:15 AM com.google.javascript.jscomp.LoggerErrorManager printSummary
WARNING: 1 error(s), 0 warning(s)
Mar 04, 2017 1:27:15 AM com.google.javascript.jscomp.LoggerErrorManager println
WARNING: i0:1: WARNING - References to the global RegExp object prevents optimization of regular expressions.
/(a)/.test("a");var a = RegExp.$1
                        ^

Mar 04, 2017 1:27:15 AM com.google.javascript.jscomp.LoggerErrorManager printSummary
WARNING: 0 error(s), 1 warning(s)
java.lang.RuntimeException: java.lang.InterruptedException
	at com.google.common.base.Throwables.propagate(Throwables.java:160)
	at com.google.javascript.jscomp.Compiler.runInCompilerThread(Compiler.java:704)
	at com.google.javascript.jscomp.Compiler.compile(Compiler.java:647)
	at com.google.javascript.jscomp.Compiler.compile(Compiler.java:603)
	at com.google.javascript.jscomp.AbstractCommandLineRunner.doRun(AbstractCommandLineRunner.java:777)
	at com.google.javascript.jscomp.AbstractCommandLineRunner.run(AbstractCommandLineRunner.java:371)
	at com.google.javascript.jscomp.CommandLineRunnerTest.compile(CommandLineRunnerTest.java:1365)
	at com.google.javascript.jscomp.CommandLineRunnerTest.testES5StrictUseStrict(CommandLineRunnerTest.java:1119)
	at sun.reflect.NativeMethodAccessorImpl.invoke0(Native Method)
	at sun.reflect.NativeMethodAccessorImpl.invoke(NativeMethodAccessorImpl.java:57)
	at sun.reflect.DelegatingMethodAccessorImpl.invoke(DelegatingMethodAccessorImpl.java:43)
	at java.lang.reflect.Method.invoke(Method.java:606)
	at junit.framework.TestCase.runTest(TestCase.java:176)
	at junit.framework.TestCase.runBare(TestCase.java:141)
	at junit.framework.TestResult$1.protect(TestResult.java:122)
	at junit.framework.TestResult.runProtected(TestResult.java:142)
	at junit.framework.TestResult.run(TestResult.java:125)
	at junit.framework.TestCase.run(TestCase.java:129)
	at junit.framework.TestSuite.runTest(TestSuite.java:255)
	at junit.framework.TestSuite.run(TestSuite.java:250)
	at org.junit.internal.runners.JUnit38ClassRunner.run(JUnit38ClassRunner.java:84)
	at org.junit.runner.JUnitCore.run(JUnitCore.java:160)
	at org.junit.runner.JUnitCore.run(JUnitCore.java:138)
	at xxl.java.junit.JUnitSingleTestResultRunner.call(JUnitSingleTestResultRunner.java:27)
	at xxl.java.junit.JUnitSingleTestResultRunner.call(JUnitSingleTestResultRunner.java:10)
	at java.util.concurrent.FutureTask.run(FutureTask.java:262)
	at java.util.concurrent.ThreadPoolExecutor.runWorker(ThreadPoolExecutor.java:1145)
	at java.util.concurrent.ThreadPoolExecutor$Worker.run(ThreadPoolExecutor.java:615)
	at java.lang.Thread.run(Thread.java:745)
Caused by: java.lang.InterruptedException
	at java.util.concurrent.FutureTask.awaitDone(FutureTask.java:400)
	at java.util.concurrent.FutureTask.get(FutureTask.java:187)
	at com.google.javascript.jscomp.Compiler.runInCompilerThread(Compiler.java:702)
	... 27 more
Mar 04, 2017 1:27:36 AM com.google.javascript.jscomp.LoggerErrorManager println
WARNING: i0:4: WARNING - Parse error. Cycle detected in inheritance chain of type Foo
 */ Foo = /** @type {function(new:Foo)} */ (AyncTestCase());
                                  ^

Mar 04, 2017 1:27:36 AM com.google.javascript.jscomp.LoggerErrorManager printSummary
WARNING: 0 error(s), 1 warning(s), 60% typed
Mar 04, 2017 1:27:36 AM com.google.javascript.jscomp.LoggerErrorManager println
SEVERE: i0:1: ERROR - variable x is undeclared
x = 3;
^

Mar 04, 2017 1:27:36 AM com.google.javascript.jscomp.LoggerErrorManager printSummary
WARNING: 1 error(s), 0 warning(s)
Mar 04, 2017 1:27:36 AM com.google.javascript.jscomp.LoggerErrorManager println
WARNING: i0:1: WARNING - References to the global RegExp object prevents optimization of regular expressions.
/(a)/.test("a");var a = RegExp.$1
                        ^

Mar 04, 2017 1:27:36 AM com.google.javascript.jscomp.LoggerErrorManager printSummary
WARNING: 0 error(s), 1 warning(s)
Mar 04, 2017 1:27:37 AM com.google.javascript.jscomp.LoggerErrorManager println
WARNING: externs1:3: WARNING - attempted re-definition of type Function
found   : function (new:Function, *): ?
expected: function (new:Function, ...[*]): ?
 * @param {*} var_args */ function Function(var_args) {}/** @type {!Function} */ Function.prototype.apply;/** @type {!Function} */ Function.prototype.bind;/** @type {!Function} */ Function.prototype.call;/** @constructor 
                          ^

Mar 04, 2017 1:27:37 AM com.google.javascript.jscomp.LoggerErrorManager println
WARNING: externs1:8: WARNING - attempted re-definition of type Array
found   : function (new:Array, *): Array
expected: function (new:Array, ...[*]): Array
 @return {!Array} */function Array(var_args) {}
                    ^

Mar 04, 2017 1:27:37 AM com.google.javascript.jscomp.LoggerErrorManager println
WARNING: in1:2: WARNING - Property dom never defined on goog
goog.dom.DomHelper = function(){};
^

Mar 04, 2017 1:27:37 AM com.google.javascript.jscomp.LoggerErrorManager println
WARNING: in1:3: WARNING - Property dom never defined on goog
var y = goog.dom.DomHelper;
        ^

Mar 04, 2017 1:27:37 AM com.google.javascript.jscomp.LoggerErrorManager println
SEVERE: in1:2: ERROR - variable goog is undeclared
goog.dom.DomHelper = function(){};
^

Mar 04, 2017 1:27:37 AM com.google.javascript.jscomp.LoggerErrorManager printSummary
WARNING: 1 error(s), 4 warning(s), 60% typed
Mar 04, 2017 1:27:37 AM com.google.javascript.jscomp.SymbolTable$JSDocInfoCollector visitTypeNode
WARNING: Could not find symbol for type: number
Mar 04, 2017 1:27:37 AM com.google.javascript.jscomp.SymbolTable$JSDocInfoCollector visitTypeNode
WARNING: Could not find symbol for type: number
Mar 04, 2017 1:27:37 AM com.google.javascript.jscomp.SymbolTable$JSDocInfoCollector visitTypeNode
WARNING: Could not find symbol for type: number
Mar 04, 2017 1:27:37 AM com.google.javascript.jscomp.SymbolTable$JSDocInfoCollector visitTypeNode
WARNING: Could not find symbol for type: number
Mar 04, 2017 1:27:37 AM com.google.javascript.jscomp.SymbolTable$JSDocInfoCollector visitTypeNode
WARNING: Could not find symbol for type: length
Mar 04, 2017 1:27:37 AM com.google.javascript.jscomp.SymbolTable$JSDocInfoCollector visitTypeNode
WARNING: Could not find symbol for type: number
Mar 04, 2017 1:27:37 AM com.google.javascript.jscomp.SymbolTable$JSDocInfoCollector visitTypeNode
WARNING: Could not find symbol for type: T
Mar 04, 2017 1:27:37 AM com.google.javascript.jscomp.SymbolTable$JSDocInfoCollector visitTypeNode
WARNING: Could not find symbol for type: T
Mar 04, 2017 1:27:37 AM com.google.javascript.jscomp.SymbolTable$JSDocInfoCollector visitTypeNode
WARNING: Could not find symbol for type: number
Mar 04, 2017 1:27:37 AM com.google.javascript.jscomp.LoggerErrorManager println
WARNING: externs1:3: WARNING - attempted re-definition of type Function
found   : function (new:Function, *): ?
expected: function (new:Function, ...[*]): ?
 * @param {*} var_args */ function Function(var_args) {}/** @type {!Function} */ Function.prototype.apply;/** @type {!Function} */ Function.prototype.bind;/** @type {!Function} */ Function.prototype.call;/** @constructor 
                          ^

Mar 04, 2017 1:27:37 AM com.google.javascript.jscomp.LoggerErrorManager println
WARNING: externs1:8: WARNING - attempted re-definition of type Array
found   : function (new:Array, *): Array
expected: function (new:Array, ...[*]): Array
 @return {!Array} */function Array(var_args) {}
                    ^

Mar 04, 2017 1:27:37 AM com.google.javascript.jscomp.LoggerErrorManager println
WARNING: in1:12: WARNING - Property inherits never defined on goog
goog.inherits(a.b.DerivedClass, a.b.BaseClass);
^

Mar 04, 2017 1:27:37 AM com.google.javascript.jscomp.LoggerErrorManager println
SEVERE: in1:5: ERROR - variable alert is undeclared
  alert('hi');
  ^

Mar 04, 2017 1:27:37 AM com.google.javascript.jscomp.LoggerErrorManager println
SEVERE: in1:12: ERROR - variable goog is undeclared
goog.inherits(a.b.DerivedClass, a.b.BaseClass);
^

Mar 04, 2017 1:27:37 AM com.google.javascript.jscomp.LoggerErrorManager printSummary
WARNING: 2 error(s), 3 warning(s), 92.6% typed
Mar 04, 2017 1:27:37 AM com.google.javascript.jscomp.SymbolTable$JSDocInfoCollector visitTypeNode
WARNING: Could not find symbol for type: number
Mar 04, 2017 1:27:37 AM com.google.javascript.jscomp.SymbolTable$JSDocInfoCollector visitTypeNode
WARNING: Could not find symbol for type: number
Mar 04, 2017 1:27:37 AM com.google.javascript.jscomp.SymbolTable$JSDocInfoCollector visitTypeNode
WARNING: Could not find symbol for type: number
Mar 04, 2017 1:27:37 AM com.google.javascript.jscomp.SymbolTable$JSDocInfoCollector visitTypeNode
WARNING: Could not find symbol for type: number
Mar 04, 2017 1:27:37 AM com.google.javascript.jscomp.SymbolTable$JSDocInfoCollector visitTypeNode
WARNING: Could not find symbol for type: length
Mar 04, 2017 1:27:37 AM com.google.javascript.jscomp.SymbolTable$JSDocInfoCollector visitTypeNode
WARNING: Could not find symbol for type: number
Mar 04, 2017 1:27:37 AM com.google.javascript.jscomp.SymbolTable$JSDocInfoCollector visitTypeNode
WARNING: Could not find symbol for type: T
Mar 04, 2017 1:27:37 AM com.google.javascript.jscomp.SymbolTable$JSDocInfoCollector visitTypeNode
WARNING: Could not find symbol for type: T
Mar 04, 2017 1:27:37 AM com.google.javascript.jscomp.SymbolTable$JSDocInfoCollector visitTypeNode
WARNING: Could not find symbol for type: number
Mar 04, 2017 1:27:37 AM com.google.javascript.jscomp.LoggerErrorManager println
WARNING: externs1:3: WARNING - attempted re-definition of type Function
found   : function (new:Function, *): ?
expected: function (new:Function, ...[*]): ?
 * @param {*} var_args */ function Function(var_args) {}/** @type {!Function} */ Function.prototype.apply;/** @type {!Function} */ Function.prototype.bind;/** @type {!Function} */ Function.prototype.call;/** @constructor 
                          ^

Mar 04, 2017 1:27:37 AM com.google.javascript.jscomp.LoggerErrorManager println
WARNING: externs1:8: WARNING - attempted re-definition of type Array
found   : function (new:Array, *): Array
expected: function (new:Array, ...[*]): Array
 @return {!Array} */function Array(var_args) {}
                    ^

Mar 04, 2017 1:27:37 AM com.google.javascript.jscomp.LoggerErrorManager println
SEVERE: in1:1: ERROR - variable x is undeclared
/** @constructor */ var DomHelper = function(){};DomHelper.prototype.method = function() {   this.field = 3;  return x.field;}
                                                                                                                     ^

Mar 04, 2017 1:27:37 AM com.google.javascript.jscomp.LoggerErrorManager printSummary
WARNING: 1 error(s), 2 warning(s), 83.3% typed
Mar 04, 2017 1:27:37 AM com.google.javascript.jscomp.SymbolTable$JSDocInfoCollector visitTypeNode
WARNING: Could not find symbol for type: number
Mar 04, 2017 1:27:37 AM com.google.javascript.jscomp.SymbolTable$JSDocInfoCollector visitTypeNode
WARNING: Could not find symbol for type: number
Mar 04, 2017 1:27:37 AM com.google.javascript.jscomp.SymbolTable$JSDocInfoCollector visitTypeNode
WARNING: Could not find symbol for type: number
Mar 04, 2017 1:27:37 AM com.google.javascript.jscomp.SymbolTable$JSDocInfoCollector visitTypeNode
WARNING: Could not find symbol for type: number
Mar 04, 2017 1:27:37 AM com.google.javascript.jscomp.SymbolTable$JSDocInfoCollector visitTypeNode
WARNING: Could not find symbol for type: length
Mar 04, 2017 1:27:37 AM com.google.javascript.jscomp.SymbolTable$JSDocInfoCollector visitTypeNode
WARNING: Could not find symbol for type: number
Mar 04, 2017 1:27:37 AM com.google.javascript.jscomp.SymbolTable$JSDocInfoCollector visitTypeNode
WARNING: Could not find symbol for type: T
Mar 04, 2017 1:27:37 AM com.google.javascript.jscomp.SymbolTable$JSDocInfoCollector visitTypeNode
WARNING: Could not find symbol for type: T
Mar 04, 2017 1:27:37 AM com.google.javascript.jscomp.SymbolTable$JSDocInfoCollector visitTypeNode
WARNING: Could not find symbol for type: number
Mar 04, 2017 1:27:37 AM com.google.javascript.jscomp.LoggerErrorManager println
WARNING: externs1:3: WARNING - attempted re-definition of type Function
found   : function (new:Function, *): ?
expected: function (new:Function, ...[*]): ?
 * @param {*} var_args */ function Function(var_args) {}/** @type {!Function} */ Function.prototype.apply;/** @type {!Function} */ Function.prototype.bind;/** @type {!Function} */ Function.prototype.call;/** @constructor 
                          ^

Mar 04, 2017 1:27:37 AM com.google.javascript.jscomp.LoggerErrorManager println
WARNING: externs1:8: WARNING - attempted re-definition of type Array
found   : function (new:Array, *): Array
expected: function (new:Array, ...[*]): Array
 @return {!Array} */function Array(var_args) {}
                    ^

Mar 04, 2017 1:27:37 AM com.google.javascript.jscomp.LoggerErrorManager println
SEVERE: in1:1: ERROR - variable goog is undeclared
/** @constructor */ goog.Foo = function(){};
                    ^

Mar 04, 2017 1:27:37 AM com.google.javascript.jscomp.LoggerErrorManager printSummary
WARNING: 1 error(s), 2 warning(s), 66.7% typed
Mar 04, 2017 1:27:37 AM com.google.javascript.jscomp.SymbolTable$JSDocInfoCollector visitTypeNode
WARNING: Could not find symbol for type: number
Mar 04, 2017 1:27:37 AM com.google.javascript.jscomp.SymbolTable$JSDocInfoCollector visitTypeNode
WARNING: Could not find symbol for type: number
Mar 04, 2017 1:27:37 AM com.google.javascript.jscomp.SymbolTable$JSDocInfoCollector visitTypeNode
WARNING: Could not find symbol for type: number
Mar 04, 2017 1:27:37 AM com.google.javascript.jscomp.SymbolTable$JSDocInfoCollector visitTypeNode
WARNING: Could not find symbol for type: number
Mar 04, 2017 1:27:37 AM com.google.javascript.jscomp.SymbolTable$JSDocInfoCollector visitTypeNode
WARNING: Could not find symbol for type: length
Mar 04, 2017 1:27:37 AM com.google.javascript.jscomp.SymbolTable$JSDocInfoCollector visitTypeNode
WARNING: Could not find symbol for type: number
Mar 04, 2017 1:27:37 AM com.google.javascript.jscomp.SymbolTable$JSDocInfoCollector visitTypeNode
WARNING: Could not find symbol for type: T
Mar 04, 2017 1:27:37 AM com.google.javascript.jscomp.SymbolTable$JSDocInfoCollector visitTypeNode
WARNING: Could not find symbol for type: T
Mar 04, 2017 1:27:37 AM com.google.javascript.jscomp.SymbolTable$JSDocInfoCollector visitTypeNode
WARNING: Could not find symbol for type: number
Mar 04, 2017 1:27:37 AM com.google.javascript.jscomp.LoggerErrorManager println
WARNING: externs1:3: WARNING - attempted re-definition of type Function
found   : function (new:Function, *): ?
expected: function (new:Function, ...[*]): ?
 * @param {*} var_args */ function Function(var_args) {}/** @type {!Function} */ Function.prototype.apply;/** @type {!Function} */ Function.prototype.bind;/** @type {!Function} */ Function.prototype.call;/** @constructor 
                          ^

Mar 04, 2017 1:27:37 AM com.google.javascript.jscomp.LoggerErrorManager println
WARNING: externs1:8: WARNING - attempted re-definition of type Array
found   : function (new:Array, *): Array
expected: function (new:Array, ...[*]): Array
 @return {!Array} */function Array(var_args) {}
                    ^

Mar 04, 2017 1:27:37 AM com.google.javascript.jscomp.LoggerErrorManager println
WARNING: in1:2: WARNING - Property require never defined on goog
goog.require('foo.bar')
^

Mar 04, 2017 1:27:37 AM com.google.javascript.jscomp.LoggerErrorManager println
SEVERE: in1:1: ERROR - variable foo is undeclared
foo.bar = function(){};  // definition
^

Mar 04, 2017 1:27:37 AM com.google.javascript.jscomp.LoggerErrorManager println
SEVERE: in1:2: ERROR - variable goog is undeclared
goog.require('foo.bar')
^

Mar 04, 2017 1:27:37 AM com.google.javascript.jscomp.LoggerErrorManager printSummary
WARNING: 2 error(s), 3 warning(s), 57.1% typed
Mar 04, 2017 1:27:37 AM com.google.javascript.jscomp.SymbolTable$JSDocInfoCollector visitTypeNode
WARNING: Could not find symbol for type: number
Mar 04, 2017 1:27:37 AM com.google.javascript.jscomp.SymbolTable$JSDocInfoCollector visitTypeNode
WARNING: Could not find symbol for type: number
Mar 04, 2017 1:27:37 AM com.google.javascript.jscomp.SymbolTable$JSDocInfoCollector visitTypeNode
WARNING: Could not find symbol for type: number
Mar 04, 2017 1:27:37 AM com.google.javascript.jscomp.SymbolTable$JSDocInfoCollector visitTypeNode
WARNING: Could not find symbol for type: number
Mar 04, 2017 1:27:37 AM com.google.javascript.jscomp.SymbolTable$JSDocInfoCollector visitTypeNode
WARNING: Could not find symbol for type: length
Mar 04, 2017 1:27:37 AM com.google.javascript.jscomp.SymbolTable$JSDocInfoCollector visitTypeNode
WARNING: Could not find symbol for type: number
Mar 04, 2017 1:27:37 AM com.google.javascript.jscomp.SymbolTable$JSDocInfoCollector visitTypeNode
WARNING: Could not find symbol for type: T
Mar 04, 2017 1:27:37 AM com.google.javascript.jscomp.SymbolTable$JSDocInfoCollector visitTypeNode
WARNING: Could not find symbol for type: T
Mar 04, 2017 1:27:37 AM com.google.javascript.jscomp.SymbolTable$JSDocInfoCollector visitTypeNode
WARNING: Could not find symbol for type: number
Mar 04, 2017 1:27:38 AM com.google.javascript.jscomp.LoggerErrorManager println
WARNING: i0:1: WARNING - References to the global RegExp object prevents optimization of regular expressions.
/(a)/.test("a");var a = RegExp.$1
                        ^

Mar 04, 2017 1:27:38 AM com.google.javascript.jscomp.LoggerErrorManager printSummary
WARNING: 0 error(s), 1 warning(s)
Mar 04, 2017 1:27:56 AM com.google.javascript.jscomp.LoggerErrorManager println
WARNING: externs1:3: WARNING - attempted re-definition of type Function
found   : function (new:Function, *): ?
expected: function (new:Function, ...[*]): ?
 * @param {*} var_args */ function Function(var_args) {}/** @type {!Function} */ Function.prototype.apply;/** @type {!Function} */ Function.prototype.bind;/** @type {!Function} */ Function.prototype.call;/** @constructor 
                          ^

Mar 04, 2017 1:27:56 AM com.google.javascript.jscomp.LoggerErrorManager println
WARNING: externs1:8: WARNING - attempted re-definition of type Array
found   : function (new:Array, *): Array
expected: function (new:Array, ...[*]): Array
 @return {!Array} */function Array(var_args) {}
                    ^

Mar 04, 2017 1:27:56 AM com.google.javascript.jscomp.LoggerErrorManager println
WARNING: in1:5: WARNING - unknown variable alert
  alert('hi');
  ^

Mar 04, 2017 1:27:56 AM com.google.javascript.jscomp.LoggerErrorManager println
WARNING: in1:12: WARNING - Property inherits never defined on goog
goog.inherits(a.b.DerivedClass, a.b.BaseClass);
^

Mar 04, 2017 1:27:56 AM com.google.javascript.jscomp.LoggerErrorManager println
WARNING: in1:12: WARNING - unknown variable goog
goog.inherits(a.b.DerivedClass, a.b.BaseClass);
^

Mar 04, 2017 1:27:56 AM com.google.javascript.jscomp.LoggerErrorManager printSummary
WARNING: 0 error(s), 5 warning(s), 92.6% typed
Mar 04, 2017 1:27:56 AM com.google.javascript.jscomp.SymbolTable$JSDocInfoCollector visitTypeNode
WARNING: Could not find symbol for type: number
Mar 04, 2017 1:27:56 AM com.google.javascript.jscomp.SymbolTable$JSDocInfoCollector visitTypeNode
WARNING: Could not find symbol for type: number
Mar 04, 2017 1:27:56 AM com.google.javascript.jscomp.SymbolTable$JSDocInfoCollector visitTypeNode
WARNING: Could not find symbol for type: number
Mar 04, 2017 1:27:56 AM com.google.javascript.jscomp.SymbolTable$JSDocInfoCollector visitTypeNode
WARNING: Could not find symbol for type: number
Mar 04, 2017 1:27:56 AM com.google.javascript.jscomp.SymbolTable$JSDocInfoCollector visitTypeNode
WARNING: Could not find symbol for type: length
Mar 04, 2017 1:27:56 AM com.google.javascript.jscomp.SymbolTable$JSDocInfoCollector visitTypeNode
WARNING: Could not find symbol for type: number
Mar 04, 2017 1:27:56 AM com.google.javascript.jscomp.SymbolTable$JSDocInfoCollector visitTypeNode
WARNING: Could not find symbol for type: T
Mar 04, 2017 1:27:56 AM com.google.javascript.jscomp.SymbolTable$JSDocInfoCollector visitTypeNode
WARNING: Could not find symbol for type: T
Mar 04, 2017 1:27:56 AM com.google.javascript.jscomp.SymbolTable$JSDocInfoCollector visitTypeNode
WARNING: Could not find symbol for type: number
Mar 04, 2017 1:27:57 AM com.google.javascript.jscomp.LoggerErrorManager println
WARNING: externs1:3: WARNING - attempted re-definition of type Function
found   : function (new:Function, *): ?
expected: function (new:Function, ...[*]): ?
 * @param {*} var_args */ function Function(var_args) {}/** @type {!Function} */ Function.prototype.apply;/** @type {!Function} */ Function.prototype.bind;/** @type {!Function} */ Function.prototype.call;/** @constructor 
                          ^

Mar 04, 2017 1:27:57 AM com.google.javascript.jscomp.LoggerErrorManager println
WARNING: externs1:8: WARNING - attempted re-definition of type Array
found   : function (new:Array, *): Array
expected: function (new:Array, ...[*]): Array
 @return {!Array} */function Array(var_args) {}
                    ^

Mar 04, 2017 1:27:57 AM com.google.javascript.jscomp.LoggerErrorManager println
WARNING: in1:2: WARNING - Property dom never defined on goog
goog.dom.DomHelper = function(){};
^

Mar 04, 2017 1:27:57 AM com.google.javascript.jscomp.LoggerErrorManager println
WARNING: in1:2: WARNING - unknown variable goog
goog.dom.DomHelper = function(){};
^

Mar 04, 2017 1:27:57 AM com.google.javascript.jscomp.LoggerErrorManager println
WARNING: in1:3: WARNING - Property dom never defined on goog
var y = goog.dom.DomHelper;
        ^

Mar 04, 2017 1:27:57 AM com.google.javascript.jscomp.LoggerErrorManager println
WARNING: in1:3: WARNING - unknown variable goog
var y = goog.dom.DomHelper;
        ^

Mar 04, 2017 1:27:57 AM com.google.javascript.jscomp.LoggerErrorManager printSummary
WARNING: 0 error(s), 6 warning(s), 60% typed
Mar 04, 2017 1:27:57 AM com.google.javascript.jscomp.SymbolTable$JSDocInfoCollector visitTypeNode
WARNING: Could not find symbol for type: number
Mar 04, 2017 1:27:57 AM com.google.javascript.jscomp.SymbolTable$JSDocInfoCollector visitTypeNode
WARNING: Could not find symbol for type: number
Mar 04, 2017 1:27:57 AM com.google.javascript.jscomp.SymbolTable$JSDocInfoCollector visitTypeNode
WARNING: Could not find symbol for type: number
Mar 04, 2017 1:27:57 AM com.google.javascript.jscomp.SymbolTable$JSDocInfoCollector visitTypeNode
WARNING: Could not find symbol for type: number
Mar 04, 2017 1:27:57 AM com.google.javascript.jscomp.SymbolTable$JSDocInfoCollector visitTypeNode
WARNING: Could not find symbol for type: length
Mar 04, 2017 1:27:57 AM com.google.javascript.jscomp.SymbolTable$JSDocInfoCollector visitTypeNode
WARNING: Could not find symbol for type: number
Mar 04, 2017 1:27:57 AM com.google.javascript.jscomp.SymbolTable$JSDocInfoCollector visitTypeNode
WARNING: Could not find symbol for type: T
Mar 04, 2017 1:27:57 AM com.google.javascript.jscomp.SymbolTable$JSDocInfoCollector visitTypeNode
WARNING: Could not find symbol for type: T
Mar 04, 2017 1:27:57 AM com.google.javascript.jscomp.SymbolTable$JSDocInfoCollector visitTypeNode
WARNING: Could not find symbol for type: number
Mar 04, 2017 1:27:57 AM com.google.javascript.jscomp.LoggerErrorManager println
WARNING: externs1:3: WARNING - attempted re-definition of type Function
found   : function (new:Function, *): ?
expected: function (new:Function, ...[*]): ?
 * @param {*} var_args */ function Function(var_args) {}/** @type {!Function} */ Function.prototype.apply;/** @type {!Function} */ Function.prototype.bind;/** @type {!Function} */ Function.prototype.call;/** @constructor 
                          ^

Mar 04, 2017 1:27:57 AM com.google.javascript.jscomp.LoggerErrorManager println
WARNING: externs1:8: WARNING - attempted re-definition of type Array
found   : function (new:Array, *): Array
expected: function (new:Array, ...[*]): Array
 @return {!Array} */function Array(var_args) {}
                    ^

Mar 04, 2017 1:27:57 AM com.google.javascript.jscomp.LoggerErrorManager println
WARNING: in1:1: WARNING - unknown variable x
/** @constructor */ var DomHelper = function(){};DomHelper.prototype.method = function() {   this.field = 3;  return x.field;}
                                                                                                                     ^

Mar 04, 2017 1:27:57 AM com.google.javascript.jscomp.LoggerErrorManager printSummary
WARNING: 0 error(s), 3 warning(s), 83.3% typed
Mar 04, 2017 1:27:57 AM com.google.javascript.jscomp.SymbolTable$JSDocInfoCollector visitTypeNode
WARNING: Could not find symbol for type: number
Mar 04, 2017 1:27:57 AM com.google.javascript.jscomp.SymbolTable$JSDocInfoCollector visitTypeNode
WARNING: Could not find symbol for type: number
Mar 04, 2017 1:27:57 AM com.google.javascript.jscomp.SymbolTable$JSDocInfoCollector visitTypeNode
WARNING: Could not find symbol for type: number
Mar 04, 2017 1:27:57 AM com.google.javascript.jscomp.SymbolTable$JSDocInfoCollector visitTypeNode
WARNING: Could not find symbol for type: number
Mar 04, 2017 1:27:57 AM com.google.javascript.jscomp.SymbolTable$JSDocInfoCollector visitTypeNode
WARNING: Could not find symbol for type: length
Mar 04, 2017 1:27:57 AM com.google.javascript.jscomp.SymbolTable$JSDocInfoCollector visitTypeNode
WARNING: Could not find symbol for type: number
Mar 04, 2017 1:27:57 AM com.google.javascript.jscomp.SymbolTable$JSDocInfoCollector visitTypeNode
WARNING: Could not find symbol for type: T
Mar 04, 2017 1:27:57 AM com.google.javascript.jscomp.SymbolTable$JSDocInfoCollector visitTypeNode
WARNING: Could not find symbol for type: T
Mar 04, 2017 1:27:57 AM com.google.javascript.jscomp.SymbolTable$JSDocInfoCollector visitTypeNode
WARNING: Could not find symbol for type: number
Mar 04, 2017 1:27:57 AM com.google.javascript.jscomp.LoggerErrorManager println
WARNING: externs1:3: WARNING - attempted re-definition of type Function
found   : function (new:Function, *): ?
expected: function (new:Function, ...[*]): ?
 * @param {*} var_args */ function Function(var_args) {}/** @type {!Function} */ Function.prototype.apply;/** @type {!Function} */ Function.prototype.bind;/** @type {!Function} */ Function.prototype.call;/** @constructor 
                          ^

Mar 04, 2017 1:27:57 AM com.google.javascript.jscomp.LoggerErrorManager println
WARNING: externs1:8: WARNING - attempted re-definition of type Array
found   : function (new:Array, *): Array
expected: function (new:Array, ...[*]): Array
 @return {!Array} */function Array(var_args) {}
                    ^

Mar 04, 2017 1:27:57 AM com.google.javascript.jscomp.LoggerErrorManager println
WARNING: in1:1: WARNING - unknown variable goog
/** @constructor */ goog.Foo = function(){};
                    ^

Mar 04, 2017 1:27:57 AM com.google.javascript.jscomp.LoggerErrorManager printSummary
WARNING: 0 error(s), 3 warning(s), 66.7% typed
Mar 04, 2017 1:27:57 AM com.google.javascript.jscomp.SymbolTable$JSDocInfoCollector visitTypeNode
WARNING: Could not find symbol for type: number
Mar 04, 2017 1:27:57 AM com.google.javascript.jscomp.SymbolTable$JSDocInfoCollector visitTypeNode
WARNING: Could not find symbol for type: number
Mar 04, 2017 1:27:57 AM com.google.javascript.jscomp.SymbolTable$JSDocInfoCollector visitTypeNode
WARNING: Could not find symbol for type: number
Mar 04, 2017 1:27:57 AM com.google.javascript.jscomp.SymbolTable$JSDocInfoCollector visitTypeNode
WARNING: Could not find symbol for type: number
Mar 04, 2017 1:27:57 AM com.google.javascript.jscomp.SymbolTable$JSDocInfoCollector visitTypeNode
WARNING: Could not find symbol for type: length
Mar 04, 2017 1:27:57 AM com.google.javascript.jscomp.SymbolTable$JSDocInfoCollector visitTypeNode
WARNING: Could not find symbol for type: number
Mar 04, 2017 1:27:57 AM com.google.javascript.jscomp.SymbolTable$JSDocInfoCollector visitTypeNode
WARNING: Could not find symbol for type: T
Mar 04, 2017 1:27:57 AM com.google.javascript.jscomp.SymbolTable$JSDocInfoCollector visitTypeNode
WARNING: Could not find symbol for type: T
Mar 04, 2017 1:27:57 AM com.google.javascript.jscomp.SymbolTable$JSDocInfoCollector visitTypeNode
WARNING: Could not find symbol for type: number
Mar 04, 2017 1:27:57 AM com.google.javascript.jscomp.LoggerErrorManager println
WARNING: i0:4: WARNING - Bad type annotation. Unknown type Foo
 */ Foo = /** @type {function(new:Foo)} */ (AyncTestCase());
                                  ^

Mar 04, 2017 1:27:57 AM com.google.javascript.jscomp.LoggerErrorManager printSummary
WARNING: 0 error(s), 1 warning(s), 60% typed
Mar 04, 2017 1:27:57 AM com.google.javascript.jscomp.LoggerErrorManager println
WARNING: externs1:3: WARNING - attempted re-definition of type Function
found   : function (new:Function, *): ?
expected: function (new:Function, ...[*]): ?
 * @param {*} var_args */ function Function(var_args) {}/** @type {!Function} */ Function.prototype.apply;/** @type {!Function} */ Function.prototype.bind;/** @type {!Function} */ Function.prototype.call;/** @constructor 
                          ^

Mar 04, 2017 1:27:57 AM com.google.javascript.jscomp.LoggerErrorManager println
WARNING: externs1:8: WARNING - attempted re-definition of type Array
found   : function (new:Array, *): Array
expected: function (new:Array, ...[*]): Array
 @return {!Array} */function Array(var_args) {}
                    ^

Mar 04, 2017 1:27:57 AM com.google.javascript.jscomp.LoggerErrorManager println
WARNING: in1:1: WARNING - unknown variable foo
foo.bar = function(){};  // definition
^

Mar 04, 2017 1:27:57 AM com.google.javascript.jscomp.LoggerErrorManager println
WARNING: in1:2: WARNING - Property require never defined on goog
goog.require('foo.bar')
^

Mar 04, 2017 1:27:57 AM com.google.javascript.jscomp.LoggerErrorManager println
WARNING: in1:2: WARNING - unknown variable goog
goog.require('foo.bar')
^

Mar 04, 2017 1:27:57 AM com.google.javascript.jscomp.LoggerErrorManager printSummary
WARNING: 0 error(s), 5 warning(s), 57.1% typed
Mar 04, 2017 1:27:57 AM com.google.javascript.jscomp.SymbolTable$JSDocInfoCollector visitTypeNode
WARNING: Could not find symbol for type: number
Mar 04, 2017 1:27:57 AM com.google.javascript.jscomp.SymbolTable$JSDocInfoCollector visitTypeNode
WARNING: Could not find symbol for type: number
Mar 04, 2017 1:27:57 AM com.google.javascript.jscomp.SymbolTable$JSDocInfoCollector visitTypeNode
WARNING: Could not find symbol for type: number
Mar 04, 2017 1:27:57 AM com.google.javascript.jscomp.SymbolTable$JSDocInfoCollector visitTypeNode
WARNING: Could not find symbol for type: number
Mar 04, 2017 1:27:57 AM com.google.javascript.jscomp.SymbolTable$JSDocInfoCollector visitTypeNode
WARNING: Could not find symbol for type: length
Mar 04, 2017 1:27:57 AM com.google.javascript.jscomp.SymbolTable$JSDocInfoCollector visitTypeNode
WARNING: Could not find symbol for type: number
Mar 04, 2017 1:27:57 AM com.google.javascript.jscomp.SymbolTable$JSDocInfoCollector visitTypeNode
WARNING: Could not find symbol for type: T
Mar 04, 2017 1:27:57 AM com.google.javascript.jscomp.SymbolTable$JSDocInfoCollector visitTypeNode
WARNING: Could not find symbol for type: T
Mar 04, 2017 1:27:57 AM com.google.javascript.jscomp.SymbolTable$JSDocInfoCollector visitTypeNode
WARNING: Could not find symbol for type: number
java.io.IOException: Stream closed
	at java.io.BufferedInputStream.getBufIfOpen(BufferedInputStream.java:162)
	at java.io.BufferedInputStream.read1(BufferedInputStream.java:280)
	at java.io.BufferedInputStream.read(BufferedInputStream.java:334)
	at java.io.FilterInputStream.read(FilterInputStream.java:107)
	at fr.inria.lille.repair.vm.DebugJUnitRunner$1.run(DebugJUnitRunner.java:32)
	at java.lang.Thread.run(Thread.java:745)
java.io.IOException: Stream closed
	at java.io.BufferedInputStream.getBufIfOpen(BufferedInputStream.java:162)
	at java.io.BufferedInputStream.read1(BufferedInputStream.java:280)
	at java.io.BufferedInputStream.read(BufferedInputStream.java:334)
	at java.io.FilterInputStream.read(FilterInputStream.java:107)
	at fr.inria.lille.repair.vm.DebugJUnitRunner$1.run(DebugJUnitRunner.java:32)
	at java.lang.Thread.run(Thread.java:745)
Mar 04, 2017 1:49:13 AM com.google.javascript.jscomp.LoggerErrorManager printSummary
INFO: 0 error(s), 0 warning(s), 77.8% typed
Mar 04, 2017 1:49:13 AM com.google.javascript.jscomp.LoggerErrorManager println
WARNING: externs:1: WARNING - name extern is not defined in the externs.
extern.foo
^

Mar 04, 2017 1:49:13 AM com.google.javascript.jscomp.LoggerErrorManager printSummary
WARNING: 0 error(s), 1 warning(s)
Mar 04, 2017 1:49:13 AM com.google.javascript.jscomp.LoggerErrorManager println
WARNING: i0:4: WARNING - Parse error. Cycle detected in inheritance chain of type Foo
 */ Foo = /** @type {function(new:Foo)} */ (AyncTestCase());
                                  ^

Mar 04, 2017 1:49:13 AM com.google.javascript.jscomp.LoggerErrorManager printSummary
WARNING: 0 error(s), 1 warning(s), 60% typed
Mar 04, 2017 1:49:13 AM com.google.javascript.jscomp.LoggerErrorManager println
WARNING: i0:1: WARNING - Function x.f: called with 1 argument(s). Function requires at least 0 argument(s) and no more than 0 argument(s).
var x = x || {}; x.f = function() {}; x.f(3);
                                      ^

Mar 04, 2017 1:49:13 AM com.google.javascript.jscomp.LoggerErrorManager printSummary
WARNING: 0 error(s), 1 warning(s), 100% typed
Mar 04, 2017 1:49:13 AM com.google.javascript.jscomp.LoggerErrorManager println
SEVERE: i0:1: ERROR - variable x is undeclared
x = 3;
^

Mar 04, 2017 1:49:13 AM com.google.javascript.jscomp.LoggerErrorManager printSummary
WARNING: 1 error(s), 0 warning(s)
Mar 04, 2017 1:49:13 AM com.google.javascript.jscomp.LoggerErrorManager printSummary
INFO: 0 error(s), 0 warning(s), 88.9% typed
Mar 04, 2017 1:49:13 AM com.google.javascript.jscomp.LoggerErrorManager println
WARNING: i0:1: WARNING - References to the global RegExp object prevents optimization of regular expressions.
/(a)/.test("a");var a = RegExp.$1
                        ^

Mar 04, 2017 1:49:13 AM com.google.javascript.jscomp.LoggerErrorManager printSummary
WARNING: 0 error(s), 1 warning(s)
Mar 04, 2017 1:49:13 AM com.google.javascript.jscomp.LoggerErrorManager println
SEVERE: i0:1: ERROR - variables, functions, and arguments cannot be deleted in ES5 strict mode
var a  = 2; delete a;
            ^

Mar 04, 2017 1:49:13 AM com.google.javascript.jscomp.LoggerErrorManager printSummary
WARNING: 1 error(s), 0 warning(s)
Mar 04, 2017 1:49:14 AM com.google.javascript.jscomp.LoggerErrorManager println
WARNING: externs1:3: WARNING - attempted re-definition of type Function
found   : function (new:Function, *): ?
expected: function (new:Function, ...[*]): ?
 * @param {*} var_args */ function Function(var_args) {}/** @type {!Function} */ Function.prototype.apply;/** @type {!Function} */ Function.prototype.bind;/** @type {!Function} */ Function.prototype.call;/** @constructor 
                          ^

Mar 04, 2017 1:49:14 AM com.google.javascript.jscomp.LoggerErrorManager println
WARNING: externs1:8: WARNING - attempted re-definition of type Array
found   : function (new:Array, *): Array
expected: function (new:Array, ...[*]): Array
 @return {!Array} */function Array(var_args) {}
                    ^

Mar 04, 2017 1:49:14 AM com.google.javascript.jscomp.LoggerErrorManager println
WARNING: in1:2: WARNING - Property dom never defined on goog
goog.dom.DomHelper = function(){};
^

Mar 04, 2017 1:49:14 AM com.google.javascript.jscomp.LoggerErrorManager println
WARNING: in1:3: WARNING - Property dom never defined on goog
var y = goog.dom.DomHelper;
        ^

Mar 04, 2017 1:49:14 AM com.google.javascript.jscomp.LoggerErrorManager println
SEVERE: in1:2: ERROR - variable goog is undeclared
goog.dom.DomHelper = function(){};
^

Mar 04, 2017 1:49:14 AM com.google.javascript.jscomp.LoggerErrorManager printSummary
WARNING: 1 error(s), 4 warning(s), 60% typed
Mar 04, 2017 1:49:14 AM com.google.javascript.jscomp.SymbolTable$JSDocInfoCollector visitTypeNode
WARNING: Could not find symbol for type: number
Mar 04, 2017 1:49:14 AM com.google.javascript.jscomp.SymbolTable$JSDocInfoCollector visitTypeNode
WARNING: Could not find symbol for type: number
Mar 04, 2017 1:49:14 AM com.google.javascript.jscomp.SymbolTable$JSDocInfoCollector visitTypeNode
WARNING: Could not find symbol for type: number
Mar 04, 2017 1:49:14 AM com.google.javascript.jscomp.SymbolTable$JSDocInfoCollector visitTypeNode
WARNING: Could not find symbol for type: number
Mar 04, 2017 1:49:14 AM com.google.javascript.jscomp.SymbolTable$JSDocInfoCollector visitTypeNode
WARNING: Could not find symbol for type: length
Mar 04, 2017 1:49:14 AM com.google.javascript.jscomp.SymbolTable$JSDocInfoCollector visitTypeNode
WARNING: Could not find symbol for type: number
Mar 04, 2017 1:49:14 AM com.google.javascript.jscomp.SymbolTable$JSDocInfoCollector visitTypeNode
WARNING: Could not find symbol for type: T
Mar 04, 2017 1:49:14 AM com.google.javascript.jscomp.SymbolTable$JSDocInfoCollector visitTypeNode
WARNING: Could not find symbol for type: T
Mar 04, 2017 1:49:14 AM com.google.javascript.jscomp.SymbolTable$JSDocInfoCollector visitTypeNode
WARNING: Could not find symbol for type: number
Mar 04, 2017 1:49:14 AM com.google.javascript.jscomp.LoggerErrorManager println
WARNING: externs1:3: WARNING - attempted re-definition of type Function
found   : function (new:Function, *): ?
expected: function (new:Function, ...[*]): ?
 * @param {*} var_args */ function Function(var_args) {}/** @type {!Function} */ Function.prototype.apply;/** @type {!Function} */ Function.prototype.bind;/** @type {!Function} */ Function.prototype.call;/** @constructor 
                          ^

Mar 04, 2017 1:49:14 AM com.google.javascript.jscomp.LoggerErrorManager println
WARNING: externs1:8: WARNING - attempted re-definition of type Array
found   : function (new:Array, *): Array
expected: function (new:Array, ...[*]): Array
 @return {!Array} */function Array(var_args) {}
                    ^

Mar 04, 2017 1:49:14 AM com.google.javascript.jscomp.LoggerErrorManager println
WARNING: in1:12: WARNING - Property inherits never defined on goog
goog.inherits(a.b.DerivedClass, a.b.BaseClass);
^

Mar 04, 2017 1:49:14 AM com.google.javascript.jscomp.LoggerErrorManager println
SEVERE: in1:5: ERROR - variable alert is undeclared
  alert('hi');
  ^

Mar 04, 2017 1:49:14 AM com.google.javascript.jscomp.LoggerErrorManager println
SEVERE: in1:12: ERROR - variable goog is undeclared
goog.inherits(a.b.DerivedClass, a.b.BaseClass);
^

Mar 04, 2017 1:49:14 AM com.google.javascript.jscomp.LoggerErrorManager printSummary
WARNING: 2 error(s), 3 warning(s), 92.6% typed
Mar 04, 2017 1:49:14 AM com.google.javascript.jscomp.SymbolTable$JSDocInfoCollector visitTypeNode
WARNING: Could not find symbol for type: number
Mar 04, 2017 1:49:14 AM com.google.javascript.jscomp.SymbolTable$JSDocInfoCollector visitTypeNode
WARNING: Could not find symbol for type: number
Mar 04, 2017 1:49:14 AM com.google.javascript.jscomp.SymbolTable$JSDocInfoCollector visitTypeNode
WARNING: Could not find symbol for type: number
Mar 04, 2017 1:49:14 AM com.google.javascript.jscomp.SymbolTable$JSDocInfoCollector visitTypeNode
WARNING: Could not find symbol for type: number
Mar 04, 2017 1:49:14 AM com.google.javascript.jscomp.SymbolTable$JSDocInfoCollector visitTypeNode
WARNING: Could not find symbol for type: length
Mar 04, 2017 1:49:14 AM com.google.javascript.jscomp.SymbolTable$JSDocInfoCollector visitTypeNode
WARNING: Could not find symbol for type: number
Mar 04, 2017 1:49:14 AM com.google.javascript.jscomp.SymbolTable$JSDocInfoCollector visitTypeNode
WARNING: Could not find symbol for type: T
Mar 04, 2017 1:49:14 AM com.google.javascript.jscomp.SymbolTable$JSDocInfoCollector visitTypeNode
WARNING: Could not find symbol for type: T
Mar 04, 2017 1:49:14 AM com.google.javascript.jscomp.SymbolTable$JSDocInfoCollector visitTypeNode
WARNING: Could not find symbol for type: number
Mar 04, 2017 1:49:14 AM com.google.javascript.jscomp.LoggerErrorManager println
WARNING: externs1:3: WARNING - attempted re-definition of type Function
found   : function (new:Function, *): ?
expected: function (new:Function, ...[*]): ?
 * @param {*} var_args */ function Function(var_args) {}/** @type {!Function} */ Function.prototype.apply;/** @type {!Function} */ Function.prototype.bind;/** @type {!Function} */ Function.prototype.call;/** @constructor 
                          ^

Mar 04, 2017 1:49:14 AM com.google.javascript.jscomp.LoggerErrorManager println
WARNING: externs1:8: WARNING - attempted re-definition of type Array
found   : function (new:Array, *): Array
expected: function (new:Array, ...[*]): Array
 @return {!Array} */function Array(var_args) {}
                    ^

Mar 04, 2017 1:49:14 AM com.google.javascript.jscomp.LoggerErrorManager println
SEVERE: in1:1: ERROR - variable x is undeclared
/** @constructor */ var DomHelper = function(){};DomHelper.prototype.method = function() {   this.field = 3;  return x.field;}
                                                                                                                     ^

Mar 04, 2017 1:49:14 AM com.google.javascript.jscomp.LoggerErrorManager printSummary
WARNING: 1 error(s), 2 warning(s), 83.3% typed
Mar 04, 2017 1:49:14 AM com.google.javascript.jscomp.SymbolTable$JSDocInfoCollector visitTypeNode
WARNING: Could not find symbol for type: number
Mar 04, 2017 1:49:14 AM com.google.javascript.jscomp.SymbolTable$JSDocInfoCollector visitTypeNode
WARNING: Could not find symbol for type: number
Mar 04, 2017 1:49:14 AM com.google.javascript.jscomp.SymbolTable$JSDocInfoCollector visitTypeNode
WARNING: Could not find symbol for type: number
Mar 04, 2017 1:49:14 AM com.google.javascript.jscomp.SymbolTable$JSDocInfoCollector visitTypeNode
WARNING: Could not find symbol for type: number
Mar 04, 2017 1:49:14 AM com.google.javascript.jscomp.SymbolTable$JSDocInfoCollector visitTypeNode
WARNING: Could not find symbol for type: length
Mar 04, 2017 1:49:14 AM com.google.javascript.jscomp.SymbolTable$JSDocInfoCollector visitTypeNode
WARNING: Could not find symbol for type: number
Mar 04, 2017 1:49:14 AM com.google.javascript.jscomp.SymbolTable$JSDocInfoCollector visitTypeNode
WARNING: Could not find symbol for type: T
Mar 04, 2017 1:49:14 AM com.google.javascript.jscomp.SymbolTable$JSDocInfoCollector visitTypeNode
WARNING: Could not find symbol for type: T
Mar 04, 2017 1:49:14 AM com.google.javascript.jscomp.SymbolTable$JSDocInfoCollector visitTypeNode
WARNING: Could not find symbol for type: number
Mar 04, 2017 1:49:14 AM com.google.javascript.jscomp.LoggerErrorManager println
WARNING: externs1:3: WARNING - attempted re-definition of type Function
found   : function (new:Function, *): ?
expected: function (new:Function, ...[*]): ?
 * @param {*} var_args */ function Function(var_args) {}/** @type {!Function} */ Function.prototype.apply;/** @type {!Function} */ Function.prototype.bind;/** @type {!Function} */ Function.prototype.call;/** @constructor 
                          ^

Mar 04, 2017 1:49:14 AM com.google.javascript.jscomp.LoggerErrorManager println
WARNING: externs1:8: WARNING - attempted re-definition of type Array
found   : function (new:Array, *): Array
expected: function (new:Array, ...[*]): Array
 @return {!Array} */function Array(var_args) {}
                    ^

Mar 04, 2017 1:49:14 AM com.google.javascript.jscomp.LoggerErrorManager println
WARNING: in1:9: WARNING - Property c never defined on A
  var x; if (x) { x = a.b.b; } else { x = a.b.c; }
                                          ^

Mar 04, 2017 1:49:14 AM com.google.javascript.jscomp.LoggerErrorManager printSummary
WARNING: 0 error(s), 3 warning(s), 86.7% typed
Mar 04, 2017 1:49:14 AM com.google.javascript.jscomp.SymbolTable$JSDocInfoCollector visitTypeNode
WARNING: Could not find symbol for type: number
Mar 04, 2017 1:49:14 AM com.google.javascript.jscomp.SymbolTable$JSDocInfoCollector visitTypeNode
WARNING: Could not find symbol for type: number
Mar 04, 2017 1:49:14 AM com.google.javascript.jscomp.SymbolTable$JSDocInfoCollector visitTypeNode
WARNING: Could not find symbol for type: number
Mar 04, 2017 1:49:14 AM com.google.javascript.jscomp.SymbolTable$JSDocInfoCollector visitTypeNode
WARNING: Could not find symbol for type: number
Mar 04, 2017 1:49:14 AM com.google.javascript.jscomp.SymbolTable$JSDocInfoCollector visitTypeNode
WARNING: Could not find symbol for type: length
Mar 04, 2017 1:49:14 AM com.google.javascript.jscomp.SymbolTable$JSDocInfoCollector visitTypeNode
WARNING: Could not find symbol for type: number
Mar 04, 2017 1:49:14 AM com.google.javascript.jscomp.SymbolTable$JSDocInfoCollector visitTypeNode
WARNING: Could not find symbol for type: T
Mar 04, 2017 1:49:14 AM com.google.javascript.jscomp.SymbolTable$JSDocInfoCollector visitTypeNode
WARNING: Could not find symbol for type: T
Mar 04, 2017 1:49:14 AM com.google.javascript.jscomp.SymbolTable$JSDocInfoCollector visitTypeNode
WARNING: Could not find symbol for type: number
Mar 04, 2017 1:49:14 AM com.google.javascript.jscomp.LoggerErrorManager println
WARNING: externs1:3: WARNING - attempted re-definition of type Function
found   : function (new:Function, *): ?
expected: function (new:Function, ...[*]): ?
 * @param {*} var_args */ function Function(var_args) {}/** @type {!Function} */ Function.prototype.apply;/** @type {!Function} */ Function.prototype.bind;/** @type {!Function} */ Function.prototype.call;/** @constructor 
                          ^

Mar 04, 2017 1:49:14 AM com.google.javascript.jscomp.LoggerErrorManager println
WARNING: externs1:8: WARNING - attempted re-definition of type Array
found   : function (new:Array, *): Array
expected: function (new:Array, ...[*]): Array
 @return {!Array} */function Array(var_args) {}
                    ^

Mar 04, 2017 1:49:14 AM com.google.javascript.jscomp.LoggerErrorManager println
SEVERE: in1:1: ERROR - variable goog is undeclared
/** @constructor */ goog.Foo = function(){};
                    ^

Mar 04, 2017 1:49:14 AM com.google.javascript.jscomp.LoggerErrorManager printSummary
WARNING: 1 error(s), 2 warning(s), 66.7% typed
Mar 04, 2017 1:49:14 AM com.google.javascript.jscomp.SymbolTable$JSDocInfoCollector visitTypeNode
WARNING: Could not find symbol for type: number
Mar 04, 2017 1:49:14 AM com.google.javascript.jscomp.SymbolTable$JSDocInfoCollector visitTypeNode
WARNING: Could not find symbol for type: number
Mar 04, 2017 1:49:14 AM com.google.javascript.jscomp.SymbolTable$JSDocInfoCollector visitTypeNode
WARNING: Could not find symbol for type: number
Mar 04, 2017 1:49:14 AM com.google.javascript.jscomp.SymbolTable$JSDocInfoCollector visitTypeNode
WARNING: Could not find symbol for type: number
Mar 04, 2017 1:49:14 AM com.google.javascript.jscomp.SymbolTable$JSDocInfoCollector visitTypeNode
WARNING: Could not find symbol for type: length
Mar 04, 2017 1:49:14 AM com.google.javascript.jscomp.SymbolTable$JSDocInfoCollector visitTypeNode
WARNING: Could not find symbol for type: number
Mar 04, 2017 1:49:14 AM com.google.javascript.jscomp.SymbolTable$JSDocInfoCollector visitTypeNode
WARNING: Could not find symbol for type: T
Mar 04, 2017 1:49:14 AM com.google.javascript.jscomp.SymbolTable$JSDocInfoCollector visitTypeNode
WARNING: Could not find symbol for type: T
Mar 04, 2017 1:49:14 AM com.google.javascript.jscomp.SymbolTable$JSDocInfoCollector visitTypeNode
WARNING: Could not find symbol for type: number
Mar 04, 2017 1:49:14 AM com.google.javascript.jscomp.LoggerErrorManager println
WARNING: externs1:3: WARNING - attempted re-definition of type Function
found   : function (new:Function, *): ?
expected: function (new:Function, ...[*]): ?
 * @param {*} var_args */ function Function(var_args) {}/** @type {!Function} */ Function.prototype.apply;/** @type {!Function} */ Function.prototype.bind;/** @type {!Function} */ Function.prototype.call;/** @constructor 
                          ^

Mar 04, 2017 1:49:14 AM com.google.javascript.jscomp.LoggerErrorManager println
WARNING: externs1:8: WARNING - attempted re-definition of type Array
found   : function (new:Array, *): Array
expected: function (new:Array, ...[*]): Array
 @return {!Array} */function Array(var_args) {}
                    ^

Mar 04, 2017 1:49:14 AM com.google.javascript.jscomp.LoggerErrorManager println
WARNING: in1:1: WARNING - dangerous use of the global this object
function F() {  this.field1 = 3;}F.prototype.method1 = function() {  this.field1 = 5;};(new F()).method1();
                ^

Mar 04, 2017 1:49:14 AM com.google.javascript.jscomp.LoggerErrorManager println
WARNING: in1:1: WARNING - cannot instantiate non-constructor
function F() {  this.field1 = 3;}F.prototype.method1 = function() {  this.field1 = 5;};(new F()).method1();
                                                                                        ^

Mar 04, 2017 1:49:14 AM com.google.javascript.jscomp.LoggerErrorManager printSummary
WARNING: 0 error(s), 4 warning(s), 75% typed
Mar 04, 2017 1:49:14 AM com.google.javascript.jscomp.SymbolTable$JSDocInfoCollector visitTypeNode
WARNING: Could not find symbol for type: number
Mar 04, 2017 1:49:14 AM com.google.javascript.jscomp.SymbolTable$JSDocInfoCollector visitTypeNode
WARNING: Could not find symbol for type: number
Mar 04, 2017 1:49:14 AM com.google.javascript.jscomp.SymbolTable$JSDocInfoCollector visitTypeNode
WARNING: Could not find symbol for type: number
Mar 04, 2017 1:49:14 AM com.google.javascript.jscomp.SymbolTable$JSDocInfoCollector visitTypeNode
WARNING: Could not find symbol for type: number
Mar 04, 2017 1:49:14 AM com.google.javascript.jscomp.SymbolTable$JSDocInfoCollector visitTypeNode
WARNING: Could not find symbol for type: length
Mar 04, 2017 1:49:14 AM com.google.javascript.jscomp.SymbolTable$JSDocInfoCollector visitTypeNode
WARNING: Could not find symbol for type: number
Mar 04, 2017 1:49:14 AM com.google.javascript.jscomp.SymbolTable$JSDocInfoCollector visitTypeNode
WARNING: Could not find symbol for type: T
Mar 04, 2017 1:49:14 AM com.google.javascript.jscomp.SymbolTable$JSDocInfoCollector visitTypeNode
WARNING: Could not find symbol for type: T
Mar 04, 2017 1:49:14 AM com.google.javascript.jscomp.SymbolTable$JSDocInfoCollector visitTypeNode
WARNING: Could not find symbol for type: number
Mar 04, 2017 1:49:14 AM com.google.javascript.jscomp.LoggerErrorManager println
WARNING: externs1:3: WARNING - attempted re-definition of type Function
found   : function (new:Function, *): ?
expected: function (new:Function, ...[*]): ?
 * @param {*} var_args */ function Function(var_args) {}/** @type {!Function} */ Function.prototype.apply;/** @type {!Function} */ Function.prototype.bind;/** @type {!Function} */ Function.prototype.call;/** @constructor 
                          ^

Mar 04, 2017 1:49:14 AM com.google.javascript.jscomp.LoggerErrorManager println
WARNING: externs1:8: WARNING - attempted re-definition of type Array
found   : function (new:Array, *): Array
expected: function (new:Array, ...[*]): Array
 @return {!Array} */function Array(var_args) {}
                    ^

Mar 04, 2017 1:49:14 AM com.google.javascript.jscomp.LoggerErrorManager println
WARNING: in1:2: WARNING - Property require never defined on goog
goog.require('foo.bar')
^

Mar 04, 2017 1:49:14 AM com.google.javascript.jscomp.LoggerErrorManager println
SEVERE: in1:1: ERROR - variable foo is undeclared
foo.bar = function(){};  // definition
^

Mar 04, 2017 1:49:14 AM com.google.javascript.jscomp.LoggerErrorManager println
SEVERE: in1:2: ERROR - variable goog is undeclared
goog.require('foo.bar')
^

Mar 04, 2017 1:49:14 AM com.google.javascript.jscomp.LoggerErrorManager printSummary
WARNING: 2 error(s), 3 warning(s), 57.1% typed
Mar 04, 2017 1:49:14 AM com.google.javascript.jscomp.SymbolTable$JSDocInfoCollector visitTypeNode
WARNING: Could not find symbol for type: number
Mar 04, 2017 1:49:14 AM com.google.javascript.jscomp.SymbolTable$JSDocInfoCollector visitTypeNode
WARNING: Could not find symbol for type: number
Mar 04, 2017 1:49:14 AM com.google.javascript.jscomp.SymbolTable$JSDocInfoCollector visitTypeNode
WARNING: Could not find symbol for type: number
Mar 04, 2017 1:49:14 AM com.google.javascript.jscomp.SymbolTable$JSDocInfoCollector visitTypeNode
WARNING: Could not find symbol for type: number
Mar 04, 2017 1:49:14 AM com.google.javascript.jscomp.SymbolTable$JSDocInfoCollector visitTypeNode
WARNING: Could not find symbol for type: length
Mar 04, 2017 1:49:14 AM com.google.javascript.jscomp.SymbolTable$JSDocInfoCollector visitTypeNode
WARNING: Could not find symbol for type: number
Mar 04, 2017 1:49:14 AM com.google.javascript.jscomp.SymbolTable$JSDocInfoCollector visitTypeNode
WARNING: Could not find symbol for type: T
Mar 04, 2017 1:49:14 AM com.google.javascript.jscomp.SymbolTable$JSDocInfoCollector visitTypeNode
WARNING: Could not find symbol for type: T
Mar 04, 2017 1:49:14 AM com.google.javascript.jscomp.SymbolTable$JSDocInfoCollector visitTypeNode
WARNING: Could not find symbol for type: number
Mar 04, 2017 2:03:55 AM com.google.javascript.jscomp.LoggerErrorManager printSummary
INFO: 0 error(s), 0 warning(s), 77.8% typed
Mar 04, 2017 2:03:55 AM com.google.javascript.jscomp.LoggerErrorManager println
SEVERE: i0:1: ERROR - @export only applies to symbols/properties defined in the global scope.
/** @constructor */ var X = function() {/** @export */ this.abc = 1;};
                                                       ^

Mar 04, 2017 2:03:55 AM com.google.javascript.jscomp.LoggerErrorManager printSummary
WARNING: 1 error(s), 0 warning(s)
Mar 04, 2017 2:03:55 AM com.google.javascript.jscomp.LoggerErrorManager println
SEVERE: ERROR - remove_unused_prototype_properties_in_externs and export_local_property_definitions cannot be used together.

Mar 04, 2017 2:03:55 AM com.google.javascript.jscomp.LoggerErrorManager printSummary
WARNING: 1 error(s), 0 warning(s)
Mar 04, 2017 2:03:55 AM com.google.javascript.jscomp.LoggerErrorManager printSummary
INFO: 0 error(s), 0 warning(s), 83.3% typed
Mar 04, 2017 2:03:55 AM com.google.javascript.jscomp.LoggerErrorManager printSummary
INFO: 0 error(s), 0 warning(s), 100% typed
Mar 04, 2017 2:03:55 AM com.google.javascript.jscomp.LoggerErrorManager println
WARNING: i0:8: WARNING - actual parameter 1 of goog.getCssName does not match formal parameter
found   : number
required: string
var x = goog.getCssName(123, 'a');
                        ^

Mar 04, 2017 2:03:55 AM com.google.javascript.jscomp.LoggerErrorManager printSummary
WARNING: 0 error(s), 1 warning(s), 100% typed
Mar 04, 2017 2:03:55 AM com.google.javascript.jscomp.LoggerErrorManager println
WARNING: externs:1: WARNING - name extern is not defined in the externs.
extern.foo
^

Mar 04, 2017 2:03:55 AM com.google.javascript.jscomp.LoggerErrorManager printSummary
WARNING: 0 error(s), 1 warning(s)
Mar 04, 2017 2:03:55 AM com.google.javascript.jscomp.LoggerErrorManager println
SEVERE: i0:1: ERROR - required "foo" namespace never provided
var goog = {}; goog.require = function(x) {}; goog.require('foo');
                                              ^

Mar 04, 2017 2:03:55 AM com.google.javascript.jscomp.LoggerErrorManager printSummary
WARNING: 1 error(s), 0 warning(s)
Mar 04, 2017 2:03:55 AM com.google.javascript.jscomp.LoggerErrorManager println
WARNING: i0:1: WARNING - Bad type annotation. Unknown type foo.bar
var goog = {};goog.provide('foo.bar');/** @define{foo.bar} */ foo.bar = {};
                                                  ^

Mar 04, 2017 2:03:55 AM com.google.javascript.jscomp.LoggerErrorManager println
SEVERE: i0:1: ERROR - @define tag only permits literal types
var goog = {};goog.provide('foo.bar');/** @define{foo.bar} */ foo.bar = {};
                                                              ^

Mar 04, 2017 2:03:55 AM com.google.javascript.jscomp.LoggerErrorManager printSummary
WARNING: 1 error(s), 1 warning(s), 100% typed
Mar 04, 2017 2:03:55 AM com.google.javascript.jscomp.LoggerErrorManager printSummary
INFO: 0 error(s), 0 warning(s), 75% typed
Mar 04, 2017 2:03:55 AM com.google.javascript.jscomp.LoggerErrorManager printSummary
INFO: 0 error(s), 0 warning(s), 75% typed
Mar 04, 2017 2:03:55 AM com.google.javascript.jscomp.LoggerErrorManager println
WARNING: i0:4: WARNING - Parse error. Cycle detected in inheritance chain of type Foo
 */ Foo = /** @type {function(new:Foo)} */ (AyncTestCase());
                                  ^

Mar 04, 2017 2:03:55 AM com.google.javascript.jscomp.LoggerErrorManager printSummary
WARNING: 0 error(s), 1 warning(s), 60% typed
Mar 04, 2017 2:03:55 AM com.google.javascript.jscomp.LoggerErrorManager println
WARNING: i0:1: WARNING - Function x.f: called with 1 argument(s). Function requires at least 0 argument(s) and no more than 0 argument(s).
var x = x || {}; x.f = function() {}; x.f(3);
                                      ^

Mar 04, 2017 2:03:55 AM com.google.javascript.jscomp.LoggerErrorManager printSummary
WARNING: 0 error(s), 1 warning(s), 100% typed
Mar 04, 2017 2:03:55 AM com.google.javascript.jscomp.LoggerErrorManager println
SEVERE: i0:1: ERROR - Variable referenced before declaration: x
x = 3; var x = 5;
^

Mar 04, 2017 2:03:55 AM com.google.javascript.jscomp.LoggerErrorManager printSummary
WARNING: 1 error(s), 0 warning(s)
Mar 04, 2017 2:03:55 AM com.google.javascript.jscomp.LoggerErrorManager println
WARNING: i0:2: WARNING - missing goog.provide('f')
function f() { var arguments; }
         ^

Mar 04, 2017 2:03:55 AM com.google.javascript.jscomp.LoggerErrorManager printSummary
WARNING: 0 error(s), 1 warning(s)
Mar 04, 2017 2:03:55 AM com.google.javascript.jscomp.LoggerErrorManager println
SEVERE: i0:1: ERROR - Parse error. getters are not supported in older versions of JavaScript. If you are targeting newer versions of JavaScript, set the appropriate language_in option.
var a = {get f(){}}
^

Mar 04, 2017 2:03:55 AM com.google.javascript.jscomp.LoggerErrorManager printSummary
WARNING: 1 error(s), 0 warning(s)
Mar 04, 2017 2:03:55 AM com.google.javascript.jscomp.LoggerErrorManager println
SEVERE: i0:1: ERROR - constant foo$bar assigned a value more than once
var goog = {}; goog.provide('foo.bar'); function f() { foo.bar = {};}
                                                       ^

Mar 04, 2017 2:03:55 AM com.google.javascript.jscomp.LoggerErrorManager printSummary
WARNING: 1 error(s), 0 warning(s)
Mar 04, 2017 2:03:55 AM com.google.javascript.jscomp.LoggerErrorManager println
WARNING: i0:1: WARNING - enum key a must be a syntactic constant
/** @define {boolean} */ var COMPILED = false; var goog = {};goog.exportSymbol = function() {};goog.provide('Foo'); /** @enum */ Foo = {a: 3};
                                                                                                                                        ^

Mar 04, 2017 2:03:55 AM com.google.javascript.jscomp.LoggerErrorManager printSummary
WARNING: 0 error(s), 1 warning(s)
Mar 04, 2017 2:03:55 AM com.google.javascript.jscomp.LoggerErrorManager println
SEVERE: i0:2: ERROR - unreachable code
 3; }
 ^

Mar 04, 2017 2:03:55 AM com.google.javascript.jscomp.LoggerErrorManager printSummary
WARNING: 1 error(s), 0 warning(s)
Mar 04, 2017 2:03:56 AM com.google.javascript.jscomp.LoggerErrorManager printSummary
INFO: 0 error(s), 0 warning(s), 100% typed
Mar 04, 2017 2:03:56 AM com.google.javascript.jscomp.LoggerErrorManager println
SEVERE: i0:1: ERROR - constant FOO assigned a value more than once
var FOO = true; FOO = false
                ^

Mar 04, 2017 2:03:56 AM com.google.javascript.jscomp.LoggerErrorManager printSummary
WARNING: 1 error(s), 0 warning(s)
Mar 04, 2017 2:03:56 AM com.google.javascript.jscomp.LoggerErrorManager println
WARNING: i0:1: WARNING - inconsistent return type
found   : boolean
required: number
/** @return {number} */ function f() { return true; }
                                              ^

Mar 04, 2017 2:03:56 AM com.google.javascript.jscomp.LoggerErrorManager printSummary
WARNING: 0 error(s), 1 warning(s), 100% typed
Mar 04, 2017 2:03:56 AM com.google.javascript.jscomp.LoggerErrorManager println
SEVERE: ERROR - TightenTypes requires type checking. Please use --check_types.

Mar 04, 2017 2:03:56 AM com.google.javascript.jscomp.LoggerErrorManager printSummary
WARNING: 1 error(s), 0 warning(s)
Mar 04, 2017 2:03:56 AM com.google.javascript.jscomp.LoggerErrorManager println
SEVERE: i0:1: ERROR - Parse error. unlabelled break must be inside loop or switch
function f() { try { } catch(e) { break; } }
                                  ^

Mar 04, 2017 2:03:56 AM com.google.javascript.jscomp.LoggerErrorManager printSummary
WARNING: 1 error(s), 0 warning(s), 100% typed
Mar 04, 2017 2:03:56 AM com.google.javascript.jscomp.LoggerErrorManager printSummary
INFO: 0 error(s), 0 warning(s), 100% typed
Mar 04, 2017 2:03:56 AM com.google.javascript.jscomp.LoggerErrorManager println
WARNING: i0:1: WARNING - initializing variable
found   : string
required: number
/** @type {number} */ var n = window.name;
                              ^

Mar 04, 2017 2:03:56 AM com.google.javascript.jscomp.LoggerErrorManager printSummary
WARNING: 0 error(s), 1 warning(s), 100% typed
Mar 04, 2017 2:03:56 AM com.google.javascript.jscomp.LoggerErrorManager println
SEVERE: i0:1: ERROR - variable x is undeclared
x = 3;
^

Mar 04, 2017 2:03:56 AM com.google.javascript.jscomp.LoggerErrorManager printSummary
WARNING: 1 error(s), 0 warning(s)
Mar 04, 2017 2:03:56 AM com.google.javascript.jscomp.LoggerErrorManager printSummary
INFO: 0 error(s), 0 warning(s), 88.9% typed
Mar 04, 2017 2:03:56 AM com.google.javascript.jscomp.LoggerErrorManager println
SEVERE: i0:1: ERROR - Variable f has been deprecated.
/** @deprecated */ function f() { } function g() { f(); }
                                                   ^

Mar 04, 2017 2:03:56 AM com.google.javascript.jscomp.LoggerErrorManager printSummary
WARNING: 1 error(s), 0 warning(s), 100% typed
Mar 04, 2017 2:03:56 AM com.google.javascript.jscomp.LoggerErrorManager println
SEVERE: i0:1: ERROR - Missing return statement. Function expected to return number.
/** @return {number} */ function f() { if (f) { return 3; } }
                        ^

Mar 04, 2017 2:03:56 AM com.google.javascript.jscomp.LoggerErrorManager printSummary
WARNING: 1 error(s), 0 warning(s), 100% typed
Mar 04, 2017 2:03:56 AM com.google.javascript.jscomp.LoggerErrorManager println
WARNING: i0:1: WARNING - References to the global RegExp object prevents optimization of regular expressions.
/(a)/.test("a");var a = RegExp.$1
                        ^

Mar 04, 2017 2:03:56 AM com.google.javascript.jscomp.LoggerErrorManager printSummary
WARNING: 0 error(s), 1 warning(s)
Mar 04, 2017 2:03:56 AM com.google.javascript.jscomp.LoggerErrorManager println
WARNING: i0:1: WARNING - Bad type annotation. Unknown type n
/** @type {n} */ var n = window.name;
           ^

Mar 04, 2017 2:03:56 AM com.google.javascript.jscomp.LoggerErrorManager printSummary
WARNING: 0 error(s), 1 warning(s), 100% typed
Mar 04, 2017 2:03:56 AM com.google.javascript.jscomp.LoggerErrorManager println
SEVERE: i0:1: ERROR - constant foo assigned a value more than once
var goog = {}; goog.provide('foo'); function f() { foo = {};}
                                                   ^

Mar 04, 2017 2:03:56 AM com.google.javascript.jscomp.LoggerErrorManager printSummary
WARNING: 1 error(s), 0 warning(s)
Mar 04, 2017 2:03:56 AM com.google.javascript.jscomp.LoggerErrorManager println
SEVERE: i0:3: ERROR - constant x assigned a value more than once
var x = 1; foo(); x = 2;
                  ^

Mar 04, 2017 2:03:56 AM com.google.javascript.jscomp.LoggerErrorManager printSummary
WARNING: 1 error(s), 0 warning(s)
Mar 04, 2017 2:03:57 AM com.google.javascript.jscomp.LoggerErrorManager printSummary
INFO: 0 error(s), 0 warning(s), 100% typed
Mar 04, 2017 2:03:57 AM com.google.javascript.jscomp.LoggerErrorManager println
WARNING: i0:1: WARNING - enum key a must be a syntactic constant
/** @define {boolean} */ var COMPILED = false; var goog = {};goog.exportSymbol = function() {};goog.provide('Foo'); /** @enum */ Foo = {a: 3};
                                                                                                                                        ^

Mar 04, 2017 2:03:57 AM com.google.javascript.jscomp.LoggerErrorManager printSummary
WARNING: 0 error(s), 1 warning(s), 100% typed
Mar 04, 2017 2:03:57 AM com.google.javascript.jscomp.LoggerErrorManager println
SEVERE: i0:1: ERROR - Parse error. unnamed function statement
function () {}
^

Mar 04, 2017 2:03:57 AM com.google.javascript.jscomp.LoggerErrorManager printSummary
WARNING: 1 error(s), 0 warning(s)
Mar 04, 2017 2:03:57 AM com.google.javascript.jscomp.LoggerErrorManager println
SEVERE: i0:1: ERROR - x.z is never defined
var x = {}; var y = x.z;
                    ^

Mar 04, 2017 2:03:57 AM com.google.javascript.jscomp.LoggerErrorManager printSummary
WARNING: 1 error(s), 0 warning(s)
Mar 04, 2017 2:03:57 AM com.google.javascript.jscomp.LoggerErrorManager println
WARNING: i0:9: WARNING - actual parameter 1 of C.prototype.someMethod does not match formal parameter
found   : number
required: string
x.someMethod(x.someProperty);
             ^

Mar 04, 2017 2:03:57 AM com.google.javascript.jscomp.LoggerErrorManager printSummary
WARNING: 0 error(s), 1 warning(s), 100% typed
Mar 04, 2017 2:03:57 AM com.google.javascript.jscomp.LoggerErrorManager println
SEVERE: i1:1: ERROR - Access to private variable f not allowed outside file i0.
function g() { f(); }
               ^

Mar 04, 2017 2:03:57 AM com.google.javascript.jscomp.LoggerErrorManager printSummary
WARNING: 1 error(s), 0 warning(s), 100% typed
Mar 04, 2017 2:03:57 AM com.google.javascript.jscomp.LoggerErrorManager println
SEVERE: i0:6: ERROR - eventful object created should be
  * registered as disposable, or
  * explicitly disposed of
 * @constructor */var test = function() { this.eh = new goog.events.EventHandler(); };goog.inherits(test, goog.Disposable);var testObj = new test();
                                          ^

Mar 04, 2017 2:03:57 AM com.google.javascript.jscomp.LoggerErrorManager printSummary
WARNING: 1 error(s), 0 warning(s)
Mar 04, 2017 2:04:16 AM com.google.javascript.jscomp.LoggerErrorManager printSummary
INFO: 0 error(s), 0 warning(s), 77.8% typed
Mar 04, 2017 2:04:17 AM com.google.javascript.jscomp.LoggerErrorManager println
SEVERE: i0:1: ERROR - @export only applies to symbols/properties defined in the global scope.
/** @constructor */ var X = function() {/** @export */ this.abc = 1;};
                                                       ^

Mar 04, 2017 2:04:17 AM com.google.javascript.jscomp.LoggerErrorManager printSummary
WARNING: 1 error(s), 0 warning(s)
Mar 04, 2017 2:04:17 AM com.google.javascript.jscomp.LoggerErrorManager println
SEVERE: ERROR - remove_unused_prototype_properties_in_externs and export_local_property_definitions cannot be used together.

Mar 04, 2017 2:04:17 AM com.google.javascript.jscomp.LoggerErrorManager printSummary
WARNING: 1 error(s), 0 warning(s)
Mar 04, 2017 2:04:17 AM com.google.javascript.jscomp.LoggerErrorManager printSummary
INFO: 0 error(s), 0 warning(s), 83.3% typed
Mar 04, 2017 2:04:17 AM com.google.javascript.jscomp.LoggerErrorManager printSummary
INFO: 0 error(s), 0 warning(s), 100% typed
Mar 04, 2017 2:04:17 AM com.google.javascript.jscomp.LoggerErrorManager println
WARNING: i0:8: WARNING - actual parameter 1 of goog.getCssName does not match formal parameter
found   : number
required: string
var x = goog.getCssName(123, 'a');
                        ^

Mar 04, 2017 2:04:17 AM com.google.javascript.jscomp.LoggerErrorManager printSummary
WARNING: 0 error(s), 1 warning(s), 100% typed
Mar 04, 2017 2:04:17 AM com.google.javascript.jscomp.LoggerErrorManager println
WARNING: externs:1: WARNING - name extern is not defined in the externs.
extern.foo
^

Mar 04, 2017 2:04:17 AM com.google.javascript.jscomp.LoggerErrorManager printSummary
WARNING: 0 error(s), 1 warning(s)
Mar 04, 2017 2:04:17 AM com.google.javascript.jscomp.LoggerErrorManager println
SEVERE: i0:1: ERROR - required "foo" namespace never provided
var goog = {}; goog.require = function(x) {}; goog.require('foo');
                                              ^

Mar 04, 2017 2:04:17 AM com.google.javascript.jscomp.LoggerErrorManager printSummary
WARNING: 1 error(s), 0 warning(s)
Mar 04, 2017 2:04:17 AM com.google.javascript.jscomp.LoggerErrorManager println
WARNING: i0:1: WARNING - Bad type annotation. Unknown type foo.bar
var goog = {};goog.provide('foo.bar');/** @define{foo.bar} */ foo.bar = {};
                                                  ^

Mar 04, 2017 2:04:17 AM com.google.javascript.jscomp.LoggerErrorManager println
SEVERE: i0:1: ERROR - @define tag only permits literal types
var goog = {};goog.provide('foo.bar');/** @define{foo.bar} */ foo.bar = {};
                                                              ^

Mar 04, 2017 2:04:17 AM com.google.javascript.jscomp.LoggerErrorManager printSummary
WARNING: 1 error(s), 1 warning(s), 100% typed
Mar 04, 2017 2:04:17 AM com.google.javascript.jscomp.LoggerErrorManager printSummary
INFO: 0 error(s), 0 warning(s), 75% typed
Mar 04, 2017 2:04:17 AM com.google.javascript.jscomp.LoggerErrorManager printSummary
INFO: 0 error(s), 0 warning(s), 75% typed
Mar 04, 2017 2:04:17 AM com.google.javascript.jscomp.LoggerErrorManager println
WARNING: i0:4: WARNING - Parse error. Cycle detected in inheritance chain of type Foo
 */ Foo = /** @type {function(new:Foo)} */ (AyncTestCase());
                                  ^

Mar 04, 2017 2:04:17 AM com.google.javascript.jscomp.LoggerErrorManager printSummary
WARNING: 0 error(s), 1 warning(s), 60% typed
Mar 04, 2017 2:04:17 AM com.google.javascript.jscomp.LoggerErrorManager println
WARNING: i0:1: WARNING - Function x.f: called with 1 argument(s). Function requires at least 0 argument(s) and no more than 0 argument(s).
var x = x || {}; x.f = function() {}; x.f(3);
                                      ^

Mar 04, 2017 2:04:17 AM com.google.javascript.jscomp.LoggerErrorManager printSummary
WARNING: 0 error(s), 1 warning(s), 100% typed
Mar 04, 2017 2:04:17 AM com.google.javascript.jscomp.LoggerErrorManager println
SEVERE: i0:1: ERROR - Variable referenced before declaration: x
x = 3; var x = 5;
^

Mar 04, 2017 2:04:17 AM com.google.javascript.jscomp.LoggerErrorManager printSummary
WARNING: 1 error(s), 0 warning(s)
Mar 04, 2017 2:04:17 AM com.google.javascript.jscomp.LoggerErrorManager println
WARNING: i0:2: WARNING - missing goog.provide('f')
function f() { var arguments; }
         ^

Mar 04, 2017 2:04:17 AM com.google.javascript.jscomp.LoggerErrorManager printSummary
WARNING: 0 error(s), 1 warning(s)
Mar 04, 2017 2:04:17 AM com.google.javascript.jscomp.LoggerErrorManager println
SEVERE: i0:1: ERROR - Parse error. getters are not supported in older versions of JavaScript. If you are targeting newer versions of JavaScript, set the appropriate language_in option.
var a = {get f(){}}
^

Mar 04, 2017 2:04:17 AM com.google.javascript.jscomp.LoggerErrorManager printSummary
WARNING: 1 error(s), 0 warning(s)
Mar 04, 2017 2:04:17 AM com.google.javascript.jscomp.LoggerErrorManager println
SEVERE: i0:1: ERROR - constant foo$bar assigned a value more than once
var goog = {}; goog.provide('foo.bar'); function f() { foo.bar = {};}
                                                       ^

Mar 04, 2017 2:04:17 AM com.google.javascript.jscomp.LoggerErrorManager printSummary
WARNING: 1 error(s), 0 warning(s)
Mar 04, 2017 2:04:17 AM com.google.javascript.jscomp.LoggerErrorManager println
WARNING: i0:1: WARNING - enum key a must be a syntactic constant
/** @define {boolean} */ var COMPILED = false; var goog = {};goog.exportSymbol = function() {};goog.provide('Foo'); /** @enum */ Foo = {a: 3};
                                                                                                                                        ^

Mar 04, 2017 2:04:17 AM com.google.javascript.jscomp.LoggerErrorManager printSummary
WARNING: 0 error(s), 1 warning(s)
Mar 04, 2017 2:04:17 AM com.google.javascript.jscomp.LoggerErrorManager println
SEVERE: i0:2: ERROR - unreachable code
 3; }
 ^

Mar 04, 2017 2:04:17 AM com.google.javascript.jscomp.LoggerErrorManager printSummary
WARNING: 1 error(s), 0 warning(s)
Mar 04, 2017 2:04:17 AM com.google.javascript.jscomp.LoggerErrorManager printSummary
INFO: 0 error(s), 0 warning(s), 100% typed
Mar 04, 2017 2:04:17 AM com.google.javascript.jscomp.LoggerErrorManager println
SEVERE: i0:1: ERROR - constant FOO assigned a value more than once
var FOO = true; FOO = false
                ^

Mar 04, 2017 2:04:17 AM com.google.javascript.jscomp.LoggerErrorManager printSummary
WARNING: 1 error(s), 0 warning(s)
Mar 04, 2017 2:04:18 AM com.google.javascript.jscomp.LoggerErrorManager println
WARNING: i0:1: WARNING - inconsistent return type
found   : boolean
required: number
/** @return {number} */ function f() { return true; }
                                              ^

Mar 04, 2017 2:04:18 AM com.google.javascript.jscomp.LoggerErrorManager printSummary
WARNING: 0 error(s), 1 warning(s), 100% typed
Mar 04, 2017 2:04:18 AM com.google.javascript.jscomp.LoggerErrorManager println
SEVERE: ERROR - TightenTypes requires type checking. Please use --check_types.

Mar 04, 2017 2:04:18 AM com.google.javascript.jscomp.LoggerErrorManager printSummary
WARNING: 1 error(s), 0 warning(s)
Mar 04, 2017 2:04:18 AM com.google.javascript.jscomp.LoggerErrorManager println
SEVERE: i0:1: ERROR - Parse error. unlabelled break must be inside loop or switch
function f() { try { } catch(e) { break; } }
                                  ^

Mar 04, 2017 2:04:18 AM com.google.javascript.jscomp.LoggerErrorManager printSummary
WARNING: 1 error(s), 0 warning(s), 100% typed
Mar 04, 2017 2:04:18 AM com.google.javascript.jscomp.LoggerErrorManager printSummary
INFO: 0 error(s), 0 warning(s), 100% typed
Mar 04, 2017 2:04:18 AM com.google.javascript.jscomp.LoggerErrorManager println
WARNING: i0:1: WARNING - initializing variable
found   : string
required: number
/** @type {number} */ var n = window.name;
                              ^

Mar 04, 2017 2:04:18 AM com.google.javascript.jscomp.LoggerErrorManager printSummary
WARNING: 0 error(s), 1 warning(s), 100% typed
Mar 04, 2017 2:04:18 AM com.google.javascript.jscomp.LoggerErrorManager println
SEVERE: i0:1: ERROR - variable x is undeclared
x = 3;
^

Mar 04, 2017 2:04:18 AM com.google.javascript.jscomp.LoggerErrorManager printSummary
WARNING: 1 error(s), 0 warning(s)
Mar 04, 2017 2:04:18 AM com.google.javascript.jscomp.LoggerErrorManager printSummary
INFO: 0 error(s), 0 warning(s), 88.9% typed
Mar 04, 2017 2:04:18 AM com.google.javascript.jscomp.LoggerErrorManager println
SEVERE: i0:1: ERROR - Variable f has been deprecated.
/** @deprecated */ function f() { } function g() { f(); }
                                                   ^

Mar 04, 2017 2:04:18 AM com.google.javascript.jscomp.LoggerErrorManager printSummary
WARNING: 1 error(s), 0 warning(s), 100% typed
Mar 04, 2017 2:04:18 AM com.google.javascript.jscomp.LoggerErrorManager println
SEVERE: i0:1: ERROR - Missing return statement. Function expected to return number.
/** @return {number} */ function f() { if (f) { return 3; } }
                        ^

Mar 04, 2017 2:04:18 AM com.google.javascript.jscomp.LoggerErrorManager printSummary
WARNING: 1 error(s), 0 warning(s), 100% typed
Mar 04, 2017 2:13:06 AM com.google.javascript.jscomp.LoggerErrorManager println
SEVERE: i0:1: ERROR - missing goog.getCssName around literal 'foo'
var x = 'foo';
        ^

Mar 04, 2017 2:13:06 AM com.google.javascript.jscomp.LoggerErrorManager printSummary
WARNING: 1 error(s), 0 warning(s)
Mar 04, 2017 2:13:06 AM com.google.javascript.jscomp.LoggerErrorManager println
SEVERE: i0:1: ERROR - @export only applies to symbols/properties defined in the global scope.
/** @constructor */ var X = function() {/** @export */ this.abc = 1;};
                                                       ^

Mar 04, 2017 2:13:06 AM com.google.javascript.jscomp.LoggerErrorManager printSummary
WARNING: 1 error(s), 0 warning(s)
Mar 04, 2017 2:13:06 AM com.google.javascript.jscomp.LoggerErrorManager println
SEVERE: ERROR - remove_unused_prototype_properties_in_externs and export_local_property_definitions cannot be used together.

Mar 04, 2017 2:13:06 AM com.google.javascript.jscomp.LoggerErrorManager printSummary
WARNING: 1 error(s), 0 warning(s)
Mar 04, 2017 2:13:06 AM com.google.javascript.jscomp.LoggerErrorManager printSummary
INFO: 0 error(s), 0 warning(s), 83.3% typed
Mar 04, 2017 2:13:06 AM com.google.javascript.jscomp.LoggerErrorManager printSummary
INFO: 0 error(s), 0 warning(s), 100% typed
Mar 04, 2017 2:13:06 AM com.google.javascript.jscomp.LoggerErrorManager println
WARNING: i0:8: WARNING - actual parameter 1 of goog.getCssName does not match formal parameter
found   : number
required: string
var x = goog.getCssName(123, 'a');
                        ^

Mar 04, 2017 2:13:06 AM com.google.javascript.jscomp.LoggerErrorManager printSummary
WARNING: 0 error(s), 1 warning(s), 100% typed
Mar 04, 2017 2:13:06 AM com.google.javascript.jscomp.LoggerErrorManager println
WARNING: externs:1: WARNING - name extern is not defined in the externs.
extern.foo
^

Mar 04, 2017 2:13:06 AM com.google.javascript.jscomp.LoggerErrorManager printSummary
WARNING: 0 error(s), 1 warning(s)
Mar 04, 2017 2:13:06 AM com.google.javascript.jscomp.LoggerErrorManager println
SEVERE: i0:1: ERROR - required "foo" namespace never provided
var goog = {}; goog.require = function(x) {}; goog.require('foo');
                                              ^

Mar 04, 2017 2:13:06 AM com.google.javascript.jscomp.LoggerErrorManager printSummary
WARNING: 1 error(s), 0 warning(s)
Mar 04, 2017 2:13:06 AM com.google.javascript.jscomp.LoggerErrorManager println
SEVERE: i0:1: ERROR - dangerous use of the global this object
function f() { this.y = 3; }
               ^

Mar 04, 2017 2:13:06 AM com.google.javascript.jscomp.LoggerErrorManager printSummary
WARNING: 1 error(s), 0 warning(s)
Mar 04, 2017 2:13:06 AM com.google.javascript.jscomp.LoggerErrorManager println
WARNING: i0:1: WARNING - Bad type annotation. Unknown type foo.bar
var goog = {};goog.provide('foo.bar');/** @define{foo.bar} */ foo.bar = {};
                                                  ^

Mar 04, 2017 2:13:06 AM com.google.javascript.jscomp.LoggerErrorManager println
SEVERE: i0:1: ERROR - @define tag only permits literal types
var goog = {};goog.provide('foo.bar');/** @define{foo.bar} */ foo.bar = {};
                                                              ^

Mar 04, 2017 2:13:06 AM com.google.javascript.jscomp.LoggerErrorManager printSummary
WARNING: 1 error(s), 1 warning(s), 100% typed
Mar 04, 2017 2:13:06 AM com.google.javascript.jscomp.LoggerErrorManager println
WARNING: i0:4: WARNING - Parse error. Cycle detected in inheritance chain of type Foo
 */ Foo = /** @type {function(new:Foo)} */ (AyncTestCase());
                                  ^

Mar 04, 2017 2:13:06 AM com.google.javascript.jscomp.LoggerErrorManager printSummary
WARNING: 0 error(s), 1 warning(s), 60% typed
Mar 04, 2017 2:13:06 AM com.google.javascript.jscomp.LoggerErrorManager println
WARNING: i0:1: WARNING - Function x.f: called with 1 argument(s). Function requires at least 0 argument(s) and no more than 0 argument(s).
var x = x || {}; x.f = function() {}; x.f(3);
                                      ^

Mar 04, 2017 2:13:06 AM com.google.javascript.jscomp.LoggerErrorManager printSummary
WARNING: 0 error(s), 1 warning(s), 100% typed
Mar 04, 2017 2:13:07 AM com.google.javascript.jscomp.LoggerErrorManager println
SEVERE: i0:1: ERROR - Variable referenced before declaration: x
x = 3; var x = 5;
^

Mar 04, 2017 2:13:07 AM com.google.javascript.jscomp.LoggerErrorManager printSummary
WARNING: 1 error(s), 0 warning(s)
Mar 04, 2017 2:13:07 AM com.google.javascript.jscomp.LoggerErrorManager println
WARNING: i0:2: WARNING - missing goog.provide('f')
function f() { var arguments; }
         ^

Mar 04, 2017 2:13:07 AM com.google.javascript.jscomp.LoggerErrorManager printSummary
WARNING: 0 error(s), 1 warning(s)
Mar 04, 2017 2:13:07 AM com.google.javascript.jscomp.LoggerErrorManager println
SEVERE: i0:1: ERROR - Parse error. getters are not supported in older versions of JavaScript. If you are targeting newer versions of JavaScript, set the appropriate language_in option.
var a = {get f(){}}
^

Mar 04, 2017 2:13:07 AM com.google.javascript.jscomp.LoggerErrorManager printSummary
WARNING: 1 error(s), 0 warning(s)
Mar 04, 2017 2:13:07 AM com.google.javascript.jscomp.LoggerErrorManager println
SEVERE: i0:1: ERROR - constant foo$bar assigned a value more than once
var goog = {}; goog.provide('foo.bar'); function f() { foo.bar = {};}
                                                       ^

Mar 04, 2017 2:13:07 AM com.google.javascript.jscomp.LoggerErrorManager printSummary
WARNING: 1 error(s), 0 warning(s)
Mar 04, 2017 2:13:07 AM com.google.javascript.jscomp.LoggerErrorManager println
WARNING: i0:1: WARNING - enum key a must be a syntactic constant
/** @define {boolean} */ var COMPILED = false; var goog = {};goog.exportSymbol = function() {};goog.provide('Foo'); /** @enum */ Foo = {a: 3};
                                                                                                                                        ^

Mar 04, 2017 2:13:07 AM com.google.javascript.jscomp.LoggerErrorManager printSummary
WARNING: 0 error(s), 1 warning(s)
Mar 04, 2017 2:13:07 AM com.google.javascript.jscomp.LoggerErrorManager println
SEVERE: i0:2: ERROR - unreachable code
 3; }
 ^

Mar 04, 2017 2:13:07 AM com.google.javascript.jscomp.LoggerErrorManager printSummary
WARNING: 1 error(s), 0 warning(s)
Mar 04, 2017 2:13:07 AM com.google.javascript.jscomp.LoggerErrorManager println
SEVERE: i0:1: ERROR - required "goog.beer" namespace not provided yet
goog.require('goog.beer');
^

Mar 04, 2017 2:13:07 AM com.google.javascript.jscomp.LoggerErrorManager printSummary
WARNING: 1 error(s), 0 warning(s)
Mar 04, 2017 2:13:07 AM com.google.javascript.jscomp.LoggerErrorManager println
SEVERE: i0:1: ERROR - constant FOO assigned a value more than once
var FOO = true; FOO = false
                ^

Mar 04, 2017 2:13:07 AM com.google.javascript.jscomp.LoggerErrorManager printSummary
WARNING: 1 error(s), 0 warning(s)
Mar 04, 2017 2:13:07 AM com.google.javascript.jscomp.LoggerErrorManager println
WARNING: i0:1: WARNING - inconsistent return type
found   : boolean
required: number
/** @return {number} */ function f() { return true; }
                                              ^

Mar 04, 2017 2:13:07 AM com.google.javascript.jscomp.LoggerErrorManager printSummary
WARNING: 0 error(s), 1 warning(s), 100% typed
Mar 04, 2017 2:13:07 AM com.google.javascript.jscomp.LoggerErrorManager println
SEVERE: ERROR - TightenTypes requires type checking. Please use --check_types.

Mar 04, 2017 2:13:07 AM com.google.javascript.jscomp.LoggerErrorManager printSummary
WARNING: 1 error(s), 0 warning(s)
Mar 04, 2017 2:13:07 AM com.google.javascript.jscomp.LoggerErrorManager println
SEVERE: i0:1: ERROR - Parse error. unlabelled break must be inside loop or switch
function f() { try { } catch(e) { break; } }
                                  ^

Mar 04, 2017 2:13:07 AM com.google.javascript.jscomp.LoggerErrorManager printSummary
WARNING: 1 error(s), 0 warning(s), 100% typed
Mar 04, 2017 2:13:07 AM com.google.javascript.jscomp.LoggerErrorManager println
WARNING: i0:1: WARNING - initializing variable
found   : string
required: number
/** @type {number} */ var n = window.name;
                              ^

Mar 04, 2017 2:13:07 AM com.google.javascript.jscomp.LoggerErrorManager printSummary
WARNING: 0 error(s), 1 warning(s), 100% typed
Mar 04, 2017 2:13:07 AM com.google.javascript.jscomp.LoggerErrorManager println
SEVERE: i0:1: ERROR - variable x is undeclared
x = 3;
^

Mar 04, 2017 2:13:07 AM com.google.javascript.jscomp.LoggerErrorManager printSummary
WARNING: 1 error(s), 0 warning(s)
Mar 04, 2017 2:13:07 AM com.google.javascript.jscomp.LoggerErrorManager println
SEVERE: i0:1: ERROR - Variable f has been deprecated.
/** @deprecated */ function f() { } function g() { f(); }
                                                   ^

Mar 04, 2017 2:13:07 AM com.google.javascript.jscomp.LoggerErrorManager printSummary
WARNING: 1 error(s), 0 warning(s), 100% typed
Mar 04, 2017 2:13:07 AM com.google.javascript.jscomp.LoggerErrorManager println
SEVERE: i0:1: ERROR - Missing return statement. Function expected to return number.
/** @return {number} */ function f() { if (f) { return 3; } }
                        ^

Mar 04, 2017 2:13:07 AM com.google.javascript.jscomp.LoggerErrorManager printSummary
WARNING: 1 error(s), 0 warning(s), 100% typed
Mar 04, 2017 2:13:07 AM com.google.javascript.jscomp.LoggerErrorManager println
WARNING: i0:1: WARNING - References to the global RegExp object prevents optimization of regular expressions.
/(a)/.test("a");var a = RegExp.$1
                        ^

Mar 04, 2017 2:13:07 AM com.google.javascript.jscomp.LoggerErrorManager printSummary
WARNING: 0 error(s), 1 warning(s)
Mar 04, 2017 2:13:07 AM com.google.javascript.jscomp.LoggerErrorManager println
WARNING: i0:1: WARNING - Bad type annotation. Unknown type n
/** @type {n} */ var n = window.name;
           ^

Mar 04, 2017 2:13:07 AM com.google.javascript.jscomp.LoggerErrorManager printSummary
WARNING: 0 error(s), 1 warning(s), 100% typed
Mar 04, 2017 2:13:07 AM com.google.javascript.jscomp.LoggerErrorManager println
SEVERE: i0:1: ERROR - constant foo assigned a value more than once
var goog = {}; goog.provide('foo'); function f() { foo = {};}
                                                   ^

Mar 04, 2017 2:13:07 AM com.google.javascript.jscomp.LoggerErrorManager printSummary
WARNING: 1 error(s), 0 warning(s)
Mar 04, 2017 2:13:07 AM com.google.javascript.jscomp.LoggerErrorManager println
SEVERE: i0:3: ERROR - constant x assigned a value more than once
var x = 1; foo(); x = 2;
                  ^

Mar 04, 2017 2:13:07 AM com.google.javascript.jscomp.LoggerErrorManager printSummary
WARNING: 1 error(s), 0 warning(s)
Mar 04, 2017 2:13:07 AM com.google.javascript.jscomp.LoggerErrorManager printSummary
INFO: 0 error(s), 0 warning(s), 100% typed
Mar 04, 2017 2:13:07 AM com.google.javascript.jscomp.LoggerErrorManager println
WARNING: i0:1: WARNING - enum key a must be a syntactic constant
/** @define {boolean} */ var COMPILED = false; var goog = {};goog.exportSymbol = function() {};goog.provide('Foo'); /** @enum */ Foo = {a: 3};
                                                                                                                                        ^

Mar 04, 2017 2:13:07 AM com.google.javascript.jscomp.LoggerErrorManager printSummary
WARNING: 0 error(s), 1 warning(s), 100% typed
Mar 04, 2017 2:13:07 AM com.google.javascript.jscomp.LoggerErrorManager println
SEVERE: i0:1: ERROR - Parse error. unnamed function statement
function () {}
^

Mar 04, 2017 2:13:07 AM com.google.javascript.jscomp.LoggerErrorManager printSummary
WARNING: 1 error(s), 0 warning(s)
Mar 04, 2017 2:13:07 AM com.google.javascript.jscomp.LoggerErrorManager println
SEVERE: i0:1: ERROR - x.z is never defined
var x = {}; var y = x.z;
                    ^

Mar 04, 2017 2:13:07 AM com.google.javascript.jscomp.LoggerErrorManager printSummary
WARNING: 1 error(s), 0 warning(s)
Mar 04, 2017 2:13:07 AM com.google.javascript.jscomp.LoggerErrorManager println
SEVERE: i1:1: ERROR - 'Foo' used but not goog.require'd
new Foo();
^

Mar 04, 2017 2:13:07 AM com.google.javascript.jscomp.LoggerErrorManager printSummary
WARNING: 1 error(s), 0 warning(s)
Mar 04, 2017 2:13:07 AM com.google.javascript.jscomp.LoggerErrorManager println
WARNING: i0:9: WARNING - actual parameter 1 of C.prototype.someMethod does not match formal parameter
found   : number
required: string
x.someMethod(x.someProperty);
             ^

Mar 04, 2017 2:13:07 AM com.google.javascript.jscomp.LoggerErrorManager printSummary
WARNING: 0 error(s), 1 warning(s), 100% typed
Mar 04, 2017 2:13:07 AM com.google.javascript.jscomp.LoggerErrorManager println
SEVERE: i1:1: ERROR - Access to private variable f not allowed outside file i0.
function g() { f(); }
               ^

Mar 04, 2017 2:13:07 AM com.google.javascript.jscomp.LoggerErrorManager printSummary
WARNING: 1 error(s), 0 warning(s), 100% typed
Mar 04, 2017 2:13:07 AM com.google.javascript.jscomp.LoggerErrorManager println
SEVERE: i0:1: ERROR - missing goog.provide('Foo')
/** @constructor */ function Foo() {}
                             ^

Mar 04, 2017 2:13:07 AM com.google.javascript.jscomp.LoggerErrorManager printSummary
WARNING: 1 error(s), 0 warning(s)
Mar 04, 2017 2:13:07 AM com.google.javascript.jscomp.LoggerErrorManager println
SEVERE: i0:6: ERROR - eventful object created should be
  * registered as disposable, or
  * explicitly disposed of
 * @constructor */var test = function() { this.eh = new goog.events.EventHandler(); };goog.inherits(test, goog.Disposable);var testObj = new test();
                                          ^

Mar 04, 2017 2:13:07 AM com.google.javascript.jscomp.LoggerErrorManager printSummary
WARNING: 1 error(s), 0 warning(s)
Mar 04, 2017 2:13:07 AM com.google.javascript.jscomp.LoggerErrorManager println
SEVERE: i0:1: ERROR - variables, functions, and arguments cannot be deleted in ES5 strict mode
var a  = 2; delete a;
            ^

Mar 04, 2017 2:13:07 AM com.google.javascript.jscomp.LoggerErrorManager printSummary
WARNING: 1 error(s), 0 warning(s)
Mar 04, 2017 2:13:07 AM com.google.javascript.jscomp.LoggerErrorManager println
SEVERE: i0:1: ERROR - inconsistent return type
found   : boolean
required: number
/** @return {number} */ function f() { return true; }
                                              ^

Mar 04, 2017 2:13:07 AM com.google.javascript.jscomp.LoggerErrorManager printSummary
WARNING: 1 error(s), 0 warning(s), 100% typed
Mar 04, 2017 2:13:07 AM com.google.javascript.jscomp.LoggerErrorManager println
WARNING: i0:1: WARNING - invalid cast - must be a subtype or supertype
from: number
to  : string
function f() { var xyz = /** @type {string} */ (0); }
                                               ^

Mar 04, 2017 2:13:07 AM com.google.javascript.jscomp.LoggerErrorManager printSummary
WARNING: 0 error(s), 1 warning(s), 100% typed
Mar 04, 2017 2:13:07 AM com.google.javascript.jscomp.LoggerErrorManager printSummary
INFO: 0 error(s), 0 warning(s), 100% typed
Mar 04, 2017 2:13:07 AM com.google.javascript.jscomp.LoggerErrorManager printSummary
INFO: 0 error(s), 0 warning(s), 100% typed
Mar 04, 2017 2:13:07 AM com.google.javascript.jscomp.LoggerErrorManager println
SEVERE: i0:1: ERROR - Parse error. missing { before function body
var foo = {bar: function(e) }
                            ^

Mar 04, 2017 2:13:07 AM com.google.javascript.jscomp.LoggerErrorManager println
SEVERE: i0:1: ERROR - Parse error. missing } after property list
var foo = {bar: function(e) }
                            ^

Mar 04, 2017 2:13:07 AM com.google.javascript.jscomp.LoggerErrorManager printSummary
WARNING: 2 error(s), 0 warning(s)
Mar 04, 2017 2:13:07 AM com.google.javascript.jscomp.LoggerErrorManager println
SEVERE: i0:1: ERROR - Parse error. Unsupported syntax: ERROR
function hi
^

Mar 04, 2017 2:13:07 AM com.google.javascript.jscomp.LoggerErrorManager println
SEVERE: i0:1: ERROR - Parse error. missing ( before function parameters.
function hi
          ^

Mar 04, 2017 2:13:07 AM com.google.javascript.jscomp.LoggerErrorManager println
SEVERE: i0:1: ERROR - Parse error. missing ) after formal parameters
function hi
          ^

Mar 04, 2017 2:13:07 AM com.google.javascript.jscomp.LoggerErrorManager println
SEVERE: i0:1: ERROR - Parse error. missing formal parameter
function hi
          ^

Mar 04, 2017 2:13:07 AM com.google.javascript.jscomp.LoggerErrorManager println
SEVERE: i0:1: ERROR - Parse error. missing { before function body
function hi
          ^

Mar 04, 2017 2:13:07 AM com.google.javascript.jscomp.LoggerErrorManager println
SEVERE: i0:1: ERROR - Parse error. missing } after function body
function hi
          ^

Mar 04, 2017 2:13:07 AM com.google.javascript.jscomp.LoggerErrorManager printSummary
WARNING: 6 error(s), 0 warning(s)
Mar 04, 2017 2:14:03 AM com.google.javascript.jscomp.LoggerErrorManager println
SEVERE: i0:1: ERROR - missing goog.getCssName around literal 'foo'
var x = 'foo';
        ^

Mar 04, 2017 2:14:03 AM com.google.javascript.jscomp.LoggerErrorManager printSummary
WARNING: 1 error(s), 0 warning(s)
Mar 04, 2017 2:14:04 AM com.google.javascript.jscomp.LoggerErrorManager println
SEVERE: i0:1: ERROR - @export only applies to symbols/properties defined in the global scope.
/** @constructor */ var X = function() {/** @export */ this.abc = 1;};
                                                       ^

Mar 04, 2017 2:14:04 AM com.google.javascript.jscomp.LoggerErrorManager printSummary
WARNING: 1 error(s), 0 warning(s)
Mar 04, 2017 2:14:04 AM com.google.javascript.jscomp.LoggerErrorManager println
SEVERE: ERROR - remove_unused_prototype_properties_in_externs and export_local_property_definitions cannot be used together.

Mar 04, 2017 2:14:04 AM com.google.javascript.jscomp.LoggerErrorManager printSummary
WARNING: 1 error(s), 0 warning(s)
Mar 04, 2017 2:14:04 AM com.google.javascript.jscomp.LoggerErrorManager printSummary
INFO: 0 error(s), 0 warning(s), 83.3% typed
Mar 04, 2017 2:14:04 AM com.google.javascript.jscomp.LoggerErrorManager printSummary
INFO: 0 error(s), 0 warning(s), 100% typed
Mar 04, 2017 2:14:04 AM com.google.javascript.jscomp.LoggerErrorManager println
WARNING: i0:8: WARNING - actual parameter 1 of goog.getCssName does not match formal parameter
found   : number
required: string
var x = goog.getCssName(123, 'a');
                        ^

Mar 04, 2017 2:14:04 AM com.google.javascript.jscomp.LoggerErrorManager printSummary
WARNING: 0 error(s), 1 warning(s), 100% typed
Mar 04, 2017 2:14:04 AM com.google.javascript.jscomp.LoggerErrorManager println
WARNING: externs:1: WARNING - name extern is not defined in the externs.
extern.foo
^

Mar 04, 2017 2:14:04 AM com.google.javascript.jscomp.LoggerErrorManager printSummary
WARNING: 0 error(s), 1 warning(s)
Mar 04, 2017 2:14:04 AM com.google.javascript.jscomp.LoggerErrorManager println
SEVERE: i0:1: ERROR - required "foo" namespace never provided
var goog = {}; goog.require = function(x) {}; goog.require('foo');
                                              ^

Mar 04, 2017 2:14:04 AM com.google.javascript.jscomp.LoggerErrorManager printSummary
WARNING: 1 error(s), 0 warning(s)
Mar 04, 2017 2:14:04 AM com.google.javascript.jscomp.LoggerErrorManager println
SEVERE: i0:1: ERROR - dangerous use of the global this object
function f() { this.y = 3; }
               ^

Mar 04, 2017 2:14:04 AM com.google.javascript.jscomp.LoggerErrorManager printSummary
WARNING: 1 error(s), 0 warning(s)
Mar 04, 2017 2:14:04 AM com.google.javascript.jscomp.LoggerErrorManager println
WARNING: i0:1: WARNING - Bad type annotation. Unknown type foo.bar
var goog = {};goog.provide('foo.bar');/** @define{foo.bar} */ foo.bar = {};
                                                  ^

Mar 04, 2017 2:14:04 AM com.google.javascript.jscomp.LoggerErrorManager println
SEVERE: i0:1: ERROR - @define tag only permits literal types
var goog = {};goog.provide('foo.bar');/** @define{foo.bar} */ foo.bar = {};
                                                              ^

Mar 04, 2017 2:14:04 AM com.google.javascript.jscomp.LoggerErrorManager printSummary
WARNING: 1 error(s), 1 warning(s), 100% typed
Mar 04, 2017 2:14:04 AM com.google.javascript.jscomp.LoggerErrorManager println
WARNING: i0:4: WARNING - Parse error. Cycle detected in inheritance chain of type Foo
 */ Foo = /** @type {function(new:Foo)} */ (AyncTestCase());
                                  ^

Mar 04, 2017 2:14:04 AM com.google.javascript.jscomp.LoggerErrorManager printSummary
WARNING: 0 error(s), 1 warning(s), 60% typed
Mar 04, 2017 2:14:04 AM com.google.javascript.jscomp.LoggerErrorManager println
WARNING: i0:1: WARNING - Function x.f: called with 1 argument(s). Function requires at least 0 argument(s) and no more than 0 argument(s).
var x = x || {}; x.f = function() {}; x.f(3);
                                      ^

Mar 04, 2017 2:14:04 AM com.google.javascript.jscomp.LoggerErrorManager printSummary
WARNING: 0 error(s), 1 warning(s), 100% typed
Mar 04, 2017 2:14:04 AM com.google.javascript.jscomp.LoggerErrorManager println
SEVERE: i0:1: ERROR - Variable referenced before declaration: x
x = 3; var x = 5;
^

Mar 04, 2017 2:14:04 AM com.google.javascript.jscomp.LoggerErrorManager printSummary
WARNING: 1 error(s), 0 warning(s)
Mar 04, 2017 2:14:04 AM com.google.javascript.jscomp.LoggerErrorManager println
WARNING: i0:2: WARNING - missing goog.provide('f')
function f() { var arguments; }
         ^

Mar 04, 2017 2:14:04 AM com.google.javascript.jscomp.LoggerErrorManager printSummary
WARNING: 0 error(s), 1 warning(s)
Mar 04, 2017 2:14:04 AM com.google.javascript.jscomp.LoggerErrorManager println
SEVERE: i0:1: ERROR - Parse error. getters are not supported in older versions of JavaScript. If you are targeting newer versions of JavaScript, set the appropriate language_in option.
var a = {get f(){}}
^

Mar 04, 2017 2:14:04 AM com.google.javascript.jscomp.LoggerErrorManager printSummary
WARNING: 1 error(s), 0 warning(s)
Mar 04, 2017 2:14:04 AM com.google.javascript.jscomp.LoggerErrorManager println
SEVERE: i0:1: ERROR - constant foo$bar assigned a value more than once
var goog = {}; goog.provide('foo.bar'); function f() { foo.bar = {};}
                                                       ^

Mar 04, 2017 2:14:04 AM com.google.javascript.jscomp.LoggerErrorManager printSummary
WARNING: 1 error(s), 0 warning(s)
Mar 04, 2017 2:14:04 AM com.google.javascript.jscomp.LoggerErrorManager println
WARNING: i0:1: WARNING - enum key a must be a syntactic constant
/** @define {boolean} */ var COMPILED = false; var goog = {};goog.exportSymbol = function() {};goog.provide('Foo'); /** @enum */ Foo = {a: 3};
                                                                                                                                        ^

Mar 04, 2017 2:14:04 AM com.google.javascript.jscomp.LoggerErrorManager printSummary
WARNING: 0 error(s), 1 warning(s)
Mar 04, 2017 2:14:04 AM com.google.javascript.jscomp.LoggerErrorManager println
SEVERE: i0:2: ERROR - unreachable code
 3; }
 ^

Mar 04, 2017 2:14:04 AM com.google.javascript.jscomp.LoggerErrorManager printSummary
WARNING: 1 error(s), 0 warning(s)
Mar 04, 2017 2:14:04 AM com.google.javascript.jscomp.LoggerErrorManager println
SEVERE: i0:1: ERROR - required "goog.beer" namespace not provided yet
goog.require('goog.beer');
^

Mar 04, 2017 2:14:04 AM com.google.javascript.jscomp.LoggerErrorManager printSummary
WARNING: 1 error(s), 0 warning(s)
Mar 04, 2017 2:14:04 AM com.google.javascript.jscomp.LoggerErrorManager println
SEVERE: i0:1: ERROR - constant FOO assigned a value more than once
var FOO = true; FOO = false
                ^

Mar 04, 2017 2:14:04 AM com.google.javascript.jscomp.LoggerErrorManager printSummary
WARNING: 1 error(s), 0 warning(s)
Mar 04, 2017 2:14:04 AM com.google.javascript.jscomp.LoggerErrorManager println
WARNING: i0:1: WARNING - inconsistent return type
found   : boolean
required: number
/** @return {number} */ function f() { return true; }
                                              ^

Mar 04, 2017 2:14:04 AM com.google.javascript.jscomp.LoggerErrorManager printSummary
WARNING: 0 error(s), 1 warning(s), 100% typed
Mar 04, 2017 2:14:04 AM com.google.javascript.jscomp.LoggerErrorManager println
SEVERE: ERROR - TightenTypes requires type checking. Please use --check_types.

Mar 04, 2017 2:14:04 AM com.google.javascript.jscomp.LoggerErrorManager printSummary
WARNING: 1 error(s), 0 warning(s)
Mar 04, 2017 2:14:04 AM com.google.javascript.jscomp.LoggerErrorManager println
SEVERE: i0:1: ERROR - Parse error. unlabelled break must be inside loop or switch
function f() { try { } catch(e) { break; } }
                                  ^

Mar 04, 2017 2:14:04 AM com.google.javascript.jscomp.LoggerErrorManager printSummary
WARNING: 1 error(s), 0 warning(s), 100% typed
Mar 04, 2017 2:14:04 AM com.google.javascript.jscomp.LoggerErrorManager println
WARNING: i0:1: WARNING - initializing variable
found   : string
required: number
/** @type {number} */ var n = window.name;
                              ^

Mar 04, 2017 2:14:04 AM com.google.javascript.jscomp.LoggerErrorManager printSummary
WARNING: 0 error(s), 1 warning(s), 100% typed
Mar 04, 2017 2:14:04 AM com.google.javascript.jscomp.LoggerErrorManager println
SEVERE: i0:1: ERROR - variable x is undeclared
x = 3;
^

Mar 04, 2017 2:14:04 AM com.google.javascript.jscomp.LoggerErrorManager printSummary
WARNING: 1 error(s), 0 warning(s)
Mar 04, 2017 2:14:04 AM com.google.javascript.jscomp.LoggerErrorManager println
SEVERE: i0:1: ERROR - Variable f has been deprecated.
/** @deprecated */ function f() { } function g() { f(); }
                                                   ^

Mar 04, 2017 2:14:04 AM com.google.javascript.jscomp.LoggerErrorManager printSummary
WARNING: 1 error(s), 0 warning(s), 100% typed
Mar 04, 2017 2:14:04 AM com.google.javascript.jscomp.LoggerErrorManager println
SEVERE: i0:1: ERROR - Missing return statement. Function expected to return number.
/** @return {number} */ function f() { if (f) { return 3; } }
                        ^

Mar 04, 2017 2:14:04 AM com.google.javascript.jscomp.LoggerErrorManager printSummary
WARNING: 1 error(s), 0 warning(s), 100% typed
Mar 04, 2017 2:14:04 AM com.google.javascript.jscomp.LoggerErrorManager println
WARNING: i0:1: WARNING - References to the global RegExp object prevents optimization of regular expressions.
/(a)/.test("a");var a = RegExp.$1
                        ^

Mar 04, 2017 2:14:04 AM com.google.javascript.jscomp.LoggerErrorManager printSummary
WARNING: 0 error(s), 1 warning(s)
Mar 04, 2017 2:14:04 AM com.google.javascript.jscomp.LoggerErrorManager println
WARNING: i0:1: WARNING - Bad type annotation. Unknown type n
/** @type {n} */ var n = window.name;
           ^

Mar 04, 2017 2:14:04 AM com.google.javascript.jscomp.LoggerErrorManager printSummary
WARNING: 0 error(s), 1 warning(s), 100% typed
Mar 04, 2017 2:14:04 AM com.google.javascript.jscomp.LoggerErrorManager println
SEVERE: i0:1: ERROR - constant foo assigned a value more than once
var goog = {}; goog.provide('foo'); function f() { foo = {};}
                                                   ^

Mar 04, 2017 2:14:04 AM com.google.javascript.jscomp.LoggerErrorManager printSummary
WARNING: 1 error(s), 0 warning(s)
Mar 04, 2017 2:14:04 AM com.google.javascript.jscomp.LoggerErrorManager println
SEVERE: i0:3: ERROR - constant x assigned a value more than once
var x = 1; foo(); x = 2;
                  ^

Mar 04, 2017 2:14:04 AM com.google.javascript.jscomp.LoggerErrorManager printSummary
WARNING: 1 error(s), 0 warning(s)
Mar 04, 2017 2:14:04 AM com.google.javascript.jscomp.LoggerErrorManager printSummary
INFO: 0 error(s), 0 warning(s), 100% typed
Mar 04, 2017 2:14:04 AM com.google.javascript.jscomp.LoggerErrorManager println
WARNING: i0:1: WARNING - enum key a must be a syntactic constant
/** @define {boolean} */ var COMPILED = false; var goog = {};goog.exportSymbol = function() {};goog.provide('Foo'); /** @enum */ Foo = {a: 3};
                                                                                                                                        ^

Mar 04, 2017 2:14:04 AM com.google.javascript.jscomp.LoggerErrorManager printSummary
WARNING: 0 error(s), 1 warning(s), 100% typed
Mar 04, 2017 2:14:04 AM com.google.javascript.jscomp.LoggerErrorManager println
SEVERE: i0:1: ERROR - Parse error. unnamed function statement
function () {}
^

Mar 04, 2017 2:14:04 AM com.google.javascript.jscomp.LoggerErrorManager printSummary
WARNING: 1 error(s), 0 warning(s)
Mar 04, 2017 2:14:04 AM com.google.javascript.jscomp.LoggerErrorManager println
SEVERE: i0:1: ERROR - x.z is never defined
var x = {}; var y = x.z;
                    ^

Mar 04, 2017 2:14:04 AM com.google.javascript.jscomp.LoggerErrorManager printSummary
WARNING: 1 error(s), 0 warning(s)
Mar 04, 2017 2:14:04 AM com.google.javascript.jscomp.LoggerErrorManager println
SEVERE: i1:1: ERROR - 'Foo' used but not goog.require'd
new Foo();
^

Mar 04, 2017 2:14:04 AM com.google.javascript.jscomp.LoggerErrorManager printSummary
WARNING: 1 error(s), 0 warning(s)
Mar 04, 2017 2:14:04 AM com.google.javascript.jscomp.LoggerErrorManager println
WARNING: i0:9: WARNING - actual parameter 1 of C.prototype.someMethod does not match formal parameter
found   : number
required: string
x.someMethod(x.someProperty);
             ^

Mar 04, 2017 2:14:04 AM com.google.javascript.jscomp.LoggerErrorManager printSummary
WARNING: 0 error(s), 1 warning(s), 100% typed
Mar 04, 2017 2:14:04 AM com.google.javascript.jscomp.LoggerErrorManager println
SEVERE: i1:1: ERROR - Access to private variable f not allowed outside file i0.
function g() { f(); }
               ^

Mar 04, 2017 2:14:04 AM com.google.javascript.jscomp.LoggerErrorManager printSummary
WARNING: 1 error(s), 0 warning(s), 100% typed
Mar 04, 2017 2:14:04 AM com.google.javascript.jscomp.LoggerErrorManager println
SEVERE: i0:1: ERROR - missing goog.provide('Foo')
/** @constructor */ function Foo() {}
                             ^

Mar 04, 2017 2:14:04 AM com.google.javascript.jscomp.LoggerErrorManager printSummary
WARNING: 1 error(s), 0 warning(s)
Mar 04, 2017 2:14:04 AM com.google.javascript.jscomp.LoggerErrorManager println
SEVERE: i0:6: ERROR - eventful object created should be
  * registered as disposable, or
  * explicitly disposed of
 * @constructor */var test = function() { this.eh = new goog.events.EventHandler(); };goog.inherits(test, goog.Disposable);var testObj = new test();
                                          ^

Mar 04, 2017 2:14:04 AM com.google.javascript.jscomp.LoggerErrorManager printSummary
WARNING: 1 error(s), 0 warning(s)
Mar 04, 2017 2:14:05 AM com.google.javascript.jscomp.LoggerErrorManager println
SEVERE: i0:1: ERROR - variables, functions, and arguments cannot be deleted in ES5 strict mode
var a  = 2; delete a;
            ^

Mar 04, 2017 2:14:05 AM com.google.javascript.jscomp.LoggerErrorManager printSummary
WARNING: 1 error(s), 0 warning(s)
Mar 04, 2017 2:14:05 AM com.google.javascript.jscomp.LoggerErrorManager println
SEVERE: i0:1: ERROR - inconsistent return type
found   : boolean
required: number
/** @return {number} */ function f() { return true; }
                                              ^

Mar 04, 2017 2:14:05 AM com.google.javascript.jscomp.LoggerErrorManager printSummary
WARNING: 1 error(s), 0 warning(s), 100% typed
Mar 04, 2017 2:14:05 AM com.google.javascript.jscomp.LoggerErrorManager println
WARNING: i0:1: WARNING - invalid cast - must be a subtype or supertype
from: number
to  : string
function f() { var xyz = /** @type {string} */ (0); }
                                               ^

Mar 04, 2017 2:14:05 AM com.google.javascript.jscomp.LoggerErrorManager printSummary
WARNING: 0 error(s), 1 warning(s), 100% typed
Mar 04, 2017 2:14:05 AM com.google.javascript.jscomp.LoggerErrorManager printSummary
INFO: 0 error(s), 0 warning(s), 100% typed
Mar 04, 2017 2:14:05 AM com.google.javascript.jscomp.LoggerErrorManager printSummary
INFO: 0 error(s), 0 warning(s), 100% typed
Mar 04, 2017 2:14:05 AM com.google.javascript.jscomp.LoggerErrorManager println
SEVERE: i0:1: ERROR - Parse error. missing { before function body
var foo = {bar: function(e) }
                            ^

Mar 04, 2017 2:14:05 AM com.google.javascript.jscomp.LoggerErrorManager println
SEVERE: i0:1: ERROR - Parse error. missing } after property list
var foo = {bar: function(e) }
                            ^

Mar 04, 2017 2:14:05 AM com.google.javascript.jscomp.LoggerErrorManager printSummary
WARNING: 2 error(s), 0 warning(s)
Mar 04, 2017 2:14:05 AM com.google.javascript.jscomp.LoggerErrorManager println
SEVERE: i0:1: ERROR - Parse error. Unsupported syntax: ERROR
function hi
^

Mar 04, 2017 2:14:05 AM com.google.javascript.jscomp.LoggerErrorManager println
SEVERE: i0:1: ERROR - Parse error. missing ( before function parameters.
function hi
          ^

Mar 04, 2017 2:14:05 AM com.google.javascript.jscomp.LoggerErrorManager println
SEVERE: i0:1: ERROR - Parse error. missing ) after formal parameters
function hi
          ^

Mar 04, 2017 2:14:05 AM com.google.javascript.jscomp.LoggerErrorManager println
SEVERE: i0:1: ERROR - Parse error. missing formal parameter
function hi
          ^

Mar 04, 2017 2:14:05 AM com.google.javascript.jscomp.LoggerErrorManager println
SEVERE: i0:1: ERROR - Parse error. missing { before function body
function hi
          ^

Mar 04, 2017 2:14:05 AM com.google.javascript.jscomp.LoggerErrorManager println
SEVERE: i0:1: ERROR - Parse error. missing } after function body
function hi
          ^

Mar 04, 2017 2:14:05 AM com.google.javascript.jscomp.LoggerErrorManager printSummary
WARNING: 6 error(s), 0 warning(s)
Mar 04, 2017 2:14:05 AM com.google.javascript.jscomp.LoggerErrorManager println
SEVERE: i0:1: ERROR - dangerous use of the global this object
function f() { this.y = 3; }
               ^

Mar 04, 2017 2:14:05 AM com.google.javascript.jscomp.LoggerErrorManager printSummary
WARNING: 1 error(s), 0 warning(s)
Mar 04, 2017 2:14:05 AM com.google.javascript.jscomp.LoggerErrorManager println
SEVERE: ERROR - Rename prototypes and inline variables cannot be used together.

Mar 04, 2017 2:14:05 AM com.google.javascript.jscomp.LoggerErrorManager printSummary
WARNING: 1 error(s), 0 warning(s)
Mar 04, 2017 2:14:59 AM com.google.javascript.jscomp.LoggerErrorManager println
SEVERE: i0:1: ERROR - missing goog.getCssName around literal 'foo'
var x = 'foo';
        ^

Mar 04, 2017 2:14:59 AM com.google.javascript.jscomp.LoggerErrorManager printSummary
WARNING: 1 error(s), 0 warning(s)
Mar 04, 2017 2:14:59 AM com.google.javascript.jscomp.LoggerErrorManager println
SEVERE: i0:1: ERROR - @export only applies to symbols/properties defined in the global scope.
/** @constructor */ var X = function() {/** @export */ this.abc = 1;};
                                                       ^

Mar 04, 2017 2:14:59 AM com.google.javascript.jscomp.LoggerErrorManager printSummary
WARNING: 1 error(s), 0 warning(s)
Mar 04, 2017 2:14:59 AM com.google.javascript.jscomp.LoggerErrorManager println
SEVERE: ERROR - remove_unused_prototype_properties_in_externs and export_local_property_definitions cannot be used together.

Mar 04, 2017 2:14:59 AM com.google.javascript.jscomp.LoggerErrorManager printSummary
WARNING: 1 error(s), 0 warning(s)
Mar 04, 2017 2:14:59 AM com.google.javascript.jscomp.LoggerErrorManager printSummary
INFO: 0 error(s), 0 warning(s), 83.3% typed
Mar 04, 2017 2:14:59 AM com.google.javascript.jscomp.LoggerErrorManager printSummary
INFO: 0 error(s), 0 warning(s), 100% typed
Mar 04, 2017 2:14:59 AM com.google.javascript.jscomp.LoggerErrorManager println
WARNING: i0:8: WARNING - actual parameter 1 of goog.getCssName does not match formal parameter
found   : number
required: string
var x = goog.getCssName(123, 'a');
                        ^

Mar 04, 2017 2:14:59 AM com.google.javascript.jscomp.LoggerErrorManager printSummary
WARNING: 0 error(s), 1 warning(s), 100% typed
Mar 04, 2017 2:14:59 AM com.google.javascript.jscomp.LoggerErrorManager println
WARNING: externs:1: WARNING - name extern is not defined in the externs.
extern.foo
^

Mar 04, 2017 2:14:59 AM com.google.javascript.jscomp.LoggerErrorManager printSummary
WARNING: 0 error(s), 1 warning(s)
Mar 04, 2017 2:14:59 AM com.google.javascript.jscomp.LoggerErrorManager println
SEVERE: i0:1: ERROR - required "foo" namespace never provided
var goog = {}; goog.require = function(x) {}; goog.require('foo');
                                              ^

Mar 04, 2017 2:14:59 AM com.google.javascript.jscomp.LoggerErrorManager printSummary
WARNING: 1 error(s), 0 warning(s)
Mar 04, 2017 2:14:59 AM com.google.javascript.jscomp.LoggerErrorManager println
SEVERE: i0:1: ERROR - dangerous use of the global this object
function f() { this.y = 3; }
               ^

Mar 04, 2017 2:14:59 AM com.google.javascript.jscomp.LoggerErrorManager printSummary
WARNING: 1 error(s), 0 warning(s)
Mar 04, 2017 2:14:59 AM com.google.javascript.jscomp.LoggerErrorManager println
WARNING: i0:1: WARNING - Bad type annotation. Unknown type foo.bar
var goog = {};goog.provide('foo.bar');/** @define{foo.bar} */ foo.bar = {};
                                                  ^

Mar 04, 2017 2:14:59 AM com.google.javascript.jscomp.LoggerErrorManager println
SEVERE: i0:1: ERROR - @define tag only permits literal types
var goog = {};goog.provide('foo.bar');/** @define{foo.bar} */ foo.bar = {};
                                                              ^

Mar 04, 2017 2:14:59 AM com.google.javascript.jscomp.LoggerErrorManager printSummary
WARNING: 1 error(s), 1 warning(s), 100% typed
Mar 04, 2017 2:14:59 AM com.google.javascript.jscomp.LoggerErrorManager println
WARNING: i0:4: WARNING - Parse error. Cycle detected in inheritance chain of type Foo
 */ Foo = /** @type {function(new:Foo)} */ (AyncTestCase());
                                  ^

Mar 04, 2017 2:14:59 AM com.google.javascript.jscomp.LoggerErrorManager printSummary
WARNING: 0 error(s), 1 warning(s), 60% typed
Mar 04, 2017 2:14:59 AM com.google.javascript.jscomp.LoggerErrorManager println
WARNING: i0:1: WARNING - Function x.f: called with 1 argument(s). Function requires at least 0 argument(s) and no more than 0 argument(s).
var x = x || {}; x.f = function() {}; x.f(3);
                                      ^

Mar 04, 2017 2:14:59 AM com.google.javascript.jscomp.LoggerErrorManager printSummary
WARNING: 0 error(s), 1 warning(s), 100% typed
Mar 04, 2017 2:14:59 AM com.google.javascript.jscomp.LoggerErrorManager println
SEVERE: i0:1: ERROR - Variable referenced before declaration: x
x = 3; var x = 5;
^

Mar 04, 2017 2:14:59 AM com.google.javascript.jscomp.LoggerErrorManager printSummary
WARNING: 1 error(s), 0 warning(s)
Mar 04, 2017 2:14:59 AM com.google.javascript.jscomp.LoggerErrorManager println
WARNING: i0:2: WARNING - missing goog.provide('f')
function f() { var arguments; }
         ^

Mar 04, 2017 2:14:59 AM com.google.javascript.jscomp.LoggerErrorManager printSummary
WARNING: 0 error(s), 1 warning(s)
Mar 04, 2017 2:14:59 AM com.google.javascript.jscomp.LoggerErrorManager println
SEVERE: i0:1: ERROR - Parse error. getters are not supported in older versions of JavaScript. If you are targeting newer versions of JavaScript, set the appropriate language_in option.
var a = {get f(){}}
^

Mar 04, 2017 2:14:59 AM com.google.javascript.jscomp.LoggerErrorManager printSummary
WARNING: 1 error(s), 0 warning(s)
Mar 04, 2017 2:14:59 AM com.google.javascript.jscomp.LoggerErrorManager println
SEVERE: i0:1: ERROR - constant foo$bar assigned a value more than once
var goog = {}; goog.provide('foo.bar'); function f() { foo.bar = {};}
                                                       ^

Mar 04, 2017 2:14:59 AM com.google.javascript.jscomp.LoggerErrorManager printSummary
WARNING: 1 error(s), 0 warning(s)
Mar 04, 2017 2:14:59 AM com.google.javascript.jscomp.LoggerErrorManager println
WARNING: i0:1: WARNING - enum key a must be a syntactic constant
/** @define {boolean} */ var COMPILED = false; var goog = {};goog.exportSymbol = function() {};goog.provide('Foo'); /** @enum */ Foo = {a: 3};
                                                                                                                                        ^

Mar 04, 2017 2:14:59 AM com.google.javascript.jscomp.LoggerErrorManager printSummary
WARNING: 0 error(s), 1 warning(s)
Mar 04, 2017 2:14:59 AM com.google.javascript.jscomp.LoggerErrorManager println
SEVERE: i0:2: ERROR - unreachable code
 3; }
 ^

Mar 04, 2017 2:14:59 AM com.google.javascript.jscomp.LoggerErrorManager printSummary
WARNING: 1 error(s), 0 warning(s)
Mar 04, 2017 2:14:59 AM com.google.javascript.jscomp.LoggerErrorManager println
SEVERE: i0:1: ERROR - required "goog.beer" namespace not provided yet
goog.require('goog.beer');
^

Mar 04, 2017 2:14:59 AM com.google.javascript.jscomp.LoggerErrorManager printSummary
WARNING: 1 error(s), 0 warning(s)
Mar 04, 2017 2:14:59 AM com.google.javascript.jscomp.LoggerErrorManager println
SEVERE: i0:1: ERROR - constant FOO assigned a value more than once
var FOO = true; FOO = false
                ^

Mar 04, 2017 2:14:59 AM com.google.javascript.jscomp.LoggerErrorManager printSummary
WARNING: 1 error(s), 0 warning(s)
Mar 04, 2017 2:14:59 AM com.google.javascript.jscomp.LoggerErrorManager println
WARNING: i0:1: WARNING - inconsistent return type
found   : boolean
required: number
/** @return {number} */ function f() { return true; }
                                              ^

Mar 04, 2017 2:14:59 AM com.google.javascript.jscomp.LoggerErrorManager printSummary
WARNING: 0 error(s), 1 warning(s), 100% typed
Mar 04, 2017 2:14:59 AM com.google.javascript.jscomp.LoggerErrorManager println
SEVERE: ERROR - TightenTypes requires type checking. Please use --check_types.

Mar 04, 2017 2:14:59 AM com.google.javascript.jscomp.LoggerErrorManager printSummary
WARNING: 1 error(s), 0 warning(s)
Mar 04, 2017 2:14:59 AM com.google.javascript.jscomp.LoggerErrorManager println
SEVERE: i0:1: ERROR - Parse error. unlabelled break must be inside loop or switch
function f() { try { } catch(e) { break; } }
                                  ^

Mar 04, 2017 2:14:59 AM com.google.javascript.jscomp.LoggerErrorManager printSummary
WARNING: 1 error(s), 0 warning(s), 100% typed
Mar 04, 2017 2:14:59 AM com.google.javascript.jscomp.LoggerErrorManager println
WARNING: i0:1: WARNING - initializing variable
found   : string
required: number
/** @type {number} */ var n = window.name;
                              ^

Mar 04, 2017 2:14:59 AM com.google.javascript.jscomp.LoggerErrorManager printSummary
WARNING: 0 error(s), 1 warning(s), 100% typed
Mar 04, 2017 2:14:59 AM com.google.javascript.jscomp.LoggerErrorManager println
SEVERE: i0:1: ERROR - variable x is undeclared
x = 3;
^

Mar 04, 2017 2:14:59 AM com.google.javascript.jscomp.LoggerErrorManager printSummary
WARNING: 1 error(s), 0 warning(s)
Mar 04, 2017 2:15:00 AM com.google.javascript.jscomp.LoggerErrorManager println
SEVERE: i0:1: ERROR - Variable f has been deprecated.
/** @deprecated */ function f() { } function g() { f(); }
                                                   ^

Mar 04, 2017 2:15:00 AM com.google.javascript.jscomp.LoggerErrorManager printSummary
WARNING: 1 error(s), 0 warning(s), 100% typed
Mar 04, 2017 2:15:00 AM com.google.javascript.jscomp.LoggerErrorManager println
SEVERE: i0:1: ERROR - Missing return statement. Function expected to return number.
/** @return {number} */ function f() { if (f) { return 3; } }
                        ^

Mar 04, 2017 2:15:00 AM com.google.javascript.jscomp.LoggerErrorManager printSummary
WARNING: 1 error(s), 0 warning(s), 100% typed
Mar 04, 2017 2:15:00 AM com.google.javascript.jscomp.LoggerErrorManager println
WARNING: i0:1: WARNING - References to the global RegExp object prevents optimization of regular expressions.
/(a)/.test("a");var a = RegExp.$1
                        ^

Mar 04, 2017 2:15:00 AM com.google.javascript.jscomp.LoggerErrorManager printSummary
WARNING: 0 error(s), 1 warning(s)
Mar 04, 2017 2:15:00 AM com.google.javascript.jscomp.LoggerErrorManager println
WARNING: i0:1: WARNING - Bad type annotation. Unknown type n
/** @type {n} */ var n = window.name;
           ^

Mar 04, 2017 2:15:00 AM com.google.javascript.jscomp.LoggerErrorManager printSummary
WARNING: 0 error(s), 1 warning(s), 100% typed
Mar 04, 2017 2:15:00 AM com.google.javascript.jscomp.LoggerErrorManager println
SEVERE: i0:1: ERROR - constant foo assigned a value more than once
var goog = {}; goog.provide('foo'); function f() { foo = {};}
                                                   ^

Mar 04, 2017 2:15:00 AM com.google.javascript.jscomp.LoggerErrorManager printSummary
WARNING: 1 error(s), 0 warning(s)
Mar 04, 2017 2:15:00 AM com.google.javascript.jscomp.LoggerErrorManager println
SEVERE: i0:3: ERROR - constant x assigned a value more than once
var x = 1; foo(); x = 2;
                  ^

Mar 04, 2017 2:15:00 AM com.google.javascript.jscomp.LoggerErrorManager printSummary
WARNING: 1 error(s), 0 warning(s)
Mar 04, 2017 2:15:00 AM com.google.javascript.jscomp.LoggerErrorManager printSummary
INFO: 0 error(s), 0 warning(s), 100% typed
Mar 04, 2017 2:15:00 AM com.google.javascript.jscomp.LoggerErrorManager println
WARNING: i0:1: WARNING - enum key a must be a syntactic constant
/** @define {boolean} */ var COMPILED = false; var goog = {};goog.exportSymbol = function() {};goog.provide('Foo'); /** @enum */ Foo = {a: 3};
                                                                                                                                        ^

Mar 04, 2017 2:15:00 AM com.google.javascript.jscomp.LoggerErrorManager printSummary
WARNING: 0 error(s), 1 warning(s), 100% typed
Mar 04, 2017 2:15:00 AM com.google.javascript.jscomp.LoggerErrorManager println
SEVERE: i0:1: ERROR - Parse error. unnamed function statement
function () {}
^

Mar 04, 2017 2:15:00 AM com.google.javascript.jscomp.LoggerErrorManager printSummary
WARNING: 1 error(s), 0 warning(s)
Mar 04, 2017 2:15:00 AM com.google.javascript.jscomp.LoggerErrorManager println
SEVERE: i0:1: ERROR - x.z is never defined
var x = {}; var y = x.z;
                    ^

Mar 04, 2017 2:15:00 AM com.google.javascript.jscomp.LoggerErrorManager printSummary
WARNING: 1 error(s), 0 warning(s)
Mar 04, 2017 2:15:00 AM com.google.javascript.jscomp.LoggerErrorManager println
SEVERE: i1:1: ERROR - 'Foo' used but not goog.require'd
new Foo();
^

Mar 04, 2017 2:15:00 AM com.google.javascript.jscomp.LoggerErrorManager printSummary
WARNING: 1 error(s), 0 warning(s)
Mar 04, 2017 2:15:00 AM com.google.javascript.jscomp.LoggerErrorManager println
WARNING: i0:9: WARNING - actual parameter 1 of C.prototype.someMethod does not match formal parameter
found   : number
required: string
x.someMethod(x.someProperty);
             ^

Mar 04, 2017 2:15:00 AM com.google.javascript.jscomp.LoggerErrorManager printSummary
WARNING: 0 error(s), 1 warning(s), 100% typed
Mar 04, 2017 2:15:00 AM com.google.javascript.jscomp.LoggerErrorManager println
SEVERE: i1:1: ERROR - Access to private variable f not allowed outside file i0.
function g() { f(); }
               ^

Mar 04, 2017 2:15:00 AM com.google.javascript.jscomp.LoggerErrorManager printSummary
WARNING: 1 error(s), 0 warning(s), 100% typed
Mar 04, 2017 2:15:00 AM com.google.javascript.jscomp.LoggerErrorManager println
SEVERE: i0:1: ERROR - missing goog.provide('Foo')
/** @constructor */ function Foo() {}
                             ^

Mar 04, 2017 2:15:00 AM com.google.javascript.jscomp.LoggerErrorManager printSummary
WARNING: 1 error(s), 0 warning(s)
Mar 04, 2017 2:15:00 AM com.google.javascript.jscomp.LoggerErrorManager println
SEVERE: i0:6: ERROR - eventful object created should be
  * registered as disposable, or
  * explicitly disposed of
 * @constructor */var test = function() { this.eh = new goog.events.EventHandler(); };goog.inherits(test, goog.Disposable);var testObj = new test();
                                          ^

Mar 04, 2017 2:15:00 AM com.google.javascript.jscomp.LoggerErrorManager printSummary
WARNING: 1 error(s), 0 warning(s)
Mar 04, 2017 2:15:00 AM com.google.javascript.jscomp.LoggerErrorManager println
SEVERE: i0:1: ERROR - variables, functions, and arguments cannot be deleted in ES5 strict mode
var a  = 2; delete a;
            ^

Mar 04, 2017 2:15:00 AM com.google.javascript.jscomp.LoggerErrorManager printSummary
WARNING: 1 error(s), 0 warning(s)
Mar 04, 2017 2:15:00 AM com.google.javascript.jscomp.LoggerErrorManager println
SEVERE: i0:1: ERROR - inconsistent return type
found   : boolean
required: number
/** @return {number} */ function f() { return true; }
                                              ^

Mar 04, 2017 2:15:00 AM com.google.javascript.jscomp.LoggerErrorManager printSummary
WARNING: 1 error(s), 0 warning(s), 100% typed
Mar 04, 2017 2:15:00 AM com.google.javascript.jscomp.LoggerErrorManager println
WARNING: i0:1: WARNING - invalid cast - must be a subtype or supertype
from: number
to  : string
function f() { var xyz = /** @type {string} */ (0); }
                                               ^

Mar 04, 2017 2:15:00 AM com.google.javascript.jscomp.LoggerErrorManager printSummary
WARNING: 0 error(s), 1 warning(s), 100% typed
Mar 04, 2017 2:15:00 AM com.google.javascript.jscomp.LoggerErrorManager printSummary
INFO: 0 error(s), 0 warning(s), 100% typed
Mar 04, 2017 2:15:00 AM com.google.javascript.jscomp.LoggerErrorManager printSummary
INFO: 0 error(s), 0 warning(s), 100% typed
Mar 04, 2017 2:15:00 AM com.google.javascript.jscomp.LoggerErrorManager println
SEVERE: i0:1: ERROR - Parse error. missing { before function body
var foo = {bar: function(e) }
                            ^

Mar 04, 2017 2:15:00 AM com.google.javascript.jscomp.LoggerErrorManager println
SEVERE: i0:1: ERROR - Parse error. missing } after property list
var foo = {bar: function(e) }
                            ^

Mar 04, 2017 2:15:00 AM com.google.javascript.jscomp.LoggerErrorManager printSummary
WARNING: 2 error(s), 0 warning(s)
Mar 04, 2017 2:15:00 AM com.google.javascript.jscomp.LoggerErrorManager println
SEVERE: i0:1: ERROR - Parse error. Unsupported syntax: ERROR
function hi
^

Mar 04, 2017 2:15:00 AM com.google.javascript.jscomp.LoggerErrorManager println
SEVERE: i0:1: ERROR - Parse error. missing ( before function parameters.
function hi
          ^

Mar 04, 2017 2:15:00 AM com.google.javascript.jscomp.LoggerErrorManager println
SEVERE: i0:1: ERROR - Parse error. missing ) after formal parameters
function hi
          ^

Mar 04, 2017 2:15:00 AM com.google.javascript.jscomp.LoggerErrorManager println
SEVERE: i0:1: ERROR - Parse error. missing formal parameter
function hi
          ^

Mar 04, 2017 2:15:00 AM com.google.javascript.jscomp.LoggerErrorManager println
SEVERE: i0:1: ERROR - Parse error. missing { before function body
function hi
          ^

Mar 04, 2017 2:15:00 AM com.google.javascript.jscomp.LoggerErrorManager println
SEVERE: i0:1: ERROR - Parse error. missing } after function body
function hi
          ^

Mar 04, 2017 2:15:00 AM com.google.javascript.jscomp.LoggerErrorManager printSummary
WARNING: 6 error(s), 0 warning(s)
Mar 04, 2017 2:15:00 AM com.google.javascript.jscomp.LoggerErrorManager println
SEVERE: i0:1: ERROR - dangerous use of the global this object
function f() { this.y = 3; }
               ^

Mar 04, 2017 2:15:00 AM com.google.javascript.jscomp.LoggerErrorManager printSummary
WARNING: 1 error(s), 0 warning(s)
Mar 04, 2017 2:15:00 AM com.google.javascript.jscomp.LoggerErrorManager println
SEVERE: ERROR - Rename prototypes and inline variables cannot be used together.

Mar 04, 2017 2:15:00 AM com.google.javascript.jscomp.LoggerErrorManager printSummary
WARNING: 1 error(s), 0 warning(s)
Mar 04, 2017 2:15:00 AM com.google.javascript.jscomp.LoggerErrorManager println
SEVERE: i0:1: ERROR - Parse error. missing ] after element list
var x = [1, 2
            ^

Mar 04, 2017 2:15:00 AM com.google.javascript.jscomp.LoggerErrorManager printSummary
WARNING: 1 error(s), 0 warning(s)
java.lang.RuntimeException: java.lang.InterruptedException
	at com.google.common.base.Throwables.propagate(Throwables.java:160)
	at com.google.javascript.jscomp.Compiler.runInCompilerThread(Compiler.java:383)
	at com.google.javascript.jscomp.Compiler.compile(Compiler.java:338)
	at com.google.javascript.jscomp.Compiler.compile(Compiler.java:309)
	at com.google.javascript.jscomp.AbstractCommandLineRunner.doRun(AbstractCommandLineRunner.java:453)
	at com.google.javascript.jscomp.AbstractCommandLineRunner.run(AbstractCommandLineRunner.java:182)
	at com.google.javascript.jscomp.CommandLineRunnerTest.compile(CommandLineRunnerTest.java:1365)
	at com.google.javascript.jscomp.CommandLineRunnerTest.test(CommandLineRunnerTest.java:1287)
	at com.google.javascript.jscomp.CommandLineRunnerTest.test(CommandLineRunnerTest.java:1276)
	at com.google.javascript.jscomp.CommandLineRunnerTest.testCheckUndefinedProperties1(CommandLineRunnerTest.java:311)
	at sun.reflect.NativeMethodAccessorImpl.invoke0(Native Method)
	at sun.reflect.NativeMethodAccessorImpl.invoke(NativeMethodAccessorImpl.java:57)
	at sun.reflect.DelegatingMethodAccessorImpl.invoke(DelegatingMethodAccessorImpl.java:43)
	at java.lang.reflect.Method.invoke(Method.java:606)
	at junit.framework.TestCase.runTest(TestCase.java:176)
	at junit.framework.TestCase.runBare(TestCase.java:141)
	at junit.framework.TestResult$1.protect(TestResult.java:122)
	at junit.framework.TestResult.runProtected(TestResult.java:142)
	at junit.framework.TestResult.run(TestResult.java:125)
	at junit.framework.TestCase.run(TestCase.java:129)
	at junit.framework.TestSuite.runTest(TestSuite.java:255)
	at junit.framework.TestSuite.run(TestSuite.java:250)
	at org.junit.internal.runners.JUnit38ClassRunner.run(JUnit38ClassRunner.java:84)
	at org.junit.runner.JUnitCore.run(JUnitCore.java:160)
	at org.junit.runner.JUnitCore.run(JUnitCore.java:138)
	at xxl.java.junit.JUnitSingleTestResultRunner.call(JUnitSingleTestResultRunner.java:27)
	at xxl.java.junit.JUnitSingleTestResultRunner.call(JUnitSingleTestResultRunner.java:10)
	at java.util.concurrent.FutureTask.run(FutureTask.java:262)
	at java.util.concurrent.ThreadPoolExecutor.runWorker(ThreadPoolExecutor.java:1145)
	at java.util.concurrent.ThreadPoolExecutor$Worker.run(ThreadPoolExecutor.java:615)
	at java.lang.Thread.run(Thread.java:745)
Caused by: java.lang.InterruptedException
	at java.util.concurrent.FutureTask.awaitDone(FutureTask.java:400)
	at java.util.concurrent.FutureTask.get(FutureTask.java:187)
	at com.google.javascript.jscomp.Compiler.runInCompilerThread(Compiler.java:381)
	... 29 more
## OAR [2017-03-04 05:11:07] Job 1202597 KILLED ##
