Running ant (compile)...................................................... OK
Running ant (compile.tests)................................................ OK
Picked up JAVA_TOOL_OPTIONS: -Dfile.encoding=UTF8
OpenJDK 64-Bit Server VM warning: ignoring option MaxPermSize=1024m; support was removed in 8.0
## OAR [2017-11-27 23:03:41] Job 1442353 KILLED ##
Exception in thread "pool-23286-thread-1" java.io.IOException: Resource not found: "org/joda/time/tz/data/UTC" ClassLoader: xxl.java.compiler.BytecodeClassLoader@556d5732
	at org.joda.time.tz.ZoneInfoProvider.openResource(ZoneInfoProvider.java:104)
	at org.joda.time.tz.ZoneInfoProvider.loadZoneData(ZoneInfoProvider.java:113)
	at org.joda.time.tz.ZoneInfoProvider.getZone(ZoneInfoProvider.java:77)
	at org.joda.time.DateTimeZone.setProvider0(DateTimeZone.java:426)
	at org.joda.time.DateTimeZone.<clinit>(DateTimeZone.java:115)
	at org.joda.time.TestDateTimeZone.<clinit>(TestDateTimeZone.java:69)
	at sun.reflect.NativeMethodAccessorImpl.invoke0(Native Method)
	at sun.reflect.NativeMethodAccessorImpl.invoke(NativeMethodAccessorImpl.java:62)
	at sun.reflect.DelegatingMethodAccessorImpl.invoke(DelegatingMethodAccessorImpl.java:43)
	at java.lang.reflect.Method.invoke(Method.java:498)
	at org.junit.internal.runners.SuiteMethod.testFromSuiteMethod(SuiteMethod.java:35)
	at org.junit.internal.runners.SuiteMethod.<init>(SuiteMethod.java:24)
	at org.junit.internal.builders.SuiteMethodBuilder.runnerForClass(SuiteMethodBuilder.java:11)
	at org.junit.runners.model.RunnerBuilder.safeRunnerForClass(RunnerBuilder.java:59)
	at org.junit.internal.builders.AllDefaultPossibilitiesBuilder.runnerForClass(AllDefaultPossibilitiesBuilder.java:26)
	at org.junit.runners.model.RunnerBuilder.safeRunnerForClass(RunnerBuilder.java:59)
	at org.junit.internal.requests.ClassRequest.getRunner(ClassRequest.java:26)
	at org.junit.internal.requests.FilterRequest.getRunner(FilterRequest.java:31)
	at org.junit.runner.JUnitCore.run(JUnitCore.java:138)
	at xxl.java.junit.JUnitSingleTestRunner.call(JUnitSingleTestRunner.java:23)
	at xxl.java.junit.JUnitSingleTestRunner.call(JUnitSingleTestRunner.java:10)
	at java.util.concurrent.FutureTask.run(FutureTask.java:266)
	at java.util.concurrent.ThreadPoolExecutor.runWorker(ThreadPoolExecutor.java:1149)
	at java.util.concurrent.ThreadPoolExecutor$Worker.run(ThreadPoolExecutor.java:624)
	at java.lang.Thread.run(Thread.java:748)
Exception in thread "pool-23656-thread-1" java.io.IOException: Resource not found: "org/joda/time/tz/data/UTC" ClassLoader: xxl.java.compiler.BytecodeClassLoader@3590abf1
	at org.joda.time.tz.ZoneInfoProvider.openResource(ZoneInfoProvider.java:102)
	at org.joda.time.tz.ZoneInfoProvider.loadZoneData(ZoneInfoProvider.java:111)
	at org.joda.time.tz.ZoneInfoProvider.getZone(ZoneInfoProvider.java:75)
	at org.joda.time.DateTimeZone.setProvider0(DateTimeZone.java:426)
	at org.joda.time.DateTimeZone.<clinit>(DateTimeZone.java:115)
	at org.joda.time.TestDateTimeZone.<clinit>(TestDateTimeZone.java:69)
	at sun.reflect.NativeMethodAccessorImpl.invoke0(Native Method)
	at sun.reflect.NativeMethodAccessorImpl.invoke(NativeMethodAccessorImpl.java:62)
	at sun.reflect.DelegatingMethodAccessorImpl.invoke(DelegatingMethodAccessorImpl.java:43)
	at java.lang.reflect.Method.invoke(Method.java:498)
	at org.junit.internal.runners.SuiteMethod.testFromSuiteMethod(SuiteMethod.java:35)
	at org.junit.internal.runners.SuiteMethod.<init>(SuiteMethod.java:24)
	at org.junit.internal.builders.SuiteMethodBuilder.runnerForClass(SuiteMethodBuilder.java:11)
	at org.junit.runners.model.RunnerBuilder.safeRunnerForClass(RunnerBuilder.java:59)
	at org.junit.internal.builders.AllDefaultPossibilitiesBuilder.runnerForClass(AllDefaultPossibilitiesBuilder.java:26)
	at org.junit.runners.model.RunnerBuilder.safeRunnerForClass(RunnerBuilder.java:59)
	at org.junit.internal.requests.ClassRequest.getRunner(ClassRequest.java:26)
	at org.junit.internal.requests.FilterRequest.getRunner(FilterRequest.java:31)
	at org.junit.runner.JUnitCore.run(JUnitCore.java:138)
	at xxl.java.junit.JUnitSingleTestRunner.call(JUnitSingleTestRunner.java:23)
	at xxl.java.junit.JUnitSingleTestRunner.call(JUnitSingleTestRunner.java:10)
	at java.util.concurrent.FutureTask.run(FutureTask.java:266)
	at java.util.concurrent.ThreadPoolExecutor.runWorker(ThreadPoolExecutor.java:1149)
	at java.util.concurrent.ThreadPoolExecutor$Worker.run(ThreadPoolExecutor.java:624)
	at java.lang.Thread.run(Thread.java:748)
Exception in thread "pool-24026-thread-1" java.io.IOException: Resource not found: "org/joda/time/tz/data/UTC" ClassLoader: xxl.java.compiler.BytecodeClassLoader@1f0e5c5f
	at org.joda.time.tz.ZoneInfoProvider.openResource(ZoneInfoProvider.java:102)
	at org.joda.time.tz.ZoneInfoProvider.loadZoneData(ZoneInfoProvider.java:111)
	at org.joda.time.tz.ZoneInfoProvider.getZone(ZoneInfoProvider.java:75)
	at org.joda.time.DateTimeZone.setProvider0(DateTimeZone.java:426)
	at org.joda.time.DateTimeZone.<clinit>(DateTimeZone.java:115)
	at org.joda.time.TestDateTimeZone.<clinit>(TestDateTimeZone.java:69)
	at sun.reflect.NativeMethodAccessorImpl.invoke0(Native Method)
	at sun.reflect.NativeMethodAccessorImpl.invoke(NativeMethodAccessorImpl.java:62)
	at sun.reflect.DelegatingMethodAccessorImpl.invoke(DelegatingMethodAccessorImpl.java:43)
	at java.lang.reflect.Method.invoke(Method.java:498)
	at org.junit.internal.runners.SuiteMethod.testFromSuiteMethod(SuiteMethod.java:35)
	at org.junit.internal.runners.SuiteMethod.<init>(SuiteMethod.java:24)
	at org.junit.internal.builders.SuiteMethodBuilder.runnerForClass(SuiteMethodBuilder.java:11)
	at org.junit.runners.model.RunnerBuilder.safeRunnerForClass(RunnerBuilder.java:59)
	at org.junit.internal.builders.AllDefaultPossibilitiesBuilder.runnerForClass(AllDefaultPossibilitiesBuilder.java:26)
	at org.junit.runners.model.RunnerBuilder.safeRunnerForClass(RunnerBuilder.java:59)
	at org.junit.internal.requests.ClassRequest.getRunner(ClassRequest.java:26)
	at org.junit.internal.requests.FilterRequest.getRunner(FilterRequest.java:31)
	at org.junit.runner.JUnitCore.run(JUnitCore.java:138)
	at xxl.java.junit.JUnitSingleTestRunner.call(JUnitSingleTestRunner.java:23)
	at xxl.java.junit.JUnitSingleTestRunner.call(JUnitSingleTestRunner.java:10)
	at java.util.concurrent.FutureTask.run(FutureTask.java:266)
	at java.util.concurrent.ThreadPoolExecutor.runWorker(ThreadPoolExecutor.java:1149)
	at java.util.concurrent.ThreadPoolExecutor$Worker.run(ThreadPoolExecutor.java:624)
	at java.lang.Thread.run(Thread.java:748)
Exception in thread "pool-32912-thread-1" java.io.IOException: Resource not found: "org/joda/time/tz/data/US/Central" ClassLoader: xxl.java.compiler.BytecodeClassLoader@2986585a
	at org.joda.time.tz.ZoneInfoProvider.openResource(ZoneInfoProvider.java:102)
	at org.joda.time.tz.ZoneInfoProvider.loadZoneData(ZoneInfoProvider.java:111)
	at org.joda.time.tz.ZoneInfoProvider.getZone(ZoneInfoProvider.java:66)
	at org.joda.time.DateTimeZone.forID(DateTimeZone.java:101)
	at org.joda.time.TestDateTimeZoneCutover.testBug2182444_usCentral(TestDateTimeZoneCutover.java:1176)
	at sun.reflect.NativeMethodAccessorImpl.invoke0(Native Method)
	at sun.reflect.NativeMethodAccessorImpl.invoke(NativeMethodAccessorImpl.java:62)
	at sun.reflect.DelegatingMethodAccessorImpl.invoke(DelegatingMethodAccessorImpl.java:43)
	at java.lang.reflect.Method.invoke(Method.java:498)
	at junit.framework.TestCase.runTest(TestCase.java:176)
	at junit.framework.TestCase.runBare(TestCase.java:141)
	at junit.framework.TestResult$1.protect(TestResult.java:122)
	at junit.framework.TestResult.runProtected(TestResult.java:142)
	at junit.framework.TestResult.run(TestResult.java:125)
	at junit.framework.TestCase.run(TestCase.java:129)
	at junit.framework.TestSuite.runTest(TestSuite.java:255)
	at junit.framework.TestSuite.run(TestSuite.java:250)
	at org.junit.internal.runners.JUnit38ClassRunner.run(JUnit38ClassRunner.java:84)
	at org.junit.runner.JUnitCore.run(JUnitCore.java:160)
	at org.junit.runner.JUnitCore.run(JUnitCore.java:138)
	at xxl.java.junit.JUnitSingleTestResultRunner.call(JUnitSingleTestResultRunner.java:27)
	at xxl.java.junit.JUnitSingleTestResultRunner.call(JUnitSingleTestResultRunner.java:10)
	at java.util.concurrent.FutureTask.run(FutureTask.java:266)
	at java.util.concurrent.ThreadPoolExecutor.runWorker(ThreadPoolExecutor.java:1149)
	at java.util.concurrent.ThreadPoolExecutor$Worker.run(ThreadPoolExecutor.java:624)
	at java.lang.Thread.run(Thread.java:748)
Exception in thread "pool-33017-thread-1" java.io.IOException: Resource not found: "org/joda/time/tz/data/Australia/NSW" ClassLoader: xxl.java.compiler.BytecodeClassLoader@2986585a
	at org.joda.time.tz.ZoneInfoProvider.openResource(ZoneInfoProvider.java:102)
	at org.joda.time.tz.ZoneInfoProvider.loadZoneData(ZoneInfoProvider.java:111)
	at org.joda.time.tz.ZoneInfoProvider.getZone(ZoneInfoProvider.java:66)
	at org.joda.time.DateTimeZone.forID(DateTimeZone.java:101)
	at org.joda.time.TestDateTimeZoneCutover.testBug2182444_ausNSW(TestDateTimeZoneCutover.java:1195)
	at sun.reflect.NativeMethodAccessorImpl.invoke0(Native Method)
	at sun.reflect.NativeMethodAccessorImpl.invoke(NativeMethodAccessorImpl.java:62)
	at sun.reflect.DelegatingMethodAccessorImpl.invoke(DelegatingMethodAccessorImpl.java:43)
	at java.lang.reflect.Method.invoke(Method.java:498)
	at junit.framework.TestCase.runTest(TestCase.java:176)
	at junit.framework.TestCase.runBare(TestCase.java:141)
	at junit.framework.TestResult$1.protect(TestResult.java:122)
	at junit.framework.TestResult.runProtected(TestResult.java:142)
	at junit.framework.TestResult.run(TestResult.java:125)
	at junit.framework.TestCase.run(TestCase.java:129)
	at junit.framework.TestSuite.runTest(TestSuite.java:255)
	at junit.framework.TestSuite.run(TestSuite.java:250)
	at org.junit.internal.runners.JUnit38ClassRunner.run(JUnit38ClassRunner.java:84)
	at org.junit.runner.JUnitCore.run(JUnitCore.java:160)
	at org.junit.runner.JUnitCore.run(JUnitCore.java:138)
	at xxl.java.junit.JUnitSingleTestResultRunner.call(JUnitSingleTestResultRunner.java:27)
	at xxl.java.junit.JUnitSingleTestResultRunner.call(JUnitSingleTestResultRunner.java:10)
	at java.util.concurrent.FutureTask.run(FutureTask.java:266)
	at java.util.concurrent.ThreadPoolExecutor.runWorker(ThreadPoolExecutor.java:1149)
	at java.util.concurrent.ThreadPoolExecutor$Worker.run(ThreadPoolExecutor.java:624)
	at java.lang.Thread.run(Thread.java:748)
Command exited with non-zero status 255
4161.79user 223.88system 59:11.14elapsed 123%CPU (0avgtext+0avgdata 5279156maxresident)k
104320inputs+55616outputs (44major+3108240minor)pagefaults 0swaps
