Running ant (compile)...................................................... OK
Running ant (compile.tests)................................................ OK
Picked up JAVA_TOOL_OPTIONS: -Dfile.encoding=UTF8
OpenJDK 64-Bit Server VM warning: ignoring option MaxPermSize=1024m; support was removed in 8.0
## OAR [2017-11-27 23:04:06] Job 1442357 KILLED ##
Exception in thread "pool-23576-thread-1" java.io.IOException: Resource not found: "org/joda/time/tz/data/US/Central" ClassLoader: xxl.java.compiler.BytecodeClassLoader@713f3a99
	at org.joda.time.tz.ZoneInfoProvider.openResource(ZoneInfoProvider.java:102)
	at org.joda.time.tz.ZoneInfoProvider.loadZoneData(ZoneInfoProvider.java:111)
	at org.joda.time.tz.ZoneInfoProvider.getZone(ZoneInfoProvider.java:66)
	at org.joda.time.DateTimeZone.forID(DateTimeZone.java:101)
	at org.joda.time.TestDateTimeZoneCutover.testBug2182444_usCentral(TestDateTimeZoneCutover.java:1176)
	at sun.reflect.NativeMethodAccessorImpl.invoke0(Native Method)
	at sun.reflect.NativeMethodAccessorImpl.invoke(NativeMethodAccessorImpl.java:62)
	at sun.reflect.DelegatingMethodAccessorImpl.invoke(DelegatingMethodAccessorImpl.java:43)
	at java.lang.reflect.Method.invoke(Method.java:498)
	at junit.framework.TestCase.runTest(TestCase.java:176)
	at junit.framework.TestCase.runBare(TestCase.java:141)
	at junit.framework.TestResult$1.protect(TestResult.java:122)
	at junit.framework.TestResult.runProtected(TestResult.java:142)
	at junit.framework.TestResult.run(TestResult.java:125)
	at junit.framework.TestCase.run(TestCase.java:129)
	at junit.framework.TestSuite.runTest(TestSuite.java:255)
	at junit.framework.TestSuite.run(TestSuite.java:250)
	at org.junit.internal.runners.JUnit38ClassRunner.run(JUnit38ClassRunner.java:84)
	at org.junit.runner.JUnitCore.run(JUnitCore.java:160)
	at org.junit.runner.JUnitCore.run(JUnitCore.java:138)
	at xxl.java.junit.JUnitSingleTestResultRunner.call(JUnitSingleTestResultRunner.java:27)
	at xxl.java.junit.JUnitSingleTestResultRunner.call(JUnitSingleTestResultRunner.java:10)
	at java.util.concurrent.FutureTask.run(FutureTask.java:266)
	at java.util.concurrent.ThreadPoolExecutor.runWorker(ThreadPoolExecutor.java:1149)
	at java.util.concurrent.ThreadPoolExecutor$Worker.run(ThreadPoolExecutor.java:624)
	at java.lang.Thread.run(Thread.java:748)
Exception in thread "pool-23697-thread-1" java.io.IOException: Resource not found: "org/joda/time/tz/data/Australia/NSW" ClassLoader: xxl.java.compiler.BytecodeClassLoader@713f3a99
	at org.joda.time.tz.ZoneInfoProvider.openResource(ZoneInfoProvider.java:102)
	at org.joda.time.tz.ZoneInfoProvider.loadZoneData(ZoneInfoProvider.java:111)
	at org.joda.time.tz.ZoneInfoProvider.getZone(ZoneInfoProvider.java:66)
	at org.joda.time.DateTimeZone.forID(DateTimeZone.java:101)
	at org.joda.time.TestDateTimeZoneCutover.testBug2182444_ausNSW(TestDateTimeZoneCutover.java:1195)
	at sun.reflect.NativeMethodAccessorImpl.invoke0(Native Method)
	at sun.reflect.NativeMethodAccessorImpl.invoke(NativeMethodAccessorImpl.java:62)
	at sun.reflect.DelegatingMethodAccessorImpl.invoke(DelegatingMethodAccessorImpl.java:43)
	at java.lang.reflect.Method.invoke(Method.java:498)
	at junit.framework.TestCase.runTest(TestCase.java:176)
	at junit.framework.TestCase.runBare(TestCase.java:141)
	at junit.framework.TestResult$1.protect(TestResult.java:122)
	at junit.framework.TestResult.runProtected(TestResult.java:142)
	at junit.framework.TestResult.run(TestResult.java:125)
	at junit.framework.TestCase.run(TestCase.java:129)
	at junit.framework.TestSuite.runTest(TestSuite.java:255)
	at junit.framework.TestSuite.run(TestSuite.java:250)
	at org.junit.internal.runners.JUnit38ClassRunner.run(JUnit38ClassRunner.java:84)
	at org.junit.runner.JUnitCore.run(JUnitCore.java:160)
	at org.junit.runner.JUnitCore.run(JUnitCore.java:138)
	at xxl.java.junit.JUnitSingleTestResultRunner.call(JUnitSingleTestResultRunner.java:27)
	at xxl.java.junit.JUnitSingleTestResultRunner.call(JUnitSingleTestResultRunner.java:10)
	at java.util.concurrent.FutureTask.run(FutureTask.java:266)
	at java.util.concurrent.ThreadPoolExecutor.runWorker(ThreadPoolExecutor.java:1149)
	at java.util.concurrent.ThreadPoolExecutor$Worker.run(ThreadPoolExecutor.java:624)
	at java.lang.Thread.run(Thread.java:748)
Exception in thread "pool-24151-thread-1" java.io.IOException: Resource not found: "org/joda/time/tz/data/ZoneInfoMap" ClassLoader: xxl.java.compiler.BytecodeClassLoader@618be686
	at org.joda.time.tz.ZoneInfoProvider.openResource(ZoneInfoProvider.java:102)
	at org.joda.time.tz.ZoneInfoProvider.<init>(ZoneInfoProvider.java:48)
	at org.joda.time.tz.ZoneInfoProvider.<init>(ZoneInfoProvider.java:28)
	at org.joda.time.DateTimeZone.getDefaultProvider(DateTimeZone.java:253)
	at org.joda.time.DateTimeZone.setProvider0(DateTimeZone.java:221)
	at org.joda.time.DateTimeZone.<clinit>(DateTimeZone.java:44)
	at org.joda.time.TestDateTimeZone.<clinit>(TestDateTimeZone.java:71)
	at sun.reflect.NativeMethodAccessorImpl.invoke0(Native Method)
	at sun.reflect.NativeMethodAccessorImpl.invoke(NativeMethodAccessorImpl.java:62)
	at sun.reflect.DelegatingMethodAccessorImpl.invoke(DelegatingMethodAccessorImpl.java:43)
	at java.lang.reflect.Method.invoke(Method.java:498)
	at org.junit.internal.runners.SuiteMethod.testFromSuiteMethod(SuiteMethod.java:35)
	at org.junit.internal.runners.SuiteMethod.<init>(SuiteMethod.java:24)
	at org.junit.internal.builders.SuiteMethodBuilder.runnerForClass(SuiteMethodBuilder.java:11)
	at org.junit.runners.model.RunnerBuilder.safeRunnerForClass(RunnerBuilder.java:59)
	at org.junit.internal.builders.AllDefaultPossibilitiesBuilder.runnerForClass(AllDefaultPossibilitiesBuilder.java:26)
	at org.junit.runners.model.RunnerBuilder.safeRunnerForClass(RunnerBuilder.java:59)
	at org.junit.internal.requests.ClassRequest.getRunner(ClassRequest.java:26)
	at org.junit.internal.requests.FilterRequest.getRunner(FilterRequest.java:31)
	at org.junit.runner.JUnitCore.run(JUnitCore.java:138)
	at xxl.java.junit.JUnitSingleTestRunner.call(JUnitSingleTestRunner.java:23)
	at xxl.java.junit.JUnitSingleTestRunner.call(JUnitSingleTestRunner.java:10)
	at java.util.concurrent.FutureTask.run(FutureTask.java:266)
	at java.util.concurrent.ThreadPoolExecutor.runWorker(ThreadPoolExecutor.java:1149)
	at java.util.concurrent.ThreadPoolExecutor$Worker.run(ThreadPoolExecutor.java:624)
	at java.lang.Thread.run(Thread.java:748)
Exception in thread "pool-24388-thread-1" java.io.IOException: Invalid encoding
	at org.joda.time.tz.DateTimeZoneBuilder$PrecalculatedZone.readFrom(DateTimeZoneBuilder.java:707)
	at org.joda.time.tz.DateTimeZoneBuilder.readFrom(DateTimeZoneBuilder.java:1004)
	at org.joda.time.tz.DateTimeZoneBuilder.readFrom(DateTimeZoneBuilder.java:991)
	at org.joda.time.tz.ZoneInfoProvider.loadZoneData(ZoneInfoProvider.java:106)
	at org.joda.time.tz.ZoneInfoProvider.getZone(ZoneInfoProvider.java:60)
	at org.joda.time.DateTimeZone.forID(DateTimeZone.java:101)
	at org.joda.time.TestDateTimeZone.<clinit>(TestDateTimeZone.java:71)
	at sun.reflect.NativeMethodAccessorImpl.invoke0(Native Method)
	at sun.reflect.NativeMethodAccessorImpl.invoke(NativeMethodAccessorImpl.java:62)
	at sun.reflect.DelegatingMethodAccessorImpl.invoke(DelegatingMethodAccessorImpl.java:43)
	at java.lang.reflect.Method.invoke(Method.java:498)
	at org.junit.internal.runners.SuiteMethod.testFromSuiteMethod(SuiteMethod.java:35)
	at org.junit.internal.runners.SuiteMethod.<init>(SuiteMethod.java:24)
	at org.junit.internal.builders.SuiteMethodBuilder.runnerForClass(SuiteMethodBuilder.java:11)
	at org.junit.runners.model.RunnerBuilder.safeRunnerForClass(RunnerBuilder.java:59)
	at org.junit.internal.builders.AllDefaultPossibilitiesBuilder.runnerForClass(AllDefaultPossibilitiesBuilder.java:26)
	at org.junit.runners.model.RunnerBuilder.safeRunnerForClass(RunnerBuilder.java:59)
	at org.junit.internal.requests.ClassRequest.getRunner(ClassRequest.java:26)
	at org.junit.internal.requests.FilterRequest.getRunner(FilterRequest.java:31)
	at org.junit.runner.JUnitCore.run(JUnitCore.java:138)
	at xxl.java.junit.JUnitSingleTestRunner.call(JUnitSingleTestRunner.java:23)
	at xxl.java.junit.JUnitSingleTestRunner.call(JUnitSingleTestRunner.java:10)
	at java.util.concurrent.FutureTask.run(FutureTask.java:266)
	at java.util.concurrent.ThreadPoolExecutor.runWorker(ThreadPoolExecutor.java:1149)
	at java.util.concurrent.ThreadPoolExecutor$Worker.run(ThreadPoolExecutor.java:624)
	at java.lang.Thread.run(Thread.java:748)
Exception in thread "pool-24498-thread-1" java.io.IOException: Invalid encoding
	at org.joda.time.tz.DateTimeZoneBuilder$PrecalculatedZone.readFrom(DateTimeZoneBuilder.java:701)
	at org.joda.time.tz.DateTimeZoneBuilder.readFrom(DateTimeZoneBuilder.java:998)
	at org.joda.time.tz.DateTimeZoneBuilder.readFrom(DateTimeZoneBuilder.java:985)
	at org.joda.time.tz.ZoneInfoProvider.loadZoneData(ZoneInfoProvider.java:106)
	at org.joda.time.tz.ZoneInfoProvider.getZone(ZoneInfoProvider.java:60)
	at org.joda.time.DateTimeZone.forID(DateTimeZone.java:101)
	at org.joda.time.DateTimeZone.getDefault(DateTimeZone.java:61)
	at org.joda.time.format.TestISODateTimeFormatParsing.setUp(TestISODateTimeFormatParsing.java:51)
	at junit.framework.TestCase.runBare(TestCase.java:139)
	at junit.framework.TestResult$1.protect(TestResult.java:122)
	at junit.framework.TestResult.runProtected(TestResult.java:142)
	at junit.framework.TestResult.run(TestResult.java:125)
	at junit.framework.TestCase.run(TestCase.java:129)
	at junit.framework.TestSuite.runTest(TestSuite.java:255)
	at junit.framework.TestSuite.run(TestSuite.java:250)
	at org.junit.internal.runners.JUnit38ClassRunner.run(JUnit38ClassRunner.java:84)
	at org.junit.runner.JUnitCore.run(JUnitCore.java:160)
	at org.junit.runner.JUnitCore.run(JUnitCore.java:138)
	at xxl.java.junit.JUnitSingleTestResultRunner.call(JUnitSingleTestResultRunner.java:27)
	at xxl.java.junit.JUnitSingleTestResultRunner.call(JUnitSingleTestResultRunner.java:10)
	at java.util.concurrent.FutureTask.run(FutureTask.java:266)
	at java.util.concurrent.ThreadPoolExecutor.runWorker(ThreadPoolExecutor.java:1149)
	at java.util.concurrent.ThreadPoolExecutor$Worker.run(ThreadPoolExecutor.java:624)
	at java.lang.Thread.run(Thread.java:748)
Exception in thread "pool-24498-thread-1" java.io.IOException: Invalid encoding
	at org.joda.time.tz.DateTimeZoneBuilder$PrecalculatedZone.readFrom(DateTimeZoneBuilder.java:701)
	at org.joda.time.tz.DateTimeZoneBuilder.readFrom(DateTimeZoneBuilder.java:998)
	at org.joda.time.tz.DateTimeZoneBuilder.readFrom(DateTimeZoneBuilder.java:985)
	at org.joda.time.tz.ZoneInfoProvider.loadZoneData(ZoneInfoProvider.java:106)
	at org.joda.time.tz.ZoneInfoProvider.getZone(ZoneInfoProvider.java:60)
	at org.joda.time.DateTimeZone.forID(DateTimeZone.java:101)
	at org.joda.time.format.TestISODateTimeFormatParsing.setUp(TestISODateTimeFormatParsing.java:54)
	at junit.framework.TestCase.runBare(TestCase.java:139)
	at junit.framework.TestResult$1.protect(TestResult.java:122)
	at junit.framework.TestResult.runProtected(TestResult.java:142)
	at junit.framework.TestResult.run(TestResult.java:125)
	at junit.framework.TestCase.run(TestCase.java:129)
	at junit.framework.TestSuite.runTest(TestSuite.java:255)
	at junit.framework.TestSuite.run(TestSuite.java:250)
	at org.junit.internal.runners.JUnit38ClassRunner.run(JUnit38ClassRunner.java:84)
	at org.junit.runner.JUnitCore.run(JUnitCore.java:160)
	at org.junit.runner.JUnitCore.run(JUnitCore.java:138)
	at xxl.java.junit.JUnitSingleTestResultRunner.call(JUnitSingleTestResultRunner.java:27)
	at xxl.java.junit.JUnitSingleTestResultRunner.call(JUnitSingleTestResultRunner.java:10)
	at java.util.concurrent.FutureTask.run(FutureTask.java:266)
	at java.util.concurrent.ThreadPoolExecutor.runWorker(ThreadPoolExecutor.java:1149)
	at java.util.concurrent.ThreadPoolExecutor$Worker.run(ThreadPoolExecutor.java:624)
	at java.lang.Thread.run(Thread.java:748)
Exception in thread "pool-24500-thread-1" java.io.IOException: Invalid encoding
	at org.joda.time.tz.DateTimeZoneBuilder$PrecalculatedZone.readFrom(DateTimeZoneBuilder.java:701)
	at org.joda.time.tz.DateTimeZoneBuilder.readFrom(DateTimeZoneBuilder.java:998)
	at org.joda.time.tz.DateTimeZoneBuilder.readFrom(DateTimeZoneBuilder.java:985)
	at org.joda.time.tz.ZoneInfoProvider.loadZoneData(ZoneInfoProvider.java:106)
	at org.joda.time.tz.ZoneInfoProvider.getZone(ZoneInfoProvider.java:60)
	at org.joda.time.DateTimeZone.forID(DateTimeZone.java:101)
	at org.joda.time.chrono.TestLenientChronology.test_lenientChrononolgy_Chicago(TestLenientChronology.java:136)
	at sun.reflect.NativeMethodAccessorImpl.invoke0(Native Method)
	at sun.reflect.NativeMethodAccessorImpl.invoke(NativeMethodAccessorImpl.java:62)
	at sun.reflect.DelegatingMethodAccessorImpl.invoke(DelegatingMethodAccessorImpl.java:43)
	at java.lang.reflect.Method.invoke(Method.java:498)
	at junit.framework.TestCase.runTest(TestCase.java:176)
	at junit.framework.TestCase.runBare(TestCase.java:141)
	at junit.framework.TestResult$1.protect(TestResult.java:122)
	at junit.framework.TestResult.runProtected(TestResult.java:142)
	at junit.framework.TestResult.run(TestResult.java:125)
	at junit.framework.TestCase.run(TestCase.java:129)
	at junit.framework.TestSuite.runTest(TestSuite.java:255)
	at junit.framework.TestSuite.run(TestSuite.java:250)
	at org.junit.internal.runners.JUnit38ClassRunner.run(JUnit38ClassRunner.java:84)
	at org.junit.runner.JUnitCore.run(JUnitCore.java:160)
	at org.junit.runner.JUnitCore.run(JUnitCore.java:138)
	at xxl.java.junit.JUnitSingleTestResultRunner.call(JUnitSingleTestResultRunner.java:27)
	at xxl.java.junit.JUnitSingleTestResultRunner.call(JUnitSingleTestResultRunner.java:10)
	at java.util.concurrent.FutureTask.run(FutureTask.java:266)
	at java.util.concurrent.ThreadPoolExecutor.runWorker(ThreadPoolExecutor.java:1149)
	at java.util.concurrent.ThreadPoolExecutor$Worker.run(ThreadPoolExecutor.java:624)
	at java.lang.Thread.run(Thread.java:748)
Exception in thread "pool-24503-thread-1" java.io.IOException: Invalid encoding
	at org.joda.time.tz.DateTimeZoneBuilder$PrecalculatedZone.readFrom(DateTimeZoneBuilder.java:701)
	at org.joda.time.tz.DateTimeZoneBuilder.readFrom(DateTimeZoneBuilder.java:998)
	at org.joda.time.tz.DateTimeZoneBuilder.readFrom(DateTimeZoneBuilder.java:985)
	at org.joda.time.tz.ZoneInfoProvider.loadZoneData(ZoneInfoProvider.java:106)
	at org.joda.time.tz.ZoneInfoProvider.getZone(ZoneInfoProvider.java:60)
	at org.joda.time.DateTimeZone.forID(DateTimeZone.java:101)
	at org.joda.time.TestLocalDate_Basics.<clinit>(TestLocalDate_Basics.java:50)
	at sun.reflect.NativeMethodAccessorImpl.invoke0(Native Method)
	at sun.reflect.NativeMethodAccessorImpl.invoke(NativeMethodAccessorImpl.java:62)
	at sun.reflect.DelegatingMethodAccessorImpl.invoke(DelegatingMethodAccessorImpl.java:43)
	at java.lang.reflect.Method.invoke(Method.java:498)
	at org.junit.internal.runners.SuiteMethod.testFromSuiteMethod(SuiteMethod.java:35)
	at org.junit.internal.runners.SuiteMethod.<init>(SuiteMethod.java:24)
	at org.junit.internal.builders.SuiteMethodBuilder.runnerForClass(SuiteMethodBuilder.java:11)
	at org.junit.runners.model.RunnerBuilder.safeRunnerForClass(RunnerBuilder.java:59)
	at org.junit.internal.builders.AllDefaultPossibilitiesBuilder.runnerForClass(AllDefaultPossibilitiesBuilder.java:26)
	at org.junit.runners.model.RunnerBuilder.safeRunnerForClass(RunnerBuilder.java:59)
	at org.junit.internal.requests.ClassRequest.getRunner(ClassRequest.java:26)
	at org.junit.internal.requests.FilterRequest.getRunner(FilterRequest.java:31)
	at org.junit.runner.JUnitCore.run(JUnitCore.java:138)
	at xxl.java.junit.JUnitSingleTestResultRunner.call(JUnitSingleTestResultRunner.java:27)
	at xxl.java.junit.JUnitSingleTestResultRunner.call(JUnitSingleTestResultRunner.java:10)
	at java.util.concurrent.FutureTask.run(FutureTask.java:266)
	at java.util.concurrent.ThreadPoolExecutor.runWorker(ThreadPoolExecutor.java:1149)
	at java.util.concurrent.ThreadPoolExecutor$Worker.run(ThreadPoolExecutor.java:624)
	at java.lang.Thread.run(Thread.java:748)
Exception in thread "pool-24520-thread-1" java.io.IOException: Invalid encoding
	at org.joda.time.tz.DateTimeZoneBuilder$PrecalculatedZone.readFrom(DateTimeZoneBuilder.java:701)
	at org.joda.time.tz.DateTimeZoneBuilder.readFrom(DateTimeZoneBuilder.java:998)
	at org.joda.time.tz.DateTimeZoneBuilder.readFrom(DateTimeZoneBuilder.java:985)
	at org.joda.time.tz.ZoneInfoProvider.loadZoneData(ZoneInfoProvider.java:106)
	at org.joda.time.tz.ZoneInfoProvider.getZone(ZoneInfoProvider.java:60)
	at org.joda.time.DateTimeZone.forID(DateTimeZone.java:101)
	at org.joda.time.DateTimeUtils.put(DateTimeUtils.java:61)
	at org.joda.time.DateTimeUtils.<clinit>(DateTimeUtils.java:52)
	at org.joda.time.tz.DateTimeZoneBuilder$RuleSet.<clinit>(DateTimeZoneBuilder.java:387)
	at org.joda.time.tz.DateTimeZoneBuilder.addCutover(DateTimeZoneBuilder.java:1075)
	at org.joda.time.tz.TestBuilder.buildAmericaLosAngelesBuilder(TestBuilder.java:166)
	at org.joda.time.tz.TestBuilder.testSerialization(TestBuilder.java:278)
	at sun.reflect.NativeMethodAccessorImpl.invoke0(Native Method)
	at sun.reflect.NativeMethodAccessorImpl.invoke(NativeMethodAccessorImpl.java:62)
	at sun.reflect.DelegatingMethodAccessorImpl.invoke(DelegatingMethodAccessorImpl.java:43)
	at java.lang.reflect.Method.invoke(Method.java:498)
	at junit.framework.TestCase.runTest(TestCase.java:176)
	at junit.framework.TestCase.runBare(TestCase.java:141)
	at junit.framework.TestResult$1.protect(TestResult.java:122)
	at junit.framework.TestResult.runProtected(TestResult.java:142)
	at junit.framework.TestResult.run(TestResult.java:125)
	at junit.framework.TestCase.run(TestCase.java:129)
	at junit.framework.TestSuite.runTest(TestSuite.java:255)
	at junit.framework.TestSuite.run(TestSuite.java:250)
	at org.junit.internal.runners.JUnit38ClassRunner.run(JUnit38ClassRunner.java:84)
	at org.junit.runner.JUnitCore.run(JUnitCore.java:160)
	at org.junit.runner.JUnitCore.run(JUnitCore.java:138)
	at xxl.java.junit.JUnitSingleTestResultRunner.call(JUnitSingleTestResultRunner.java:27)
	at xxl.java.junit.JUnitSingleTestResultRunner.call(JUnitSingleTestResultRunner.java:10)
	at java.util.concurrent.FutureTask.run(FutureTask.java:266)
	at java.util.concurrent.ThreadPoolExecutor.runWorker(ThreadPoolExecutor.java:1149)
	at java.util.concurrent.ThreadPoolExecutor$Worker.run(ThreadPoolExecutor.java:624)
	at java.lang.Thread.run(Thread.java:748)
Exception in thread "pool-24520-thread-1" java.io.IOException: Invalid encoding
	at org.joda.time.tz.DateTimeZoneBuilder$PrecalculatedZone.readFrom(DateTimeZoneBuilder.java:701)
	at org.joda.time.tz.DateTimeZoneBuilder.readFrom(DateTimeZoneBuilder.java:998)
	at org.joda.time.tz.DateTimeZoneBuilder.readFrom(DateTimeZoneBuilder.java:985)
	at org.joda.time.tz.ZoneInfoProvider.loadZoneData(ZoneInfoProvider.java:106)
	at org.joda.time.tz.ZoneInfoProvider.getZone(ZoneInfoProvider.java:60)
	at org.joda.time.DateTimeZone.forID(DateTimeZone.java:101)
	at org.joda.time.DateTimeUtils.put(DateTimeUtils.java:61)
	at org.joda.time.DateTimeUtils.<clinit>(DateTimeUtils.java:54)
	at org.joda.time.tz.DateTimeZoneBuilder$RuleSet.<clinit>(DateTimeZoneBuilder.java:387)
	at org.joda.time.tz.DateTimeZoneBuilder.addCutover(DateTimeZoneBuilder.java:1075)
	at org.joda.time.tz.TestBuilder.buildAmericaLosAngelesBuilder(TestBuilder.java:166)
	at org.joda.time.tz.TestBuilder.testSerialization(TestBuilder.java:278)
	at sun.reflect.NativeMethodAccessorImpl.invoke0(Native Method)
	at sun.reflect.NativeMethodAccessorImpl.invoke(NativeMethodAccessorImpl.java:62)
	at sun.reflect.DelegatingMethodAccessorImpl.invoke(DelegatingMethodAccessorImpl.java:43)
	at java.lang.reflect.Method.invoke(Method.java:498)
	at junit.framework.TestCase.runTest(TestCase.java:176)
	at junit.framework.TestCase.runBare(TestCase.java:141)
	at junit.framework.TestResult$1.protect(TestResult.java:122)
	at junit.framework.TestResult.runProtected(TestResult.java:142)
	at junit.framework.TestResult.run(TestResult.java:125)
	at junit.framework.TestCase.run(TestCase.java:129)
	at junit.framework.TestSuite.runTest(TestSuite.java:255)
	at junit.framework.TestSuite.run(TestSuite.java:250)
	at org.junit.internal.runners.JUnit38ClassRunner.run(JUnit38ClassRunner.java:84)
	at org.junit.runner.JUnitCore.run(JUnitCore.java:160)
	at org.junit.runner.JUnitCore.run(JUnitCore.java:138)
	at xxl.java.junit.JUnitSingleTestResultRunner.call(JUnitSingleTestResultRunner.java:27)
	at xxl.java.junit.JUnitSingleTestResultRunner.call(JUnitSingleTestResultRunner.java:10)
	at java.util.concurrent.FutureTask.run(FutureTask.java:266)
	at java.util.concurrent.ThreadPoolExecutor.runWorker(ThreadPoolExecutor.java:1149)
	at java.util.concurrent.ThreadPoolExecutor$Worker.run(ThreadPoolExecutor.java:624)
	at java.lang.Thread.run(Thread.java:748)
Exception in thread "pool-24521-thread-1" java.io.IOException: Invalid encoding
	at org.joda.time.tz.DateTimeZoneBuilder$PrecalculatedZone.readFrom(DateTimeZoneBuilder.java:701)
	at org.joda.time.tz.DateTimeZoneBuilder.readFrom(DateTimeZoneBuilder.java:998)
	at org.joda.time.tz.DateTimeZoneBuilder.readFrom(DateTimeZoneBuilder.java:985)
	at org.joda.time.tz.ZoneInfoProvider.loadZoneData(ZoneInfoProvider.java:106)
	at org.joda.time.tz.ZoneInfoProvider.getZone(ZoneInfoProvider.java:60)
	at org.joda.time.DateTimeZone.forID(DateTimeZone.java:101)
	at org.joda.time.tz.TestCompiler.test_Amman_2003(TestCompiler.java:173)
	at sun.reflect.NativeMethodAccessorImpl.invoke0(Native Method)
	at sun.reflect.NativeMethodAccessorImpl.invoke(NativeMethodAccessorImpl.java:62)
	at sun.reflect.DelegatingMethodAccessorImpl.invoke(DelegatingMethodAccessorImpl.java:43)
	at java.lang.reflect.Method.invoke(Method.java:498)
	at junit.framework.TestCase.runTest(TestCase.java:176)
	at junit.framework.TestCase.runBare(TestCase.java:141)
	at junit.framework.TestResult$1.protect(TestResult.java:122)
	at junit.framework.TestResult.runProtected(TestResult.java:142)
	at junit.framework.TestResult.run(TestResult.java:125)
	at junit.framework.TestCase.run(TestCase.java:129)
	at junit.framework.TestSuite.runTest(TestSuite.java:255)
	at junit.framework.TestSuite.run(TestSuite.java:250)
	at org.junit.internal.runners.JUnit38ClassRunner.run(JUnit38ClassRunner.java:84)
	at org.junit.runner.JUnitCore.run(JUnitCore.java:160)
	at org.junit.runner.JUnitCore.run(JUnitCore.java:138)
	at xxl.java.junit.JUnitSingleTestResultRunner.call(JUnitSingleTestResultRunner.java:27)
	at xxl.java.junit.JUnitSingleTestResultRunner.call(JUnitSingleTestResultRunner.java:10)
	at java.util.concurrent.FutureTask.run(FutureTask.java:266)
	at java.util.concurrent.ThreadPoolExecutor.runWorker(ThreadPoolExecutor.java:1149)
	at java.util.concurrent.ThreadPoolExecutor$Worker.run(ThreadPoolExecutor.java:624)
	at java.lang.Thread.run(Thread.java:748)
Exception in thread "pool-24554-thread-1" java.io.IOException: Invalid encoding
	at org.joda.time.tz.DateTimeZoneBuilder$PrecalculatedZone.readFrom(DateTimeZoneBuilder.java:709)
	at org.joda.time.tz.DateTimeZoneBuilder.readFrom(DateTimeZoneBuilder.java:1006)
	at org.joda.time.tz.DateTimeZoneBuilder.readFrom(DateTimeZoneBuilder.java:993)
	at org.joda.time.tz.ZoneInfoProvider.loadZoneData(ZoneInfoProvider.java:106)
	at org.joda.time.tz.ZoneInfoProvider.getZone(ZoneInfoProvider.java:60)
	at org.joda.time.DateTimeZone.forID(DateTimeZone.java:101)
	at org.joda.time.TestDateTimeZone.<clinit>(TestDateTimeZone.java:71)
	at sun.reflect.NativeMethodAccessorImpl.invoke0(Native Method)
	at sun.reflect.NativeMethodAccessorImpl.invoke(NativeMethodAccessorImpl.java:62)
	at sun.reflect.DelegatingMethodAccessorImpl.invoke(DelegatingMethodAccessorImpl.java:43)
	at java.lang.reflect.Method.invoke(Method.java:498)
	at org.junit.internal.runners.SuiteMethod.testFromSuiteMethod(SuiteMethod.java:35)
	at org.junit.internal.runners.SuiteMethod.<init>(SuiteMethod.java:24)
	at org.junit.internal.builders.SuiteMethodBuilder.runnerForClass(SuiteMethodBuilder.java:11)
	at org.junit.runners.model.RunnerBuilder.safeRunnerForClass(RunnerBuilder.java:59)
	at org.junit.internal.builders.AllDefaultPossibilitiesBuilder.runnerForClass(AllDefaultPossibilitiesBuilder.java:26)
	at org.junit.runners.model.RunnerBuilder.safeRunnerForClass(RunnerBuilder.java:59)
	at org.junit.internal.requests.ClassRequest.getRunner(ClassRequest.java:26)
	at org.junit.internal.requests.FilterRequest.getRunner(FilterRequest.java:31)
	at org.junit.runner.JUnitCore.run(JUnitCore.java:138)
	at xxl.java.junit.JUnitSingleTestRunner.call(JUnitSingleTestRunner.java:23)
	at xxl.java.junit.JUnitSingleTestRunner.call(JUnitSingleTestRunner.java:10)
	at java.util.concurrent.FutureTask.run(FutureTask.java:266)
	at java.util.concurrent.ThreadPoolExecutor.runWorker(ThreadPoolExecutor.java:1149)
	at java.util.concurrent.ThreadPoolExecutor$Worker.run(ThreadPoolExecutor.java:624)
	at java.lang.Thread.run(Thread.java:748)
Exception in thread "pool-24664-thread-1" java.io.IOException: Invalid encoding
	at org.joda.time.tz.DateTimeZoneBuilder$PrecalculatedZone.readFrom(DateTimeZoneBuilder.java:703)
	at org.joda.time.tz.DateTimeZoneBuilder.readFrom(DateTimeZoneBuilder.java:1000)
	at org.joda.time.tz.DateTimeZoneBuilder.readFrom(DateTimeZoneBuilder.java:987)
	at org.joda.time.tz.ZoneInfoProvider.loadZoneData(ZoneInfoProvider.java:106)
	at org.joda.time.tz.ZoneInfoProvider.getZone(ZoneInfoProvider.java:60)
	at org.joda.time.DateTimeZone.forID(DateTimeZone.java:101)
	at org.joda.time.DateTimeZone.getDefault(DateTimeZone.java:61)
	at org.joda.time.format.TestISODateTimeFormatParsing.setUp(TestISODateTimeFormatParsing.java:51)
	at junit.framework.TestCase.runBare(TestCase.java:139)
	at junit.framework.TestResult$1.protect(TestResult.java:122)
	at junit.framework.TestResult.runProtected(TestResult.java:142)
	at junit.framework.TestResult.run(TestResult.java:125)
	at junit.framework.TestCase.run(TestCase.java:129)
	at junit.framework.TestSuite.runTest(TestSuite.java:255)
	at junit.framework.TestSuite.run(TestSuite.java:250)
	at org.junit.internal.runners.JUnit38ClassRunner.run(JUnit38ClassRunner.java:84)
	at org.junit.runner.JUnitCore.run(JUnitCore.java:160)
	at org.junit.runner.JUnitCore.run(JUnitCore.java:138)
	at xxl.java.junit.JUnitSingleTestResultRunner.call(JUnitSingleTestResultRunner.java:27)
	at xxl.java.junit.JUnitSingleTestResultRunner.call(JUnitSingleTestResultRunner.java:10)
	at java.util.concurrent.FutureTask.run(FutureTask.java:266)
	at java.util.concurrent.ThreadPoolExecutor.runWorker(ThreadPoolExecutor.java:1149)
	at java.util.concurrent.ThreadPoolExecutor$Worker.run(ThreadPoolExecutor.java:624)
	at java.lang.Thread.run(Thread.java:748)
Exception in thread "pool-24664-thread-1" java.io.IOException: Invalid encoding
	at org.joda.time.tz.DateTimeZoneBuilder$PrecalculatedZone.readFrom(DateTimeZoneBuilder.java:703)
	at org.joda.time.tz.DateTimeZoneBuilder.readFrom(DateTimeZoneBuilder.java:1000)
	at org.joda.time.tz.DateTimeZoneBuilder.readFrom(DateTimeZoneBuilder.java:987)
	at org.joda.time.tz.ZoneInfoProvider.loadZoneData(ZoneInfoProvider.java:106)
	at org.joda.time.tz.ZoneInfoProvider.getZone(ZoneInfoProvider.java:60)
	at org.joda.time.DateTimeZone.forID(DateTimeZone.java:101)
	at org.joda.time.format.TestISODateTimeFormatParsing.setUp(TestISODateTimeFormatParsing.java:54)
	at junit.framework.TestCase.runBare(TestCase.java:139)
	at junit.framework.TestResult$1.protect(TestResult.java:122)
	at junit.framework.TestResult.runProtected(TestResult.java:142)
	at junit.framework.TestResult.run(TestResult.java:125)
	at junit.framework.TestCase.run(TestCase.java:129)
	at junit.framework.TestSuite.runTest(TestSuite.java:255)
	at junit.framework.TestSuite.run(TestSuite.java:250)
	at org.junit.internal.runners.JUnit38ClassRunner.run(JUnit38ClassRunner.java:84)
	at org.junit.runner.JUnitCore.run(JUnitCore.java:160)
	at org.junit.runner.JUnitCore.run(JUnitCore.java:138)
	at xxl.java.junit.JUnitSingleTestResultRunner.call(JUnitSingleTestResultRunner.java:27)
	at xxl.java.junit.JUnitSingleTestResultRunner.call(JUnitSingleTestResultRunner.java:10)
	at java.util.concurrent.FutureTask.run(FutureTask.java:266)
	at java.util.concurrent.ThreadPoolExecutor.runWorker(ThreadPoolExecutor.java:1149)
	at java.util.concurrent.ThreadPoolExecutor$Worker.run(ThreadPoolExecutor.java:624)
	at java.lang.Thread.run(Thread.java:748)
Exception in thread "pool-24666-thread-1" java.io.IOException: Invalid encoding
	at org.joda.time.tz.DateTimeZoneBuilder$PrecalculatedZone.readFrom(DateTimeZoneBuilder.java:703)
	at org.joda.time.tz.DateTimeZoneBuilder.readFrom(DateTimeZoneBuilder.java:1000)
	at org.joda.time.tz.DateTimeZoneBuilder.readFrom(DateTimeZoneBuilder.java:987)
	at org.joda.time.tz.ZoneInfoProvider.loadZoneData(ZoneInfoProvider.java:106)
	at org.joda.time.tz.ZoneInfoProvider.getZone(ZoneInfoProvider.java:60)
	at org.joda.time.DateTimeZone.forID(DateTimeZone.java:101)
	at org.joda.time.chrono.TestLenientChronology.test_lenientChrononolgy_Chicago(TestLenientChronology.java:136)
	at sun.reflect.NativeMethodAccessorImpl.invoke0(Native Method)
	at sun.reflect.NativeMethodAccessorImpl.invoke(NativeMethodAccessorImpl.java:62)
	at sun.reflect.DelegatingMethodAccessorImpl.invoke(DelegatingMethodAccessorImpl.java:43)
	at java.lang.reflect.Method.invoke(Method.java:498)
	at junit.framework.TestCase.runTest(TestCase.java:176)
	at junit.framework.TestCase.runBare(TestCase.java:141)
	at junit.framework.TestResult$1.protect(TestResult.java:122)
	at junit.framework.TestResult.runProtected(TestResult.java:142)
	at junit.framework.TestResult.run(TestResult.java:125)
	at junit.framework.TestCase.run(TestCase.java:129)
	at junit.framework.TestSuite.runTest(TestSuite.java:255)
	at junit.framework.TestSuite.run(TestSuite.java:250)
	at org.junit.internal.runners.JUnit38ClassRunner.run(JUnit38ClassRunner.java:84)
	at org.junit.runner.JUnitCore.run(JUnitCore.java:160)
	at org.junit.runner.JUnitCore.run(JUnitCore.java:138)
	at xxl.java.junit.JUnitSingleTestResultRunner.call(JUnitSingleTestResultRunner.java:27)
	at xxl.java.junit.JUnitSingleTestResultRunner.call(JUnitSingleTestResultRunner.java:10)
	at java.util.concurrent.FutureTask.run(FutureTask.java:266)
	at java.util.concurrent.ThreadPoolExecutor.runWorker(ThreadPoolExecutor.java:1149)
	at java.util.concurrent.ThreadPoolExecutor$Worker.run(ThreadPoolExecutor.java:624)
	at java.lang.Thread.run(Thread.java:748)
Exception in thread "pool-24669-thread-1" java.io.IOException: Invalid encoding
	at org.joda.time.tz.DateTimeZoneBuilder$PrecalculatedZone.readFrom(DateTimeZoneBuilder.java:703)
	at org.joda.time.tz.DateTimeZoneBuilder.readFrom(DateTimeZoneBuilder.java:1000)
	at org.joda.time.tz.DateTimeZoneBuilder.readFrom(DateTimeZoneBuilder.java:987)
	at org.joda.time.tz.ZoneInfoProvider.loadZoneData(ZoneInfoProvider.java:106)
	at org.joda.time.tz.ZoneInfoProvider.getZone(ZoneInfoProvider.java:60)
	at org.joda.time.DateTimeZone.forID(DateTimeZone.java:101)
	at org.joda.time.TestLocalDate_Basics.<clinit>(TestLocalDate_Basics.java:50)
	at sun.reflect.NativeMethodAccessorImpl.invoke0(Native Method)
	at sun.reflect.NativeMethodAccessorImpl.invoke(NativeMethodAccessorImpl.java:62)
	at sun.reflect.DelegatingMethodAccessorImpl.invoke(DelegatingMethodAccessorImpl.java:43)
	at java.lang.reflect.Method.invoke(Method.java:498)
	at org.junit.internal.runners.SuiteMethod.testFromSuiteMethod(SuiteMethod.java:35)
	at org.junit.internal.runners.SuiteMethod.<init>(SuiteMethod.java:24)
	at org.junit.internal.builders.SuiteMethodBuilder.runnerForClass(SuiteMethodBuilder.java:11)
	at org.junit.runners.model.RunnerBuilder.safeRunnerForClass(RunnerBuilder.java:59)
	at org.junit.internal.builders.AllDefaultPossibilitiesBuilder.runnerForClass(AllDefaultPossibilitiesBuilder.java:26)
	at org.junit.runners.model.RunnerBuilder.safeRunnerForClass(RunnerBuilder.java:59)
	at org.junit.internal.requests.ClassRequest.getRunner(ClassRequest.java:26)
	at org.junit.internal.requests.FilterRequest.getRunner(FilterRequest.java:31)
	at org.junit.runner.JUnitCore.run(JUnitCore.java:138)
	at xxl.java.junit.JUnitSingleTestResultRunner.call(JUnitSingleTestResultRunner.java:27)
	at xxl.java.junit.JUnitSingleTestResultRunner.call(JUnitSingleTestResultRunner.java:10)
	at java.util.concurrent.FutureTask.run(FutureTask.java:266)
	at java.util.concurrent.ThreadPoolExecutor.runWorker(ThreadPoolExecutor.java:1149)
	at java.util.concurrent.ThreadPoolExecutor$Worker.run(ThreadPoolExecutor.java:624)
	at java.lang.Thread.run(Thread.java:748)
Exception in thread "pool-24686-thread-1" java.io.IOException: Invalid encoding
	at org.joda.time.tz.DateTimeZoneBuilder$PrecalculatedZone.readFrom(DateTimeZoneBuilder.java:703)
	at org.joda.time.tz.DateTimeZoneBuilder.readFrom(DateTimeZoneBuilder.java:1000)
	at org.joda.time.tz.DateTimeZoneBuilder.readFrom(DateTimeZoneBuilder.java:987)
	at org.joda.time.tz.ZoneInfoProvider.loadZoneData(ZoneInfoProvider.java:106)
	at org.joda.time.tz.ZoneInfoProvider.getZone(ZoneInfoProvider.java:60)
	at org.joda.time.DateTimeZone.forID(DateTimeZone.java:101)
	at org.joda.time.DateTimeUtils.put(DateTimeUtils.java:61)
	at org.joda.time.DateTimeUtils.<clinit>(DateTimeUtils.java:52)
	at org.joda.time.tz.DateTimeZoneBuilder$RuleSet.<clinit>(DateTimeZoneBuilder.java:387)
	at org.joda.time.tz.DateTimeZoneBuilder.addCutover(DateTimeZoneBuilder.java:1077)
	at org.joda.time.tz.TestBuilder.buildAmericaLosAngelesBuilder(TestBuilder.java:166)
	at org.joda.time.tz.TestBuilder.testSerialization(TestBuilder.java:278)
	at sun.reflect.NativeMethodAccessorImpl.invoke0(Native Method)
	at sun.reflect.NativeMethodAccessorImpl.invoke(NativeMethodAccessorImpl.java:62)
	at sun.reflect.DelegatingMethodAccessorImpl.invoke(DelegatingMethodAccessorImpl.java:43)
	at java.lang.reflect.Method.invoke(Method.java:498)
	at junit.framework.TestCase.runTest(TestCase.java:176)
	at junit.framework.TestCase.runBare(TestCase.java:141)
	at junit.framework.TestResult$1.protect(TestResult.java:122)
	at junit.framework.TestResult.runProtected(TestResult.java:142)
	at junit.framework.TestResult.run(TestResult.java:125)
	at junit.framework.TestCase.run(TestCase.java:129)
	at junit.framework.TestSuite.runTest(TestSuite.java:255)
	at junit.framework.TestSuite.run(TestSuite.java:250)
	at org.junit.internal.runners.JUnit38ClassRunner.run(JUnit38ClassRunner.java:84)
	at org.junit.runner.JUnitCore.run(JUnitCore.java:160)
	at org.junit.runner.JUnitCore.run(JUnitCore.java:138)
	at xxl.java.junit.JUnitSingleTestResultRunner.call(JUnitSingleTestResultRunner.java:27)
	at xxl.java.junit.JUnitSingleTestResultRunner.call(JUnitSingleTestResultRunner.java:10)
	at java.util.concurrent.FutureTask.run(FutureTask.java:266)
	at java.util.concurrent.ThreadPoolExecutor.runWorker(ThreadPoolExecutor.java:1149)
	at java.util.concurrent.ThreadPoolExecutor$Worker.run(ThreadPoolExecutor.java:624)
	at java.lang.Thread.run(Thread.java:748)
Exception in thread "pool-24686-thread-1" java.io.IOException: Invalid encoding
	at org.joda.time.tz.DateTimeZoneBuilder$PrecalculatedZone.readFrom(DateTimeZoneBuilder.java:703)
	at org.joda.time.tz.DateTimeZoneBuilder.readFrom(DateTimeZoneBuilder.java:1000)
	at org.joda.time.tz.DateTimeZoneBuilder.readFrom(DateTimeZoneBuilder.java:987)
	at org.joda.time.tz.ZoneInfoProvider.loadZoneData(ZoneInfoProvider.java:106)
	at org.joda.time.tz.ZoneInfoProvider.getZone(ZoneInfoProvider.java:60)
	at org.joda.time.DateTimeZone.forID(DateTimeZone.java:101)
	at org.joda.time.DateTimeUtils.put(DateTimeUtils.java:61)
	at org.joda.time.DateTimeUtils.<clinit>(DateTimeUtils.java:54)
	at org.joda.time.tz.DateTimeZoneBuilder$RuleSet.<clinit>(DateTimeZoneBuilder.java:387)
	at org.joda.time.tz.DateTimeZoneBuilder.addCutover(DateTimeZoneBuilder.java:1077)
	at org.joda.time.tz.TestBuilder.buildAmericaLosAngelesBuilder(TestBuilder.java:166)
	at org.joda.time.tz.TestBuilder.testSerialization(TestBuilder.java:278)
	at sun.reflect.NativeMethodAccessorImpl.invoke0(Native Method)
	at sun.reflect.NativeMethodAccessorImpl.invoke(NativeMethodAccessorImpl.java:62)
	at sun.reflect.DelegatingMethodAccessorImpl.invoke(DelegatingMethodAccessorImpl.java:43)
	at java.lang.reflect.Method.invoke(Method.java:498)
	at junit.framework.TestCase.runTest(TestCase.java:176)
	at junit.framework.TestCase.runBare(TestCase.java:141)
	at junit.framework.TestResult$1.protect(TestResult.java:122)
	at junit.framework.TestResult.runProtected(TestResult.java:142)
	at junit.framework.TestResult.run(TestResult.java:125)
	at junit.framework.TestCase.run(TestCase.java:129)
	at junit.framework.TestSuite.runTest(TestSuite.java:255)
	at junit.framework.TestSuite.run(TestSuite.java:250)
	at org.junit.internal.runners.JUnit38ClassRunner.run(JUnit38ClassRunner.java:84)
	at org.junit.runner.JUnitCore.run(JUnitCore.java:160)
	at org.junit.runner.JUnitCore.run(JUnitCore.java:138)
	at xxl.java.junit.JUnitSingleTestResultRunner.call(JUnitSingleTestResultRunner.java:27)
	at xxl.java.junit.JUnitSingleTestResultRunner.call(JUnitSingleTestResultRunner.java:10)
	at java.util.concurrent.FutureTask.run(FutureTask.java:266)
	at java.util.concurrent.ThreadPoolExecutor.runWorker(ThreadPoolExecutor.java:1149)
	at java.util.concurrent.ThreadPoolExecutor$Worker.run(ThreadPoolExecutor.java:624)
	at java.lang.Thread.run(Thread.java:748)
Exception in thread "pool-24687-thread-1" java.io.IOException: Invalid encoding
	at org.joda.time.tz.DateTimeZoneBuilder$PrecalculatedZone.readFrom(DateTimeZoneBuilder.java:703)
	at org.joda.time.tz.DateTimeZoneBuilder.readFrom(DateTimeZoneBuilder.java:1000)
	at org.joda.time.tz.DateTimeZoneBuilder.readFrom(DateTimeZoneBuilder.java:987)
	at org.joda.time.tz.ZoneInfoProvider.loadZoneData(ZoneInfoProvider.java:106)
	at org.joda.time.tz.ZoneInfoProvider.getZone(ZoneInfoProvider.java:60)
	at org.joda.time.DateTimeZone.forID(DateTimeZone.java:101)
	at org.joda.time.tz.TestCompiler.test_Amman_2003(TestCompiler.java:173)
	at sun.reflect.NativeMethodAccessorImpl.invoke0(Native Method)
	at sun.reflect.NativeMethodAccessorImpl.invoke(NativeMethodAccessorImpl.java:62)
	at sun.reflect.DelegatingMethodAccessorImpl.invoke(DelegatingMethodAccessorImpl.java:43)
	at java.lang.reflect.Method.invoke(Method.java:498)
	at junit.framework.TestCase.runTest(TestCase.java:176)
	at junit.framework.TestCase.runBare(TestCase.java:141)
	at junit.framework.TestResult$1.protect(TestResult.java:122)
	at junit.framework.TestResult.runProtected(TestResult.java:142)
	at junit.framework.TestResult.run(TestResult.java:125)
	at junit.framework.TestCase.run(TestCase.java:129)
	at junit.framework.TestSuite.runTest(TestSuite.java:255)
	at junit.framework.TestSuite.run(TestSuite.java:250)
	at org.junit.internal.runners.JUnit38ClassRunner.run(JUnit38ClassRunner.java:84)
	at org.junit.runner.JUnitCore.run(JUnitCore.java:160)
	at org.junit.runner.JUnitCore.run(JUnitCore.java:138)
	at xxl.java.junit.JUnitSingleTestResultRunner.call(JUnitSingleTestResultRunner.java:27)
	at xxl.java.junit.JUnitSingleTestResultRunner.call(JUnitSingleTestResultRunner.java:10)
	at java.util.concurrent.FutureTask.run(FutureTask.java:266)
	at java.util.concurrent.ThreadPoolExecutor.runWorker(ThreadPoolExecutor.java:1149)
	at java.util.concurrent.ThreadPoolExecutor$Worker.run(ThreadPoolExecutor.java:624)
	at java.lang.Thread.run(Thread.java:748)
Exception in thread "pool-24720-thread-1" java.io.IOException: Invalid encoding
	at org.joda.time.tz.DateTimeZoneBuilder$PrecalculatedZone.readFrom(DateTimeZoneBuilder.java:709)
	at org.joda.time.tz.DateTimeZoneBuilder.readFrom(DateTimeZoneBuilder.java:1006)
	at org.joda.time.tz.DateTimeZoneBuilder.readFrom(DateTimeZoneBuilder.java:993)
	at org.joda.time.tz.ZoneInfoProvider.loadZoneData(ZoneInfoProvider.java:106)
	at org.joda.time.tz.ZoneInfoProvider.getZone(ZoneInfoProvider.java:60)
	at org.joda.time.DateTimeZone.forID(DateTimeZone.java:101)
	at org.joda.time.TestDateTimeZone.<clinit>(TestDateTimeZone.java:71)
	at sun.reflect.NativeMethodAccessorImpl.invoke0(Native Method)
	at sun.reflect.NativeMethodAccessorImpl.invoke(NativeMethodAccessorImpl.java:62)
	at sun.reflect.DelegatingMethodAccessorImpl.invoke(DelegatingMethodAccessorImpl.java:43)
	at java.lang.reflect.Method.invoke(Method.java:498)
	at org.junit.internal.runners.SuiteMethod.testFromSuiteMethod(SuiteMethod.java:35)
	at org.junit.internal.runners.SuiteMethod.<init>(SuiteMethod.java:24)
	at org.junit.internal.builders.SuiteMethodBuilder.runnerForClass(SuiteMethodBuilder.java:11)
	at org.junit.runners.model.RunnerBuilder.safeRunnerForClass(RunnerBuilder.java:59)
	at org.junit.internal.builders.AllDefaultPossibilitiesBuilder.runnerForClass(AllDefaultPossibilitiesBuilder.java:26)
	at org.junit.runners.model.RunnerBuilder.safeRunnerForClass(RunnerBuilder.java:59)
	at org.junit.internal.requests.ClassRequest.getRunner(ClassRequest.java:26)
	at org.junit.internal.requests.FilterRequest.getRunner(FilterRequest.java:31)
	at org.junit.runner.JUnitCore.run(JUnitCore.java:138)
	at xxl.java.junit.JUnitSingleTestRunner.call(JUnitSingleTestRunner.java:23)
	at xxl.java.junit.JUnitSingleTestRunner.call(JUnitSingleTestRunner.java:10)
	at java.util.concurrent.FutureTask.run(FutureTask.java:266)
	at java.util.concurrent.ThreadPoolExecutor.runWorker(ThreadPoolExecutor.java:1149)
	at java.util.concurrent.ThreadPoolExecutor$Worker.run(ThreadPoolExecutor.java:624)
	at java.lang.Thread.run(Thread.java:748)
Exception in thread "pool-24830-thread-1" java.io.IOException: Invalid encoding
	at org.joda.time.tz.DateTimeZoneBuilder$PrecalculatedZone.readFrom(DateTimeZoneBuilder.java:703)
	at org.joda.time.tz.DateTimeZoneBuilder.readFrom(DateTimeZoneBuilder.java:1000)
	at org.joda.time.tz.DateTimeZoneBuilder.readFrom(DateTimeZoneBuilder.java:987)
	at org.joda.time.tz.ZoneInfoProvider.loadZoneData(ZoneInfoProvider.java:106)
	at org.joda.time.tz.ZoneInfoProvider.getZone(ZoneInfoProvider.java:60)
	at org.joda.time.DateTimeZone.forID(DateTimeZone.java:101)
	at org.joda.time.DateTimeZone.getDefault(DateTimeZone.java:61)
	at org.joda.time.format.TestISODateTimeFormatParsing.setUp(TestISODateTimeFormatParsing.java:51)
	at junit.framework.TestCase.runBare(TestCase.java:139)
	at junit.framework.TestResult$1.protect(TestResult.java:122)
	at junit.framework.TestResult.runProtected(TestResult.java:142)
	at junit.framework.TestResult.run(TestResult.java:125)
	at junit.framework.TestCase.run(TestCase.java:129)
	at junit.framework.TestSuite.runTest(TestSuite.java:255)
	at junit.framework.TestSuite.run(TestSuite.java:250)
	at org.junit.internal.runners.JUnit38ClassRunner.run(JUnit38ClassRunner.java:84)
	at org.junit.runner.JUnitCore.run(JUnitCore.java:160)
	at org.junit.runner.JUnitCore.run(JUnitCore.java:138)
	at xxl.java.junit.JUnitSingleTestResultRunner.call(JUnitSingleTestResultRunner.java:27)
	at xxl.java.junit.JUnitSingleTestResultRunner.call(JUnitSingleTestResultRunner.java:10)
	at java.util.concurrent.FutureTask.run(FutureTask.java:266)
	at java.util.concurrent.ThreadPoolExecutor.runWorker(ThreadPoolExecutor.java:1149)
	at java.util.concurrent.ThreadPoolExecutor$Worker.run(ThreadPoolExecutor.java:624)
	at java.lang.Thread.run(Thread.java:748)
Exception in thread "pool-24830-thread-1" java.io.IOException: Invalid encoding
	at org.joda.time.tz.DateTimeZoneBuilder$PrecalculatedZone.readFrom(DateTimeZoneBuilder.java:703)
	at org.joda.time.tz.DateTimeZoneBuilder.readFrom(DateTimeZoneBuilder.java:1000)
	at org.joda.time.tz.DateTimeZoneBuilder.readFrom(DateTimeZoneBuilder.java:987)
	at org.joda.time.tz.ZoneInfoProvider.loadZoneData(ZoneInfoProvider.java:106)
	at org.joda.time.tz.ZoneInfoProvider.getZone(ZoneInfoProvider.java:60)
	at org.joda.time.DateTimeZone.forID(DateTimeZone.java:101)
	at org.joda.time.format.TestISODateTimeFormatParsing.setUp(TestISODateTimeFormatParsing.java:54)
	at junit.framework.TestCase.runBare(TestCase.java:139)
	at junit.framework.TestResult$1.protect(TestResult.java:122)
	at junit.framework.TestResult.runProtected(TestResult.java:142)
	at junit.framework.TestResult.run(TestResult.java:125)
	at junit.framework.TestCase.run(TestCase.java:129)
	at junit.framework.TestSuite.runTest(TestSuite.java:255)
	at junit.framework.TestSuite.run(TestSuite.java:250)
	at org.junit.internal.runners.JUnit38ClassRunner.run(JUnit38ClassRunner.java:84)
	at org.junit.runner.JUnitCore.run(JUnitCore.java:160)
	at org.junit.runner.JUnitCore.run(JUnitCore.java:138)
	at xxl.java.junit.JUnitSingleTestResultRunner.call(JUnitSingleTestResultRunner.java:27)
	at xxl.java.junit.JUnitSingleTestResultRunner.call(JUnitSingleTestResultRunner.java:10)
	at java.util.concurrent.FutureTask.run(FutureTask.java:266)
	at java.util.concurrent.ThreadPoolExecutor.runWorker(ThreadPoolExecutor.java:1149)
	at java.util.concurrent.ThreadPoolExecutor$Worker.run(ThreadPoolExecutor.java:624)
	at java.lang.Thread.run(Thread.java:748)
Exception in thread "pool-24832-thread-1" java.io.IOException: Invalid encoding
	at org.joda.time.tz.DateTimeZoneBuilder$PrecalculatedZone.readFrom(DateTimeZoneBuilder.java:703)
	at org.joda.time.tz.DateTimeZoneBuilder.readFrom(DateTimeZoneBuilder.java:1000)
	at org.joda.time.tz.DateTimeZoneBuilder.readFrom(DateTimeZoneBuilder.java:987)
	at org.joda.time.tz.ZoneInfoProvider.loadZoneData(ZoneInfoProvider.java:106)
	at org.joda.time.tz.ZoneInfoProvider.getZone(ZoneInfoProvider.java:60)
	at org.joda.time.DateTimeZone.forID(DateTimeZone.java:101)
	at org.joda.time.chrono.TestLenientChronology.test_lenientChrononolgy_Chicago(TestLenientChronology.java:136)
	at sun.reflect.NativeMethodAccessorImpl.invoke0(Native Method)
	at sun.reflect.NativeMethodAccessorImpl.invoke(NativeMethodAccessorImpl.java:62)
	at sun.reflect.DelegatingMethodAccessorImpl.invoke(DelegatingMethodAccessorImpl.java:43)
	at java.lang.reflect.Method.invoke(Method.java:498)
	at junit.framework.TestCase.runTest(TestCase.java:176)
	at junit.framework.TestCase.runBare(TestCase.java:141)
	at junit.framework.TestResult$1.protect(TestResult.java:122)
	at junit.framework.TestResult.runProtected(TestResult.java:142)
	at junit.framework.TestResult.run(TestResult.java:125)
	at junit.framework.TestCase.run(TestCase.java:129)
	at junit.framework.TestSuite.runTest(TestSuite.java:255)
	at junit.framework.TestSuite.run(TestSuite.java:250)
	at org.junit.internal.runners.JUnit38ClassRunner.run(JUnit38ClassRunner.java:84)
	at org.junit.runner.JUnitCore.run(JUnitCore.java:160)
	at org.junit.runner.JUnitCore.run(JUnitCore.java:138)
	at xxl.java.junit.JUnitSingleTestResultRunner.call(JUnitSingleTestResultRunner.java:27)
	at xxl.java.junit.JUnitSingleTestResultRunner.call(JUnitSingleTestResultRunner.java:10)
	at java.util.concurrent.FutureTask.run(FutureTask.java:266)
	at java.util.concurrent.ThreadPoolExecutor.runWorker(ThreadPoolExecutor.java:1149)
	at java.util.concurrent.ThreadPoolExecutor$Worker.run(ThreadPoolExecutor.java:624)
	at java.lang.Thread.run(Thread.java:748)
Exception in thread "pool-24835-thread-1" java.io.IOException: Invalid encoding
	at org.joda.time.tz.DateTimeZoneBuilder$PrecalculatedZone.readFrom(DateTimeZoneBuilder.java:703)
	at org.joda.time.tz.DateTimeZoneBuilder.readFrom(DateTimeZoneBuilder.java:1000)
	at org.joda.time.tz.DateTimeZoneBuilder.readFrom(DateTimeZoneBuilder.java:987)
	at org.joda.time.tz.ZoneInfoProvider.loadZoneData(ZoneInfoProvider.java:106)
	at org.joda.time.tz.ZoneInfoProvider.getZone(ZoneInfoProvider.java:60)
	at org.joda.time.DateTimeZone.forID(DateTimeZone.java:101)
	at org.joda.time.TestLocalDate_Basics.<clinit>(TestLocalDate_Basics.java:50)
	at sun.reflect.NativeMethodAccessorImpl.invoke0(Native Method)
	at sun.reflect.NativeMethodAccessorImpl.invoke(NativeMethodAccessorImpl.java:62)
	at sun.reflect.DelegatingMethodAccessorImpl.invoke(DelegatingMethodAccessorImpl.java:43)
	at java.lang.reflect.Method.invoke(Method.java:498)
	at org.junit.internal.runners.SuiteMethod.testFromSuiteMethod(SuiteMethod.java:35)
	at org.junit.internal.runners.SuiteMethod.<init>(SuiteMethod.java:24)
	at org.junit.internal.builders.SuiteMethodBuilder.runnerForClass(SuiteMethodBuilder.java:11)
	at org.junit.runners.model.RunnerBuilder.safeRunnerForClass(RunnerBuilder.java:59)
	at org.junit.internal.builders.AllDefaultPossibilitiesBuilder.runnerForClass(AllDefaultPossibilitiesBuilder.java:26)
	at org.junit.runners.model.RunnerBuilder.safeRunnerForClass(RunnerBuilder.java:59)
	at org.junit.internal.requests.ClassRequest.getRunner(ClassRequest.java:26)
	at org.junit.internal.requests.FilterRequest.getRunner(FilterRequest.java:31)
	at org.junit.runner.JUnitCore.run(JUnitCore.java:138)
	at xxl.java.junit.JUnitSingleTestResultRunner.call(JUnitSingleTestResultRunner.java:27)
	at xxl.java.junit.JUnitSingleTestResultRunner.call(JUnitSingleTestResultRunner.java:10)
	at java.util.concurrent.FutureTask.run(FutureTask.java:266)
	at java.util.concurrent.ThreadPoolExecutor.runWorker(ThreadPoolExecutor.java:1149)
	at java.util.concurrent.ThreadPoolExecutor$Worker.run(ThreadPoolExecutor.java:624)
	at java.lang.Thread.run(Thread.java:748)
Exception in thread "pool-24852-thread-1" java.io.IOException: Invalid encoding
	at org.joda.time.tz.DateTimeZoneBuilder$PrecalculatedZone.readFrom(DateTimeZoneBuilder.java:703)
	at org.joda.time.tz.DateTimeZoneBuilder.readFrom(DateTimeZoneBuilder.java:1000)
	at org.joda.time.tz.DateTimeZoneBuilder.readFrom(DateTimeZoneBuilder.java:987)
	at org.joda.time.tz.ZoneInfoProvider.loadZoneData(ZoneInfoProvider.java:106)
	at org.joda.time.tz.ZoneInfoProvider.getZone(ZoneInfoProvider.java:60)
	at org.joda.time.DateTimeZone.forID(DateTimeZone.java:101)
	at org.joda.time.DateTimeUtils.put(DateTimeUtils.java:61)
	at org.joda.time.DateTimeUtils.<clinit>(DateTimeUtils.java:52)
	at org.joda.time.tz.DateTimeZoneBuilder$RuleSet.<clinit>(DateTimeZoneBuilder.java:387)
	at org.joda.time.tz.DateTimeZoneBuilder.addCutover(DateTimeZoneBuilder.java:1077)
	at org.joda.time.tz.TestBuilder.buildAmericaLosAngelesBuilder(TestBuilder.java:166)
	at org.joda.time.tz.TestBuilder.testSerialization(TestBuilder.java:278)
	at sun.reflect.NativeMethodAccessorImpl.invoke0(Native Method)
	at sun.reflect.NativeMethodAccessorImpl.invoke(NativeMethodAccessorImpl.java:62)
	at sun.reflect.DelegatingMethodAccessorImpl.invoke(DelegatingMethodAccessorImpl.java:43)
	at java.lang.reflect.Method.invoke(Method.java:498)
	at junit.framework.TestCase.runTest(TestCase.java:176)
	at junit.framework.TestCase.runBare(TestCase.java:141)
	at junit.framework.TestResult$1.protect(TestResult.java:122)
	at junit.framework.TestResult.runProtected(TestResult.java:142)
	at junit.framework.TestResult.run(TestResult.java:125)
	at junit.framework.TestCase.run(TestCase.java:129)
	at junit.framework.TestSuite.runTest(TestSuite.java:255)
	at junit.framework.TestSuite.run(TestSuite.java:250)
	at org.junit.internal.runners.JUnit38ClassRunner.run(JUnit38ClassRunner.java:84)
	at org.junit.runner.JUnitCore.run(JUnitCore.java:160)
	at org.junit.runner.JUnitCore.run(JUnitCore.java:138)
	at xxl.java.junit.JUnitSingleTestResultRunner.call(JUnitSingleTestResultRunner.java:27)
	at xxl.java.junit.JUnitSingleTestResultRunner.call(JUnitSingleTestResultRunner.java:10)
	at java.util.concurrent.FutureTask.run(FutureTask.java:266)
	at java.util.concurrent.ThreadPoolExecutor.runWorker(ThreadPoolExecutor.java:1149)
	at java.util.concurrent.ThreadPoolExecutor$Worker.run(ThreadPoolExecutor.java:624)
	at java.lang.Thread.run(Thread.java:748)
Exception in thread "pool-24852-thread-1" java.io.IOException: Invalid encoding
	at org.joda.time.tz.DateTimeZoneBuilder$PrecalculatedZone.readFrom(DateTimeZoneBuilder.java:703)
	at org.joda.time.tz.DateTimeZoneBuilder.readFrom(DateTimeZoneBuilder.java:1000)
	at org.joda.time.tz.DateTimeZoneBuilder.readFrom(DateTimeZoneBuilder.java:987)
	at org.joda.time.tz.ZoneInfoProvider.loadZoneData(ZoneInfoProvider.java:106)
	at org.joda.time.tz.ZoneInfoProvider.getZone(ZoneInfoProvider.java:60)
	at org.joda.time.DateTimeZone.forID(DateTimeZone.java:101)
	at org.joda.time.DateTimeUtils.put(DateTimeUtils.java:61)
	at org.joda.time.DateTimeUtils.<clinit>(DateTimeUtils.java:54)
	at org.joda.time.tz.DateTimeZoneBuilder$RuleSet.<clinit>(DateTimeZoneBuilder.java:387)
	at org.joda.time.tz.DateTimeZoneBuilder.addCutover(DateTimeZoneBuilder.java:1077)
	at org.joda.time.tz.TestBuilder.buildAmericaLosAngelesBuilder(TestBuilder.java:166)
	at org.joda.time.tz.TestBuilder.testSerialization(TestBuilder.java:278)
	at sun.reflect.NativeMethodAccessorImpl.invoke0(Native Method)
	at sun.reflect.NativeMethodAccessorImpl.invoke(NativeMethodAccessorImpl.java:62)
	at sun.reflect.DelegatingMethodAccessorImpl.invoke(DelegatingMethodAccessorImpl.java:43)
	at java.lang.reflect.Method.invoke(Method.java:498)
	at junit.framework.TestCase.runTest(TestCase.java:176)
	at junit.framework.TestCase.runBare(TestCase.java:141)
	at junit.framework.TestResult$1.protect(TestResult.java:122)
	at junit.framework.TestResult.runProtected(TestResult.java:142)
	at junit.framework.TestResult.run(TestResult.java:125)
	at junit.framework.TestCase.run(TestCase.java:129)
	at junit.framework.TestSuite.runTest(TestSuite.java:255)
	at junit.framework.TestSuite.run(TestSuite.java:250)
	at org.junit.internal.runners.JUnit38ClassRunner.run(JUnit38ClassRunner.java:84)
	at org.junit.runner.JUnitCore.run(JUnitCore.java:160)
	at org.junit.runner.JUnitCore.run(JUnitCore.java:138)
	at xxl.java.junit.JUnitSingleTestResultRunner.call(JUnitSingleTestResultRunner.java:27)
	at xxl.java.junit.JUnitSingleTestResultRunner.call(JUnitSingleTestResultRunner.java:10)
	at java.util.concurrent.FutureTask.run(FutureTask.java:266)
	at java.util.concurrent.ThreadPoolExecutor.runWorker(ThreadPoolExecutor.java:1149)
	at java.util.concurrent.ThreadPoolExecutor$Worker.run(ThreadPoolExecutor.java:624)
	at java.lang.Thread.run(Thread.java:748)
Exception in thread "pool-24853-thread-1" java.io.IOException: Invalid encoding
	at org.joda.time.tz.DateTimeZoneBuilder$PrecalculatedZone.readFrom(DateTimeZoneBuilder.java:703)
	at org.joda.time.tz.DateTimeZoneBuilder.readFrom(DateTimeZoneBuilder.java:1000)
	at org.joda.time.tz.DateTimeZoneBuilder.readFrom(DateTimeZoneBuilder.java:987)
	at org.joda.time.tz.ZoneInfoProvider.loadZoneData(ZoneInfoProvider.java:106)
	at org.joda.time.tz.ZoneInfoProvider.getZone(ZoneInfoProvider.java:60)
	at org.joda.time.DateTimeZone.forID(DateTimeZone.java:101)
	at org.joda.time.tz.TestCompiler.test_Amman_2003(TestCompiler.java:173)
	at sun.reflect.NativeMethodAccessorImpl.invoke0(Native Method)
	at sun.reflect.NativeMethodAccessorImpl.invoke(NativeMethodAccessorImpl.java:62)
	at sun.reflect.DelegatingMethodAccessorImpl.invoke(DelegatingMethodAccessorImpl.java:43)
	at java.lang.reflect.Method.invoke(Method.java:498)
	at junit.framework.TestCase.runTest(TestCase.java:176)
	at junit.framework.TestCase.runBare(TestCase.java:141)
	at junit.framework.TestResult$1.protect(TestResult.java:122)
	at junit.framework.TestResult.runProtected(TestResult.java:142)
	at junit.framework.TestResult.run(TestResult.java:125)
	at junit.framework.TestCase.run(TestCase.java:129)
	at junit.framework.TestSuite.runTest(TestSuite.java:255)
	at junit.framework.TestSuite.run(TestSuite.java:250)
	at org.junit.internal.runners.JUnit38ClassRunner.run(JUnit38ClassRunner.java:84)
	at org.junit.runner.JUnitCore.run(JUnitCore.java:160)
	at org.junit.runner.JUnitCore.run(JUnitCore.java:138)
	at xxl.java.junit.JUnitSingleTestResultRunner.call(JUnitSingleTestResultRunner.java:27)
	at xxl.java.junit.JUnitSingleTestResultRunner.call(JUnitSingleTestResultRunner.java:10)
	at java.util.concurrent.FutureTask.run(FutureTask.java:266)
	at java.util.concurrent.ThreadPoolExecutor.runWorker(ThreadPoolExecutor.java:1149)
	at java.util.concurrent.ThreadPoolExecutor$Worker.run(ThreadPoolExecutor.java:624)
	at java.lang.Thread.run(Thread.java:748)
Exception in thread "pool-24886-thread-1" java.io.IOException: Invalid encoding
	at org.joda.time.tz.DateTimeZoneBuilder$PrecalculatedZone.readFrom(DateTimeZoneBuilder.java:709)
	at org.joda.time.tz.DateTimeZoneBuilder.readFrom(DateTimeZoneBuilder.java:1006)
	at org.joda.time.tz.DateTimeZoneBuilder.readFrom(DateTimeZoneBuilder.java:993)
	at org.joda.time.tz.ZoneInfoProvider.loadZoneData(ZoneInfoProvider.java:106)
	at org.joda.time.tz.ZoneInfoProvider.getZone(ZoneInfoProvider.java:60)
	at org.joda.time.DateTimeZone.forID(DateTimeZone.java:101)
	at org.joda.time.TestDateTimeZone.<clinit>(TestDateTimeZone.java:71)
	at sun.reflect.NativeMethodAccessorImpl.invoke0(Native Method)
	at sun.reflect.NativeMethodAccessorImpl.invoke(NativeMethodAccessorImpl.java:62)
	at sun.reflect.DelegatingMethodAccessorImpl.invoke(DelegatingMethodAccessorImpl.java:43)
	at java.lang.reflect.Method.invoke(Method.java:498)
	at org.junit.internal.runners.SuiteMethod.testFromSuiteMethod(SuiteMethod.java:35)
	at org.junit.internal.runners.SuiteMethod.<init>(SuiteMethod.java:24)
	at org.junit.internal.builders.SuiteMethodBuilder.runnerForClass(SuiteMethodBuilder.java:11)
	at org.junit.runners.model.RunnerBuilder.safeRunnerForClass(RunnerBuilder.java:59)
	at org.junit.internal.builders.AllDefaultPossibilitiesBuilder.runnerForClass(AllDefaultPossibilitiesBuilder.java:26)
	at org.junit.runners.model.RunnerBuilder.safeRunnerForClass(RunnerBuilder.java:59)
	at org.junit.internal.requests.ClassRequest.getRunner(ClassRequest.java:26)
	at org.junit.internal.requests.FilterRequest.getRunner(FilterRequest.java:31)
	at org.junit.runner.JUnitCore.run(JUnitCore.java:138)
	at xxl.java.junit.JUnitSingleTestRunner.call(JUnitSingleTestRunner.java:23)
	at xxl.java.junit.JUnitSingleTestRunner.call(JUnitSingleTestRunner.java:10)
	at java.util.concurrent.FutureTask.run(FutureTask.java:266)
	at java.util.concurrent.ThreadPoolExecutor.runWorker(ThreadPoolExecutor.java:1149)
	at java.util.concurrent.ThreadPoolExecutor$Worker.run(ThreadPoolExecutor.java:624)
	at java.lang.Thread.run(Thread.java:748)
Exception in thread "pool-24996-thread-1" java.io.IOException: Invalid encoding
	at org.joda.time.tz.DateTimeZoneBuilder$PrecalculatedZone.readFrom(DateTimeZoneBuilder.java:703)
	at org.joda.time.tz.DateTimeZoneBuilder.readFrom(DateTimeZoneBuilder.java:1000)
	at org.joda.time.tz.DateTimeZoneBuilder.readFrom(DateTimeZoneBuilder.java:987)
	at org.joda.time.tz.ZoneInfoProvider.loadZoneData(ZoneInfoProvider.java:106)
	at org.joda.time.tz.ZoneInfoProvider.getZone(ZoneInfoProvider.java:60)
	at org.joda.time.DateTimeZone.forID(DateTimeZone.java:101)
	at org.joda.time.DateTimeZone.getDefault(DateTimeZone.java:61)
	at org.joda.time.format.TestISODateTimeFormatParsing.setUp(TestISODateTimeFormatParsing.java:51)
	at junit.framework.TestCase.runBare(TestCase.java:139)
	at junit.framework.TestResult$1.protect(TestResult.java:122)
	at junit.framework.TestResult.runProtected(TestResult.java:142)
	at junit.framework.TestResult.run(TestResult.java:125)
	at junit.framework.TestCase.run(TestCase.java:129)
	at junit.framework.TestSuite.runTest(TestSuite.java:255)
	at junit.framework.TestSuite.run(TestSuite.java:250)
	at org.junit.internal.runners.JUnit38ClassRunner.run(JUnit38ClassRunner.java:84)
	at org.junit.runner.JUnitCore.run(JUnitCore.java:160)
	at org.junit.runner.JUnitCore.run(JUnitCore.java:138)
	at xxl.java.junit.JUnitSingleTestResultRunner.call(JUnitSingleTestResultRunner.java:27)
	at xxl.java.junit.JUnitSingleTestResultRunner.call(JUnitSingleTestResultRunner.java:10)
	at java.util.concurrent.FutureTask.run(FutureTask.java:266)
	at java.util.concurrent.ThreadPoolExecutor.runWorker(ThreadPoolExecutor.java:1149)
	at java.util.concurrent.ThreadPoolExecutor$Worker.run(ThreadPoolExecutor.java:624)
	at java.lang.Thread.run(Thread.java:748)
Exception in thread "pool-24996-thread-1" java.io.IOException: Invalid encoding
	at org.joda.time.tz.DateTimeZoneBuilder$PrecalculatedZone.readFrom(DateTimeZoneBuilder.java:703)
	at org.joda.time.tz.DateTimeZoneBuilder.readFrom(DateTimeZoneBuilder.java:1000)
	at org.joda.time.tz.DateTimeZoneBuilder.readFrom(DateTimeZoneBuilder.java:987)
	at org.joda.time.tz.ZoneInfoProvider.loadZoneData(ZoneInfoProvider.java:106)
	at org.joda.time.tz.ZoneInfoProvider.getZone(ZoneInfoProvider.java:60)
	at org.joda.time.DateTimeZone.forID(DateTimeZone.java:101)
	at org.joda.time.format.TestISODateTimeFormatParsing.setUp(TestISODateTimeFormatParsing.java:54)
	at junit.framework.TestCase.runBare(TestCase.java:139)
	at junit.framework.TestResult$1.protect(TestResult.java:122)
	at junit.framework.TestResult.runProtected(TestResult.java:142)
	at junit.framework.TestResult.run(TestResult.java:125)
	at junit.framework.TestCase.run(TestCase.java:129)
	at junit.framework.TestSuite.runTest(TestSuite.java:255)
	at junit.framework.TestSuite.run(TestSuite.java:250)
	at org.junit.internal.runners.JUnit38ClassRunner.run(JUnit38ClassRunner.java:84)
	at org.junit.runner.JUnitCore.run(JUnitCore.java:160)
	at org.junit.runner.JUnitCore.run(JUnitCore.java:138)
	at xxl.java.junit.JUnitSingleTestResultRunner.call(JUnitSingleTestResultRunner.java:27)
	at xxl.java.junit.JUnitSingleTestResultRunner.call(JUnitSingleTestResultRunner.java:10)
	at java.util.concurrent.FutureTask.run(FutureTask.java:266)
	at java.util.concurrent.ThreadPoolExecutor.runWorker(ThreadPoolExecutor.java:1149)
	at java.util.concurrent.ThreadPoolExecutor$Worker.run(ThreadPoolExecutor.java:624)
	at java.lang.Thread.run(Thread.java:748)
Exception in thread "pool-24998-thread-1" java.io.IOException: Invalid encoding
	at org.joda.time.tz.DateTimeZoneBuilder$PrecalculatedZone.readFrom(DateTimeZoneBuilder.java:703)
	at org.joda.time.tz.DateTimeZoneBuilder.readFrom(DateTimeZoneBuilder.java:1000)
	at org.joda.time.tz.DateTimeZoneBuilder.readFrom(DateTimeZoneBuilder.java:987)
	at org.joda.time.tz.ZoneInfoProvider.loadZoneData(ZoneInfoProvider.java:106)
	at org.joda.time.tz.ZoneInfoProvider.getZone(ZoneInfoProvider.java:60)
	at org.joda.time.DateTimeZone.forID(DateTimeZone.java:101)
	at org.joda.time.chrono.TestLenientChronology.test_lenientChrononolgy_Chicago(TestLenientChronology.java:136)
	at sun.reflect.NativeMethodAccessorImpl.invoke0(Native Method)
	at sun.reflect.NativeMethodAccessorImpl.invoke(NativeMethodAccessorImpl.java:62)
	at sun.reflect.DelegatingMethodAccessorImpl.invoke(DelegatingMethodAccessorImpl.java:43)
	at java.lang.reflect.Method.invoke(Method.java:498)
	at junit.framework.TestCase.runTest(TestCase.java:176)
	at junit.framework.TestCase.runBare(TestCase.java:141)
	at junit.framework.TestResult$1.protect(TestResult.java:122)
	at junit.framework.TestResult.runProtected(TestResult.java:142)
	at junit.framework.TestResult.run(TestResult.java:125)
	at junit.framework.TestCase.run(TestCase.java:129)
	at junit.framework.TestSuite.runTest(TestSuite.java:255)
	at junit.framework.TestSuite.run(TestSuite.java:250)
	at org.junit.internal.runners.JUnit38ClassRunner.run(JUnit38ClassRunner.java:84)
	at org.junit.runner.JUnitCore.run(JUnitCore.java:160)
	at org.junit.runner.JUnitCore.run(JUnitCore.java:138)
	at xxl.java.junit.JUnitSingleTestResultRunner.call(JUnitSingleTestResultRunner.java:27)
	at xxl.java.junit.JUnitSingleTestResultRunner.call(JUnitSingleTestResultRunner.java:10)
	at java.util.concurrent.FutureTask.run(FutureTask.java:266)
	at java.util.concurrent.ThreadPoolExecutor.runWorker(ThreadPoolExecutor.java:1149)
	at java.util.concurrent.ThreadPoolExecutor$Worker.run(ThreadPoolExecutor.java:624)
	at java.lang.Thread.run(Thread.java:748)
Exception in thread "pool-25001-thread-1" java.io.IOException: Invalid encoding
	at org.joda.time.tz.DateTimeZoneBuilder$PrecalculatedZone.readFrom(DateTimeZoneBuilder.java:703)
	at org.joda.time.tz.DateTimeZoneBuilder.readFrom(DateTimeZoneBuilder.java:1000)
	at org.joda.time.tz.DateTimeZoneBuilder.readFrom(DateTimeZoneBuilder.java:987)
	at org.joda.time.tz.ZoneInfoProvider.loadZoneData(ZoneInfoProvider.java:106)
	at org.joda.time.tz.ZoneInfoProvider.getZone(ZoneInfoProvider.java:60)
	at org.joda.time.DateTimeZone.forID(DateTimeZone.java:101)
	at org.joda.time.TestLocalDate_Basics.<clinit>(TestLocalDate_Basics.java:50)
	at sun.reflect.NativeMethodAccessorImpl.invoke0(Native Method)
	at sun.reflect.NativeMethodAccessorImpl.invoke(NativeMethodAccessorImpl.java:62)
	at sun.reflect.DelegatingMethodAccessorImpl.invoke(DelegatingMethodAccessorImpl.java:43)
	at java.lang.reflect.Method.invoke(Method.java:498)
	at org.junit.internal.runners.SuiteMethod.testFromSuiteMethod(SuiteMethod.java:35)
	at org.junit.internal.runners.SuiteMethod.<init>(SuiteMethod.java:24)
	at org.junit.internal.builders.SuiteMethodBuilder.runnerForClass(SuiteMethodBuilder.java:11)
	at org.junit.runners.model.RunnerBuilder.safeRunnerForClass(RunnerBuilder.java:59)
	at org.junit.internal.builders.AllDefaultPossibilitiesBuilder.runnerForClass(AllDefaultPossibilitiesBuilder.java:26)
	at org.junit.runners.model.RunnerBuilder.safeRunnerForClass(RunnerBuilder.java:59)
	at org.junit.internal.requests.ClassRequest.getRunner(ClassRequest.java:26)
	at org.junit.internal.requests.FilterRequest.getRunner(FilterRequest.java:31)
	at org.junit.runner.JUnitCore.run(JUnitCore.java:138)
	at xxl.java.junit.JUnitSingleTestResultRunner.call(JUnitSingleTestResultRunner.java:27)
	at xxl.java.junit.JUnitSingleTestResultRunner.call(JUnitSingleTestResultRunner.java:10)
	at java.util.concurrent.FutureTask.run(FutureTask.java:266)
	at java.util.concurrent.ThreadPoolExecutor.runWorker(ThreadPoolExecutor.java:1149)
	at java.util.concurrent.ThreadPoolExecutor$Worker.run(ThreadPoolExecutor.java:624)
	at java.lang.Thread.run(Thread.java:748)
Exception in thread "pool-25018-thread-1" java.io.IOException: Invalid encoding
	at org.joda.time.tz.DateTimeZoneBuilder$PrecalculatedZone.readFrom(DateTimeZoneBuilder.java:703)
	at org.joda.time.tz.DateTimeZoneBuilder.readFrom(DateTimeZoneBuilder.java:1000)
	at org.joda.time.tz.DateTimeZoneBuilder.readFrom(DateTimeZoneBuilder.java:987)
	at org.joda.time.tz.ZoneInfoProvider.loadZoneData(ZoneInfoProvider.java:106)
	at org.joda.time.tz.ZoneInfoProvider.getZone(ZoneInfoProvider.java:60)
	at org.joda.time.DateTimeZone.forID(DateTimeZone.java:101)
	at org.joda.time.DateTimeUtils.put(DateTimeUtils.java:61)
	at org.joda.time.DateTimeUtils.<clinit>(DateTimeUtils.java:52)
	at org.joda.time.tz.DateTimeZoneBuilder$RuleSet.<clinit>(DateTimeZoneBuilder.java:387)
	at org.joda.time.tz.DateTimeZoneBuilder.addCutover(DateTimeZoneBuilder.java:1077)
	at org.joda.time.tz.TestBuilder.buildAmericaLosAngelesBuilder(TestBuilder.java:166)
	at org.joda.time.tz.TestBuilder.testSerialization(TestBuilder.java:278)
	at sun.reflect.NativeMethodAccessorImpl.invoke0(Native Method)
	at sun.reflect.NativeMethodAccessorImpl.invoke(NativeMethodAccessorImpl.java:62)
	at sun.reflect.DelegatingMethodAccessorImpl.invoke(DelegatingMethodAccessorImpl.java:43)
	at java.lang.reflect.Method.invoke(Method.java:498)
	at junit.framework.TestCase.runTest(TestCase.java:176)
	at junit.framework.TestCase.runBare(TestCase.java:141)
	at junit.framework.TestResult$1.protect(TestResult.java:122)
	at junit.framework.TestResult.runProtected(TestResult.java:142)
	at junit.framework.TestResult.run(TestResult.java:125)
	at junit.framework.TestCase.run(TestCase.java:129)
	at junit.framework.TestSuite.runTest(TestSuite.java:255)
	at junit.framework.TestSuite.run(TestSuite.java:250)
	at org.junit.internal.runners.JUnit38ClassRunner.run(JUnit38ClassRunner.java:84)
	at org.junit.runner.JUnitCore.run(JUnitCore.java:160)
	at org.junit.runner.JUnitCore.run(JUnitCore.java:138)
	at xxl.java.junit.JUnitSingleTestResultRunner.call(JUnitSingleTestResultRunner.java:27)
	at xxl.java.junit.JUnitSingleTestResultRunner.call(JUnitSingleTestResultRunner.java:10)
	at java.util.concurrent.FutureTask.run(FutureTask.java:266)
	at java.util.concurrent.ThreadPoolExecutor.runWorker(ThreadPoolExecutor.java:1149)
	at java.util.concurrent.ThreadPoolExecutor$Worker.run(ThreadPoolExecutor.java:624)
	at java.lang.Thread.run(Thread.java:748)
Exception in thread "pool-25018-thread-1" java.io.IOException: Invalid encoding
	at org.joda.time.tz.DateTimeZoneBuilder$PrecalculatedZone.readFrom(DateTimeZoneBuilder.java:703)
	at org.joda.time.tz.DateTimeZoneBuilder.readFrom(DateTimeZoneBuilder.java:1000)
	at org.joda.time.tz.DateTimeZoneBuilder.readFrom(DateTimeZoneBuilder.java:987)
	at org.joda.time.tz.ZoneInfoProvider.loadZoneData(ZoneInfoProvider.java:106)
	at org.joda.time.tz.ZoneInfoProvider.getZone(ZoneInfoProvider.java:60)
	at org.joda.time.DateTimeZone.forID(DateTimeZone.java:101)
	at org.joda.time.DateTimeUtils.put(DateTimeUtils.java:61)
	at org.joda.time.DateTimeUtils.<clinit>(DateTimeUtils.java:54)
	at org.joda.time.tz.DateTimeZoneBuilder$RuleSet.<clinit>(DateTimeZoneBuilder.java:387)
	at org.joda.time.tz.DateTimeZoneBuilder.addCutover(DateTimeZoneBuilder.java:1077)
	at org.joda.time.tz.TestBuilder.buildAmericaLosAngelesBuilder(TestBuilder.java:166)
	at org.joda.time.tz.TestBuilder.testSerialization(TestBuilder.java:278)
	at sun.reflect.NativeMethodAccessorImpl.invoke0(Native Method)
	at sun.reflect.NativeMethodAccessorImpl.invoke(NativeMethodAccessorImpl.java:62)
	at sun.reflect.DelegatingMethodAccessorImpl.invoke(DelegatingMethodAccessorImpl.java:43)
	at java.lang.reflect.Method.invoke(Method.java:498)
	at junit.framework.TestCase.runTest(TestCase.java:176)
	at junit.framework.TestCase.runBare(TestCase.java:141)
	at junit.framework.TestResult$1.protect(TestResult.java:122)
	at junit.framework.TestResult.runProtected(TestResult.java:142)
	at junit.framework.TestResult.run(TestResult.java:125)
	at junit.framework.TestCase.run(TestCase.java:129)
	at junit.framework.TestSuite.runTest(TestSuite.java:255)
	at junit.framework.TestSuite.run(TestSuite.java:250)
	at org.junit.internal.runners.JUnit38ClassRunner.run(JUnit38ClassRunner.java:84)
	at org.junit.runner.JUnitCore.run(JUnitCore.java:160)
	at org.junit.runner.JUnitCore.run(JUnitCore.java:138)
	at xxl.java.junit.JUnitSingleTestResultRunner.call(JUnitSingleTestResultRunner.java:27)
	at xxl.java.junit.JUnitSingleTestResultRunner.call(JUnitSingleTestResultRunner.java:10)
	at java.util.concurrent.FutureTask.run(FutureTask.java:266)
	at java.util.concurrent.ThreadPoolExecutor.runWorker(ThreadPoolExecutor.java:1149)
	at java.util.concurrent.ThreadPoolExecutor$Worker.run(ThreadPoolExecutor.java:624)
	at java.lang.Thread.run(Thread.java:748)
Exception in thread "pool-25019-thread-1" java.io.IOException: Invalid encoding
	at org.joda.time.tz.DateTimeZoneBuilder$PrecalculatedZone.readFrom(DateTimeZoneBuilder.java:703)
	at org.joda.time.tz.DateTimeZoneBuilder.readFrom(DateTimeZoneBuilder.java:1000)
	at org.joda.time.tz.DateTimeZoneBuilder.readFrom(DateTimeZoneBuilder.java:987)
	at org.joda.time.tz.ZoneInfoProvider.loadZoneData(ZoneInfoProvider.java:106)
	at org.joda.time.tz.ZoneInfoProvider.getZone(ZoneInfoProvider.java:60)
	at org.joda.time.DateTimeZone.forID(DateTimeZone.java:101)
	at org.joda.time.tz.TestCompiler.test_Amman_2003(TestCompiler.java:173)
	at sun.reflect.NativeMethodAccessorImpl.invoke0(Native Method)
	at sun.reflect.NativeMethodAccessorImpl.invoke(NativeMethodAccessorImpl.java:62)
	at sun.reflect.DelegatingMethodAccessorImpl.invoke(DelegatingMethodAccessorImpl.java:43)
	at java.lang.reflect.Method.invoke(Method.java:498)
	at junit.framework.TestCase.runTest(TestCase.java:176)
	at junit.framework.TestCase.runBare(TestCase.java:141)
	at junit.framework.TestResult$1.protect(TestResult.java:122)
	at junit.framework.TestResult.runProtected(TestResult.java:142)
	at junit.framework.TestResult.run(TestResult.java:125)
	at junit.framework.TestCase.run(TestCase.java:129)
	at junit.framework.TestSuite.runTest(TestSuite.java:255)
	at junit.framework.TestSuite.run(TestSuite.java:250)
	at org.junit.internal.runners.JUnit38ClassRunner.run(JUnit38ClassRunner.java:84)
	at org.junit.runner.JUnitCore.run(JUnitCore.java:160)
	at org.junit.runner.JUnitCore.run(JUnitCore.java:138)
	at xxl.java.junit.JUnitSingleTestResultRunner.call(JUnitSingleTestResultRunner.java:27)
	at xxl.java.junit.JUnitSingleTestResultRunner.call(JUnitSingleTestResultRunner.java:10)
	at java.util.concurrent.FutureTask.run(FutureTask.java:266)
	at java.util.concurrent.ThreadPoolExecutor.runWorker(ThreadPoolExecutor.java:1149)
	at java.util.concurrent.ThreadPoolExecutor$Worker.run(ThreadPoolExecutor.java:624)
	at java.lang.Thread.run(Thread.java:748)
Exception in thread "pool-25219-thread-1" java.io.IOException: Invalid encoding
	at org.joda.time.tz.DateTimeZoneBuilder$PrecalculatedZone.readFrom(DateTimeZoneBuilder.java:709)
	at org.joda.time.tz.DateTimeZoneBuilder.readFrom(DateTimeZoneBuilder.java:1006)
	at org.joda.time.tz.DateTimeZoneBuilder.readFrom(DateTimeZoneBuilder.java:993)
	at org.joda.time.tz.ZoneInfoProvider.loadZoneData(ZoneInfoProvider.java:106)
	at org.joda.time.tz.ZoneInfoProvider.getZone(ZoneInfoProvider.java:60)
	at org.joda.time.DateTimeZone.forID(DateTimeZone.java:101)
	at org.joda.time.TestDateTimeZone.<clinit>(TestDateTimeZone.java:71)
	at sun.reflect.NativeMethodAccessorImpl.invoke0(Native Method)
	at sun.reflect.NativeMethodAccessorImpl.invoke(NativeMethodAccessorImpl.java:62)
	at sun.reflect.DelegatingMethodAccessorImpl.invoke(DelegatingMethodAccessorImpl.java:43)
	at java.lang.reflect.Method.invoke(Method.java:498)
	at org.junit.internal.runners.SuiteMethod.testFromSuiteMethod(SuiteMethod.java:35)
	at org.junit.internal.runners.SuiteMethod.<init>(SuiteMethod.java:24)
	at org.junit.internal.builders.SuiteMethodBuilder.runnerForClass(SuiteMethodBuilder.java:11)
	at org.junit.runners.model.RunnerBuilder.safeRunnerForClass(RunnerBuilder.java:59)
	at org.junit.internal.builders.AllDefaultPossibilitiesBuilder.runnerForClass(AllDefaultPossibilitiesBuilder.java:26)
	at org.junit.runners.model.RunnerBuilder.safeRunnerForClass(RunnerBuilder.java:59)
	at org.junit.internal.requests.ClassRequest.getRunner(ClassRequest.java:26)
	at org.junit.internal.requests.FilterRequest.getRunner(FilterRequest.java:31)
	at org.junit.runner.JUnitCore.run(JUnitCore.java:138)
	at xxl.java.junit.JUnitSingleTestRunner.call(JUnitSingleTestRunner.java:23)
	at xxl.java.junit.JUnitSingleTestRunner.call(JUnitSingleTestRunner.java:10)
	at java.util.concurrent.FutureTask.run(FutureTask.java:266)
	at java.util.concurrent.ThreadPoolExecutor.runWorker(ThreadPoolExecutor.java:1149)
	at java.util.concurrent.ThreadPoolExecutor$Worker.run(ThreadPoolExecutor.java:624)
	at java.lang.Thread.run(Thread.java:748)
Exception in thread "pool-25329-thread-1" java.io.EOFException
	at java.io.DataInputStream.readFully(DataInputStream.java:197)
	at java.io.DataInputStream.readUTF(DataInputStream.java:609)
	at java.io.DataInputStream.readUTF(DataInputStream.java:564)
	at org.joda.time.tz.DateTimeZoneBuilder$PrecalculatedZone.readFrom(DateTimeZoneBuilder.java:682)
	at org.joda.time.tz.DateTimeZoneBuilder.readFrom(DateTimeZoneBuilder.java:1000)
	at org.joda.time.tz.DateTimeZoneBuilder.readFrom(DateTimeZoneBuilder.java:987)
	at org.joda.time.tz.ZoneInfoProvider.loadZoneData(ZoneInfoProvider.java:106)
	at org.joda.time.tz.ZoneInfoProvider.getZone(ZoneInfoProvider.java:60)
	at org.joda.time.DateTimeZone.forID(DateTimeZone.java:101)
	at org.joda.time.DateTimeZone.getDefault(DateTimeZone.java:61)
	at org.joda.time.format.TestISODateTimeFormatParsing.setUp(TestISODateTimeFormatParsing.java:51)
	at junit.framework.TestCase.runBare(TestCase.java:139)
	at junit.framework.TestResult$1.protect(TestResult.java:122)
	at junit.framework.TestResult.runProtected(TestResult.java:142)
	at junit.framework.TestResult.run(TestResult.java:125)
	at junit.framework.TestCase.run(TestCase.java:129)
	at junit.framework.TestSuite.runTest(TestSuite.java:255)
	at junit.framework.TestSuite.run(TestSuite.java:250)
	at org.junit.internal.runners.JUnit38ClassRunner.run(JUnit38ClassRunner.java:84)
	at org.junit.runner.JUnitCore.run(JUnitCore.java:160)
	at org.junit.runner.JUnitCore.run(JUnitCore.java:138)
	at xxl.java.junit.JUnitSingleTestResultRunner.call(JUnitSingleTestResultRunner.java:27)
	at xxl.java.junit.JUnitSingleTestResultRunner.call(JUnitSingleTestResultRunner.java:10)
	at java.util.concurrent.FutureTask.run(FutureTask.java:266)
	at java.util.concurrent.ThreadPoolExecutor.runWorker(ThreadPoolExecutor.java:1149)
	at java.util.concurrent.ThreadPoolExecutor$Worker.run(ThreadPoolExecutor.java:624)
	at java.lang.Thread.run(Thread.java:748)
Exception in thread "pool-25329-thread-1" java.io.EOFException
	at java.io.DataInputStream.readFully(DataInputStream.java:197)
	at java.io.DataInputStream.readUTF(DataInputStream.java:609)
	at java.io.DataInputStream.readUTF(DataInputStream.java:564)
	at org.joda.time.tz.DateTimeZoneBuilder$PrecalculatedZone.readFrom(DateTimeZoneBuilder.java:682)
	at org.joda.time.tz.DateTimeZoneBuilder.readFrom(DateTimeZoneBuilder.java:1000)
	at org.joda.time.tz.DateTimeZoneBuilder.readFrom(DateTimeZoneBuilder.java:987)
	at org.joda.time.tz.ZoneInfoProvider.loadZoneData(ZoneInfoProvider.java:106)
	at org.joda.time.tz.ZoneInfoProvider.getZone(ZoneInfoProvider.java:60)
	at org.joda.time.DateTimeZone.forID(DateTimeZone.java:101)
	at org.joda.time.format.TestISODateTimeFormatParsing.setUp(TestISODateTimeFormatParsing.java:54)
	at junit.framework.TestCase.runBare(TestCase.java:139)
	at junit.framework.TestResult$1.protect(TestResult.java:122)
	at junit.framework.TestResult.runProtected(TestResult.java:142)
	at junit.framework.TestResult.run(TestResult.java:125)
	at junit.framework.TestCase.run(TestCase.java:129)
	at junit.framework.TestSuite.runTest(TestSuite.java:255)
	at junit.framework.TestSuite.run(TestSuite.java:250)
	at org.junit.internal.runners.JUnit38ClassRunner.run(JUnit38ClassRunner.java:84)
	at org.junit.runner.JUnitCore.run(JUnitCore.java:160)
	at org.junit.runner.JUnitCore.run(JUnitCore.java:138)
	at xxl.java.junit.JUnitSingleTestResultRunner.call(JUnitSingleTestResultRunner.java:27)
	at xxl.java.junit.JUnitSingleTestResultRunner.call(JUnitSingleTestResultRunner.java:10)
	at java.util.concurrent.FutureTask.run(FutureTask.java:266)
	at java.util.concurrent.ThreadPoolExecutor.runWorker(ThreadPoolExecutor.java:1149)
	at java.util.concurrent.ThreadPoolExecutor$Worker.run(ThreadPoolExecutor.java:624)
	at java.lang.Thread.run(Thread.java:748)
Exception in thread "pool-25331-thread-1" java.io.EOFException
	at java.io.DataInputStream.readFully(DataInputStream.java:197)
	at java.io.DataInputStream.readUTF(DataInputStream.java:609)
	at java.io.DataInputStream.readUTF(DataInputStream.java:564)
	at org.joda.time.tz.DateTimeZoneBuilder$PrecalculatedZone.readFrom(DateTimeZoneBuilder.java:682)
	at org.joda.time.tz.DateTimeZoneBuilder.readFrom(DateTimeZoneBuilder.java:1000)
	at org.joda.time.tz.DateTimeZoneBuilder.readFrom(DateTimeZoneBuilder.java:987)
	at org.joda.time.tz.ZoneInfoProvider.loadZoneData(ZoneInfoProvider.java:106)
	at org.joda.time.tz.ZoneInfoProvider.getZone(ZoneInfoProvider.java:60)
	at org.joda.time.DateTimeZone.forID(DateTimeZone.java:101)
	at org.joda.time.chrono.TestLenientChronology.test_lenientChrononolgy_Chicago(TestLenientChronology.java:136)
	at sun.reflect.NativeMethodAccessorImpl.invoke0(Native Method)
	at sun.reflect.NativeMethodAccessorImpl.invoke(NativeMethodAccessorImpl.java:62)
	at sun.reflect.DelegatingMethodAccessorImpl.invoke(DelegatingMethodAccessorImpl.java:43)
	at java.lang.reflect.Method.invoke(Method.java:498)
	at junit.framework.TestCase.runTest(TestCase.java:176)
	at junit.framework.TestCase.runBare(TestCase.java:141)
	at junit.framework.TestResult$1.protect(TestResult.java:122)
	at junit.framework.TestResult.runProtected(TestResult.java:142)
	at junit.framework.TestResult.run(TestResult.java:125)
	at junit.framework.TestCase.run(TestCase.java:129)
	at junit.framework.TestSuite.runTest(TestSuite.java:255)
	at junit.framework.TestSuite.run(TestSuite.java:250)
	at org.junit.internal.runners.JUnit38ClassRunner.run(JUnit38ClassRunner.java:84)
	at org.junit.runner.JUnitCore.run(JUnitCore.java:160)
	at org.junit.runner.JUnitCore.run(JUnitCore.java:138)
	at xxl.java.junit.JUnitSingleTestResultRunner.call(JUnitSingleTestResultRunner.java:27)
	at xxl.java.junit.JUnitSingleTestResultRunner.call(JUnitSingleTestResultRunner.java:10)
	at java.util.concurrent.FutureTask.run(FutureTask.java:266)
	at java.util.concurrent.ThreadPoolExecutor.runWorker(ThreadPoolExecutor.java:1149)
	at java.util.concurrent.ThreadPoolExecutor$Worker.run(ThreadPoolExecutor.java:624)
	at java.lang.Thread.run(Thread.java:748)
Exception in thread "pool-25334-thread-1" java.io.EOFException
	at java.io.DataInputStream.readFully(DataInputStream.java:197)
	at java.io.DataInputStream.readUTF(DataInputStream.java:609)
	at java.io.DataInputStream.readUTF(DataInputStream.java:564)
	at org.joda.time.tz.DateTimeZoneBuilder$PrecalculatedZone.readFrom(DateTimeZoneBuilder.java:682)
	at org.joda.time.tz.DateTimeZoneBuilder.readFrom(DateTimeZoneBuilder.java:1000)
	at org.joda.time.tz.DateTimeZoneBuilder.readFrom(DateTimeZoneBuilder.java:987)
	at org.joda.time.tz.ZoneInfoProvider.loadZoneData(ZoneInfoProvider.java:106)
	at org.joda.time.tz.ZoneInfoProvider.getZone(ZoneInfoProvider.java:60)
	at org.joda.time.DateTimeZone.forID(DateTimeZone.java:101)
	at org.joda.time.TestLocalDate_Basics.<clinit>(TestLocalDate_Basics.java:50)
	at sun.reflect.NativeMethodAccessorImpl.invoke0(Native Method)
	at sun.reflect.NativeMethodAccessorImpl.invoke(NativeMethodAccessorImpl.java:62)
	at sun.reflect.DelegatingMethodAccessorImpl.invoke(DelegatingMethodAccessorImpl.java:43)
	at java.lang.reflect.Method.invoke(Method.java:498)
	at org.junit.internal.runners.SuiteMethod.testFromSuiteMethod(SuiteMethod.java:35)
	at org.junit.internal.runners.SuiteMethod.<init>(SuiteMethod.java:24)
	at org.junit.internal.builders.SuiteMethodBuilder.runnerForClass(SuiteMethodBuilder.java:11)
	at org.junit.runners.model.RunnerBuilder.safeRunnerForClass(RunnerBuilder.java:59)
	at org.junit.internal.builders.AllDefaultPossibilitiesBuilder.runnerForClass(AllDefaultPossibilitiesBuilder.java:26)
	at org.junit.runners.model.RunnerBuilder.safeRunnerForClass(RunnerBuilder.java:59)
	at org.junit.internal.requests.ClassRequest.getRunner(ClassRequest.java:26)
	at org.junit.internal.requests.FilterRequest.getRunner(FilterRequest.java:31)
	at org.junit.runner.JUnitCore.run(JUnitCore.java:138)
	at xxl.java.junit.JUnitSingleTestResultRunner.call(JUnitSingleTestResultRunner.java:27)
	at xxl.java.junit.JUnitSingleTestResultRunner.call(JUnitSingleTestResultRunner.java:10)
	at java.util.concurrent.FutureTask.run(FutureTask.java:266)
	at java.util.concurrent.ThreadPoolExecutor.runWorker(ThreadPoolExecutor.java:1149)
	at java.util.concurrent.ThreadPoolExecutor$Worker.run(ThreadPoolExecutor.java:624)
	at java.lang.Thread.run(Thread.java:748)
Exception in thread "pool-25351-thread-1" java.io.EOFException
	at java.io.DataInputStream.readFully(DataInputStream.java:197)
	at java.io.DataInputStream.readUTF(DataInputStream.java:609)
	at java.io.DataInputStream.readUTF(DataInputStream.java:564)
	at org.joda.time.tz.DateTimeZoneBuilder$PrecalculatedZone.readFrom(DateTimeZoneBuilder.java:682)
	at org.joda.time.tz.DateTimeZoneBuilder.readFrom(DateTimeZoneBuilder.java:1000)
	at org.joda.time.tz.DateTimeZoneBuilder.readFrom(DateTimeZoneBuilder.java:987)
	at org.joda.time.tz.ZoneInfoProvider.loadZoneData(ZoneInfoProvider.java:106)
	at org.joda.time.tz.ZoneInfoProvider.getZone(ZoneInfoProvider.java:60)
	at org.joda.time.DateTimeZone.forID(DateTimeZone.java:101)
	at org.joda.time.DateTimeUtils.put(DateTimeUtils.java:61)
	at org.joda.time.DateTimeUtils.<clinit>(DateTimeUtils.java:52)
	at org.joda.time.tz.DateTimeZoneBuilder$RuleSet.<clinit>(DateTimeZoneBuilder.java:387)
	at org.joda.time.tz.DateTimeZoneBuilder.addCutover(DateTimeZoneBuilder.java:1077)
	at org.joda.time.tz.TestBuilder.buildAmericaLosAngelesBuilder(TestBuilder.java:166)
	at org.joda.time.tz.TestBuilder.testSerialization(TestBuilder.java:278)
	at sun.reflect.NativeMethodAccessorImpl.invoke0(Native Method)
	at sun.reflect.NativeMethodAccessorImpl.invoke(NativeMethodAccessorImpl.java:62)
	at sun.reflect.DelegatingMethodAccessorImpl.invoke(DelegatingMethodAccessorImpl.java:43)
	at java.lang.reflect.Method.invoke(Method.java:498)
	at junit.framework.TestCase.runTest(TestCase.java:176)
	at junit.framework.TestCase.runBare(TestCase.java:141)
	at junit.framework.TestResult$1.protect(TestResult.java:122)
	at junit.framework.TestResult.runProtected(TestResult.java:142)
	at junit.framework.TestResult.run(TestResult.java:125)
	at junit.framework.TestCase.run(TestCase.java:129)
	at junit.framework.TestSuite.runTest(TestSuite.java:255)
	at junit.framework.TestSuite.run(TestSuite.java:250)
	at org.junit.internal.runners.JUnit38ClassRunner.run(JUnit38ClassRunner.java:84)
	at org.junit.runner.JUnitCore.run(JUnitCore.java:160)
	at org.junit.runner.JUnitCore.run(JUnitCore.java:138)
	at xxl.java.junit.JUnitSingleTestResultRunner.call(JUnitSingleTestResultRunner.java:27)
	at xxl.java.junit.JUnitSingleTestResultRunner.call(JUnitSingleTestResultRunner.java:10)
	at java.util.concurrent.FutureTask.run(FutureTask.java:266)
	at java.util.concurrent.ThreadPoolExecutor.runWorker(ThreadPoolExecutor.java:1149)
	at java.util.concurrent.ThreadPoolExecutor$Worker.run(ThreadPoolExecutor.java:624)
	at java.lang.Thread.run(Thread.java:748)
Exception in thread "pool-25351-thread-1" java.io.EOFException
	at java.io.DataInputStream.readFully(DataInputStream.java:197)
	at java.io.DataInputStream.readUTF(DataInputStream.java:609)
	at java.io.DataInputStream.readUTF(DataInputStream.java:564)
	at org.joda.time.tz.DateTimeZoneBuilder$PrecalculatedZone.readFrom(DateTimeZoneBuilder.java:682)
	at org.joda.time.tz.DateTimeZoneBuilder.readFrom(DateTimeZoneBuilder.java:1000)
	at org.joda.time.tz.DateTimeZoneBuilder.readFrom(DateTimeZoneBuilder.java:987)
	at org.joda.time.tz.ZoneInfoProvider.loadZoneData(ZoneInfoProvider.java:106)
	at org.joda.time.tz.ZoneInfoProvider.getZone(ZoneInfoProvider.java:60)
	at org.joda.time.DateTimeZone.forID(DateTimeZone.java:101)
	at org.joda.time.DateTimeUtils.put(DateTimeUtils.java:61)
	at org.joda.time.DateTimeUtils.<clinit>(DateTimeUtils.java:54)
	at org.joda.time.tz.DateTimeZoneBuilder$RuleSet.<clinit>(DateTimeZoneBuilder.java:387)
	at org.joda.time.tz.DateTimeZoneBuilder.addCutover(DateTimeZoneBuilder.java:1077)
	at org.joda.time.tz.TestBuilder.buildAmericaLosAngelesBuilder(TestBuilder.java:166)
	at org.joda.time.tz.TestBuilder.testSerialization(TestBuilder.java:278)
	at sun.reflect.NativeMethodAccessorImpl.invoke0(Native Method)
	at sun.reflect.NativeMethodAccessorImpl.invoke(NativeMethodAccessorImpl.java:62)
	at sun.reflect.DelegatingMethodAccessorImpl.invoke(DelegatingMethodAccessorImpl.java:43)
	at java.lang.reflect.Method.invoke(Method.java:498)
	at junit.framework.TestCase.runTest(TestCase.java:176)
	at junit.framework.TestCase.runBare(TestCase.java:141)
	at junit.framework.TestResult$1.protect(TestResult.java:122)
	at junit.framework.TestResult.runProtected(TestResult.java:142)
	at junit.framework.TestResult.run(TestResult.java:125)
	at junit.framework.TestCase.run(TestCase.java:129)
	at junit.framework.TestSuite.runTest(TestSuite.java:255)
	at junit.framework.TestSuite.run(TestSuite.java:250)
	at org.junit.internal.runners.JUnit38ClassRunner.run(JUnit38ClassRunner.java:84)
	at org.junit.runner.JUnitCore.run(JUnitCore.java:160)
	at org.junit.runner.JUnitCore.run(JUnitCore.java:138)
	at xxl.java.junit.JUnitSingleTestResultRunner.call(JUnitSingleTestResultRunner.java:27)
	at xxl.java.junit.JUnitSingleTestResultRunner.call(JUnitSingleTestResultRunner.java:10)
	at java.util.concurrent.FutureTask.run(FutureTask.java:266)
	at java.util.concurrent.ThreadPoolExecutor.runWorker(ThreadPoolExecutor.java:1149)
	at java.util.concurrent.ThreadPoolExecutor$Worker.run(ThreadPoolExecutor.java:624)
	at java.lang.Thread.run(Thread.java:748)
Exception in thread "pool-25352-thread-1" java.io.EOFException
	at java.io.DataInputStream.readFully(DataInputStream.java:197)
	at java.io.DataInputStream.readUTF(DataInputStream.java:609)
	at java.io.DataInputStream.readUTF(DataInputStream.java:564)
	at org.joda.time.tz.DateTimeZoneBuilder$PrecalculatedZone.readFrom(DateTimeZoneBuilder.java:682)
	at org.joda.time.tz.DateTimeZoneBuilder.readFrom(DateTimeZoneBuilder.java:1000)
	at org.joda.time.tz.DateTimeZoneBuilder.readFrom(DateTimeZoneBuilder.java:987)
	at org.joda.time.tz.ZoneInfoProvider.loadZoneData(ZoneInfoProvider.java:106)
	at org.joda.time.tz.ZoneInfoProvider.getZone(ZoneInfoProvider.java:60)
	at org.joda.time.DateTimeZone.forID(DateTimeZone.java:101)
	at org.joda.time.tz.TestCompiler.test_Amman_2003(TestCompiler.java:173)
	at sun.reflect.NativeMethodAccessorImpl.invoke0(Native Method)
	at sun.reflect.NativeMethodAccessorImpl.invoke(NativeMethodAccessorImpl.java:62)
	at sun.reflect.DelegatingMethodAccessorImpl.invoke(DelegatingMethodAccessorImpl.java:43)
	at java.lang.reflect.Method.invoke(Method.java:498)
	at junit.framework.TestCase.runTest(TestCase.java:176)
	at junit.framework.TestCase.runBare(TestCase.java:141)
	at junit.framework.TestResult$1.protect(TestResult.java:122)
	at junit.framework.TestResult.runProtected(TestResult.java:142)
	at junit.framework.TestResult.run(TestResult.java:125)
	at junit.framework.TestCase.run(TestCase.java:129)
	at junit.framework.TestSuite.runTest(TestSuite.java:255)
	at junit.framework.TestSuite.run(TestSuite.java:250)
	at org.junit.internal.runners.JUnit38ClassRunner.run(JUnit38ClassRunner.java:84)
	at org.junit.runner.JUnitCore.run(JUnitCore.java:160)
	at org.junit.runner.JUnitCore.run(JUnitCore.java:138)
	at xxl.java.junit.JUnitSingleTestResultRunner.call(JUnitSingleTestResultRunner.java:27)
	at xxl.java.junit.JUnitSingleTestResultRunner.call(JUnitSingleTestResultRunner.java:10)
	at java.util.concurrent.FutureTask.run(FutureTask.java:266)
	at java.util.concurrent.ThreadPoolExecutor.runWorker(ThreadPoolExecutor.java:1149)
	at java.util.concurrent.ThreadPoolExecutor$Worker.run(ThreadPoolExecutor.java:624)
	at java.lang.Thread.run(Thread.java:748)
Exception in thread "pool-25385-thread-1" java.io.IOException: Invalid encoding
	at org.joda.time.tz.DateTimeZoneBuilder$PrecalculatedZone.readFrom(DateTimeZoneBuilder.java:709)
	at org.joda.time.tz.DateTimeZoneBuilder.readFrom(DateTimeZoneBuilder.java:1006)
	at org.joda.time.tz.DateTimeZoneBuilder.readFrom(DateTimeZoneBuilder.java:993)
	at org.joda.time.tz.ZoneInfoProvider.loadZoneData(ZoneInfoProvider.java:106)
	at org.joda.time.tz.ZoneInfoProvider.getZone(ZoneInfoProvider.java:60)
	at org.joda.time.DateTimeZone.forID(DateTimeZone.java:101)
	at org.joda.time.TestDateTimeZone.<clinit>(TestDateTimeZone.java:71)
	at sun.reflect.NativeMethodAccessorImpl.invoke0(Native Method)
	at sun.reflect.NativeMethodAccessorImpl.invoke(NativeMethodAccessorImpl.java:62)
	at sun.reflect.DelegatingMethodAccessorImpl.invoke(DelegatingMethodAccessorImpl.java:43)
	at java.lang.reflect.Method.invoke(Method.java:498)
	at org.junit.internal.runners.SuiteMethod.testFromSuiteMethod(SuiteMethod.java:35)
	at org.junit.internal.runners.SuiteMethod.<init>(SuiteMethod.java:24)
	at org.junit.internal.builders.SuiteMethodBuilder.runnerForClass(SuiteMethodBuilder.java:11)
	at org.junit.runners.model.RunnerBuilder.safeRunnerForClass(RunnerBuilder.java:59)
	at org.junit.internal.builders.AllDefaultPossibilitiesBuilder.runnerForClass(AllDefaultPossibilitiesBuilder.java:26)
	at org.junit.runners.model.RunnerBuilder.safeRunnerForClass(RunnerBuilder.java:59)
	at org.junit.internal.requests.ClassRequest.getRunner(ClassRequest.java:26)
	at org.junit.internal.requests.FilterRequest.getRunner(FilterRequest.java:31)
	at org.junit.runner.JUnitCore.run(JUnitCore.java:138)
	at xxl.java.junit.JUnitSingleTestRunner.call(JUnitSingleTestRunner.java:23)
	at xxl.java.junit.JUnitSingleTestRunner.call(JUnitSingleTestRunner.java:10)
	at java.util.concurrent.FutureTask.run(FutureTask.java:266)
	at java.util.concurrent.ThreadPoolExecutor.runWorker(ThreadPoolExecutor.java:1149)
	at java.util.concurrent.ThreadPoolExecutor$Worker.run(ThreadPoolExecutor.java:624)
	at java.lang.Thread.run(Thread.java:748)
Exception in thread "pool-25495-thread-1" java.io.IOException: Invalid encoding
	at org.joda.time.tz.DateTimeZoneBuilder$PrecalculatedZone.readFrom(DateTimeZoneBuilder.java:703)
	at org.joda.time.tz.DateTimeZoneBuilder.readFrom(DateTimeZoneBuilder.java:1000)
	at org.joda.time.tz.DateTimeZoneBuilder.readFrom(DateTimeZoneBuilder.java:987)
	at org.joda.time.tz.ZoneInfoProvider.loadZoneData(ZoneInfoProvider.java:106)
	at org.joda.time.tz.ZoneInfoProvider.getZone(ZoneInfoProvider.java:60)
	at org.joda.time.DateTimeZone.forID(DateTimeZone.java:101)
	at org.joda.time.DateTimeZone.getDefault(DateTimeZone.java:61)
	at org.joda.time.format.TestISODateTimeFormatParsing.setUp(TestISODateTimeFormatParsing.java:51)
	at junit.framework.TestCase.runBare(TestCase.java:139)
	at junit.framework.TestResult$1.protect(TestResult.java:122)
	at junit.framework.TestResult.runProtected(TestResult.java:142)
	at junit.framework.TestResult.run(TestResult.java:125)
	at junit.framework.TestCase.run(TestCase.java:129)
	at junit.framework.TestSuite.runTest(TestSuite.java:255)
	at junit.framework.TestSuite.run(TestSuite.java:250)
	at org.junit.internal.runners.JUnit38ClassRunner.run(JUnit38ClassRunner.java:84)
	at org.junit.runner.JUnitCore.run(JUnitCore.java:160)
	at org.junit.runner.JUnitCore.run(JUnitCore.java:138)
	at xxl.java.junit.JUnitSingleTestResultRunner.call(JUnitSingleTestResultRunner.java:27)
	at xxl.java.junit.JUnitSingleTestResultRunner.call(JUnitSingleTestResultRunner.java:10)
	at java.util.concurrent.FutureTask.run(FutureTask.java:266)
	at java.util.concurrent.ThreadPoolExecutor.runWorker(ThreadPoolExecutor.java:1149)
	at java.util.concurrent.ThreadPoolExecutor$Worker.run(ThreadPoolExecutor.java:624)
	at java.lang.Thread.run(Thread.java:748)
Exception in thread "pool-25495-thread-1" java.io.IOException: Invalid encoding
	at org.joda.time.tz.DateTimeZoneBuilder$PrecalculatedZone.readFrom(DateTimeZoneBuilder.java:703)
	at org.joda.time.tz.DateTimeZoneBuilder.readFrom(DateTimeZoneBuilder.java:1000)
	at org.joda.time.tz.DateTimeZoneBuilder.readFrom(DateTimeZoneBuilder.java:987)
	at org.joda.time.tz.ZoneInfoProvider.loadZoneData(ZoneInfoProvider.java:106)
	at org.joda.time.tz.ZoneInfoProvider.getZone(ZoneInfoProvider.java:60)
	at org.joda.time.DateTimeZone.forID(DateTimeZone.java:101)
	at org.joda.time.format.TestISODateTimeFormatParsing.setUp(TestISODateTimeFormatParsing.java:54)
	at junit.framework.TestCase.runBare(TestCase.java:139)
	at junit.framework.TestResult$1.protect(TestResult.java:122)
	at junit.framework.TestResult.runProtected(TestResult.java:142)
	at junit.framework.TestResult.run(TestResult.java:125)
	at junit.framework.TestCase.run(TestCase.java:129)
	at junit.framework.TestSuite.runTest(TestSuite.java:255)
	at junit.framework.TestSuite.run(TestSuite.java:250)
	at org.junit.internal.runners.JUnit38ClassRunner.run(JUnit38ClassRunner.java:84)
	at org.junit.runner.JUnitCore.run(JUnitCore.java:160)
	at org.junit.runner.JUnitCore.run(JUnitCore.java:138)
	at xxl.java.junit.JUnitSingleTestResultRunner.call(JUnitSingleTestResultRunner.java:27)
	at xxl.java.junit.JUnitSingleTestResultRunner.call(JUnitSingleTestResultRunner.java:10)
	at java.util.concurrent.FutureTask.run(FutureTask.java:266)
	at java.util.concurrent.ThreadPoolExecutor.runWorker(ThreadPoolExecutor.java:1149)
	at java.util.concurrent.ThreadPoolExecutor$Worker.run(ThreadPoolExecutor.java:624)
	at java.lang.Thread.run(Thread.java:748)
Exception in thread "pool-26429-thread-1" java.io.IOException: Resource not found: "org/joda/time/tz/data/UTC" ClassLoader: xxl.java.compiler.BytecodeClassLoader@476aafa6
	at org.joda.time.tz.ZoneInfoProvider.openResource(ZoneInfoProvider.java:104)
	at org.joda.time.tz.ZoneInfoProvider.loadZoneData(ZoneInfoProvider.java:113)
	at org.joda.time.tz.ZoneInfoProvider.getZone(ZoneInfoProvider.java:77)
	at org.joda.time.DateTimeZone.setProvider0(DateTimeZone.java:230)
	at org.joda.time.DateTimeZone.<clinit>(DateTimeZone.java:44)
	at org.joda.time.TestDateTimeZone.<clinit>(TestDateTimeZone.java:71)
	at sun.reflect.NativeMethodAccessorImpl.invoke0(Native Method)
	at sun.reflect.NativeMethodAccessorImpl.invoke(NativeMethodAccessorImpl.java:62)
	at sun.reflect.DelegatingMethodAccessorImpl.invoke(DelegatingMethodAccessorImpl.java:43)
	at java.lang.reflect.Method.invoke(Method.java:498)
	at org.junit.internal.runners.SuiteMethod.testFromSuiteMethod(SuiteMethod.java:35)
	at org.junit.internal.runners.SuiteMethod.<init>(SuiteMethod.java:24)
	at org.junit.internal.builders.SuiteMethodBuilder.runnerForClass(SuiteMethodBuilder.java:11)
	at org.junit.runners.model.RunnerBuilder.safeRunnerForClass(RunnerBuilder.java:59)
	at org.junit.internal.builders.AllDefaultPossibilitiesBuilder.runnerForClass(AllDefaultPossibilitiesBuilder.java:26)
	at org.junit.runners.model.RunnerBuilder.safeRunnerForClass(RunnerBuilder.java:59)
	at org.junit.internal.requests.ClassRequest.getRunner(ClassRequest.java:26)
	at org.junit.internal.requests.FilterRequest.getRunner(FilterRequest.java:31)
	at org.junit.runner.JUnitCore.run(JUnitCore.java:138)
	at xxl.java.junit.JUnitSingleTestRunner.call(JUnitSingleTestRunner.java:23)
	at xxl.java.junit.JUnitSingleTestRunner.call(JUnitSingleTestRunner.java:10)
	at java.util.concurrent.FutureTask.run(FutureTask.java:266)
	at java.util.concurrent.ThreadPoolExecutor.runWorker(ThreadPoolExecutor.java:1149)
	at java.util.concurrent.ThreadPoolExecutor$Worker.run(ThreadPoolExecutor.java:624)
	at java.lang.Thread.run(Thread.java:748)
Exception in thread "pool-26860-thread-1" java.io.IOException: Resource not found: "org/joda/time/tz/data/UTC" ClassLoader: xxl.java.compiler.BytecodeClassLoader@5c5ad9ce
	at org.joda.time.tz.ZoneInfoProvider.openResource(ZoneInfoProvider.java:102)
	at org.joda.time.tz.ZoneInfoProvider.loadZoneData(ZoneInfoProvider.java:111)
	at org.joda.time.tz.ZoneInfoProvider.getZone(ZoneInfoProvider.java:75)
	at org.joda.time.DateTimeZone.setProvider0(DateTimeZone.java:230)
	at org.joda.time.DateTimeZone.<clinit>(DateTimeZone.java:44)
	at org.joda.time.TestDateTimeZone.<clinit>(TestDateTimeZone.java:71)
	at sun.reflect.NativeMethodAccessorImpl.invoke0(Native Method)
	at sun.reflect.NativeMethodAccessorImpl.invoke(NativeMethodAccessorImpl.java:62)
	at sun.reflect.DelegatingMethodAccessorImpl.invoke(DelegatingMethodAccessorImpl.java:43)
	at java.lang.reflect.Method.invoke(Method.java:498)
	at org.junit.internal.runners.SuiteMethod.testFromSuiteMethod(SuiteMethod.java:35)
	at org.junit.internal.runners.SuiteMethod.<init>(SuiteMethod.java:24)
	at org.junit.internal.builders.SuiteMethodBuilder.runnerForClass(SuiteMethodBuilder.java:11)
	at org.junit.runners.model.RunnerBuilder.safeRunnerForClass(RunnerBuilder.java:59)
	at org.junit.internal.builders.AllDefaultPossibilitiesBuilder.runnerForClass(AllDefaultPossibilitiesBuilder.java:26)
	at org.junit.runners.model.RunnerBuilder.safeRunnerForClass(RunnerBuilder.java:59)
	at org.junit.internal.requests.ClassRequest.getRunner(ClassRequest.java:26)
	at org.junit.internal.requests.FilterRequest.getRunner(FilterRequest.java:31)
	at org.junit.runner.JUnitCore.run(JUnitCore.java:138)
	at xxl.java.junit.JUnitSingleTestRunner.call(JUnitSingleTestRunner.java:23)
	at xxl.java.junit.JUnitSingleTestRunner.call(JUnitSingleTestRunner.java:10)
	at java.util.concurrent.FutureTask.run(FutureTask.java:266)
	at java.util.concurrent.ThreadPoolExecutor.runWorker(ThreadPoolExecutor.java:1149)
	at java.util.concurrent.ThreadPoolExecutor$Worker.run(ThreadPoolExecutor.java:624)
	at java.lang.Thread.run(Thread.java:748)
Exception in thread "pool-27291-thread-1" java.io.IOException: Resource not found: "org/joda/time/tz/data/UTC" ClassLoader: xxl.java.compiler.BytecodeClassLoader@c089501
	at org.joda.time.tz.ZoneInfoProvider.openResource(ZoneInfoProvider.java:102)
	at org.joda.time.tz.ZoneInfoProvider.loadZoneData(ZoneInfoProvider.java:111)
	at org.joda.time.tz.ZoneInfoProvider.getZone(ZoneInfoProvider.java:75)
	at org.joda.time.DateTimeZone.setProvider0(DateTimeZone.java:230)
	at org.joda.time.DateTimeZone.<clinit>(DateTimeZone.java:44)
	at org.joda.time.TestDateTimeZone.<clinit>(TestDateTimeZone.java:71)
	at sun.reflect.NativeMethodAccessorImpl.invoke0(Native Method)
	at sun.reflect.NativeMethodAccessorImpl.invoke(NativeMethodAccessorImpl.java:62)
	at sun.reflect.DelegatingMethodAccessorImpl.invoke(DelegatingMethodAccessorImpl.java:43)
	at java.lang.reflect.Method.invoke(Method.java:498)
	at org.junit.internal.runners.SuiteMethod.testFromSuiteMethod(SuiteMethod.java:35)
	at org.junit.internal.runners.SuiteMethod.<init>(SuiteMethod.java:24)
	at org.junit.internal.builders.SuiteMethodBuilder.runnerForClass(SuiteMethodBuilder.java:11)
	at org.junit.runners.model.RunnerBuilder.safeRunnerForClass(RunnerBuilder.java:59)
	at org.junit.internal.builders.AllDefaultPossibilitiesBuilder.runnerForClass(AllDefaultPossibilitiesBuilder.java:26)
	at org.junit.runners.model.RunnerBuilder.safeRunnerForClass(RunnerBuilder.java:59)
	at org.junit.internal.requests.ClassRequest.getRunner(ClassRequest.java:26)
	at org.junit.internal.requests.FilterRequest.getRunner(FilterRequest.java:31)
	at org.junit.runner.JUnitCore.run(JUnitCore.java:138)
	at xxl.java.junit.JUnitSingleTestRunner.call(JUnitSingleTestRunner.java:23)
	at xxl.java.junit.JUnitSingleTestRunner.call(JUnitSingleTestRunner.java:10)
	at java.util.concurrent.FutureTask.run(FutureTask.java:266)
	at java.util.concurrent.ThreadPoolExecutor.runWorker(ThreadPoolExecutor.java:1149)
	at java.util.concurrent.ThreadPoolExecutor$Worker.run(ThreadPoolExecutor.java:624)
	at java.lang.Thread.run(Thread.java:748)
Command exited with non-zero status 255
6472.04user 497.36system 1:35:16elapsed 121%CPU (0avgtext+0avgdata 5302876maxresident)k
106648inputs+918616outputs (44major+7518898minor)pagefaults 0swaps
