mkdir: cannot create directory ‘lib/’: File exists
cp: cannot stat ‘/home/tdurieux/defects4j/framework/projects/Closure/lib/*’: No such file or directory
Running ant (compile)...................................................... OK
Running ant (compile.tests)................................................ OK
Picked up JAVA_TOOL_OPTIONS: -Dfile.encoding=UTF8
Please use CMSClassUnloadingEnabled in place of CMSPermGenSweepingEnabled in the future
Closure Compiler (http://code.google.com/closure/compiler)
Version: Unversioned directory
Built on: 2017/03/02 11:01
Closure Compiler (http://code.google.com/closure/compiler)
Version: Unversioned directory
Built on: 2017/03/02 11:01
Closure Compiler (http://code.google.com/closure/compiler)
Version: Unversioned directory
Built on: 2017/03/02 11:01
Closure Compiler (http://code.google.com/closure/compiler)
Version: Unversioned directory
Built on: 2017/03/02 11:01
Closure Compiler (http://code.google.com/closure/compiler)
Version: Unversioned directory
Built on: 2017/03/02 11:01
Closure Compiler (http://code.google.com/closure/compiler)
Version: Unversioned directory
Built on: 2017/03/02 11:01
Closure Compiler (http://code.google.com/closure/compiler)
Version: Unversioned directory
Built on: 2017/03/02 11:01
Closure Compiler (http://code.google.com/closure/compiler)
Version: Unversioned directory
Built on: 2017/03/02 11:01
Closure Compiler (http://code.google.com/closure/compiler)
Version: Unversioned directory
Built on: 2017/03/02 11:01
Closure Compiler (http://code.google.com/closure/compiler)
Version: Unversioned directory
Built on: 2017/03/02 11:01
Closure Compiler (http://code.google.com/closure/compiler)
Version: Unversioned directory
Built on: 2017/03/02 11:01
Closure Compiler (http://code.google.com/closure/compiler)
Version: Unversioned directory
Built on: 2017/03/02 11:01
Closure Compiler (http://code.google.com/closure/compiler)
Version: Unversioned directory
Built on: 2017/03/02 11:01
Closure Compiler (http://code.google.com/closure/compiler)
Version: Unversioned directory
Built on: 2017/03/02 11:01
Closure Compiler (http://code.google.com/closure/compiler)
Version: Unversioned directory
Built on: 2017/03/02 11:01
Closure Compiler (http://code.google.com/closure/compiler)
Version: Unversioned directory
Built on: 2017/03/02 11:01
Closure Compiler (http://code.google.com/closure/compiler)
Version: Unversioned directory
Built on: 2017/03/02 11:01
Closure Compiler (http://code.google.com/closure/compiler)
Version: Unversioned directory
Built on: 2017/03/02 11:01
Closure Compiler (http://code.google.com/closure/compiler)
Version: Unversioned directory
Built on: 2017/03/02 11:01
Closure Compiler (http://code.google.com/closure/compiler)
Version: Unversioned directory
Built on: 2017/03/02 11:01
Closure Compiler (http://code.google.com/closure/compiler)
Version: Unversioned directory
Built on: 2017/03/02 11:01
Closure Compiler (http://code.google.com/closure/compiler)
Version: Unversioned directory
Built on: 2017/03/02 11:01
Closure Compiler (http://code.google.com/closure/compiler)
Version: Unversioned directory
Built on: 2017/03/02 11:01
Closure Compiler (http://code.google.com/closure/compiler)
Version: Unversioned directory
Built on: 2017/03/02 11:01
Closure Compiler (http://code.google.com/closure/compiler)
Version: Unversioned directory
Built on: 2017/03/02 11:01
Closure Compiler (http://code.google.com/closure/compiler)
Version: Unversioned directory
Built on: 2017/03/02 11:01
Closure Compiler (http://code.google.com/closure/compiler)
Version: Unversioned directory
Built on: 2017/03/02 11:01
Closure Compiler (http://code.google.com/closure/compiler)
Version: Unversioned directory
Built on: 2017/03/02 11:01
Closure Compiler (http://code.google.com/closure/compiler)
Version: Unversioned directory
Built on: 2017/03/02 11:01
Closure Compiler (http://code.google.com/closure/compiler)
Version: Unversioned directory
Built on: 2017/03/02 11:01
Closure Compiler (http://code.google.com/closure/compiler)
Version: Unversioned directory
Built on: 2017/03/02 11:01
Closure Compiler (http://code.google.com/closure/compiler)
Version: Unversioned directory
Built on: 2017/03/02 11:01
Closure Compiler (http://code.google.com/closure/compiler)
Version: Unversioned directory
Built on: 2017/03/02 11:01
Closure Compiler (http://code.google.com/closure/compiler)
Version: Unversioned directory
Built on: 2017/03/02 11:01
Closure Compiler (http://code.google.com/closure/compiler)
Version: Unversioned directory
Built on: 2017/03/02 11:01
Closure Compiler (http://code.google.com/closure/compiler)
Version: Unversioned directory
Built on: 2017/03/02 11:01
Closure Compiler (http://code.google.com/closure/compiler)
Version: Unversioned directory
Built on: 2017/03/02 11:01
Closure Compiler (http://code.google.com/closure/compiler)
Version: Unversioned directory
Built on: 2017/03/02 11:01
Closure Compiler (http://code.google.com/closure/compiler)
Version: Unversioned directory
Built on: 2017/03/02 11:01
Closure Compiler (http://code.google.com/closure/compiler)
Version: Unversioned directory
Built on: 2017/03/02 11:01
Closure Compiler (http://code.google.com/closure/compiler)
Version: Unversioned directory
Built on: 2017/03/02 11:01
Closure Compiler (http://code.google.com/closure/compiler)
Version: Unversioned directory
Built on: 2017/03/02 11:01
Closure Compiler (http://code.google.com/closure/compiler)
Version: Unversioned directory
Built on: 2017/03/02 11:01
Closure Compiler (http://code.google.com/closure/compiler)
Version: Unversioned directory
Built on: 2017/03/02 11:01
Closure Compiler (http://code.google.com/closure/compiler)
Version: Unversioned directory
Built on: 2017/03/02 11:01
Closure Compiler (http://code.google.com/closure/compiler)
Version: Unversioned directory
Built on: 2017/03/02 11:01
Closure Compiler (http://code.google.com/closure/compiler)
Version: Unversioned directory
Built on: 2017/03/02 11:01
Closure Compiler (http://code.google.com/closure/compiler)
Version: Unversioned directory
Built on: 2017/03/02 11:01
Closure Compiler (http://code.google.com/closure/compiler)
Version: Unversioned directory
Built on: 2017/03/02 11:01
Closure Compiler (http://code.google.com/closure/compiler)
Version: Unversioned directory
Built on: 2017/03/02 11:01
Closure Compiler (http://code.google.com/closure/compiler)
Version: Unversioned directory
Built on: 2017/03/02 11:01
Closure Compiler (http://code.google.com/closure/compiler)
Version: Unversioned directory
Built on: 2017/03/02 11:01
Closure Compiler (http://code.google.com/closure/compiler)
Version: Unversioned directory
Built on: 2017/03/02 11:01
Closure Compiler (http://code.google.com/closure/compiler)
Version: Unversioned directory
Built on: 2017/03/02 11:01
Closure Compiler (http://code.google.com/closure/compiler)
Version: Unversioned directory
Built on: 2017/03/02 11:01
Closure Compiler (http://code.google.com/closure/compiler)
Version: Unversioned directory
Built on: 2017/03/02 11:01
Closure Compiler (http://code.google.com/closure/compiler)
Version: Unversioned directory
Built on: 2017/03/02 11:01
Closure Compiler (http://code.google.com/closure/compiler)
Version: Unversioned directory
Built on: 2017/03/02 11:01
Closure Compiler (http://code.google.com/closure/compiler)
Version: Unversioned directory
Built on: 2017/03/02 11:01
Closure Compiler (http://code.google.com/closure/compiler)
Version: Unversioned directory
Built on: 2017/03/02 11:01
Closure Compiler (http://code.google.com/closure/compiler)
Version: Unversioned directory
Built on: 2017/03/02 11:01
Closure Compiler (http://code.google.com/closure/compiler)
Version: Unversioned directory
Built on: 2017/03/02 11:01
Closure Compiler (http://code.google.com/closure/compiler)
Version: Unversioned directory
Built on: 2017/03/02 11:01
Closure Compiler (http://code.google.com/closure/compiler)
Version: Unversioned directory
Built on: 2017/03/02 11:01
java.lang.RuntimeException: java.lang.NullPointerException
	at com.google.javascript.jscomp.Compiler.runCallable(Compiler.java:625)
	at com.google.javascript.jscomp.Compiler.runInCompilerThread(Compiler.java:571)
	at com.google.javascript.jscomp.Compiler.compile(Compiler.java:554)
	at com.google.javascript.jscomp.Compiler.compile(Compiler.java:513)
	at com.google.javascript.jscomp.AbstractCommandLineRunner.doRun(AbstractCommandLineRunner.java:653)
	at com.google.javascript.jscomp.AbstractCommandLineRunner.run(AbstractCommandLineRunner.java:294)
	at com.google.javascript.jscomp.CommandLineRunnerTest.compile(CommandLineRunnerTest.java:960)
	at com.google.javascript.jscomp.CommandLineRunnerTest.test(CommandLineRunnerTest.java:843)
	at com.google.javascript.jscomp.CommandLineRunnerTest.test(CommandLineRunnerTest.java:875)
	at com.google.javascript.jscomp.CommandLineRunnerTest.testIssue504(CommandLineRunnerTest.java:365)
	at sun.reflect.NativeMethodAccessorImpl.invoke0(Native Method)
	at sun.reflect.NativeMethodAccessorImpl.invoke(NativeMethodAccessorImpl.java:57)
	at sun.reflect.DelegatingMethodAccessorImpl.invoke(DelegatingMethodAccessorImpl.java:43)
	at java.lang.reflect.Method.invoke(Method.java:606)
	at junit.framework.TestCase.runTest(TestCase.java:176)
	at junit.framework.TestCase.runBare(TestCase.java:141)
	at junit.framework.TestResult$1.protect(TestResult.java:122)
	at junit.framework.TestResult.runProtected(TestResult.java:142)
	at junit.framework.TestResult.run(TestResult.java:125)
	at junit.framework.TestCase.run(TestCase.java:129)
	at junit.framework.TestSuite.runTest(TestSuite.java:255)
	at junit.framework.TestSuite.run(TestSuite.java:250)
	at org.junit.internal.runners.JUnit38ClassRunner.run(JUnit38ClassRunner.java:84)
	at org.junit.runner.JUnitCore.run(JUnitCore.java:160)
	at org.junit.runner.JUnitCore.run(JUnitCore.java:138)
	at xxl.java.junit.JUnitSingleTestRunner.call(JUnitSingleTestRunner.java:23)
	at xxl.java.junit.JUnitSingleTestRunner.call(JUnitSingleTestRunner.java:10)
	at java.util.concurrent.FutureTask.run(FutureTask.java:262)
	at java.util.concurrent.ThreadPoolExecutor.runWorker(ThreadPoolExecutor.java:1145)
	at java.util.concurrent.ThreadPoolExecutor$Worker.run(ThreadPoolExecutor.java:615)
	at java.lang.Thread.run(Thread.java:745)
Caused by: java.lang.NullPointerException
	at java.io.File.<init>(File.java:277)
	at com.google.javascript.jscomp.PureFunctionIdentifier$Driver.process(PureFunctionIdentifier.java:727)
	at com.google.javascript.jscomp.PhaseOptimizer$PassFactoryDelegate.processInternal(PhaseOptimizer.java:271)
	at com.google.javascript.jscomp.PhaseOptimizer$NamedPass.process(PhaseOptimizer.java:248)
	at com.google.javascript.jscomp.PhaseOptimizer.process(PhaseOptimizer.java:167)
	at com.google.javascript.jscomp.Compiler.optimize(Compiler.java:1571)
	at com.google.javascript.jscomp.Compiler.compileInternal(Compiler.java:660)
	at com.google.javascript.jscomp.Compiler.access$000(Compiler.java:68)
	at com.google.javascript.jscomp.Compiler$1.call(Compiler.java:556)
	at com.google.javascript.jscomp.Compiler$1.call(Compiler.java:554)
	at com.google.javascript.jscomp.Compiler$2.run(Compiler.java:597)
	... 1 more
Closure Compiler (http://code.google.com/closure/compiler)
Version: Unversioned directory
Built on: 2017/03/02 11:01
Closure Compiler (http://code.google.com/closure/compiler)
Version: Unversioned directory
Built on: 2017/03/02 11:01
Closure Compiler (http://code.google.com/closure/compiler)
Version: Unversioned directory
Built on: 2017/03/02 11:01
Closure Compiler (http://code.google.com/closure/compiler)
Version: Unversioned directory
Built on: 2017/03/02 11:01
java.lang.RuntimeException: java.lang.NullPointerException
	at com.google.javascript.jscomp.Compiler.runCallable(Compiler.java:625)
	at com.google.javascript.jscomp.Compiler.runInCompilerThread(Compiler.java:571)
	at com.google.javascript.jscomp.Compiler.compile(Compiler.java:554)
	at com.google.javascript.jscomp.Compiler.compile(Compiler.java:513)
	at com.google.javascript.jscomp.AbstractCommandLineRunner.doRun(AbstractCommandLineRunner.java:653)
	at com.google.javascript.jscomp.AbstractCommandLineRunner.run(AbstractCommandLineRunner.java:294)
	at com.google.javascript.jscomp.CommandLineRunnerTest.compile(CommandLineRunnerTest.java:960)
	at com.google.javascript.jscomp.CommandLineRunnerTest.test(CommandLineRunnerTest.java:843)
	at com.google.javascript.jscomp.CommandLineRunnerTest.test(CommandLineRunnerTest.java:875)
	at com.google.javascript.jscomp.CommandLineRunnerTest.testIssue504(CommandLineRunnerTest.java:365)
	at sun.reflect.NativeMethodAccessorImpl.invoke0(Native Method)
	at sun.reflect.NativeMethodAccessorImpl.invoke(NativeMethodAccessorImpl.java:57)
	at sun.reflect.DelegatingMethodAccessorImpl.invoke(DelegatingMethodAccessorImpl.java:43)
	at java.lang.reflect.Method.invoke(Method.java:606)
	at junit.framework.TestCase.runTest(TestCase.java:176)
	at junit.framework.TestCase.runBare(TestCase.java:141)
	at junit.framework.TestResult$1.protect(TestResult.java:122)
	at junit.framework.TestResult.runProtected(TestResult.java:142)
	at junit.framework.TestResult.run(TestResult.java:125)
	at junit.framework.TestCase.run(TestCase.java:129)
	at junit.framework.TestSuite.runTest(TestSuite.java:255)
	at junit.framework.TestSuite.run(TestSuite.java:250)
	at org.junit.internal.runners.JUnit38ClassRunner.run(JUnit38ClassRunner.java:84)
	at org.junit.runner.JUnitCore.run(JUnitCore.java:160)
	at org.junit.runner.JUnitCore.run(JUnitCore.java:138)
	at xxl.java.junit.JUnitSingleTestRunner.call(JUnitSingleTestRunner.java:23)
	at xxl.java.junit.JUnitSingleTestRunner.call(JUnitSingleTestRunner.java:10)
	at java.util.concurrent.FutureTask.run(FutureTask.java:262)
	at java.util.concurrent.ThreadPoolExecutor.runWorker(ThreadPoolExecutor.java:1145)
	at java.util.concurrent.ThreadPoolExecutor$Worker.run(ThreadPoolExecutor.java:615)
	at java.lang.Thread.run(Thread.java:745)
Caused by: java.lang.NullPointerException
	at com.google.javascript.jscomp.PureFunctionIdentifier.getCallableDefinitions(PureFunctionIdentifier.java:80)
	at com.google.javascript.jscomp.PureFunctionIdentifier.propagateSideEffects(PureFunctionIdentifier.java:130)
	at com.google.javascript.jscomp.PureFunctionIdentifier.process(PureFunctionIdentifier.java:37)
	at com.google.javascript.jscomp.PureFunctionIdentifier$Driver.process(PureFunctionIdentifier.java:724)
	at com.google.javascript.jscomp.PhaseOptimizer$PassFactoryDelegate.processInternal(PhaseOptimizer.java:271)
	at com.google.javascript.jscomp.PhaseOptimizer$NamedPass.process(PhaseOptimizer.java:248)
	at com.google.javascript.jscomp.PhaseOptimizer.process(PhaseOptimizer.java:167)
	at com.google.javascript.jscomp.Compiler.optimize(Compiler.java:1571)
	at com.google.javascript.jscomp.Compiler.compileInternal(Compiler.java:660)
	at com.google.javascript.jscomp.Compiler.access$000(Compiler.java:68)
	at com.google.javascript.jscomp.Compiler$1.call(Compiler.java:556)
	at com.google.javascript.jscomp.Compiler$1.call(Compiler.java:554)
	at com.google.javascript.jscomp.Compiler$2.run(Compiler.java:597)
	... 1 more
Closure Compiler (http://code.google.com/closure/compiler)
Version: Unversioned directory
Built on: 2017/03/02 11:01
Closure Compiler (http://code.google.com/closure/compiler)
Version: Unversioned directory
Built on: 2017/03/02 11:01
Closure Compiler (http://code.google.com/closure/compiler)
Version: Unversioned directory
Built on: 2017/03/02 11:01
Closure Compiler (http://code.google.com/closure/compiler)
Version: Unversioned directory
Built on: 2017/03/02 11:01
java.lang.RuntimeException: java.lang.NullPointerException
	at com.google.javascript.jscomp.Compiler.runCallable(Compiler.java:625)
	at com.google.javascript.jscomp.Compiler.runInCompilerThread(Compiler.java:571)
	at com.google.javascript.jscomp.Compiler.compile(Compiler.java:554)
	at com.google.javascript.jscomp.Compiler.compile(Compiler.java:513)
	at com.google.javascript.jscomp.AbstractCommandLineRunner.doRun(AbstractCommandLineRunner.java:653)
	at com.google.javascript.jscomp.AbstractCommandLineRunner.run(AbstractCommandLineRunner.java:294)
	at com.google.javascript.jscomp.CommandLineRunnerTest.compile(CommandLineRunnerTest.java:960)
	at com.google.javascript.jscomp.CommandLineRunnerTest.test(CommandLineRunnerTest.java:843)
	at com.google.javascript.jscomp.CommandLineRunnerTest.test(CommandLineRunnerTest.java:875)
	at com.google.javascript.jscomp.CommandLineRunnerTest.testIssue504(CommandLineRunnerTest.java:365)
	at sun.reflect.NativeMethodAccessorImpl.invoke0(Native Method)
	at sun.reflect.NativeMethodAccessorImpl.invoke(NativeMethodAccessorImpl.java:57)
	at sun.reflect.DelegatingMethodAccessorImpl.invoke(DelegatingMethodAccessorImpl.java:43)
	at java.lang.reflect.Method.invoke(Method.java:606)
	at junit.framework.TestCase.runTest(TestCase.java:176)
	at junit.framework.TestCase.runBare(TestCase.java:141)
	at junit.framework.TestResult$1.protect(TestResult.java:122)
	at junit.framework.TestResult.runProtected(TestResult.java:142)
	at junit.framework.TestResult.run(TestResult.java:125)
	at junit.framework.TestCase.run(TestCase.java:129)
	at junit.framework.TestSuite.runTest(TestSuite.java:255)
	at junit.framework.TestSuite.run(TestSuite.java:250)
	at org.junit.internal.runners.JUnit38ClassRunner.run(JUnit38ClassRunner.java:84)
	at org.junit.runner.JUnitCore.run(JUnitCore.java:160)
	at org.junit.runner.JUnitCore.run(JUnitCore.java:138)
	at xxl.java.junit.JUnitSingleTestRunner.call(JUnitSingleTestRunner.java:23)
	at xxl.java.junit.JUnitSingleTestRunner.call(JUnitSingleTestRunner.java:10)
	at java.util.concurrent.FutureTask.run(FutureTask.java:262)
	at java.util.concurrent.ThreadPoolExecutor.runWorker(ThreadPoolExecutor.java:1145)
	at java.util.concurrent.ThreadPoolExecutor$Worker.run(ThreadPoolExecutor.java:615)
	at java.lang.Thread.run(Thread.java:745)
Caused by: java.lang.NullPointerException
	at com.google.javascript.jscomp.PureFunctionIdentifier.getCallableDefinitions(PureFunctionIdentifier.java:80)
	at com.google.javascript.jscomp.PureFunctionIdentifier.propagateSideEffects(PureFunctionIdentifier.java:130)
	at com.google.javascript.jscomp.PureFunctionIdentifier.process(PureFunctionIdentifier.java:37)
	at com.google.javascript.jscomp.PureFunctionIdentifier$Driver.process(PureFunctionIdentifier.java:721)
	at com.google.javascript.jscomp.PhaseOptimizer$PassFactoryDelegate.processInternal(PhaseOptimizer.java:271)
	at com.google.javascript.jscomp.PhaseOptimizer$NamedPass.process(PhaseOptimizer.java:248)
	at com.google.javascript.jscomp.PhaseOptimizer.process(PhaseOptimizer.java:167)
	at com.google.javascript.jscomp.Compiler.optimize(Compiler.java:1571)
	at com.google.javascript.jscomp.Compiler.compileInternal(Compiler.java:660)
	at com.google.javascript.jscomp.Compiler.access$000(Compiler.java:68)
	at com.google.javascript.jscomp.Compiler$1.call(Compiler.java:556)
	at com.google.javascript.jscomp.Compiler$1.call(Compiler.java:554)
	at com.google.javascript.jscomp.Compiler$2.run(Compiler.java:597)
	... 1 more
Closure Compiler (http://code.google.com/closure/compiler)
Version: Unversioned directory
Built on: 2017/03/02 11:01
Closure Compiler (http://code.google.com/closure/compiler)
Version: Unversioned directory
Built on: 2017/03/02 11:01
Closure Compiler (http://code.google.com/closure/compiler)
Version: Unversioned directory
Built on: 2017/03/02 11:01
Closure Compiler (http://code.google.com/closure/compiler)
Version: Unversioned directory
Built on: 2017/03/02 11:01
Closure Compiler (http://code.google.com/closure/compiler)
Version: Unversioned directory
Built on: 2017/03/02 11:01
Closure Compiler (http://code.google.com/closure/compiler)
Version: Unversioned directory
Built on: 2017/03/02 11:01
Closure Compiler (http://code.google.com/closure/compiler)
Version: Unversioned directory
Built on: 2017/03/02 11:01
Closure Compiler (http://code.google.com/closure/compiler)
Version: Unversioned directory
Built on: 2017/03/02 11:01
Closure Compiler (http://code.google.com/closure/compiler)
Version: Unversioned directory
Built on: 2017/03/02 11:01
Closure Compiler (http://code.google.com/closure/compiler)
Version: Unversioned directory
Built on: 2017/03/02 11:01
Closure Compiler (http://code.google.com/closure/compiler)
Version: Unversioned directory
Built on: 2017/03/02 11:01
Closure Compiler (http://code.google.com/closure/compiler)
Version: Unversioned directory
Built on: 2017/03/02 11:01
Closure Compiler (http://code.google.com/closure/compiler)
Version: Unversioned directory
Built on: 2017/03/02 11:01
Closure Compiler (http://code.google.com/closure/compiler)
Version: Unversioned directory
Built on: 2017/03/02 11:01
Closure Compiler (http://code.google.com/closure/compiler)
Version: Unversioned directory
Built on: 2017/03/02 11:01
Closure Compiler (http://code.google.com/closure/compiler)
Version: Unversioned directory
Built on: 2017/03/02 11:01
Closure Compiler (http://code.google.com/closure/compiler)
Version: Unversioned directory
Built on: 2017/03/02 11:01
Closure Compiler (http://code.google.com/closure/compiler)
Version: Unversioned directory
Built on: 2017/03/02 11:01
Closure Compiler (http://code.google.com/closure/compiler)
Version: Unversioned directory
Built on: 2017/03/02 11:01
Closure Compiler (http://code.google.com/closure/compiler)
Version: Unversioned directory
Built on: 2017/03/02 11:01
Closure Compiler (http://code.google.com/closure/compiler)
Version: Unversioned directory
Built on: 2017/03/02 11:01
Closure Compiler (http://code.google.com/closure/compiler)
Version: Unversioned directory
Built on: 2017/03/02 11:01
Closure Compiler (http://code.google.com/closure/compiler)
Version: Unversioned directory
Built on: 2017/03/02 11:01
Closure Compiler (http://code.google.com/closure/compiler)
Version: Unversioned directory
Built on: 2017/03/02 11:01
Closure Compiler (http://code.google.com/closure/compiler)
Version: Unversioned directory
Built on: 2017/03/02 11:01
Closure Compiler (http://code.google.com/closure/compiler)
Version: Unversioned directory
Built on: 2017/03/02 11:01
Closure Compiler (http://code.google.com/closure/compiler)
Version: Unversioned directory
Built on: 2017/03/02 11:01
Closure Compiler (http://code.google.com/closure/compiler)
Version: Unversioned directory
Built on: 2017/03/02 11:01
Closure Compiler (http://code.google.com/closure/compiler)
Version: Unversioned directory
Built on: 2017/03/02 11:01
Closure Compiler (http://code.google.com/closure/compiler)
Version: Unversioned directory
Built on: 2017/03/02 11:01
Closure Compiler (http://code.google.com/closure/compiler)
Version: Unversioned directory
Built on: 2017/03/02 11:01
Closure Compiler (http://code.google.com/closure/compiler)
Version: Unversioned directory
Built on: 2017/03/02 11:01
Closure Compiler (http://code.google.com/closure/compiler)
Version: Unversioned directory
Built on: 2017/03/02 11:01
Closure Compiler (http://code.google.com/closure/compiler)
Version: Unversioned directory
Built on: 2017/03/02 11:01
Closure Compiler (http://code.google.com/closure/compiler)
Version: Unversioned directory
Built on: 2017/03/02 11:01
Closure Compiler (http://code.google.com/closure/compiler)
Version: Unversioned directory
Built on: 2017/03/02 11:01
Closure Compiler (http://code.google.com/closure/compiler)
Version: Unversioned directory
Built on: 2017/03/02 11:01
Closure Compiler (http://code.google.com/closure/compiler)
Version: Unversioned directory
Built on: 2017/03/02 11:01
Closure Compiler (http://code.google.com/closure/compiler)
Version: Unversioned directory
Built on: 2017/03/02 11:01
Closure Compiler (http://code.google.com/closure/compiler)
Version: Unversioned directory
Built on: 2017/03/02 11:01
Closure Compiler (http://code.google.com/closure/compiler)
Version: Unversioned directory
Built on: 2017/03/02 11:01
Closure Compiler (http://code.google.com/closure/compiler)
Version: Unversioned directory
Built on: 2017/03/02 11:01
Closure Compiler (http://code.google.com/closure/compiler)
Version: Unversioned directory
Built on: 2017/03/02 11:01
Closure Compiler (http://code.google.com/closure/compiler)
Version: Unversioned directory
Built on: 2017/03/02 11:01
Closure Compiler (http://code.google.com/closure/compiler)
Version: Unversioned directory
Built on: 2017/03/02 11:01
Closure Compiler (http://code.google.com/closure/compiler)
Version: Unversioned directory
Built on: 2017/03/02 11:01
Closure Compiler (http://code.google.com/closure/compiler)
Version: Unversioned directory
Built on: 2017/03/02 11:01
Closure Compiler (http://code.google.com/closure/compiler)
Version: Unversioned directory
Built on: 2017/03/02 11:01
Closure Compiler (http://code.google.com/closure/compiler)
Version: Unversioned directory
Built on: 2017/03/02 11:01
Closure Compiler (http://code.google.com/closure/compiler)
Version: Unversioned directory
Built on: 2017/03/02 11:01
Closure Compiler (http://code.google.com/closure/compiler)
Version: Unversioned directory
Built on: 2017/03/02 11:01
Closure Compiler (http://code.google.com/closure/compiler)
Version: Unversioned directory
Built on: 2017/03/02 11:01
Closure Compiler (http://code.google.com/closure/compiler)
Version: Unversioned directory
Built on: 2017/03/02 11:01
Closure Compiler (http://code.google.com/closure/compiler)
Version: Unversioned directory
Built on: 2017/03/02 11:01
Closure Compiler (http://code.google.com/closure/compiler)
Version: Unversioned directory
Built on: 2017/03/02 11:01
Closure Compiler (http://code.google.com/closure/compiler)
Version: Unversioned directory
Built on: 2017/03/02 11:01
Closure Compiler (http://code.google.com/closure/compiler)
Version: Unversioned directory
Built on: 2017/03/02 11:01
Closure Compiler (http://code.google.com/closure/compiler)
Version: Unversioned directory
Built on: 2017/03/02 11:01
Closure Compiler (http://code.google.com/closure/compiler)
Version: Unversioned directory
Built on: 2017/03/02 11:01
Closure Compiler (http://code.google.com/closure/compiler)
Version: Unversioned directory
Built on: 2017/03/02 11:01
Closure Compiler (http://code.google.com/closure/compiler)
Version: Unversioned directory
Built on: 2017/03/02 11:01
Closure Compiler (http://code.google.com/closure/compiler)
Version: Unversioned directory
Built on: 2017/03/02 11:01
Closure Compiler (http://code.google.com/closure/compiler)
Version: Unversioned directory
Built on: 2017/03/02 11:01
Closure Compiler (http://code.google.com/closure/compiler)
Version: Unversioned directory
Built on: 2017/03/02 11:01
Closure Compiler (http://code.google.com/closure/compiler)
Version: Unversioned directory
Built on: 2017/03/02 11:01
Closure Compiler (http://code.google.com/closure/compiler)
Version: Unversioned directory
Built on: 2017/03/02 11:01
Closure Compiler (http://code.google.com/closure/compiler)
Version: Unversioned directory
Built on: 2017/03/02 11:01
Closure Compiler (http://code.google.com/closure/compiler)
Version: Unversioned directory
Built on: 2017/03/02 11:01
Closure Compiler (http://code.google.com/closure/compiler)
Version: Unversioned directory
Built on: 2017/03/02 11:01
Closure Compiler (http://code.google.com/closure/compiler)
Version: Unversioned directory
Built on: 2017/03/02 11:01
Closure Compiler (http://code.google.com/closure/compiler)
Version: Unversioned directory
Built on: 2017/03/02 11:01
Closure Compiler (http://code.google.com/closure/compiler)
Version: Unversioned directory
Built on: 2017/03/02 11:01
Closure Compiler (http://code.google.com/closure/compiler)
Version: Unversioned directory
Built on: 2017/03/02 11:01
Closure Compiler (http://code.google.com/closure/compiler)
Version: Unversioned directory
Built on: 2017/03/02 11:01
Closure Compiler (http://code.google.com/closure/compiler)
Version: Unversioned directory
Built on: 2017/03/02 11:01
Closure Compiler (http://code.google.com/closure/compiler)
Version: Unversioned directory
Built on: 2017/03/02 11:01
Closure Compiler (http://code.google.com/closure/compiler)
Version: Unversioned directory
Built on: 2017/03/02 11:01
Closure Compiler (http://code.google.com/closure/compiler)
Version: Unversioned directory
Built on: 2017/03/02 11:01
Closure Compiler (http://code.google.com/closure/compiler)
Version: Unversioned directory
Built on: 2017/03/02 11:01
Closure Compiler (http://code.google.com/closure/compiler)
Version: Unversioned directory
Built on: 2017/03/02 11:01
Closure Compiler (http://code.google.com/closure/compiler)
Version: Unversioned directory
Built on: 2017/03/02 11:01
Closure Compiler (http://code.google.com/closure/compiler)
Version: Unversioned directory
Built on: 2017/03/02 11:01
Closure Compiler (http://code.google.com/closure/compiler)
Version: Unversioned directory
Built on: 2017/03/02 11:01
Closure Compiler (http://code.google.com/closure/compiler)
Version: Unversioned directory
Built on: 2017/03/02 11:01
Closure Compiler (http://code.google.com/closure/compiler)
Version: Unversioned directory
Built on: 2017/03/02 11:01
Closure Compiler (http://code.google.com/closure/compiler)
Version: Unversioned directory
Built on: 2017/03/02 11:01
Closure Compiler (http://code.google.com/closure/compiler)
Version: Unversioned directory
Built on: 2017/03/02 11:01
Closure Compiler (http://code.google.com/closure/compiler)
Version: Unversioned directory
Built on: 2017/03/02 11:01
Closure Compiler (http://code.google.com/closure/compiler)
Version: Unversioned directory
Built on: 2017/03/02 11:01
Closure Compiler (http://code.google.com/closure/compiler)
Version: Unversioned directory
Built on: 2017/03/02 11:01
Closure Compiler (http://code.google.com/closure/compiler)
Version: Unversioned directory
Built on: 2017/03/02 11:01
Closure Compiler (http://code.google.com/closure/compiler)
Version: Unversioned directory
Built on: 2017/03/02 11:01
Closure Compiler (http://code.google.com/closure/compiler)
Version: Unversioned directory
Built on: 2017/03/02 11:01
Closure Compiler (http://code.google.com/closure/compiler)
Version: Unversioned directory
Built on: 2017/03/02 11:01
Closure Compiler (http://code.google.com/closure/compiler)
Version: Unversioned directory
Built on: 2017/03/02 11:01
Closure Compiler (http://code.google.com/closure/compiler)
Version: Unversioned directory
Built on: 2017/03/02 11:01
Closure Compiler (http://code.google.com/closure/compiler)
Version: Unversioned directory
Built on: 2017/03/02 11:01
Closure Compiler (http://code.google.com/closure/compiler)
Version: Unversioned directory
Built on: 2017/03/02 11:01
Closure Compiler (http://code.google.com/closure/compiler)
Version: Unversioned directory
Built on: 2017/03/02 11:01
Closure Compiler (http://code.google.com/closure/compiler)
Version: Unversioned directory
Built on: 2017/03/02 11:01
Closure Compiler (http://code.google.com/closure/compiler)
Version: Unversioned directory
Built on: 2017/03/02 11:01
Closure Compiler (http://code.google.com/closure/compiler)
Version: Unversioned directory
Built on: 2017/03/02 11:01
Closure Compiler (http://code.google.com/closure/compiler)
Version: Unversioned directory
Built on: 2017/03/02 11:01
Closure Compiler (http://code.google.com/closure/compiler)
Version: Unversioned directory
Built on: 2017/03/02 11:01
Closure Compiler (http://code.google.com/closure/compiler)
Version: Unversioned directory
Built on: 2017/03/02 11:01
Closure Compiler (http://code.google.com/closure/compiler)
Version: Unversioned directory
Built on: 2017/03/02 11:01
Closure Compiler (http://code.google.com/closure/compiler)
Version: Unversioned directory
Built on: 2017/03/02 11:01
Closure Compiler (http://code.google.com/closure/compiler)
Version: Unversioned directory
Built on: 2017/03/02 11:01
Closure Compiler (http://code.google.com/closure/compiler)
Version: Unversioned directory
Built on: 2017/03/02 11:01
Closure Compiler (http://code.google.com/closure/compiler)
Version: Unversioned directory
Built on: 2017/03/02 11:01
Closure Compiler (http://code.google.com/closure/compiler)
Version: Unversioned directory
Built on: 2017/03/02 11:01
Closure Compiler (http://code.google.com/closure/compiler)
Version: Unversioned directory
Built on: 2017/03/02 11:01
Closure Compiler (http://code.google.com/closure/compiler)
Version: Unversioned directory
Built on: 2017/03/02 11:01
Closure Compiler (http://code.google.com/closure/compiler)
Version: Unversioned directory
Built on: 2017/03/02 11:01
Closure Compiler (http://code.google.com/closure/compiler)
Version: Unversioned directory
Built on: 2017/03/02 11:01
Closure Compiler (http://code.google.com/closure/compiler)
Version: Unversioned directory
Built on: 2017/03/02 11:01
Closure Compiler (http://code.google.com/closure/compiler)
Version: Unversioned directory
Built on: 2017/03/02 11:01
Closure Compiler (http://code.google.com/closure/compiler)
Version: Unversioned directory
Built on: 2017/03/02 11:01
Closure Compiler (http://code.google.com/closure/compiler)
Version: Unversioned directory
Built on: 2017/03/02 11:01
Closure Compiler (http://code.google.com/closure/compiler)
Version: Unversioned directory
Built on: 2017/03/02 11:01
java.lang.RuntimeException: java.lang.NullPointerException
	at com.google.javascript.jscomp.Compiler.runCallable(Compiler.java:625)
	at com.google.javascript.jscomp.Compiler.runInCompilerThread(Compiler.java:571)
	at com.google.javascript.jscomp.Compiler.compile(Compiler.java:554)
	at com.google.javascript.jscomp.Compiler.compile(Compiler.java:513)
	at com.google.javascript.jscomp.AbstractCommandLineRunner.doRun(AbstractCommandLineRunner.java:653)
	at com.google.javascript.jscomp.AbstractCommandLineRunner.run(AbstractCommandLineRunner.java:294)
	at com.google.javascript.jscomp.CommandLineRunnerTest.compile(CommandLineRunnerTest.java:960)
	at com.google.javascript.jscomp.CommandLineRunnerTest.test(CommandLineRunnerTest.java:843)
	at com.google.javascript.jscomp.CommandLineRunnerTest.test(CommandLineRunnerTest.java:875)
	at com.google.javascript.jscomp.CommandLineRunnerTest.testIssue504(CommandLineRunnerTest.java:365)
	at sun.reflect.NativeMethodAccessorImpl.invoke0(Native Method)
	at sun.reflect.NativeMethodAccessorImpl.invoke(NativeMethodAccessorImpl.java:57)
	at sun.reflect.DelegatingMethodAccessorImpl.invoke(DelegatingMethodAccessorImpl.java:43)
	at java.lang.reflect.Method.invoke(Method.java:606)
	at junit.framework.TestCase.runTest(TestCase.java:176)
	at junit.framework.TestCase.runBare(TestCase.java:141)
	at junit.framework.TestResult$1.protect(TestResult.java:122)
	at junit.framework.TestResult.runProtected(TestResult.java:142)
	at junit.framework.TestResult.run(TestResult.java:125)
	at junit.framework.TestCase.run(TestCase.java:129)
	at junit.framework.TestSuite.runTest(TestSuite.java:255)
	at junit.framework.TestSuite.run(TestSuite.java:250)
	at org.junit.internal.runners.JUnit38ClassRunner.run(JUnit38ClassRunner.java:84)
	at org.junit.runner.JUnitCore.run(JUnitCore.java:160)
	at org.junit.runner.JUnitCore.run(JUnitCore.java:138)
	at xxl.java.junit.JUnitSingleTestRunner.call(JUnitSingleTestRunner.java:23)
	at xxl.java.junit.JUnitSingleTestRunner.call(JUnitSingleTestRunner.java:10)
	at java.util.concurrent.FutureTask.run(FutureTask.java:262)
	at java.util.concurrent.ThreadPoolExecutor.runWorker(ThreadPoolExecutor.java:1145)
	at java.util.concurrent.ThreadPoolExecutor$Worker.run(ThreadPoolExecutor.java:615)
	at java.lang.Thread.run(Thread.java:745)
Caused by: java.lang.NullPointerException
	at java.io.File.<init>(File.java:277)
	at com.google.javascript.jscomp.DefaultPassConfig$54$1.process(DefaultPassConfig.java:998)
	at com.google.javascript.jscomp.PhaseOptimizer$PassFactoryDelegate.processInternal(PhaseOptimizer.java:271)
	at com.google.javascript.jscomp.PhaseOptimizer$NamedPass.process(PhaseOptimizer.java:248)
	at com.google.javascript.jscomp.PhaseOptimizer.process(PhaseOptimizer.java:167)
	at com.google.javascript.jscomp.Compiler.optimize(Compiler.java:1571)
	at com.google.javascript.jscomp.Compiler.compileInternal(Compiler.java:660)
	at com.google.javascript.jscomp.Compiler.access$000(Compiler.java:68)
	at com.google.javascript.jscomp.Compiler$1.call(Compiler.java:556)
	at com.google.javascript.jscomp.Compiler$1.call(Compiler.java:554)
	at com.google.javascript.jscomp.Compiler$2.run(Compiler.java:597)
	... 1 more
Closure Compiler (http://code.google.com/closure/compiler)
Version: Unversioned directory
Built on: 2017/03/02 11:01
Closure Compiler (http://code.google.com/closure/compiler)
Version: Unversioned directory
Built on: 2017/03/02 11:01
Closure Compiler (http://code.google.com/closure/compiler)
Version: Unversioned directory
Built on: 2017/03/02 11:01
Closure Compiler (http://code.google.com/closure/compiler)
Version: Unversioned directory
Built on: 2017/03/02 11:01
Closure Compiler (http://code.google.com/closure/compiler)
Version: Unversioned directory
Built on: 2017/03/02 11:01
Closure Compiler (http://code.google.com/closure/compiler)
Version: Unversioned directory
Built on: 2017/03/02 11:01
Closure Compiler (http://code.google.com/closure/compiler)
Version: Unversioned directory
Built on: 2017/03/02 11:01
Closure Compiler (http://code.google.com/closure/compiler)
Version: Unversioned directory
Built on: 2017/03/02 11:01
java.lang.RuntimeException: java.lang.NullPointerException
	at com.google.javascript.jscomp.Compiler.runCallable(Compiler.java:625)
	at com.google.javascript.jscomp.Compiler.runInCompilerThread(Compiler.java:571)
	at com.google.javascript.jscomp.Compiler.compile(Compiler.java:554)
	at com.google.javascript.jscomp.Compiler.compile(Compiler.java:513)
	at com.google.javascript.jscomp.AbstractCommandLineRunner.doRun(AbstractCommandLineRunner.java:653)
	at com.google.javascript.jscomp.AbstractCommandLineRunner.run(AbstractCommandLineRunner.java:294)
	at com.google.javascript.jscomp.CommandLineRunnerTest.compile(CommandLineRunnerTest.java:960)
	at com.google.javascript.jscomp.CommandLineRunnerTest.test(CommandLineRunnerTest.java:843)
	at com.google.javascript.jscomp.CommandLineRunnerTest.test(CommandLineRunnerTest.java:875)
	at com.google.javascript.jscomp.CommandLineRunnerTest.testIssue504(CommandLineRunnerTest.java:365)
	at sun.reflect.NativeMethodAccessorImpl.invoke0(Native Method)
	at sun.reflect.NativeMethodAccessorImpl.invoke(NativeMethodAccessorImpl.java:57)
	at sun.reflect.DelegatingMethodAccessorImpl.invoke(DelegatingMethodAccessorImpl.java:43)
	at java.lang.reflect.Method.invoke(Method.java:606)
	at junit.framework.TestCase.runTest(TestCase.java:176)
	at junit.framework.TestCase.runBare(TestCase.java:141)
	at junit.framework.TestResult$1.protect(TestResult.java:122)
	at junit.framework.TestResult.runProtected(TestResult.java:142)
	at junit.framework.TestResult.run(TestResult.java:125)
	at junit.framework.TestCase.run(TestCase.java:129)
	at junit.framework.TestSuite.runTest(TestSuite.java:255)
	at junit.framework.TestSuite.run(TestSuite.java:250)
	at org.junit.internal.runners.JUnit38ClassRunner.run(JUnit38ClassRunner.java:84)
	at org.junit.runner.JUnitCore.run(JUnitCore.java:160)
	at org.junit.runner.JUnitCore.run(JUnitCore.java:138)
	at xxl.java.junit.JUnitSingleTestRunner.call(JUnitSingleTestRunner.java:23)
	at xxl.java.junit.JUnitSingleTestRunner.call(JUnitSingleTestRunner.java:10)
	at java.util.concurrent.FutureTask.run(FutureTask.java:262)
	at java.util.concurrent.ThreadPoolExecutor.runWorker(ThreadPoolExecutor.java:1145)
	at java.util.concurrent.ThreadPoolExecutor$Worker.run(ThreadPoolExecutor.java:615)
	at java.lang.Thread.run(Thread.java:745)
Caused by: java.lang.NullPointerException
	at com.google.common.base.Preconditions.checkNotNull(Preconditions.java:192)
	at com.google.common.io.ByteSource$ByteArrayByteSource.<init>(ByteSource.java:479)
	at com.google.common.io.ByteSource.wrap(ByteSource.java:378)
	at com.google.common.io.ByteStreams.newInputStreamSupplier(ByteStreams.java:67)
	at com.google.javascript.jscomp.VariableMap.fromBytes(VariableMap.java:144)
	at com.google.javascript.jscomp.DefaultPassConfig$83.createInternal(DefaultPassConfig.java:1233)
	at com.google.javascript.jscomp.PassFactory.create(PassFactory.java:89)
	at com.google.javascript.jscomp.PhaseOptimizer$PassFactoryDelegate.processInternal(PhaseOptimizer.java:271)
	at com.google.javascript.jscomp.PhaseOptimizer$NamedPass.process(PhaseOptimizer.java:248)
	at com.google.javascript.jscomp.PhaseOptimizer.process(PhaseOptimizer.java:167)
	at com.google.javascript.jscomp.Compiler.optimize(Compiler.java:1571)
	at com.google.javascript.jscomp.Compiler.compileInternal(Compiler.java:660)
	at com.google.javascript.jscomp.Compiler.access$000(Compiler.java:68)
	at com.google.javascript.jscomp.Compiler$1.call(Compiler.java:556)
	at com.google.javascript.jscomp.Compiler$1.call(Compiler.java:554)
	at com.google.javascript.jscomp.Compiler$2.run(Compiler.java:597)
	... 1 more
Closure Compiler (http://code.google.com/closure/compiler)
Version: Unversioned directory
Built on: 2017/03/02 11:01
Closure Compiler (http://code.google.com/closure/compiler)
Version: Unversioned directory
Built on: 2017/03/02 11:01
Closure Compiler (http://code.google.com/closure/compiler)
Version: Unversioned directory
Built on: 2017/03/02 11:01
Closure Compiler (http://code.google.com/closure/compiler)
Version: Unversioned directory
Built on: 2017/03/02 11:01
Closure Compiler (http://code.google.com/closure/compiler)
Version: Unversioned directory
Built on: 2017/03/02 11:01
Closure Compiler (http://code.google.com/closure/compiler)
Version: Unversioned directory
Built on: 2017/03/02 11:01
Closure Compiler (http://code.google.com/closure/compiler)
Version: Unversioned directory
Built on: 2017/03/02 11:01
Closure Compiler (http://code.google.com/closure/compiler)
Version: Unversioned directory
Built on: 2017/03/02 11:01
Closure Compiler (http://code.google.com/closure/compiler)
Version: Unversioned directory
Built on: 2017/03/02 11:01
Closure Compiler (http://code.google.com/closure/compiler)
Version: Unversioned directory
Built on: 2017/03/02 11:01
Closure Compiler (http://code.google.com/closure/compiler)
Version: Unversioned directory
Built on: 2017/03/02 11:01
Closure Compiler (http://code.google.com/closure/compiler)
Version: Unversioned directory
Built on: 2017/03/02 11:01
Closure Compiler (http://code.google.com/closure/compiler)
Version: Unversioned directory
Built on: 2017/03/02 11:01
Closure Compiler (http://code.google.com/closure/compiler)
Version: Unversioned directory
Built on: 2017/03/02 11:01
Closure Compiler (http://code.google.com/closure/compiler)
Version: Unversioned directory
Built on: 2017/03/02 11:01
Closure Compiler (http://code.google.com/closure/compiler)
Version: Unversioned directory
Built on: 2017/03/02 11:01
Closure Compiler (http://code.google.com/closure/compiler)
Version: Unversioned directory
Built on: 2017/03/02 11:01
Closure Compiler (http://code.google.com/closure/compiler)
Version: Unversioned directory
Built on: 2017/03/02 11:01
Closure Compiler (http://code.google.com/closure/compiler)
Version: Unversioned directory
Built on: 2017/03/02 11:01
Closure Compiler (http://code.google.com/closure/compiler)
Version: Unversioned directory
Built on: 2017/03/02 11:01
Closure Compiler (http://code.google.com/closure/compiler)
Version: Unversioned directory
Built on: 2017/03/02 11:01
Closure Compiler (http://code.google.com/closure/compiler)
Version: Unversioned directory
Built on: 2017/03/02 11:01
Closure Compiler (http://code.google.com/closure/compiler)
Version: Unversioned directory
Built on: 2017/03/02 11:01
Closure Compiler (http://code.google.com/closure/compiler)
Version: Unversioned directory
Built on: 2017/03/02 11:01
Closure Compiler (http://code.google.com/closure/compiler)
Version: Unversioned directory
Built on: 2017/03/02 11:01
Closure Compiler (http://code.google.com/closure/compiler)
Version: Unversioned directory
Built on: 2017/03/02 11:01
java.lang.RuntimeException: java.lang.RuntimeException: INTERNAL COMPILER ERROR.
Please report this problem.
null
  Node(NAME ): input0:1:13
[source unknown]
  Parent(FUNCTION ): input0:1:13
[source unknown]

	at com.google.javascript.jscomp.Compiler.runCallable(Compiler.java:625)
	at com.google.javascript.jscomp.Compiler.runInCompilerThread(Compiler.java:571)
	at com.google.javascript.jscomp.Compiler.compile(Compiler.java:554)
	at com.google.javascript.jscomp.Compiler.compile(Compiler.java:513)
	at com.google.javascript.jscomp.AbstractCommandLineRunner.doRun(AbstractCommandLineRunner.java:653)
	at com.google.javascript.jscomp.AbstractCommandLineRunner.run(AbstractCommandLineRunner.java:294)
	at com.google.javascript.jscomp.CommandLineRunnerTest.compile(CommandLineRunnerTest.java:960)
	at com.google.javascript.jscomp.CommandLineRunnerTest.test(CommandLineRunnerTest.java:843)
	at com.google.javascript.jscomp.CommandLineRunnerTest.test(CommandLineRunnerTest.java:875)
	at com.google.javascript.jscomp.CommandLineRunnerTest.testIssue504(CommandLineRunnerTest.java:365)
	at sun.reflect.NativeMethodAccessorImpl.invoke0(Native Method)
	at sun.reflect.NativeMethodAccessorImpl.invoke(NativeMethodAccessorImpl.java:57)
	at sun.reflect.DelegatingMethodAccessorImpl.invoke(DelegatingMethodAccessorImpl.java:43)
	at java.lang.reflect.Method.invoke(Method.java:606)
	at junit.framework.TestCase.runTest(TestCase.java:176)
	at junit.framework.TestCase.runBare(TestCase.java:141)
	at junit.framework.TestResult$1.protect(TestResult.java:122)
	at junit.framework.TestResult.runProtected(TestResult.java:142)
	at junit.framework.TestResult.run(TestResult.java:125)
	at junit.framework.TestCase.run(TestCase.java:129)
	at junit.framework.TestSuite.runTest(TestSuite.java:255)
	at junit.framework.TestSuite.run(TestSuite.java:250)
	at org.junit.internal.runners.JUnit38ClassRunner.run(JUnit38ClassRunner.java:84)
	at org.junit.runner.JUnitCore.run(JUnitCore.java:160)
	at org.junit.runner.JUnitCore.run(JUnitCore.java:138)
	at xxl.java.junit.JUnitSingleTestRunner.call(JUnitSingleTestRunner.java:23)
	at xxl.java.junit.JUnitSingleTestRunner.call(JUnitSingleTestRunner.java:10)
	at java.util.concurrent.FutureTask.run(FutureTask.java:262)
	at java.util.concurrent.ThreadPoolExecutor.runWorker(ThreadPoolExecutor.java:1145)
	at java.util.concurrent.ThreadPoolExecutor$Worker.run(ThreadPoolExecutor.java:615)
	at java.lang.Thread.run(Thread.java:745)
Caused by: java.lang.RuntimeException: INTERNAL COMPILER ERROR.
Please report this problem.
null
  Node(NAME ): input0:1:13
[source unknown]
  Parent(FUNCTION ): input0:1:13
[source unknown]

	at com.google.javascript.jscomp.CheckRegExp.visit(CheckRegExp.java:56)
	at com.google.javascript.jscomp.NodeTraversal.traverseBranch(NodeTraversal.java:464)
	at com.google.javascript.jscomp.NodeTraversal.traverseFunction(NodeTraversal.java:490)
	at com.google.javascript.jscomp.NodeTraversal.traverseBranch(NodeTraversal.java:449)
	at com.google.javascript.jscomp.NodeTraversal.traverseBranch(NodeTraversal.java:457)
	at com.google.javascript.jscomp.NodeTraversal.traverseBranch(NodeTraversal.java:457)
	at com.google.javascript.jscomp.NodeTraversal.traverseBranch(NodeTraversal.java:457)
	at com.google.javascript.jscomp.NodeTraversal.traverseBranch(NodeTraversal.java:457)
	at com.google.javascript.jscomp.NodeTraversal.traverseBranch(NodeTraversal.java:457)
	at com.google.javascript.jscomp.NodeTraversal.traverse(NodeTraversal.java:249)
	at com.google.javascript.jscomp.NodeTraversal.traverse(NodeTraversal.java:422)
	at com.google.javascript.jscomp.CheckRegExp.process(CheckRegExp.java:21)
	at com.google.javascript.jscomp.DefaultPassConfig$17$1.process(DefaultPassConfig.java:972)
	at com.google.javascript.jscomp.PhaseOptimizer$PassFactoryDelegate.processInternal(PhaseOptimizer.java:271)
	at com.google.javascript.jscomp.PhaseOptimizer$NamedPass.process(PhaseOptimizer.java:248)
	at com.google.javascript.jscomp.PhaseOptimizer.process(PhaseOptimizer.java:167)
	at com.google.javascript.jscomp.Compiler.check(Compiler.java:729)
	at com.google.javascript.jscomp.Compiler.compileInternal(Compiler.java:648)
	at com.google.javascript.jscomp.Compiler.access$000(Compiler.java:68)
	at com.google.javascript.jscomp.Compiler$1.call(Compiler.java:556)
	at com.google.javascript.jscomp.Compiler$1.call(Compiler.java:554)
	at com.google.javascript.jscomp.Compiler$2.run(Compiler.java:597)
	... 1 more
Caused by: java.lang.NullPointerException
	... 23 more
Closure Compiler (http://code.google.com/closure/compiler)
Version: Unversioned directory
Built on: 2017/03/02 11:01
Closure Compiler (http://code.google.com/closure/compiler)
Version: Unversioned directory
Built on: 2017/03/02 11:01
Closure Compiler (http://code.google.com/closure/compiler)
Version: Unversioned directory
Built on: 2017/03/02 11:01
Closure Compiler (http://code.google.com/closure/compiler)
Version: Unversioned directory
Built on: 2017/03/02 11:01
Closure Compiler (http://code.google.com/closure/compiler)
Version: Unversioned directory
Built on: 2017/03/02 11:01
Closure Compiler (http://code.google.com/closure/compiler)
Version: Unversioned directory
Built on: 2017/03/02 11:01
Closure Compiler (http://code.google.com/closure/compiler)
Version: Unversioned directory
Built on: 2017/03/02 11:01
Closure Compiler (http://code.google.com/closure/compiler)
Version: Unversioned directory
Built on: 2017/03/02 11:01
Closure Compiler (http://code.google.com/closure/compiler)
Version: Unversioned directory
Built on: 2017/03/02 11:01
Closure Compiler (http://code.google.com/closure/compiler)
Version: Unversioned directory
Built on: 2017/03/02 11:01
Closure Compiler (http://code.google.com/closure/compiler)
Version: Unversioned directory
Built on: 2017/03/02 11:01
Closure Compiler (http://code.google.com/closure/compiler)
Version: Unversioned directory
Built on: 2017/03/02 11:01
Closure Compiler (http://code.google.com/closure/compiler)
Version: Unversioned directory
Built on: 2017/03/02 11:01
Closure Compiler (http://code.google.com/closure/compiler)
Version: Unversioned directory
Built on: 2017/03/02 11:01
Closure Compiler (http://code.google.com/closure/compiler)
Version: Unversioned directory
Built on: 2017/03/02 11:01
Closure Compiler (http://code.google.com/closure/compiler)
Version: Unversioned directory
Built on: 2017/03/02 11:01
Closure Compiler (http://code.google.com/closure/compiler)
Version: Unversioned directory
Built on: 2017/03/02 11:01
Closure Compiler (http://code.google.com/closure/compiler)
Version: Unversioned directory
Built on: 2017/03/02 11:01
Closure Compiler (http://code.google.com/closure/compiler)
Version: Unversioned directory
Built on: 2017/03/02 11:01
Closure Compiler (http://code.google.com/closure/compiler)
Version: Unversioned directory
Built on: 2017/03/02 11:01
java.lang.RuntimeException: java.lang.NullPointerException
	at com.google.javascript.jscomp.Compiler.runCallable(Compiler.java:625)
	at com.google.javascript.jscomp.Compiler.runInCompilerThread(Compiler.java:571)
	at com.google.javascript.jscomp.Compiler.compile(Compiler.java:554)
	at com.google.javascript.jscomp.Compiler.compile(Compiler.java:513)
	at com.google.javascript.jscomp.AbstractCommandLineRunner.doRun(AbstractCommandLineRunner.java:653)
	at com.google.javascript.jscomp.AbstractCommandLineRunner.run(AbstractCommandLineRunner.java:294)
	at com.google.javascript.jscomp.CommandLineRunnerTest.compile(CommandLineRunnerTest.java:960)
	at com.google.javascript.jscomp.CommandLineRunnerTest.test(CommandLineRunnerTest.java:843)
	at com.google.javascript.jscomp.CommandLineRunnerTest.test(CommandLineRunnerTest.java:875)
	at com.google.javascript.jscomp.CommandLineRunnerTest.testIssue504(CommandLineRunnerTest.java:365)
	at sun.reflect.NativeMethodAccessorImpl.invoke0(Native Method)
	at sun.reflect.NativeMethodAccessorImpl.invoke(NativeMethodAccessorImpl.java:57)
	at sun.reflect.DelegatingMethodAccessorImpl.invoke(DelegatingMethodAccessorImpl.java:43)
	at java.lang.reflect.Method.invoke(Method.java:606)
	at junit.framework.TestCase.runTest(TestCase.java:176)
	at junit.framework.TestCase.runBare(TestCase.java:141)
	at junit.framework.TestResult$1.protect(TestResult.java:122)
	at junit.framework.TestResult.runProtected(TestResult.java:142)
	at junit.framework.TestResult.run(TestResult.java:125)
	at junit.framework.TestCase.run(TestCase.java:129)
	at junit.framework.TestSuite.runTest(TestSuite.java:255)
	at junit.framework.TestSuite.run(TestSuite.java:250)
	at org.junit.internal.runners.JUnit38ClassRunner.run(JUnit38ClassRunner.java:84)
	at org.junit.runner.JUnitCore.run(JUnitCore.java:160)
	at org.junit.runner.JUnitCore.run(JUnitCore.java:138)
	at xxl.java.junit.JUnitSingleTestRunner.call(JUnitSingleTestRunner.java:23)
	at xxl.java.junit.JUnitSingleTestRunner.call(JUnitSingleTestRunner.java:10)
	at java.util.concurrent.FutureTask.run(FutureTask.java:262)
	at java.util.concurrent.ThreadPoolExecutor.runWorker(ThreadPoolExecutor.java:1145)
	at java.util.concurrent.ThreadPoolExecutor$Worker.run(ThreadPoolExecutor.java:615)
	at java.lang.Thread.run(Thread.java:745)
Caused by: java.lang.NullPointerException
	at com.google.javascript.jscomp.NodeUtil.isGetProp(NodeUtil.java:1460)
	at com.google.javascript.jscomp.PureFunctionIdentifier.getCallableDefinitions(PureFunctionIdentifier.java:78)
	at com.google.javascript.jscomp.PureFunctionIdentifier.getCallableDefinitions(PureFunctionIdentifier.java:116)
	at com.google.javascript.jscomp.PureFunctionIdentifier.getCallableDefinitions(PureFunctionIdentifier.java:117)
	at com.google.javascript.jscomp.PureFunctionIdentifier.markPureFunctionCalls(PureFunctionIdentifier.java:169)
	at com.google.javascript.jscomp.PureFunctionIdentifier.process(PureFunctionIdentifier.java:38)
	at com.google.javascript.jscomp.PureFunctionIdentifier$Driver.process(PureFunctionIdentifier.java:720)
	at com.google.javascript.jscomp.PhaseOptimizer$PassFactoryDelegate.processInternal(PhaseOptimizer.java:271)
	at com.google.javascript.jscomp.PhaseOptimizer$NamedPass.process(PhaseOptimizer.java:248)
	at com.google.javascript.jscomp.PhaseOptimizer.process(PhaseOptimizer.java:167)
	at com.google.javascript.jscomp.Compiler.optimize(Compiler.java:1571)
	at com.google.javascript.jscomp.Compiler.compileInternal(Compiler.java:660)
	at com.google.javascript.jscomp.Compiler.access$000(Compiler.java:68)
	at com.google.javascript.jscomp.Compiler$1.call(Compiler.java:556)
	at com.google.javascript.jscomp.Compiler$1.call(Compiler.java:554)
	at com.google.javascript.jscomp.Compiler$2.run(Compiler.java:597)
	... 1 more
Closure Compiler (http://code.google.com/closure/compiler)
Version: Unversioned directory
Built on: 2017/03/02 11:01
Closure Compiler (http://code.google.com/closure/compiler)
Version: Unversioned directory
Built on: 2017/03/02 11:01
Closure Compiler (http://code.google.com/closure/compiler)
Version: Unversioned directory
Built on: 2017/03/02 11:01
Closure Compiler (http://code.google.com/closure/compiler)
Version: Unversioned directory
Built on: 2017/03/02 11:01
Closure Compiler (http://code.google.com/closure/compiler)
Version: Unversioned directory
Built on: 2017/03/02 11:01
Closure Compiler (http://code.google.com/closure/compiler)
Version: Unversioned directory
Built on: 2017/03/02 11:01
Closure Compiler (http://code.google.com/closure/compiler)
Version: Unversioned directory
Built on: 2017/03/02 11:01
Closure Compiler (http://code.google.com/closure/compiler)
Version: Unversioned directory
Built on: 2017/03/02 11:01
Closure Compiler (http://code.google.com/closure/compiler)
Version: Unversioned directory
Built on: 2017/03/02 11:01
Closure Compiler (http://code.google.com/closure/compiler)
Version: Unversioned directory
Built on: 2017/03/02 11:01
Closure Compiler (http://code.google.com/closure/compiler)
Version: Unversioned directory
Built on: 2017/03/02 11:01
Closure Compiler (http://code.google.com/closure/compiler)
Version: Unversioned directory
Built on: 2017/03/02 11:01
Closure Compiler (http://code.google.com/closure/compiler)
Version: Unversioned directory
Built on: 2017/03/02 11:01
Closure Compiler (http://code.google.com/closure/compiler)
Version: Unversioned directory
Built on: 2017/03/02 11:01
Closure Compiler (http://code.google.com/closure/compiler)
Version: Unversioned directory
Built on: 2017/03/02 11:01
Closure Compiler (http://code.google.com/closure/compiler)
Version: Unversioned directory
Built on: 2017/03/02 11:01
Closure Compiler (http://code.google.com/closure/compiler)
Version: Unversioned directory
Built on: 2017/03/02 11:01
Closure Compiler (http://code.google.com/closure/compiler)
Version: Unversioned directory
Built on: 2017/03/02 11:01
Closure Compiler (http://code.google.com/closure/compiler)
Version: Unversioned directory
Built on: 2017/03/02 11:01
Closure Compiler (http://code.google.com/closure/compiler)
Version: Unversioned directory
Built on: 2017/03/02 11:01
Closure Compiler (http://code.google.com/closure/compiler)
Version: Unversioned directory
Built on: 2017/03/02 11:01
Closure Compiler (http://code.google.com/closure/compiler)
Version: Unversioned directory
Built on: 2017/03/02 11:01
Closure Compiler (http://code.google.com/closure/compiler)
Version: Unversioned directory
Built on: 2017/03/02 11:01
Closure Compiler (http://code.google.com/closure/compiler)
Version: Unversioned directory
Built on: 2017/03/02 11:01
Closure Compiler (http://code.google.com/closure/compiler)
Version: Unversioned directory
Built on: 2017/03/02 11:01
Closure Compiler (http://code.google.com/closure/compiler)
Version: Unversioned directory
Built on: 2017/03/02 11:01
Closure Compiler (http://code.google.com/closure/compiler)
Version: Unversioned directory
Built on: 2017/03/02 11:01
Closure Compiler (http://code.google.com/closure/compiler)
Version: Unversioned directory
Built on: 2017/03/02 11:01
Closure Compiler (http://code.google.com/closure/compiler)
Version: Unversioned directory
Built on: 2017/03/02 11:01
Closure Compiler (http://code.google.com/closure/compiler)
Version: Unversioned directory
Built on: 2017/03/02 11:01
Closure Compiler (http://code.google.com/closure/compiler)
Version: Unversioned directory
Built on: 2017/03/02 11:01
Closure Compiler (http://code.google.com/closure/compiler)
Version: Unversioned directory
Built on: 2017/03/02 11:01
Closure Compiler (http://code.google.com/closure/compiler)
Version: Unversioned directory
Built on: 2017/03/02 11:01
Closure Compiler (http://code.google.com/closure/compiler)
Version: Unversioned directory
Built on: 2017/03/02 11:01
Closure Compiler (http://code.google.com/closure/compiler)
Version: Unversioned directory
Built on: 2017/03/02 11:01
Closure Compiler (http://code.google.com/closure/compiler)
Version: Unversioned directory
Built on: 2017/03/02 11:01
Closure Compiler (http://code.google.com/closure/compiler)
Version: Unversioned directory
Built on: 2017/03/02 11:01
Closure Compiler (http://code.google.com/closure/compiler)
Version: Unversioned directory
Built on: 2017/03/02 11:01
Closure Compiler (http://code.google.com/closure/compiler)
Version: Unversioned directory
Built on: 2017/03/02 11:01
Closure Compiler (http://code.google.com/closure/compiler)
Version: Unversioned directory
Built on: 2017/03/02 11:01
Closure Compiler (http://code.google.com/closure/compiler)
Version: Unversioned directory
Built on: 2017/03/02 11:01
Closure Compiler (http://code.google.com/closure/compiler)
Version: Unversioned directory
Built on: 2017/03/02 11:01
Closure Compiler (http://code.google.com/closure/compiler)
Version: Unversioned directory
Built on: 2017/03/02 11:01
Closure Compiler (http://code.google.com/closure/compiler)
Version: Unversioned directory
Built on: 2017/03/02 11:01
Closure Compiler (http://code.google.com/closure/compiler)
Version: Unversioned directory
Built on: 2017/03/02 11:01
Closure Compiler (http://code.google.com/closure/compiler)
Version: Unversioned directory
Built on: 2017/03/02 11:01
java.lang.RuntimeException: java.lang.RuntimeException: INTERNAL COMPILER ERROR.
Please report this problem.
null
  Node(SCRIPT): input0:1:0
[source unknown]
  Parent(BLOCK): input0:-1:-1
[source unknown]

	at com.google.javascript.jscomp.Compiler.runCallable(Compiler.java:625)
	at com.google.javascript.jscomp.Compiler.runInCompilerThread(Compiler.java:571)
	at com.google.javascript.jscomp.Compiler.compile(Compiler.java:554)
	at com.google.javascript.jscomp.Compiler.compile(Compiler.java:513)
	at com.google.javascript.jscomp.AbstractCommandLineRunner.doRun(AbstractCommandLineRunner.java:653)
	at com.google.javascript.jscomp.AbstractCommandLineRunner.run(AbstractCommandLineRunner.java:294)
	at com.google.javascript.jscomp.CommandLineRunnerTest.compile(CommandLineRunnerTest.java:960)
	at com.google.javascript.jscomp.CommandLineRunnerTest.test(CommandLineRunnerTest.java:843)
	at com.google.javascript.jscomp.CommandLineRunnerTest.test(CommandLineRunnerTest.java:875)
	at com.google.javascript.jscomp.CommandLineRunnerTest.testIssue504(CommandLineRunnerTest.java:365)
	at sun.reflect.NativeMethodAccessorImpl.invoke0(Native Method)
	at sun.reflect.NativeMethodAccessorImpl.invoke(NativeMethodAccessorImpl.java:57)
	at sun.reflect.DelegatingMethodAccessorImpl.invoke(DelegatingMethodAccessorImpl.java:43)
	at java.lang.reflect.Method.invoke(Method.java:606)
	at junit.framework.TestCase.runTest(TestCase.java:176)
	at junit.framework.TestCase.runBare(TestCase.java:141)
	at junit.framework.TestResult$1.protect(TestResult.java:122)
	at junit.framework.TestResult.runProtected(TestResult.java:142)
	at junit.framework.TestResult.run(TestResult.java:125)
	at junit.framework.TestCase.run(TestCase.java:129)
	at junit.framework.TestSuite.runTest(TestSuite.java:255)
	at junit.framework.TestSuite.run(TestSuite.java:250)
	at org.junit.internal.runners.JUnit38ClassRunner.run(JUnit38ClassRunner.java:84)
	at org.junit.runner.JUnitCore.run(JUnitCore.java:160)
	at org.junit.runner.JUnitCore.run(JUnitCore.java:138)
	at xxl.java.junit.JUnitSingleTestRunner.call(JUnitSingleTestRunner.java:23)
	at xxl.java.junit.JUnitSingleTestRunner.call(JUnitSingleTestRunner.java:10)
	at java.util.concurrent.FutureTask.run(FutureTask.java:262)
	at java.util.concurrent.ThreadPoolExecutor.runWorker(ThreadPoolExecutor.java:1145)
	at java.util.concurrent.ThreadPoolExecutor$Worker.run(ThreadPoolExecutor.java:615)
	at java.lang.Thread.run(Thread.java:745)
Caused by: java.lang.RuntimeException: INTERNAL COMPILER ERROR.
Please report this problem.
null
  Node(SCRIPT): input0:1:0
[source unknown]
  Parent(BLOCK): input0:-1:-1
[source unknown]

	at com.google.javascript.jscomp.AliasKeywords$FindAliasableNodes.visitAliasableNode(AliasKeywords.java:44)
	at com.google.javascript.jscomp.AliasKeywords$FindAliasableNodes.visit(AliasKeywords.java:34)
	at com.google.javascript.jscomp.NodeTraversal.traverseBranch(NodeTraversal.java:464)
	at com.google.javascript.jscomp.NodeTraversal.traverseBranch(NodeTraversal.java:457)
	at com.google.javascript.jscomp.NodeTraversal.traverse(NodeTraversal.java:249)
	at com.google.javascript.jscomp.NodeTraversal.traverse(NodeTraversal.java:422)
	at com.google.javascript.jscomp.AliasKeywords.process(AliasKeywords.java:241)
	at com.google.javascript.jscomp.PhaseOptimizer$PassFactoryDelegate.processInternal(PhaseOptimizer.java:271)
	at com.google.javascript.jscomp.PhaseOptimizer$NamedPass.process(PhaseOptimizer.java:248)
	at com.google.javascript.jscomp.PhaseOptimizer.process(PhaseOptimizer.java:167)
	at com.google.javascript.jscomp.Compiler.optimize(Compiler.java:1571)
	at com.google.javascript.jscomp.Compiler.compileInternal(Compiler.java:660)
	at com.google.javascript.jscomp.Compiler.access$000(Compiler.java:68)
	at com.google.javascript.jscomp.Compiler$1.call(Compiler.java:556)
	at com.google.javascript.jscomp.Compiler$1.call(Compiler.java:554)
	at com.google.javascript.jscomp.Compiler$2.run(Compiler.java:597)
	... 1 more
Caused by: java.lang.NullPointerException
	... 17 more
Closure Compiler (http://code.google.com/closure/compiler)
Version: Unversioned directory
Built on: 2017/03/02 11:01
Closure Compiler (http://code.google.com/closure/compiler)
Version: Unversioned directory
Built on: 2017/03/02 11:01
Closure Compiler (http://code.google.com/closure/compiler)
Version: Unversioned directory
Built on: 2017/03/02 11:01
Closure Compiler (http://code.google.com/closure/compiler)
Version: Unversioned directory
Built on: 2017/03/02 11:01
Closure Compiler (http://code.google.com/closure/compiler)
Version: Unversioned directory
Built on: 2017/03/02 11:01
Closure Compiler (http://code.google.com/closure/compiler)
Version: Unversioned directory
Built on: 2017/03/02 11:01
Closure Compiler (http://code.google.com/closure/compiler)
Version: Unversioned directory
Built on: 2017/03/02 11:01
Closure Compiler (http://code.google.com/closure/compiler)
Version: Unversioned directory
Built on: 2017/03/02 11:01
Closure Compiler (http://code.google.com/closure/compiler)
Version: Unversioned directory
Built on: 2017/03/02 11:01
Closure Compiler (http://code.google.com/closure/compiler)
Version: Unversioned directory
Built on: 2017/03/02 11:01
java.lang.RuntimeException: java.lang.RuntimeException: INTERNAL COMPILER ERROR.
Please report this problem.
null
  Node(NAME ): input0:1:13
[source unknown]
  Parent(FUNCTION ): input0:1:13
[source unknown]

	at com.google.javascript.jscomp.Compiler.runCallable(Compiler.java:625)
	at com.google.javascript.jscomp.Compiler.runInCompilerThread(Compiler.java:571)
	at com.google.javascript.jscomp.Compiler.compile(Compiler.java:554)
	at com.google.javascript.jscomp.Compiler.compile(Compiler.java:513)
	at com.google.javascript.jscomp.AbstractCommandLineRunner.doRun(AbstractCommandLineRunner.java:653)
	at com.google.javascript.jscomp.AbstractCommandLineRunner.run(AbstractCommandLineRunner.java:294)
	at com.google.javascript.jscomp.CommandLineRunnerTest.compile(CommandLineRunnerTest.java:960)
	at com.google.javascript.jscomp.CommandLineRunnerTest.test(CommandLineRunnerTest.java:843)
	at com.google.javascript.jscomp.CommandLineRunnerTest.test(CommandLineRunnerTest.java:875)
	at com.google.javascript.jscomp.CommandLineRunnerTest.testIssue504(CommandLineRunnerTest.java:365)
	at sun.reflect.NativeMethodAccessorImpl.invoke0(Native Method)
	at sun.reflect.NativeMethodAccessorImpl.invoke(NativeMethodAccessorImpl.java:57)
	at sun.reflect.DelegatingMethodAccessorImpl.invoke(DelegatingMethodAccessorImpl.java:43)
	at java.lang.reflect.Method.invoke(Method.java:606)
	at junit.framework.TestCase.runTest(TestCase.java:176)
	at junit.framework.TestCase.runBare(TestCase.java:141)
	at junit.framework.TestResult$1.protect(TestResult.java:122)
	at junit.framework.TestResult.runProtected(TestResult.java:142)
	at junit.framework.TestResult.run(TestResult.java:125)
	at junit.framework.TestCase.run(TestCase.java:129)
	at junit.framework.TestSuite.runTest(TestSuite.java:255)
	at junit.framework.TestSuite.run(TestSuite.java:250)
	at org.junit.internal.runners.JUnit38ClassRunner.run(JUnit38ClassRunner.java:84)
	at org.junit.runner.JUnitCore.run(JUnitCore.java:160)
	at org.junit.runner.JUnitCore.run(JUnitCore.java:138)
	at xxl.java.junit.JUnitSingleTestRunner.call(JUnitSingleTestRunner.java:23)
	at xxl.java.junit.JUnitSingleTestRunner.call(JUnitSingleTestRunner.java:10)
	at java.util.concurrent.FutureTask.run(FutureTask.java:262)
	at java.util.concurrent.ThreadPoolExecutor.runWorker(ThreadPoolExecutor.java:1145)
	at java.util.concurrent.ThreadPoolExecutor$Worker.run(ThreadPoolExecutor.java:615)
	at java.lang.Thread.run(Thread.java:745)
Caused by: java.lang.RuntimeException: INTERNAL COMPILER ERROR.
Please report this problem.
null
  Node(NAME ): input0:1:13
[source unknown]
  Parent(FUNCTION ): input0:1:13
[source unknown]

	at com.google.javascript.jscomp.ClosureCodeRemoval$FindAssertionCalls.visit(ClosureCodeRemoval.java:97)
	at com.google.javascript.jscomp.CombinedCompilerPass$CallbackWrapper.visitOrMaybeActivate(CombinedCompilerPass.java:123)
	at com.google.javascript.jscomp.CombinedCompilerPass.visit(CombinedCompilerPass.java:178)
	at com.google.javascript.jscomp.NodeTraversal.traverseBranch(NodeTraversal.java:464)
	at com.google.javascript.jscomp.NodeTraversal.traverseFunction(NodeTraversal.java:490)
	at com.google.javascript.jscomp.NodeTraversal.traverseBranch(NodeTraversal.java:449)
	at com.google.javascript.jscomp.NodeTraversal.traverseBranch(NodeTraversal.java:457)
	at com.google.javascript.jscomp.NodeTraversal.traverseBranch(NodeTraversal.java:457)
	at com.google.javascript.jscomp.NodeTraversal.traverseBranch(NodeTraversal.java:457)
	at com.google.javascript.jscomp.NodeTraversal.traverseBranch(NodeTraversal.java:457)
	at com.google.javascript.jscomp.NodeTraversal.traverseBranch(NodeTraversal.java:457)
	at com.google.javascript.jscomp.NodeTraversal.traverse(NodeTraversal.java:249)
	at com.google.javascript.jscomp.NodeTraversal.traverse(NodeTraversal.java:422)
	at com.google.javascript.jscomp.CombinedCompilerPass.process(CombinedCompilerPass.java:154)
	at com.google.javascript.jscomp.CombinedCompilerPass.traverse(CombinedCompilerPass.java:78)
	at com.google.javascript.jscomp.ClosureCodeRemoval.process(ClosureCodeRemoval.java:120)
	at com.google.javascript.jscomp.PhaseOptimizer$PassFactoryDelegate.processInternal(PhaseOptimizer.java:271)
	at com.google.javascript.jscomp.PhaseOptimizer$NamedPass.process(PhaseOptimizer.java:248)
	at com.google.javascript.jscomp.PhaseOptimizer.process(PhaseOptimizer.java:167)
	at com.google.javascript.jscomp.Compiler.optimize(Compiler.java:1571)
	at com.google.javascript.jscomp.Compiler.compileInternal(Compiler.java:660)
	at com.google.javascript.jscomp.Compiler.access$000(Compiler.java:68)
	at com.google.javascript.jscomp.Compiler$1.call(Compiler.java:556)
	at com.google.javascript.jscomp.Compiler$1.call(Compiler.java:554)
	at com.google.javascript.jscomp.Compiler$2.run(Compiler.java:597)
	... 1 more
Caused by: java.lang.NullPointerException
	... 26 more
Closure Compiler (http://code.google.com/closure/compiler)
Version: Unversioned directory
Built on: 2017/03/02 11:01
Closure Compiler (http://code.google.com/closure/compiler)
Version: Unversioned directory
Built on: 2017/03/02 11:01
Closure Compiler (http://code.google.com/closure/compiler)
Version: Unversioned directory
Built on: 2017/03/02 11:01
Closure Compiler (http://code.google.com/closure/compiler)
Version: Unversioned directory
Built on: 2017/03/02 11:01
Closure Compiler (http://code.google.com/closure/compiler)
Version: Unversioned directory
Built on: 2017/03/02 11:01
Closure Compiler (http://code.google.com/closure/compiler)
Version: Unversioned directory
Built on: 2017/03/02 11:01
Closure Compiler (http://code.google.com/closure/compiler)
Version: Unversioned directory
Built on: 2017/03/02 11:01
Closure Compiler (http://code.google.com/closure/compiler)
Version: Unversioned directory
Built on: 2017/03/02 11:01
Closure Compiler (http://code.google.com/closure/compiler)
Version: Unversioned directory
Built on: 2017/03/02 11:01
Closure Compiler (http://code.google.com/closure/compiler)
Version: Unversioned directory
Built on: 2017/03/02 11:01
java.lang.RuntimeException: java.lang.RuntimeException: INTERNAL COMPILER ERROR.
Please report this problem.
null
  Node(BLOCK): input0:-1:-1
[source unknown]
  Parent(BLOCK): input0:-1:-1
[source unknown]

	at com.google.javascript.jscomp.Compiler.runCallable(Compiler.java:625)
	at com.google.javascript.jscomp.Compiler.runInCompilerThread(Compiler.java:571)
	at com.google.javascript.jscomp.Compiler.compile(Compiler.java:554)
	at com.google.javascript.jscomp.Compiler.compile(Compiler.java:513)
	at com.google.javascript.jscomp.AbstractCommandLineRunner.doRun(AbstractCommandLineRunner.java:653)
	at com.google.javascript.jscomp.AbstractCommandLineRunner.run(AbstractCommandLineRunner.java:294)
	at com.google.javascript.jscomp.CommandLineRunnerTest.compile(CommandLineRunnerTest.java:960)
	at com.google.javascript.jscomp.CommandLineRunnerTest.test(CommandLineRunnerTest.java:843)
	at com.google.javascript.jscomp.CommandLineRunnerTest.test(CommandLineRunnerTest.java:875)
	at com.google.javascript.jscomp.CommandLineRunnerTest.testIssue504(CommandLineRunnerTest.java:365)
	at sun.reflect.NativeMethodAccessorImpl.invoke0(Native Method)
	at sun.reflect.NativeMethodAccessorImpl.invoke(NativeMethodAccessorImpl.java:57)
	at sun.reflect.DelegatingMethodAccessorImpl.invoke(DelegatingMethodAccessorImpl.java:43)
	at java.lang.reflect.Method.invoke(Method.java:606)
	at junit.framework.TestCase.runTest(TestCase.java:176)
	at junit.framework.TestCase.runBare(TestCase.java:141)
	at junit.framework.TestResult$1.protect(TestResult.java:122)
	at junit.framework.TestResult.runProtected(TestResult.java:142)
	at junit.framework.TestResult.run(TestResult.java:125)
	at junit.framework.TestCase.run(TestCase.java:129)
	at junit.framework.TestSuite.runTest(TestSuite.java:255)
	at junit.framework.TestSuite.run(TestSuite.java:250)
	at org.junit.internal.runners.JUnit38ClassRunner.run(JUnit38ClassRunner.java:84)
	at org.junit.runner.JUnitCore.run(JUnitCore.java:160)
	at org.junit.runner.JUnitCore.run(JUnitCore.java:138)
	at xxl.java.junit.JUnitSingleTestRunner.call(JUnitSingleTestRunner.java:23)
	at xxl.java.junit.JUnitSingleTestRunner.call(JUnitSingleTestRunner.java:10)
	at java.util.concurrent.FutureTask.run(FutureTask.java:262)
	at java.util.concurrent.ThreadPoolExecutor.runWorker(ThreadPoolExecutor.java:1145)
	at java.util.concurrent.ThreadPoolExecutor$Worker.run(ThreadPoolExecutor.java:615)
	at java.lang.Thread.run(Thread.java:745)
Caused by: java.lang.RuntimeException: INTERNAL COMPILER ERROR.
Please report this problem.
null
  Node(BLOCK): input0:-1:-1
[source unknown]
  Parent(BLOCK): input0:-1:-1
[source unknown]

	at com.google.javascript.jscomp.ExtractPrototypeMemberDeclarations$PrototypeMemberDeclaration.extractDeclaration(ExtractPrototypeMemberDeclarations.java:159)
	at com.google.javascript.jscomp.ExtractPrototypeMemberDeclarations$PrototypeMemberDeclaration.access$500(ExtractPrototypeMemberDeclarations.java:118)
	at com.google.javascript.jscomp.ExtractPrototypeMemberDeclarations$GatherExtractionInfo.visit(ExtractPrototypeMemberDeclarations.java:71)
	at com.google.javascript.jscomp.NodeTraversal.traverseBranch(NodeTraversal.java:464)
	at com.google.javascript.jscomp.NodeTraversal.traverse(NodeTraversal.java:249)
	at com.google.javascript.jscomp.NodeTraversal.traverse(NodeTraversal.java:422)
	at com.google.javascript.jscomp.ExtractPrototypeMemberDeclarations.process(ExtractPrototypeMemberDeclarations.java:20)
	at com.google.javascript.jscomp.PhaseOptimizer$PassFactoryDelegate.processInternal(PhaseOptimizer.java:271)
	at com.google.javascript.jscomp.PhaseOptimizer$NamedPass.process(PhaseOptimizer.java:248)
	at com.google.javascript.jscomp.PhaseOptimizer.process(PhaseOptimizer.java:167)
	at com.google.javascript.jscomp.Compiler.optimize(Compiler.java:1571)
	at com.google.javascript.jscomp.Compiler.compileInternal(Compiler.java:660)
	at com.google.javascript.jscomp.Compiler.access$000(Compiler.java:68)
	at com.google.javascript.jscomp.Compiler$1.call(Compiler.java:556)
	at com.google.javascript.jscomp.Compiler$1.call(Compiler.java:554)
	at com.google.javascript.jscomp.Compiler$2.run(Compiler.java:597)
	... 1 more
Caused by: java.lang.NullPointerException
	... 17 more
Closure Compiler (http://code.google.com/closure/compiler)
Version: Unversioned directory
Built on: 2017/03/02 11:01
Closure Compiler (http://code.google.com/closure/compiler)
Version: Unversioned directory
Built on: 2017/03/02 11:01
java.lang.RuntimeException: java.lang.RuntimeException: INTERNAL COMPILER ERROR.
Please report this problem.
null
  Node(BLOCK): input0:-1:-1
[source unknown]
  Parent(BLOCK): input0:-1:-1
[source unknown]

	at com.google.javascript.jscomp.Compiler.runCallable(Compiler.java:625)
	at com.google.javascript.jscomp.Compiler.runInCompilerThread(Compiler.java:571)
	at com.google.javascript.jscomp.Compiler.compile(Compiler.java:554)
	at com.google.javascript.jscomp.Compiler.compile(Compiler.java:513)
	at com.google.javascript.jscomp.AbstractCommandLineRunner.doRun(AbstractCommandLineRunner.java:653)
	at com.google.javascript.jscomp.AbstractCommandLineRunner.run(AbstractCommandLineRunner.java:294)
	at com.google.javascript.jscomp.CommandLineRunnerTest.compile(CommandLineRunnerTest.java:960)
	at com.google.javascript.jscomp.CommandLineRunnerTest.test(CommandLineRunnerTest.java:843)
	at com.google.javascript.jscomp.CommandLineRunnerTest.test(CommandLineRunnerTest.java:875)
	at com.google.javascript.jscomp.CommandLineRunnerTest.testIssue504(CommandLineRunnerTest.java:365)
	at sun.reflect.NativeMethodAccessorImpl.invoke0(Native Method)
	at sun.reflect.NativeMethodAccessorImpl.invoke(NativeMethodAccessorImpl.java:57)
	at sun.reflect.DelegatingMethodAccessorImpl.invoke(DelegatingMethodAccessorImpl.java:43)
	at java.lang.reflect.Method.invoke(Method.java:606)
	at junit.framework.TestCase.runTest(TestCase.java:176)
	at junit.framework.TestCase.runBare(TestCase.java:141)
	at junit.framework.TestResult$1.protect(TestResult.java:122)
	at junit.framework.TestResult.runProtected(TestResult.java:142)
	at junit.framework.TestResult.run(TestResult.java:125)
	at junit.framework.TestCase.run(TestCase.java:129)
	at junit.framework.TestSuite.runTest(TestSuite.java:255)
	at junit.framework.TestSuite.run(TestSuite.java:250)
	at org.junit.internal.runners.JUnit38ClassRunner.run(JUnit38ClassRunner.java:84)
	at org.junit.runner.JUnitCore.run(JUnitCore.java:160)
	at org.junit.runner.JUnitCore.run(JUnitCore.java:138)
	at xxl.java.junit.JUnitSingleTestRunner.call(JUnitSingleTestRunner.java:23)
	at xxl.java.junit.JUnitSingleTestRunner.call(JUnitSingleTestRunner.java:10)
	at java.util.concurrent.FutureTask.run(FutureTask.java:262)
	at java.util.concurrent.ThreadPoolExecutor.runWorker(ThreadPoolExecutor.java:1145)
	at java.util.concurrent.ThreadPoolExecutor$Worker.run(ThreadPoolExecutor.java:615)
	at java.lang.Thread.run(Thread.java:745)
Caused by: java.lang.RuntimeException: INTERNAL COMPILER ERROR.
Please report this problem.
null
  Node(BLOCK): input0:-1:-1
[source unknown]
  Parent(BLOCK): input0:-1:-1
[source unknown]

	at com.google.javascript.jscomp.ExtractPrototypeMemberDeclarations$PrototypeMemberDeclaration.extractDeclaration(ExtractPrototypeMemberDeclarations.java:157)
	at com.google.javascript.jscomp.ExtractPrototypeMemberDeclarations$PrototypeMemberDeclaration.access$500(ExtractPrototypeMemberDeclarations.java:118)
	at com.google.javascript.jscomp.ExtractPrototypeMemberDeclarations$GatherExtractionInfo.visit(ExtractPrototypeMemberDeclarations.java:71)
	at com.google.javascript.jscomp.NodeTraversal.traverseBranch(NodeTraversal.java:464)
	at com.google.javascript.jscomp.NodeTraversal.traverse(NodeTraversal.java:249)
	at com.google.javascript.jscomp.NodeTraversal.traverse(NodeTraversal.java:422)
	at com.google.javascript.jscomp.ExtractPrototypeMemberDeclarations.process(ExtractPrototypeMemberDeclarations.java:20)
	at com.google.javascript.jscomp.PhaseOptimizer$PassFactoryDelegate.processInternal(PhaseOptimizer.java:271)
	at com.google.javascript.jscomp.PhaseOptimizer$NamedPass.process(PhaseOptimizer.java:248)
	at com.google.javascript.jscomp.PhaseOptimizer.process(PhaseOptimizer.java:167)
	at com.google.javascript.jscomp.Compiler.optimize(Compiler.java:1571)
	at com.google.javascript.jscomp.Compiler.compileInternal(Compiler.java:660)
	at com.google.javascript.jscomp.Compiler.access$000(Compiler.java:68)
	at com.google.javascript.jscomp.Compiler$1.call(Compiler.java:556)
	at com.google.javascript.jscomp.Compiler$1.call(Compiler.java:554)
	at com.google.javascript.jscomp.Compiler$2.run(Compiler.java:597)
	... 1 more
Caused by: java.lang.NullPointerException
	... 17 more
Closure Compiler (http://code.google.com/closure/compiler)
Version: Unversioned directory
Built on: 2017/03/02 11:01
Closure Compiler (http://code.google.com/closure/compiler)
Version: Unversioned directory
Built on: 2017/03/02 11:01
java.lang.RuntimeException: java.lang.RuntimeException: INTERNAL COMPILER ERROR.
Please report this problem.
null
  Node(BLOCK): input0:-1:-1
[source unknown]
  Parent(BLOCK): input0:-1:-1
[source unknown]

	at com.google.javascript.jscomp.Compiler.runCallable(Compiler.java:625)
	at com.google.javascript.jscomp.Compiler.runInCompilerThread(Compiler.java:571)
	at com.google.javascript.jscomp.Compiler.compile(Compiler.java:554)
	at com.google.javascript.jscomp.Compiler.compile(Compiler.java:513)
	at com.google.javascript.jscomp.AbstractCommandLineRunner.doRun(AbstractCommandLineRunner.java:653)
	at com.google.javascript.jscomp.AbstractCommandLineRunner.run(AbstractCommandLineRunner.java:294)
	at com.google.javascript.jscomp.CommandLineRunnerTest.compile(CommandLineRunnerTest.java:960)
	at com.google.javascript.jscomp.CommandLineRunnerTest.test(CommandLineRunnerTest.java:843)
	at com.google.javascript.jscomp.CommandLineRunnerTest.test(CommandLineRunnerTest.java:875)
	at com.google.javascript.jscomp.CommandLineRunnerTest.testIssue504(CommandLineRunnerTest.java:365)
	at sun.reflect.NativeMethodAccessorImpl.invoke0(Native Method)
	at sun.reflect.NativeMethodAccessorImpl.invoke(NativeMethodAccessorImpl.java:57)
	at sun.reflect.DelegatingMethodAccessorImpl.invoke(DelegatingMethodAccessorImpl.java:43)
	at java.lang.reflect.Method.invoke(Method.java:606)
	at junit.framework.TestCase.runTest(TestCase.java:176)
	at junit.framework.TestCase.runBare(TestCase.java:141)
	at junit.framework.TestResult$1.protect(TestResult.java:122)
	at junit.framework.TestResult.runProtected(TestResult.java:142)
	at junit.framework.TestResult.run(TestResult.java:125)
	at junit.framework.TestCase.run(TestCase.java:129)
	at junit.framework.TestSuite.runTest(TestSuite.java:255)
	at junit.framework.TestSuite.run(TestSuite.java:250)
	at org.junit.internal.runners.JUnit38ClassRunner.run(JUnit38ClassRunner.java:84)
	at org.junit.runner.JUnitCore.run(JUnitCore.java:160)
	at org.junit.runner.JUnitCore.run(JUnitCore.java:138)
	at xxl.java.junit.JUnitSingleTestRunner.call(JUnitSingleTestRunner.java:23)
	at xxl.java.junit.JUnitSingleTestRunner.call(JUnitSingleTestRunner.java:10)
	at java.util.concurrent.FutureTask.run(FutureTask.java:262)
	at java.util.concurrent.ThreadPoolExecutor.runWorker(ThreadPoolExecutor.java:1145)
	at java.util.concurrent.ThreadPoolExecutor$Worker.run(ThreadPoolExecutor.java:615)
	at java.lang.Thread.run(Thread.java:745)
Caused by: java.lang.RuntimeException: INTERNAL COMPILER ERROR.
Please report this problem.
null
  Node(BLOCK): input0:-1:-1
[source unknown]
  Parent(BLOCK): input0:-1:-1
[source unknown]

	at com.google.javascript.jscomp.ExtractPrototypeMemberDeclarations$PrototypeMemberDeclaration.extractDeclaration(ExtractPrototypeMemberDeclarations.java:157)
	at com.google.javascript.jscomp.ExtractPrototypeMemberDeclarations$PrototypeMemberDeclaration.access$500(ExtractPrototypeMemberDeclarations.java:118)
	at com.google.javascript.jscomp.ExtractPrototypeMemberDeclarations$GatherExtractionInfo.visit(ExtractPrototypeMemberDeclarations.java:71)
	at com.google.javascript.jscomp.NodeTraversal.traverseBranch(NodeTraversal.java:464)
	at com.google.javascript.jscomp.NodeTraversal.traverse(NodeTraversal.java:249)
	at com.google.javascript.jscomp.NodeTraversal.traverse(NodeTraversal.java:422)
	at com.google.javascript.jscomp.ExtractPrototypeMemberDeclarations.process(ExtractPrototypeMemberDeclarations.java:20)
	at com.google.javascript.jscomp.PhaseOptimizer$PassFactoryDelegate.processInternal(PhaseOptimizer.java:271)
	at com.google.javascript.jscomp.PhaseOptimizer$NamedPass.process(PhaseOptimizer.java:248)
	at com.google.javascript.jscomp.PhaseOptimizer.process(PhaseOptimizer.java:167)
	at com.google.javascript.jscomp.Compiler.optimize(Compiler.java:1571)
	at com.google.javascript.jscomp.Compiler.compileInternal(Compiler.java:660)
	at com.google.javascript.jscomp.Compiler.access$000(Compiler.java:68)
	at com.google.javascript.jscomp.Compiler$1.call(Compiler.java:556)
	at com.google.javascript.jscomp.Compiler$1.call(Compiler.java:554)
	at com.google.javascript.jscomp.Compiler$2.run(Compiler.java:597)
	... 1 more
Caused by: java.lang.NullPointerException
	... 17 more
Closure Compiler (http://code.google.com/closure/compiler)
Version: Unversioned directory
Built on: 2017/03/02 11:01
Closure Compiler (http://code.google.com/closure/compiler)
Version: Unversioned directory
Built on: 2017/03/02 11:01
Closure Compiler (http://code.google.com/closure/compiler)
Version: Unversioned directory
Built on: 2017/03/02 11:01
Closure Compiler (http://code.google.com/closure/compiler)
Version: Unversioned directory
Built on: 2017/03/02 11:01
java.lang.RuntimeException: java.lang.RuntimeException: INTERNAL COMPILER ERROR.
Please report this problem.
null
  Node(BLOCK): input0:-1:-1
[source unknown]
  Parent(BLOCK): input0:-1:-1
[source unknown]

	at com.google.javascript.jscomp.Compiler.runCallable(Compiler.java:625)
	at com.google.javascript.jscomp.Compiler.runInCompilerThread(Compiler.java:571)
	at com.google.javascript.jscomp.Compiler.compile(Compiler.java:554)
	at com.google.javascript.jscomp.Compiler.compile(Compiler.java:513)
	at com.google.javascript.jscomp.AbstractCommandLineRunner.doRun(AbstractCommandLineRunner.java:653)
	at com.google.javascript.jscomp.AbstractCommandLineRunner.run(AbstractCommandLineRunner.java:294)
	at com.google.javascript.jscomp.CommandLineRunnerTest.compile(CommandLineRunnerTest.java:960)
	at com.google.javascript.jscomp.CommandLineRunnerTest.test(CommandLineRunnerTest.java:843)
	at com.google.javascript.jscomp.CommandLineRunnerTest.test(CommandLineRunnerTest.java:875)
	at com.google.javascript.jscomp.CommandLineRunnerTest.testIssue504(CommandLineRunnerTest.java:365)
	at sun.reflect.NativeMethodAccessorImpl.invoke0(Native Method)
	at sun.reflect.NativeMethodAccessorImpl.invoke(NativeMethodAccessorImpl.java:57)
	at sun.reflect.DelegatingMethodAccessorImpl.invoke(DelegatingMethodAccessorImpl.java:43)
	at java.lang.reflect.Method.invoke(Method.java:606)
	at junit.framework.TestCase.runTest(TestCase.java:176)
	at junit.framework.TestCase.runBare(TestCase.java:141)
	at junit.framework.TestResult$1.protect(TestResult.java:122)
	at junit.framework.TestResult.runProtected(TestResult.java:142)
	at junit.framework.TestResult.run(TestResult.java:125)
	at junit.framework.TestCase.run(TestCase.java:129)
	at junit.framework.TestSuite.runTest(TestSuite.java:255)
	at junit.framework.TestSuite.run(TestSuite.java:250)
	at org.junit.internal.runners.JUnit38ClassRunner.run(JUnit38ClassRunner.java:84)
	at org.junit.runner.JUnitCore.run(JUnitCore.java:160)
	at org.junit.runner.JUnitCore.run(JUnitCore.java:138)
	at xxl.java.junit.JUnitSingleTestRunner.call(JUnitSingleTestRunner.java:23)
	at xxl.java.junit.JUnitSingleTestRunner.call(JUnitSingleTestRunner.java:10)
	at java.util.concurrent.FutureTask.run(FutureTask.java:262)
	at java.util.concurrent.ThreadPoolExecutor.runWorker(ThreadPoolExecutor.java:1145)
	at java.util.concurrent.ThreadPoolExecutor$Worker.run(ThreadPoolExecutor.java:615)
	at java.lang.Thread.run(Thread.java:745)
Caused by: java.lang.RuntimeException: INTERNAL COMPILER ERROR.
Please report this problem.
null
  Node(BLOCK): input0:-1:-1
[source unknown]
  Parent(BLOCK): input0:-1:-1
[source unknown]

	at com.google.javascript.jscomp.NodeUtil.isPrototypePropertyDeclaration(NodeUtil.java:1700)
	at com.google.javascript.jscomp.ExtractPrototypeMemberDeclarations$PrototypeMemberDeclaration.extractDeclaration(ExtractPrototypeMemberDeclarations.java:300)
	at com.google.javascript.jscomp.ExtractPrototypeMemberDeclarations$PrototypeMemberDeclaration.access$500(ExtractPrototypeMemberDeclarations.java:277)
	at com.google.javascript.jscomp.ExtractPrototypeMemberDeclarations$GatherExtractionInfo.visit(ExtractPrototypeMemberDeclarations.java:203)
	at com.google.javascript.jscomp.NodeTraversal.traverseBranch(NodeTraversal.java:464)
	at com.google.javascript.jscomp.NodeTraversal.traverse(NodeTraversal.java:249)
	at com.google.javascript.jscomp.NodeTraversal.traverse(NodeTraversal.java:422)
	at com.google.javascript.jscomp.ExtractPrototypeMemberDeclarations.process(ExtractPrototypeMemberDeclarations.java:102)
	at com.google.javascript.jscomp.PhaseOptimizer$PassFactoryDelegate.processInternal(PhaseOptimizer.java:271)
	at com.google.javascript.jscomp.PhaseOptimizer$NamedPass.process(PhaseOptimizer.java:248)
	at com.google.javascript.jscomp.PhaseOptimizer.process(PhaseOptimizer.java:167)
	at com.google.javascript.jscomp.Compiler.optimize(Compiler.java:1571)
	at com.google.javascript.jscomp.Compiler.compileInternal(Compiler.java:660)
	at com.google.javascript.jscomp.Compiler.access$000(Compiler.java:68)
	at com.google.javascript.jscomp.Compiler$1.call(Compiler.java:556)
	at com.google.javascript.jscomp.Compiler$1.call(Compiler.java:554)
	at com.google.javascript.jscomp.Compiler$2.run(Compiler.java:597)
	... 1 more
Caused by: java.lang.NullPointerException
	... 18 more
Closure Compiler (http://code.google.com/closure/compiler)
Version: Unversioned directory
Built on: 2017/03/02 11:01
Closure Compiler (http://code.google.com/closure/compiler)
Version: Unversioned directory
Built on: 2017/03/02 11:01
java.lang.RuntimeException: java.lang.RuntimeException: INTERNAL COMPILER ERROR.
Please report this problem.
null
  Node(BLOCK): input0:-1:-1
[source unknown]
  Parent(BLOCK): input0:-1:-1
[source unknown]

	at com.google.javascript.jscomp.Compiler.runCallable(Compiler.java:625)
	at com.google.javascript.jscomp.Compiler.runInCompilerThread(Compiler.java:571)
	at com.google.javascript.jscomp.Compiler.compile(Compiler.java:554)
	at com.google.javascript.jscomp.Compiler.compile(Compiler.java:513)
	at com.google.javascript.jscomp.AbstractCommandLineRunner.doRun(AbstractCommandLineRunner.java:653)
	at com.google.javascript.jscomp.AbstractCommandLineRunner.run(AbstractCommandLineRunner.java:294)
	at com.google.javascript.jscomp.CommandLineRunnerTest.compile(CommandLineRunnerTest.java:960)
	at com.google.javascript.jscomp.CommandLineRunnerTest.test(CommandLineRunnerTest.java:843)
	at com.google.javascript.jscomp.CommandLineRunnerTest.test(CommandLineRunnerTest.java:875)
	at com.google.javascript.jscomp.CommandLineRunnerTest.testIssue504(CommandLineRunnerTest.java:365)
	at sun.reflect.NativeMethodAccessorImpl.invoke0(Native Method)
	at sun.reflect.NativeMethodAccessorImpl.invoke(NativeMethodAccessorImpl.java:57)
	at sun.reflect.DelegatingMethodAccessorImpl.invoke(DelegatingMethodAccessorImpl.java:43)
	at java.lang.reflect.Method.invoke(Method.java:606)
	at junit.framework.TestCase.runTest(TestCase.java:176)
	at junit.framework.TestCase.runBare(TestCase.java:141)
	at junit.framework.TestResult$1.protect(TestResult.java:122)
	at junit.framework.TestResult.runProtected(TestResult.java:142)
	at junit.framework.TestResult.run(TestResult.java:125)
	at junit.framework.TestCase.run(TestCase.java:129)
	at junit.framework.TestSuite.runTest(TestSuite.java:255)
	at junit.framework.TestSuite.run(TestSuite.java:250)
	at org.junit.internal.runners.JUnit38ClassRunner.run(JUnit38ClassRunner.java:84)
	at org.junit.runner.JUnitCore.run(JUnitCore.java:160)
	at org.junit.runner.JUnitCore.run(JUnitCore.java:138)
	at xxl.java.junit.JUnitSingleTestRunner.call(JUnitSingleTestRunner.java:23)
	at xxl.java.junit.JUnitSingleTestRunner.call(JUnitSingleTestRunner.java:10)
	at java.util.concurrent.FutureTask.run(FutureTask.java:262)
	at java.util.concurrent.ThreadPoolExecutor.runWorker(ThreadPoolExecutor.java:1145)
	at java.util.concurrent.ThreadPoolExecutor$Worker.run(ThreadPoolExecutor.java:615)
	at java.lang.Thread.run(Thread.java:745)
Caused by: java.lang.RuntimeException: INTERNAL COMPILER ERROR.
Please report this problem.
null
  Node(BLOCK): input0:-1:-1
[source unknown]
  Parent(BLOCK): input0:-1:-1
[source unknown]

	at com.google.javascript.jscomp.ExtractPrototypeMemberDeclarations$ExtractionInstance.<init>(ExtractPrototypeMemberDeclarations.java:124)
	at com.google.javascript.jscomp.ExtractPrototypeMemberDeclarations$ExtractionInstance.<init>(ExtractPrototypeMemberDeclarations.java:113)
	at com.google.javascript.jscomp.ExtractPrototypeMemberDeclarations$GatherExtractionInfo.visit(ExtractPrototypeMemberDeclarations.java:99)
	at com.google.javascript.jscomp.NodeTraversal.traverseBranch(NodeTraversal.java:464)
	at com.google.javascript.jscomp.NodeTraversal.traverse(NodeTraversal.java:249)
	at com.google.javascript.jscomp.NodeTraversal.traverse(NodeTraversal.java:422)
	at com.google.javascript.jscomp.ExtractPrototypeMemberDeclarations.process(ExtractPrototypeMemberDeclarations.java:20)
	at com.google.javascript.jscomp.PhaseOptimizer$PassFactoryDelegate.processInternal(PhaseOptimizer.java:271)
	at com.google.javascript.jscomp.PhaseOptimizer$NamedPass.process(PhaseOptimizer.java:248)
	at com.google.javascript.jscomp.PhaseOptimizer.process(PhaseOptimizer.java:167)
	at com.google.javascript.jscomp.Compiler.optimize(Compiler.java:1571)
	at com.google.javascript.jscomp.Compiler.compileInternal(Compiler.java:660)
	at com.google.javascript.jscomp.Compiler.access$000(Compiler.java:68)
	at com.google.javascript.jscomp.Compiler$1.call(Compiler.java:556)
	at com.google.javascript.jscomp.Compiler$1.call(Compiler.java:554)
	at com.google.javascript.jscomp.Compiler$2.run(Compiler.java:597)
	... 1 more
Caused by: java.lang.NullPointerException
	... 17 more
Closure Compiler (http://code.google.com/closure/compiler)
Version: Unversioned directory
Built on: 2017/03/02 11:01
Closure Compiler (http://code.google.com/closure/compiler)
Version: Unversioned directory
Built on: 2017/03/02 11:01
java.lang.RuntimeException: java.lang.RuntimeException: INTERNAL COMPILER ERROR.
Please report this problem.
null
  Node(BLOCK): input0:-1:-1
[source unknown]
  Parent(BLOCK): input0:-1:-1
[source unknown]

	at com.google.javascript.jscomp.Compiler.runCallable(Compiler.java:625)
	at com.google.javascript.jscomp.Compiler.runInCompilerThread(Compiler.java:571)
	at com.google.javascript.jscomp.Compiler.compile(Compiler.java:554)
	at com.google.javascript.jscomp.Compiler.compile(Compiler.java:513)
	at com.google.javascript.jscomp.AbstractCommandLineRunner.doRun(AbstractCommandLineRunner.java:653)
	at com.google.javascript.jscomp.AbstractCommandLineRunner.run(AbstractCommandLineRunner.java:294)
	at com.google.javascript.jscomp.CommandLineRunnerTest.compile(CommandLineRunnerTest.java:960)
	at com.google.javascript.jscomp.CommandLineRunnerTest.test(CommandLineRunnerTest.java:843)
	at com.google.javascript.jscomp.CommandLineRunnerTest.test(CommandLineRunnerTest.java:875)
	at com.google.javascript.jscomp.CommandLineRunnerTest.testIssue504(CommandLineRunnerTest.java:365)
	at sun.reflect.NativeMethodAccessorImpl.invoke0(Native Method)
	at sun.reflect.NativeMethodAccessorImpl.invoke(NativeMethodAccessorImpl.java:57)
	at sun.reflect.DelegatingMethodAccessorImpl.invoke(DelegatingMethodAccessorImpl.java:43)
	at java.lang.reflect.Method.invoke(Method.java:606)
	at junit.framework.TestCase.runTest(TestCase.java:176)
	at junit.framework.TestCase.runBare(TestCase.java:141)
	at junit.framework.TestResult$1.protect(TestResult.java:122)
	at junit.framework.TestResult.runProtected(TestResult.java:142)
	at junit.framework.TestResult.run(TestResult.java:125)
	at junit.framework.TestCase.run(TestCase.java:129)
	at junit.framework.TestSuite.runTest(TestSuite.java:255)
	at junit.framework.TestSuite.run(TestSuite.java:250)
	at org.junit.internal.runners.JUnit38ClassRunner.run(JUnit38ClassRunner.java:84)
	at org.junit.runner.JUnitCore.run(JUnitCore.java:160)
	at org.junit.runner.JUnitCore.run(JUnitCore.java:138)
	at xxl.java.junit.JUnitSingleTestRunner.call(JUnitSingleTestRunner.java:23)
	at xxl.java.junit.JUnitSingleTestRunner.call(JUnitSingleTestRunner.java:10)
	at java.util.concurrent.FutureTask.run(FutureTask.java:262)
	at java.util.concurrent.ThreadPoolExecutor.runWorker(ThreadPoolExecutor.java:1145)
	at java.util.concurrent.ThreadPoolExecutor$Worker.run(ThreadPoolExecutor.java:615)
	at java.lang.Thread.run(Thread.java:745)
Caused by: java.lang.RuntimeException: INTERNAL COMPILER ERROR.
Please report this problem.
null
  Node(BLOCK): input0:-1:-1
[source unknown]
  Parent(BLOCK): input0:-1:-1
[source unknown]

	at com.google.javascript.jscomp.ExtractPrototypeMemberDeclarations$ExtractionInstance.<init>(ExtractPrototypeMemberDeclarations.java:124)
	at com.google.javascript.jscomp.ExtractPrototypeMemberDeclarations$ExtractionInstance.<init>(ExtractPrototypeMemberDeclarations.java:113)
	at com.google.javascript.jscomp.ExtractPrototypeMemberDeclarations$GatherExtractionInfo.visit(ExtractPrototypeMemberDeclarations.java:99)
	at com.google.javascript.jscomp.NodeTraversal.traverseBranch(NodeTraversal.java:464)
	at com.google.javascript.jscomp.NodeTraversal.traverse(NodeTraversal.java:249)
	at com.google.javascript.jscomp.NodeTraversal.traverse(NodeTraversal.java:422)
	at com.google.javascript.jscomp.ExtractPrototypeMemberDeclarations.process(ExtractPrototypeMemberDeclarations.java:20)
	at com.google.javascript.jscomp.PhaseOptimizer$PassFactoryDelegate.processInternal(PhaseOptimizer.java:271)
	at com.google.javascript.jscomp.PhaseOptimizer$NamedPass.process(PhaseOptimizer.java:248)
	at com.google.javascript.jscomp.PhaseOptimizer.process(PhaseOptimizer.java:167)
	at com.google.javascript.jscomp.Compiler.optimize(Compiler.java:1571)
	at com.google.javascript.jscomp.Compiler.compileInternal(Compiler.java:660)
	at com.google.javascript.jscomp.Compiler.access$000(Compiler.java:68)
	at com.google.javascript.jscomp.Compiler$1.call(Compiler.java:556)
	at com.google.javascript.jscomp.Compiler$1.call(Compiler.java:554)
	at com.google.javascript.jscomp.Compiler$2.run(Compiler.java:597)
	... 1 more
Caused by: java.lang.NullPointerException
	... 17 more
Closure Compiler (http://code.google.com/closure/compiler)
Version: Unversioned directory
Built on: 2017/03/02 11:01
Closure Compiler (http://code.google.com/closure/compiler)
Version: Unversioned directory
Built on: 2017/03/02 11:01
java.lang.RuntimeException: java.lang.RuntimeException: INTERNAL COMPILER ERROR.
Please report this problem.
null
  Node(BLOCK): input0:-1:-1
[source unknown]
  Parent(BLOCK): input0:-1:-1
[source unknown]

	at com.google.javascript.jscomp.Compiler.runCallable(Compiler.java:625)
	at com.google.javascript.jscomp.Compiler.runInCompilerThread(Compiler.java:571)
	at com.google.javascript.jscomp.Compiler.compile(Compiler.java:554)
	at com.google.javascript.jscomp.Compiler.compile(Compiler.java:513)
	at com.google.javascript.jscomp.AbstractCommandLineRunner.doRun(AbstractCommandLineRunner.java:653)
	at com.google.javascript.jscomp.AbstractCommandLineRunner.run(AbstractCommandLineRunner.java:294)
	at com.google.javascript.jscomp.CommandLineRunnerTest.compile(CommandLineRunnerTest.java:960)
	at com.google.javascript.jscomp.CommandLineRunnerTest.test(CommandLineRunnerTest.java:843)
	at com.google.javascript.jscomp.CommandLineRunnerTest.test(CommandLineRunnerTest.java:875)
	at com.google.javascript.jscomp.CommandLineRunnerTest.testIssue504(CommandLineRunnerTest.java:365)
	at sun.reflect.NativeMethodAccessorImpl.invoke0(Native Method)
	at sun.reflect.NativeMethodAccessorImpl.invoke(NativeMethodAccessorImpl.java:57)
	at sun.reflect.DelegatingMethodAccessorImpl.invoke(DelegatingMethodAccessorImpl.java:43)
	at java.lang.reflect.Method.invoke(Method.java:606)
	at junit.framework.TestCase.runTest(TestCase.java:176)
	at junit.framework.TestCase.runBare(TestCase.java:141)
	at junit.framework.TestResult$1.protect(TestResult.java:122)
	at junit.framework.TestResult.runProtected(TestResult.java:142)
	at junit.framework.TestResult.run(TestResult.java:125)
	at junit.framework.TestCase.run(TestCase.java:129)
	at junit.framework.TestSuite.runTest(TestSuite.java:255)
	at junit.framework.TestSuite.run(TestSuite.java:250)
	at org.junit.internal.runners.JUnit38ClassRunner.run(JUnit38ClassRunner.java:84)
	at org.junit.runner.JUnitCore.run(JUnitCore.java:160)
	at org.junit.runner.JUnitCore.run(JUnitCore.java:138)
	at xxl.java.junit.JUnitSingleTestRunner.call(JUnitSingleTestRunner.java:23)
	at xxl.java.junit.JUnitSingleTestRunner.call(JUnitSingleTestRunner.java:10)
	at java.util.concurrent.FutureTask.run(FutureTask.java:262)
	at java.util.concurrent.ThreadPoolExecutor.runWorker(ThreadPoolExecutor.java:1145)
	at java.util.concurrent.ThreadPoolExecutor$Worker.run(ThreadPoolExecutor.java:615)
	at java.lang.Thread.run(Thread.java:745)
Caused by: java.lang.RuntimeException: INTERNAL COMPILER ERROR.
Please report this problem.
null
  Node(BLOCK): input0:-1:-1
[source unknown]
  Parent(BLOCK): input0:-1:-1
[source unknown]

	at com.google.javascript.jscomp.ExtractPrototypeMemberDeclarations$ExtractionInstance.<init>(ExtractPrototypeMemberDeclarations.java:124)
	at com.google.javascript.jscomp.ExtractPrototypeMemberDeclarations$ExtractionInstance.<init>(ExtractPrototypeMemberDeclarations.java:113)
	at com.google.javascript.jscomp.ExtractPrototypeMemberDeclarations$GatherExtractionInfo.visit(ExtractPrototypeMemberDeclarations.java:99)
	at com.google.javascript.jscomp.NodeTraversal.traverseBranch(NodeTraversal.java:464)
	at com.google.javascript.jscomp.NodeTraversal.traverse(NodeTraversal.java:249)
	at com.google.javascript.jscomp.NodeTraversal.traverse(NodeTraversal.java:422)
	at com.google.javascript.jscomp.ExtractPrototypeMemberDeclarations.process(ExtractPrototypeMemberDeclarations.java:20)
	at com.google.javascript.jscomp.PhaseOptimizer$PassFactoryDelegate.processInternal(PhaseOptimizer.java:271)
	at com.google.javascript.jscomp.PhaseOptimizer$NamedPass.process(PhaseOptimizer.java:248)
	at com.google.javascript.jscomp.PhaseOptimizer.process(PhaseOptimizer.java:167)
	at com.google.javascript.jscomp.Compiler.optimize(Compiler.java:1571)
	at com.google.javascript.jscomp.Compiler.compileInternal(Compiler.java:660)
	at com.google.javascript.jscomp.Compiler.access$000(Compiler.java:68)
	at com.google.javascript.jscomp.Compiler$1.call(Compiler.java:556)
	at com.google.javascript.jscomp.Compiler$1.call(Compiler.java:554)
	at com.google.javascript.jscomp.Compiler$2.run(Compiler.java:597)
	... 1 more
Caused by: java.lang.NullPointerException
	... 17 more
Closure Compiler (http://code.google.com/closure/compiler)
Version: Unversioned directory
Built on: 2017/03/02 11:01
Closure Compiler (http://code.google.com/closure/compiler)
Version: Unversioned directory
Built on: 2017/03/02 11:01
Closure Compiler (http://code.google.com/closure/compiler)
Version: Unversioned directory
Built on: 2017/03/02 11:01
Closure Compiler (http://code.google.com/closure/compiler)
Version: Unversioned directory
Built on: 2017/03/02 11:01
Closure Compiler (http://code.google.com/closure/compiler)
Version: Unversioned directory
Built on: 2017/03/02 11:01
Closure Compiler (http://code.google.com/closure/compiler)
Version: Unversioned directory
Built on: 2017/03/02 11:01
Closure Compiler (http://code.google.com/closure/compiler)
Version: Unversioned directory
Built on: 2017/03/02 11:01
Closure Compiler (http://code.google.com/closure/compiler)
Version: Unversioned directory
Built on: 2017/03/02 11:01
Closure Compiler (http://code.google.com/closure/compiler)
Version: Unversioned directory
Built on: 2017/03/02 11:01
Closure Compiler (http://code.google.com/closure/compiler)
Version: Unversioned directory
Built on: 2017/03/02 11:01
Closure Compiler (http://code.google.com/closure/compiler)
Version: Unversioned directory
Built on: 2017/03/02 11:01
Closure Compiler (http://code.google.com/closure/compiler)
Version: Unversioned directory
Built on: 2017/03/02 11:01
Closure Compiler (http://code.google.com/closure/compiler)
Version: Unversioned directory
Built on: 2017/03/02 11:01
Closure Compiler (http://code.google.com/closure/compiler)
Version: Unversioned directory
Built on: 2017/03/02 11:01
java.lang.RuntimeException: java.lang.RuntimeException: INTERNAL COMPILER ERROR.
Please report this problem.
FUNCTION  1 [source_file: input0] is not a string node
  Node(CALL): input0:1:32
[source unknown]
  Parent(VOID): input0:1:0
[source unknown]

	at com.google.javascript.jscomp.Compiler.runCallable(Compiler.java:625)
	at com.google.javascript.jscomp.Compiler.runInCompilerThread(Compiler.java:571)
	at com.google.javascript.jscomp.Compiler.compile(Compiler.java:554)
	at com.google.javascript.jscomp.Compiler.compile(Compiler.java:513)
	at com.google.javascript.jscomp.AbstractCommandLineRunner.doRun(AbstractCommandLineRunner.java:653)
	at com.google.javascript.jscomp.AbstractCommandLineRunner.run(AbstractCommandLineRunner.java:294)
	at com.google.javascript.jscomp.CommandLineRunnerTest.compile(CommandLineRunnerTest.java:960)
	at com.google.javascript.jscomp.CommandLineRunnerTest.test(CommandLineRunnerTest.java:843)
	at com.google.javascript.jscomp.CommandLineRunnerTest.test(CommandLineRunnerTest.java:875)
	at com.google.javascript.jscomp.CommandLineRunnerTest.testIssue504(CommandLineRunnerTest.java:365)
	at sun.reflect.NativeMethodAccessorImpl.invoke0(Native Method)
	at sun.reflect.NativeMethodAccessorImpl.invoke(NativeMethodAccessorImpl.java:57)
	at sun.reflect.DelegatingMethodAccessorImpl.invoke(DelegatingMethodAccessorImpl.java:43)
	at java.lang.reflect.Method.invoke(Method.java:606)
	at junit.framework.TestCase.runTest(TestCase.java:176)
	at junit.framework.TestCase.runBare(TestCase.java:141)
	at junit.framework.TestResult$1.protect(TestResult.java:122)
	at junit.framework.TestResult.runProtected(TestResult.java:142)
	at junit.framework.TestResult.run(TestResult.java:125)
	at junit.framework.TestCase.run(TestCase.java:129)
	at junit.framework.TestSuite.runTest(TestSuite.java:255)
	at junit.framework.TestSuite.run(TestSuite.java:250)
	at org.junit.internal.runners.JUnit38ClassRunner.run(JUnit38ClassRunner.java:84)
	at org.junit.runner.JUnitCore.run(JUnitCore.java:160)
	at org.junit.runner.JUnitCore.run(JUnitCore.java:138)
	at xxl.java.junit.JUnitSingleTestRunner.call(JUnitSingleTestRunner.java:23)
	at xxl.java.junit.JUnitSingleTestRunner.call(JUnitSingleTestRunner.java:10)
	at java.util.concurrent.FutureTask.run(FutureTask.java:262)
	at java.util.concurrent.ThreadPoolExecutor.runWorker(ThreadPoolExecutor.java:1145)
	at java.util.concurrent.ThreadPoolExecutor$Worker.run(ThreadPoolExecutor.java:615)
	at java.lang.Thread.run(Thread.java:745)
Caused by: java.lang.RuntimeException: INTERNAL COMPILER ERROR.
Please report this problem.
FUNCTION  1 [source_file: input0] is not a string node
  Node(CALL): input0:1:32
[source unknown]
  Parent(VOID): input0:1:0
[source unknown]

	at com.google.javascript.rhino.Node.getString(Node.java:992)
	at com.google.javascript.jscomp.PeepholeReplaceKnownMethods.tryFoldKnownNumericMethods(PeepholeReplaceKnownMethods.java:93)
	at com.google.javascript.jscomp.PeepholeReplaceKnownMethods.tryFoldKnownMethods(PeepholeReplaceKnownMethods.java:23)
	at com.google.javascript.jscomp.PeepholeReplaceKnownMethods.optimizeSubtree(PeepholeReplaceKnownMethods.java:8)
	at com.google.javascript.jscomp.PeepholeOptimizationsPass.visit(PeepholeOptimizationsPass.java:69)
	at com.google.javascript.jscomp.NodeTraversal.traverseBranch(NodeTraversal.java:464)
	at com.google.javascript.jscomp.NodeTraversal.traverseBranch(NodeTraversal.java:457)
	at com.google.javascript.jscomp.NodeTraversal.traverseBranch(NodeTraversal.java:457)
	at com.google.javascript.jscomp.NodeTraversal.traverseBranch(NodeTraversal.java:457)
	at com.google.javascript.jscomp.NodeTraversal.traverseBranch(NodeTraversal.java:457)
	at com.google.javascript.jscomp.NodeTraversal.traverse(NodeTraversal.java:249)
	at com.google.javascript.jscomp.PeepholeOptimizationsPass.process(PeepholeOptimizationsPass.java:57)
	at com.google.javascript.jscomp.PhaseOptimizer$PassFactoryDelegate.processInternal(PhaseOptimizer.java:271)
	at com.google.javascript.jscomp.PhaseOptimizer$NamedPass.process(PhaseOptimizer.java:248)
	at com.google.javascript.jscomp.PhaseOptimizer$LoopInternal.process(PhaseOptimizer.java:334)
	at com.google.javascript.jscomp.PhaseOptimizer.process(PhaseOptimizer.java:167)
	at com.google.javascript.jscomp.Compiler.optimize(Compiler.java:1571)
	at com.google.javascript.jscomp.Compiler.compileInternal(Compiler.java:660)
	at com.google.javascript.jscomp.Compiler.access$000(Compiler.java:68)
	at com.google.javascript.jscomp.Compiler$1.call(Compiler.java:556)
	at com.google.javascript.jscomp.Compiler$1.call(Compiler.java:554)
	at com.google.javascript.jscomp.Compiler$2.run(Compiler.java:597)
	... 1 more
Caused by: java.lang.UnsupportedOperationException: FUNCTION  1 [source_file: input0] is not a string node
	... 23 more
Closure Compiler (http://code.google.com/closure/compiler)
Version: Unversioned directory
Built on: 2017/03/02 11:01
Closure Compiler (http://code.google.com/closure/compiler)
Version: Unversioned directory
Built on: 2017/03/02 11:01
java.lang.RuntimeException: java.lang.RuntimeException: INTERNAL COMPILER ERROR.
Please report this problem.
FUNCTION  1 [source_file: input0] is not a string node
  Node(CALL): input0:1:32
[source unknown]
  Parent(VOID): input0:1:0
[source unknown]

	at com.google.javascript.jscomp.Compiler.runCallable(Compiler.java:625)
	at com.google.javascript.jscomp.Compiler.runInCompilerThread(Compiler.java:571)
	at com.google.javascript.jscomp.Compiler.compile(Compiler.java:554)
	at com.google.javascript.jscomp.Compiler.compile(Compiler.java:513)
	at com.google.javascript.jscomp.AbstractCommandLineRunner.doRun(AbstractCommandLineRunner.java:653)
	at com.google.javascript.jscomp.AbstractCommandLineRunner.run(AbstractCommandLineRunner.java:294)
	at com.google.javascript.jscomp.CommandLineRunnerTest.compile(CommandLineRunnerTest.java:960)
	at com.google.javascript.jscomp.CommandLineRunnerTest.test(CommandLineRunnerTest.java:843)
	at com.google.javascript.jscomp.CommandLineRunnerTest.test(CommandLineRunnerTest.java:875)
	at com.google.javascript.jscomp.CommandLineRunnerTest.testIssue504(CommandLineRunnerTest.java:365)
	at sun.reflect.NativeMethodAccessorImpl.invoke0(Native Method)
	at sun.reflect.NativeMethodAccessorImpl.invoke(NativeMethodAccessorImpl.java:57)
	at sun.reflect.DelegatingMethodAccessorImpl.invoke(DelegatingMethodAccessorImpl.java:43)
	at java.lang.reflect.Method.invoke(Method.java:606)
	at junit.framework.TestCase.runTest(TestCase.java:176)
	at junit.framework.TestCase.runBare(TestCase.java:141)
	at junit.framework.TestResult$1.protect(TestResult.java:122)
	at junit.framework.TestResult.runProtected(TestResult.java:142)
	at junit.framework.TestResult.run(TestResult.java:125)
	at junit.framework.TestCase.run(TestCase.java:129)
	at junit.framework.TestSuite.runTest(TestSuite.java:255)
	at junit.framework.TestSuite.run(TestSuite.java:250)
	at org.junit.internal.runners.JUnit38ClassRunner.run(JUnit38ClassRunner.java:84)
	at org.junit.runner.JUnitCore.run(JUnitCore.java:160)
	at org.junit.runner.JUnitCore.run(JUnitCore.java:138)
	at xxl.java.junit.JUnitSingleTestRunner.call(JUnitSingleTestRunner.java:23)
	at xxl.java.junit.JUnitSingleTestRunner.call(JUnitSingleTestRunner.java:10)
	at java.util.concurrent.FutureTask.run(FutureTask.java:262)
	at java.util.concurrent.ThreadPoolExecutor.runWorker(ThreadPoolExecutor.java:1145)
	at java.util.concurrent.ThreadPoolExecutor$Worker.run(ThreadPoolExecutor.java:615)
	at java.lang.Thread.run(Thread.java:745)
Caused by: java.lang.RuntimeException: INTERNAL COMPILER ERROR.
Please report this problem.
FUNCTION  1 [source_file: input0] is not a string node
  Node(CALL): input0:1:32
[source unknown]
  Parent(VOID): input0:1:0
[source unknown]

	at com.google.javascript.rhino.Node.getString(Node.java:992)
	at com.google.javascript.jscomp.PeepholeReplaceKnownMethods.tryFoldKnownNumericMethods(PeepholeReplaceKnownMethods.java:93)
	at com.google.javascript.jscomp.PeepholeReplaceKnownMethods.tryFoldKnownMethods(PeepholeReplaceKnownMethods.java:23)
	at com.google.javascript.jscomp.PeepholeReplaceKnownMethods.optimizeSubtree(PeepholeReplaceKnownMethods.java:8)
	at com.google.javascript.jscomp.PeepholeOptimizationsPass.visit(PeepholeOptimizationsPass.java:69)
	at com.google.javascript.jscomp.NodeTraversal.traverseBranch(NodeTraversal.java:464)
	at com.google.javascript.jscomp.NodeTraversal.traverseBranch(NodeTraversal.java:457)
	at com.google.javascript.jscomp.NodeTraversal.traverseBranch(NodeTraversal.java:457)
	at com.google.javascript.jscomp.NodeTraversal.traverseBranch(NodeTraversal.java:457)
	at com.google.javascript.jscomp.NodeTraversal.traverseBranch(NodeTraversal.java:457)
	at com.google.javascript.jscomp.NodeTraversal.traverse(NodeTraversal.java:249)
	at com.google.javascript.jscomp.PeepholeOptimizationsPass.process(PeepholeOptimizationsPass.java:57)
	at com.google.javascript.jscomp.PhaseOptimizer$PassFactoryDelegate.processInternal(PhaseOptimizer.java:271)
	at com.google.javascript.jscomp.PhaseOptimizer$NamedPass.process(PhaseOptimizer.java:248)
	at com.google.javascript.jscomp.PhaseOptimizer$LoopInternal.process(PhaseOptimizer.java:334)
	at com.google.javascript.jscomp.PhaseOptimizer.process(PhaseOptimizer.java:167)
	at com.google.javascript.jscomp.Compiler.optimize(Compiler.java:1571)
	at com.google.javascript.jscomp.Compiler.compileInternal(Compiler.java:660)
	at com.google.javascript.jscomp.Compiler.access$000(Compiler.java:68)
	at com.google.javascript.jscomp.Compiler$1.call(Compiler.java:556)
	at com.google.javascript.jscomp.Compiler$1.call(Compiler.java:554)
	at com.google.javascript.jscomp.Compiler$2.run(Compiler.java:597)
	... 1 more
Caused by: java.lang.UnsupportedOperationException: FUNCTION  1 [source_file: input0] is not a string node
	... 23 more
Closure Compiler (http://code.google.com/closure/compiler)
Version: Unversioned directory
Built on: 2017/03/02 11:01
Closure Compiler (http://code.google.com/closure/compiler)
Version: Unversioned directory
Built on: 2017/03/02 11:01
Closure Compiler (http://code.google.com/closure/compiler)
Version: Unversioned directory
Built on: 2017/03/02 11:01
Closure Compiler (http://code.google.com/closure/compiler)
Version: Unversioned directory
Built on: 2017/03/02 11:01
Closure Compiler (http://code.google.com/closure/compiler)
Version: Unversioned directory
Built on: 2017/03/02 11:01
Closure Compiler (http://code.google.com/closure/compiler)
Version: Unversioned directory
Built on: 2017/03/02 11:01
Closure Compiler (http://code.google.com/closure/compiler)
Version: Unversioned directory
Built on: 2017/03/02 11:01
Closure Compiler (http://code.google.com/closure/compiler)
Version: Unversioned directory
Built on: 2017/03/02 11:01
Closure Compiler (http://code.google.com/closure/compiler)
Version: Unversioned directory
Built on: 2017/03/02 11:01
Closure Compiler (http://code.google.com/closure/compiler)
Version: Unversioned directory
Built on: 2017/03/02 11:01
Closure Compiler (http://code.google.com/closure/compiler)
Version: Unversioned directory
Built on: 2017/03/02 11:01
Closure Compiler (http://code.google.com/closure/compiler)
Version: Unversioned directory
Built on: 2017/03/02 11:01
Closure Compiler (http://code.google.com/closure/compiler)
Version: Unversioned directory
Built on: 2017/03/02 11:01
Closure Compiler (http://code.google.com/closure/compiler)
Version: Unversioned directory
Built on: 2017/03/02 11:01
Closure Compiler (http://code.google.com/closure/compiler)
Version: Unversioned directory
Built on: 2017/03/02 11:01
Closure Compiler (http://code.google.com/closure/compiler)
Version: Unversioned directory
Built on: 2017/03/02 11:01
Closure Compiler (http://code.google.com/closure/compiler)
Version: Unversioned directory
Built on: 2017/03/02 11:01
Closure Compiler (http://code.google.com/closure/compiler)
Version: Unversioned directory
Built on: 2017/03/02 11:01
Closure Compiler (http://code.google.com/closure/compiler)
Version: Unversioned directory
Built on: 2017/03/02 11:01
Closure Compiler (http://code.google.com/closure/compiler)
Version: Unversioned directory
Built on: 2017/03/02 11:01
java.lang.RuntimeException: java.lang.RuntimeException: INTERNAL COMPILER ERROR.
Please report this problem.
null
  Node(CALL): input0:1:23
[source unknown]
  Parent(EXPR_RESULT): input0:1:18
[source unknown]

	at com.google.javascript.jscomp.Compiler.runCallable(Compiler.java:625)
	at com.google.javascript.jscomp.Compiler.runInCompilerThread(Compiler.java:571)
	at com.google.javascript.jscomp.Compiler.compile(Compiler.java:554)
	at com.google.javascript.jscomp.Compiler.compile(Compiler.java:513)
	at com.google.javascript.jscomp.AbstractCommandLineRunner.doRun(AbstractCommandLineRunner.java:653)
	at com.google.javascript.jscomp.AbstractCommandLineRunner.run(AbstractCommandLineRunner.java:294)
	at com.google.javascript.jscomp.CommandLineRunnerTest.compile(CommandLineRunnerTest.java:960)
	at com.google.javascript.jscomp.CommandLineRunnerTest.test(CommandLineRunnerTest.java:843)
	at com.google.javascript.jscomp.CommandLineRunnerTest.test(CommandLineRunnerTest.java:875)
	at com.google.javascript.jscomp.CommandLineRunnerTest.testIssue504(CommandLineRunnerTest.java:365)
	at sun.reflect.NativeMethodAccessorImpl.invoke0(Native Method)
	at sun.reflect.NativeMethodAccessorImpl.invoke(NativeMethodAccessorImpl.java:57)
	at sun.reflect.DelegatingMethodAccessorImpl.invoke(DelegatingMethodAccessorImpl.java:43)
	at java.lang.reflect.Method.invoke(Method.java:606)
	at junit.framework.TestCase.runTest(TestCase.java:176)
	at junit.framework.TestCase.runBare(TestCase.java:141)
	at junit.framework.TestResult$1.protect(TestResult.java:122)
	at junit.framework.TestResult.runProtected(TestResult.java:142)
	at junit.framework.TestResult.run(TestResult.java:125)
	at junit.framework.TestCase.run(TestCase.java:129)
	at junit.framework.TestSuite.runTest(TestSuite.java:255)
	at junit.framework.TestSuite.run(TestSuite.java:250)
	at org.junit.internal.runners.JUnit38ClassRunner.run(JUnit38ClassRunner.java:84)
	at org.junit.runner.JUnitCore.run(JUnitCore.java:160)
	at org.junit.runner.JUnitCore.run(JUnitCore.java:138)
	at xxl.java.junit.JUnitSingleTestRunner.call(JUnitSingleTestRunner.java:23)
	at xxl.java.junit.JUnitSingleTestRunner.call(JUnitSingleTestRunner.java:10)
	at java.util.concurrent.FutureTask.run(FutureTask.java:262)
	at java.util.concurrent.ThreadPoolExecutor.runWorker(ThreadPoolExecutor.java:1145)
	at java.util.concurrent.ThreadPoolExecutor$Worker.run(ThreadPoolExecutor.java:615)
	at java.lang.Thread.run(Thread.java:745)
Caused by: java.lang.RuntimeException: INTERNAL COMPILER ERROR.
Please report this problem.
null
  Node(CALL): input0:1:23
[source unknown]
  Parent(EXPR_RESULT): input0:1:18
[source unknown]

	at com.google.javascript.rhino.Node.replaceChild(Node.java:774)
	at com.google.javascript.jscomp.PeepholeSubstituteAlternateSyntax.tryFoldLiteralConstructor(PeepholeSubstituteAlternateSyntax.java:812)
	at com.google.javascript.jscomp.PeepholeSubstituteAlternateSyntax.optimizeSubtree(PeepholeSubstituteAlternateSyntax.java:80)
	at com.google.javascript.jscomp.PeepholeOptimizationsPass.visit(PeepholeOptimizationsPass.java:69)
	at com.google.javascript.jscomp.NodeTraversal.traverseBranch(NodeTraversal.java:464)
	at com.google.javascript.jscomp.NodeTraversal.traverseBranch(NodeTraversal.java:457)
	at com.google.javascript.jscomp.NodeTraversal.traverseBranch(NodeTraversal.java:457)
	at com.google.javascript.jscomp.NodeTraversal.traverseFunction(NodeTraversal.java:502)
	at com.google.javascript.jscomp.NodeTraversal.traverseBranch(NodeTraversal.java:449)
	at com.google.javascript.jscomp.NodeTraversal.traverseBranch(NodeTraversal.java:457)
	at com.google.javascript.jscomp.NodeTraversal.traverseBranch(NodeTraversal.java:457)
	at com.google.javascript.jscomp.NodeTraversal.traverseBranch(NodeTraversal.java:457)
	at com.google.javascript.jscomp.NodeTraversal.traverseBranch(NodeTraversal.java:457)
	at com.google.javascript.jscomp.NodeTraversal.traverseBranch(NodeTraversal.java:457)
	at com.google.javascript.jscomp.NodeTraversal.traverse(NodeTraversal.java:249)
	at com.google.javascript.jscomp.PeepholeOptimizationsPass.process(PeepholeOptimizationsPass.java:57)
	at com.google.javascript.jscomp.PhaseOptimizer$PassFactoryDelegate.processInternal(PhaseOptimizer.java:271)
	at com.google.javascript.jscomp.PhaseOptimizer$NamedPass.process(PhaseOptimizer.java:248)
	at com.google.javascript.jscomp.PhaseOptimizer$LoopInternal.process(PhaseOptimizer.java:334)
	at com.google.javascript.jscomp.PhaseOptimizer.process(PhaseOptimizer.java:167)
	at com.google.javascript.jscomp.Compiler.optimize(Compiler.java:1571)
	at com.google.javascript.jscomp.Compiler.compileInternal(Compiler.java:660)
	at com.google.javascript.jscomp.Compiler.access$000(Compiler.java:68)
	at com.google.javascript.jscomp.Compiler$1.call(Compiler.java:556)
	at com.google.javascript.jscomp.Compiler$1.call(Compiler.java:554)
	at com.google.javascript.jscomp.Compiler$2.run(Compiler.java:597)
	... 1 more
Caused by: java.lang.NullPointerException
	... 27 more
Closure Compiler (http://code.google.com/closure/compiler)
Version: Unversioned directory
Built on: 2017/03/02 11:01
Closure Compiler (http://code.google.com/closure/compiler)
Version: Unversioned directory
Built on: 2017/03/02 11:01
Closure Compiler (http://code.google.com/closure/compiler)
Version: Unversioned directory
Built on: 2017/03/02 11:01
Closure Compiler (http://code.google.com/closure/compiler)
Version: Unversioned directory
Built on: 2017/03/02 11:01
Closure Compiler (http://code.google.com/closure/compiler)
Version: Unversioned directory
Built on: 2017/03/02 11:01
Closure Compiler (http://code.google.com/closure/compiler)
Version: Unversioned directory
Built on: 2017/03/02 11:01
Closure Compiler (http://code.google.com/closure/compiler)
Version: Unversioned directory
Built on: 2017/03/02 11:01
Closure Compiler (http://code.google.com/closure/compiler)
Version: Unversioned directory
Built on: 2017/03/02 11:01
Closure Compiler (http://code.google.com/closure/compiler)
Version: Unversioned directory
Built on: 2017/03/02 11:01
Closure Compiler (http://code.google.com/closure/compiler)
Version: Unversioned directory
Built on: 2017/03/02 11:01
Closure Compiler (http://code.google.com/closure/compiler)
Version: Unversioned directory
Built on: 2017/03/02 11:01
Closure Compiler (http://code.google.com/closure/compiler)
Version: Unversioned directory
Built on: 2017/03/02 11:01
Closure Compiler (http://code.google.com/closure/compiler)
Version: Unversioned directory
Built on: 2017/03/02 11:01
Closure Compiler (http://code.google.com/closure/compiler)
Version: Unversioned directory
Built on: 2017/03/02 11:01
Closure Compiler (http://code.google.com/closure/compiler)
Version: Unversioned directory
Built on: 2017/03/02 11:01
Closure Compiler (http://code.google.com/closure/compiler)
Version: Unversioned directory
Built on: 2017/03/02 11:01
Closure Compiler (http://code.google.com/closure/compiler)
Version: Unversioned directory
Built on: 2017/03/02 11:01
Closure Compiler (http://code.google.com/closure/compiler)
Version: Unversioned directory
Built on: 2017/03/02 11:01
Closure Compiler (http://code.google.com/closure/compiler)
Version: Unversioned directory
Built on: 2017/03/02 11:01
Closure Compiler (http://code.google.com/closure/compiler)
Version: Unversioned directory
Built on: 2017/03/02 11:01
Closure Compiler (http://code.google.com/closure/compiler)
Version: Unversioned directory
Built on: 2017/03/02 11:01
Closure Compiler (http://code.google.com/closure/compiler)
Version: Unversioned directory
Built on: 2017/03/02 11:01
Closure Compiler (http://code.google.com/closure/compiler)
Version: Unversioned directory
Built on: 2017/03/02 11:01
Closure Compiler (http://code.google.com/closure/compiler)
Version: Unversioned directory
Built on: 2017/03/02 11:01
Closure Compiler (http://code.google.com/closure/compiler)
Version: Unversioned directory
Built on: 2017/03/02 11:01
Closure Compiler (http://code.google.com/closure/compiler)
Version: Unversioned directory
Built on: 2017/03/02 11:01
Closure Compiler (http://code.google.com/closure/compiler)
Version: Unversioned directory
Built on: 2017/03/02 11:01
Closure Compiler (http://code.google.com/closure/compiler)
Version: Unversioned directory
Built on: 2017/03/02 11:01
Closure Compiler (http://code.google.com/closure/compiler)
Version: Unversioned directory
Built on: 2017/03/02 11:01
Closure Compiler (http://code.google.com/closure/compiler)
Version: Unversioned directory
Built on: 2017/03/02 11:01
java.lang.RuntimeException: java.lang.RuntimeException: INTERNAL COMPILER ERROR.
Please report this problem.
null
  Node(SCRIPT): input0:1:0
[source unknown]
  Parent(BLOCK): input0:-1:-1
[source unknown]

	at com.google.javascript.jscomp.Compiler.runCallable(Compiler.java:625)
	at com.google.javascript.jscomp.Compiler.runInCompilerThread(Compiler.java:571)
	at com.google.javascript.jscomp.Compiler.compile(Compiler.java:554)
	at com.google.javascript.jscomp.Compiler.compile(Compiler.java:513)
	at com.google.javascript.jscomp.AbstractCommandLineRunner.doRun(AbstractCommandLineRunner.java:653)
	at com.google.javascript.jscomp.AbstractCommandLineRunner.run(AbstractCommandLineRunner.java:294)
	at com.google.javascript.jscomp.CommandLineRunnerTest.compile(CommandLineRunnerTest.java:960)
	at com.google.javascript.jscomp.CommandLineRunnerTest.test(CommandLineRunnerTest.java:843)
	at com.google.javascript.jscomp.CommandLineRunnerTest.test(CommandLineRunnerTest.java:875)
	at com.google.javascript.jscomp.CommandLineRunnerTest.testIssue504(CommandLineRunnerTest.java:365)
	at sun.reflect.NativeMethodAccessorImpl.invoke0(Native Method)
	at sun.reflect.NativeMethodAccessorImpl.invoke(NativeMethodAccessorImpl.java:57)
	at sun.reflect.DelegatingMethodAccessorImpl.invoke(DelegatingMethodAccessorImpl.java:43)
	at java.lang.reflect.Method.invoke(Method.java:606)
	at junit.framework.TestCase.runTest(TestCase.java:176)
	at junit.framework.TestCase.runBare(TestCase.java:141)
	at junit.framework.TestResult$1.protect(TestResult.java:122)
	at junit.framework.TestResult.runProtected(TestResult.java:142)
	at junit.framework.TestResult.run(TestResult.java:125)
	at junit.framework.TestCase.run(TestCase.java:129)
	at junit.framework.TestSuite.runTest(TestSuite.java:255)
	at junit.framework.TestSuite.run(TestSuite.java:250)
	at org.junit.internal.runners.JUnit38ClassRunner.run(JUnit38ClassRunner.java:84)
	at org.junit.runner.JUnitCore.run(JUnitCore.java:160)
	at org.junit.runner.JUnitCore.run(JUnitCore.java:138)
	at xxl.java.junit.JUnitSingleTestRunner.call(JUnitSingleTestRunner.java:23)
	at xxl.java.junit.JUnitSingleTestRunner.call(JUnitSingleTestRunner.java:10)
	at java.util.concurrent.FutureTask.run(FutureTask.java:262)
	at java.util.concurrent.ThreadPoolExecutor.runWorker(ThreadPoolExecutor.java:1145)
	at java.util.concurrent.ThreadPoolExecutor$Worker.run(ThreadPoolExecutor.java:615)
	at java.lang.Thread.run(Thread.java:745)
Caused by: java.lang.RuntimeException: INTERNAL COMPILER ERROR.
Please report this problem.
null
  Node(SCRIPT): input0:1:0
[source unknown]
  Parent(BLOCK): input0:-1:-1
[source unknown]

	at com.google.javascript.jscomp.FunctionRewriter$SetterReducer.getSetPropertyName(FunctionRewriter.java:292)
	at com.google.javascript.jscomp.FunctionRewriter$SetterReducer.reduce(FunctionRewriter.java:279)
	at com.google.javascript.jscomp.FunctionRewriter$ReductionGatherer.shouldTraverse(FunctionRewriter.java:82)
	at com.google.javascript.jscomp.NodeTraversal.traverseBranch(NodeTraversal.java:445)
	at com.google.javascript.jscomp.NodeTraversal.traverseBranch(NodeTraversal.java:457)
	at com.google.javascript.jscomp.NodeTraversal.traverse(NodeTraversal.java:249)
	at com.google.javascript.jscomp.NodeTraversal.traverse(NodeTraversal.java:422)
	at com.google.javascript.jscomp.FunctionRewriter.process(FunctionRewriter.java:15)
	at com.google.javascript.jscomp.PhaseOptimizer$PassFactoryDelegate.processInternal(PhaseOptimizer.java:271)
	at com.google.javascript.jscomp.PhaseOptimizer$NamedPass.process(PhaseOptimizer.java:248)
	at com.google.javascript.jscomp.PhaseOptimizer.process(PhaseOptimizer.java:167)
	at com.google.javascript.jscomp.Compiler.optimize(Compiler.java:1571)
	at com.google.javascript.jscomp.Compiler.compileInternal(Compiler.java:660)
	at com.google.javascript.jscomp.Compiler.access$000(Compiler.java:68)
	at com.google.javascript.jscomp.Compiler$1.call(Compiler.java:556)
	at com.google.javascript.jscomp.Compiler$1.call(Compiler.java:554)
	at com.google.javascript.jscomp.Compiler$2.run(Compiler.java:597)
	... 1 more
Caused by: java.lang.NullPointerException
	... 18 more
Closure Compiler (http://code.google.com/closure/compiler)
Version: Unversioned directory
Built on: 2017/03/02 11:01
Closure Compiler (http://code.google.com/closure/compiler)
Version: Unversioned directory
Built on: 2017/03/02 11:01
java.lang.RuntimeException: java.lang.RuntimeException: INTERNAL COMPILER ERROR.
Please report this problem.
null
  Node(SCRIPT): input0:1:0
[source unknown]
  Parent(BLOCK): input0:-1:-1
[source unknown]

	at com.google.javascript.jscomp.Compiler.runCallable(Compiler.java:625)
	at com.google.javascript.jscomp.Compiler.runInCompilerThread(Compiler.java:571)
	at com.google.javascript.jscomp.Compiler.compile(Compiler.java:554)
	at com.google.javascript.jscomp.Compiler.compile(Compiler.java:513)
	at com.google.javascript.jscomp.AbstractCommandLineRunner.doRun(AbstractCommandLineRunner.java:653)
	at com.google.javascript.jscomp.AbstractCommandLineRunner.run(AbstractCommandLineRunner.java:294)
	at com.google.javascript.jscomp.CommandLineRunnerTest.compile(CommandLineRunnerTest.java:960)
	at com.google.javascript.jscomp.CommandLineRunnerTest.test(CommandLineRunnerTest.java:843)
	at com.google.javascript.jscomp.CommandLineRunnerTest.test(CommandLineRunnerTest.java:875)
	at com.google.javascript.jscomp.CommandLineRunnerTest.testIssue504(CommandLineRunnerTest.java:365)
	at sun.reflect.NativeMethodAccessorImpl.invoke0(Native Method)
	at sun.reflect.NativeMethodAccessorImpl.invoke(NativeMethodAccessorImpl.java:57)
	at sun.reflect.DelegatingMethodAccessorImpl.invoke(DelegatingMethodAccessorImpl.java:43)
	at java.lang.reflect.Method.invoke(Method.java:606)
	at junit.framework.TestCase.runTest(TestCase.java:176)
	at junit.framework.TestCase.runBare(TestCase.java:141)
	at junit.framework.TestResult$1.protect(TestResult.java:122)
	at junit.framework.TestResult.runProtected(TestResult.java:142)
	at junit.framework.TestResult.run(TestResult.java:125)
	at junit.framework.TestCase.run(TestCase.java:129)
	at junit.framework.TestSuite.runTest(TestSuite.java:255)
	at junit.framework.TestSuite.run(TestSuite.java:250)
	at org.junit.internal.runners.JUnit38ClassRunner.run(JUnit38ClassRunner.java:84)
	at org.junit.runner.JUnitCore.run(JUnitCore.java:160)
	at org.junit.runner.JUnitCore.run(JUnitCore.java:138)
	at xxl.java.junit.JUnitSingleTestRunner.call(JUnitSingleTestRunner.java:23)
	at xxl.java.junit.JUnitSingleTestRunner.call(JUnitSingleTestRunner.java:10)
	at java.util.concurrent.FutureTask.run(FutureTask.java:262)
	at java.util.concurrent.ThreadPoolExecutor.runWorker(ThreadPoolExecutor.java:1145)
	at java.util.concurrent.ThreadPoolExecutor$Worker.run(ThreadPoolExecutor.java:615)
	at java.lang.Thread.run(Thread.java:745)
Caused by: java.lang.RuntimeException: INTERNAL COMPILER ERROR.
Please report this problem.
null
  Node(SCRIPT): input0:1:0
[source unknown]
  Parent(BLOCK): input0:-1:-1
[source unknown]

	at com.google.javascript.jscomp.FunctionRewriter$SetterReducer.getSetPropertyName(FunctionRewriter.java:292)
	at com.google.javascript.jscomp.FunctionRewriter$SetterReducer.reduce(FunctionRewriter.java:279)
	at com.google.javascript.jscomp.FunctionRewriter$ReductionGatherer.shouldTraverse(FunctionRewriter.java:82)
	at com.google.javascript.jscomp.NodeTraversal.traverseBranch(NodeTraversal.java:445)
	at com.google.javascript.jscomp.NodeTraversal.traverseBranch(NodeTraversal.java:457)
	at com.google.javascript.jscomp.NodeTraversal.traverse(NodeTraversal.java:249)
	at com.google.javascript.jscomp.NodeTraversal.traverse(NodeTraversal.java:422)
	at com.google.javascript.jscomp.FunctionRewriter.process(FunctionRewriter.java:15)
	at com.google.javascript.jscomp.PhaseOptimizer$PassFactoryDelegate.processInternal(PhaseOptimizer.java:271)
	at com.google.javascript.jscomp.PhaseOptimizer$NamedPass.process(PhaseOptimizer.java:248)
	at com.google.javascript.jscomp.PhaseOptimizer.process(PhaseOptimizer.java:167)
	at com.google.javascript.jscomp.Compiler.optimize(Compiler.java:1571)
	at com.google.javascript.jscomp.Compiler.compileInternal(Compiler.java:660)
	at com.google.javascript.jscomp.Compiler.access$000(Compiler.java:68)
	at com.google.javascript.jscomp.Compiler$1.call(Compiler.java:556)
	at com.google.javascript.jscomp.Compiler$1.call(Compiler.java:554)
	at com.google.javascript.jscomp.Compiler$2.run(Compiler.java:597)
	... 1 more
Caused by: java.lang.NullPointerException
	... 18 more
Closure Compiler (http://code.google.com/closure/compiler)
Version: Unversioned directory
Built on: 2017/03/02 11:01
Closure Compiler (http://code.google.com/closure/compiler)
Version: Unversioned directory
Built on: 2017/03/02 11:01
Closure Compiler (http://code.google.com/closure/compiler)
Version: Unversioned directory
Built on: 2017/03/02 11:01
Closure Compiler (http://code.google.com/closure/compiler)
Version: Unversioned directory
Built on: 2017/03/02 11:01
Closure Compiler (http://code.google.com/closure/compiler)
Version: Unversioned directory
Built on: 2017/03/02 11:01
Closure Compiler (http://code.google.com/closure/compiler)
Version: Unversioned directory
Built on: 2017/03/02 11:01
Closure Compiler (http://code.google.com/closure/compiler)
Version: Unversioned directory
Built on: 2017/03/02 11:01
Closure Compiler (http://code.google.com/closure/compiler)
Version: Unversioned directory
Built on: 2017/03/02 11:01
Closure Compiler (http://code.google.com/closure/compiler)
Version: Unversioned directory
Built on: 2017/03/02 11:01
Closure Compiler (http://code.google.com/closure/compiler)
Version: Unversioned directory
Built on: 2017/03/02 11:01
Closure Compiler (http://code.google.com/closure/compiler)
Version: Unversioned directory
Built on: 2017/03/02 11:01
Closure Compiler (http://code.google.com/closure/compiler)
Version: Unversioned directory
Built on: 2017/03/02 11:01
Closure Compiler (http://code.google.com/closure/compiler)
Version: Unversioned directory
Built on: 2017/03/02 11:01
Closure Compiler (http://code.google.com/closure/compiler)
Version: Unversioned directory
Built on: 2017/03/02 11:01
java.lang.RuntimeException: java.lang.RuntimeException: INTERNAL COMPILER ERROR.
Please report this problem.
null
  Node(SCRIPT): input0:1:0
[source unknown]
  Parent(BLOCK): input0:-1:-1
[source unknown]

	at com.google.javascript.jscomp.Compiler.runCallable(Compiler.java:625)
	at com.google.javascript.jscomp.Compiler.runInCompilerThread(Compiler.java:571)
	at com.google.javascript.jscomp.Compiler.compile(Compiler.java:554)
	at com.google.javascript.jscomp.Compiler.compile(Compiler.java:513)
	at com.google.javascript.jscomp.AbstractCommandLineRunner.doRun(AbstractCommandLineRunner.java:653)
	at com.google.javascript.jscomp.AbstractCommandLineRunner.run(AbstractCommandLineRunner.java:294)
	at com.google.javascript.jscomp.CommandLineRunnerTest.compile(CommandLineRunnerTest.java:960)
	at com.google.javascript.jscomp.CommandLineRunnerTest.test(CommandLineRunnerTest.java:843)
	at com.google.javascript.jscomp.CommandLineRunnerTest.test(CommandLineRunnerTest.java:875)
	at com.google.javascript.jscomp.CommandLineRunnerTest.testIssue504(CommandLineRunnerTest.java:365)
	at sun.reflect.NativeMethodAccessorImpl.invoke0(Native Method)
	at sun.reflect.NativeMethodAccessorImpl.invoke(NativeMethodAccessorImpl.java:57)
	at sun.reflect.DelegatingMethodAccessorImpl.invoke(DelegatingMethodAccessorImpl.java:43)
	at java.lang.reflect.Method.invoke(Method.java:606)
	at junit.framework.TestCase.runTest(TestCase.java:176)
	at junit.framework.TestCase.runBare(TestCase.java:141)
	at junit.framework.TestResult$1.protect(TestResult.java:122)
	at junit.framework.TestResult.runProtected(TestResult.java:142)
	at junit.framework.TestResult.run(TestResult.java:125)
	at junit.framework.TestCase.run(TestCase.java:129)
	at junit.framework.TestSuite.runTest(TestSuite.java:255)
	at junit.framework.TestSuite.run(TestSuite.java:250)
	at org.junit.internal.runners.JUnit38ClassRunner.run(JUnit38ClassRunner.java:84)
	at org.junit.runner.JUnitCore.run(JUnitCore.java:160)
	at org.junit.runner.JUnitCore.run(JUnitCore.java:138)
	at xxl.java.junit.JUnitSingleTestRunner.call(JUnitSingleTestRunner.java:23)
	at xxl.java.junit.JUnitSingleTestRunner.call(JUnitSingleTestRunner.java:10)
	at java.util.concurrent.FutureTask.run(FutureTask.java:262)
	at java.util.concurrent.ThreadPoolExecutor.runWorker(ThreadPoolExecutor.java:1145)
	at java.util.concurrent.ThreadPoolExecutor$Worker.run(ThreadPoolExecutor.java:615)
	at java.lang.Thread.run(Thread.java:745)
Caused by: java.lang.RuntimeException: INTERNAL COMPILER ERROR.
Please report this problem.
null
  Node(SCRIPT): input0:1:0
[source unknown]
  Parent(BLOCK): input0:-1:-1
[source unknown]

	at com.google.javascript.jscomp.FunctionRewriter$SingleReturnStatementReducer.maybeGetSingleReturnRValue(FunctionRewriter.java:135)
	at com.google.javascript.jscomp.FunctionRewriter$ReturnConstantReducer.getValueNode(FunctionRewriter.java:221)
	at com.google.javascript.jscomp.FunctionRewriter$ReturnConstantReducer.reduce(FunctionRewriter.java:212)
	at com.google.javascript.jscomp.FunctionRewriter$ReductionGatherer.shouldTraverse(FunctionRewriter.java:82)
	at com.google.javascript.jscomp.NodeTraversal.traverseBranch(NodeTraversal.java:445)
	at com.google.javascript.jscomp.NodeTraversal.traverseBranch(NodeTraversal.java:457)
	at com.google.javascript.jscomp.NodeTraversal.traverse(NodeTraversal.java:249)
	at com.google.javascript.jscomp.NodeTraversal.traverse(NodeTraversal.java:422)
	at com.google.javascript.jscomp.FunctionRewriter.process(FunctionRewriter.java:15)
	at com.google.javascript.jscomp.PhaseOptimizer$PassFactoryDelegate.processInternal(PhaseOptimizer.java:271)
	at com.google.javascript.jscomp.PhaseOptimizer$NamedPass.process(PhaseOptimizer.java:248)
	at com.google.javascript.jscomp.PhaseOptimizer.process(PhaseOptimizer.java:167)
	at com.google.javascript.jscomp.Compiler.optimize(Compiler.java:1571)
	at com.google.javascript.jscomp.Compiler.compileInternal(Compiler.java:660)
	at com.google.javascript.jscomp.Compiler.access$000(Compiler.java:68)
	at com.google.javascript.jscomp.Compiler$1.call(Compiler.java:556)
	at com.google.javascript.jscomp.Compiler$1.call(Compiler.java:554)
	at com.google.javascript.jscomp.Compiler$2.run(Compiler.java:597)
	... 1 more
Caused by: java.lang.NullPointerException
	... 19 more
Closure Compiler (http://code.google.com/closure/compiler)
Version: Unversioned directory
Built on: 2017/03/02 11:01
Closure Compiler (http://code.google.com/closure/compiler)
Version: Unversioned directory
Built on: 2017/03/02 11:01
java.lang.RuntimeException: java.lang.RuntimeException: INTERNAL COMPILER ERROR.
Please report this problem.
null
	at com.google.javascript.jscomp.Compiler.runCallable(Compiler.java:625)
	at com.google.javascript.jscomp.Compiler.runInCompilerThread(Compiler.java:571)
	at com.google.javascript.jscomp.Compiler.compile(Compiler.java:554)
	at com.google.javascript.jscomp.Compiler.compile(Compiler.java:513)
	at com.google.javascript.jscomp.AbstractCommandLineRunner.doRun(AbstractCommandLineRunner.java:653)
	at com.google.javascript.jscomp.AbstractCommandLineRunner.run(AbstractCommandLineRunner.java:294)
	at com.google.javascript.jscomp.CommandLineRunnerTest.compile(CommandLineRunnerTest.java:960)
	at com.google.javascript.jscomp.CommandLineRunnerTest.test(CommandLineRunnerTest.java:843)
	at com.google.javascript.jscomp.CommandLineRunnerTest.test(CommandLineRunnerTest.java:875)
	at com.google.javascript.jscomp.CommandLineRunnerTest.testIssue504(CommandLineRunnerTest.java:365)
	at sun.reflect.NativeMethodAccessorImpl.invoke0(Native Method)
	at sun.reflect.NativeMethodAccessorImpl.invoke(NativeMethodAccessorImpl.java:57)
	at sun.reflect.DelegatingMethodAccessorImpl.invoke(DelegatingMethodAccessorImpl.java:43)
	at java.lang.reflect.Method.invoke(Method.java:606)
	at junit.framework.TestCase.runTest(TestCase.java:176)
	at junit.framework.TestCase.runBare(TestCase.java:141)
	at junit.framework.TestResult$1.protect(TestResult.java:122)
	at junit.framework.TestResult.runProtected(TestResult.java:142)
	at junit.framework.TestResult.run(TestResult.java:125)
	at junit.framework.TestCase.run(TestCase.java:129)
	at junit.framework.TestSuite.runTest(TestSuite.java:255)
	at junit.framework.TestSuite.run(TestSuite.java:250)
	at org.junit.internal.runners.JUnit38ClassRunner.run(JUnit38ClassRunner.java:84)
	at org.junit.runner.JUnitCore.run(JUnitCore.java:160)
	at org.junit.runner.JUnitCore.run(JUnitCore.java:138)
	at xxl.java.junit.JUnitSingleTestRunner.call(JUnitSingleTestRunner.java:23)
	at xxl.java.junit.JUnitSingleTestRunner.call(JUnitSingleTestRunner.java:10)
	at java.util.concurrent.FutureTask.run(FutureTask.java:262)
	at java.util.concurrent.ThreadPoolExecutor.runWorker(ThreadPoolExecutor.java:1145)
	at java.util.concurrent.ThreadPoolExecutor$Worker.run(ThreadPoolExecutor.java:615)
	at java.lang.Thread.run(Thread.java:745)
Caused by: java.lang.RuntimeException: INTERNAL COMPILER ERROR.
Please report this problem.
null
	at com.google.javascript.jscomp.FunctionRewriter$IdentityReducer.isIdentityFunction(FunctionRewriter.java:185)
	at com.google.javascript.jscomp.FunctionRewriter$IdentityReducer.reduce(FunctionRewriter.java:176)
	at com.google.javascript.jscomp.FunctionRewriter$ReductionGatherer.shouldTraverse(FunctionRewriter.java:82)
	at com.google.javascript.jscomp.NodeTraversal.traverseBranch(NodeTraversal.java:445)
	at com.google.javascript.jscomp.NodeTraversal.traverse(NodeTraversal.java:249)
	at com.google.javascript.jscomp.NodeTraversal.traverse(NodeTraversal.java:422)
	at com.google.javascript.jscomp.FunctionRewriter.process(FunctionRewriter.java:15)
	at com.google.javascript.jscomp.PhaseOptimizer$PassFactoryDelegate.processInternal(PhaseOptimizer.java:271)
	at com.google.javascript.jscomp.PhaseOptimizer$NamedPass.process(PhaseOptimizer.java:248)
	at com.google.javascript.jscomp.PhaseOptimizer.process(PhaseOptimizer.java:167)
	at com.google.javascript.jscomp.Compiler.optimize(Compiler.java:1571)
	at com.google.javascript.jscomp.Compiler.compileInternal(Compiler.java:660)
	at com.google.javascript.jscomp.Compiler.access$000(Compiler.java:68)
	at com.google.javascript.jscomp.Compiler$1.call(Compiler.java:556)
	at com.google.javascript.jscomp.Compiler$1.call(Compiler.java:554)
	at com.google.javascript.jscomp.Compiler$2.run(Compiler.java:597)
	... 1 more
Caused by: java.lang.NullPointerException
	... 17 more
Closure Compiler (http://code.google.com/closure/compiler)
Version: Unversioned directory
Built on: 2017/03/02 11:01
Closure Compiler (http://code.google.com/closure/compiler)
Version: Unversioned directory
Built on: 2017/03/02 11:01
java.lang.RuntimeException: java.lang.RuntimeException: INTERNAL COMPILER ERROR.
Please report this problem.
null
	at com.google.javascript.jscomp.Compiler.runCallable(Compiler.java:625)
	at com.google.javascript.jscomp.Compiler.runInCompilerThread(Compiler.java:571)
	at com.google.javascript.jscomp.Compiler.compile(Compiler.java:554)
	at com.google.javascript.jscomp.Compiler.compile(Compiler.java:513)
	at com.google.javascript.jscomp.AbstractCommandLineRunner.doRun(AbstractCommandLineRunner.java:653)
	at com.google.javascript.jscomp.AbstractCommandLineRunner.run(AbstractCommandLineRunner.java:294)
	at com.google.javascript.jscomp.CommandLineRunnerTest.compile(CommandLineRunnerTest.java:960)
	at com.google.javascript.jscomp.CommandLineRunnerTest.test(CommandLineRunnerTest.java:843)
	at com.google.javascript.jscomp.CommandLineRunnerTest.test(CommandLineRunnerTest.java:875)
	at com.google.javascript.jscomp.CommandLineRunnerTest.testIssue504(CommandLineRunnerTest.java:365)
	at sun.reflect.NativeMethodAccessorImpl.invoke0(Native Method)
	at sun.reflect.NativeMethodAccessorImpl.invoke(NativeMethodAccessorImpl.java:57)
	at sun.reflect.DelegatingMethodAccessorImpl.invoke(DelegatingMethodAccessorImpl.java:43)
	at java.lang.reflect.Method.invoke(Method.java:606)
	at junit.framework.TestCase.runTest(TestCase.java:176)
	at junit.framework.TestCase.runBare(TestCase.java:141)
	at junit.framework.TestResult$1.protect(TestResult.java:122)
	at junit.framework.TestResult.runProtected(TestResult.java:142)
	at junit.framework.TestResult.run(TestResult.java:125)
	at junit.framework.TestCase.run(TestCase.java:129)
	at junit.framework.TestSuite.runTest(TestSuite.java:255)
	at junit.framework.TestSuite.run(TestSuite.java:250)
	at org.junit.internal.runners.JUnit38ClassRunner.run(JUnit38ClassRunner.java:84)
	at org.junit.runner.JUnitCore.run(JUnitCore.java:160)
	at org.junit.runner.JUnitCore.run(JUnitCore.java:138)
	at xxl.java.junit.JUnitSingleTestRunner.call(JUnitSingleTestRunner.java:23)
	at xxl.java.junit.JUnitSingleTestRunner.call(JUnitSingleTestRunner.java:10)
	at java.util.concurrent.FutureTask.run(FutureTask.java:262)
	at java.util.concurrent.ThreadPoolExecutor.runWorker(ThreadPoolExecutor.java:1145)
	at java.util.concurrent.ThreadPoolExecutor$Worker.run(ThreadPoolExecutor.java:615)
	at java.lang.Thread.run(Thread.java:745)
Caused by: java.lang.RuntimeException: INTERNAL COMPILER ERROR.
Please report this problem.
null
	at com.google.javascript.jscomp.FunctionRewriter$IdentityReducer.isIdentityFunction(FunctionRewriter.java:185)
	at com.google.javascript.jscomp.FunctionRewriter$IdentityReducer.reduce(FunctionRewriter.java:176)
	at com.google.javascript.jscomp.FunctionRewriter$ReductionGatherer.shouldTraverse(FunctionRewriter.java:82)
	at com.google.javascript.jscomp.NodeTraversal.traverseBranch(NodeTraversal.java:445)
	at com.google.javascript.jscomp.NodeTraversal.traverse(NodeTraversal.java:249)
	at com.google.javascript.jscomp.NodeTraversal.traverse(NodeTraversal.java:422)
	at com.google.javascript.jscomp.FunctionRewriter.process(FunctionRewriter.java:15)
	at com.google.javascript.jscomp.PhaseOptimizer$PassFactoryDelegate.processInternal(PhaseOptimizer.java:271)
	at com.google.javascript.jscomp.PhaseOptimizer$NamedPass.process(PhaseOptimizer.java:248)
	at com.google.javascript.jscomp.PhaseOptimizer.process(PhaseOptimizer.java:167)
	at com.google.javascript.jscomp.Compiler.optimize(Compiler.java:1571)
	at com.google.javascript.jscomp.Compiler.compileInternal(Compiler.java:660)
	at com.google.javascript.jscomp.Compiler.access$000(Compiler.java:68)
	at com.google.javascript.jscomp.Compiler$1.call(Compiler.java:556)
	at com.google.javascript.jscomp.Compiler$1.call(Compiler.java:554)
	at com.google.javascript.jscomp.Compiler$2.run(Compiler.java:597)
	... 1 more
Caused by: java.lang.NullPointerException
	... 17 more
Closure Compiler (http://code.google.com/closure/compiler)
Version: Unversioned directory
Built on: 2017/03/02 11:01
Closure Compiler (http://code.google.com/closure/compiler)
Version: Unversioned directory
Built on: 2017/03/02 11:01
java.lang.RuntimeException: java.lang.RuntimeException: INTERNAL COMPILER ERROR.
Please report this problem.
null
  Node(SCRIPT): input0:1:0
[source unknown]
  Parent(BLOCK): input0:-1:-1
[source unknown]

	at com.google.javascript.jscomp.Compiler.runCallable(Compiler.java:625)
	at com.google.javascript.jscomp.Compiler.runInCompilerThread(Compiler.java:571)
	at com.google.javascript.jscomp.Compiler.compile(Compiler.java:554)
	at com.google.javascript.jscomp.Compiler.compile(Compiler.java:513)
	at com.google.javascript.jscomp.AbstractCommandLineRunner.doRun(AbstractCommandLineRunner.java:653)
	at com.google.javascript.jscomp.AbstractCommandLineRunner.run(AbstractCommandLineRunner.java:294)
	at com.google.javascript.jscomp.CommandLineRunnerTest.compile(CommandLineRunnerTest.java:960)
	at com.google.javascript.jscomp.CommandLineRunnerTest.test(CommandLineRunnerTest.java:843)
	at com.google.javascript.jscomp.CommandLineRunnerTest.test(CommandLineRunnerTest.java:875)
	at com.google.javascript.jscomp.CommandLineRunnerTest.testIssue504(CommandLineRunnerTest.java:365)
	at sun.reflect.NativeMethodAccessorImpl.invoke0(Native Method)
	at sun.reflect.NativeMethodAccessorImpl.invoke(NativeMethodAccessorImpl.java:57)
	at sun.reflect.DelegatingMethodAccessorImpl.invoke(DelegatingMethodAccessorImpl.java:43)
	at java.lang.reflect.Method.invoke(Method.java:606)
	at junit.framework.TestCase.runTest(TestCase.java:176)
	at junit.framework.TestCase.runBare(TestCase.java:141)
	at junit.framework.TestResult$1.protect(TestResult.java:122)
	at junit.framework.TestResult.runProtected(TestResult.java:142)
	at junit.framework.TestResult.run(TestResult.java:125)
	at junit.framework.TestCase.run(TestCase.java:129)
	at junit.framework.TestSuite.runTest(TestSuite.java:255)
	at junit.framework.TestSuite.run(TestSuite.java:250)
	at org.junit.internal.runners.JUnit38ClassRunner.run(JUnit38ClassRunner.java:84)
	at org.junit.runner.JUnitCore.run(JUnitCore.java:160)
	at org.junit.runner.JUnitCore.run(JUnitCore.java:138)
	at xxl.java.junit.JUnitSingleTestRunner.call(JUnitSingleTestRunner.java:23)
	at xxl.java.junit.JUnitSingleTestRunner.call(JUnitSingleTestRunner.java:10)
	at java.util.concurrent.FutureTask.run(FutureTask.java:262)
	at java.util.concurrent.ThreadPoolExecutor.runWorker(ThreadPoolExecutor.java:1145)
	at java.util.concurrent.ThreadPoolExecutor$Worker.run(ThreadPoolExecutor.java:615)
	at java.lang.Thread.run(Thread.java:745)
Caused by: java.lang.RuntimeException: INTERNAL COMPILER ERROR.
Please report this problem.
null
  Node(SCRIPT): input0:1:0
[source unknown]
  Parent(BLOCK): input0:-1:-1
[source unknown]

	at com.google.javascript.jscomp.FunctionRewriter$SingleReturnStatementReducer.maybeGetSingleReturnRValue(FunctionRewriter.java:135)
	at com.google.javascript.jscomp.FunctionRewriter$GetterReducer.getGetPropertyName(FunctionRewriter.java:256)
	at com.google.javascript.jscomp.FunctionRewriter$GetterReducer.reduce(FunctionRewriter.java:244)
	at com.google.javascript.jscomp.FunctionRewriter$ReductionGatherer.shouldTraverse(FunctionRewriter.java:82)
	at com.google.javascript.jscomp.NodeTraversal.traverseBranch(NodeTraversal.java:445)
	at com.google.javascript.jscomp.NodeTraversal.traverseBranch(NodeTraversal.java:457)
	at com.google.javascript.jscomp.NodeTraversal.traverse(NodeTraversal.java:249)
	at com.google.javascript.jscomp.NodeTraversal.traverse(NodeTraversal.java:422)
	at com.google.javascript.jscomp.FunctionRewriter.process(FunctionRewriter.java:15)
	at com.google.javascript.jscomp.PhaseOptimizer$PassFactoryDelegate.processInternal(PhaseOptimizer.java:271)
	at com.google.javascript.jscomp.PhaseOptimizer$NamedPass.process(PhaseOptimizer.java:248)
	at com.google.javascript.jscomp.PhaseOptimizer.process(PhaseOptimizer.java:167)
	at com.google.javascript.jscomp.Compiler.optimize(Compiler.java:1571)
	at com.google.javascript.jscomp.Compiler.compileInternal(Compiler.java:660)
	at com.google.javascript.jscomp.Compiler.access$000(Compiler.java:68)
	at com.google.javascript.jscomp.Compiler$1.call(Compiler.java:556)
	at com.google.javascript.jscomp.Compiler$1.call(Compiler.java:554)
	at com.google.javascript.jscomp.Compiler$2.run(Compiler.java:597)
	... 1 more
Caused by: java.lang.NullPointerException
	... 19 more
Closure Compiler (http://code.google.com/closure/compiler)
Version: Unversioned directory
Built on: 2017/03/02 11:01
Closure Compiler (http://code.google.com/closure/compiler)
Version: Unversioned directory
Built on: 2017/03/02 11:01
java.lang.RuntimeException: java.lang.RuntimeException: INTERNAL COMPILER ERROR.
Please report this problem.
null
  Node(SCRIPT): input0:1:0
[source unknown]
  Parent(BLOCK): input0:-1:-1
[source unknown]

	at com.google.javascript.jscomp.Compiler.runCallable(Compiler.java:625)
	at com.google.javascript.jscomp.Compiler.runInCompilerThread(Compiler.java:571)
	at com.google.javascript.jscomp.Compiler.compile(Compiler.java:554)
	at com.google.javascript.jscomp.Compiler.compile(Compiler.java:513)
	at com.google.javascript.jscomp.AbstractCommandLineRunner.doRun(AbstractCommandLineRunner.java:653)
	at com.google.javascript.jscomp.AbstractCommandLineRunner.run(AbstractCommandLineRunner.java:294)
	at com.google.javascript.jscomp.CommandLineRunnerTest.compile(CommandLineRunnerTest.java:960)
	at com.google.javascript.jscomp.CommandLineRunnerTest.test(CommandLineRunnerTest.java:843)
	at com.google.javascript.jscomp.CommandLineRunnerTest.test(CommandLineRunnerTest.java:875)
	at com.google.javascript.jscomp.CommandLineRunnerTest.testIssue504(CommandLineRunnerTest.java:365)
	at sun.reflect.NativeMethodAccessorImpl.invoke0(Native Method)
	at sun.reflect.NativeMethodAccessorImpl.invoke(NativeMethodAccessorImpl.java:57)
	at sun.reflect.DelegatingMethodAccessorImpl.invoke(DelegatingMethodAccessorImpl.java:43)
	at java.lang.reflect.Method.invoke(Method.java:606)
	at junit.framework.TestCase.runTest(TestCase.java:176)
	at junit.framework.TestCase.runBare(TestCase.java:141)
	at junit.framework.TestResult$1.protect(TestResult.java:122)
	at junit.framework.TestResult.runProtected(TestResult.java:142)
	at junit.framework.TestResult.run(TestResult.java:125)
	at junit.framework.TestCase.run(TestCase.java:129)
	at junit.framework.TestSuite.runTest(TestSuite.java:255)
	at junit.framework.TestSuite.run(TestSuite.java:250)
	at org.junit.internal.runners.JUnit38ClassRunner.run(JUnit38ClassRunner.java:84)
	at org.junit.runner.JUnitCore.run(JUnitCore.java:160)
	at org.junit.runner.JUnitCore.run(JUnitCore.java:138)
	at xxl.java.junit.JUnitSingleTestRunner.call(JUnitSingleTestRunner.java:23)
	at xxl.java.junit.JUnitSingleTestRunner.call(JUnitSingleTestRunner.java:10)
	at java.util.concurrent.FutureTask.run(FutureTask.java:262)
	at java.util.concurrent.ThreadPoolExecutor.runWorker(ThreadPoolExecutor.java:1145)
	at java.util.concurrent.ThreadPoolExecutor$Worker.run(ThreadPoolExecutor.java:615)
	at java.lang.Thread.run(Thread.java:745)
Caused by: java.lang.RuntimeException: INTERNAL COMPILER ERROR.
Please report this problem.
null
  Node(SCRIPT): input0:1:0
[source unknown]
  Parent(BLOCK): input0:-1:-1
[source unknown]

	at com.google.javascript.jscomp.FunctionRewriter$SingleReturnStatementReducer.maybeGetSingleReturnRValue(FunctionRewriter.java:135)
	at com.google.javascript.jscomp.FunctionRewriter$GetterReducer.getGetPropertyName(FunctionRewriter.java:256)
	at com.google.javascript.jscomp.FunctionRewriter$GetterReducer.reduce(FunctionRewriter.java:244)
	at com.google.javascript.jscomp.FunctionRewriter$ReductionGatherer.shouldTraverse(FunctionRewriter.java:82)
	at com.google.javascript.jscomp.NodeTraversal.traverseBranch(NodeTraversal.java:445)
	at com.google.javascript.jscomp.NodeTraversal.traverseBranch(NodeTraversal.java:457)
	at com.google.javascript.jscomp.NodeTraversal.traverse(NodeTraversal.java:249)
	at com.google.javascript.jscomp.NodeTraversal.traverse(NodeTraversal.java:422)
	at com.google.javascript.jscomp.FunctionRewriter.process(FunctionRewriter.java:15)
	at com.google.javascript.jscomp.PhaseOptimizer$PassFactoryDelegate.processInternal(PhaseOptimizer.java:271)
	at com.google.javascript.jscomp.PhaseOptimizer$NamedPass.process(PhaseOptimizer.java:248)
	at com.google.javascript.jscomp.PhaseOptimizer.process(PhaseOptimizer.java:167)
	at com.google.javascript.jscomp.Compiler.optimize(Compiler.java:1571)
	at com.google.javascript.jscomp.Compiler.compileInternal(Compiler.java:660)
	at com.google.javascript.jscomp.Compiler.access$000(Compiler.java:68)
	at com.google.javascript.jscomp.Compiler$1.call(Compiler.java:556)
	at com.google.javascript.jscomp.Compiler$1.call(Compiler.java:554)
	at com.google.javascript.jscomp.Compiler$2.run(Compiler.java:597)
	... 1 more
Caused by: java.lang.NullPointerException
	... 19 more
Closure Compiler (http://code.google.com/closure/compiler)
Version: Unversioned directory
Built on: 2017/03/02 11:01
Closure Compiler (http://code.google.com/closure/compiler)
Version: Unversioned directory
Built on: 2017/03/02 11:01
Closure Compiler (http://code.google.com/closure/compiler)
Version: Unversioned directory
Built on: 2017/03/02 11:01
Closure Compiler (http://code.google.com/closure/compiler)
Version: Unversioned directory
Built on: 2017/03/02 11:01
Closure Compiler (http://code.google.com/closure/compiler)
Version: Unversioned directory
Built on: 2017/03/02 11:01
Closure Compiler (http://code.google.com/closure/compiler)
Version: Unversioned directory
Built on: 2017/03/02 11:01
Closure Compiler (http://code.google.com/closure/compiler)
Version: Unversioned directory
Built on: 2017/03/02 11:01
Closure Compiler (http://code.google.com/closure/compiler)
Version: Unversioned directory
Built on: 2017/03/02 11:01
Closure Compiler (http://code.google.com/closure/compiler)
Version: Unversioned directory
Built on: 2017/03/02 11:01
Closure Compiler (http://code.google.com/closure/compiler)
Version: Unversioned directory
Built on: 2017/03/02 11:01
Closure Compiler (http://code.google.com/closure/compiler)
Version: Unversioned directory
Built on: 2017/03/02 11:01
Closure Compiler (http://code.google.com/closure/compiler)
Version: Unversioned directory
Built on: 2017/03/02 11:01
Closure Compiler (http://code.google.com/closure/compiler)
Version: Unversioned directory
Built on: 2017/03/02 11:01
Closure Compiler (http://code.google.com/closure/compiler)
Version: Unversioned directory
Built on: 2017/03/02 11:01
Closure Compiler (http://code.google.com/closure/compiler)
Version: Unversioned directory
Built on: 2017/03/02 11:01
Closure Compiler (http://code.google.com/closure/compiler)
Version: Unversioned directory
Built on: 2017/03/02 11:01
Closure Compiler (http://code.google.com/closure/compiler)
Version: Unversioned directory
Built on: 2017/03/02 11:01
Closure Compiler (http://code.google.com/closure/compiler)
Version: Unversioned directory
Built on: 2017/03/02 11:01
java.lang.RuntimeException: java.lang.RuntimeException: INTERNAL COMPILER ERROR.
Please report this problem.
LP 1 [source_file: input0] is not a string node
  Node(LP): input0:1:13
[source unknown]
  Parent(FUNCTION ): input0:1:13
[source unknown]

	at com.google.javascript.jscomp.Compiler.runCallable(Compiler.java:625)
	at com.google.javascript.jscomp.Compiler.runInCompilerThread(Compiler.java:571)
	at com.google.javascript.jscomp.Compiler.compile(Compiler.java:554)
	at com.google.javascript.jscomp.Compiler.compile(Compiler.java:513)
	at com.google.javascript.jscomp.AbstractCommandLineRunner.doRun(AbstractCommandLineRunner.java:653)
	at com.google.javascript.jscomp.AbstractCommandLineRunner.run(AbstractCommandLineRunner.java:294)
	at com.google.javascript.jscomp.CommandLineRunnerTest.compile(CommandLineRunnerTest.java:960)
	at com.google.javascript.jscomp.CommandLineRunnerTest.test(CommandLineRunnerTest.java:843)
	at com.google.javascript.jscomp.CommandLineRunnerTest.test(CommandLineRunnerTest.java:875)
	at com.google.javascript.jscomp.CommandLineRunnerTest.testIssue504(CommandLineRunnerTest.java:365)
	at sun.reflect.NativeMethodAccessorImpl.invoke0(Native Method)
	at sun.reflect.NativeMethodAccessorImpl.invoke(NativeMethodAccessorImpl.java:57)
	at sun.reflect.DelegatingMethodAccessorImpl.invoke(DelegatingMethodAccessorImpl.java:43)
	at java.lang.reflect.Method.invoke(Method.java:606)
	at junit.framework.TestCase.runTest(TestCase.java:176)
	at junit.framework.TestCase.runBare(TestCase.java:141)
	at junit.framework.TestResult$1.protect(TestResult.java:122)
	at junit.framework.TestResult.runProtected(TestResult.java:142)
	at junit.framework.TestResult.run(TestResult.java:125)
	at junit.framework.TestCase.run(TestCase.java:129)
	at junit.framework.TestSuite.runTest(TestSuite.java:255)
	at junit.framework.TestSuite.run(TestSuite.java:250)
	at org.junit.internal.runners.JUnit38ClassRunner.run(JUnit38ClassRunner.java:84)
	at org.junit.runner.JUnitCore.run(JUnitCore.java:160)
	at org.junit.runner.JUnitCore.run(JUnitCore.java:138)
	at xxl.java.junit.JUnitSingleTestRunner.call(JUnitSingleTestRunner.java:23)
	at xxl.java.junit.JUnitSingleTestRunner.call(JUnitSingleTestRunner.java:10)
	at java.util.concurrent.FutureTask.run(FutureTask.java:262)
	at java.util.concurrent.ThreadPoolExecutor.runWorker(ThreadPoolExecutor.java:1145)
	at java.util.concurrent.ThreadPoolExecutor$Worker.run(ThreadPoolExecutor.java:615)
	at java.lang.Thread.run(Thread.java:745)
Caused by: java.lang.RuntimeException: INTERNAL COMPILER ERROR.
Please report this problem.
LP 1 [source_file: input0] is not a string node
  Node(LP): input0:1:13
[source unknown]
  Parent(FUNCTION ): input0:1:13
[source unknown]

	at com.google.javascript.rhino.Node.getString(Node.java:992)
	at com.google.javascript.jscomp.CheckRegExp.visit(CheckRegExp.java:45)
	at com.google.javascript.jscomp.NodeTraversal.traverseBranch(NodeTraversal.java:464)
	at com.google.javascript.jscomp.NodeTraversal.traverseFunction(NodeTraversal.java:497)
	at com.google.javascript.jscomp.NodeTraversal.traverseBranch(NodeTraversal.java:449)
	at com.google.javascript.jscomp.NodeTraversal.traverseBranch(NodeTraversal.java:457)
	at com.google.javascript.jscomp.NodeTraversal.traverseBranch(NodeTraversal.java:457)
	at com.google.javascript.jscomp.NodeTraversal.traverseBranch(NodeTraversal.java:457)
	at com.google.javascript.jscomp.NodeTraversal.traverseBranch(NodeTraversal.java:457)
	at com.google.javascript.jscomp.NodeTraversal.traverseBranch(NodeTraversal.java:457)
	at com.google.javascript.jscomp.NodeTraversal.traverse(NodeTraversal.java:249)
	at com.google.javascript.jscomp.NodeTraversal.traverse(NodeTraversal.java:422)
	at com.google.javascript.jscomp.CheckRegExp.process(CheckRegExp.java:21)
	at com.google.javascript.jscomp.DefaultPassConfig$17$1.process(DefaultPassConfig.java:972)
	at com.google.javascript.jscomp.PhaseOptimizer$PassFactoryDelegate.processInternal(PhaseOptimizer.java:271)
	at com.google.javascript.jscomp.PhaseOptimizer$NamedPass.process(PhaseOptimizer.java:248)
	at com.google.javascript.jscomp.PhaseOptimizer.process(PhaseOptimizer.java:167)
	at com.google.javascript.jscomp.Compiler.check(Compiler.java:729)
	at com.google.javascript.jscomp.Compiler.compileInternal(Compiler.java:648)
	at com.google.javascript.jscomp.Compiler.access$000(Compiler.java:68)
	at com.google.javascript.jscomp.Compiler$1.call(Compiler.java:556)
	at com.google.javascript.jscomp.Compiler$1.call(Compiler.java:554)
	at com.google.javascript.jscomp.Compiler$2.run(Compiler.java:597)
	... 1 more
Caused by: java.lang.UnsupportedOperationException: LP 1 [source_file: input0] is not a string node
	... 24 more
Closure Compiler (http://code.google.com/closure/compiler)
Version: Unversioned directory
Built on: 2017/03/02 11:01
Closure Compiler (http://code.google.com/closure/compiler)
Version: Unversioned directory
Built on: 2017/03/02 11:01
Closure Compiler (http://code.google.com/closure/compiler)
Version: Unversioned directory
Built on: 2017/03/02 11:01
Closure Compiler (http://code.google.com/closure/compiler)
Version: Unversioned directory
Built on: 2017/03/02 11:01
Closure Compiler (http://code.google.com/closure/compiler)
Version: Unversioned directory
Built on: 2017/03/02 11:01
Closure Compiler (http://code.google.com/closure/compiler)
Version: Unversioned directory
Built on: 2017/03/02 11:01
Closure Compiler (http://code.google.com/closure/compiler)
Version: Unversioned directory
Built on: 2017/03/02 11:01
Closure Compiler (http://code.google.com/closure/compiler)
Version: Unversioned directory
Built on: 2017/03/02 11:01
Closure Compiler (http://code.google.com/closure/compiler)
Version: Unversioned directory
Built on: 2017/03/02 11:01
Closure Compiler (http://code.google.com/closure/compiler)
Version: Unversioned directory
Built on: 2017/03/02 11:01
java.lang.RuntimeException: java.lang.RuntimeException: INTERNAL COMPILER ERROR.
Please report this problem.
null
  Node(SCRIPT): input0:1:0
[source unknown]
  Parent(BLOCK): input0:-1:-1
[source unknown]

	at com.google.javascript.jscomp.Compiler.runCallable(Compiler.java:625)
	at com.google.javascript.jscomp.Compiler.runInCompilerThread(Compiler.java:571)
	at com.google.javascript.jscomp.Compiler.compile(Compiler.java:554)
	at com.google.javascript.jscomp.Compiler.compile(Compiler.java:513)
	at com.google.javascript.jscomp.AbstractCommandLineRunner.doRun(AbstractCommandLineRunner.java:653)
	at com.google.javascript.jscomp.AbstractCommandLineRunner.run(AbstractCommandLineRunner.java:294)
	at com.google.javascript.jscomp.CommandLineRunnerTest.compile(CommandLineRunnerTest.java:960)
	at com.google.javascript.jscomp.CommandLineRunnerTest.test(CommandLineRunnerTest.java:843)
	at com.google.javascript.jscomp.CommandLineRunnerTest.test(CommandLineRunnerTest.java:875)
	at com.google.javascript.jscomp.CommandLineRunnerTest.testIssue504(CommandLineRunnerTest.java:365)
	at sun.reflect.NativeMethodAccessorImpl.invoke0(Native Method)
	at sun.reflect.NativeMethodAccessorImpl.invoke(NativeMethodAccessorImpl.java:57)
	at sun.reflect.DelegatingMethodAccessorImpl.invoke(DelegatingMethodAccessorImpl.java:43)
	at java.lang.reflect.Method.invoke(Method.java:606)
	at junit.framework.TestCase.runTest(TestCase.java:176)
	at junit.framework.TestCase.runBare(TestCase.java:141)
	at junit.framework.TestResult$1.protect(TestResult.java:122)
	at junit.framework.TestResult.runProtected(TestResult.java:142)
	at junit.framework.TestResult.run(TestResult.java:125)
	at junit.framework.TestCase.run(TestCase.java:129)
	at junit.framework.TestSuite.runTest(TestSuite.java:255)
	at junit.framework.TestSuite.run(TestSuite.java:250)
	at org.junit.internal.runners.JUnit38ClassRunner.run(JUnit38ClassRunner.java:84)
	at org.junit.runner.JUnitCore.run(JUnitCore.java:160)
	at org.junit.runner.JUnitCore.run(JUnitCore.java:138)
	at xxl.java.junit.JUnitSingleTestRunner.call(JUnitSingleTestRunner.java:23)
	at xxl.java.junit.JUnitSingleTestRunner.call(JUnitSingleTestRunner.java:10)
	at java.util.concurrent.FutureTask.run(FutureTask.java:262)
	at java.util.concurrent.ThreadPoolExecutor.runWorker(ThreadPoolExecutor.java:1145)
	at java.util.concurrent.ThreadPoolExecutor$Worker.run(ThreadPoolExecutor.java:615)
	at java.lang.Thread.run(Thread.java:745)
Caused by: java.lang.RuntimeException: INTERNAL COMPILER ERROR.
Please report this problem.
null
  Node(SCRIPT): input0:1:0
[source unknown]
  Parent(BLOCK): input0:-1:-1
[source unknown]

	at com.google.common.base.Preconditions.checkState(Preconditions.java:134)
	at com.google.javascript.jscomp.CollapseAnonymousFunctions$Callback.visit(CollapseAnonymousFunctions.java:60)
	at com.google.javascript.jscomp.NodeTraversal.traverseBranch(NodeTraversal.java:464)
	at com.google.javascript.jscomp.NodeTraversal.traverseBranch(NodeTraversal.java:457)
	at com.google.javascript.jscomp.NodeTraversal.traverse(NodeTraversal.java:249)
	at com.google.javascript.jscomp.NodeTraversal.traverse(NodeTraversal.java:422)
	at com.google.javascript.jscomp.CollapseAnonymousFunctions.process(CollapseAnonymousFunctions.java:12)
	at com.google.javascript.jscomp.PhaseOptimizer$PassFactoryDelegate.processInternal(PhaseOptimizer.java:271)
	at com.google.javascript.jscomp.PhaseOptimizer$NamedPass.process(PhaseOptimizer.java:248)
	at com.google.javascript.jscomp.PhaseOptimizer.process(PhaseOptimizer.java:167)
	at com.google.javascript.jscomp.Compiler.optimize(Compiler.java:1571)
	at com.google.javascript.jscomp.Compiler.compileInternal(Compiler.java:660)
	at com.google.javascript.jscomp.Compiler.access$000(Compiler.java:68)
	at com.google.javascript.jscomp.Compiler$1.call(Compiler.java:556)
	at com.google.javascript.jscomp.Compiler$1.call(Compiler.java:554)
	at com.google.javascript.jscomp.Compiler$2.run(Compiler.java:597)
	... 1 more
Caused by: java.lang.IllegalStateException
	... 17 more
Closure Compiler (http://code.google.com/closure/compiler)
Version: Unversioned directory
Built on: 2017/03/02 11:01
Closure Compiler (http://code.google.com/closure/compiler)
Version: Unversioned directory
Built on: 2017/03/02 11:01
java.lang.RuntimeException: java.lang.RuntimeException: INTERNAL COMPILER ERROR.
Please report this problem.
null
  Node(BLOCK): input0:-1:-1
[source unknown]
  Parent(BLOCK): input0:-1:-1
[source unknown]

	at com.google.javascript.jscomp.Compiler.runCallable(Compiler.java:625)
	at com.google.javascript.jscomp.Compiler.runInCompilerThread(Compiler.java:571)
	at com.google.javascript.jscomp.Compiler.compile(Compiler.java:554)
	at com.google.javascript.jscomp.Compiler.compile(Compiler.java:513)
	at com.google.javascript.jscomp.AbstractCommandLineRunner.doRun(AbstractCommandLineRunner.java:653)
	at com.google.javascript.jscomp.AbstractCommandLineRunner.run(AbstractCommandLineRunner.java:294)
	at com.google.javascript.jscomp.CommandLineRunnerTest.compile(CommandLineRunnerTest.java:960)
	at com.google.javascript.jscomp.CommandLineRunnerTest.test(CommandLineRunnerTest.java:843)
	at com.google.javascript.jscomp.CommandLineRunnerTest.test(CommandLineRunnerTest.java:875)
	at com.google.javascript.jscomp.CommandLineRunnerTest.testIssue504(CommandLineRunnerTest.java:365)
	at sun.reflect.NativeMethodAccessorImpl.invoke0(Native Method)
	at sun.reflect.NativeMethodAccessorImpl.invoke(NativeMethodAccessorImpl.java:57)
	at sun.reflect.DelegatingMethodAccessorImpl.invoke(DelegatingMethodAccessorImpl.java:43)
	at java.lang.reflect.Method.invoke(Method.java:606)
	at junit.framework.TestCase.runTest(TestCase.java:176)
	at junit.framework.TestCase.runBare(TestCase.java:141)
	at junit.framework.TestResult$1.protect(TestResult.java:122)
	at junit.framework.TestResult.runProtected(TestResult.java:142)
	at junit.framework.TestResult.run(TestResult.java:125)
	at junit.framework.TestCase.run(TestCase.java:129)
	at junit.framework.TestSuite.runTest(TestSuite.java:255)
	at junit.framework.TestSuite.run(TestSuite.java:250)
	at org.junit.internal.runners.JUnit38ClassRunner.run(JUnit38ClassRunner.java:84)
	at org.junit.runner.JUnitCore.run(JUnitCore.java:160)
	at org.junit.runner.JUnitCore.run(JUnitCore.java:138)
	at xxl.java.junit.JUnitSingleTestRunner.call(JUnitSingleTestRunner.java:23)
	at xxl.java.junit.JUnitSingleTestRunner.call(JUnitSingleTestRunner.java:10)
	at java.util.concurrent.FutureTask.run(FutureTask.java:262)
	at java.util.concurrent.ThreadPoolExecutor.runWorker(ThreadPoolExecutor.java:1145)
	at java.util.concurrent.ThreadPoolExecutor$Worker.run(ThreadPoolExecutor.java:615)
	at java.lang.Thread.run(Thread.java:745)
Caused by: java.lang.RuntimeException: INTERNAL COMPILER ERROR.
Please report this problem.
null
  Node(BLOCK): input0:-1:-1
[source unknown]
  Parent(BLOCK): input0:-1:-1
[source unknown]

	at com.google.javascript.jscomp.CollapseAnonymousFunctions$Callback.visit(CollapseAnonymousFunctions.java:36)
	at com.google.javascript.jscomp.NodeTraversal.traverseBranch(NodeTraversal.java:464)
	at com.google.javascript.jscomp.NodeTraversal.traverse(NodeTraversal.java:249)
	at com.google.javascript.jscomp.NodeTraversal.traverse(NodeTraversal.java:422)
	at com.google.javascript.jscomp.CollapseAnonymousFunctions.process(CollapseAnonymousFunctions.java:12)
	at com.google.javascript.jscomp.PhaseOptimizer$PassFactoryDelegate.processInternal(PhaseOptimizer.java:271)
	at com.google.javascript.jscomp.PhaseOptimizer$NamedPass.process(PhaseOptimizer.java:248)
	at com.google.javascript.jscomp.PhaseOptimizer.process(PhaseOptimizer.java:167)
	at com.google.javascript.jscomp.Compiler.optimize(Compiler.java:1571)
	at com.google.javascript.jscomp.Compiler.compileInternal(Compiler.java:660)
	at com.google.javascript.jscomp.Compiler.access$000(Compiler.java:68)
	at com.google.javascript.jscomp.Compiler$1.call(Compiler.java:556)
	at com.google.javascript.jscomp.Compiler$1.call(Compiler.java:554)
	at com.google.javascript.jscomp.Compiler$2.run(Compiler.java:597)
	... 1 more
Caused by: java.lang.NullPointerException
	... 15 more
Closure Compiler (http://code.google.com/closure/compiler)
Version: Unversioned directory
Built on: 2017/03/02 11:01
Closure Compiler (http://code.google.com/closure/compiler)
Version: Unversioned directory
Built on: 2017/03/02 11:01
java.lang.RuntimeException: java.lang.RuntimeException: INTERNAL COMPILER ERROR.
Please report this problem.
null
  Node(BLOCK): input0:-1:-1
[source unknown]
  Parent(BLOCK): input0:-1:-1
[source unknown]

	at com.google.javascript.jscomp.Compiler.runCallable(Compiler.java:625)
	at com.google.javascript.jscomp.Compiler.runInCompilerThread(Compiler.java:571)
	at com.google.javascript.jscomp.Compiler.compile(Compiler.java:554)
	at com.google.javascript.jscomp.Compiler.compile(Compiler.java:513)
	at com.google.javascript.jscomp.AbstractCommandLineRunner.doRun(AbstractCommandLineRunner.java:653)
	at com.google.javascript.jscomp.AbstractCommandLineRunner.run(AbstractCommandLineRunner.java:294)
	at com.google.javascript.jscomp.CommandLineRunnerTest.compile(CommandLineRunnerTest.java:960)
	at com.google.javascript.jscomp.CommandLineRunnerTest.test(CommandLineRunnerTest.java:843)
	at com.google.javascript.jscomp.CommandLineRunnerTest.test(CommandLineRunnerTest.java:875)
	at com.google.javascript.jscomp.CommandLineRunnerTest.testIssue504(CommandLineRunnerTest.java:365)
	at sun.reflect.NativeMethodAccessorImpl.invoke0(Native Method)
	at sun.reflect.NativeMethodAccessorImpl.invoke(NativeMethodAccessorImpl.java:57)
	at sun.reflect.DelegatingMethodAccessorImpl.invoke(DelegatingMethodAccessorImpl.java:43)
	at java.lang.reflect.Method.invoke(Method.java:606)
	at junit.framework.TestCase.runTest(TestCase.java:176)
	at junit.framework.TestCase.runBare(TestCase.java:141)
	at junit.framework.TestResult$1.protect(TestResult.java:122)
	at junit.framework.TestResult.runProtected(TestResult.java:142)
	at junit.framework.TestResult.run(TestResult.java:125)
	at junit.framework.TestCase.run(TestCase.java:129)
	at junit.framework.TestSuite.runTest(TestSuite.java:255)
	at junit.framework.TestSuite.run(TestSuite.java:250)
	at org.junit.internal.runners.JUnit38ClassRunner.run(JUnit38ClassRunner.java:84)
	at org.junit.runner.JUnitCore.run(JUnitCore.java:160)
	at org.junit.runner.JUnitCore.run(JUnitCore.java:138)
	at xxl.java.junit.JUnitSingleTestRunner.call(JUnitSingleTestRunner.java:23)
	at xxl.java.junit.JUnitSingleTestRunner.call(JUnitSingleTestRunner.java:10)
	at java.util.concurrent.FutureTask.run(FutureTask.java:262)
	at java.util.concurrent.ThreadPoolExecutor.runWorker(ThreadPoolExecutor.java:1145)
	at java.util.concurrent.ThreadPoolExecutor$Worker.run(ThreadPoolExecutor.java:615)
	at java.lang.Thread.run(Thread.java:745)
Caused by: java.lang.RuntimeException: INTERNAL COMPILER ERROR.
Please report this problem.
null
  Node(BLOCK): input0:-1:-1
[source unknown]
  Parent(BLOCK): input0:-1:-1
[source unknown]

	at com.google.javascript.jscomp.CollapseAnonymousFunctions$Callback.visit(CollapseAnonymousFunctions.java:36)
	at com.google.javascript.jscomp.NodeTraversal.traverseBranch(NodeTraversal.java:464)
	at com.google.javascript.jscomp.NodeTraversal.traverse(NodeTraversal.java:249)
	at com.google.javascript.jscomp.NodeTraversal.traverse(NodeTraversal.java:422)
	at com.google.javascript.jscomp.CollapseAnonymousFunctions.process(CollapseAnonymousFunctions.java:12)
	at com.google.javascript.jscomp.PhaseOptimizer$PassFactoryDelegate.processInternal(PhaseOptimizer.java:271)
	at com.google.javascript.jscomp.PhaseOptimizer$NamedPass.process(PhaseOptimizer.java:248)
	at com.google.javascript.jscomp.PhaseOptimizer.process(PhaseOptimizer.java:167)
	at com.google.javascript.jscomp.Compiler.optimize(Compiler.java:1571)
	at com.google.javascript.jscomp.Compiler.compileInternal(Compiler.java:660)
	at com.google.javascript.jscomp.Compiler.access$000(Compiler.java:68)
	at com.google.javascript.jscomp.Compiler$1.call(Compiler.java:556)
	at com.google.javascript.jscomp.Compiler$1.call(Compiler.java:554)
	at com.google.javascript.jscomp.Compiler$2.run(Compiler.java:597)
	... 1 more
Caused by: java.lang.NullPointerException
	... 15 more
Closure Compiler (http://code.google.com/closure/compiler)
Version: Unversioned directory
Built on: 2017/03/02 11:01
Closure Compiler (http://code.google.com/closure/compiler)
Version: Unversioned directory
Built on: 2017/03/02 11:01
Closure Compiler (http://code.google.com/closure/compiler)
Version: Unversioned directory
Built on: 2017/03/02 11:01
Closure Compiler (http://code.google.com/closure/compiler)
Version: Unversioned directory
Built on: 2017/03/02 11:01
java.lang.RuntimeException: java.lang.RuntimeException: INTERNAL COMPILER ERROR.
Please report this problem.
null
  Node(GETPROP): externs:10:0
Function.prototype.call = function(var_args) {};/**
  Parent(GETPROP): externs:10:0
Function.prototype.call = function(var_args) {};/**

	at com.google.javascript.jscomp.Compiler.runCallable(Compiler.java:625)
	at com.google.javascript.jscomp.Compiler.runInCompilerThread(Compiler.java:571)
	at com.google.javascript.jscomp.Compiler.compile(Compiler.java:554)
	at com.google.javascript.jscomp.Compiler.compile(Compiler.java:513)
	at com.google.javascript.jscomp.AbstractCommandLineRunner.doRun(AbstractCommandLineRunner.java:653)
	at com.google.javascript.jscomp.AbstractCommandLineRunner.run(AbstractCommandLineRunner.java:294)
	at com.google.javascript.jscomp.CommandLineRunnerTest.compile(CommandLineRunnerTest.java:960)
	at com.google.javascript.jscomp.CommandLineRunnerTest.test(CommandLineRunnerTest.java:843)
	at com.google.javascript.jscomp.CommandLineRunnerTest.test(CommandLineRunnerTest.java:875)
	at com.google.javascript.jscomp.CommandLineRunnerTest.testIssue504(CommandLineRunnerTest.java:365)
	at sun.reflect.NativeMethodAccessorImpl.invoke0(Native Method)
	at sun.reflect.NativeMethodAccessorImpl.invoke(NativeMethodAccessorImpl.java:57)
	at sun.reflect.DelegatingMethodAccessorImpl.invoke(DelegatingMethodAccessorImpl.java:43)
	at java.lang.reflect.Method.invoke(Method.java:606)
	at junit.framework.TestCase.runTest(TestCase.java:176)
	at junit.framework.TestCase.runBare(TestCase.java:141)
	at junit.framework.TestResult$1.protect(TestResult.java:122)
	at junit.framework.TestResult.runProtected(TestResult.java:142)
	at junit.framework.TestResult.run(TestResult.java:125)
	at junit.framework.TestCase.run(TestCase.java:129)
	at junit.framework.TestSuite.runTest(TestSuite.java:255)
	at junit.framework.TestSuite.run(TestSuite.java:250)
	at org.junit.internal.runners.JUnit38ClassRunner.run(JUnit38ClassRunner.java:84)
	at org.junit.runner.JUnitCore.run(JUnitCore.java:160)
	at org.junit.runner.JUnitCore.run(JUnitCore.java:138)
	at xxl.java.junit.JUnitSingleTestRunner.call(JUnitSingleTestRunner.java:23)
	at xxl.java.junit.JUnitSingleTestRunner.call(JUnitSingleTestRunner.java:10)
	at java.util.concurrent.FutureTask.run(FutureTask.java:262)
	at java.util.concurrent.ThreadPoolExecutor.runWorker(ThreadPoolExecutor.java:1145)
	at java.util.concurrent.ThreadPoolExecutor$Worker.run(ThreadPoolExecutor.java:615)
	at java.lang.Thread.run(Thread.java:745)
Caused by: java.lang.RuntimeException: INTERNAL COMPILER ERROR.
Please report this problem.
null
  Node(GETPROP): externs:10:0
Function.prototype.call = function(var_args) {};/**
  Parent(GETPROP): externs:10:0
Function.prototype.call = function(var_args) {};/**

	at com.google.javascript.jscomp.MethodCompilerPass.addPossibleSignature(MethodCompilerPass.java:43)
	at com.google.javascript.jscomp.MethodCompilerPass.access$300(MethodCompilerPass.java:2)
	at com.google.javascript.jscomp.MethodCompilerPass$GatherSignatures.processPrototypeParent(MethodCompilerPass.java:157)
	at com.google.javascript.jscomp.MethodCompilerPass$GatherSignatures.visit(MethodCompilerPass.java:105)
	at com.google.javascript.jscomp.NodeTraversal.traverseBranch(NodeTraversal.java:464)
	at com.google.javascript.jscomp.NodeTraversal.traverseBranch(NodeTraversal.java:457)
	at com.google.javascript.jscomp.NodeTraversal.traverseBranch(NodeTraversal.java:457)
	at com.google.javascript.jscomp.NodeTraversal.traverseBranch(NodeTraversal.java:457)
	at com.google.javascript.jscomp.NodeTraversal.traverseBranch(NodeTraversal.java:457)
	at com.google.javascript.jscomp.NodeTraversal.traverseBranch(NodeTraversal.java:457)
	at com.google.javascript.jscomp.NodeTraversal.traverseRoots(NodeTraversal.java:275)
	at com.google.javascript.jscomp.NodeTraversal.traverseRoots(NodeTraversal.java:431)
	at com.google.javascript.jscomp.MethodCompilerPass.process(MethodCompilerPass.java:34)
	at com.google.javascript.jscomp.PhaseOptimizer$PassFactoryDelegate.processInternal(PhaseOptimizer.java:271)
	at com.google.javascript.jscomp.PhaseOptimizer$NamedPass.process(PhaseOptimizer.java:248)
	at com.google.javascript.jscomp.PhaseOptimizer$LoopInternal.process(PhaseOptimizer.java:334)
	at com.google.javascript.jscomp.PhaseOptimizer.process(PhaseOptimizer.java:167)
	at com.google.javascript.jscomp.Compiler.optimize(Compiler.java:1571)
	at com.google.javascript.jscomp.Compiler.compileInternal(Compiler.java:660)
	at com.google.javascript.jscomp.Compiler.access$000(Compiler.java:68)
	at com.google.javascript.jscomp.Compiler$1.call(Compiler.java:556)
	at com.google.javascript.jscomp.Compiler$1.call(Compiler.java:554)
	at com.google.javascript.jscomp.Compiler$2.run(Compiler.java:597)
	... 1 more
Caused by: java.lang.NullPointerException
	... 24 more
Closure Compiler (http://code.google.com/closure/compiler)
Version: Unversioned directory
Built on: 2017/03/02 11:01
Closure Compiler (http://code.google.com/closure/compiler)
Version: Unversioned directory
Built on: 2017/03/02 11:01
Closure Compiler (http://code.google.com/closure/compiler)
Version: Unversioned directory
Built on: 2017/03/02 11:01
Closure Compiler (http://code.google.com/closure/compiler)
Version: Unversioned directory
Built on: 2017/03/02 11:01
Closure Compiler (http://code.google.com/closure/compiler)
Version: Unversioned directory
Built on: 2017/03/02 11:01
Closure Compiler (http://code.google.com/closure/compiler)
Version: Unversioned directory
Built on: 2017/03/02 11:01
Closure Compiler (http://code.google.com/closure/compiler)
Version: Unversioned directory
Built on: 2017/03/02 11:01
Closure Compiler (http://code.google.com/closure/compiler)
Version: Unversioned directory
Built on: 2017/03/02 11:01
Closure Compiler (http://code.google.com/closure/compiler)
Version: Unversioned directory
Built on: 2017/03/02 11:01
Closure Compiler (http://code.google.com/closure/compiler)
Version: Unversioned directory
Built on: 2017/03/02 11:01
Closure Compiler (http://code.google.com/closure/compiler)
Version: Unversioned directory
Built on: 2017/03/02 11:01
Closure Compiler (http://code.google.com/closure/compiler)
Version: Unversioned directory
Built on: 2017/03/02 11:01
Closure Compiler (http://code.google.com/closure/compiler)
Version: Unversioned directory
Built on: 2017/03/02 11:01
Closure Compiler (http://code.google.com/closure/compiler)
Version: Unversioned directory
Built on: 2017/03/02 11:01
Closure Compiler (http://code.google.com/closure/compiler)
Version: Unversioned directory
Built on: 2017/03/02 11:01
Closure Compiler (http://code.google.com/closure/compiler)
Version: Unversioned directory
Built on: 2017/03/02 11:01
java.lang.RuntimeException: java.lang.RuntimeException: INTERNAL COMPILER ERROR.
Please report this problem.
null
  Node(CALL): input0:1:23
[source unknown]
  Parent(EXPR_RESULT): input0:1:18
[source unknown]

	at com.google.javascript.jscomp.Compiler.runCallable(Compiler.java:625)
	at com.google.javascript.jscomp.Compiler.runInCompilerThread(Compiler.java:571)
	at com.google.javascript.jscomp.Compiler.compile(Compiler.java:554)
	at com.google.javascript.jscomp.Compiler.compile(Compiler.java:513)
	at com.google.javascript.jscomp.AbstractCommandLineRunner.doRun(AbstractCommandLineRunner.java:653)
	at com.google.javascript.jscomp.AbstractCommandLineRunner.run(AbstractCommandLineRunner.java:294)
	at com.google.javascript.jscomp.CommandLineRunnerTest.compile(CommandLineRunnerTest.java:960)
	at com.google.javascript.jscomp.CommandLineRunnerTest.test(CommandLineRunnerTest.java:843)
	at com.google.javascript.jscomp.CommandLineRunnerTest.test(CommandLineRunnerTest.java:875)
	at com.google.javascript.jscomp.CommandLineRunnerTest.testIssue504(CommandLineRunnerTest.java:365)
	at sun.reflect.NativeMethodAccessorImpl.invoke0(Native Method)
	at sun.reflect.NativeMethodAccessorImpl.invoke(NativeMethodAccessorImpl.java:57)
	at sun.reflect.DelegatingMethodAccessorImpl.invoke(DelegatingMethodAccessorImpl.java:43)
	at java.lang.reflect.Method.invoke(Method.java:606)
	at junit.framework.TestCase.runTest(TestCase.java:176)
	at junit.framework.TestCase.runBare(TestCase.java:141)
	at junit.framework.TestResult$1.protect(TestResult.java:122)
	at junit.framework.TestResult.runProtected(TestResult.java:142)
	at junit.framework.TestResult.run(TestResult.java:125)
	at junit.framework.TestCase.run(TestCase.java:129)
	at junit.framework.TestSuite.runTest(TestSuite.java:255)
	at junit.framework.TestSuite.run(TestSuite.java:250)
	at org.junit.internal.runners.JUnit38ClassRunner.run(JUnit38ClassRunner.java:84)
	at org.junit.runner.JUnitCore.run(JUnitCore.java:160)
	at org.junit.runner.JUnitCore.run(JUnitCore.java:138)
	at xxl.java.junit.JUnitSingleTestRunner.call(JUnitSingleTestRunner.java:23)
	at xxl.java.junit.JUnitSingleTestRunner.call(JUnitSingleTestRunner.java:10)
	at java.util.concurrent.FutureTask.run(FutureTask.java:262)
	at java.util.concurrent.ThreadPoolExecutor.runWorker(ThreadPoolExecutor.java:1145)
	at java.util.concurrent.ThreadPoolExecutor$Worker.run(ThreadPoolExecutor.java:615)
	at java.lang.Thread.run(Thread.java:745)
Caused by: java.lang.RuntimeException: INTERNAL COMPILER ERROR.
Please report this problem.
null
  Node(CALL): input0:1:23
[source unknown]
  Parent(EXPR_RESULT): input0:1:18
[source unknown]

	at com.google.javascript.jscomp.PeepholeReplaceKnownMethods.tryFoldArrayJoin(PeepholeReplaceKnownMethods.java:265)
	at com.google.javascript.jscomp.PeepholeReplaceKnownMethods.tryFoldKnownMethods(PeepholeReplaceKnownMethods.java:14)
	at com.google.javascript.jscomp.PeepholeReplaceKnownMethods.optimizeSubtree(PeepholeReplaceKnownMethods.java:8)
	at com.google.javascript.jscomp.PeepholeOptimizationsPass.visit(PeepholeOptimizationsPass.java:69)
	at com.google.javascript.jscomp.NodeTraversal.traverseBranch(NodeTraversal.java:464)
	at com.google.javascript.jscomp.NodeTraversal.traverseBranch(NodeTraversal.java:457)
	at com.google.javascript.jscomp.NodeTraversal.traverseBranch(NodeTraversal.java:457)
	at com.google.javascript.jscomp.NodeTraversal.traverseFunction(NodeTraversal.java:502)
	at com.google.javascript.jscomp.NodeTraversal.traverseBranch(NodeTraversal.java:449)
	at com.google.javascript.jscomp.NodeTraversal.traverseBranch(NodeTraversal.java:457)
	at com.google.javascript.jscomp.NodeTraversal.traverseBranch(NodeTraversal.java:457)
	at com.google.javascript.jscomp.NodeTraversal.traverseBranch(NodeTraversal.java:457)
	at com.google.javascript.jscomp.NodeTraversal.traverseBranch(NodeTraversal.java:457)
	at com.google.javascript.jscomp.NodeTraversal.traverseBranch(NodeTraversal.java:457)
	at com.google.javascript.jscomp.NodeTraversal.traverse(NodeTraversal.java:249)
	at com.google.javascript.jscomp.PeepholeOptimizationsPass.process(PeepholeOptimizationsPass.java:57)
	at com.google.javascript.jscomp.PhaseOptimizer$PassFactoryDelegate.processInternal(PhaseOptimizer.java:271)
	at com.google.javascript.jscomp.PhaseOptimizer$NamedPass.process(PhaseOptimizer.java:248)
	at com.google.javascript.jscomp.PhaseOptimizer$LoopInternal.process(PhaseOptimizer.java:334)
	at com.google.javascript.jscomp.PhaseOptimizer.process(PhaseOptimizer.java:167)
	at com.google.javascript.jscomp.Compiler.optimize(Compiler.java:1571)
	at com.google.javascript.jscomp.Compiler.compileInternal(Compiler.java:660)
	at com.google.javascript.jscomp.Compiler.access$000(Compiler.java:68)
	at com.google.javascript.jscomp.Compiler$1.call(Compiler.java:556)
	at com.google.javascript.jscomp.Compiler$1.call(Compiler.java:554)
	at com.google.javascript.jscomp.Compiler$2.run(Compiler.java:597)
	... 1 more
Caused by: java.lang.NullPointerException
	... 27 more
Closure Compiler (http://code.google.com/closure/compiler)
Version: Unversioned directory
Built on: 2017/03/02 11:01
Closure Compiler (http://code.google.com/closure/compiler)
Version: Unversioned directory
Built on: 2017/03/02 11:01
java.lang.RuntimeException: java.lang.RuntimeException: INTERNAL COMPILER ERROR.
Please report this problem.
null
  Node(CALL): input0:1:23
[source unknown]
  Parent(EXPR_RESULT): input0:1:18
[source unknown]

	at com.google.javascript.jscomp.Compiler.runCallable(Compiler.java:625)
	at com.google.javascript.jscomp.Compiler.runInCompilerThread(Compiler.java:571)
	at com.google.javascript.jscomp.Compiler.compile(Compiler.java:554)
	at com.google.javascript.jscomp.Compiler.compile(Compiler.java:513)
	at com.google.javascript.jscomp.AbstractCommandLineRunner.doRun(AbstractCommandLineRunner.java:653)
	at com.google.javascript.jscomp.AbstractCommandLineRunner.run(AbstractCommandLineRunner.java:294)
	at com.google.javascript.jscomp.CommandLineRunnerTest.compile(CommandLineRunnerTest.java:960)
	at com.google.javascript.jscomp.CommandLineRunnerTest.test(CommandLineRunnerTest.java:843)
	at com.google.javascript.jscomp.CommandLineRunnerTest.test(CommandLineRunnerTest.java:875)
	at com.google.javascript.jscomp.CommandLineRunnerTest.testIssue504(CommandLineRunnerTest.java:365)
	at sun.reflect.NativeMethodAccessorImpl.invoke0(Native Method)
	at sun.reflect.NativeMethodAccessorImpl.invoke(NativeMethodAccessorImpl.java:57)
	at sun.reflect.DelegatingMethodAccessorImpl.invoke(DelegatingMethodAccessorImpl.java:43)
	at java.lang.reflect.Method.invoke(Method.java:606)
	at junit.framework.TestCase.runTest(TestCase.java:176)
	at junit.framework.TestCase.runBare(TestCase.java:141)
	at junit.framework.TestResult$1.protect(TestResult.java:122)
	at junit.framework.TestResult.runProtected(TestResult.java:142)
	at junit.framework.TestResult.run(TestResult.java:125)
	at junit.framework.TestCase.run(TestCase.java:129)
	at junit.framework.TestSuite.runTest(TestSuite.java:255)
	at junit.framework.TestSuite.run(TestSuite.java:250)
	at org.junit.internal.runners.JUnit38ClassRunner.run(JUnit38ClassRunner.java:84)
	at org.junit.runner.JUnitCore.run(JUnitCore.java:160)
	at org.junit.runner.JUnitCore.run(JUnitCore.java:138)
	at xxl.java.junit.JUnitSingleTestRunner.call(JUnitSingleTestRunner.java:23)
	at xxl.java.junit.JUnitSingleTestRunner.call(JUnitSingleTestRunner.java:10)
	at java.util.concurrent.FutureTask.run(FutureTask.java:262)
	at java.util.concurrent.ThreadPoolExecutor.runWorker(ThreadPoolExecutor.java:1145)
	at java.util.concurrent.ThreadPoolExecutor$Worker.run(ThreadPoolExecutor.java:615)
	at java.lang.Thread.run(Thread.java:745)
Caused by: java.lang.RuntimeException: INTERNAL COMPILER ERROR.
Please report this problem.
null
  Node(CALL): input0:1:23
[source unknown]
  Parent(EXPR_RESULT): input0:1:18
[source unknown]

	at com.google.javascript.jscomp.PeepholeReplaceKnownMethods.tryFoldArrayJoin(PeepholeReplaceKnownMethods.java:265)
	at com.google.javascript.jscomp.PeepholeReplaceKnownMethods.tryFoldKnownMethods(PeepholeReplaceKnownMethods.java:14)
	at com.google.javascript.jscomp.PeepholeReplaceKnownMethods.optimizeSubtree(PeepholeReplaceKnownMethods.java:8)
	at com.google.javascript.jscomp.PeepholeOptimizationsPass.visit(PeepholeOptimizationsPass.java:69)
	at com.google.javascript.jscomp.NodeTraversal.traverseBranch(NodeTraversal.java:464)
	at com.google.javascript.jscomp.NodeTraversal.traverseBranch(NodeTraversal.java:457)
	at com.google.javascript.jscomp.NodeTraversal.traverseBranch(NodeTraversal.java:457)
	at com.google.javascript.jscomp.NodeTraversal.traverseFunction(NodeTraversal.java:502)
	at com.google.javascript.jscomp.NodeTraversal.traverseBranch(NodeTraversal.java:449)
	at com.google.javascript.jscomp.NodeTraversal.traverseBranch(NodeTraversal.java:457)
	at com.google.javascript.jscomp.NodeTraversal.traverseBranch(NodeTraversal.java:457)
	at com.google.javascript.jscomp.NodeTraversal.traverseBranch(NodeTraversal.java:457)
	at com.google.javascript.jscomp.NodeTraversal.traverseBranch(NodeTraversal.java:457)
	at com.google.javascript.jscomp.NodeTraversal.traverseBranch(NodeTraversal.java:457)
	at com.google.javascript.jscomp.NodeTraversal.traverse(NodeTraversal.java:249)
	at com.google.javascript.jscomp.PeepholeOptimizationsPass.process(PeepholeOptimizationsPass.java:57)
	at com.google.javascript.jscomp.PhaseOptimizer$PassFactoryDelegate.processInternal(PhaseOptimizer.java:271)
	at com.google.javascript.jscomp.PhaseOptimizer$NamedPass.process(PhaseOptimizer.java:248)
	at com.google.javascript.jscomp.PhaseOptimizer$LoopInternal.process(PhaseOptimizer.java:334)
	at com.google.javascript.jscomp.PhaseOptimizer.process(PhaseOptimizer.java:167)
	at com.google.javascript.jscomp.Compiler.optimize(Compiler.java:1571)
	at com.google.javascript.jscomp.Compiler.compileInternal(Compiler.java:660)
	at com.google.javascript.jscomp.Compiler.access$000(Compiler.java:68)
	at com.google.javascript.jscomp.Compiler$1.call(Compiler.java:556)
	at com.google.javascript.jscomp.Compiler$1.call(Compiler.java:554)
	at com.google.javascript.jscomp.Compiler$2.run(Compiler.java:597)
	... 1 more
Caused by: java.lang.NullPointerException
	... 27 more
Closure Compiler (http://code.google.com/closure/compiler)
Version: Unversioned directory
Built on: 2017/03/02 11:01
Closure Compiler (http://code.google.com/closure/compiler)
Version: Unversioned directory
Built on: 2017/03/02 11:01
Closure Compiler (http://code.google.com/closure/compiler)
Version: Unversioned directory
Built on: 2017/03/02 11:01
Closure Compiler (http://code.google.com/closure/compiler)
Version: Unversioned directory
Built on: 2017/03/02 11:01
Closure Compiler (http://code.google.com/closure/compiler)
Version: Unversioned directory
Built on: 2017/03/02 11:01
Closure Compiler (http://code.google.com/closure/compiler)
Version: Unversioned directory
Built on: 2017/03/02 11:01
Closure Compiler (http://code.google.com/closure/compiler)
Version: Unversioned directory
Built on: 2017/03/02 11:01
Closure Compiler (http://code.google.com/closure/compiler)
Version: Unversioned directory
Built on: 2017/03/02 11:01
Closure Compiler (http://code.google.com/closure/compiler)
Version: Unversioned directory
Built on: 2017/03/02 11:01
Closure Compiler (http://code.google.com/closure/compiler)
Version: Unversioned directory
Built on: 2017/03/02 11:01
Closure Compiler (http://code.google.com/closure/compiler)
Version: Unversioned directory
Built on: 2017/03/02 11:01
Closure Compiler (http://code.google.com/closure/compiler)
Version: Unversioned directory
Built on: 2017/03/02 11:01
Closure Compiler (http://code.google.com/closure/compiler)
Version: Unversioned directory
Built on: 2017/03/02 11:01
Closure Compiler (http://code.google.com/closure/compiler)
Version: Unversioned directory
Built on: 2017/03/02 11:01
1207.51user 44.70system 12:19.49elapsed 169%CPU (0avgtext+0avgdata 4221764maxresident)k
0inputs+13696outputs (0major+2962518minor)pagefaults 0swaps
