Running ant (compile)...................................................... OK
Running ant (compile.tests)................................................ OK
mkdir: cannot create directory ‘lib/’: File exists
cp: cannot stat ‘/home/tdurieux/defects4j/framework/projects/Closure/lib/*’: No such file or directory
Picked up JAVA_TOOL_OPTIONS: -Dfile.encoding=UTF8
java.lang.NullPointerException
	at spoon.support.compiler.jdt.JDTTreeBuilder.hasTypeInImports(JDTTreeBuilder.java:415)
	at spoon.support.compiler.jdt.JDTTreeBuilder.getQualifiedTypeReference(JDTTreeBuilder.java:530)
	at spoon.support.compiler.jdt.JDTTreeBuilder.visit(JDTTreeBuilder.java:2257)
	at org.eclipse.jdt.internal.compiler.ast.Argument.traverse(Argument.java:230)
	at spoon.support.compiler.jdt.JDTTreeBuilder.visit(JDTTreeBuilder.java:3058)
	at org.eclipse.jdt.internal.compiler.ast.MethodDeclaration.traverse(MethodDeclaration.java:327)
	at spoon.support.compiler.jdt.JDTTreeBuilder.visit(JDTTreeBuilder.java:3800)
	at org.eclipse.jdt.internal.compiler.ast.TypeDeclaration.traverse(TypeDeclaration.java:1319)
	at org.eclipse.jdt.internal.compiler.ast.CompilationUnitDeclaration.traverse(CompilationUnitDeclaration.java:748)
	at org.eclipse.jdt.internal.compiler.ast.CompilationUnitDeclaration.traverse(CompilationUnitDeclaration.java:709)
	at spoon.support.compiler.jdt.JDTBasedSpoonCompiler.buildSources(JDTBasedSpoonCompiler.java:436)
	at spoon.support.compiler.jdt.JDTBasedSpoonCompiler.build(JDTBasedSpoonCompiler.java:124)
	at spoon.support.compiler.jdt.JDTBasedSpoonCompiler.build(JDTBasedSpoonCompiler.java:107)
	at fr.inria.lille.commons.spoon.util.SpoonModelLibrary.modelFor(SpoonModelLibrary.java:44)
	at fr.inria.lille.commons.spoon.SpoonedFile.<init>(SpoonedFile.java:50)
	at fr.inria.lille.commons.spoon.SpoonedProject.<init>(SpoonedProject.java:17)
	at fr.inria.lille.repair.nopol.NoPol.<init>(NoPol.java:78)
	at fr.inria.lille.repair.nopol.NoPol.<init>(NoPol.java:84)
	at fr.inria.lille.repair.nopol.NoPolLauncher.launch(NoPolLauncher.java:78)
	at fr.inria.lille.repair.Main.main(Main.java:61)
May 16, 2016 6:16:00 PM com.google.javascript.jscomp.LoggerErrorManager println
SEVERE: i0:1: ERROR - @export only applies to symbols/properties defined in the global scope.
/** @constructor */ var X = function() {/** @export */ this.abc = 1;};
                                                       ^

May 16, 2016 6:16:00 PM com.google.javascript.jscomp.LoggerErrorManager printSummary
WARNING: 1 error(s), 0 warning(s)
May 16, 2016 6:16:00 PM com.google.javascript.jscomp.LoggerErrorManager println
SEVERE: ERROR - remove_unused_prototype_properties_in_externs and export_local_property_definitions cannot be used together.

May 16, 2016 6:16:00 PM com.google.javascript.jscomp.LoggerErrorManager printSummary
WARNING: 1 error(s), 0 warning(s)
May 16, 2016 6:16:04 PM com.google.javascript.jscomp.LoggerErrorManager printSummary
INFO: 0 error(s), 0 warning(s), 83.3% typed
May 16, 2016 6:16:04 PM com.google.javascript.jscomp.LoggerErrorManager printSummary
INFO: 0 error(s), 0 warning(s), 100% typed
May 16, 2016 6:16:04 PM com.google.javascript.jscomp.LoggerErrorManager printSummary
INFO: 0 error(s), 0 warning(s), 100% typed
May 16, 2016 6:16:06 PM com.google.javascript.jscomp.LoggerErrorManager println
WARNING: i0:9: WARNING - actual parameter 1 of C.prototype.someMethod does not match formal parameter
found   : number
required: string
x.someMethod(x.someProperty);
             ^

May 16, 2016 6:16:06 PM com.google.javascript.jscomp.LoggerErrorManager printSummary
WARNING: 0 error(s), 1 warning(s), 100% typed
xxl.java.compiler.DynamicCompilationException: Aborting: dynamic compilation failed
	at xxl.java.compiler.DynamicClassCompiler.runCompilationTask(DynamicClassCompiler.java:88)
	at xxl.java.compiler.DynamicClassCompiler.javaBytecodeFor(DynamicClassCompiler.java:56)
	at fr.inria.lille.commons.spoon.SpoonedFile.compilationFor(SpoonedFile.java:177)
	at fr.inria.lille.commons.spoon.SpoonedFile.compileModelledClasses(SpoonedFile.java:154)
	at fr.inria.lille.commons.spoon.SpoonedFile.processModelledClasses(SpoonedFile.java:138)
	at fr.inria.lille.commons.spoon.SpoonedFile.process(SpoonedFile.java:128)
	at fr.inria.lille.commons.spoon.SpoonedFile.process(SpoonedFile.java:124)
	at fr.inria.lille.repair.nopol.synth.DefaultSynthesizer.buildPatch(DefaultSynthesizer.java:94)
	at fr.inria.lille.repair.nopol.NoPol.solveWithMultipleBuild(NoPol.java:185)
	at fr.inria.lille.repair.nopol.NoPol.build(NoPol.java:119)
	at fr.inria.lille.repair.nopol.NoPol.build(NoPol.java:89)
	at fr.inria.lille.repair.nopol.NoPolLauncher.launch(NoPolLauncher.java:84)
	at fr.inria.lille.repair.Main.main(Main.java:61)
java.lang.NullPointerException
	at com.google.javascript.jscomp.TypedScopeCreator$AbstractScopeBuilder.finishConstructorDefinition(TypedScopeCreator.java:737)
	at com.google.javascript.jscomp.TypedScopeCreator$AbstractScopeBuilder.defineSlot(TypedScopeCreator.java:677)
	at com.google.javascript.jscomp.TypedScopeCreator$AbstractScopeBuilder.defineSlot(TypedScopeCreator.java:642)
	at com.google.javascript.jscomp.TypedScopeCreator$AbstractScopeBuilder.defineSlot(TypedScopeCreator.java:632)
	at com.google.javascript.jscomp.TypedScopeCreator$AbstractScopeBuilder.defineFunctionLiteral(TypedScopeCreator.java:473)
	at com.google.javascript.jscomp.TypedScopeCreator$AbstractScopeBuilder.shouldTraverse(TypedScopeCreator.java:262)
	at com.google.javascript.jscomp.NodeTraversal.traverseBranch(NodeTraversal.java:523)
	at com.google.javascript.jscomp.NodeTraversal.traverseBranch(NodeTraversal.java:534)
	at com.google.javascript.jscomp.NodeTraversal.traverseBranch(NodeTraversal.java:534)
	at com.google.javascript.jscomp.NodeTraversal.traverse(NodeTraversal.java:287)
	at com.google.javascript.jscomp.NodeTraversal.traverse(NodeTraversal.java:494)
	at com.google.javascript.jscomp.TypedScopeCreator.createScope(TypedScopeCreator.java:81)
	at com.google.javascript.jscomp.MemoizedScopeCreator.createScope(MemoizedScopeCreator.java:82)
	at com.google.javascript.jscomp.TypeCheck.processForTesting(TypeCheck.java:405)
	at com.google.javascript.jscomp.CompilerTestCase.test(CompilerTestCase.java:824)
	at com.google.javascript.jscomp.CompilerTestCase.test(CompilerTestCase.java:477)
	at com.google.javascript.jscomp.CompilerTestCase.test(CompilerTestCase.java:403)
	at com.google.javascript.jscomp.CompilerTestCase.test(CompilerTestCase.java:372)
	at com.google.javascript.jscomp.CompilerTestCase.test(CompilerTestCase.java:360)
	at com.google.javascript.jscomp.DisambiguatePropertiesTest.testSets(DisambiguatePropertiesTest.java:1371)
	at com.google.javascript.jscomp.DisambiguatePropertiesTest.testTwoTypes4(DisambiguatePropertiesTest.java:258)
	at sun.reflect.NativeMethodAccessorImpl.invoke0(Native Method)
	at sun.reflect.NativeMethodAccessorImpl.invoke(NativeMethodAccessorImpl.java:57)
	at sun.reflect.DelegatingMethodAccessorImpl.invoke(DelegatingMethodAccessorImpl.java:43)
	at java.lang.reflect.Method.invoke(Method.java:606)
	at junit.framework.TestCase.runTest(TestCase.java:176)
	at junit.framework.TestCase.runBare(TestCase.java:141)
	at junit.framework.TestResult$1.protect(TestResult.java:122)
	at junit.framework.TestResult.runProtected(TestResult.java:142)
	at junit.framework.TestResult.run(TestResult.java:125)
	at junit.framework.TestCase.run(TestCase.java:129)
	at junit.framework.TestSuite.runTest(TestSuite.java:255)
	at junit.framework.TestSuite.run(TestSuite.java:250)
	at org.junit.internal.runners.JUnit38ClassRunner.run(JUnit38ClassRunner.java:84)
	at org.junit.runner.JUnitCore.run(JUnitCore.java:160)
	at org.junit.runner.JUnitCore.run(JUnitCore.java:138)
	at xxl.java.junit.JUnitSingleTestRunner.call(JUnitSingleTestRunner.java:23)
	at xxl.java.junit.JUnitSingleTestRunner.call(JUnitSingleTestRunner.java:10)
	at java.util.concurrent.FutureTask.run(FutureTask.java:262)
	at java.util.concurrent.ThreadPoolExecutor.runWorker(ThreadPoolExecutor.java:1145)
	at java.util.concurrent.ThreadPoolExecutor$Worker.run(ThreadPoolExecutor.java:615)
	at java.lang.Thread.run(Thread.java:745)
java.lang.NullPointerException
	at com.google.javascript.jscomp.TypedScopeCreator$AbstractScopeBuilder.finishConstructorDefinition(TypedScopeCreator.java:737)
	at com.google.javascript.jscomp.TypedScopeCreator$AbstractScopeBuilder.defineSlot(TypedScopeCreator.java:677)
	at com.google.javascript.jscomp.TypedScopeCreator$AbstractScopeBuilder.defineSlot(TypedScopeCreator.java:642)
	at com.google.javascript.jscomp.TypedScopeCreator$AbstractScopeBuilder.defineSlot(TypedScopeCreator.java:632)
	at com.google.javascript.jscomp.TypedScopeCreator$AbstractScopeBuilder.defineFunctionLiteral(TypedScopeCreator.java:473)
	at com.google.javascript.jscomp.TypedScopeCreator$AbstractScopeBuilder.shouldTraverse(TypedScopeCreator.java:262)
	at com.google.javascript.jscomp.NodeTraversal.traverseBranch(NodeTraversal.java:523)
	at com.google.javascript.jscomp.NodeTraversal.traverseBranch(NodeTraversal.java:534)
	at com.google.javascript.jscomp.NodeTraversal.traverseBranch(NodeTraversal.java:534)
	at com.google.javascript.jscomp.NodeTraversal.traverse(NodeTraversal.java:287)
	at com.google.javascript.jscomp.NodeTraversal.traverse(NodeTraversal.java:494)
	at com.google.javascript.jscomp.TypedScopeCreator.createScope(TypedScopeCreator.java:81)
	at com.google.javascript.jscomp.MemoizedScopeCreator.createScope(MemoizedScopeCreator.java:82)
	at com.google.javascript.jscomp.TypeCheck.processForTesting(TypeCheck.java:405)
	at com.google.javascript.jscomp.CompilerTestCase.test(CompilerTestCase.java:824)
	at com.google.javascript.jscomp.CompilerTestCase.test(CompilerTestCase.java:477)
	at com.google.javascript.jscomp.CompilerTestCase.test(CompilerTestCase.java:403)
	at com.google.javascript.jscomp.CompilerTestCase.test(CompilerTestCase.java:372)
	at com.google.javascript.jscomp.CompilerTestCase.test(CompilerTestCase.java:360)
	at com.google.javascript.jscomp.DisambiguatePropertiesTest.testSets(DisambiguatePropertiesTest.java:1371)
	at com.google.javascript.jscomp.DisambiguatePropertiesTest.testOneType4(DisambiguatePropertiesTest.java:128)
	at sun.reflect.NativeMethodAccessorImpl.invoke0(Native Method)
	at sun.reflect.NativeMethodAccessorImpl.invoke(NativeMethodAccessorImpl.java:57)
	at sun.reflect.DelegatingMethodAccessorImpl.invoke(DelegatingMethodAccessorImpl.java:43)
	at java.lang.reflect.Method.invoke(Method.java:606)
	at junit.framework.TestCase.runTest(TestCase.java:176)
	at junit.framework.TestCase.runBare(TestCase.java:141)
	at junit.framework.TestResult$1.protect(TestResult.java:122)
	at junit.framework.TestResult.runProtected(TestResult.java:142)
	at junit.framework.TestResult.run(TestResult.java:125)
	at junit.framework.TestCase.run(TestCase.java:129)
	at junit.framework.TestSuite.runTest(TestSuite.java:255)
	at junit.framework.TestSuite.run(TestSuite.java:250)
	at org.junit.internal.runners.JUnit38ClassRunner.run(JUnit38ClassRunner.java:84)
	at org.junit.runner.JUnitCore.run(JUnitCore.java:160)
	at org.junit.runner.JUnitCore.run(JUnitCore.java:138)
	at xxl.java.junit.JUnitSingleTestRunner.call(JUnitSingleTestRunner.java:23)
	at xxl.java.junit.JUnitSingleTestRunner.call(JUnitSingleTestRunner.java:10)
	at java.util.concurrent.FutureTask.run(FutureTask.java:262)
	at java.util.concurrent.ThreadPoolExecutor.runWorker(ThreadPoolExecutor.java:1145)
	at java.util.concurrent.ThreadPoolExecutor$Worker.run(ThreadPoolExecutor.java:615)
	at java.lang.Thread.run(Thread.java:745)
java.lang.NullPointerException
	at com.google.javascript.jscomp.TypedScopeCreator$AbstractScopeBuilder.finishConstructorDefinition(TypedScopeCreator.java:737)
	at com.google.javascript.jscomp.TypedScopeCreator$AbstractScopeBuilder.defineSlot(TypedScopeCreator.java:677)
	at com.google.javascript.jscomp.TypedScopeCreator$AbstractScopeBuilder.defineSlot(TypedScopeCreator.java:642)
	at com.google.javascript.jscomp.TypedScopeCreator$AbstractScopeBuilder.defineSlot(TypedScopeCreator.java:632)
	at com.google.javascript.jscomp.TypedScopeCreator$AbstractScopeBuilder.defineFunctionLiteral(TypedScopeCreator.java:473)
	at com.google.javascript.jscomp.TypedScopeCreator$AbstractScopeBuilder.shouldTraverse(TypedScopeCreator.java:262)
	at com.google.javascript.jscomp.NodeTraversal.traverseBranch(NodeTraversal.java:523)
	at com.google.javascript.jscomp.NodeTraversal.traverseBranch(NodeTraversal.java:534)
	at com.google.javascript.jscomp.NodeTraversal.traverseBranch(NodeTraversal.java:534)
	at com.google.javascript.jscomp.NodeTraversal.traverse(NodeTraversal.java:287)
	at com.google.javascript.jscomp.NodeTraversal.traverse(NodeTraversal.java:494)
	at com.google.javascript.jscomp.TypedScopeCreator.createScope(TypedScopeCreator.java:81)
	at com.google.javascript.jscomp.MemoizedScopeCreator.createScope(MemoizedScopeCreator.java:82)
	at com.google.javascript.jscomp.TypeCheck.processForTesting(TypeCheck.java:405)
	at com.google.javascript.jscomp.CompilerTestCase.test(CompilerTestCase.java:824)
	at com.google.javascript.jscomp.CompilerTestCase.test(CompilerTestCase.java:477)
	at com.google.javascript.jscomp.CompilerTestCase.test(CompilerTestCase.java:403)
	at com.google.javascript.jscomp.CompilerTestCase.test(CompilerTestCase.java:372)
	at com.google.javascript.jscomp.CompilerTestCase.test(CompilerTestCase.java:360)
	at com.google.javascript.jscomp.DisambiguatePropertiesTest.testSets(DisambiguatePropertiesTest.java:1371)
	at com.google.javascript.jscomp.DisambiguatePropertiesTest.testTwoTypes4(DisambiguatePropertiesTest.java:258)
	at sun.reflect.NativeMethodAccessorImpl.invoke0(Native Method)
	at sun.reflect.NativeMethodAccessorImpl.invoke(NativeMethodAccessorImpl.java:57)
	at sun.reflect.DelegatingMethodAccessorImpl.invoke(DelegatingMethodAccessorImpl.java:43)
	at java.lang.reflect.Method.invoke(Method.java:606)
	at junit.framework.TestCase.runTest(TestCase.java:176)
	at junit.framework.TestCase.runBare(TestCase.java:141)
	at junit.framework.TestResult$1.protect(TestResult.java:122)
	at junit.framework.TestResult.runProtected(TestResult.java:142)
	at junit.framework.TestResult.run(TestResult.java:125)
	at junit.framework.TestCase.run(TestCase.java:129)
	at junit.framework.TestSuite.runTest(TestSuite.java:255)
	at junit.framework.TestSuite.run(TestSuite.java:250)
	at org.junit.internal.runners.JUnit38ClassRunner.run(JUnit38ClassRunner.java:84)
	at org.junit.runner.JUnitCore.run(JUnitCore.java:160)
	at org.junit.runner.JUnitCore.run(JUnitCore.java:138)
	at xxl.java.junit.JUnitSingleTestRunner.call(JUnitSingleTestRunner.java:23)
	at xxl.java.junit.JUnitSingleTestRunner.call(JUnitSingleTestRunner.java:10)
	at java.util.concurrent.FutureTask.run(FutureTask.java:262)
	at java.util.concurrent.ThreadPoolExecutor.runWorker(ThreadPoolExecutor.java:1145)
	at java.util.concurrent.ThreadPoolExecutor$Worker.run(ThreadPoolExecutor.java:615)
	at java.lang.Thread.run(Thread.java:745)
java.lang.NullPointerException
	at com.google.javascript.jscomp.TypedScopeCreator$AbstractScopeBuilder.finishConstructorDefinition(TypedScopeCreator.java:737)
	at com.google.javascript.jscomp.TypedScopeCreator$AbstractScopeBuilder.defineSlot(TypedScopeCreator.java:677)
	at com.google.javascript.jscomp.TypedScopeCreator$AbstractScopeBuilder.defineSlot(TypedScopeCreator.java:642)
	at com.google.javascript.jscomp.TypedScopeCreator$AbstractScopeBuilder.defineSlot(TypedScopeCreator.java:632)
	at com.google.javascript.jscomp.TypedScopeCreator$AbstractScopeBuilder.defineFunctionLiteral(TypedScopeCreator.java:473)
	at com.google.javascript.jscomp.TypedScopeCreator$AbstractScopeBuilder.shouldTraverse(TypedScopeCreator.java:262)
	at com.google.javascript.jscomp.NodeTraversal.traverseBranch(NodeTraversal.java:523)
	at com.google.javascript.jscomp.NodeTraversal.traverseBranch(NodeTraversal.java:534)
	at com.google.javascript.jscomp.NodeTraversal.traverseBranch(NodeTraversal.java:534)
	at com.google.javascript.jscomp.NodeTraversal.traverse(NodeTraversal.java:287)
	at com.google.javascript.jscomp.NodeTraversal.traverse(NodeTraversal.java:494)
	at com.google.javascript.jscomp.TypedScopeCreator.createScope(TypedScopeCreator.java:81)
	at com.google.javascript.jscomp.MemoizedScopeCreator.createScope(MemoizedScopeCreator.java:82)
	at com.google.javascript.jscomp.TypeCheck.processForTesting(TypeCheck.java:405)
	at com.google.javascript.jscomp.CompilerTestCase.test(CompilerTestCase.java:824)
	at com.google.javascript.jscomp.CompilerTestCase.test(CompilerTestCase.java:477)
	at com.google.javascript.jscomp.CompilerTestCase.test(CompilerTestCase.java:403)
	at com.google.javascript.jscomp.CompilerTestCase.test(CompilerTestCase.java:372)
	at com.google.javascript.jscomp.CompilerTestCase.test(CompilerTestCase.java:360)
	at com.google.javascript.jscomp.DisambiguatePropertiesTest.testSets(DisambiguatePropertiesTest.java:1371)
	at com.google.javascript.jscomp.DisambiguatePropertiesTest.testTwoTypes4(DisambiguatePropertiesTest.java:258)
	at sun.reflect.NativeMethodAccessorImpl.invoke0(Native Method)
	at sun.reflect.NativeMethodAccessorImpl.invoke(NativeMethodAccessorImpl.java:57)
	at sun.reflect.DelegatingMethodAccessorImpl.invoke(DelegatingMethodAccessorImpl.java:43)
	at java.lang.reflect.Method.invoke(Method.java:606)
	at junit.framework.TestCase.runTest(TestCase.java:176)
	at junit.framework.TestCase.runBare(TestCase.java:141)
	at junit.framework.TestResult$1.protect(TestResult.java:122)
	at junit.framework.TestResult.runProtected(TestResult.java:142)
	at junit.framework.TestResult.run(TestResult.java:125)
	at junit.framework.TestCase.run(TestCase.java:129)
	at junit.framework.TestSuite.runTest(TestSuite.java:255)
	at junit.framework.TestSuite.run(TestSuite.java:250)
	at org.junit.internal.runners.JUnit38ClassRunner.run(JUnit38ClassRunner.java:84)
	at org.junit.runner.JUnitCore.run(JUnitCore.java:160)
	at org.junit.runner.JUnitCore.run(JUnitCore.java:138)
	at xxl.java.junit.JUnitSingleTestRunner.call(JUnitSingleTestRunner.java:23)
	at xxl.java.junit.JUnitSingleTestRunner.call(JUnitSingleTestRunner.java:10)
	at java.util.concurrent.FutureTask.run(FutureTask.java:262)
	at java.util.concurrent.ThreadPoolExecutor.runWorker(ThreadPoolExecutor.java:1145)
	at java.util.concurrent.ThreadPoolExecutor$Worker.run(ThreadPoolExecutor.java:615)
	at java.lang.Thread.run(Thread.java:745)
java.lang.NullPointerException
	at com.google.javascript.jscomp.TypedScopeCreator$AbstractScopeBuilder.finishConstructorDefinition(TypedScopeCreator.java:737)
	at com.google.javascript.jscomp.TypedScopeCreator$AbstractScopeBuilder.defineSlot(TypedScopeCreator.java:677)
	at com.google.javascript.jscomp.TypedScopeCreator$AbstractScopeBuilder.defineSlot(TypedScopeCreator.java:642)
	at com.google.javascript.jscomp.TypedScopeCreator$AbstractScopeBuilder.defineSlot(TypedScopeCreator.java:632)
	at com.google.javascript.jscomp.TypedScopeCreator$AbstractScopeBuilder.defineFunctionLiteral(TypedScopeCreator.java:473)
	at com.google.javascript.jscomp.TypedScopeCreator$AbstractScopeBuilder.shouldTraverse(TypedScopeCreator.java:262)
	at com.google.javascript.jscomp.NodeTraversal.traverseBranch(NodeTraversal.java:523)
	at com.google.javascript.jscomp.NodeTraversal.traverseBranch(NodeTraversal.java:534)
	at com.google.javascript.jscomp.NodeTraversal.traverseBranch(NodeTraversal.java:534)
	at com.google.javascript.jscomp.NodeTraversal.traverse(NodeTraversal.java:287)
	at com.google.javascript.jscomp.NodeTraversal.traverse(NodeTraversal.java:494)
	at com.google.javascript.jscomp.TypedScopeCreator.createScope(TypedScopeCreator.java:81)
	at com.google.javascript.jscomp.MemoizedScopeCreator.createScope(MemoizedScopeCreator.java:82)
	at com.google.javascript.jscomp.TypeCheck.processForTesting(TypeCheck.java:405)
	at com.google.javascript.jscomp.CompilerTestCase.test(CompilerTestCase.java:824)
	at com.google.javascript.jscomp.CompilerTestCase.test(CompilerTestCase.java:477)
	at com.google.javascript.jscomp.CompilerTestCase.test(CompilerTestCase.java:403)
	at com.google.javascript.jscomp.CompilerTestCase.test(CompilerTestCase.java:372)
	at com.google.javascript.jscomp.CompilerTestCase.test(CompilerTestCase.java:360)
	at com.google.javascript.jscomp.DisambiguatePropertiesTest.testSets(DisambiguatePropertiesTest.java:1371)
	at com.google.javascript.jscomp.DisambiguatePropertiesTest.testOneType4(DisambiguatePropertiesTest.java:128)
	at sun.reflect.NativeMethodAccessorImpl.invoke0(Native Method)
	at sun.reflect.NativeMethodAccessorImpl.invoke(NativeMethodAccessorImpl.java:57)
	at sun.reflect.DelegatingMethodAccessorImpl.invoke(DelegatingMethodAccessorImpl.java:43)
	at java.lang.reflect.Method.invoke(Method.java:606)
	at junit.framework.TestCase.runTest(TestCase.java:176)
	at junit.framework.TestCase.runBare(TestCase.java:141)
	at junit.framework.TestResult$1.protect(TestResult.java:122)
	at junit.framework.TestResult.runProtected(TestResult.java:142)
	at junit.framework.TestResult.run(TestResult.java:125)
	at junit.framework.TestCase.run(TestCase.java:129)
	at junit.framework.TestSuite.runTest(TestSuite.java:255)
	at junit.framework.TestSuite.run(TestSuite.java:250)
	at org.junit.internal.runners.JUnit38ClassRunner.run(JUnit38ClassRunner.java:84)
	at org.junit.runner.JUnitCore.run(JUnitCore.java:160)
	at org.junit.runner.JUnitCore.run(JUnitCore.java:138)
	at xxl.java.junit.JUnitSingleTestRunner.call(JUnitSingleTestRunner.java:23)
	at xxl.java.junit.JUnitSingleTestRunner.call(JUnitSingleTestRunner.java:10)
	at java.util.concurrent.FutureTask.run(FutureTask.java:262)
	at java.util.concurrent.ThreadPoolExecutor.runWorker(ThreadPoolExecutor.java:1145)
	at java.util.concurrent.ThreadPoolExecutor$Worker.run(ThreadPoolExecutor.java:615)
	at java.lang.Thread.run(Thread.java:745)
java.lang.RuntimeException: java.util.concurrent.TimeoutException
	at xxl.java.junit.TestSuiteExecution.executionResult(TestSuiteExecution.java:97)
	at xxl.java.junit.TestSuiteExecution.runTestCase(TestSuiteExecution.java:36)
	at xxl.java.junit.TestSuiteExecution.runTestCases(TestSuiteExecution.java:81)
	at fr.inria.lille.repair.nopol.synth.ConstraintModelBuilder.buildFor(ConstraintModelBuilder.java:82)
	at fr.inria.lille.repair.nopol.synth.DefaultSynthesizer.buildPatch(DefaultSynthesizer.java:67)
	at fr.inria.lille.repair.nopol.NoPol.solveWithMultipleBuild(NoPol.java:185)
	at fr.inria.lille.repair.nopol.NoPol.build(NoPol.java:119)
	at fr.inria.lille.repair.nopol.NoPol.build(NoPol.java:89)
	at fr.inria.lille.repair.nopol.NoPolLauncher.launch(NoPolLauncher.java:84)
	at fr.inria.lille.repair.Main.main(Main.java:61)
Caused by: java.util.concurrent.TimeoutException
	at java.util.concurrent.FutureTask.get(FutureTask.java:201)
	at xxl.java.junit.TestSuiteExecution.executionResult(TestSuiteExecution.java:90)
	... 9 more
## OAR [2016-05-16 21:02:34] Job 988987 KILLED ##
